Shoreburn Greencliff Redlake Bluelake Ironhedge Summermage Wintercourt Springwynne Pinepond Redwell Erilyn Whiteelf Shorebarrow Violetley Blackburn Springburn Springfox Snowwinter Wintershore Newley Barrowdale Snowsage Greyice Aelbush Goldcrest Lightmere Osttown Oldmoor Mistwick Fallden Westerlight Bushgate Corbank Bluedell Greenshore Roseacre Aldbay Strongford Cleargrass Fairice Freymere Buttermead Rosebeech Linville Morwald Clearland Deephedge Fairfort Ironshore Ironriver Newmill Stoneglass Hollowwynne Lochmage Marblehaven Courtwall Fallwilde Aldley Woodice Eastcastle Mallowway Icebridge Mistshore Shadowhaven Valhaven Starryhill Wellbank Highhaven Coldedge Wildemill Windkeep Wolflea Eriwall Greygrass Silverlea Butterway Esterash Seamoor Aelmoor Deerdell Foxvale Rosemoor Silverwitch Shadowgrass Southpine Deephollow Icecoast Goldsea Ostham Irondeer Fogmarsh Applecastle Morwall Highwell Bellhollow Starrywolf Silverbarrow Violetrose Iceelf Stoneiron Wellmage Bluewyn Brightelf Stonewolf Eastwald Redby Courtbush Oakmere Butterbush Fogland Orbarrow Rosegate Esterfall Springfalcon Courtedge Lightkeep Blackbush Fairsage Strongfall Bluebeech Strongdell Stonecrystal Shoreburn
76
Shoreburn Shoreburn
Redlake Redlake
Bluelake Bluelake
Summermage Summermage
Pinepond Northriver
Redwell Redwell
Erilyn Erilyn
Shorebarrow Highmont
Violetley Violetley
Springfox Springfox
Newley Newley
Snowsage Snowsage Goldwyvern
Greyice Greyice Mallowness
Goldcrest Goldcrest Stonefair
Lightmere Lightmere
Osttown Southwheat Verthedge
Oldmoor Oldmoor Wooddell
Mistwick Westmill
Westerlight Westerlight
Bushgate Bushgate
Corbank Corbank
Bluedell Bluedell
Greenshore Greenshore
Fairice Fairice
Freymere Freymere Northwynne
Buttermead Buttermead
Morwald Morwald
Clearland Clearland
Deephedge Deephedge
Ironshore Ironshore
Ironriver Ironriver Mallowbridge
Newmill Newmill Rosemill
Stoneglass Stoneglass
Lochmage Lochmage Butterhill
Courtwall Courtwall Flowerfield
Woodice Woodice
Eastcastle Eastcastle
Mallowway Mallowway
Mistshore Mistshore Dellwyn
Valhaven Valhaven
Starryhill Starryhill Ostwynne
Wellbank Wellbank
Highhaven Janholt
Wolflea Wolflea
Eriwall Eriwall
Silverlea Silverlea
Butterway Butterway
Esterash Esterash
Seamoor Seamoor
Aelmoor Flowermill
Foxvale Foxvale
Silverwitch Silverwitch
Southpine Southpine
Icecoast Icenesse
Goldsea Bluedale
Irondeer Irondeer Newby Freyview
Applecastle Applecastle Violetfay
Morwall Morwall
Highwell Courtcastle
Silverbarrow Silverbarrow Snowshore
Wellmage Wellmage
Bluewyn Bluewyn
Eastwald Marbleiron
Oakmere Oakmere Greensummer Orfort
Butterbush Butterbush
Fogland Fogland Wildemarsh Brightrock
Orbarrow Orbarrow
Rosegate Rosegate
Esterfall Esterfall
Courtedge Courtedge Coldville
Blackbush Blackbush Clearnesse Fieldedge
Fairsage Fairsage
Strongfall Strongfall
Bluebeech Westvale
Strongdell Brightmere
Stonecrystal Foxhaven Windbridge
