Brightmere Windbridge Morwall Orbarrow Verthedge Esterash Stonefair Seamoor Brightrock Rosegate Wildemarsh Marbleiron Strongfall Eastcastle Courtcastle Bluewyn Flowerfield Newley Freyview Bluedell Butterbush Highmont Mallowness Janholt Buttermead Foxhaven Courtedge Morwald Ironriver Greyice Mallowway Ostwynne Wellmage Corbank Wellbank Oakmere Northriver Foxvale Snowsage Greensummer Orfort Oldmoor Butterway Lightmere Wooddell Shoreburn Flowermill Newby Erilyn Westerlight Southpine Wolflea Mallowbridge Deephedge Woodice Eriwall Fairsage Dellwyn Fairice Greenshore Brightmere
39
Brightmere Brightmere
Windbridge Lochmage
Morwall Morwall
Verthedge Ironshore
Esterash Esterash
Stonefair Stonefair Clearnesse
Seamoor Westvale
Wildemarsh Wildemarsh
Marbleiron Marbleiron
Eastcastle Eastcastle
Courtcastle Courtcastle
Newley Newley
Freyview Freyview
Bluedell Bluedell Courtwall
Butterbush Butterbush Westmill
Highmont Stoneglass
Buttermead Buttermead
Foxhaven Foxhaven
Courtedge Rosemill
Morwald Morwald
Ironriver Ironriver
Greyice Greyice Valhaven
Mallowway Irondeer
Wellmage Wellmage Southwheat
Corbank Corbank Goldwyvern
Oakmere Oakmere
Foxvale Foxvale
Oldmoor Oldmoor
Lightmere Lightmere Esterfall
Shoreburn Shoreburn
Newby Newby
Erilyn Erilyn Violetley Clearland
Westerlight Westerlight
Wolflea Wolflea Bushgate
Woodice Woodice Snowshore
Eriwall Eriwall
Fairsage Fairsage
Dellwyn Dellwyn
Greenshore Greenshore
