FacultyClub Durham HealthServices VLSB BerkeleyLawLibrary MartinezCommons PhysicsLibrary NorthGate UniversityHouse SproulPlaza FoundersRock CesarChavez OBrien Koshland MelvinLaboratory Campbell FPF Birge Wellman WooHonFai Bowles Stanley BioscienceLibrary Hilgard HearstGreekTheatre Stanley AlumniHouse MediaCenter IdaHouse ArtHistoryLibrary Durant BancroftDance NewspapersLibrary Evans Mulford McCone EnergyBuilding Davis HearstGym Unit3 BerkeleyWayWest Jacobs FoxCottage Bechtel Latimer Boalt EngineeringLibrary VisualCenter MLK Etcheverry SocialLibrary Hildebrand DonnerLaboratory SpringerGateway Underhill UpperHearstParking Morrison Stephens AndersenAuditorium HearstFountain EthnicLibrary HearstFieldAnnex Sproul AnthropologyLibrary EarthLibrary StudentUnion SutardjaDai OptometryLibrary BanwayBuilding TAAP Warren IRLE Cheit FacultyClub
41
FacultyClub FacultyClub EarthquakeLibrary
Durham Durham
MartinezCommons MartinezCommons Investigative
UniversityHouse UniversityHouse
SproulPlaza SproulPlaza
OBrien OBrien
Koshland Koshland
MelvinLaboratory MelvinLaboratory
FPF FPF
Birge Birge
BioscienceLibrary BioscienceLibrary
Hilgard Hilgard
MediaCenter MediaCenter
ArtHistoryLibrary ArtHistoryLibrary
BancroftDance BancroftDance
NewspapersLibrary NewspapersLibrary LawrenceofScience
Evans Spieker
Mulford Mulford
McCone InternationalHouse
EnergyBuilding EnergyBuilding
HearstGym HearstGym
Unit3 Unit3 Manville
Jacobs Jacobs Pimentel
Bechtel BrainImagingCenter
MLK CITRIS
Etcheverry Etcheverry
DonnerLaboratory DonnerLaboratory
SpringerGateway SpringerGateway
Morrison Morrison
Stephens Stephens
AndersenAuditorium AndersenAuditorium
HearstFountain CareerCenter StowPlaza
Sproul Sproul
AnthropologyLibrary AnthropologyLibrary
EarthLibrary EarthLibrary
StudentUnion StudentUnion
SutardjaDai SutardjaDai
OptometryLibrary OptometryLibrary Library
Warren Warren PacificFilmArchive
IRLE IRLE
Cheit Cheit Wheeler
