K AL CK AL DC R DY AU GL AU GH H T H AZ EQ FF DE EJ AW EL AK DG FZ C AI P BQ Q BE G BT M AH FP A BV AG DD BY DV AF J CO FM EM AR GS DH GR BW EO DB CO J CS DA G EP FH F AS FW AP U GN AV EC AP F FH BE AT EW BE BC CA Z EE Z CA CE EN CP B BZ BC CI AO CJ BC BE BI I BI AC O BS CC BI FA AQ BA BI FI CB BE BN BK CD ER FT GV FT BK GC BN EX BN FR Y FN X GJ CN Q BQ P ES C ET C FZ D EY BP DC AY CQ CT BR AL K GG BX K
76
K K
AL AL AX
CK CK CV
R R
AU AU
H H
T T
AZ AZ BJ BM
AW AW
AK AK
DG BD
C C
AI AI
P P
BQ BQ
Q Q
BE BE
G G
BT BT
M M
AH AH
A A
BV BV
AG AG
BY BY
AF AF
J J
CO CO
AR AR
BW BW
EO AE
CS CS
F F
AS AS
AP AP CU
U U
AV AV
AT AT
EW AJ
BC BC N
CA CA
Z Z CL
CE CE
CP CP
B B
BZ BZ V
CI CI
AO AO
CJ CJ CM
BI BI
I I BB
AC AC W
O O AM BU
BS BS
CC CC BF
AQ AQ
BA BA AB
CB CB
BN BN
BK BK
CD CD
GC BO
EX AA
FR S CG
Y Y L BG BH
X X
CN CN CF
ES CR
D D
EY AN
BP BP
AY AY E
CQ CQ
CT CT
BR BR BL CH
BX BX AD
