lllIl1I 11IIII1 11Il1l1 lllllII l1IllI1 lll1111 l1lll11 11lII11 l1lllll lI1l111 11111lI lI1Ill1 Il11II1 l1IIl1l I1ll1II 1llI111 lll1I1l 1llI111 I11I111 1I1IIIl 11Il1l1 lII111l 1111I11 I11lIlI 111lI1I 111l1II IlIl1I1 IIlI1lI lIIl11l II11l1l lIl111I II11l1l IIl1l1I II11l1l IlIIIIl lI1lII1 l11llll lI1lII1 II11l1l IIlI1lI llIIII1 l1l1l1l I111I1I 11Il111 111lI1I 1111I11 lII111l I1Ill1I 1ll1ll1 lIlllIl 11lI11I 1l11lII 11I1llI IlI1II1 Ill1I11 1Ill1II Ill1I11 1I1I1lI l1I111I lI11III Il1Il1I lI11III 1Il1lIl I1lIlII Ill11I1 l1III1I IIl111I l1III1I Ill11I1 11I1llI lIlllIl 1ll1ll1 I1Ill1I I1llII1 I1Ill1I 11IIII1 lllIl1I
36
11IIII1 11IIII1
11Il1l1 1I1lllI
l1IllI1 l1IllI1 IlI1Il1
l1lll11 l1lll11 l1Ill11
11lII11 1l1lIlI
l1lllll l1lllll 1IlIl1I
lI1l111 lI1l111 1I1l1Il 1I11Ill
11111lI 11111lI
lI1Ill1 I11111l
l1IIl1l l1IIl1l
I1ll1II I1ll1II
1llI111 1llI111
lll1I1l lll1I1l lIllIll
I11I111 I11I111 ll111ll
1I1IIIl III1llI
lII111l lII111l
1111I11 llI1lII l1l11l1
111lI1I 111lI1I
IIlI1lI II1Il1I
lIIl11l lIIl11l 1I1I1l1
II11l1l II11l1l lIIlII1
lIl111I lIl111I
IIl1l1I IIl1l1I I1llll1
llIIII1 llIIII1
l1l1l1l I11I11l
I111I1I I111I1I
11lI11I 11lI11I
1l11lII 1l11lII
IlI1II1 IlI1II1 III111I
Ill1I11 Ill1I11
1I1I1lI 1I1I1lI
l1I111I l1I111I 1lIl11I
lI11III lI11III
Il1Il1I Il1Il1I IIlIllI
I1lIlII Ill11II
I1llII1 I1llII1
