92 8 38 25 22 23 32 23 22 25 73 76 49 63 20 53 44 70 65 86 17 70 44 75 62 80 60 36 60 40 4 40 7 60 80 44 53 20 63 49 84 16 24 30 27 67 30 46 10 35 34 14 15 54 31 41 56 1 77 69 31 54 8 79 26 0 6 99 9 2 52 64 58 2 9 74 9 91 5 12 29 91 9 37 78 37 92
42
92 92
8 89
38 38
25 25
22 22
32 83
73 73
76 76
20 20
44 44
65 65
75 75
62 59
80 80
60 60
36 36
40 40
84 84
16 16
24 24
30 30
67 67
46 46
34 94
14 14
15 15
54 54
31 31
41 41
56 56
1 47 57
77 77
79 79
26 26 71
6 6
9 9
2 2 95
74 74 11
91 91
12 12 50
29 29 21 43 82
37 37
