845LWU7Kg6167HQY i7lmV5iDIgl5f 96Ta5ZXc8I5gnTIcF8 Uyj5raM7C9SGCHQGUC y B4mQOl023dn1 UuONs3O7D2z5 3HQj1I8wd8 5Ll49ySSWT043CtCd2 B4mQOl023dn1 y 0CwgepgS85xC4gx 4 KpBvy dw6Yuyls1ZilP493g91O KpBvy 4 TU76UjE52906 3 3k k r pbE3R4QsB76l 3i80K09a 7qu 9 N8191M9E9v HDLHc5Kdk N8191M9E9v 9 7qu 3i80K09a pbE3R4QsB76l r F1x 2P26ok0f25 B4PF77lpCQJ5dlK NGDVzC A27tk2Y00r8N9l NGDVzC B4PF77lpCQJ5dlK F1x r geUO1h r k 3k 3 TU76UjE52906 48783322I5q9PFVPT 9vq8gscs7dz1 6RiHvQ4xTN5 fgM12T WMY0xVk9j8T6Ly 1P8KX WMY0xVk9j8T6Ly eqYzN7b19UgNo1K WMY0xVk9j8T6Ly fgM12T 6RiHvQ4xTN5 9vq8gscs7dz1 eDv5MBdo MVvh DUiYDuR9yYFD5 UH4Lf7FAuZoT4lv2 DUiYDuR9yYFD5 MVvh 11l6P71DgEau1baEX4 77yN7eHZwfF99R2 J ElUTL D FL4V06094CU0zO3gJava H6pXAnE0KypnExX FL4V06094CU0zO3gJava D ElUTL J 77yN7eHZwfF99R2 TBk5Pt5vt5SInt 77yN7eHZwfF99R2 xaM1q4jQi3efYb0 2qgWbB40Ya16 MY3aL96Y u3Qv MY3aL96Y i4838WP MY3aL96Y 2qgWbB40Ya16 xaM1q4jQi3efYb0 11l6P71DgEau1baEX4 MVvh eDv5MBdo 9vq8gscs7dz1 48783322I5q9PFVPT a O58T 95fufpL7BuUW8Mng00jE O58T q38OIzTe 08WMKCRGev5XL359n5rM q38OIzTe O58T a 48783322I5q9PFVPT TU76UjE52906 4 0CwgepgS85xC4gx KKUFV29x8iO LwG3W8JHP11jTuAwnR nd5qDM7kw618Hh0d4048 LwG3W8JHP11jTuAwnR KKUFV29x8iO 0CwgepgS85xC4gx Uyj5raM7C9SGCHQGUC 96Ta5ZXc8I5gnTIcF8 1 i7lmV5iDIgl5f 845LWU7Kg6167HQY
39
845LWU7Kg6167HQY 845LWU7Kg6167HQY
y y
B4mQOl023dn1 B4mQOl023dn1
5Ll49ySSWT043CtCd2 NQ3vX6W6H74aK53np
4 4
KpBvy KpBvy 4l4aqvNKB
dw6Yuyls1ZilP493g91O 95E0752p51t
TU76UjE52906 TU76UjE52906
3 3
3k 3k
r r ICQxh0Q58799CUd2
pbE3R4QsB76l YLKBD54k
9 9
HDLHc5Kdk SL88w66v7
A27tk2Y00r8N9l ZT3
geUO1h geUO1h 8M2OK8Px58
48783322I5q9PFVPT 48783322I5q9PFVPT
6RiHvQ4xTN5 6RiHvQ4xTN5
fgM12T fgM12T
eqYzN7b19UgNo1K eqYzN7b19UgNo1K
eDv5MBdo eDv5MBdo 5Qkzz260R7
MVvh MVvh
DUiYDuR9yYFD5 DUiYDuR9yYFD5
UH4Lf7FAuZoT4lv2 YKpC4gQmPKaU311w9eOT
11l6P71DgEau1baEX4 11l6P71DgEau1baEX4
J 672Pt4Ytw8LW 7L X6SrYf57mSUQQ28C
ElUTL ElUTL 122gt
D D
H6pXAnE0KypnExX H6pXAnE0KypnExX SmI7f
TBk5Pt5vt5SInt TBk5Pt5vt5SInt
xaM1q4jQi3efYb0 xaM1q4jQi3efYb0
2qgWbB40Ya16 2qgWbB40Ya16
MY3aL96Y MY3aL96Y
u3Qv u3Qv EnhLq7BgTj8IN3Z2m 42U0k6JhTQxPvUw8
O58T O58T
95fufpL7BuUW8Mng00jE O41Muu
08WMKCRGev5XL359n5rM 5CCl0n2r5512
KKUFV29x8iO KKUFV29x8iO ftk2
1 5
