AA AB AE AO AE AB AF AR AF AS AF AB AG AZ AG BA AG BB AG BC BK FE DZ EC DX EC EB EA EI EA EB EC EE ED EE EF EH EJ EH EF EL EW EX EY EX EW EL EF EM EU EM EF EN EQ EN ER EN EF EE EC DZ FE BK BC AG AB AH BL AH BM BP CE BW AI BU AI BV AI BW CE BP BM AH BN BS FF BS BN AH AB AA AC AJ BX AJ BY AJ AC AA DT CX AN AD AK CO AK CP AK AD AL CQ AL CR AL CS AL AD DN CT AM CU AM CV AM CW AM CT DN AD AN CY AN CX DT AA
37
AA AA
AB AB
AE AE
AO AO AP AQ
AF AF
AG AG
AZ BD
BA BE BF BG
BB BH BI
BC BJ
BK BK
DZ DZ
DX DX DY
EA FC
EI FB
ED EP
EH FA
EJ EZ
EX EX
EY EY
EN EN
EQ EO
AH AH
AI AI
FF FF
AC AC
AJ AJ
DT DT
CX DS DU
AN AN
AD AD
AK AK
AL AL
AM AM
CV DR
CW DP DQ
CY DV DW
