112 118 96 123 8 73 103 40 13 143 65 113 133 83 52 71 190 33 197 159 156 14 162 199 98 58 89 30 59 141 57 7 119 150 138 161 132 144 186 130 36 175 192 85 16 81 164 174 23 101 53 27 46 148 50 135 183 34 191 72 47 177 63 171 12 180 106 78 134 24 131 163 68 198 140 42 48 9 79 54 51 32 124 90 178 43 157 188 21 44 182 19 75 92 137 105 170 56 160 154 76 167 187 88 41 181 122 77 146 84 127 126 29 69 61 155 147 82 20 152 107 168 86 129 2 4 189 91 26 120 37 15 136 18 169 110 31 25 66 173 172 95 28 117 125 166 153 0 35 102 115 112
91
118 118
96 96
123 123
8 8
73 73 109
40 40
13 13 94
143 143 60
83 83
52 52
71 71
190 190
33 33
14 14
162 162
199 80
98 64
58 58
59 59
119 119
138 138
144 144 165
130 130
36 36
85 85
81 81
174 174
23 23
53 53
27 27
46 158
148 11
135 70
183 183
34 34
72 72
171 171
78 78
24 24
131 131
163 163
68 68
42 42
9 9
54 54
124 124
43 194
157 157
188 188
21 21
44 44
182 182
75 75
92 114
105 105
170 170 17
56 56
160 160
154 154
167 6
187 187
88 99
41 41
181 181
122 184
146 146
84 84
127 127
126 126
29 29
69 69
147 147
20 20
152 152
107 107 49
168 168
129 129
26 121
120 120
136 136
169 169
66 66 149
172 172 97
95 95
28 28
117 117
166 166
0 0 104
35 35
102 102
115 151
