0 31 4 19 39 19 4 21 89 5 89 64 2 20 97 37 97 72 35 28 33 59 7 1 7 59 80 85 80 98 23 98 80 59 33 28 35 54 35 70 35 72 68 11 68 22 29 22 68 72 75 40 49 83 65 83 49 40 75 72 97 82 97 20 2 61 27 2 78 69 38 52 38 77 38 69 2 64 89 21 4 31 51 16 8 57 74 57 8 95 8 16 34 42 55 14 55 42 34 81 34 51 31 0 84 6 84 0
37
31 31 43
4 4 47
19 19
39 39 45
21 21
5 5
2 2 26
20 20
37 37 3
35 35
28 28 30
33 33
7 7
1 1 10
85 32
23 23
70 17
11 11 18
22 22
29 29
40 40
49 49
83 41
65 25 46
27 27 50
69 15
38 38
77 36
51 24
16 16
8 8
74 12
95 9
34 34 44
42 42 48
14 14 13
6 6
