0 75 4 30 29 79 150 20 150 152 150 30 32 30 4 94 14 39 35 37 35 125 127 125 128 117 128 125 59 19 84 104 17 104 64 7 146 7 176 7 64 135 52 135 109 119 129 72 129 180 22 180 182 180 100 10 12 66 67 66 12 10 45 170 5 190 192 190 10 55 155 157 155 185 15 4 154 9 24 49 160 137 160 162 160 24 70 40 2 40 90 54 69 74 80 82 108 102 106 102 108 82 80 90 92 90 115 77 186 42 186 132 186 77 115 25 27 65 34 89 95 145 175 60 50 85 87 85 50 60 62 60 120 47 120 122 120 9 140 143 97 143 140 9 164 195 110 44 110 57 110 130 0
73
0 3
75 78
30 30
29 124
79 79 184
20 20
152 152
32 32
94 94
14 139
39 39
35 35 38
37 37 36
125 125
128 128
117 166 168
19 99
84 149
104 104
17 17 16
64 64
135 135 138
52 52
129 129
72 72
180 180
182 182 181
100 100
10 13
12 12 11
66 66
67 67 123
170 172
192 192
55 55 58
185 187
15 15
154 154
9 134
160 160
137 136
162 161
40 43
2 2 28
54 54
69 69 179
74 74 189
82 82
108 108
102 102
92 92 91
77 101 116
186 186
42 42 41
132 132 131 141
25 25
27 27 118
65 65 68
89 114 159
95 95
145 145 148
87 87
120 120
47 47 183
122 122
140 142
97 97
164 144
195 195 197
110 110 113
44 44 105
57 57 56
130 133
