loc0 loc76 loc13 loc58 loc4 loc91 loc72 loc99 loc18 loc54 loc99 loc27 loc63 loc45 loc99 loc91 loc31 loc66 loc39 loc84 loc93 loc12 loc57 loc33 loc60 loc15 loc51 loc96 loc78 loc87 loc24 loc88 loc61 loc16 loc79 loc35 loc53 loc71 loc80 loc62 loc89 loc8 loc98 loc41 loc95 loc41 loc89 loc71 loc79 loc61 loc88 loc96 loc15 loc60 loc57 loc39 loc66 loc48 loc75 loc58 loc22 loc70 loc43 loc97 loc52 loc70 loc94 loc67 loc32 loc86 loc50 loc68 loc59 loc47 loc83 loc92 loc11 loc65 loc46 loc82 loc1 loc73 loc55 loc82 loc65 loc92 loc74 loc59 loc50 loc86 loc94 loc0
40
loc13 loc13
loc58 loc40 loc49
loc4 loc4
loc18 loc18
loc54 loc9 loc36
loc27 loc27
loc45 loc45
loc31 loc31
loc39 loc39
loc12 loc12
loc33 loc33
loc60 loc6 loc21
loc15 loc15
loc87 loc42
loc24 loc24
loc88 loc7
loc16 loc16
loc35 loc35
loc53 loc25 loc26
loc80 loc17
loc89 loc44
loc8 loc8
loc41 loc41
loc95 loc23
loc48 loc48
loc75 loc3 loc30
loc22 loc22
loc43 loc43
loc52 loc34
loc67 loc2 loc14
loc32 loc32
loc86 loc5
loc50 loc50
loc47 loc47
loc11 loc11
loc65 loc20 loc29 loc38
loc46 loc46
loc82 loc10 loc28 loc37
loc1 loc1
loc55 loc19
