loc189 loc17 loc84 loc100 loc42 loc40 loc46 loc155 loc106 loc172 loc121 loc182 loc122 loc151 loc166 loc76 loc194 loc55 loc187 loc97 loc65 loc145 loc133 loc136 loc62 loc54 loc79 loc143 loc159 loc29 loc5 loc184 loc92 loc80 loc21 loc31 loc61 loc161 loc177 loc197 loc180 loc91 loc176 loc173 loc103 loc170 loc12 loc14 loc36 loc70 loc123 loc26 loc164 loc51 loc16 loc118 loc111 loc13 loc49 loc120 loc141 loc148 loc30 loc168 loc45 loc39 loc181 loc125 loc152 loc190 loc43 loc199 loc69 loc99 loc22 loc109 loc87 loc192 loc140 loc77 loc68 loc150 loc183 loc72 loc9 loc196 loc115 loc175 loc19 loc34 loc44 loc35 loc50 loc24 loc73 loc185 loc149 loc112 loc3 loc134 loc96 loc59 loc131 loc57 loc130 loc114 loc85 loc60 loc110 loc11 loc33 loc132 loc138 loc64 loc156 loc119 loc6 loc158 loc163 loc102 loc81 loc167 loc71 loc8 loc188 loc189
75
loc17 loc17
loc100 loc100 loc153
loc40 loc40
loc172 loc172
loc121 loc117 loc195
loc151 loc154
loc76 loc76
loc194 loc194
loc55 loc55
loc65 loc65
loc145 loc145
loc133 loc133
loc136 loc136
loc62 loc62
loc54 loc54 loc27
loc79 loc79
loc143 loc143
loc159 loc159
loc5 loc104
loc184 loc184
loc21 loc37
loc31 loc31
loc61 loc61 loc191
loc161 loc161
loc177 loc177
loc197 loc74
loc180 loc180 loc20 loc86 loc127
loc14 loc147
loc36 loc36
loc70 loc70
loc26 loc26 loc101
loc164 loc164
loc16 loc16 loc78
loc118 loc165
loc111 loc111
loc13 loc25
loc120 loc94 loc142
loc148 loc148
loc168 loc168
loc39 loc39
loc181 loc66
loc125 loc125
loc152 loc152 loc18 loc32
loc190 loc190
loc199 loc146
loc69 loc69 loc4
loc22 loc22
loc109 loc109 loc23
loc77 loc77
loc68 loc129
loc150 loc150
loc183 loc183
loc196 loc83 loc88
loc115 loc53
loc34 loc34
loc50 loc50
loc73 loc73 loc38
loc185 loc185 loc15
loc112 loc112
loc96 loc96 loc58 loc135
loc59 loc59
loc131 loc131
loc57 loc128
loc130 loc108
loc114 loc114
loc85 loc85
loc60 loc0 loc113
loc11 loc11
loc132 loc95
loc64 loc162
loc156 loc156 loc98 loc139
loc119 loc119
loc158 loc158 loc41
loc163 loc163 loc47
loc188 loc188 loc169
