loc59 loc79 loc3 loc99 loc25 loc44 loc86 loc62 loc74 loc66 loc14 loc85 loc57 loc82 loc90 loc35 loc83 loc76 loc87 loc6 loc65 loc43 loc54 loc69 loc23 loc61 loc38 loc26 loc91 loc30 loc55 loc18 loc95 loc42 loc58 loc93 loc68 loc32 loc60 loc36 loc96 loc16 loc63 loc89 loc92 loc75 loc0 loc12 loc84 loc77 loc7 loc71 loc39 loc17 loc51 loc31 loc59
35
loc79 loc11
loc25 loc25
loc86 loc50
loc62 loc62
loc74 loc74
loc14 loc14
loc82 loc4
loc90 loc90 loc1 loc33
loc35 loc35 loc52
loc83 loc83
loc76 loc5
loc87 loc97
loc6 loc6
loc65 loc65
loc43 loc43
loc54 loc54 loc37
loc69 loc45
loc23 loc23 loc28 loc46
loc38 loc2
loc30 loc30 loc13
loc95 loc95 loc41
loc42 loc42
loc68 loc68 loc20 loc29
loc32 loc32 loc47 loc81
loc60 loc34 loc72
loc36 loc36
loc96 loc88
loc16 loc16
loc89 loc89 loc70
loc92 loc92 loc98
loc84 loc84
loc71 loc71
loc17 loc17
loc51 loc51
loc31 loc31
