81 34 15 38 67 16 78 1 9 21 111 123 101 36 110 124 137 139 145 157 95 192 88 102 148 161 167 126 37 168 171 185 187 188 81
23
81 81
34 34 8 12 14 18 20 23 24 27 33 48 52 58 59 64 69 71 77 85 86 92 93 96 100 117 121 125 127 141 150 152 154 179 180 182 191 196 198 200
15 132
38 103
16 16 108
78 78 35 41 43 45 46 49 57 70 74 76 80 84 87 90 109 138 156 158 162 164 165 166 178 183 184 197 199
1 1 159
9 9 107
123 123
36 36 189
110 130
124 124
145 145 89
95 95
192 17
88 88
148 53
161 161 115
167 167 56
126 126 42 65 97 153 170
168 195
171 135
188 188
