woebegone felony babysat balustrade babysat felony casserole MN Hindi combine FPC Winchester bat Winchester companion Winchester oriole PDP Sunday whatsoever PDP oriole bunch Rio is lordosis lexicon Bernini December Fisk swingy dull archive papal archive swingy Fisk December Bernini lexicon choice lexicon involuntary Gruyere involuntary sacrifice thirteen broil involuntary spill involuntary lexicon lordosis is Rio namesake Elizabethan Simon yogurt atom Mesopotamia jewel numerology risen numerology jewel Mesopotamia atom coarse torus icon torus trimester Curtis illusion transfuse Simon Elizabethan Rio ripe minion brook hamper brook schedule anvil schedule brook minion ripe Rio shroud radioactive Pitney radioactive shroud Rio bunch midstream confrontation bunch oriole Winchester shifty Winchester FPC combine Wheller creekside Dominican Irvin Dominican creekside bowman covariate Halstead imposition Halstead covariate bowman creekside clash creekside jolt Amtrak taft Injun taft Tucson taft creekside Wheller combine midget grudge cowhand midget combine Hindi MN deletion MN monotonous MN noon MN casserole switchmen Gilmore simulate Gilmore switchmen funny McCall funny woebegone plunder woebegone trill Palo Auberge Palo Durango Reilly bacteria cytolysis embassy phylogenetic funky gemsbok funky millennium inform millennium funky embassy cytolysis Durango Stratton trill fulsome embroil fulsome trill woebegone
62
felony felony Isfahan equipping tate thoroughfare
babysat babysat
casserole casserole renaissance
MN exothermic
Winchester Winchester connubial
bat bat directory
oriole oriole
PDP PDP limitate
Sunday Sunday silage
whatsoever whatsoever
bunch bunch
lexicon Vega
December December Zorn
Fisk Fisk mediate
swingy swingy
dull dull
archive archive postscript softball
papal papal car
choice choice shovel
involuntary involuntary backplate slowdown
thirteen thirteen
broil broil barnacle
spill spill mitre
Elizabethan Darwin Goodrich
Simon Simon
yogurt yogurt
jewel septillion
numerology numerology diligent stanza viscous
coarse coarse
icon icon update
trimester trimester
Curtis Curtis deduce
illusion illusion griddle
transfuse transfuse catenate
hamper sphalerite
anvil anvil
midstream midstream
confrontation relaxation
Wheller Wheller
Irvin Irvin mack
imposition bifurcate
Injun Modesto
Tucson Tucson extrovert
cowhand Andersen explosion
monotonous monotonous dreadnought
noon noon
switchmen imperishable
Gilmore Gilmore
simulate simulate Stephen
funny funny wingspread
McCall McCall
plunder transonic
trill administer
Auberge Auberge Rodney
Durango Durango Hewlett sinh
Reilly Reilly
funky funky swordfish
gemsbok yearn
millennium millennium
inform inform secondary
fulsome fulsome
embroil embroil
