exothermic brook Hewlett Bleeker amateur Bernini Tucson Bernini Injun Curtis involuntary anvil embroil barnacle schedule extrovert schedule barnacle embroil anvil Bleeker midget tate choice tate midget Bleeker exothermic felony Dominican namesake McCall swordtail McCall swordfish felony Irvin decor shovel trill combine confrontation combine trill shovel Irvin felony exothermic
20
brook Iowa
amateur amateur
Bernini Bernini
Tucson Tucson
Injun Injun
Curtis Curtis
embroil Halstead
extrovert extrovert sacrifice
midget midget lordosis
tate coarse
felony felony
Dominican yogurt
namesake namesake FPC
McCall McCall Andersen
swordfish swordfish wafer
Irvin Irvin
decor decor
shovel shovel
trill trill
combine combine
