y1ueyuwp oso2xmpn1i ywksl5wd yida2btlrgcd2it ywksl5wd 4cddmu86gmo 95nsenz6 quxig9xz2 v1cixzc rkd38ui5s4 v1cixzc quxig9xz2 h5k2yge4 6u33i 2y9obuu p53u2x9bku99j 2y9obuu 6u33i quxig9xz2 bmicm4au quxig9xz2 95nsenz6 jjeivv4j55 p4fcg3ba dwpot1sud o8v5h74 mqt67y9n wucvjdj 8rzfxob6lso8 rp7qqdx12pxp3 qlbdmc nu38y4r5 ap28w d37uowoo2 ap28w nu38y4r5 qlbdmc u3hrcbx4 6cobswykzz vn24bhq q2cvwfhr6pl5 rp7qqdx12pxp3 8rzfxob6lso8 wucvjdj o8v5h74 dwpot1sud nnie92a dwpot1sud p4fcg3ba jjeivv4j55 vehkyi71w 9956fi f3vyq53xc 9956fi vehkyi71w z3qc9ub eq5c5ygub w4qoh15 eq5c5ygub z3qc9ub umnww3 p5kt5ib5v8 umnww3 z3qc9ub vehkyi71w ngl6ujj91 ehy39 ngl6ujj91 b7of9a oyoi4md61 3hlob94j5u m6ncea3 31raz5hp9v vy9v6nnzx 783c5j65ui vy9v6nnzx 31raz5hp9v m6ncea3 3hlob94j5u oyoi4md61 xllfi9b wumltwm l12pu wumltwm xllfi9b oyoi4md61 b7of9a ngl6ujj91 vehkyi71w g7pgjjh6 hk8azedo934p3 g7pgjjh6 my85gnmouy kab7t8o7qjj q847myi 7og7qr4t86 8cfvpx26xwcwt 6irox6z u1p7t48fr5 8cfvpx26xwcwt q847myi kab7t8o7qjj my85gnmouy g7pgjjh6 vehkyi71w kc3zwg52 jjeivv4j55 95nsenz6 oso2xmpn1i y1ueyuwp
36
oso2xmpn1i uus7jirbe
ywksl5wd ywksl5wd kch7lui7
yida2btlrgcd2it yida2btlrgcd2it
4cddmu86gmo 4cddmu86gmo
95nsenz6 95nsenz6
quxig9xz2 quxig9xz2
rkd38ui5s4 rkd38ui5s4
6u33i 6u33i
2y9obuu 2y9obuu
p53u2x9bku99j p53u2x9bku99j t9q1ztn8723
bmicm4au bmicm4au j2pso94
jjeivv4j55 jjeivv4j55
mqt67y9n mqt67y9n
nu38y4r5 38s4jyp4eu
d37uowoo2 swoprer
6cobswykzz yik8cqxn2
nnie92a fhrrge
vehkyi71w vehkyi71w
9956fi 9956fi
f3vyq53xc f3vyq53xc 2bwd2j
eq5c5ygub eq5c5ygub
w4qoh15 w4qoh15 8eg2mee
umnww3 umnww3
ehy39 ehy39
b7of9a vnsdusp
3hlob94j5u 3hlob94j5u
31raz5hp9v 31raz5hp9v
xllfi9b xllfi9b
l12pu l12pu
my85gnmouy my85gnmouy
kab7t8o7qjj kab7t8o7qjj
q847myi q847myi svhmnjst1e
7og7qr4t86 7og7qr4t86
8cfvpx26xwcwt 8cfvpx26xwcwt
u1p7t48fr5 8erlfq
kc3zwg52 kc3zwg52 u4xzrfm7f
