Jacksonville Milwaukee Austin Washington Austin Raleigh Austin Omaha LongBeach Baltimore Tampa Baltimore LongBeach Omaha Austin Milwaukee Nashville Milwaukee Tulsa Detroit SanAntonio Miami Charlotte Miami Oakland Phoenix OklahomaCity FortWorth SanJose Indianapolis SanJose FortWorth OklahomaCity Phoenix Oakland Philadelphia Houston ColoradoSprings Houston Philadelphia Oakland Albuquerque Oakland Miami SanAntonio Detroit Columbus Detroit Tulsa Minneapolis Jacksonville Atlanta SanFrancisco Atlanta Louisville Arlington Portland Seattle Portland Arlington Louisville Atlanta Jacksonville
22
Jacksonville Jacksonville
Milwaukee Tucson
Austin Austin
Raleigh Memphis
LongBeach LongBeach
Nashville ElPaso
Tulsa Tulsa
Charlotte LasVegas
Phoenix Phoenix
FortWorth FortWorth
SanJose SanJose Boston
Indianapolis Indianapolis LosAngeles
Philadelphia Philadelphia
ColoradoSprings VirginiaBeach
Albuquerque Albuquerque
Columbus Columbus
Minneapolis Minneapolis
Atlanta Atlanta Fresno
SanFrancisco SanFrancisco
Louisville Louisville
Portland Portland
Seattle Seattle
