Chattanooga Cleveland NewOrleans ElPaso CorpusChristi ElPaso Dayton Plano Fresno Portland JerseyCity Mobile JerseyCity Portland Fresno GrandRapids Fresno OuterHaven Greensboro PembrokePines Gilbert PembrokePines Greensboro OuterHaven Hollywood OuterHaven Fresno Plano ElkGrove Savannah FortLauderdale Indianapolis Riverside Scottsdale OverlandPark BatonRouge Detroit Vancouver Austin Vancouver Detroit BatonRouge Bakersfield Salinas Murfreesboro Houston Reno Houston Murfreesboro Salinas Bakersfield BatonRouge OverlandPark Surprise Stockton Surprise Anchorage Surprise Carrollton Surprise OverlandPark Scottsdale Riverside Indianapolis Irving Indianapolis FortLauderdale Miami Sacramento Huntsville Fremont Honolulu Peoria Jerusalem NewportNews Minneapolis WinstonSalem Cincinnati Albuquerque Cincinnati LongBeach Cincinnati WinstonSalem Knoxville Berkeley FortWayne Bridgeport Boston Bridgeport FortWayne Springfield Spokane Springfield Berkeley Knoxville WinstonSalem Minneapolis Garland Naperville Garland Minneapolis HuntingtonBeach Jackson HuntingtonBeach Minneapolis NewportNews DesMoines Jerusalem Peoria Corona Peoria Honolulu Miramar Tampa Miramar Honolulu Fremont SanBernardino Boise Lakewood Augusta SantaClarita Providence Palmdale FortCollins Palmdale Providence SantaClarita Hayward Norfolk Mesa Norfolk SaintPaul Washington SaintPaul Norfolk Irvine OklahomaCity SantaAna OklahomaCity Lincoln Madison Lincoln OklahomaCity Irvine Norfolk Hayward Akron RanchoCucamonga TianamenSquare RanchoCucamonga Akron Hayward SantaClarita Augusta Lakewood Sunnyvale StPetersburg Toledo StPetersburg Clarksville Jacksonville Clarksville StPetersburg Sunnyvale Boise SanBernardino Fremont Huntsville Tacoma Huntsville Sacramento Miami FortLauderdale Tulsa Memphis Roseville FortWorth VirginiaBeach Roseville MorenoValley Anaheim ChulaVista Arlington ChulaVista Anaheim MorenoValley Henderson MorenoValley Roseville Amarillo Roseville Memphis Tulsa Montgomery Macon LittleRock Macon Orange Aurora Orange Frisco Orange Macon Montgomery Tulsa FortLauderdale Savannah ElkGrove Plano Dayton ElPaso NewOrleans Cleveland Chattanooga
75
Cleveland Cleveland
ElPaso ElPaso
Plano Plano
Fresno Worcester
JerseyCity Buffalo
Mobile Olathe
GrandRapids GrandRapids
PembrokePines Orlando Salem
Gilbert Denton
Hollywood Louisville
ElkGrove McAllen
Savannah Savannah
FortLauderdale FortLauderdale
Indianapolis Indianapolis Phoenix
Riverside Riverside
Scottsdale Scottsdale Tempe
BatonRouge BatonRouge
Vancouver Vancouver
Austin Austin
Bakersfield Bakersfield Oceanside
Salinas GardenGrove
Murfreesboro Murfreesboro Charlotte
Surprise Surprise
Stockton Richmond
Anchorage Anchorage Midland
Fremont Fremont
Honolulu Honolulu SanFrancisco
NewportNews NewportNews Alexandria
Cincinnati Cincinnati Paterson
Albuquerque LosAngeles Waco
LongBeach GrandPrairie
Knoxville Knoxville
Berkeley Berkeley
Boston Boston
Springfield Springfield
Spokane Spokane
Naperville Naperville Chicago
Jackson Jackson Brownsville
DesMoines DesMoines
Corona Corona Lubbock
Miramar PortStLucie
SanBernardino SanBernardino
Boise Boise
SantaClarita SantaClarita
FortCollins Pomona
Hayward Hayward
Norfolk Raleigh
SaintPaul SaintPaul
Washington Washington
Irvine Irvine Syracuse
OklahomaCity Fontana
SantaAna SantaAna
Lincoln Lincoln
Madison Madison Joliet
Akron Akron
RanchoCucamonga Newark
TianamenSquare Ontario
Sunnyvale SanDiego
Toledo Toledo
Jacksonville Jacksonville
Tacoma Tacoma Oxnard
Memphis Memphis SanAntonio Wichita
Roseville Durham
FortWorth FortWorth
VirginiaBeach Glendale
MorenoValley Tallahassee
Anaheim Anaheim NewYork
ChulaVista ChulaVista
Henderson Henderson
Amarillo Yonkers
Montgomery SanJose
LittleRock LittleRock CapeCoral Shreveport
Orange Orange
Aurora Aurora Baltimore Lexington Fayetteville
Frisco Frisco KansasCity
