SaintPaul Garland Newark Scottsdale Honolulu Memphis Louisville Irving Anaheim Seattle VirginiaBeach StPetersburg Milwaukee Columbus Glendale Hialeah Glendale Columbus Milwaukee StPetersburg Cincinnati ChulaVista SanDiego SanJose ColoradoSprings NorthLasVegas SanDiego ChulaVista Charlotte Phoenix Durham SantaAna Durham Phoenix Charlotte Irvine Buffalo Oakland Philadelphia SanFrancisco Stockton SanFrancisco Philadelphia Oakland Buffalo Irvine Fremont Irvine Charlotte ChulaVista Baltimore Albuquerque FortWayne Albuquerque BatonRouge Albuquerque Baltimore Mesa Baltimore LongBeach Greensboro LongBeach Baltimore ChulaVista JerseyCity Lexington Fresno KansasCity Miami Omaha Miami KansasCity Norfolk Denver Detroit Tucson Detroit Denver Norfolk KansasCity Fresno Plano LosAngeles Austin Tulsa Austin LosAngeles Plano Fresno Chesapeake Fresno Lexington JerseyCity Toledo Atlanta Toledo JerseyCity Richmond Minneapolis Richmond JerseyCity ChulaVista Cincinnati StPetersburg Lubbock StPetersburg VirginiaBeach Wichita Boston Orlando Boston Wichita Seattle Anaheim Irving Louisville Memphis Honolulu Newark Garland SaintPaul
40
Newark Newark
Scottsdale Scottsdale
Honolulu Honolulu
Memphis Memphis
Louisville Madison
StPetersburg StPetersburg Henderson
Milwaukee Milwaukee
Columbus Columbus
Glendale Glendale
Hialeah Hialeah OklahomaCity
Cincinnati Cincinnati
SanDiego SanDiego
SanJose SanJose
Charlotte Charlotte
Phoenix Phoenix
Durham Durham WinstonSalem
SantaAna SantaAna Pittsburgh
Stockton Stockton Houston
Fremont Chandler
Baltimore Baltimore
FortWayne FortWayne Anchorage
BatonRouge FortWorth
Mesa Indianapolis
LongBeach LongBeach
Greensboro Dallas
JerseyCity JerseyCity Laredo
Lexington Lexington
Fresno Spokane
KansasCity NewOrleans
Omaha Aurora
Denver Denver
Tucson Tucson Raleigh
Plano Plano
LosAngeles ElPaso
Austin Austin SanAntonio
Chesapeake Chesapeake
Toledo Tampa
Atlanta Atlanta
Minneapolis Bakersfield Lincoln
Lubbock Lubbock
