dldkilltnmhfepsteins msddkilllthepsteinfn dlfdkilltepsteinhnms killmdshdtnflepstein fdskillndtmepsteinlh killmsfhdtlndepstein fdskillndtmepsteinlh killmdshdtnflepstein fthlkillnepsteindsdm epsteinhnkillsldfdmt tmfdhepsteinnslkilld smkillnepsteinfldthd hdmndfepsteinstkilll smkillnepsteinfldthd tmfdhepsteinnslkilld epsteinhnkillsldfdmt mkilldlshdtfepsteinn fdmhkilllepsteintnsd lsdfndepsteinmkillht dnkilllmdstfepsteinh lsdfndepsteinmkillht fdmhkilllepsteintnsd mkilldlshdtfepsteinn lepsteindsmnhftdkill mkilldlshdtfepsteinn epsteinhnkillsldfdmt dflhnepsteinsmdtkill tlkillmnsddhfepstein dflhnepsteinsmdtkill epsteinhnkillsldfdmt fthlkillnepsteindsdm depsteinftndhmkillsl dhkillldsepsteintnmf fsepsteindkillhmtdln skillthlfndepsteindm fsepsteindkillhmtdln dkillnmhldstfepstein epsteinshlkilldmnfdt dfdepsteintlnskillhm epsteinshlkilldmnfdt dkillnmhldstfepstein hdntepsteinkilllsdfm dkillnmhldstfepstein dhkillldsepsteintnmf epsteinfsltkillnhddm fmltddhnepsteinskill epsteinfsltkillnhddm dhkillldsepsteintnmf depsteinftndhmkillsl fhnmkillepsteinsdltd depsteinfmkillhdsnlt mdkillntepsteindfhsl tndskilldfepsteinmhl mdkillntepsteindfhsl depsteinfmkillhdsnlt fhnmkillepsteinsdltd depsteinftndhmkillsl fthlkillnepsteindsdm shdepsteinftkillnlmd fnkillddmtepsteinshl shdepsteinftkillnlmd fthlkillnepsteindsdm nftmskilldldepsteinh mdkillnlsdtepsteinhf nftmskilldldepsteinh fthlkillnepsteindsdm killfhdndtlepsteinsm killmdshdtnflepstein sdndhepsteinltkillfm killshdlmftnepsteind hsepsteinfkillnmddtl hepsteinnfmtlkilldds hsepsteinfkillnmddtl smfhndepsteinkillltd tldmepsteindkillfhsn smfhndepsteinkillltd hsepsteinfkillnmddtl hndsmfkilltldepstein nmkilllepsteintdsdfh hmndfkillslepsteintd nmkilllepsteintdsdfh hndsmfkilltldepstein hsepsteinfkillnmddtl killshdlmftnepsteind sdndhepsteinltkillfm dkillfepsteinnhdmtls depsteinlfnmkilldsht tsmdepsteinkillhfdln killfthnmsdlepsteind tsmdepsteinkillhfdln lkilldtnmsepsteindfh tdnfmdhepsteinslkill epsteintfhndkilllmsd tdkillepsteinsmhdfnl epsteintfhndkilllmsd tdnfmdhepsteinslkill fmtnkilldepsteindhsl killtdslhfdepsteinnm shfnmltepsteindkilld killdldepsteinmfsthn smtepsteinkilldfnhdl mfndlsdepsteinhkillt dsftepsteindhkillmnl hlfdskilldnepsteintm killthsepsteindmlfdn hlfdskilldnepsteintm dsftepsteindhkillmnl mfndlsdepsteinhkillt smtepsteinkilldfnhdl sdnmepsteinkilldfhlt fmhlnkilldepsteindst sdnmepsteinkilldfhlt smtepsteinkilldfnhdl sepsteindhmnltkillfd killhtdmdlnsfepstein hmdkilllnepsteinfsdt msepsteintlhnfkilldd sldhnfmtdkillepstein tepsteinhsdkillmldfn shepsteinnkillftlddm ddkillnftsmhepsteinl tepsteinkilldflhnmsd lhsntdepsteindkillmf lmkillepsteintsndfhd hepsteinntdkillsdmfl lmkillepsteintsndfhd lhsntdepsteindkillmf tepsteinkilldflhnmsd ddkillnftsmhepsteinl shepsteinnkillftlddm epsteinkillddfnthslm tepsteinhsdkillmldfn mshkillltdepsteinfdn tepsteinhsdkillmldfn sldhnfmtdkillepstein msepsteintlhnfkilldd hmdkilllnepsteinfsdt killhtdmdlnsfepstein sepsteindhmnltkillfd hnddkilltslmfepstein thdlskillnfdmepstein hnddkilltslmfepstein lkillfthdsepsteindnm nsepsteinfmdkillhldt lkillfthdsepsteindnm hnddkilltslmfepstein smtepsteinkilldfnhdl killdldepsteinmfsthn nepsteinfthdldmkills lnepsteintdfmdshkill fddsmepsteintnkillhl lnepsteintdfmdshkill skillmfepsteinthddnl killepsteinfdlhdtnms skillmfepsteinthddnl lnepsteintdfmdshkill nepsteinfthdldmkills fkillepsteinndmdlhts lntkillepsteinfsddhm dflstmkillepsteindhn lsmftnepsteinkillhdd dflstmkillepsteindhn killdepsteinmfltdshn dflstmkillepsteindhn lntkillepsteinfsddhm fdmtdepsteinkilllsnh lntkillepsteinfsddhm mhdskillldftnepstein nmkilldepsteinhtldsf ltfnsdhepsteinkilldm nmkilldepsteinhtldsf mhdskillldftnepstein lntkillepsteinfsddhm fkillepsteinndmdlhts dtsmdnlhfepsteinkill fkillepsteinndmdlhts nepsteinfthdldmkills killfsdndhtmepsteinl nepsteinfthdldmkills killdldepsteinmfsthn fhkillddlnmtsepstein fdstmndepsteinlkillh fhkillddlnmtsepstein killdldepsteinmfsthn dkillnsepsteinfdmthl sfdntlkilldhmepstein epsteinfthkilldnslmd ntmdhepsteinsdkillfl epsteinfthkilldnslmd sfdntlkilldhmepstein hfskilldepsteinmndlt sfdntlkilldhmepstein dkillnsepsteinfdmthl killdldepsteinmfsthn shfnmltepsteindkilld nkillddfthsmepsteinl shfnmltepsteindkilld killtdslhfdepsteinnm fmtnkilldepsteindhsl tdnfmdhepsteinslkill lkilldtnmsepsteindfh mltdhfdepsteinkillsn lkilldtnmsepsteindfh dhmkillfdltnsepstein hdepsteinkillnfdlmts dftkillhmldnepsteins killfsdhmndepsteintl dftkillhmldnepsteins hdepsteinkillnfdlmts dkillldfepsteintsmnh hdepsteinkillnfdlmts dhmkillfdltnsepstein lkilldtnmsepsteindfh tsmdepsteinkillhfdln depsteinlfnmkilldsht tldkillhsfnmepsteind depsteinlfnmkilldsht dkillfepsteinnhdmtls sdndhepsteinltkillfm killmdshdtnflepstein dlfdkilltepsteinhnms msddkilllthepsteinfn dldkilltnmhfepsteins
72
msddkilllthepsteinfn msddkilllthepsteinfn
dlfdkilltepsteinhnms dlfdkilltepsteinhnms
fdskillndtmepsteinlh fdskillndtmepsteinlh
fthlkillnepsteindsdm thnkillmddsepsteinfl
epsteinhnkillsldfdmt epsteinhnkillsldfdmt
hdmndfepsteinstkilll lkillepsteintdshmfnd
mkilldlshdtfepsteinn mkilldlshdtfepsteinn epsteinhdkillltsmfdn
lepsteindsmnhftdkill dhsepsteintlkillmfnd epsteinldtnfmshdkill
depsteinftndhmkillsl depsteinftndhmkillsl epsteindkilltlmnhsfd hepsteinnfdmlsdtkill
dhkillldsepsteintnmf killtdmsdfhnepsteinl
fsepsteindkillhmtdln fsepsteindkillhmtdln killhdfnsepsteinmltd epsteinlmkillfshnddt
skillthlfndepsteindm skillthlfndepsteindm
dkillnmhldstfepstein dkillnmhldstfepstein
dfdepsteintlnskillhm dfdepsteintlnskillhm ldepsteindhkilltsmfn
hdntepsteinkilllsdfm mhkillepsteinddlfsnt
fmltddhnepsteinskill fmltddhnepsteinskill
fhnmkillepsteinsdltd fhnmkillepsteinsdltd
depsteinfmkillhdsnlt tdfkillslepsteinhdmn
mdkillntepsteindfhsl mdkillntepsteindfhsl dmldfhskillntepstein
tndskilldfepsteinmhl tndskilldfepsteinmhl dkillnmsfhtlepsteind
nftmskilldldepsteinh nftmskilldldepsteinh
mdkillnlsdtepsteinhf mdkillnlsdtepsteinhf
killfhdndtlepsteinsm lepsteindnhstfdmkill
sdndhepsteinltkillfm sdndhepsteinltkillfm dfkilllepsteinsnmhtd
hsepsteinfkillnmddtl hsepsteinfkillnmddtl epsteindmshtfldnkill
hepsteinnfmtlkilldds ldfsmnepsteinkilltdh
tldmepsteindkillfhsn nmdhepsteinkilltfsld
hmndfkillslepsteintd hmndfkillslepsteintd
depsteinlfnmkilldsht depsteinlfnmkilldsht lhepsteintndkilldsmf
tsmdepsteinkillhfdln tsmdepsteinkillhfdln
killfthnmsdlepsteind killfthnmsdlepsteind
lkilldtnmsepsteindfh lkilldtnmsepsteindfh
epsteintfhndkilllmsd epsteintfhndkilllmsd
tdkillepsteinsmhdfnl tdkillepsteinsmhdfnl
fmtnkilldepsteindhsl fmtnkilldepsteindhsl mkillldnhepsteinstfd
killtdslhfdepsteinnm killtdslhfdepsteinnm slepsteinkillfmddhtn
shfnmltepsteindkilld shfnmltepsteindkilld
killdldepsteinmfsthn killdldepsteinmfsthn dnldkillhmfstepstein
mfndlsdepsteinhkillt killmfndshdtepsteinl
dsftepsteindhkillmnl sdlhfnmdepsteintkill
killthsepsteindmlfdn killthsepsteindmlfdn nepsteindhkillltmsfd depsteinslkillhdftmn
killhtdmdlnsfepstein killhtdmdlnsfepstein nfltdmkillsdepsteinh sndldftmkillepsteinh
hmdkilllnepsteinfsdt hmdkilllnepsteinfsdt
msepsteintlhnfkilldd msepsteintlhnfkilldd
sldhnfmtdkillepstein sldhnfmtdkillepstein fhdmnepsteindkillslt
tepsteinhsdkillmldfn tepsteinhsdkillmldfn
lhsntdepsteindkillmf lhsntdepsteindkillmf
lmkillepsteintsndfhd lmkillepsteintsndfhd ndshkilldmlepsteinft
hepsteinntdkillsdmfl hepsteinntdkillsdmfl depsteintkilllnmsfdh
hnddkilltslmfepstein dmtlsfhnkilldepstein
thdlskillnfdmepstein thdlskillnfdmepstein lepsteinkilldhfmstnd
lkillfthdsepsteindnm ndkillthdepsteinlsmf dtnkillsepsteinmdfhl
nsepsteinfmdkillhldt hnskillepsteintfdmld
fddsmepsteintnkillhl fddsmepsteintnkillhl
skillmfepsteinthddnl skillmfepsteinthddnl
fkillepsteinndmdlhts mkillthfdlnepsteinds
dflstmkillepsteindhn dflstmkillepsteindhn
lsmftnepsteinkillhdd lsmftnepsteinkillhdd
killdepsteinmfltdshn killdepsteinmfltdshn tsdnhkilllmepsteindf
fdmtdepsteinkilllsnh fdmtdepsteinkilllsnh mdkilllfdnstepsteinh
mhdskillldftnepstein mhdskillldftnepstein
ltfnsdhepsteinkilldm ltfnsdhepsteinkilldm tepsteinmdfldhnskill
dtsmdnlhfepsteinkill dtsmdnlhfepsteinkill epsteinsnmflhtdkilld
killfsdndhtmepsteinl hnsepsteinmkillfddtl
epsteinfthkilldnslmd epsteinfthkilldnslmd
ntmdhepsteinsdkillfl ntmdhepsteinsdkillfl
hfskilldepsteinmndlt dhtepsteinkillsdflmn
nkillddfthsmepsteinl killtepsteinddhlmnsf
dhmkillfdltnsepstein dhmkillfdltnsepstein
dftkillhmldnepsteins mndtkillepsteindlfhs
dkillldfepsteintsmnh dlshdtepsteinnkillfm
tldkillhsfnmepsteind tldkillhsfnmepsteind
