FortCollins Akron FortSmith Arvada DaytonaBeach Davenport DaytonaBeach LakeCharles Chattanooga Burlington Garland GrandRapids Kailua Erie Arvada Fargo Charleston Baltimore Hayward Hartford Aurora ClarkeCounty Independence Bellevue Aurora Dallas Clarksville Bradenton Bridgeport McAllen Chicago Clearwater Evansville LosAngeles Jefferson BatonRouge Cambridge Buffalo Cambridge Burbank Gastonia Honolulu ElkGrove Harrisburg Glendale Columbia Barnstable Brownsville Fayetteville Houma Barnstable Kenosha Dayton Kenosha Gilbert Jacksonville Glendale Arvada Hickory Inglewood Lansing DesMoines GreenBay Boston Bloomington ColoradoSprings ChulaVista Howell Flint DalyCity Durham Fitchburg Asheville Escondido LittleRock Huntington Greensboro DalyCity Houston Beaumont Houston Fresno Flint Howell Lubbock ChulaVista Bloomington Layton FortWayne Fairfield Joliet LasCruces Killeen Kaneohe Albany Bryan Hialeah Chesapeake Kaneohe Lancaster LasVegas Downey Carrollton Frederick Hampton Lafayette Carrollton Fullerton JerseyCity Fullerton KansasCity Canton FortWorth Berkeley Carrollton Laredo CoralSprings GardenGrove CollegeStation Laredo Carrollton Kennewick Layton Bloomington Lansing Leominster CathedralCity FortSmith FortWaltonBeach Kissimmee Amarillo AppleValley Corona Allentown Bremerton Denton Bremerton Henderson HuntingtonBeach BoiseCity Manchester Henderson Allentown Detroit Lacey Irving Cary Cincinnati Bakersfield CorpusChristi Elkhart Harlingen Arlington Knoxville FortCollins
77
FortCollins FortCollins
Akron Akron Elizabeth
Arvada Arvada
Davenport Albuquerque
Burlington Indianapolis
Garland Garland
GrandRapids GrandRapids
Erie Erie
Fargo Fargo
Charleston BonitaSprings
Baltimore Baltimore
Independence Independence
Bellevue Bellevue Lakeland
Dallas Dallas
Bradenton Bradenton
Chicago Chicago
Evansville Evansville Danbury
Jefferson Jefferson
Buffalo Hollywood
Burbank Burbank
Gastonia Fremont
ElkGrove Irvine
Harrisburg Harrisburg Fontana
Barnstable Barnstable Aberdeen
Brownsville Brownsville
Fayetteville Fayetteville Appleton
Dayton Augusta
Gilbert Gilbert
Jacksonville Jacksonville
Hickory Hickory
Inglewood Inglewood
DesMoines DesMoines
Boston Chandler
ColoradoSprings ColoradoSprings
DalyCity DalyCity
LittleRock LittleRock
Greensboro Abilene
Houston Houston
Beaumont Beaumont Bethlehem
Fresno Fresno Kalamazoo
Lubbock Lubbock Louisville
Layton Layton Denver
Fairfield Fairfield
Joliet Joliet
LasCruces LasCruces
Albany Lorain
Bryan CedarRapids
Lancaster Lancaster Anchorage
LasVegas Austin Cleveland
Carrollton Carrollton
Frederick Frederick
Hampton Hampton
Lafayette Lafayette Lakewood
KansasCity CapeCoral
Canton DavidsonCounty
Berkeley Berkeley ElMonte
CollegeStation CollegeStation Boise ElPaso
Kennewick Kennewick Anaheim
Leominster Leominster
FortWaltonBeach FortWaltonBeach
Amarillo Amarillo Alexandria
AppleValley AppleValley
Allentown Allentown
Bremerton Bremerton
Denton Grayslake
Henderson Henderson
BoiseCity BoiseCity Eugene
Manchester Manchester Atlanta
Detroit Detroit
Lacey Lacey Brighton
Irving Irving
Cary Cary
Bakersfield Bakersfield
CorpusChristi AnnArbor
Elkhart Elkhart Champaign
Harlingen Harlingen
Knoxville Knoxville Hemet
