CorpusChristi Birmingham Anchorage Davenport Buffalo Bloomington Buffalo Columbia Canton Bradenton Clearwater Bellevue BoiseCity Billings Cleveland Danbury DavidsonCounty ChulaVista DavidsonCounty ColoradoSprings Chicago Denton Bremerton Dayton Clearwater Boulder Clearwater Charlotte Berkeley Albuquerque Arvada Charlotte Corona DesMoines Davenport Clarksville Chattanooga Boise Amarillo Boise Chattanooga Escondido Aurora Arlington Augusta BatonRouge Asheville Austin Detroit CostaMesa Austin Chesapeake Deltona Albany Elkhart Champaign Anaheim ElPaso Akron DalyCity ClarkeCounty DalyCity Akron Cary CedarRapids Burbank CorpusChristi
40
CorpusChristi CorpusChristi CapeCoral Downey
Anchorage BelAir
Davenport Davenport
Buffalo Carrollton Elizabeth
Bloomington Bloomington
Columbia Columbia
Canton Canton
Bradenton Charleston
Clearwater Clearwater
BoiseCity BoiseCity
Cleveland Brownsville
Danbury Danbury
DavidsonCounty AppleValley
ChulaVista Chandler
ColoradoSprings ColoradoSprings
Chicago Chicago Appleton Bridgeport
Denton Denton
Bremerton Bremerton
Dayton Dallas
Boulder Boulder
Albuquerque Albuquerque Columbus
Arvada Arvada
Corona Bryan
Chattanooga Chattanooga
Amarillo Amarillo Cincinnati
Escondido Escondido
Augusta Augusta
Asheville Asheville
Austin Austin
Detroit Beaumont
Chesapeake Durham
Deltona Deltona
Elkhart Elkhart
Champaign Champaign
Anaheim Anaheim CathedralCity
ElPaso ElPaso
Akron Akron
DalyCity DalyCity
CedarRapids Alexandria BonitaSprings
Burbank Denver ElMonte
