152 75 50 183 185 111 185 50 184 7 14 85 14 187 8 108 74 21 166 64 166 89 60 89 108 120 108 136 39 46 49 46 39 136 93 136 148 136 8 156 1 58 129 22 178 22 129 25 129 115 59 53 82 69 82 102 181 102 53 59 115 129 1 156 45 61 45 160 45 156 187 14 7 67 20 67 184 179 0 62 155 121 155 176 186 12 186 80 186 176 62 0 95 0 154 51 88 130 180 16 52 107 135 26 41 133 116 147 84 56 161 4 113 5 182 5 4 161 84 147 116 165 10 165 114 133 149 24 143 24 173 94 13 38 11 13 94 173 24 149 33 43 19 79 19 43 33 149 150 91 150 149 41 26 100 135 107 52 154 78 123 170 146 170 123 78 154 0 179 119 101 139 36 142 169 140 169 36 139 65 110 171 68 171 110 65 144 6 162 97 162 157 6 144 65 139 101 119 179 184 50 75 152
61
75 75
50 50 153
183 183 9
111 111 168
184 184
85 85 96
8 8
21 73 92
166 166 81
89 89
60 60
136 136
49 37
58 58
22 112
115 54
53 53
69 126
181 181
45 45
160 175
0 0
62 145
121 121
12 12
95 95 35
154 2
51 51 172
130 130
180 180
41 41
133 90
116 116
56 56
113 113
5 5
182 182
165 165
10 134
149 149
143 143 151
94 94
13 13 42
38 38
79 79
91 163
78 78
170 170
146 31
101 101
139 139
36 87
142 142 28
169 169
140 105
65 65
171 171
68 66
144 144
97 97 27
157 157
