4HOMU C7WKJ YK7ZR V8GEC 1X6L1 53Y1R 7U3JG K50JQ I91NY UDYJK WCHWI 45JXE PTADN 45JXE WCHWI UDYJK 6OA3K CFGE5 796NN 6OA3K 53Y1R 1X6L1 JF7TT 0HZFS DTPF4 TORQI 1F0YL BELQC JIVZP L2PQE LEBVZ BU58G TI35I 6NY7T BE5V8 2P5XR 4WDJE W2M5C XKTHP ELH5L EJSFK 1CTNO G5JK6 FDYXL RVNGJ Q9MTE WXZHF P2H5X BJ8X0 P419D WI88U P419D BJ8X0 P2H5X 58MIB 6ACGE KN0CP KOYRV Z22CS KN0CP 0U9HU H3R1V 58MIB IF7TL I0241 U2E9F B3Y9E UW44H VOCAC 1RS2N 945CN Q02X6 Q5DAA Q02X6 945CN 1RS2N 8A5FQ KJDC0 N9H3X RU85S N9H3X 52MNN 4YS4G ZN2EP M0J6A Y61KP TBPBM OKGKQ M1HJR B3Y9E BZLKW 2P5XR 4YD0G 6NY7T CM5WA L87XM CM5WA 6NY7T TI35I RAAD4 2KXWI H0BTZ ZGZT5 HWKGJ LKP22 UX00P KY9LT V22SY I5ALT H1LTE PTEKT C45HH H1LTE OLLV9 ZGZT5 AT3CI VHCFR ZGZT5 QOBDK 76HUN PYPSO 76HUN ZGZT5 2KXWI 9O1IZ C5YOT 9O1IZ TI35I TORQI FMCVK WBT4L 6WOBI FMCVK 4HOMU DL8LT 4HSLO FRZVP WOEUE YJ67U K92O5 ZRPB5 O9J47 Y4WG4 HV4Z2 Y4WG4 PMFJ2 F7QF4 ZRPB5 61QWU ZRPB5 DL8LT X180A LIRLU X180A DL8LT 4HOMU
77
4HOMU JXLE1
C7WKJ C7WKJ OIPRN
V8GEC V8GEC
53Y1R 53Y1R
7U3JG 7U3JG
K50JQ K50JQ
UDYJK C8O6I
WCHWI DOLRQ
45JXE 45JXE
PTADN PTADN
6OA3K 6OA3K
CFGE5 CFGE5
796NN FC0PR
DTPF4 DTPF4
TORQI TORQI L2GJ5
1F0YL 1F0YL
JIVZP TCC7B
L2PQE L2PQE
LEBVZ LEBVZ
TI35I TI35I
BE5V8 BE5V8
4WDJE 4WDJE
W2M5C W2M5C Q7FCL
ELH5L ELH5L
1CTNO LLTLN
WXZHF WXZHF
P419D P419D
WI88U WI88U EDSMH
6ACGE 6ACGE
KN0CP 0VPRW
KOYRV KOYRV
Z22CS 8CLEZ
0U9HU 0U9HU KC9RF
H3R1V WZB33
IF7TL IF7TL
U2E9F 50J5H
UW44H UW44H
1RS2N 1RS2N
945CN 945CN
Q02X6 0D2BR
Q5DAA Q5DAA ZZH8Z 3AIXW SKPO7
RU85S RU85S HZHRA
52MNN 52MNN
4YS4G SA6G0
ZN2EP ZN2EP IZESQ
Y61KP Y61KP
TBPBM TBPBM
OKGKQ A1QRL
M1HJR M1HJR ZHSBU NPDI9
CM5WA CM5WA
RAAD4 RAAD4
HWKGJ HWKGJ T9O11
LKP22 LKP22
UX00P MC71K
V22SY V22SY
H1LTE H1LTE
C45HH C45HH BVMDZ
OLLV9 OLLV9
AT3CI AT3CI SHOOM
VHCFR VHCFR W2H22
PYPSO PYPSO 8EXDQ
9O1IZ FCYPJ
C5YOT 69BJO
FMCVK 9WSXC PXCIN
WBT4L 7GA8O 2BUI5
6WOBI 6WOBI
DL8LT DDXG0
FRZVP FRZVP
WOEUE DCHO3
YJ67U YJ67U
K92O5 768ZF
ZRPB5 ZRPB5
HV4Z2 SYV5N XEEQB WP2MA
PMFJ2 PMFJ2
61QWU 61QWU TY0L7
X180A X180A
LIRLU LIRLU 2C63O
