WNYCV UUOP5 18R1B H7R17 XRQ65 5I6U4 H7R17 LK2JB WH9QK WJHGG O0RCM XBRKQ DDBA4 1ACIU B8UZ8 KR27P B8UZ8 1ACIU DDBA4 WH9QK HHCET WH9QK H7R17 WZTTJ PQ40E 91RFG TG5ZG UDC3C 1BUOS P3DJ7 X2AM4 KB443 BC3W4 YMTTJ UDC3C TG5ZG EYREL QTZLJ PQ40E WZTTJ FS0ES J501P 639ON KGZCW 4O059 MB70R BGJ6Q BMC9X BGJ6Q MB70R 4O059 KGZCW HR8IA 639ON J501P RN3DW CHXFM 9HVLF RN3DW URMBF X8T63 KRLTG TNA9G NOBPR TNA9G KRLTG Z2GJ8 7CXN0 Z2GJ8 RN3DW F8KPK RN3DW J501P GAXPM J2Z2N 2PD2W XDKMD H796V XDKMD 2PD2W 1XUNX 18R1B 2CPYE F07YB QSI1X UUOP5 XTUSM K1ZSD WNYCV
40
UUOP5 UUOP5
18R1B 18R1B
XRQ65 XRQ65
5I6U4 5I6U4 V11OW 2KYXC
WH9QK XPFOM 65TK9
WJHGG H212X
XBRKQ XBRKQ
1ACIU 1ACIU XD7IR
B8UZ8 B8UZ8
KR27P 42QVU
HHCET HHCET
WZTTJ F5YBY
91RFG 91RFG
TG5ZG TG5ZG
1BUOS 1BUOS
X2AM4 X2AM4
KB443 KB443
BC3W4 H8ZPW
YMTTJ YMTTJ
EYREL EYREL
QTZLJ QTZLJ
639ON GXYLV
MB70R CUG55
BGJ6Q HZ80H
BMC9X BMC9X ZA57Z
HR8IA HR8IA OE5TB
9HVLF 9HVLF
URMBF URMBF
X8T63 77EY5
KRLTG KRLTG
NOBPR 2FT0Z
7CXN0 7CXN0 ULCTZ
GAXPM GAXPM
XDKMD XDKMD 1NBGE
H796V EQWAL
1XUNX BO3AW
F07YB F07YB
QSI1X QSI1X 1UWW5
XTUSM XTUSM UGOIO
K1ZSD K1ZSD
