0 92 45 197 27 197 198 152 51 7 146 80 147 18 57 18 147 80 146 194 146 7 51 11 79 41 181 127 77 127 181 41 66 91 78 31 107 168 107 31 78 91 133 185 33 61 33 62 33 179 180 125 97 56 95 130 183 49 40 49 100 43 87 43 101 43 100 163 164 2 67 85 136 187 136 85 67 2 88 148 195 8 195 148 149 196 23 109 21 12 178 122 94 121 177 121 94 122 178 12 21 154 93 14 86 53 86 14 116 25 115 25 116 14 93 154 21 109 110 17 109 169 109 23 118 50 118 23 196 149 88 2 164 15 144 60 64 35 112 113 22 113 35 64 60 65 30 104 103 59 104 30 189 139 96 140 96 139 189 30 65 60 143 192 191 192 143 60 144 15 164 163 100 49 183 130 95 131 6 28 6 131 19 16 19 131 184 20 184 131 95 56 97 125 180 179 33 185 133 91 66 79 51 153 51 152 198 197 45 92 157 92 158 92 0 161 0
78
0 162
92 159
197 197
198 198
152 152
51 151
146 146
80 145
147 147
194 194 193
181 181 182
127 127
77 128 129
91 134 135
31 106 108
107 107
168 168 167
133 133
185 185
33 186
179 179
180 180
125 125
97 124 126
95 132
130 130
183 183
100 100
43 102
101 101
163 163
164 164
2 176
85 137 138
136 136
187 187 188
88 150
148 148
195 195
149 149
196 196
109 109
178 178
122 122
94 123
121 121
177 177
154 154
93 155 156
116 116 174
25 117
115 115 173
110 110 170
17 111
169 169
118 118 175
50 119 120
144 144
35 114
112 112 171
113 113 172
30 166
104 104
103 103 165
59 105
189 189
139 139
96 141
140 140 190
143 143
192 192
191 191 142
131 131
184 184
153 153
157 157
158 158
161 161 160
