Soda 68 172 185 168 124 7 48 116 48 137 7 124 12 40 85 53 0 162 27 53 79 140 107 45 78 40 177 136 24 106 56 96 117 123 159 39 14 46 103 143 103 175 180 6 52 6 180 24 169 2 28 118 29 5 170 9 76 26 9 65 29 99 57 59 49 131 37 31 3 125 115 38 44 115 31 37 55 197 63 11 17 83 15 83 90 22 67 132 83 17 11 63 37 131 29 189 134 2 183 167 16 51 187 43 8 25 82 43 72 73 62 73 139 141 43 155 43 187 51 16 81 10 30 61 41 10 130 10 142 69 70 98 148 34 156 128 147 160 47 54 193 47 167 108 167 Soda
73
68 188
172 172 178
185 185
168 168
124 124 119
7 174
116 116
137 137
12 133
40 112 151 195
85 101
162 162
27 100
140 140
107 107
78 171
177 177
136 136 166 196
106 106
117 117
123 123 150
159 159
103 103
143 143
175 175
180 180
6 165
52 138
169 169
2 154
118 118
170 170 144
26 104
65 127
99 99
49 145
131 131 157
3 109
125 125 153
115 115
44 182
55 176
197 197
17 161 186
83 129
22 105
67 135
132 132 102
189 189
134 134
183 183 164 179 181
167 167
187 187
8 113 158
72 184
62 122
139 139
141 141
155 155 121
61 191
130 130 114
142 142 194
70 120 190
148 148 149 173
34 126 152
156 156
128 128
147 147
160 160 192
47 110
54 163
193 193
108 108 111 146 198
