90 200 50 75 67 142 123 166 150 57 150 166 142 67 75 52 106 194 149 168 46 168 149 194 106 39 88 198 88 75 89 197 11 175 152 104 83 33 180 159 14 101 21 164 23 164 21 14 159 180 33 83 104 175 6 196 167 47 167 196 6 192 6 175 11 0 118 157 187 73 128 73 187 157 118 0 138 12 96 12 138 0 11 197 89 75 108 100 189 193 158 193 155 193 189 71 130 188 105 2 44 2 105 188 87 185 87 188 15 188 130 61 136 25 82 25 136 61 130 100 119 63 16 140 16 63 171 76 68 148 24 78 24 148 68 76 165 76 91 40 190 19 190 40 133 69 135 58 135 69 133 169 133 51 40 81 40 91 76 171 63 119 162 49 144 10 102 10 132 183 86 30 62 109 56 42 56 109 120 178 126 178 94 31 8 31 154 92 125 92 154 31 94 178 174 13 160 65 5 151 93 151 5 160 13 174 95 122 95 174 178 62 30 86 156 183 132 10 144 49 162 119 97 119 108 50 200 90 127 90
28
50 195
149 20
88 88
198 84
89 89
101 101
6 6
167 167
192 59
12 12
100 70
189 189
193 191
82 82
91 91
190 190
133 133
135 135
58 48
169 169
51 51
81 81
10 10 113
132 132
126 55
125 125
93 93 54
97 97
