Wurster Class Soda Hilgard Montgomery Tennessee Alabama Kleeberger Massachusetts Warren Anthony Latimer Barrows Simon Recreational Missouri Hesse Moffitt Raleigh Madison Vermont Honolulu Juneau Idaho UC McLaughlin Baton Frank Gayley Maine Sutardja Florida Phoenix Pitzer Cory Hildebrand Insectary Wurster
34
Wurster Wurster
Class Class Indianapolis Optometry Pennsylvania
Soda Stanley
Hilgard Hilgard
Montgomery Montgomery Parking
Tennessee Tennessee Chan
Alabama Alabama Boston Sather
Kleeberger Kleeberger Goldman
Massachusetts Massachusetts
Anthony Anthony
Latimer Observatory
Barrows Barrows Blackwell Brain Spieker
Simon Simon
Recreational Recreational
Missouri Visitor Moses
Hesse Hesse California Salem
Moffitt Moffitt
Raleigh Raleigh Oregon
Madison Maxwell
Vermont Vermont Simpson
Honolulu Honolulu
Juneau Juneau
Idaho Idaho
McLaughlin McLaughlin
Baton Hazardous
Frank Frank
Gayley North
Maine Nevada
Sutardja Sutardja
Florida Florida
Phoenix Gilman
Pitzer Pitzer
Cory Cory
Hildebrand Silver
