AY AW AU AB AD AE Y AC D F N F D X B E B X D AC Y AE AD AB AU AS Z AS AP V AP AQ BL BK BJ CD CF CG CF CD BJ BK BL AQ AP AS AU AW AV BM BS CL CN CJ CK CI BP CI CK CJ CN CM CN CQ CP CS BZ CS CQ CN CL BS BM AV AW AY AZ AG AK AJ AH L AH AJ AK AG BC BD AI S AI BY AN T R P R T AN BY BG BF AM BE BX BE AM BF BG BY AI BD BA BT BA BD BC AG AZ AY
29
AD AD AX
Y Y
D D
F F G I
N H K M
X X
B B A
AS AS
V V
AQ AQ AO
BK BN
BJ BJ BI
CD CC
AV AV
CN CN
CK CK
CM CO
CP CP
CS CS
AG AG
AJ AJ
S S
T T
P P O
BG BG CA CB
BF BF
AM AM
BE CT
BA BA
