YuhuaEast TelokBlangahDrive Sennett SerangoonGarden SingaporeRiver SerangoonGarden Sennett TelokBlangahDrive CityHall Simpang Mandai Geylang ClementiCentral Midview UpperPayaLebar TagoreSindo UpperPayaLebar Mandai PasirRis SembawangStraits LorongChuan Kangkar JurongRiver ChoaChuKang JurongRiver Saujana HougangCentral Saujana JurongRiver Northshore JurongRiver Kangkar TanjongIrau BrasBasah Kangkar LorongChuan Shipyard ClarkeQuay BedokSouth ClarkeQuay Shipyard TamanJurong Shipyard OrangeGrove PeoplesPark OrangeGrove Shipyard SembawangStraits SwissClub WestCoast TuasNorthPioneer WestCoast SouthernIslands SembawangHills Dunearn SenokoNorth KianTeck LittleIndia KianTeck BukitTimah KianTeck WoodlandsSouth PasirPanjang2 BukitBatokSouth WoodlandsWest Northland WoodlandsWest BukitBatokSouth PasirPanjang2 SenokoNorth Dunearn Seletar Woodgrove Seletar UluPandan SouthernIslands Redhill MountEmily KebunBahru PasirPanjang1 YishunWest RochorCanal YishunWest StraitsView YishunWest PasirPanjang1 KebunBahru Tampines PengSiang Tampines KebunBahru MountEmily PayaLebarEast MountPleasant TohGuan PayaLebarEast MountEmily PayaLebarNorth ConeyIsland ShangriLa TiongBahru TuasBay SembawangEast Victoria Rochor PayaLebarNorth MountEmily Bangkit YioChuKang Bangkit SouthernIslands WestCoast Commonwealth KentRidge Commonwealth Chatsworth Commonwealth SungeiRoad Kranji PangSua Kranji SungeiRoad Commonwealth WestCoast HougangEast JurongPort JooSengPayaLebar SenokoWest PeiChun JurongPort TanglinHalt MandaiEast TanglinHalt JurongPort HougangEast Changi Sembawang EastCoast Sembawang Changi SembawangCentral NatureReserve ChangiWest NatureReserve SembawangCentral Changi HougangEast WestCoast SembawangStraits OneTreeHill HongKah OneTreeHill Katong BoonTeck ClementiNorth SenokoSouth LoyangEast SenokoSouth ClementiNorth BoonTeck Katong EvertonPark ReservoirView PulauPunggolTimor Khatib SimpangNorth Khatib ReservoirView EvertonPark Katong OneTreeHill SembawangStraits PasirRis Mandai ChengSan BoonLayPlace JurongWestCentral ClementiWest Anson ClementiWest JurongWestCentral ChengSan Sengkang Brickworks KampongUbi TelokBlangahRise KallangWay PenjuruCrescent BukitBatokEast KallangWay TelokBlangahRise KampongUbi Brickworks Sengkang ChengSan Mandai Simpang YuhuaEast
79
Sennett Sennett ChinaSquare
SerangoonGarden SerangoonGarden
SingaporeRiver SingaporeRiver
CityHall CityHall
Mandai Mandai
Geylang Geylang
ClementiCentral Serangoon
Midview Punggol
TagoreSindo TagoreSindo SerangoonNorth
PasirRis PasirRis
SembawangStraits SembawangStraits
ChoaChuKang ChoaChuKang
Saujana Saujana BoatQuay
HougangCentral HougangCentral DefuIndustrialPark
TanjongIrau Aljunied
Shipyard Shipyard PasirRisPark
ClarkeQuay Matilda
BedokSouth BedokSouth
TamanJurong ChangiPoint
OrangeGrove OrangeGrove
PeoplesPark PeoplesPark BayfrontSubzone
TuasNorthPioneer TuasNorthPioneer
SouthernIslands SouthernIslands HongKahNorth
SembawangHills SembawangHills
Dunearn KeatHong
LittleIndia DhobyGhaut
BukitTimah Port
WoodlandsSouth Cairnhill
PasirPanjang2 SerangoonCentral
BukitBatokSouth BukitBatokSouth
WoodlandsWest WoodlandsWest
Northland Northland Mountbatten
Woodgrove PearlsHill
UluPandan UluPandan YioChuKangEast
Redhill Moulmein
MountEmily GeylangEast
KebunBahru KebunBahru
RochorCanal RochorCanal
Tampines Tampines
PengSiang BukitBatokWest
PayaLebarEast PayaLebarEast Museum
MountPleasant BenoiSector
TohGuan TohGuan PasirRisDrive
PayaLebarNorth Tanglin
TiongBahru TiongBahru
TuasBay TuasBay
SembawangEast TuasPromenade
Rochor PunggolField
YioChuKang YioChuKang
Commonwealth Commonwealth
KentRidge KentRidge
Chatsworth Chatsworth InstitutionHill
SungeiRoad SungeiRoad WaterwayEast
PangSua PangSua
HougangEast TampinesNorth
JurongPort JurongPort
JooSengPayaLebar JooSengPayaLebar
PeiChun PeiChun DairyFarm
MandaiEast MandaiEast
Sembawang Sembawang
EastCoast EastCoast
ChangiWest ChangiWest
OneTreeHill OneTreeHill Trafalgar
HongKah HongKah UpperThomson
ClementiNorth ClementiNorth
LoyangEast Kembangan
EvertonPark EvertonPark
ReservoirView ReservoirView
PulauPunggolTimor PulauPunggolTimor
Khatib Khatib
SimpangNorth SimpangNorth Paterson AlexandraNorth
ChengSan BedokNorth
BoonLayPlace BoonLayPlace LowerSeletar
JurongWestCentral JurongWestCentral
Anson OneNorth AngMoKioTownCentre
Brickworks Brickworks
KampongUbi Sentosa
TelokBlangahRise TelokBlangahRise SungeiKadut
KallangWay IstanaNegara
