BukitBatokEast LeonieHill Gombak Redhill PearlsHill Redhill Gombak LowerSeletar SouthernGroup Gombak CityHall Springleaf SwissClub Frankel Tengeh GhimMoh Frankel CompassvaleTrafalgar Frankel SwissClub SembawangHills SimpangNorth Bendemeer PulauPunggolTimor NeeSoon AirportRoad TanglinHalt Bayshore NeeSoon Bendemeer SimpangNorth SembawangHills SwissClub Springleaf CityHall KampongGlam RobertsonQuay KampongGlam CityHall Gombak LeonieHill BukitBatokEast Simei KakiBukit BukitHoSwee Sembawang TiongBahruStation Geylang CliffordPier Geylang BukitBatokEast
21
BukitBatokEast RiverValley
LeonieHill LeonieHill
Gombak DowntownCore
Redhill Redhill
PearlsHill PearlsHill
LowerSeletar LowerSeletar
CityHall CityHall
SwissClub SwissClub
Frankel Frankel
Tengeh Tengeh Safti
GhimMoh GhimMoh
CompassvaleTrafalgar GaliBatuMandai
SembawangHills TanjongPagar
SimpangNorth SimpangNorth
NeeSoon NeeSoon
AirportRoad Tyersall
Bayshore ChoaChuKang Hillcrest
RobertsonQuay Sudong
Simei Simei SungeiRoad
Sembawang Sembawang JooKoon
TiongBahruStation TiongBahruStation
