Monroe CSprings Lewisville Monroe Clarksville Aurora Gainesville Hemet Hayward Gainesville Duluth Dayton Fullerton Austin Layton Canton Four Monroe Berkeley Moreno Montgomery Two Melbourne Lacey Elizabeth Irving Bakersfield Mobile Bakersfield Gastonia Six Chesapeake Asheville Carrollton Columbus Carrollton Asheville Escondido Miami ElkGrove Evansville Nine Bloomington Corona Houston Atlanta Boise Albany Champaign Milwaukee Hialeah Brighton Bremerton Kenosha Honolulu Kenosha Flint Bremerton Bedford GreenBay Hickory Ten Lakeland Grays Aberdeen Grays Lakeland Ten Louisville Jacksonville Charlotte Hartford Glendale Amarillo Hickory GreenBay Bedford Chula Brighton Albany Cambridge Madison Gulfport Madison Boise Aribel Naperville Concord Eight Havre Marysville Minneapolis Anchorage Apple Viejo Hesperia Clarke Lakewood Clarke Irvine Hagerstown Clarke Hesperia McAllen Greenville Jersey Greenville Greensboro Collins Greensboro Greenville McAllen Hesperia Viejo Lincoln Lorain Boulder Cathedral Elkhart Viejo Havre Naperville Fitchburg Augusta Eleven Denver Aribel Atlanta Burbank Joliet Durham Arlington Bridgeport Abilene Charleston Laredo Johnson One Burlington Jefferson Myrtle Rapids Houston Kansas Jackson Columbia Melbourne Two Hampton Modesto Lauderdale Modesto Hampton Prairie Moreno Berkeley Monroe
74
Monroe Monroe
CSprings Naples Muskegon
Lewisville Lewisville Allentown
Clarksville Clarksville
Aurora Vista
Gainesville Gainesville
Hayward Hayward Denton
Dayton Dayton
Austin Austin
Layton Layton
Canton Canton Leominster
Four Four
Montgomery Montgomery Detroit Merced
Melbourne Melbourne
Lacey Lacey
Elizabeth Elizabeth
Irving Irving
Mobile Mobile
Six Monterey
Chesapeake Chesapeake Manchester
Asheville Asheville Fairfield
Carrollton Carrollton
Columbus Baton
Miami Miami Corpus
Evansville Davidson
Nine Akron
Boise Boise
Albany Albany
Milwaukee Dallas
Hialeah Hialeah Mesa
Brighton Bethlehem
Bremerton Cary
Kenosha Kenosha Baltimore
Bedford Bedford
Hickory Hickory Lafayette
Ten Ten
Lakeland Lakeland
Aberdeen Aberdeen Lowell
Louisville Anaheim Three
Jacksonville Jacksonville
Charlotte Kissimmee
Hartford Hartford
Glendale Glendale
Amarillo Amarillo Birmingham Mesquite
Cambridge Cambridge
Madison Brownsville
Gulfport Cleveland Huntsville
Eight Athens
Havre Havre
Anchorage Anchorage Daytona
Apple Apple Fayetteville
Viejo Viejo
Hesperia Hesperia
Clarke Clarke
Hagerstown Hagerstown Antioch
Greensboro Greensboro
Boulder Boulder
Cathedral Lancaster Killeen
Elkhart Elkhart Huntington Erie
Fitchburg Julian
Denver Denver Kennewick Bradenton
Arlington Arlington
Bridgeport Bridgeport Kailua
Abilene Abilene
Charleston Charleston
Laredo Laredo
Johnson Johnson
Burlington Burlington
Rapids Rapids
Columbia Gilbert
Hampton Hampton
Modesto Modesto
Lauderdale Seven
Prairie Prairie
