Myrtle Denton Myrtle Montgomery Lafayette Davidson Charles Cary Albuquerque Canton Bradenton Jacksonville Grays Jacksonville Dallas Hemet Monterey Plen Erie Minneapolis Honolulu Albuquerque Kissimmee Nashua ElPaso Vegas Nashua Moreno Aribel Abilene GreenBay Corpus Columbus Nashua Kissimmee Lacey Huntington Harlingen Fayetteville Chicago Arvada Appleton Leominster Arvada Bloomington Fayetteville Barnstable Prairie Harlingen Lorain Albuquerque Cary Charles Kennewick Boston Chesapeake Amarillo Chesapeake Kennewick Baton Hollywood Brownsville Cambridge Cedar Hesperia Champaign Bellevue Kansas Joliet Kansas Brighton Myrtle
35
Montgomery Montgomery Cathedral
Lafayette Baltimore
Davidson Davidson
Cary Cary
Albuquerque Albuquerque
Bradenton Bradenton
Grays Grays
Dallas Dallas Chandler
Hemet Hemet
Plen Plen
Erie Erie Huntsville
Minneapolis Minneapolis Lexington Alexandria
Kissimmee Kissimmee Miramar
Nashua Nashua
ElPaso Bridgeport
Moreno Moreno Merced
Aribel Aribel
Abilene Abilene Hartford
GreenBay GreenBay
Corpus Corpus
Huntington Huntington Muskegon
Harlingen Harlingen
Fayetteville Albany
Chicago Chicago
Appleton Appleton
Leominster Leominster Houma
Bloomington Bloomington Medford
Barnstable Barnstable Macon
Lorain Lorain Lansing
Hollywood Hollywood
Brownsville Brownsville Mobile
Cedar Cedar
Champaign Champaign
Kansas Kansas
Joliet Joliet Deltona
