DK BG AJ CW AT CK BD CV EY GD HC FF BF BV AP BF FF HC CV BD DY ES HF ES CK CW HD CY DF AH CY ER AU BH GE AU DB FC HE DZ CJ AI DI EU EX AA FB CM EH FD AQ ET BK AW AR BO AR BZ EP AC DU HA AC FH EA AL FH GK BJ BZ GZ CJ GY GO CG CL CP BM CU GM DX DC GS FY CZ AF DX CL FQ AD DN HB FI AM FU CG DA BW ED CD AY CO AV FS CF AK DG EF DJ GL DG CF FS EG FT AO FS AV EC EN FR GO GH BS GA DR FL CQ DB DO DT CE ER GR EJ HD EO DD DK BY DK
78
CW CW BI
AT AT
CK CK
BD EM
EY EY
HC HC CA
BF BF
BV BV
AP DM
DY GV
ES ES
HF HF
HD HD
CY CY
DF DF CI
AH GB
AU AU
BH BH FG
GE EB
DB DB
FC DP
HE HE CT
DZ DZ
CJ GN
DI DI
AA AA
FB FB
CM CM
EH EL GT
FD FD FP
ET ET
BZ BZ
EP EP DE
DU DU
HA EW
FH FH
EA EA
AL CX
GK DL
BJ BC
GZ GZ
GY GY BE
CG CG
CP CP
BM BM
CU CU
DX DX CS
AF AN
FQ CR
AD FW
DN DN
HB HB FZ
AM AM CC
FU GG
DA HI
BW BW
ED ED
CD CD FA
AY AY
AV AV
CF BR
AK AK
EF EF
DJ BP
GL AZ
EG BL
FT FT
AO AO AG
EN EN
BS AB
GA GX
DO DO
DT DT
CE CE HJ
GR GR
EO EO FN
DD DD
BY EQ
