Soda EtcheverryHall WicksonNaturalArea OptometryClinic Piedmont NorthField FacultyGlade Emeryville HaasSchoolofBusiness LevineFrickeField UniversityHall Hayward FosterCity BarrowLane ChanShunAuditorium HertzHall Saratoga MartinezCommons BerkeleyArtMuseum Dwinelle CNMAT EastGate ChouHall TangCenter Hillsborough MosesHall Belmont BancroftLibrary Larkspur MLK Healdsburg SutardjaDaiHall Campanile LatimerHall ElCerrito Insectary Novato McConeHall SpiekerPlaza EastAsianLibrary CareerCenter DurantHall OBrienHall ObservatoryHill GianniniHall WarrenHall Albany SanRafael SatherRd Napa Campbell HilgardHall GayleyRd IshiCourt Pacifica ResidenceHalls GoldmanField BirgeHall WheelerHall SanFrancisco GoldmanPlaza WitterField GilmanHall EvansDiamond SuisunCity HavilandHall HearstGreekTheatre Hercules KroeberHall HesseHall BotanicalGarden LifeSciencesAddition SantaRosa BrainImagingCenter HildebrandHall SpringerGateway Antioch MinorHallAddition StHelena Classof1914Fountain AnthonyHall HaasPavilion SimonHall SouthHall ClearyHall KrutchTheater MulfordHall Pinole Oakland StanleyHall Orinda Oakley BarrowsHall MorrisonHall GiauqueHall MemorialGladeandPool McLaughlinHall WellmanHall SternHall WooHonFaiHall DonnerLab NorthGateHall UCBerkeleyExtension BanwayBldg UniversityHouse AlumniHouse HalfMoonBay PaloAlto WursterHall Brentwood BarkerHall Moffitt PimentelHall VLSB Burlingame VisitorCenter Soda
57
EtcheverryHall EtcheverryHall
WicksonNaturalArea WicksonNaturalArea
Piedmont Piedmont
Emeryville Emeryville SproulPlaza
Hayward Hayward Unit3
HertzHall HertzHall Unit1
Saratoga Saratoga
MartinezCommons MartinezCommons
BerkeleyArtMuseum Cory
EastGate EastGate
ChouHall ChouHall
Hillsborough Hillsborough
MosesHall SanRamon
Belmont Belmont
BancroftLibrary BancroftLibrary
MLK WomenFacultyClub Brisbane
Healdsburg Healdsburg
SutardjaDaiHall EvansHall
Campanile Campanile
Insectary Insectary
Novato Pittsburg
DurantHall HearstMiningCircle
Albany Albany
SanRafael SanRafael Fairfield
HilgardHall SanPablo
IshiCourt IshiCourt Benicia
Pacifica Pacifica
GoldmanField GoldmanField
WheelerHall WheelerHall
WitterField WestCircle
GilmanHall GilmanHall
HearstGreekTheatre HearstGreekTheatre CalvinLaboratory
KroeberHall KroeberHall
HesseHall BlumHall
MinorHallAddition MinorHallAddition FoundersRock
StHelena StHelena KleebergerFieldHouse
AnthonyHall AnthonyHall
SouthHall SatherTower
ClearyHall ClearyHall
MulfordHall MulfordHall ZellerbachHall
Pinole Pinole
Orinda Orinda
Oakley Oakley
BarrowsHall LewisHall WestGate
GiauqueHall GiauqueHall Alameda
MemorialGladeandPool StadiumRimWay
McLaughlinHall LowerSproulPlaza
WellmanHall WellmanHall
SternHall SternHall
DonnerLab DonnerLab
NorthGateHall NorthGateHall HargroveMusicLibrary
AlumniHouse ClarkKerrCampus
WursterHall WursterHall
BarkerHall BarkerHall
PimentelHall PimentelHall
VLSB FrankSchlessingerWay
Burlingame ZellerbachPlayhouse
