L16 L135 L73 L58 L18 L138 L27 L63 L103 L41 L22 L94 L85 L86 L115 L33 L115 L22 L153 L82 L62 L121 L24 L124 L6 L148 L45 L0 L79 L12 L28 L52 L28 L12 L108 L37 L79 L114 L84 L3 L36 L70 L36 L3 L56 L84 L8 L116 L126 L104 L9 L111 L9 L104 L150 L17 L51 L154 L95 L19 L130 L19 L17 L150 L87 L118 L13 L38 L81 L89 L109 L21 L118 L59 L42 L53 L118 L88 L35 L88 L90 L119 L80 L113 L46 L67 L145 L60 L145 L120 L20 L32 L92 L120 L0 L45 L47 L49 L97 L131 L141 L41 L71 L72 L133 L149 L4 L143 L123 L73 L16
63
L16 L16
L73 L99
L18 L18 L5
L138 L138
L27 L27
L63 L63 L61
L103 L103
L22 L22
L94 L94
L85 L85
L86 L75
L33 L74
L153 L153
L82 L82
L62 L62
L24 L24 L7
L124 L124
L6 L29 L93
L148 L78 L91
L79 L79 L100
L12 L12
L28 L28
L52 L52 L43
L37 L142
L114 L114 L140
L84 L84
L70 L70 L77
L56 L56
L8 L8
L116 L2 L101
L126 L126 L151
L104 L104
L9 L9
L111 L83
L150 L150
L95 L95 L152
L130 L130 L1
L87 L87
L118 L107
L13 L76 L139
L38 L38 L134
L81 L125
L89 L89 L11
L109 L109
L21 L21 L147
L53 L53 L110
L35 L35 L106
L90 L90
L119 L119
L80 L80
L67 L67
L145 L145
L120 L128 L129
L20 L20
L92 L92
L47 L47 L146
L131 L131
L141 L141
L72 L72
L133 L133 L68 L144
L149 L149
L4 L4
L143 L143 L40 L65
