1 77 70 77 100 25 11 80 47 7 6 26 54 98 99 67 12 90 85 24 85 90 12 67 20 99 76 98 54 7 51 17 38 47 63 22 13 8 87 8 13 22 64 46 43 46 45 16 45 22 62 35 15 62 60 57 94 72 23 9 39 9 71 9 23 84 63 96 28 27 96 93 47 91 29 36 19 36 29 91 88 81 25 66 25 100 1
39
1 1
77 77
100 100
11 50
7 7 41
6 6 33
26 26
99 99
67 67 40
12 12
90 90
85 85
24 49
20 2
76 76 68
17 17 82
63 63
13 3 55
8 8
87 87
64 64
45 45
16 16
62 62
35 35
15 83
57 21
94 94
72 72
9 9
39 39 14
71 71 61
84 58
28 28 42
93 73
91 91 53
29 29
19 19 5
81 81
