61 48 59 77 53 77 66 77 92 94 25 27 2 67 50 24 50 67 2 25 49 11 26 45 54 38 80 74 38 54 98 72 75 26 11 28 35 28 79 30 90 21 52 42 91 8 0 8 91 29 15 91 60 36 97 19 7 97 60 57 51 76 51 57 88 1 83 20 47 91 21 90 71 33 82 94 87 12 22 34 22 89 94 77 61
37
48 48
92 92 44
25 25
2 2
67 67
11 11
26 26
80 80 14
74 74 40
98 98
72 72
75 58
28 28 65
35 35 10
30 30
90 90
42 42
91 91 32 70
8 8
0 39 69
15 15 37
60 60
36 36
97 97 85
19 3
7 73
57 57
51 51 86
76 76
1 1
83 83
47 31
33 33 63
82 82 17
12 5
34 6
89 4
