114 49 58 102 61 102 97 88 122 31 14 162 72 3 72 162 90 124 90 180 16 54 132 130 176 104 87 144 2 9 2 144 87 104 176 183 138 146 169 84 180 90 125 70 43 113 89 59 27 55 42 120 66 120 142 42 55 79 15 48 33 48 136 50 112 181 21 181 112 166 48 15 20 83 139 143 20 113 43 197 174 58 67 91 28 85 62 108 51 46 0 29 190 0 173 175 74 173 46 187 135 187 46 80 133 10 25 191 160 191 25 10 133 80 149 45 164 45 95 149 129 92 47 26 18 26 129 149 98 100 73 81 182 57 117 1 151 1 117 57 188 98 67 78 161 99 128 19 171 64 127 155 127 165 111 22 82 60 140 137 44 11 32 24 179 17 147 96 167 147 153 147 17 194 32 11 44 168 44 60 195 5 37 65 40 71 110 5 195 60 114
84
114 114
49 49
102 102 170
31 31
14 14
3 3 4 7 103
124 124
16 16
132 12
176 176
87 87
9 38
183 183
146 146
169 169
84 84
70 70
43 43
89 89
59 59 131
42 42
66 66
15 15
33 33
112 112
181 181 148
21 21
166 166
143 105 109
197 197
174 174 94 150
67 67
91 91
28 28
85 199
62 62
108 108
51 51
0 0
29 29
190 76
173 173
175 175
74 74
187 187
135 135 93
133 133
10 10
191 191
149 149 35
164 164 154
95 95 53
92 92
47 47
26 26
18 18 63
98 98
100 100
81 81
182 182
57 75
117 117
1 1
188 188
78 78
161 161
19 119
171 171
127 127
155 155
111 111
22 69
140 177
32 32
24 24
17 36
147 147
96 96
167 167
195 195
5 5 41
37 37 115
65 196
110 134
