49 20 62 56 3 73 41 67 26 85 33 37 71 47 68 81 52 40 2 40 51 23 55 81 37 66 80 59 78 64 75 64 33 85 67 3 95 53 24 34 13 83 99 31 1 11 87 39 82 98 97 42 86 16 18 15 45 27 38 94 19 54 65 5 8 94 38 27 15 69 15 34 53 95 56 62 96 60 91 88 35 88 50 49
41
49 49
20 20
73 73
41 76
37 37
71 71
47 47
68 93
81 7
2 2
51 51
23 23 9 70
55 55 12
80 80 48
59 59
64 64
75 32
95 95
53 53
24 24
34 6
83 83
1 1 4
11 11 89
87 87
82 82
98 98
97 97
42 42
86 86
16 16 77
18 18 10
45 45
38 38 21
19 19
5 5
8 72
60 60
88 88
35 36
50 90
