Liam Jordan Jack Joshua Jack Jordan Leonardo George Ethan Juan Ivan Hudson Jameson Matteo Julian Josiah Julian Matteo Jameson Hudson Ivan Juan Ethan Brantley Kai Blake Calvin Nathan Connor Jasper Alan Santiago Carter Elliott Caleb Wesley Caleb Elliott Jeremy Joel Dylan Joel Jeremy Elliott Carter Santiago Kaleb Antonio Grant Cooper Grant Max Jayden Bentley Camden Maverick Noah Brandon Kingston Miles Nolan Elijah Nolan Miles Kingston Brandon Noah Camden Bentley Jayden Max Grant Ashton Jose Ezra Jose Ashton Grant Zayden Grant Antonio Kaleb Abraham Giovanni Abraham Kaleb Santiago Alan Jasper Elliot Grayson Maxwell Anthony Maxwell Grayson Elliot Brody Elliot Jasper Connor Nathan Kevin John Matthew Jayce Henry Malachi Adam Malachi Bryson Malachi Henry Jayce Gabriel Jayce Matthew King Matthew John Messiah Eric Messiah Miguel Mateo Aiden Richard Preston Richard Aiden Tucker Charles Tucker Aiden Mateo Miguel Amir Aaron Chase Dean Beau Dean Patrick Oliver Andrew Oliver Patrick Dean Chase Aaron Amir Miguel Messiah Zion Gavin Waylon Marcus Waylon Gavin Dawson Declan Brayden Declan Dawson Gael Wyatt Edward Sebastian Edward Wyatt Gael Dawson Alejandro Dawson Ryder Silas Ryder Zion Hayden Bennett Hayden Zion Rhett Zion Messiah John Kevin Weston Abel Steven James Steven Hunter Zachary Jude Theodore Rowan Theodore Jude Zachary Hunter Steven Sawyer Eli Sawyer Steven Everett Steven Abel Weston Kevin Finn Kevin Nathan Calvin Blake Kai Brantley Ethan George Emmett Xavier Emmett Graham Maximus Kayden Maximus Graham Emmett George Leonardo Xander Maddox Ezekiel Maddox Kaiden Maddox Xander Oscar Xander Leonardo Jordan Liam
68
Liam Liam Evan
Jordan Jordan
Jack Jack
Joshua Joshua Lucas
Ethan Ethan
Hudson Hudson
Jameson Benjamin
Julian Julian
Josiah Josiah
Kai Christopher Carson
Nathan Nathan
Connor Connor
Carter Carter
Caleb Caleb
Dylan Dylan Lincoln
Kaleb Elias
Antonio Owen
Cooper Cooper
Jayden Jayden
Maverick Maverick
Noah Noah
Kingston Luke
Nolan Nolan Logan
Elijah Elijah Adrian
Jose Jose
Ezra Ezra Jackson
Giovanni Robert
Grayson Grayson Alexander
Anthony Anthony Angel
Brody David
John John
Matthew Matthew
Henry Henry
Adam Adam Colton
Bryson Bryson Leo
Gabriel Gabriel Cameron
King Jaxon
Eric Samuel Greyson
Mateo Mateo
Aiden Aiden
Richard Easton
Preston Jonathan
Charles Charles Mason
Aaron Aaron Michael
Beau William
Oliver Oliver
Andrew Andrew
Marcus Parker
Brayden Brayden Asher
Wyatt Wyatt
Sebastian Sebastian
Alejandro Ian
Silas Nicholas
Bennett Landon
Rhett Christian
Weston Jaxson
James James Isaac
Hunter Hunter Isaiah Thomas
Jude Joseph Jace
Theodore Theodore
Rowan Austin
Eli Eli
Finn Jacob
Xavier Xavier Ryan
Maximus Dominic
Ezekiel Ezekiel Jeremiah
Kaiden Daniel
Oscar Levi
