Liam Jaxon James Jaxon Isaiah Charles Oliver Grayson William Mason Samuel Alexander Mateo Isaac Mateo Alexander Samuel Mason William Jack Christopher Gabriel Noah Dylan Joshua Joseph Noah Logan John Jayden Logan Christopher Jack Grayson Oliver Aaron Luke Michael Lincoln Michael Aaron Charles Andrew Lucas Jackson Lucas Julian Lucas Andrew Charles Jaxon Liam
18
Liam Liam Benjamin
Jaxon Aiden David
James James
Oliver Oliver
William William Carter
Mason Mason Elijah
Samuel Samuel
Alexander Alexander Henry
Isaac Sebastian
Noah Noah
Dylan Wyatt
Joseph Joseph Jacob Matthew
Logan Logan
Jayden Daniel
Michael Michael
Lucas Lucas
Jackson Jackson
Julian Ethan
