Liam Elias Isaiah Joseph Mateo Alexander Mateo Gabriel Jaxon Isaac Joseph Jeremiah Joseph Jaxson Michael Jaxson Colton Jack Jameson Ayden Carter Ayden Jameson Jack Levi Jonathan Levi Evan Josiah Eli Dominic Eli Josiah Evan Chase Christopher Luke Asher Luke Christopher Chase Hunter Theodore David Anthony David Theodore Nicholas Jordan Roman Maverick Cooper Grayson Cooper Adrian Cooper Maverick Roman Jordan Nicholas Theodore Leonardo Theodore Hunter Chase Levi Colton Sawyer John Sawyer Jose Owen Jose Sawyer Jaxson Brayden Adam Julian Adam Robert Hudson Robert Adam Brayden Jaxson Joseph Isaiah Leo Aaron Nathan Ryan Cameron Jace Gavin Angel Landon Angel Parker Aiden William Logan William Aiden Parker Gavin Jace Cameron Nathan Aaron Thomas Aaron Leo Isaiah Liam
23
Liam Liam
Joseph Joseph
Alexander Alexander Mason
Michael Michael
Carter Carter Benjamin
Jonathan Henry
Eli Lucas Jackson Wyatt
Dominic Oliver
Luke Luke
David David Sebastian
Roman Jacob
Cooper Matthew
Adrian Elijah
John John
Owen Owen Noah
Brayden Ethan Samuel
Adam Jayden
Julian Dylan
Robert Daniel
Aiden Aiden
William William
Logan Logan
Thomas James
