zero one eight nine ten eleven twelve eleven ten nine eight fifteen sixteen seventeen eighteen nineteen eighteen seventeen sixteen fifteen twentytwo twentythree twentyfour twentyfive twentysix twentyfive twentyfour twentythree twentytwo twentynine thirty thirtyone thirtytwo thirtythree thirtytwo thirtyone thirty twentynine thirtysix thirtyseven thirtyeight thirtynine forty thirtynine thirtyeight thirtyseven thirtysix fortythree fortyfour fortyfive fortysix fortyseven fortysix fortyfive fortyfour fortythree fifty fiftyone fiftytwo fiftythree fiftyfour fiftythree fiftytwo fiftyone fifty fiftyseven fiftyeight fiftynine sixty sixtyone sixty fiftynine fiftyeight fiftyseven sixtyfour sixtyfive sixtysix sixtyseven sixtyeight sixtyseven sixtysix sixtyfive sixtyfour seventyone seventytwo seventythree seventyfour seventyfive seventyfour seventythree seventytwo seventyone seventyeight seventynine eighty eightyone eightytwo eightyone eighty seventynine seventyeight eightyfive eightysix eightyseven eightyeight eightynine eightyeight eightyseven eightysix eightyfive ninetytwo ninetythree ninetyfour ninetyfive ninetysix ninetyfive ninetyfour ninetythree ninetytwo eightyfive seventyeight seventyone sixtyfour fiftyseven fifty fortythree thirtysix twentynine twentytwo fifteen eight one zero
40
zero two three four five six
eight fourteen
ten ten
twelve twelve
fifteen fifteen
nineteen twenty
twentytwo twentytwo
twentyfour twentyfour
twentyfive twentyfive
twentynine twentynine thirtyfive
thirty thirty
thirtythree thirtythree thirtyfour
thirtysix thirtysix
thirtyseven thirtyseven
thirtynine thirtynine
fortyfour fortyfour
fortyfive fortyfive
fortyseven fortyseven fortyeight
fifty fifty
fiftyone fiftyone
fiftythree fiftythree
fiftyfour fiftyfive
fiftyseven fiftyseven
sixty sixty
sixtyone sixtyone sixtytwo
sixtyfour seventy
sixtyfive sixtyfive
sixtysix sixtysix
sixtyseven sixtyseven
sixtyeight sixtyeight
seventyone seventyone seventyseven
seventyfive seventyfive
seventyeight seventyeight eightyfour
seventynine seventynine
eightyone eightyone
eightytwo eightytwo
eightyseven eightyseven
eightyeight eightyeight
eightynine eightynine
ninetyfive ninetyfive
