zero one eight nine ten eleven twelve eleven ten nine eight fifteen sixteen seventeen eighteen nineteen eighteen seventeen sixteen fifteen twentytwo twentythree twentyfour twentyfive twentysix twentyfive twentyfour twentythree twentytwo twentynine thirty thirtyone thirtytwo thirtythree thirtytwo thirtyone thirty twentynine thirtysix thirtyseven thirtyeight thirtynine forty thirtynine thirtyeight thirtyseven thirtysix fortythree fortyfour fortyfive fortysix fortyseven fortysix fortyfive fortyfour fortythree fifty fiftyone fiftytwo fiftythree fiftyfour fiftythree fiftytwo fiftyone fifty fiftyseven fiftyeight fiftynine sixty sixtyone sixty fiftynine fiftyeight fiftyseven sixtyfour sixtyfive sixtysix sixtyseven sixtyeight sixtyseven sixtysix sixtyfive sixtyfour seventyone seventytwo seventythree seventyfour seventyfive seventyfour seventythree seventytwo seventyone seventyeight seventynine eighty eightyone eightytwo eightyone eighty seventynine seventyeight eightyfive eightysix eightyseven eightyeight eightynine eightyeight eightyseven eightysix eightyfive ninetytwo ninetythree ninetyfour ninetyfive ninetysix ninetyfive ninetyfour ninetythree ninetytwo ninetynine onehun onehunone onehuntwo onehunthree onehuntwo onehunone onehun ninetynine onehunsix onehunseven onehuneight onehunnine onehunten onehunnine onehuneight onehunseven onehunsix onehunthirteen onehunfourteen onehunfifteen onehunsixteen onehunseventeen onehunsixteen onehunfifteen onehunfourteen onehunthirteen onehuntwenty onehuntwentyone onehuntwentytwo onehuntwentythree onehuntwentyfour onehuntwentythree onehuntwentytwo onehuntwentyone onehuntwenty onehuntwentyseven onehuntwentyeight onehuntwentynine onehunthirty onehunthirtyone onehunthirty onehuntwentynine onehuntwentyeight onehuntwentyseven onehunthirtyfour onehunthirtyfive onehunthirtysix onehunthirtyseven onehunthirtyeight onehunthirtyseven onehunthirtysix onehunthirtyfive onehunthirtyfour onehunfortyone onehunfortytwo onehunfortythree onehunfortyfour onehunfortyfive onehunfortyfour onehunfortythree onehunfortytwo onehunfortyone onehunfortyeight onehunfortynine onehunfifty onehunfiftyone onehunfiftytwo onehunfiftyone onehunfifty onehunfortynine onehunfortyeight onehunfiftyfive onehunfiftysix onehunfiftyseven onehunfiftyeight onehunfiftynine onehunfiftyeight onehunfiftyseven onehunfiftysix onehunfiftyfive onehunsixtytwo onehunsixtythree onehunsixtyfour onehunsixtyfive onehunsixtysix onehunsixtyfive onehunsixtyfour onehunsixtythree onehunsixtytwo onehunsixtynine onehunseventy onehunseventyone onehunseventytwo onehunseventythree onehunseventytwo onehunseventyone onehunseventy onehunsixtynine onehunseventysix onehunseventyseven onehunseventyeight onehunseventynine onehuneighty onehunseventynine onehunseventyeight onehunseventyseven onehunseventysix onehuneightythree onehuneightyfour onehuneightyfive onehuneightysix onehuneightyseven onehuneightysix onehuneightyfive onehuneightyfour onehuneightythree onehunninety onehunninetyone onehunninetytwo onehunninetythree onehunninetyfour onehunninetythree onehunninetytwo onehunninetyone onehunninety onehuneightythree onehunseventysix onehunsixtynine onehunsixtytwo onehunfiftyfive onehunfortyeight onehunfortyone onehunthirtyfour onehuntwentyseven onehuntwenty onehunthirteen onehunsix ninetynine ninetytwo eightyfive seventyeight seventyone sixtyfour fiftyseven fifty fortythree thirtysix twentynine twentytwo fifteen eight one zero
81
zero two three six seven
one one
eight fourteen
ten ten
eleven eleven
twelve twelve
fifteen fifteen
sixteen sixteen
seventeen seventeen
nineteen twenty
twentythree twentythree
twentyfive twentyfive
twentysix twentysix twentyseven
twentynine twentynine
thirtythree thirtythree thirtyfour
thirtyseven thirtyseven
thirtyeight thirtyeight
fortythree fortythree fortynine
fortyfour fortyfour
fortyfive fortyfive
fiftytwo fiftytwo
fiftythree fiftythree
fiftyfour fiftyfive
fiftyseven fiftyseven
fiftyeight fiftyeight
sixty sixty
sixtyfour sixtyfour seventy
sixtysix sixtysix
sixtyseven sixtyseven
sixtyeight sixtynine
seventyone seventyone seventyseven
seventytwo seventytwo
seventyfive seventyfive
seventyeight seventyeight eightyfour
seventynine seventynine
eightytwo eightytwo eightythree
eightyseven eightyseven
ninetytwo ninetyeight
ninetynine ninetynine
onehunone onehunone
onehuneight onehuneight
onehunten onehunten onehuneleven
onehunthirteen onehunthirteen onehunnineteen
onehunsixteen onehunsixteen
onehunseventeen onehunseventeen onehuneighteen
onehuntwenty onehuntwentysix
onehuntwentyone onehuntwentyone
onehuntwentythree onehuntwentythree
onehuntwentyfour onehuntwentyfour
onehuntwentyseven onehuntwentyseven
onehuntwentyeight onehuntwentyeight
onehunthirty onehunthirty
onehunthirtyfour onehunforty
onehunthirtyfive onehunthirtyfive
onehunfortythree onehunfortythree
onehunfortyfour onehunfortyfour
onehunfortyfive onehunfortyfive onehunfortysix
onehunfortyeight onehunfiftyfour
onehunfortynine onehunfortynine
onehunfifty onehunfifty
onehunfiftyfive onehunsixtyone
onehunfiftyseven onehunfiftyseven
onehunfiftynine onehunfiftynine onehunsixty
onehunsixtythree onehunsixtythree
onehunsixtyfour onehunsixtyfour
onehunsixtyfive onehunsixtyfive
onehunsixtysix onehunsixtysix
onehunsixtynine onehunsixtynine onehunseventyfive
onehunseventy onehunseventy
onehunseventyone onehunseventyone
onehunseventythree onehunseventythree onehunseventyfour
onehunseventysix onehunseventysix onehuneightytwo
onehunseventyeight onehunseventyeight
onehuneighty onehuneighty onehuneightyone
onehuneightyfour onehuneightyfour
onehuneightyseven onehuneightyseven
onehunninety onehunninety
onehunninetyone onehunninetyone
onehunninetytwo onehunninetytwo
onehunninetythree onehunninetythree
onehunninetyfour onehunninetyfour
