0 52 96 71 76 81 74 91 82 97 13 69 25 56 25 13 97 40 45 85 40 97 67 70 11 70 67 97 65 97 19 82 74 81 76 71 28 80 47 2 78 20 78 30 78 8 43 8 78 51 94 93 24 62 53 12 26 29 12 53 57 99 57 62 24 87 92 16 17 16 92 22 87 55 48 18 93 94 64 94 51 2 47 28 71 96 88 52 73 52 58 14 58 38 46 38 58 52 0
35
0 0
52 27
97 1
13 13
69 3
25 25 34
56 15
40 40
45 45 49
85 44
11 11
19 19 35 31
28 28
47 47
2 2
78 5
20 20 41 4
30 30 37
8 8
43 43 10
93 32
24 24
12 12
26 26
29 29 42
16 16
17 17 7
22 22 21
48 48
18 18 36
64 39
88 23 6
14 14 33
38 38 9
46 46
