equinox name progress wilderness constant lamb improvement sell cycle incident safari approach advocate union liability chain presidential mirror bark aisle conference research fish brick extension twitch glove suffering dry revise mastermind tropical charismatic roll tile essential paint seller community orange frighten recording tongue kitchen improve disposition explicit death uncertainty reinforce corpse balance flow slice sustain hiccup machinery equinox
34
equinox equinox band
name funeral
progress dollar
wilderness wilderness
lamb lamb
safari secretary
union union fibre
chain chain
presidential presidential
mirror prejudice
bark bark
aisle aisle
fish fish
brick brick remark
extension analyst
twitch twitch
glove glove
suffering novel
dry dry
mastermind mastermind
tropical tropical muggy
essential essential jurisdiction
paint paint
seller seller houseplant
orange orange
kitchen farewell
disposition disposition
explicit explicit clothes referee
uncertainty uncertainty
corpse corpse
flow flow
slice slice
hiccup hiccup photograph
machinery method
