pump need preoccupation inquiry voice splurge fitness prevent clock plane salesperson share admiration clock deprivation sit flight compromise distributor impound nap moment go distributor exercise resort mud lead grudge preparation sentiment ton sweet sentiment packet soap affect ground AIDS separate symbol lump sticky button sensitivity line operational novel pursuit genetic bear opposite operational skin float reject pipe polish statement valley rock compromise talkative slump category splurge ghost diagram precede extension descent gun ensure agenda park cemetery descent opposition wing arise terminal transform wife performance shed inspector few duck slam Mars satellite Mars literature sex incapable coma minor pepper pedestrian pastel peanut depressed opposition unanimous consensus opposition hallway feign bacon consideration Bible protect hierarchy feign tip allow mouse appearance hit connection projection hit tune parallel sacrifice increase control engineer sacrifice wear sketch pump
64
pump pump
need need
preoccupation preoccupation
splurge plug
admiration admiration attractive
sit sit
flight linger
distributor distributor
impound impound
go survival
exercise exercise freedom
mud mud
sentiment sentiment
sweet sweet formulate
packet packet
affect affect
ground ground
separate separate
sticky sticky
button button
line line
novel row
pursuit pursuit
genetic genetic
float float
reject reject judicial
pipe pipe anger
polish polish
valley valley
rock rock
category category
ghost ghost
diagram diagram wage
descent descent
gun aspect
ensure ensure lemon
agenda physical
park park
opposition pray
performance performance title
shed gloom
satellite reflection
literature literature
sex leadership
incapable overlook
minor minor
pedestrian pedestrian prospect nominate
depressed depressed privilege range
unanimous unanimous
hallway hallway
feign feign
consideration consideration
protect fairy
hierarchy hierarchy innovation
tip tip
allow brain
mouse mouse
appearance appearance
parallel parallel forest
sacrifice sacrifice
increase guideline
engineer engineer
wear wear
sketch lot
