MapLocation152 MapLocation39 MapLocation152 MapLocation106 MapLocation41 MapLocation185 MapLocation9 MapLocation20 MapLocation158 MapLocation185 MapLocation163 MapLocation74 MapLocation51 MapLocation141 MapLocation3 MapLocation58 MapLocation116 MapLocation101 MapLocation40 MapLocation98 MapLocation190 MapLocation112 MapLocation71 MapLocation143 MapLocation169 MapLocation2 MapLocation21 MapLocation130 MapLocation146 MapLocation30 MapLocation85 MapLocation151 MapLocation2 MapLocation173 MapLocation188 MapLocation121 MapLocation61 MapLocation138 MapLocation49 MapLocation181 MapLocation153 MapLocation138 MapLocation120 MapLocation72 MapLocation79 MapLocation125 MapLocation86 MapLocation156 MapLocation0 MapLocation79 MapLocation121 MapLocation3 MapLocation122 MapLocation83 MapLocation82 MapLocation83 MapLocation122 MapLocation92 MapLocation187 MapLocation137 MapLocation65 MapLocation99 MapLocation57 MapLocation24 MapLocation110 MapLocation97 MapLocation154 MapLocation24 MapLocation166 MapLocation89 MapLocation88 MapLocation27 MapLocation96 MapLocation134 MapLocation197 MapLocation28 MapLocation42 MapLocation129 MapLocation50 MapLocation7 MapLocation10 MapLocation67 MapLocation19 MapLocation18 MapLocation11 MapLocation77 MapLocation5 MapLocation93 MapLocation196 MapLocation160 MapLocation184 MapLocation176 MapLocation17 MapLocation6 MapLocation14 MapLocation15 MapLocation16 MapLocation84 MapLocation162 MapLocation123 MapLocation13 MapLocation123 MapLocation170 MapLocation149 MapLocation52 MapLocation113 MapLocation126 MapLocation10 MapLocation78 MapLocation175 MapLocation56 MapLocation104 MapLocation7 MapLocation115 MapLocation135 MapLocation129 MapLocation42 MapLocation28 MapLocation73 MapLocation62 MapLocation80 MapLocation194 MapLocation168 MapLocation195 MapLocation68 MapLocation99 MapLocation127 MapLocation29 MapLocation108 MapLocation35 MapLocation94 MapLocation100 MapLocation147 MapLocation64 MapLocation38 MapLocation155 MapLocation152
77
MapLocation152 MapLocation152 MapLocation103
MapLocation106 MapLocation106
MapLocation41 MapLocation41
MapLocation185 MapLocation185 MapLocation76
MapLocation9 MapLocation9
MapLocation20 MapLocation20
MapLocation158 MapLocation118
MapLocation74 MapLocation150 MapLocation192
MapLocation141 MapLocation136
MapLocation58 MapLocation183
MapLocation116 MapLocation116
MapLocation71 MapLocation71 MapLocation128
MapLocation143 MapLocation186
MapLocation130 MapLocation111
MapLocation146 MapLocation146
MapLocation30 MapLocation119
MapLocation85 MapLocation85
MapLocation173 MapLocation173
MapLocation188 MapLocation32 MapLocation164
MapLocation121 MapLocation121
MapLocation61 MapLocation61
MapLocation153 MapLocation153
MapLocation72 MapLocation72
MapLocation79 MapLocation79
MapLocation125 MapLocation125
MapLocation86 MapLocation86 MapLocation53
MapLocation156 MapLocation156
MapLocation0 MapLocation182
MapLocation122 MapLocation122
MapLocation82 MapLocation59
MapLocation92 MapLocation92
MapLocation137 MapLocation137
MapLocation99 MapLocation99
MapLocation57 MapLocation57
MapLocation110 MapLocation36
MapLocation97 MapLocation97
MapLocation154 MapLocation154 MapLocation8
MapLocation166 MapLocation166
MapLocation96 MapLocation96 MapLocation69 MapLocation107
MapLocation197 MapLocation12
MapLocation28 MapLocation28
MapLocation42 MapLocation42
MapLocation129 MapLocation129
MapLocation50 MapLocation50
MapLocation7 MapLocation7
MapLocation10 MapLocation10 MapLocation22
MapLocation67 MapLocation67 MapLocation70
MapLocation19 MapLocation19
MapLocation18 MapLocation18 MapLocation81
MapLocation77 MapLocation77
MapLocation93 MapLocation179
MapLocation196 MapLocation47
MapLocation17 MapLocation17
MapLocation14 MapLocation14
MapLocation15 MapLocation15 MapLocation109
MapLocation16 MapLocation16 MapLocation198
MapLocation84 MapLocation189
MapLocation123 MapLocation123
MapLocation13 MapLocation13 MapLocation60
MapLocation170 MapLocation170
MapLocation149 MapLocation149 MapLocation43 MapLocation133
MapLocation113 MapLocation113
MapLocation175 MapLocation175
MapLocation56 MapLocation56 MapLocation145
MapLocation104 MapLocation104 MapLocation102
MapLocation135 MapLocation135 MapLocation171
MapLocation73 MapLocation55
MapLocation62 MapLocation62 MapLocation23
MapLocation80 MapLocation161
MapLocation194 MapLocation194 MapLocation105
MapLocation68 MapLocation114 MapLocation148
MapLocation127 MapLocation127
MapLocation29 MapLocation29
MapLocation35 MapLocation35
MapLocation94 MapLocation94
MapLocation100 MapLocation100
MapLocation155 MapLocation4
