0 15 14 3 14 12 16 17 13 9 20 18 7 8 7 18 20 19 20 21 30 29 23 24 26 24 23 29 30 34 33 47 44 48 44 47 33 34 45 34 30 35 37 38 28 38 36 42 36 38 41 38 37 35 30 21 20 9 13 11 13 17 16 12 14 15 0 50 65 64 53 64 62 66 67 63 59 70 68 57 58 57 68 70 69 70 71 80 79 73 74 76 74 73 79 80 84 83 97 94 98 94 97 83 84 95 84 80 85 87 88 78 88 86 92 86 88 91 88 87 85 80 71 70 59 63 61 63 67 66 62 64 65 50 100 115 114 103 114 112 116 117 113 109 120 118 107 108 107 118 120 119 120 121 130 129 123 124 126 124 123 129 130 134 133 147 144 148 144 147 133 134 145 134 130 135 137 138 128 138 136 142 136 138 141 138 137 135 130 121 120 109 113 111 113 117 116 112 114 115 100 150 165 164 153 164 162 166 167 163 159 170 168 157 158 157 168 170 169 170 171 180 179 173 174 176 174 173 179 180 184 183 197 194 197 183 184 195 184 180 185 187 188 178 188 186 192 186 188 191 188 187 185 180 171 170 159 163 161 163 167 166 162 164 165 150 100 50 0
63
0 1
3 3 2
9 10
8 5 6
30 22
23 27
24 24
26 26 25
33 33
47 47
44 44
48 48 49
36 36
42 42 46
41 41 40
11 4
50 51
53 53 52
59 60
58 55 56
80 72
73 77
74 74
76 76 75
83 83
97 97
94 94
98 98 99
86 86
92 92 96
91 91 90
61 54
100 101
103 103 102
109 110
108 105 106
130 122
123 127
124 124
126 126 125
133 133
147 147
144 144
148 148 149
136 136
142 142 146
141 141 140
111 104
150 151 199
153 153 152
159 160
158 155 156
180 172
173 177
174 174
176 176 175
183 183
197 197
194 194 198
186 186
192 192 196
191 191 190
161 154
