7FWNmYu1sEzp7YpjhNM0 W2denTwXnWz4qrXL3aFw kgMLDXb5R3ORIfTilNFP AzIG5crlJuxKgwAi8EiY ifTdJaO9BbhyS7vPeYry nAg8OEdqlYhSIX9nv2SQ Wf5r5fLld7uYzA371YeY scUa5QdkUC7khfk1TYEx wmgJPf9xJgBC30Z2iBfg goJftIzc5FBlw9j9PMfL ZPdVSQmUt7J8A3Rehp7D LbqkBWSxp6mSj0kbbpQH lSssYFAkHCaiCgsVnBjZ 3KOtUmI8wx8Is2Iqqd2S qUHIoJ8btUij9h8nDU8R QTxJ87HudblvfrcxhLKF CdlE2FMHtE23wbpleKPr B46pe0ii1rn1dcGCmje6 1foAom0YUla8ad6rygWf Ph9yGdcZCHpq7TcjF1ys GGbfPZ5r9fRsb9JaMs6R AKanlmGUSU3JxRuvHfxn Nqdnt8lMLeIhcHlj1s1V RIFDgOYLizqUpmzvNX0Y Hzf5jjegIHlFM1NlD4mu 6uJmr1C0tkMcbasOZ8YR EL7mPsSjxf2fIF5lmSlC eai1i56xxnAGWiJMC1fR IcKzxr7CcACAPE40T0L0 6uYVEZNStGwGBaOTSZJ3 iyStbsaTNUhgZNM2l5BQ g2g8WLVxe9HOQYy10Bok Hp324dioHwKLfiZ19twT pms1OeSRIu8epveHYsQw Hz0Iozclr5Dsmtt3I8hK vEWyy5AExfLu7sWP92aZ LEf0huj6HzVDaAZAnsYH kYHq5ypSLuToYqFtAcRu lDAnOMVYOYXzMCtINEX8 9l9bqgsSEgsSkszLK4O4 5yzYewNOjD4D1V8ZP8q1 7FWNmYu1sEzp7YpjhNM0
24
7FWNmYu1sEzp7YpjhNM0 A9DFzQyemv4Vrp2lXMgz
W2denTwXnWz4qrXL3aFw W2denTwXnWz4qrXL3aFw
kgMLDXb5R3ORIfTilNFP kgMLDXb5R3ORIfTilNFP
AzIG5crlJuxKgwAi8EiY AzIG5crlJuxKgwAi8EiY
nAg8OEdqlYhSIX9nv2SQ nAg8OEdqlYhSIX9nv2SQ
Wf5r5fLld7uYzA371YeY uKBUiyynqpfTFP93OJ0w
scUa5QdkUC7khfk1TYEx scUa5QdkUC7khfk1TYEx
goJftIzc5FBlw9j9PMfL goJftIzc5FBlw9j9PMfL
ZPdVSQmUt7J8A3Rehp7D ZPdVSQmUt7J8A3Rehp7D
lSssYFAkHCaiCgsVnBjZ pPWJrH430fABR0NcoPKV
qUHIoJ8btUij9h8nDU8R qUHIoJ8btUij9h8nDU8R
CdlE2FMHtE23wbpleKPr CdlE2FMHtE23wbpleKPr
B46pe0ii1rn1dcGCmje6 B46pe0ii1rn1dcGCmje6
1foAom0YUla8ad6rygWf 1foAom0YUla8ad6rygWf
RIFDgOYLizqUpmzvNX0Y RIFDgOYLizqUpmzvNX0Y
6uJmr1C0tkMcbasOZ8YR 6uJmr1C0tkMcbasOZ8YR
IcKzxr7CcACAPE40T0L0 IcKzxr7CcACAPE40T0L0
6uYVEZNStGwGBaOTSZJ3 6uYVEZNStGwGBaOTSZJ3
g2g8WLVxe9HOQYy10Bok g2g8WLVxe9HOQYy10Bok
Hp324dioHwKLfiZ19twT Hp324dioHwKLfiZ19twT
LEf0huj6HzVDaAZAnsYH LEf0huj6HzVDaAZAnsYH
lDAnOMVYOYXzMCtINEX8 lDAnOMVYOYXzMCtINEX8 PyIlH9YicODghA6KwJUV
9l9bqgsSEgsSkszLK4O4 9l9bqgsSEgsSkszLK4O4
5yzYewNOjD4D1V8ZP8q1 5yzYewNOjD4D1V8ZP8q1
