xse rsg dkp nsw ymw jfh mnp miy kgl nyk svk uau ptu ttw byu ruo qxs dnl hat fws zks rjv hmi vtd vjd aeg tdu ljd gex pjf tdu nbk ukv nbk bkg zkt qdw xmg qkp nvz vpr bow fia aaj nmf ksn pvs fzi xme fzi lwk nfr lrj nfr rtc txq igs qwk wbg njg aaj auf bod fia lvm agh nry cun bsc bse fbk vmv vaz vmv fjy eah kpp gfa nhi vzr gzr hks wiy qbf rir hjv vmt uuw nwn ckt ykt jwm brt hnq hxr jwx vnr fgp vlb mok uby adx dgl fin hxr ksg tlh gsy ceo xjt gzr nbi jgt qdz jgt vzr jfh ils jfh ymw odh xpy kcv gmq syk iqd qiq xnr iqd dkp rsg ras ask zud lqm ask zdb nis yie wvm lky wvm ckx qol uok cek ybr jam vsl cen rrp aeu cen ego qol xse
81
rsg rsg
nsw nsw
jfh jfh
miy miy
svk svk mti
uau uau
ptu ptu
ttw ttw bda
byu byu
ruo ruo
qxs qxs
rjv rjv idv
hmi hmi
vtd vtd
aeg aeg xeh
tdu tdu
ljd ljd tso cma
gex gex
pjf pjf wyg
ukv ukv nii
zkt zkt
qdw qdw
qkp yug
nvz nvz
fia fia
nmf nmf
ksn fhv
pvs pvs ikb
fzi fzi
xme xme vwg
lwk lwk
nfr nfr
lrj lrj bdh
rtc rtc
txq txq
igs aii
qwk hpx
wbg wbg
njg ocp
bod bod ogh krr
lvm lvm
nry nry
cun cun
bse nko
fbk fbk
vmv vmv
fjy fjy
kpp kpp
gfa bnl
nhi nhi
vzr vzr
hks emz
wiy wiy
qbf qbf
vmt vmt
uuw uuw
ykt vvn
fgp fgp
mok mok
adx adx kxn
dgl dgl
fin fin
ksg ksg
tlh tlh
xjt xjt
nbi fyc
jgt jgt
ils ils hcr
kcv qjf uwo
gmq tko
xnr khu nwc
zud zud
zdb zdb
ckx ckx
qol loj
uok uok
ybr ybr
jam jam phg
cen cen
aeu kfu
ego ego
