Vernon Anaheim Jamul Garden Church Garden Jamul Presidio Jamul Welwood Chowchilla Aptos Davis Olivehurst Visalia Newark Saint Bangor Colonnade Glencoe Bangor Saint Cudahy Coachella Newark Marshall Ames Fox Chittenden Armstrong Marshall Newark Louis Aptos Inaja Stockdale Carnelian Stockdale Robertsville Singing Robertsville Stockdale Inaja Pleasant Inaja Welwood Anaheim New Rough La Sulpizio El Sulpizio La Rough Le Lebec Terra Bodad Richvale Bodad Mount Artesia Mount Lebec Fremont Susan Chicken East Ida Glennville East Palomar Patrick Fiorini Aguanga Ellis Roseland Skydive California Commonwealth Downtown Magic Calexico Bell Brundage Capuchino Bonita Hammer Bonita Bradley Calexico Smith Ophir Smith Downtown Roseland Ellis Fiorini Palomar Stone Mecca Flinn Vallecito Mecca Bandini Moores Hub Moores Creston Boulevard Lincoln Boulevard Grasslands Susan Dutch Yucca Huron Cerro Le New Kaiser Clipper Warner Parchester Warner Yubadocs Clipper Kaiser Hoffman Clayton Del Helm Tijuana Manker Tijuana Sheep Meyers Helm Del Blue Three Sunny Del Clayton Fountain Manzanita Fullerton Sonoma Sequoia Yurok Alamo Escondido Smoke Yale Escalon Yale Smoke Buena Fullerton Fountain Tuxedo Hoffman Northern Lost Sherman Oildale Timbuctoo Sherman Potrero Hoffman Kaiser Rowland New Pacheco Willow Wallace Alameda Stanislaus Delta Stanislaus Willow South Anaheim Vernon
81
Anaheim Anaheim
Church Calaveras
Presidio Presidio
Olivehurst Davenport Santa
Visalia Sacramento
Saint Saint
Bangor Bangor
Glencoe Glencoe
Cudahy Cudahy
Marshall Marshall
Fox Fox
Chittenden Chittenden
Armstrong Armstrong
Louis Louis Crestmont
Stockdale Stockdale All
Robertsville Robertsville
Singing Yankee
Pleasant Pleasant Cambridge
Rough Rough
Sulpizio Sulpizio
Le Le
Terra Terra Quail
Bodad Bodad
Richvale Richvale
Glennville Cypress
Fiorini Fiorini
Roseland Roseland Dulzura
Skydive Garcia
California California Beach
Downtown Downtown
Bell Bell
Brundage Brundage Winterhaven
Capuchino Capuchino
Hammer Hammer
Bradley Bradley
Smith Smith
Stone Ramona
Mecca Mecca Collins
Flinn Flinn
Vallecito Carmel
Bandini Forbestown
Moores Moores
Creston Bakersfield
Grasslands Grasslands
Yucca Costa
Huron Huron
Cerro Cerro Temecula
Kaiser Kaiser
Clipper Veterans Ritter
Warner Warner Industry
Parchester Parchester
Hoffman Hoffman
Clayton Clayton
Del Del
Helm Helm
Tijuana Tijuana
Manker Manker
Meyers Industrial
Blue Blue Bonny
Three Three
Sunny Sunny Strawberry
Fountain Cressey
Fullerton Fullerton
Yurok Yurok
Alamo Alamo
Escondido Escondido
Smoke Smoke Lake
Escalon Escalon Coddingtown
Buena Buena
Tuxedo Woody
Northern Cabbage
Sherman Sherman
Timbuctoo Timbuctoo Antelope
Potrero Potrero
Rowland Rowland Portola Civic
Pacheco Pacheco
Wallace Wallace
Alameda Donner
Stanislaus Balboa
Delta Delta
South South
