Potrero Meyers Calaveras Moores Vista Foothills Balsdon Fiorini Balsdon 18th Ramona Boulevard Colonnade Yurok Linden Sherman Banning Merced Oceanside Chinese Kentfield Richvale Carmel Old Campbell Ames Huron Old Richvale Fremont Delta Home Santa Kern Santa Sherman Foothills Moores Calaveras Welden Presidio Warner Granite Meyers Potrero
22
Potrero Potrero
Meyers Meyers
Calaveras Calaveras Clayton
Balsdon Balsdon
Fiorini Fiorini
18th 18th Smoke
Boulevard Boulevard
Colonnade Woffard All
Linden Linden
Banning Banning
Merced Merced
Oceanside Oceanside
Chinese Chinese
Kentfield Hume
Richvale Richvale
Carmel Carmel
Ames Ames
Huron Ida
Fremont Fremont
Home Laguna
Santa Santa
Warner Warner
