loc0 loc60 loc8 loc27 loc37 loc8 loc38 loc8 loc44 loc8 loc67 loc80 loc18 loc51 loc6 loc3 loc77 loc1 loc17 loc15 loc43 loc53 loc19 loc36 loc82 loc20 loc34 loc56 loc20 loc1 loc26 loc12 loc5 loc4 loc14 loc33 loc10 loc29 loc7 loc30 loc50 loc23 loc9 loc11 loc32 loc65 loc97 loc7 loc24 loc29 loc10 loc33 loc21 loc54 loc2 loc61 loc87 loc40 loc41 loc58 loc87 loc0
37
loc0 loc73
loc8 loc39
loc27 loc27
loc37 loc37 loc99
loc67 loc67
loc51 loc51
loc3 loc3
loc77 loc77
loc1 loc1 loc91
loc17 loc17 loc35 loc81
loc15 loc15 loc75 loc79
loc43 loc43 loc95
loc53 loc53 loc45
loc19 loc19 loc13
loc82 loc69
loc20 loc31 loc83
loc26 loc49
loc5 loc5 loc71
loc14 loc57
loc33 loc33
loc29 loc29
loc7 loc7 loc85
loc30 loc47
loc23 loc23
loc9 loc9
loc11 loc11
loc32 loc59
loc65 loc65
loc97 loc97
loc24 loc63
loc21 loc21
loc54 loc25 loc93
loc61 loc61
loc87 loc87
loc40 loc89
loc41 loc41
loc58 loc55
