Evans Artichokes Foothill HAAS BAMPFA HAAS Foothill Artichokes Evans WursterHall Campbell Eshelman Marugame ThaiNoodle Chipotle UCafe Yifang BerkeleyWayWest AlumniHouse ImmThai Blackwell Underhill RSF Firewings CaliforniaHall Firewings Crossroads BetaLounge Crossroads Firewings RSF Underhill Blackwell ImmThai AshaTeaHouse HilgardHall Bowles Unit3 Spats Unit3 Bowles ZellerbachHall Bowles KroeberHall Barrows Unit2 Stern Unit2 Pappys SproulHall LewisHall DavisHall ClarkKerr DavisHall LewisHall SproulHall SatherGate GreekTheatre StrawberryCreek Plentea LatimerHall MLK HildebrandHall Safeway HildebrandHall MLK LatimerHall Plentea StrawberryCreek MemorialGlade Milkbomb SouthHall HesseHall SouthHall Milkbomb MemorialGlade StrawberryCreek GreekTheatre SatherGate SproulHall Pappys Unit2 Barrows HortonHall MemorialStadium HortonHall Barrows KroeberHall Bowles HilgardHall AshaTeaHouse ImmThai AlumniHouse BerkeleyWayWest Yifang Raretea Yifang UCafe Chipotle ThaiNoodle Marugame Eshelman Campbell Morrisonhall Gongcha LeConte Moffit HappyLemon LawrenceHall BancroftLibrary HavilandHall VLSB HearstMining VLSB HavilandHall BancroftLibrary LawrenceHall Kips LawrenceHall HappyLemon Moffit LeConte Gongcha Morrisonhall Campbell WursterHall Evans
42
Evans Cory
Foothill Foothill
HAAS HAAS Unit1
BAMPFA BAMPFA
Campbell Campbell DurantHall
Eshelman Eshelman
Marugame Campanile Gilman
ThaiNoodle ThaiNoodle
Yifang UniversityVillage
BerkeleyWayWest BerkeleyWayWest
AlumniHouse AlumniHouse
Blackwell Blackwell
RSF RSF
CaliforniaHall CaliforniaHall InternationalHouse
HilgardHall HilgardHall
Bowles Bowles
Unit3 Unit3
Spats Boalt
ZellerbachHall ZellerbachHall
KroeberHall Etcheverry
Barrows Barrows
Unit2 Unit2
Stern Stern
DavisHall DavisHall
ClarkKerr BotanicalGardens
SatherGate GiauqueHall
GreekTheatre GreekTheatre CanyonPool
Plentea Doe Soda SutardjaDai
MLK MLK Dwinelle
HildebrandHall HildebrandHall
MemorialGlade Kresge
SouthHall SouthHall
HesseHall HesseHall
MemorialStadium MemorialStadium
Raretea Wheeler
LeConte LeConte
Moffit Moffit
LawrenceHall LawrenceHall
BancroftLibrary BancroftLibrary
HavilandHall HavilandHall
VLSB VLSB
HearstMining HearstMining
