Soda Doe GreekTheatre LawrenceHall MemorialStadium LawrenceHall Doe UniversityVillage Doe Soda LeConte Foothill HavilandHall Dwinelle HearstMining BotanicalGardens HearstMining Dwinelle HavilandHall Foothill LeConte Etcheverry Unit2 BancroftLibrary Blackwell Cory Gilman HilgardHall CaliforniaHall Barrows Unit3 Campbell GiauqueHall Campbell Unit3 Barrows CanyonPool Moffit DavisHall SouthHall DavisHall Stern HesseHall Stern DavisHall Moffit CanyonPool Barrows CaliforniaHall HilgardHall Gilman Cory Blackwell BancroftLibrary Unit2 Etcheverry LeConte Soda BerkeleyWayWest Campanile Evans Kresge Evans Campanile BerkeleyWayWest Soda
22
Doe Doe
GreekTheatre GreekTheatre
LawrenceHall LawrenceHall
MemorialStadium InternationalHouse
UniversityVillage Bowles
LeConte LeConte
Foothill Foothill
Dwinelle Dwinelle
HearstMining HearstMining
Unit2 Unit2
BancroftLibrary BancroftLibrary
Blackwell DurantHall
Gilman Gilman
CaliforniaHall CaliforniaHall
Unit3 Unit3
Campbell Campbell
Moffit Moffit
SouthHall SouthHall Unit1
Stern Stern
BerkeleyWayWest BerkeleyWayWest Wheeler
Campanile Campanile
Evans Evans BAMPFA
