Ippudo Platano Soda HildebrandHall NatApartment Rachas CanyonPool Staples Chipotle HearstMining Campbell EastAsianLibrary LittleCampanile WindmillCoffee PokeBar WindmillCoffee LittleCampanile EastAsianLibrary Campbell Eureka Ikes Gongcha MSRI NoodleGirl Unit3 LaBurrita OptometryBuilding YogurtPark GreatChina YogurtPark LaVals YogurtPark OptometryBuilding LaBurrita Unit3 NoodleGirl Wikiwiki ACuppaTea GreekTheatre BagOCrab GreekTheatre Tilden LatimerHall Jupiter Morganhall VLSB Morganhall Jupiter LatimerHall Tilden GreekTheatre ACuppaTea Wikiwiki NoodleGirl MSRI Gongcha Ikes Fengcha UniversityVillage UCafe Flavia SmokesPoutinerie TheDwight SmokesPoutinerie Flavia AndrewsApartment Wheeler GSPP EastBaySpiceCompany HesseHall Kips HesseHall ThaiBasil BrandyMelville FireTrails BrandyMelville ThaiBasil HesseHall EastBaySpiceCompany GSPP Wheeler AndrewsApartment UrbanOutfitters AndrewsApartment Flavia HearstGym Boalt AlumniHouse Boalt HearstGym WursterHall HearstGym Flavia UCafe UniversityVillage TToust Crossroads SouthHall Crossroads LiKaShing Crossroads TToust ImmThai BobbyGPizza InternationalHouse BobbyGPizza Marugame Gadani HalalGuys Gadani Marugame BobbyGPizza ImmThai TToust BobaNinja TennisCourts BancroftLibrary Cheeseboard RSF Eshelman SweetheartCafe PeoplesCafe SweetheartCafe Eshelman RSF Cheeseboard BancroftLibrary TennisCourts TPTea Campanile LeConte AshaTeaHouse Bowles Namaste Bowles HearstAnnex McDonalds HearstAnnex Bowles AshaTeaHouse Barrows BerkeleyBart HappyLemon BerkeleyWayWest HappyLemon BerkeleyBart BigC BerkeleyBart Barrows AshaTeaHouse JacobsApartment Blackwell Milkbomb Ikea GiauqueHall Ikea Milkbomb Blackwell SuperDuperBurgers Blackwell JacobsApartment AshaTeaHouse LeConte Cafe3 ThaiNoodle Doe JambaJuice SteamTrains KroeberHall SteamTrains Underhill HortonHall Stern ClarkKerr DollarTree ClarkKerr Stern BerkeleyHigh Toss LaNote Toss BerkeleyHigh Stern HortonHall Cinnaholic HortonHall Underhill Homeroom Underhill SteamTrains JambaJuice Doe ThaiNoodle Cafe3 GPB Cafe3 LeConte AmoebaMusic SnackShack Artichokes SnackShack AmoebaMusic LeConte Campanile TPTea TennisCourts BobaNinja TToust UniversityVillage Fengcha HavilandHall UdupiPalace GrizzlyPeak UdupiPalace HavilandHall Fengcha Ikes Eureka Campbell HearstMining Chipotle HAAS Mezzo Moffit Tzone Moffit Mezzo BerkeleyArtStudio Quicklys BerkeleyArtStudio SaturnCafe BerkeleyArtStudio Mezzo HAAS Chipotle Yifang NorthHall DavisHall TukTukThai DavisHall NorthHall Yifang Chipotle Staples CanyonPool Rachas SutardjaDai BerkeleyThaiHouse SutardjaDai Rachas NatApartment HildebrandHall Soda Platano Ippudo
80
Platano Platano Gypsys
NatApartment BetaLounge
Rachas Rachas
Chipotle Chipotle
Campbell MemorialGlade
EastAsianLibrary EastAsianLibrary
LittleCampanile LittleCampanile
PokeBar PokeBar Plentea
Eureka Eureka
Ikes Ikes
Gongcha Gongcha
NoodleGirl Teazone
LaBurrita LaBurrita
OptometryBuilding OptometryBuilding
YogurtPark TraderJoes
GreatChina GreatChina SatherGate
LaVals Target
Wikiwiki Wikiwiki
Tilden Gather
LatimerHall LatimerHall
Jupiter Jupiter TopDog
Morganhall Morganhall
Fengcha Fengcha
UCafe UCafe
SmokesPoutinerie SmokesPoutinerie LewisHall
TheDwight TheDwight
AndrewsApartment AndrewsApartment
Wheeler Wheeler
EastBaySpiceCompany EastBaySpiceCompany
Kips Kips Muraccis
ThaiBasil ThaiBasil
FireTrails MulfordHall
UrbanOutfitters UrbanOutfitters Cornerstone
WursterHall WursterHall Spats
Crossroads Crossroads
SouthHall Ucha
LiKaShing BanshoRamen
ImmThai ImmThai
InternationalHouse Raretea
Marugame Marugame
Gadani Gadani
HalalGuys HalalGuys
BobaNinja BobaNinja
Cheeseboard Cheeseboard
SweetheartCafe SweetheartCafe
PeoplesCafe PeoplesCafe
TPTea TPTea
Campanile ChezPanisse
AshaTeaHouse AshaTeaHouse
Namaste Namaste StrawberryCreek
McDonalds McDonalds Morrisonhall
BerkeleyBart SproulHall
HappyLemon HappyLemon
BigC BigC TenderGreens
Milkbomb Milkbomb
SuperDuperBurgers SuperDuperBurgers Pappys
Cafe3 Cafe3
ThaiNoodle ThaiNoodle
JambaJuice JambaJuice
KroeberHall KroeberHall
Underhill Underhill
HortonHall HortonHall Shengkee
ClarkKerr ClarkKerr
DollarTree TripleRock
LaNote LaNote TacoBell ExtremePizza
Cinnaholic Slivers
Homeroom Homeroom TheHabit
AmoebaMusic AmoebaMusic
SnackShack SnackShack
Artichokes Artichokes LowerSproul
HavilandHall Bonchon
GrizzlyPeak GrizzlyPeak
Mezzo Mezzo
BerkeleyArtStudio BerkeleyArtStudio
Quicklys Quicklys Firewings
SaturnCafe SaturnCafe
Yifang Yifang
NorthHall NorthHall
TukTukThai TukTukThai BSC Venus
BerkeleyThaiHouse Safeway
