Loc76 Loc11 Loc51 Loc25 Loc42 Loc175 Loc5 Loc79 Loc149 Loc120 Loc104 Loc5 Loc113 Loc152 Loc5 Loc117 Loc26 Loc94 Loc198 Loc58 Loc154 Loc43 Loc20 Loc43 Loc50 Loc110 Loc98 Loc151 Loc14 Loc60 Loc14 Loc139 Loc199 Loc9 Loc189 Loc108 Loc68 Loc146 Loc165 Loc47 Loc17 Loc3 Loc121 Loc10 Loc0 Loc31 Loc78 Loc33 Loc78 Loc31 Loc105 Loc86 Loc39 Loc136 Loc105 Loc0 Loc107 Loc182 Loc37 Loc29 Loc37 Loc148 Loc182 Loc45 Loc179 Loc82 Loc166 Loc21 Loc0 Loc124 Loc24 Loc64 Loc48 Loc66 Loc41 Loc115 Loc123 Loc141 Loc127 Loc141 Loc196 Loc84 Loc17 Loc8 Loc28 Loc65 Loc163 Loc18 Loc92 Loc32 Loc109 Loc177 Loc112 Loc145 Loc132 Loc55 Loc44 Loc190 Loc58 Loc172 Loc183 Loc1 Loc75 Loc150 Loc13 Loc85 Loc19 Loc118 Loc6 Loc158 Loc88 Loc90 Loc15 Loc77 Loc161 Loc153 Loc61 Loc101 Loc162 Loc186 Loc159 Loc114 Loc56 Loc23 Loc56 Loc27 Loc133 Loc71 Loc75 Loc188 Loc193 Loc25 Loc173 Loc187 Loc76
83
Loc76 Loc76 Loc80
Loc11 Loc11 Loc12
Loc51 Loc51
Loc25 Loc25
Loc42 Loc42 Loc30
Loc5 Loc5
Loc79 Loc79
Loc26 Loc26
Loc94 Loc94
Loc198 Loc46
Loc58 Loc58
Loc154 Loc4
Loc43 Loc43
Loc20 Loc20
Loc50 Loc50
Loc110 Loc63
Loc98 Loc98
Loc14 Loc14
Loc60 Loc60 Loc34 Loc91
Loc9 Loc9
Loc68 Loc68
Loc47 Loc47
Loc17 Loc17
Loc3 Loc3
Loc121 Loc89
Loc10 Loc10
Loc0 Loc0 Loc70
Loc31 Loc31 Loc52
Loc78 Loc78
Loc33 Loc33
Loc86 Loc86
Loc39 Loc39
Loc136 Loc7
Loc37 Loc37 Loc62
Loc29 Loc29 Loc35
Loc148 Loc2
Loc45 Loc45
Loc82 Loc82
Loc21 Loc21
Loc24 Loc24 Loc73
Loc64 Loc64
Loc48 Loc48
Loc66 Loc66
Loc41 Loc41 Loc57
Loc115 Loc97
Loc123 Loc93
Loc127 Loc74
Loc196 Loc99
Loc84 Loc84
Loc8 Loc8
Loc28 Loc28
Loc65 Loc65 Loc72
Loc18 Loc18
Loc92 Loc92
Loc32 Loc32
Loc109 Loc49
Loc112 Loc96
Loc145 Loc95
Loc132 Loc59
Loc55 Loc55
Loc44 Loc44 Loc67
Loc190 Loc40 Loc87
Loc172 Loc54
Loc1 Loc1
Loc75 Loc75
Loc13 Loc13
Loc85 Loc85
Loc19 Loc19
Loc118 Loc53
Loc6 Loc6 Loc69
Loc88 Loc88
Loc90 Loc90
Loc15 Loc15
Loc77 Loc77 Loc38
Loc153 Loc36
Loc61 Loc61
Loc162 Loc22
Loc114 Loc81
Loc56 Loc56
Loc23 Loc23
Loc27 Loc27
Loc71 Loc71 Loc16
Loc187 Loc83
