Shelf0 Toolbox153 Ring169 Puppy140 Mail22 Toolbox147 Soap3 Toolbox147 Ice52 Cat163 Male149 Robot134 Android196 Ice198 Towel92 Poop5 Robot164 Whale114 Nuclear65 Whale114 Robot164 Poop5 Towel92 Bird43 Post158 Whale126 Clock61 Whale31 Shower57 Sink109 Fusion131 Allergies106 Settings75 Flowers178 Shoe111 Dislike27 Book24 Ice41 Shelf40 Solar59 Bird11 BBQ167 Hnads182 Solar59 YouTube199 Shoe17 Body180 Rollers173 Boat67 Shoes8 Shoe174 Elevator115 Toilet191 Horse26 Water21 Ring60 Solar71 Rollers63 Solar71 Fusion104 Websites94 Websites193 Horse26 Toilet191 Dog181 Sink96 Elevator120 Allergies176 Dislike143 Towel154 Leash136 Puppy133 Drugs39 Hnads116 Running177 Drugs195 System79 Running66 Cat70 Rollers42 Kitty138 Soda119 Crab110 Soda100 Solar192 Clock145 Water29 Laptop125 Kitty98 Rollers95 Water135 Dog101 Crab83 Soap64 Clock139 Soap64 Crab83 Dog101 Boat141 Leash77 Poop150 Laptop69 Nuclear18 Solar159 Toolbox72 Comics113 Book171 Comics28 Book171 Solar130 Allergies23 Fusion179 Monster73 Drugs184 Monster73 Fusion179 Allergies23 Book171 Comics113 Toolbox72 Solar159 Dog128 Ice9 Solar162 Ice9 Solar159 Laptop69 Soap53 System156 Rollers42 Cat70 Leash46 Cat70 Running66 System79 Puppy133 Leash136 Towel154 Dislike143 YouTube44 Plus112 Ice50 Allergies7 Toolbox10 Comics105 Kitty89 Nuclear35 Rollers14 Ring161 BBQ36 Rollers14 Nuclear35 Crab81 System183 Toolbox144 Monster16 Fusion131 Sink109 Shower57 Whale31 Cat187 Whale31 Clock61 Whale126 Book99 BBQ172 Mail6 Body55 Clock2 Puppy117 Ice165 Water38 Prints152 Whale126 Trees68 Sink157 Trees68 Towel92 Toolbox146 Ring169 Toolbox153 Shelf0
84
Shelf0 Shelf0
Toolbox153 Toolbox153
Ring169 Ring169
Puppy140 Puppy140
Mail22 Mail22 Allergies103
Soap3 Ring82
Cat163 Whale137
Male149 Male149 Urine124
Android196 Android196 Dog168
Towel92 Towel92
Robot164 Robot164
Whale114 Whale114
Nuclear65 Comics107
Post158 Post158
Whale126 Whale126
Clock61 Clock61
Shower57 Shower57
Sink109 Sink109 Shower47
Settings75 Settings75
Flowers178 Flowers178
Dislike27 Dislike27 Soda197
Book24 Book24
Ice41 Ice41 Laptop19
Shelf40 Shelf40
Bird11 Kitty194
Hnads182 Hnads182 Plus78
Shoe17 Shoe17
Boat67 Boat67
Shoes8 Shoes8 Dislike12 Soap58
Shoe174 Shoe174
Ring60 Plants118
Solar71 Solar71
Rollers63 Breakfast85
Fusion104 Fusion104
Websites94 Fusion34
Websites193 Poop80
Dog181 Dog181
Allergies176 Allergies176
Dislike143 Dislike143
Towel154 Towel154
Drugs39 Drugs39
Hnads116 Hnads116
Drugs195 Drugs195
System79 System79
Soda119 Soda119
Solar192 Solar192
Water29 Water29
Laptop125 Laptop125
Kitty98 Kitty98
Rollers95 Rollers95
Water135 Water135
Crab83 Crab83
Soap64 Soap64
Clock139 Clock139 Websites4 Allergies88
Leash77 Leash77
Poop150 Poop150 Robot93
Nuclear18 Nuclear18
Toolbox72 Toolbox72
Book171 Book171
Comics28 Light30
Solar130 Solar130
Monster73 Monster73
Drugs184 Toilet13
Ice9 Ice9
Solar162 Solar162 Website190
System156 System156
Leash46 Cat15
YouTube44 Robot51
Ice50 Urine97
Toolbox10 Horse148
Kitty89 Kitty89
Nuclear35 Nuclear35
Rollers14 Rollers14
BBQ36 BBQ36 Urine20
System183 System183
Cat187 Cat187 Printer188
Mail6 Mail6 Poop76
Body55 Body55
Clock2 Clock2
Puppy117 Puppy117
Ice165 Ice165
Water38 Water38
Sink157 Monster175
Toolbox146 Toolbox146
