S A E J O W G 7 12 17 12 7 G W O J E A S B C D 24 25 26 27 A2 33 37 42 37 33 A2 27 32 36 41 36 32 27 26 31 35 40 35 31 26 25 30 34 39 34 30 25 24 29 28 38 28 29 24 D U N V 1 I B2 C2 D2 E2 F2 K2 P2 K2 F2 E2 J2 O2 J2 E2 D2 I2 N2 T2 N2 I2 D2 C2 H2 M2 R2 M2 H2 C2 B2 G2 L2 Q2 L2 G2 B2 I 11 16 R 16 11 I 1 V N U D C 4 M 6 Z 5 Y 15 20 15 Y 5 Z 6 M 4 C B P 8 T 10 H 9 14 19 14 9 H 10 T 8 P B S F K 2 X 3 L 13 18 13 L 3 X 2 K F S
45
A A
E E
J J
O O
W W
G G
17 Q
B B
C C
D D
A2 A2
U U
N N
V V
I I
B2 B2
C2 C2
D2 D2
E2 E2
F2 F2
K2 K2
P2 P2 V2
J2 J2
O2 O2 U2
I2 I2
N2 N2
T2 T2
H2 H2
M2 M2
R2 R2 Z2
G2 G2
L2 L2
Q2 Q2 Y2
R R X2
M M
Z Z
Y Y
20 W2
P P
T T
H H
F F
K K
X X
L L
