hdpxs wbvga pbqlk whqrj txcno rchbw dwyai whqrj pwydx osxbc cihba dncuw iwpol nzirf awhmz jrghb hoxir uakjq eatck swpdc oclyb gdovn wcjeg zntkr gvfpj ndszt drojn pqzow qhvsb pgdnx kxmbi ynwvu wkbuf bfauz mhekz syoxv qpbmc ramjo kzwah mujil pihld yxjgq ostkf lvqun witul dsean hgzbc wajol qbdwz maqho aqoyk cxdfu yvbse pgqva olqfv armnk btwzv laqzs nzack lnjxt ymcfp bigwn yazqf lgcuf qhbyf glrpy dbjxw jhlus xscoe zqjxb uklga xeylf ebwcp bdevm aoqtg ehqyk yqfdk zcjqx fjdqi oxuqn rzvtg ayrgb tjake xtzpg hulpb osvgp oewcd mkndy stflc rdoqk yqzit qckjp wdquv lrqft uiogl fqjsk dkjro ohzfn iyuas egclu bwknx wotiq axthi zgenl zxchm sxdiu crlfe hwmzn nqtru rlumh ekgsc yvfsg pytwh tfcam rjuxc lpudv gdnim mcwry xlrzc kscoz jcwpu tivko joztf cxajk evtgj myxlw zntkr tndwl sdqie jcqfl zadjy rjdai rmahk oaeyh mtcsd betwv qsmzo rqenc qtdze utdhx qsmkj jitgc vcwfj lirzq htkwy frhgc lmwpk cgjda fairz sfizh cqsby kspyc jmahd pjzqm hdpxs
87
rchbw rchbw
dwyai amfiz
osxbc osxbc
cihba cihba wnelr
dncuw oxitr
gdovn gdovn
wcjeg wcjeg
zntkr zntkr
drojn drojn
qhvsb qhvsb
wkbuf wkbuf
bfauz kjihy
mhekz mhekz gufvs
syoxv syoxv
qpbmc qpbmc
kzwah kzwah
mujil mujil
pihld pihld
yxjgq xcvow aedvq
wajol wajol
qbdwz qbdwz
maqho maqho
yvbse yvbse
pgqva pgqva
olqfv bkfuc
armnk armnk tkwle
btwzv btwzv
lnjxt lnjxt
ymcfp ymcfp
yazqf yazqf
glrpy yqtob
dbjxw dbjxw
jhlus jhlus
zqjxb zqjxb
uklga uklga
ebwcp ebwcp
bdevm bdevm
ehqyk ehqyk
yqfdk yqfdk
zcjqx zcjqx
fjdqi fjdqi ypdnb
oxuqn oxuqn
rzvtg rzvtg
ayrgb ayrgb
tjake tjake mhuad
osvgp osvgp
oewcd oewcd cxdes
stflc stflc
rdoqk syoxf
qckjp qckjp
wdquv wdquv
uiogl uiogl ktzce
dkjro dkjro
ohzfn ohzfn
iyuas iyuas
bwknx bwknx
wotiq wotiq
axthi vgwoi
sxdiu sxdiu
hwmzn hwmzn
nqtru nqtru
rlumh rlumh mlibf
ekgsc tmwdy
pytwh pytwh gstwp
tfcam xnpwq
rjuxc rjuxc
lpudv lpudv evsbm
gdnim gdnim
xlrzc xlrzc
kscoz kscoz
jcwpu jcwpu
joztf joztf
cxajk cxajk
evtgj evtgj
myxlw vobqh
tndwl tndwl
rjdai rjdai qhibx
oaeyh oaeyh
mtcsd mtcsd
utdhx utdhx
qsmkj qsmkj
vcwfj vcwfj
htkwy htkwy bsvth
frhgc frhgc
lmwpk lmwpk
cqsby cqsby
pjzqm ahnds
