Hayward Asheville Durham Deltona Durham FortCollins Durham Asheville Norman Allentown Springdale McHenry Springdale Cambridge Carrollton Downey Abilene GrandRapids Abilene Atlanta Sebastian Kennewick PuntaGorda Omaha Topeka Montgomery PembrokePines Montgomery Topeka Omaha PuntaGorda Wilmington Washington LakeCharles Irvine NewOrleans Burbank NewOrleans SaintLouis SanJose DalyCity NewBedford York BelAir Monroe Milwaukee BelAir York NewBedford DalyCity SanJose SaintLouis NewOrleans Irvine Washington Wilmington Winston Tucson Aurora Tucson Bradenton Huntsville KansasCity SouthBend StPaul SouthBend Huntsville Bradenton Tucson Winston Hickory Trenton Murfreesboro Yonkers GulfportBiloxi Medford GulfportBiloxi Yonkers Murfreesboro Trenton Hickory Winston Murrieta Winston Wilmington PuntaGorda Kennewick Sebastian Atlanta Abilene Downey Rochester AtlanticCity SaintPaul AtlanticCity Rochester Downey Howell Downey Carrollton Cambridge Springdale Corona Modesto Hampton RichmondCounty Hampton Modesto Corona Springdale Allentown Norman Asheville Hayward
36
Hayward SantaClara
Asheville Asheville CedarRapids
Durham Durham Bloomington
Deltona Deltona
Springdale Springdale
McHenry McHenry Newark Torrance
Downey Downey
GrandRapids GrandRapids
Atlanta Atlanta Danbury
Kennewick Kennewick NewYorkCity
PuntaGorda PuntaGorda
Omaha Omaha
Topeka Topeka
Montgomery ThousandOaks SantaCruz
LakeCharles LakeCharles
NewOrleans Waco
Burbank Burbank Chicago
SaintLouis Harlingen
NewBedford NewBedford
York York
BelAir BelAir
Monroe Monroe
Winston Memphis
Tucson Tucson PalmBay
Aurora Aurora Bakersfield
Bradenton Bradenton
Huntsville Huntsville
KansasCity McAllen
Hickory Hickory Tyler HuntingtonBeach
Yonkers Yonkers Waterloo
Medford Barnstable
Murrieta Tampa
SaintPaul SaintPaul
Modesto Modesto
Hampton Hampton
RichmondCounty RichmondCounty Charlotte
