AndyandZeyu c j c e h AndyandZeyu f0 b0 i0 AndyandZeyu0 e0 f0 h0 f0 AndyandZeyu h1 b1 AndyandZeyu1 b1 c1 AndyandZeyu b2 AndyandZeyu2 d2 c2 i2 e2 f2 AndyandZeyu f3 d3 g3 j3 b3 c3 AndyandZeyu b4 i4 b4 d4 g4 AndyandZeyu e5 AndyandZeyu5 h5 j4 d5 e5 g5 e5 AndyandZeyu g6 AndyandZeyu6 j5 AndyandZeyu6 b6 AndyandZeyu AndyandZeyu7 j6 c7 b7 h7 d7 e7 AndyandZeyu g8 f8 c8 b8 f8 j8 AndyandZeyu
32
AndyandZeyu g1 j1 g2 f6 i6 f7 i8
c f
j j g i
h h
f0 f0
i0 i0
AndyandZeyu0 g0 j0
h0 h0
h1 h1
b1 i1
AndyandZeyu1 f1
AndyandZeyu2 j2
i2 i2
f2 f2 h2
f3 f3
g3 g3 h3 i3
j3 j3
i4 i4 f4 h4
g4 g4
h5 h5
j4 j4 f5 i5
g5 g5
g6 g6
AndyandZeyu6 h6
j5 j5
j6 j6 i7
h7 h7
e7 g7
g8 g8
f8 f8
c8 h8
j8 j8 j7
