1efe0a 8f3f65 70d79e 76bb8e 3efbbd 9b8a2b 770b7a 2b7733 23d6b1 2b7733 770b7a 194181 14a670 a4f7ab 3d2176 444533 a7b708 a8c421 9b8a2b ca77e1 8035d3 390b11 9e3235 ab6081 bf7494 ab6081 9e3235 518f91 8037ff 1cb432 ccf3af efb6f6 6d606b db0cb2 e43f08 bf356c 63e726 640320 bd00fb e43f08 2a53b1 bc446f 73dcf4 8903f8 f97d08 7c84e0 ab3e86 7c84e0 388a48 1aef1d 909532 6d8fd3 e99176 ff448b aeb965 db7e7c e17800 7a569b ca245c 83454a 9fb27b 7b04f8 d4f94d fc6ab6 ef9cce 1c3716 525361 e758e6 526e97 525361 1c3716 ae5d4a 1c3716 ca245c 7a569b c0df7c 444f08 d1ae8e 8035d3 c845ed ca77e1 1efe0a
41
76bb8e 76bb8e
9b8a2b d36b6f
770b7a 770b7a
194181 194181
a4f7ab a4f7ab
444533 444533
8035d3 8035d3
390b11 390b11
9e3235 9e3235 20ec85
ab6081 ab6081
bf7494 bf7494
518f91 518f91
ccf3af ccf3af
efb6f6 efb6f6
6d606b 6d606b
bf356c bf356c
640320 640320
bd00fb bd00fb 3c1987
8903f8 8903f8
ab3e86 363906
388a48 1aedf0
909532 909532 5b1cb0
6d8fd3 6d8fd3 bb4650
e99176 e99176
ff448b ff448b 22b74c
aeb965 75b2ff
e17800 e17800
83454a 83454a
9fb27b 22f6f5
d4f94d d4f94d
fc6ab6 fc6ab6
ef9cce ef9cce
1c3716 1c3716
525361 525361
e758e6 e758e6
526e97 940b78
ae5d4a ae5d4a 98b7f9
c0df7c c0df7c
444f08 444f08
d1ae8e d1ae8e a3ccd4
c845ed c845ed de59c9 b9fcab
