MfdzFvsdGbvl AGbRQRBgaOdX MkUBuIisCVpZ FBJfxxErGDSJ AMizjBPjmCZd nOAOIuLzBRCw mFYKjQfCsRtT QifLRRQkbeZy NlmuUUVQUbgI dDFWxTbuPymh LkEUjKFNAyBd SojgLCNtJNvq mghmklyBsbHa NtVMseWKItey FwMUcwhoFAni aBJRRPhsiAKx tJMNrevGrvUO plKUVNXwKfVb mtRsLIzrlNLu BkcPMTugAswL pkzKsTORVYro FCrKCfVsEsBk NtVMseWKItey GuSSYBNHDbKE uFHfCerNFIme rVqgoVgUmLRB UUfgFbkMxjKZ arcJTkwUqbUy XwUlFDTbjpNE BxGViQLocTbz pQCFwcmaYfTN noaMakAlHdwq OxOMbLimJOmd sHmvjcbScYOJ tuAWqVDVesZP TNZEyWBHGREz dFUHctNjrywb EHsjieLYFsXi MLnLJmQHwuOS PUcvIgREsriS ZjfLZjjegWJT pWbJtVdThhym rrRAqFcoDYfk jQrllEpFyFwz VARFNCcqfgIc MTGbHUkgheIT jBrNTBMPxyQD ZjfLZjjegWJT TbekQRoKcInv IHnRSACwPeSd QPEIZKGvnFvj deJmWrylVSGK CuwogbndJgoN hypFtIVCahEe PnbamVANEguC buqjmAINqGzN ByOIdNUscaaI lFgwKopYqWSC MfdzFvsdGbvl
38
AGbRQRBgaOdX AGbRQRBgaOdX
MkUBuIisCVpZ MkUBuIisCVpZ
AMizjBPjmCZd AMizjBPjmCZd
mFYKjQfCsRtT mFYKjQfCsRtT
QifLRRQkbeZy QifLRRQkbeZy VyXrTLUcizAa
NlmuUUVQUbgI NlmuUUVQUbgI
dDFWxTbuPymh dDFWxTbuPymh
SojgLCNtJNvq SojgLCNtJNvq ymJllvoAiAsf
plKUVNXwKfVb plKUVNXwKfVb
mtRsLIzrlNLu mtRsLIzrlNLu
BkcPMTugAswL BkcPMTugAswL DFscNnuMhxUC
pkzKsTORVYro pkzKsTORVYro UVLyMXgqTFaJ
FCrKCfVsEsBk FCrKCfVsEsBk GKWfMfVZxbJi
GuSSYBNHDbKE GuSSYBNHDbKE
uFHfCerNFIme uFHfCerNFIme
rVqgoVgUmLRB rVqgoVgUmLRB
arcJTkwUqbUy arcJTkwUqbUy SgyAcloZDNJV
XwUlFDTbjpNE EoEdLMroSPNp
BxGViQLocTbz DvRTDyBMOCbT
pQCFwcmaYfTN pQCFwcmaYfTN
noaMakAlHdwq noaMakAlHdwq hCxjbMrSlUJQ PvZWLvSzyZfH
tuAWqVDVesZP BbyhqvohDUZK
dFUHctNjrywb dFUHctNjrywb
MLnLJmQHwuOS MLnLJmQHwuOS
PUcvIgREsriS PUcvIgREsriS QHpWWcCYavdw
ZjfLZjjegWJT ZjfLZjjegWJT
pWbJtVdThhym GemeldahvdVv
rrRAqFcoDYfk rrRAqFcoDYfk
VARFNCcqfgIc VARFNCcqfgIc
jBrNTBMPxyQD jBrNTBMPxyQD MOpktZzuQRCH
TbekQRoKcInv TbekQRoKcInv RICmsRCgzRsB
IHnRSACwPeSd IHnRSACwPeSd hLGIbMiwjPgd
QPEIZKGvnFvj tywOQDwDhjwZ
deJmWrylVSGK deJmWrylVSGK
hypFtIVCahEe PQTqeEtJjrHq
PnbamVANEguC PnbamVANEguC
buqjmAINqGzN buqjmAINqGzN
lFgwKopYqWSC axLiuEEXvnsQ
