0 59 73 198 3 152 3 198 183 103 40 142 176 66 160 13 40 65 147 21 71 24 121 156 37 49 37 85 156 71 21 147 28 191 111 133 86 177 92 108 166 50 158 181 70 167 104 141 70 181 158 166 108 187 94 32 138 184 12 62 29 53 29 62 116 91 45 120 117 190 125 109 162 197 144 2 6 98 42 170 106 5 41 30 76 148 78 18 54 26 113 106 193 98 2 38 2 144 155 22 189 153 27 175 64 184 172 17 87 127 84 68 84 127 100 44 15 48 97 11 14 186 14 11 81 139 192 72 52 132 118 132 52 165 11 136 11 97 135 60 110 140 173 7 188 126 8 51 79 74 163 47 77 130 10 130 145 131 151 67 151 134 34 114 34 182 179 92 147 65 0
79
59 59
73 73
198 198
152 152 9
40 40
142 142
66 66 55
160 160
147 147
21 21
71 71 93
24 24
156 156
49 49 124
191 194
111 111
108 108
50 50 83
158 158
104 104
141 141 164
187 187
138 138
184 184
12 12
62 62
29 123
53 157
91 91
109 109
162 162
197 23
144 144
6 6
42 42 35
170 161
106 56 89
5 5
30 30 95
78 25
18 18 171
26 26
113 61
193 193
38 38 150
155 155
22 22 168
189 189
27 27 39
64 75
172 172
17 17
87 87
68 68 101
15 15
11 11
186 105
139 129
52 122
118 118 16
136 136
135 135
60 60 80
110 110
140 140
173 173 96
7 7
188 1
79 79 102 196
163 163
130 130
10 10 119
145 145
151 151
67 67 178
34 34
114 36
182 31
179 179
