Soda A5 A6 A9 A4 A2 C8 B4 A3 B4 B6 B5 C1 B5 B6 B4 C8 A2 A4 A9 A5 Soda C2 D4 D7 D10 B10 D10 D7 D4 C2 Soda C5 B2 E5 B1 C6 E5 E6 B3 E5 B2 E3 C5 Soda C9 A7 A1 A7 B8 A7 C10 D9 C10 A7 C9 Soda A B S AB Z Y AQ AP AA AP Y Z S B A C J I C A D K AE K AI AH AK AJ AK AH AI K D A E Q L U AG V L E A F M W X AN AM W M F A Soda a b k l k ab k ac k b a d n o n d e p q p e a g s g a h ak h a i j aa z as z aa j i u v u i w i a Soda a0 a5 a6 a9 a4 a2 c8 b4 a3 b4 b6 b5 c1 b5 b6 b4 c8 a2 a4 a9 a5 a0 c2 d4 d7 d10 b10 d10 d7 d4 c2 a0 c5 b2 e5 b1 c6 e5 e6 b3 e5 b2 e3 c5 a0 c9 a7 a1 a7 b8 a7 c10 d9 c10 a7 c9 a0 Soda
65
A5 A5
A9 A9 B7
A3 A3
B5 B5
C1 C1 D3
D4 C3 E1
D7 D7
C5 C5
E5 E5
B1 B1
E6 E7
B3 B3 C7
E3 E3
C9 C9
A7 A7
A1 A1 D5
D9 D9 B9 D1
AB AB H
AP AP
AA N
J J
I AF
AI AS AU
AH AW
AJ T
E P
Q Q
AG AG
AN AO
AM AC
b b
l l ad ax
ab ab av
d d
n n
p p af
q ah
g f
s al
h h
ak r t aj
i x
j j
z z at
as ar
u an
v v
w ap
a5 a5
a9 a9 b7
a3 a3
b5 b5
c1 c1 d3
d4 c3 e1
d7 d7
c5 c5
e5 e5
b1 b1
e6 e7
b3 b3 c7
e3 e3
c9 c9
a7 a7
a1 a1 d5
d9 d9 b9 d1
