Jason Derek Kevin Nathaniel Heather Nathaniel Kevin Brittany Sarah Dylan Shane Ralph Victoria Alexandra Ralph Dylan Sarah Kyle Joshua Kyle Terry Kyle Tammy Kara Daniel Jose Sabrina Joseph Jose Daniel Wendy Kelsey Linda Tristan Kelsey Barbara Carlos Laura Kari Deanna Kathy Benjamin Kathy Deanna Jane Mary Sydney Carol Mary Jane Kari Douglas Lauren Kari Carlos Rebekah Rebecca Aaron Nancy Richard Larry Kylie Nancy James Barbara Garrett Phillip Jeffery Ricky Maurice Cindy Dustin Miranda Eric Miranda Jeffery Ronnie Stacie Diana April Martha Jordan Angelica Erin Nicole Krista Amber Andre Amber Spencer Amber Krista Jordan Stephen Brad Thomas Kelly Jeffrey Robert Anna Mario Anna Robert Jeffrey Jacqueline Kimberly Jacqueline Jeffery Phillip Ronald Roy Gregory Taylor Gregory Steven Garrett Wayne Wendy Ashley Rachel Monica Erica Leonard Tommy Monique Patricia Johnathan Erica Toni Alyssa Ryan George Ryan Erica Tammy Jay Julia Angela Edwin Brenda Michael Luis Sandra Molly Regina Kayla Michelle Jason Reginald Cynthia Misty Jill Logan Donald Cristian Donald Janet Katelyn Brandi Anthony Jennifer Harry Reginald Jason
81
Jason Jeremy
Derek Derek
Nathaniel Nathaniel
Heather Heather
Brittany Brittany Evan
Dylan Dylan
Shane Shane
Victoria Charles
Alexandra Alexandra Nicholas
Kyle Kyle
Joshua Joshua Cheryl
Tammy Tammy
Kara Kara
Jose Jose
Sabrina Sabrina Shawn
Joseph Joseph Adam
Wendy Wendy
Kelsey Kelsey
Tristan Tristan
Laura Laura
Kari Kari
Deanna Paul
Kathy Kathy
Benjamin Scott
Jane Jane
Mary Mary
Carol Carol
Douglas Brian
Lauren Lauren
Rebekah Rebekah
Rebecca Rebecca Kristen Brett
Richard Christina
James James
Jeffery Jeffery
Ricky Ricky
Dustin Dustin Melinda
Miranda Mercedes
Eric David
Ronnie Ronnie
Stacie Stacie Carrie
April April Robin
Martha Juan
Jordan Jordan
Erin Adrian
Nicole Nicole
Krista John
Amber Claire
Andre Karen
Spencer Mark
Stephen Stephen
Brad Brad
Thomas Shannon
Jeffrey Jeffrey Grace
Robert Robert
Mario Mario
Jacqueline Jacqueline Bryan
Kimberly Kimberly
Roy Roy
Gregory Gregory
Steven Samantha
Wayne Wayne Elizabeth
Ashley Ashley Melissa
Rachel Rachel Andrew
Monica Monica Crystal
Leonard Timothy
Tommy Tommy
Johnathan Johnathan Megan
George Gabriel
Julia Susan
Edwin Edwin Dana
Molly Randy
Regina Regina
Kayla Kayla
Michelle Michelle
Misty Misty
Jill Jill
Logan Logan
Cristian Cristian William
Katelyn Katelyn
Anthony Amanda
Jennifer Jennifer
