Granbull PorygonZ Electrode PorygonZ Geodude Altaria Ampharos Altaria Bagon Altaria Sylveon Altaria Geodude PorygonZ Granbull Bulbasaur Reuniclus Metang Magmar Metang Reuniclus Bulbasaur Ursaring Lycanroc Amoonguss Stunfisk Darkrai Stunfisk Amoonguss Magikarp Amoonguss Wailord Qwilfish Wailord Lycanroc Gorebyss Mantine Gorebyss Lucario Swanna Absol Lileep Rhyhorn Carbink Rhyhorn Lileep Absol Swanna Conkeldurr Swanna Lucario Zigzagoon Buizel Salandit Buizel Aipom Nuzleaf Staryu Flareon Heatmor Serperior Binacle Exeggcute Torracat Exeggcute Binacle Serperior Bergmite Serperior Machamp Happiny Machamp Staryu Deoxys Finneon Lunala Kirlia Unown Kirlia Whimsicott Ferrothorn Whimsicott Lunala Finneon Deoxys Staryu Aipom Buizel Zigzagoon Lucario Gorebyss Heliolisk Furret Tyrunt Sentret Probopass Fletchling Purrloin Fletchling Cubone Butterfree Cubone Fletchling Probopass Sentret Tyrunt Charizard Volcanion Cyndaquil Corsola Budew Corsola Cyndaquil Volcanion Charizard Tyrunt Mightyena Skrelp Glalie Skrelp Mightyena Bronzor Mightyena Tyrunt Furret Heliolisk Chespin Illumise Whismur Deino Swadloon Caterpie Bidoof Politoed Klang Raikou Mudkip Raikou Chatot Slakoth Chatot Klang Politoed Bidoof Caterpie Swadloon Deino Milotic Deino Whismur Illumise Chespin Eelektrik Spearow Mawile Spinda Linoone Manaphy Linoone Spinda Mawile Glaceon Mawile Trumbeak Furfrou Castform Elekid Pancham Mudsdale Greninja Tsareena Staravia Tsareena Masquerain Cosmog Smeargle Azurill Krookodile Cascoon Rapidash Krookodile Azurill Smeargle Cosmog Masquerain Tsareena Greninja Oshawott Cinccino Oshawott Greninja Mudsdale Pidgeot Mudsdale Pancham Elekid Furfrou Trumbeak Mawile Eelektrik Whiscash Quilava Rufflet Quilava Whiscash Rockruff Whiscash Eelektrik Chespin Parasect Lombre Parasect Chespin Heliolisk Gorebyss Lycanroc Ursaring Bulbasaur Typhlosion Bulbasaur Granbull
74
PorygonZ PorygonZ
Electrode Electrode Flygon
Altaria Malamar
Ampharos Ampharos
Bagon Charmander
Sylveon Sylveon Bonsly
Reuniclus Reuniclus
Magmar Magmar Blissey
Lycanroc Lycanroc Raichu
Amoonguss Golbat
Darkrai Darkrai
Magikarp Jirachi
Qwilfish Floette
Mantine Mantine Carnivine
Lucario Floatzel
Swanna Swanna
Absol Absol Hitmontop
Lileep Lileep
Carbink Carbink Metagross Reshiram
Buizel Buizel Jolteon
Aipom Dustox
Nuzleaf Nuzleaf
Flareon Goomy
Heatmor Heatmor
Serperior Serperior
Binacle Binacle
Exeggcute Exeggcute
Torracat Torracat Lapras
Bergmite Bergmite
Machamp Machamp Remoraid
Happiny Happiny Magmortar
Deoxys Deoxys
Unown Unown Relicanth
Whimsicott Whimsicott
Heliolisk Heatran
Probopass Probopass
Purrloin Luvdisc
Cubone Cubone TypeNull
Butterfree Butterfree Beedrill
Charizard Charizard
Volcanion Infernape
Budew Budew Grumpig
Mightyena Mightyena
Glalie Glalie Mimikyu
Bronzor Bronzor Roserade
Chespin Chespin Metapod
Illumise Torchic
Swadloon Electrike
Chatot Chatot
Slakoth Slakoth Ninjask
Milotic Kangaskhan
Spearow Spiritomb
Mawile Mawile
Spinda Spinda
Manaphy Gliscor
Glaceon Skitty
Trumbeak Trumbeak
Pancham Vivillon
Mudsdale Mudsdale
Greninja Greninja Torkoal
Tsareena Tsareena
Staravia Feraligatr
Cosmog Cosmog
Azurill Crawdaunt
Krookodile Krookodile Corphish
Cascoon Cascoon
Cinccino Cinccino
Pidgeot Pidgeot
Whiscash Whiscash
Quilava Quilava Crabominable
Rufflet Rufflet Arbok Lampent
Rockruff Rockruff
Lombre Diggersby
Typhlosion Typhlosion Chinchou
