19 21 3 39 2 39 13 51 11 14 30 14 57 56 77 56 57 14 11 71 23 52 68 85 26 0 10 45 10 0 26 97 54 97 26 85 68 88 9 35 9 80 36 17 12 31 65 63 82 24 82 63 65 31 12 73 12 78 86 66 86 78 12 17 36 80 9 88 95 33 8 69 8 33 62 33 90 94 38 59 58 59 94 90 33 95 68 52 23 71 89 71 11 51 13 39 3 64 44 43 7 41 79 74 98 74 79 41 7 93 91 61 91 93 7 43 44 64 3 21 19
39
39 39 1 32
13 13
51 51
11 11
30 60
56 5
77 46
23 23
85 85
26 26
0 0
10 10
45 45 40
54 54 29
88 88
9 9 50 92
35 35
80 80
36 36
17 17
12 12 34
65 65
63 63
24 24
73 72
66 70
95 95
33 33 15
69 53
62 99
90 90
59 59
58 58 25 55
89 76
44 44
43 43
7 7
41 41 28
61 61
