L58 L90 L28 L46 L27 L9 L29 L48 L26 L54 L79 L39 L60 L22 L41 L62 L96 L4 L45 L42 L24 L73 L69 L36 L43 L71 L50 L85 L21 L35 L70 L14 L82 L80 L8 L12 L13 L40 L81 L65 L34 L89 L7 L64 L78 L51 L30 L74 L94 L11 L68 L84 L99 L98 L16 L15 L23 L19 L58
40
L58 L58
L90 L90
L28 L32
L27 L27
L9 L9
L29 L17
L48 L48
L79 L76
L39 L77
L60 L60 L88
L62 L62 L3
L4 L4 L2
L45 L45
L42 L55
L24 L24
L36 L36 L44 L72
L85 L85
L21 L18
L82 L82
L80 L80 L83
L8 L8 L47
L12 L12 L0 L10
L13 L13
L40 L91
L34 L34
L89 L89
L7 L7
L78 L78
L51 L53
L30 L30
L74 L74
L94 L94
L11 L49
L84 L84
L99 L99
L98 L98
L16 L16
L15 L15
L23 L23 L66
L19 L19
