74 72 80 79 71 75 18 11 12 17 16 20 18 38 21 26 29 28 24 25 23 24 30 26 21 38 31 39 36 35 37 34 40 38 46 2 5 7 9 4 8 6 2 151 157 153 159 152 154 157 151 46 50 44 41 43 42 47 48 46 58 53 55 56 60 51 54 58 63 70 65 66 62 68 61 63 87 89 82 81 88 83 86 84 87 98 99 96 92 91 93 97 98 102 104 107 101 103 108 102 110 102 118 116 111 114 120 115 119 113 118 121 129 130 122 127 125 124 121 132 138 139 135 140 137 138 132 141 148 150 146 147 144 143 149 141 169 165 167 170 162 161 169 172 171 177 178 179 180 177 171 172 182 184 183 186 189 190 182 192 200 194 193 198 199 194 197 192 75 76 72 74
87
74 74
80 80
71 77
75 75
11 11
12 14
16 16 13
20 19
38 38
26 26
29 29
28 28
25 25
23 23
30 30
31 31
39 39
36 36
35 35
37 37
34 32
46 46
2 2
8 8
6 6
151 151
157 157
153 153
152 156
154 160
50 50
41 41
47 47
58 58 59
53 53
55 55
56 52
54 54 57
70 70 69
66 66
62 62
68 68
61 61
89 89
82 82
81 81
88 88
83 83 85
86 86
99 99
96 96
104 104
118 118
116 116
111 111
114 114
119 119
113 113
129 128
122 122
124 126
132 136
139 139
135 135
140 140 131
137 137
141 141
148 148
146 146
143 142
149 145
169 169
165 165
167 167 166
170 168
161 161 163 164
172 172
178 178 175
179 179
180 180 174
184 185
189 189
192 192
198 198
199 199 191
197 197
76 76 73
