75 71 79 76 80 72 74 10 6 8 9 4 7 2 5 10 11 12 18 17 16 20 18 11 21 26 29 28 24 25 23 24 30 26 21 35 36 39 31 40 37 34 35 43 41 44 50 48 43 42 47 43 51 54 60 53 55 56 58 51 61 68 65 66 62 70 61 88 81 82 89 86 84 83 88 99 96 92 91 93 97 98 99 74 72 71 75
40
75 75
71 71
76 76 73 78
80 80
72 72
74 74
10 10
7 7
2 2
5 1
12 12
16 16 13
20 20 19
21 21
26 26
28 28
24 24
30 30 22
36 36
31 31
40 33
37 37
34 32
50 50
42 42
47 47 45
53 53
58 59
61 67
66 66
70 70 63 69
88 88
82 82
89 89 87
86 86
92 92
91 91
93 100
97 97 94
98 98
