Soda China Kenya Kuwait Spain Maldives Croatia Sint Croatia Maldives Kuwait Kenya Moldova Kenya Czech Burkina Seychelles Jersey Cameroon Macao Cameroon Jersey Seychelles Congo Heard Sao Christmas Gambia Qatar Barbados Albania Niue Poland Niue Albania Nauru Bahrain Chile Namibia Chile Bahrain Djibouti Bahrain Comoros Myanmar Iceland Holy Guyana Slovakia Guyana Korea Guyana Colombia Guadeloupe Republic Dominican Haiti Dominican Republic Svalbard Republic Liberia Oman Isle Oman Liberia Grenada Liberia Republic Guadeloupe Colombia Guyana Holy Myanmar Paraguay Libya Hong Palau Peru Brazil Norway Brazil Peru Palau Hong Anguilla Hong Libya Pakistan Paraguay Myanmar Comoros Bahrain Nauru Albania Denmark Greenland Denmark Sri Sudan Japan El Cayman Papua Norfolk Canada Panama Canada Norfolk Papua Cayman El Japan Sudan Sri Denmark Barbados Qatar Virgin Qatar Gambia Bosnia Christmas Sao Heard Singapore Lebanon Samoa Lebanon Singapore Heard Congo Falkland Malawi Belarus Malawi Falkland Lao Benin India Benin Liechtenstein Benin Italy Mauritius Italy Estonia Iraq Estonia Solomon United Niger Mozambique Puerto Bulgaria Puerto Cocos Dominica French Guinea Andorra Guinea French Montserrat Guernsey Montserrat French Dominica Cocos Gibraltar Lithuania Antarctica Lithuania Gibraltar Cocos Morocco Ecuador Morocco Cocos Malta Cocos Puerto Mozambique Mayotte Saint Costa Bahamas Mexico Bahamas Costa Germany Fiji Germany Costa Saint Mayotte Ireland Mayotte Niger United Solomon Estonia Italy Benin Lao Falkland Congo Luxembourg Argentina Luxembourg Bhutan Luxembourg Congo Senegal Congo Seychelles Burkina Czech Kenya China Soda
43
Soda Cambodia
Croatia Croatia
Sint Sint
Moldova Moldova Latvia
Czech New
Burkina Burkina
Macao Macao
Congo Congo
Sao Sao
Albania Albania
Nauru Pitcairn
Djibouti Finland
Korea Korea British
Republic Republic Algeria
Liberia Liberia Aruba
Hong Hong
Palau Palau
Norway Belize
Pakistan Pakistan
Japan Japan
Norfolk Rwanda
Singapore Singapore
Lebanon Lebanon
Malawi Malawi
Lao Lao
Iraq Iraq
United United
Niger Niger Kyrgyzstan
Mozambique Nigeria
Bulgaria Jamaica
Guinea Indonesia
Guernsey Kiribati
Ecuador Burundi
Malta Antigua
Mayotte Mayotte
Saint Saint
Bahamas Bahamas
Mexico Mexico
Fiji Fiji Netherlands
Ireland Ireland
Luxembourg Luxembourg
Argentina Argentina Northern
Senegal Egypt
