Essos Toffingburg Jakku Alethkar FogofLostSouls Prongdale SerpantsPass Prongdale TheSpine Prongdale Shadesmar Prongdale FogofLostSouls Millhagen FogofLostSouls Alethkar Jakku ZhaoFu WesternAirTemple Jakku Ramshorn HighGarden Accrington TheFae Urubaen Naboo MountOlympus Valyria MountOlympus Naboo Urubaen TheWall Urubaen TheFae Toperhagen TheFae TheHogsHead Atlantas Grayburn Peridrift Chrofall Peridrift TheEyrie Grayburn TheFae Accrington HighGarden TheCommonwealth KnifesEdge TheCommonwealth HighGarden Ramshorn Jakku TheWhompingWillow Karth Castamere Karth TheWhompingWillow Jakku Toffingburg LeakyCauldron Yunkai Millingburg BayofDragons Millingburg Titferdenn Millingburg Duskhollow Millingburg Yunkai LeakyCauldron KoralReef LeakyCauldron Bellechulish LeakyCauldron Toffingburg Riverrun AirTempleIsland Riverrun DiagonAlley Durnatel DiagonAlley Riverrun Toffingburg ThePrancingPony Toffingburg Essos
38
Essos Essos
Toffingburg Toffingburg Lorien JahKeved Dubwall Aerodenn TheRiverStyx
Jakku Jakku TheSpiritWorld Alderaan TheUnderworld CaveofTwoLovers
Alethkar Alethkar Vintas Penketh TheBoilingRock WitheredHeath Arkham Arcwallow ShatteredPlains
Prongdale Sanlow TheChumBucket
SerpantsPass Netherfort
TheSpine TheSpine Endor
Millhagen FlourishBlotts Westeros BikiniBottom
WesternAirTemple WesternAirTemple Winterfell
HighGarden HighGarden Omashu TheGodswood Ivormere
Accrington Accrington
TheFae TheFae Helgrind DuWeldenvarden
Urubaen Urubaen BaSingSe Boatwright
Naboo ShriekingShack Bobbingbourne Ademre
MountOlympus MountOlympus CastleBlack
Valyria Valyria Dragonstone
TheWall JarrensOutpost Gizton
Toperhagen Toperhagen TheKrustyKrab RepublicCity Lockinge TheReshiIsles TheVale
TheHogsHead FleaBottom
Atlantas Atlantas Soda
Peridrift Peridrift GooLagoon Blackwater
Chrofall Chrofall
TheEyrie TheEyrie Neddington
TheCommonwealth TheCommonwealth
KnifesEdge KnifesEdge Meereen ProBendingArena
TheWhompingWillow TheWhompingWillow
Karth Karth Yll Newarre BeyondtheWall Carvahall
Castamere Castamere Batcave
LeakyCauldron Astapor TheGreatDivide
Yunkai Trebon Barkamsted SatishVille
Millingburg Azir Braavos Neddingtown
Duskhollow Duskhollow
KoralReef Hogsmead Ellesmera Arrowcave
Bellechulish Hogwarts
Riverrun Riverrun Steeltown Tartarus
AirTempleIsland Tarbean FireNation
DiagonAlley DiagonAlley Shinovar Severen
Durnatel Grimbarrow Keld
