21 77 2 44 128 134 94 19 159 80 59 33 117 5 10 30 132 73 90 167 129 163 78 96 178 119 17 111 28 122 144 126 71 152 92 135 11 139 196 12 188 190 151 9 133 84 72 137 100 109 89 27 31 195 147 199 158 79 1 79 26 66 168 36 108 98 15 42 4 156 183 123 68 185 130 6 63 164 136 81 88 161 47 52 43 162 3 34 39 64 74 49 149 95 120 16 32 169 65 114 83 82 148 187 67 154 25 45 70 20 85 24 50 116 198 46 172 24 182 145 105 62 57 166 140 113 99 87 184 180 193 86 61 35 189 23 155 106 59 80 159 94 134 118 107 110 165 142 174 21
83
21 21
2 2
44 48
134 134
159 159
10 10
30 30
90 90
167 167
129 102
163 163
78 78
96 96 75
178 178
119 119
17 17
111 176
122 122
144 144
152 152
135 135 131
139 139
196 196
12 51 103
188 188 56
190 190 186
151 151
133 133
72 72 53
137 137
100 100
27 27
31 31
147 147 29
1 115
66 125
168 168
36 36
108 108
15 15 127
42 42
156 156
123 160
68 68
130 130
164 18
136 136 194
81 81
88 88
47 47 7
162 60
34 34
64 64
74 74
49 49
149 149
95 95
120 120 14
16 16
32 32
169 169
114 114
82 82
148 91
154 154
45 45
20 20
24 24
116 116
46 46 177
172 172 170
105 105 38
62 62
87 87
184 184
180 180
61 61
35 40
23 23
118 118 146
107 54
165 97
142 142 37 121
