USZWPSB HVERBTBS WYQMUDM QKULBZUR EFOWXJQKY QKULBZUR MRXNI TYXBK YFEZIO OIANIWMW GEGFOSJ ILXWSRIC OTYFK ILXWSRIC TGPYEAP APIOYKU WVLTLUD YCGJNQA LNDUQDYSK BTMJSONW URZULNA BTMJSONW LNDUQDYSK QPHYDQYV GWDJBFTV YOUZA JJQBPSV SIAFKK GWDJBFTV HWJUZVNH GWDJBFTV APIOYKU TGPYEAP DKINCMT FBLXKVQA ENYRMHFE TQSCIQTX LYRSZA HNOOUELP LYRSZA MBRDNYP SIJTRDMKR XZUPVI UDNWTRHT HSAIPP RGSOR HSAIPP XQOMNCXDB JXLFSOAT GMRFZFR JBHQVBXP GMRFZFR JXLFSOAT XQOMNCXDB MBRDNYP OGEJDN FBLXKVQA GLYDZ JIDZW RBNAR XENTNT VWNAJFRNG XSWDY JCPDBZK UVWOHGC XSWDY JIDZW KAUIIR OZFZCKVUN FXTET OZFZCKVUN KAUIIR KKEUJFUJH JIDZW GLYDZ FBLXKVQA OIANIWMW WIFTQ YFEZIO QINTC RZIWNJFXV WKIASJP TNHRK GSVJPWC ACYPAPBPW RUGMYM AOVKACB EMAAQWO GNMIBCL KFHZBOJXK FZGDAQKRC KFHZBOJXK GNMIBCL EMAAQWO AOVKACB WEKQXMG PSCLAN FPWIFBHR WJFHT ZGZQJZFA FPWIFBHR RUGMYM NJLNWKM EHQRYBZ RGLCPSJQE EHQRYBZ NJLNWKM RZIWNJFXV QINTC YFEZIO NXLMTIMTQ AERLK GKDIY DFFFG OLAIC YPQLZHI DFFFG UZGTEP NIVCBBO EJXSCSGM ZNZOQPE ZKGYGD ZNZOQPE EJXSCSGM NIVCBBO KRUSUHB YKOGGTNN AIGGLZT PTDJM VVSNO YMKTHRU VVSNO PTDJM AIGGLZT GKDIY JEGRK KYSSK CCTJZN WTQCHXQ NVPDYHJ CCTJZN KYSSK FJQMKJNWE YHITQ DIXXP WEXBJV MOXGRP WEXBJV DIXXP YHITQ LJIWVABQS WUUMGX JOXQIX MSHZNEX JOXQIX YHITQ YJDLOE VLVZNIWT YFEZIO VTPZPDXM TOAKXEQ SPLDAD FLOTLYFG NLKIQELC FLOTLYFG SPLDAD TOAKXEQ BDHKKLSE HVERBTBS USZWPSB
75
USZWPSB USZWPSB GALHVZ
HVERBTBS HVERBTBS
EFOWXJQKY EFOWXJQKY MWXYLX
MRXNI MRXNI
YFEZIO YFEZIO NTZSZ
GEGFOSJ GEGFOSJ
ILXWSRIC ILXWSRIC
TGPYEAP TGPYEAP
APIOYKU APIOYKU
WVLTLUD NCPEGX OVKLH
LNDUQDYSK LNDUQDYSK
URZULNA CWLLCM
QPHYDQYV NHNDWOH
YOUZA YOUZA
SIAFKK SIAFKK
HWJUZVNH HWJUZVNH SICVXMLGL
DKINCMT DKINCMT
ENYRMHFE VFEEU
TQSCIQTX TQSCIQTX
LYRSZA LYRSZA
HNOOUELP HNOOUELP APBFJMOOF
XZUPVI XZUPVI
UDNWTRHT UDNWTRHT NZJGYK
HSAIPP HSAIPP
RGSOR RGSOR BLXWCB
XQOMNCXDB XQOMNCXDB
JXLFSOAT JXLFSOAT TTXGTNV
GMRFZFR ZEZKNGTK UBODMUMJ
JBHQVBXP YVIRIDDRA
OGEJDN NBRZI ANHOTJN
GLYDZ GLYDZ
RBNAR RBNAR
XENTNT XENTNT
VWNAJFRNG VWNAJFRNG QMHLIXVD
XSWDY XSWDY
KAUIIR KAUIIR MYDTJZPES
OZFZCKVUN HEFYBKPUF
TNHRK AHZYCQM
ACYPAPBPW ACYPAPBPW
RUGMYM RUGMYM
AOVKACB AOVKACB RLWAP
EMAAQWO EMAAQWO
FZGDAQKRC FZGDAQKRC
PSCLAN EPJHOESBB
ZGZQJZFA XHMMLM
EHQRYBZ EHQRYBZ
RGLCPSJQE RGLCPSJQE VBAQD
AERLK ORCMU VWHRKOPZ
GKDIY BHAMV
DFFFG DFFFG
YPQLZHI JVWIZDBS
UZGTEP BCHOPGEE
NIVCBBO NIVCBBO
EJXSCSGM EJXSCSGM
ZNZOQPE ZNZOQPE HSJUMJH
ZKGYGD ZKGYGD
KRUSUHB KRUSUHB JQHORKB
YKOGGTNN YKOGGTNN
AIGGLZT AIGGLZT
VVSNO VVSNO
JEGRK JEGRK FPWMJC
CCTJZN CCTJZN
WTQCHXQ WTQCHXQ
NVPDYHJ AXCWU
FJQMKJNWE FJQMKJNWE
DIXXP DIXXP
WEXBJV WEXBJV GNXDBJSVR RVPJHZLQQ
MOXGRP MOXGRP
LJIWVABQS FCWRH
JOXQIX JOXQIX YAETAC
MSHZNEX MSHZNEX RJDHJFNIN
VLVZNIWT FZNKCK
TOAKXEQ TOAKXEQ PJXURKPC
FLOTLYFG FLOTLYFG
BDHKKLSE OLUPAJLP RQWCFDHW
