92 28 5 34 2 13 2 91 3 70 3 93 59 93 3 91 7 49 55 90 17 90 35 89 35 90 55 49 63 49 7 91 57 91 60 36 29 99 29 36 60 43 50 22 11 22 50 43 73 12 51 21 9 21 85 74 85 21 51 12 73 43 60 91 2 34 58 46 58 34 67 68 0 76 0 68 67 82 67 34 94 16 45 26 45 16 78 77 41 77 78 16 94 34 5 97 47 52 42 47 64 47 97 5 28 92
40
28 72
5 5
2 2
13 13
91 23 54
3 3
70 70 33
93 93
59 59
55 55
90 90 18
17 17
35 35 32
63 63
57 57 44
60 24
29 29 10
99 87
43 20
50 50
11 11
73 73
12 12
21 21
85 85
74 74 37
46 46 14
68 68
0 0
76 65 95
94 94
16 16
45 45
26 1
78 78
41 19
97 97
47 47
42 86
64 64 61
