140 153 164 41 180 83 57 147 73 155 73 147 123 28 123 147 57 180 184 85 163 85 184 124 16 107 50 157 23 65 23 157 67 13 67 157 72 76 125 99 82 99 125 76 72 157 50 58 107 131 46 195 159 195 46 131 107 16 143 87 143 16 124 33 161 86 161 186 148 2 148 77 152 199 77 148 134 34 61 177 32 177 174 70 160 158 105 56 37 56 150 8 166 8 150 105 158 160 70 174 177 61 34 134 59 62 112 22 178 22 112 62 137 197 97 93 97 197 137 62 167 62 59 134 175 134 148 144 24 151 29 145 29 168 69 149 98 74 98 149 128 26 122 128 149 179 20 179 149 69 168 29 151 24 144 25 75 156 75 25 132 25 165 18 165 25 144 148 186 161 33 190 146 190 33 124 47 162 103 120 185 133 80 40 80 133 185 120 103 162 172 118 49 1 196 12 196 1 49 118 172 194 64 30 64 194 181 81 127 45 5 11 19 53 19 11 5 45 127 81 181 172 162 47 182 91 182 47 124 184 180 41 164 153 140
76
140 135
153 153
41 41 101
180 6
83 83 142
57 57
73 73
155 35
123 123 176
28 108
85 85
50 50
65 65
13 13 102
76 76
125 125
82 82 89
159 159
33 139
186 186
2 55
77 77
152 170
134 134 42
61 61
177 177
32 32 115
160 160
158 158 95
56 56
37 104
150 150 27
8 8
166 166
59 59
62 62
112 112
22 22
178 178
197 197
97 97
93 93 39 173
167 167 9
175 175 84
24 154
151 151
29 29
145 44
168 168
74 130
128 128
122 51
179 179 7
25 25
132 132
18 18 96
190 190
146 146 94
47 47
162 36
103 103 4
185 185
133 133 114
80 80
40 40
49 49 117
196 196 10
12 12 193
127 127
45 45
5 5
11 11 79
19 19 21
53 53 169
182 182
91 14
