a0 a17 a0 a19 a0 a21 a29 a6 a27 a49 a77 a2 a30 a89 a75 a16 a92 a22 a7 a10 a11 a59 a11 a81 a11 a86 a11 a10 a7 a39 a62 a39 a7 a22 a28 a9 a1 a12 a1 a18 a23 a94 a53 a51 a53 a94 a23 a18 a1 a9 a48 a9 a28 a22 a92 a16 a75 a89 a30 a2 a43 a3 a41 a8 a25 a85 a32 a14 a5 a14 a32 a71 a15 a71 a32 a25 a8 a78 a24 a78 a8 a41 a83 a41 a3 a43 a2 a49 a27 a6 a31 a13 a31 a6 a29 a21 a0
37
a0 a97
a17 a17 a99
a19 a65
a21 a21
a6 a42 a55
a77 a77
a2 a2
a30 a33
a89 a44
a75 a75
a22 a37
a11 a11
a59 a59 a47 a74
a81 a81
a86 a86
a39 a39
a28 a28
a9 a9
a1 a80 a93
a12 a12
a18 a18
a23 a23
a94 a94 a87
a53 a53
a51 a51 a98
a48 a48
a43 a43
a3 a50 a56
a8 a8 a88
a25 a25
a5 a79
a71 a71 a82
a15 a46
a78 a78
a24 a73
a83 a83 a90
a13 a52 a60
