Gastre Triesen Kyrenia Uppsala Pazardzhik Woodlake Maidenhead Prattville Nongan Kyrenia Dongola Visby Branson Juliaca Cocieri Smithfield Cocieri Juliaca Paramount Linxia Paramount Balzan Liuzhou Midland Moyobamba Caen Benha Scranton Sholapur Kindu Lospalos Benha Bouar Matruh Bouar Polatsk Malolos Neryungri Bungoma Coronel Bell Elkin Atbasar Jagodina Pingtung Leo Taungoo Winters Kalgoorlie Palopo Juliaca Scottsdale Tukchi Hope Forteau Sambava Coatzacoalcos Polevskoy Palu Charlestown Skikda Gwadar Charlestown Mbandaka Aasiaat Absecon Gastre
39
Triesen Triesen Destrnik
Kyrenia Kyrenia
Maidenhead Maidenhead
Dongola Dongola Punakha
Visby Visby Luganville
Branson Branson Baicheng Channahon
Juliaca Juliaca
Cocieri Cocieri
Smithfield Bosilovo
Linxia Woodinville
Caen Caen
Benha Benha
Scranton Scranton
Sholapur Sholapur Derby Daloa
Kindu Kindu
Polatsk Polatsk Cumming Clay
Malolos Malolos
Neryungri Neryungri
Bungoma Bungoma
Coronel Coronel
Bell Bell
Pingtung Pingtung
Leo Leo
Taungoo Taungoo
Winters Winters
Kalgoorlie Kalgoorlie
Scottsdale Scottsdale
Tukchi Tukchi Bovec
Hope Hope
Forteau Forteau
Sambava Sambava Chepes
Coatzacoalcos Coatzacoalcos
Polevskoy Polevskoy
Palu Allahabad
Charlestown Charlestown
Gwadar Gwadar
Mbandaka Narva
Aasiaat Aasiaat
Absecon Absecon
