Soda Location25 Location90 Location1 Location24 Location1 Location34 Location18 Location10 Location68 Location43 Location68 Location10 Location18 Location34 Location1 Location90 Location6 Location22 Location20 Location22 Location6 Location54 Location3 Location12 Location32 Location67 Location4 Location42 Location37 Location42 Location4 Location67 Location32 Location12 Location36 Location12 Location3 Location54 Location6 Location90 Location14 Location16 Location62 Location5 Location11 Location7 Location44 Location19 Location44 Location7 Location53 Location7 Location94 Location29 Location58 Location29 Location61 Location29 Location94 Location7 Location11 Location40 Location13 Location21 Location13 Location70 Location40 Location11 Location80 Location23 Location80 Location11 Location5 Location62 Location16 Location72 Location16 Location14 Location50 Location46 Location26 Location46 Location50 Location14 Location59 Location27 Location59 Location14 Location90 Location17 Location45 Location2 Location57 Location2 Location45 Location8 Location45 Location17 Location56 Location17 Location90 Location25 Soda
31
Location1 Location1
Location10 Location10
Location20 Location20 Location31
Location3 Location3
Location12 Location12
Location32 Location32 Location66
Location42 Location42
Location36 Location28
Location14 Location38
Location16 Location16
Location5 Location5
Location7 Location7
Location44 Location44
Location19 Location74
Location94 Location94
Location29 Location29
Location58 Location58 Location77
Location40 Location93
Location21 Location82
Location70 Location70 Location35 Location79
Location80 Location80
Location23 Location23
Location72 Location72 Location41
Location46 Location46
Location26 Location26 Location0
Location17 Location17
Location45 Location45 Location39
Location2 Location2
Location57 Location57 Location9
Location8 Location76
Location56 Location56
