xjbms hwhxr ttdxn fuume bicnj ocgbu fxnnl npvgp kymjg qkzwm itxfb hgzmo rlqrg yuayd yifeb hstmf xvefe lfceh svmzn nnnts dzfkr bsuwt xeikc xhmwj uzzfw uegez apwvq yjjhy usrtf vlzjn czppi akegy xecik begrs impuz mrnvg bqgqy riwwe yvlpb mbzzn umkyo uvqrb rnrnh bwgqu htabn rfxfz tykrt wxnxi hnizb swhav ybgaf ydhop ayxok nrtqp lyixz oovyk orytw nwnsv otdam vaeqh xjbms
42
xjbms xjbms
hwhxr hwhxr
fuume fuume lpolv
bicnj bicnj
ocgbu ocgbu iddrb
fxnnl fxnnl
npvgp npvgp
itxfb itxfb
yuayd deoux
hstmf hstmf
xvefe xvefe
lfceh lfceh
nnnts nnnts
dzfkr dzfkr
bsuwt bsuwt kvvqk
xeikc xeikc
uzzfw uzzfw
uegez uegez
usrtf usrtf
vlzjn wnlug psudb
czppi czppi
akegy akegy
xecik xecik
begrs fnhle
impuz impuz
mrnvg mrnvg
bqgqy bqgqy yztko
riwwe riwwe
mbzzn mbzzn
umkyo bthif
rnrnh rnrnh
bwgqu bwgqu
htabn lkzxl
tykrt tykrt kyaqs
wxnxi wxnxi
swhav llwzk
ybgaf ybgaf
ydhop ydhop
nrtqp nrtqp
lyixz lyixz beqlb
otdam ejwkt
vaeqh vaeqh qkysn
