0 52 49 101 87 193 154 193 87 101 92 1 92 101 52 0 132 62 98 136 19 121 73 68 33 102 51 102 68 73 158 25 168 131 77 72 41 196 114 59 3 99 3 67 139 57 82 134 147 172 147 134 82 57 139 122 81 122 139 67 59 41 72 77 188 23 27 145 179 149 179 145 27 188 77 131 25 158 63 120 157 116 176 125 21 34 130 165 8 165 42 165 130 34 39 88 95 17 66 37 47 195 47 37 106 10 106 66 45 17 95 194 95 39 125 94 151 93 104 187 178 187 190 104 119 93 94 125 183 100 163 128 192 76 64 84 38 84 64 192 85 96 111 129 111 96 85 192 128 163 100 157 120 63 158 73 174 121 162 121 124 55 5 7 113 9 175 91 175 113 7 5 146 6 71 177 71 146 103 14 135 118 150 60 4 60 150 118 135 14 146 5 189 69 65 53 36 167 181 167 36 53 65 69 189 5 55 152 55 136 98 62 132 171 170 171 0
62
0 0
52 52
49 49
1 1
132 11 31
62 62
19 19
73 73
68 68 75
33 33
51 51 58
25 25
77 77
72 72
41 41
59 59 2
3 3 32
99 50
67 67
57 57
172 74
81 28
23 23
27 27
149 43
63 63
21 21 24
34 34
8 8 15
42 42 22
39 39 61
17 17 20 54
66 66 35
37 37 46
47 47
106 16
10 10
45 45
194 18
151 12
119 13
76 76
64 64 78
38 38
129 26
174 29
55 55 56
5 5
7 7
9 9 44
6 6
71 71
177 48
14 14
60 60
4 4
69 69
65 65
53 53
36 36
181 30
170 70
