0 78 30 18 22 27 94 22 30 49 30 78 59 6 97 44 34 44 81 7 81 32 39 68 25 35 25 68 38 16 50 15 45 13 9 13 45 14 12 23 73 95 23 14 45 15 67 50 74 8 74 50 16 96 16 38 68 48 68 39 72 79 72 39 32 81 83 52 83 81 86 53 84 31 84 86 92 57 3 57 54 57 92 90 11 41 2 41 87 92 86 81 44 93 26 24 26 93 97 46 85 46 97 6 0
35
0 0
30 30
18 18
22 22
27 27
49 29 37
6 6
34 42
81 40
7 7 33
32 32
39 39
25 25 4
35 35 19
38 38
16 16
50 1
15 15
13 13
9 9
14 14
12 12
23 23 20
8 8
52 36
86 43
53 5 28
31 31 10
3 3
54 21
11 11
41 41
2 2
26 26
24 24 17
