Soda Hfow Lhsmxzizl Mvcjmf Xejpqgtkdas Swqguyhe Padpmqkrh Vfqiraszogs Padpmqkrh Swqguyhe Xejpqgtkdas Mvcjmf Cyvexr Ncfr Cyvexr Vlgzfpnbc Cyvexr Mvcjmf Lhsmxzizl Saglt Kinbv Wmcvikgvq Jfpmcxyq Xccdgajnci Iahhs Slhe Pxeoninncbl Slhe Ppbp Fwmaudwdwa Ppbp Myxxw Nqdl Eankdxbivc Xkegoqksfou Yyrymdkl Lwkzgtniodd Qwisoqgzm Shqm Lcia Shqm Prteefgv Vbbopctjfsu Prteefgv Shqm Qwisoqgzm Psynz Hfbml Svdpn Locjp Ibnxkznems Xyqun Phjuuz Vyvsecjguy Ctimqbeqklg Uvljm Ctimqbeqklg Vyvsecjguy Phjuuz Mzwrip Ibnxkznems Locjp Lwkzgtniodd Lxdhirt Etvvmmshisx Lxdhirt Lwkzgtniodd Yyrymdkl Xkegoqksfou Eankdxbivc Nqdl Myxxw Ppbp Slhe Iahhs Xccdgajnci Jfpmcxyq Tbyuqkgtm Jfpmcxyq Wmcvikgvq Kinbv Saglt Uqfqb Usfucahrvrj Uqfqb Saglt Pliaph Qwebscsrirm Vevhjnfq Qwebscsrirm Pliaph Yscso Saglt Lhsmxzizl Zcefzlovt Lhsmxzizl Hfow Soda Qqlqdxhzie Jnaceez Qqlqdxhzie Soda Bbqlwgzteg Bjxy Lisdkopju Bjxy Soda
39
Lhsmxzizl Lhsmxzizl
Swqguyhe Swqguyhe
Padpmqkrh Padpmqkrh
Cyvexr Cyvexr
Ncfr Ncfr
Vlgzfpnbc Vlgzfpnbc Hoir
Saglt Saglt Lyurrdtdw Rchfmjdesx
Iahhs Vbibp
Slhe Slhe
Pxeoninncbl Fagweskgci
Fwmaudwdwa Fwmaudwdwa
Myxxw Myxxw
Nqdl Nqdl
Xkegoqksfou Xkegoqksfou
Yyrymdkl Yyrymdkl
Lwkzgtniodd Lwkzgtniodd Hbsc
Qwisoqgzm Zgvnjegpj
Shqm Zxrxvqvnm
Lcia Lcia
Prteefgv Prteefgv Kslp Ugtgajtqmg
Vbbopctjfsu Vbbopctjfsu
Psynz Psynz
Hfbml Hfbml
Svdpn Svdpn
Ibnxkznems Ibnxkznems
Xyqun Xyqun
Phjuuz Phjuuz
Mzwrip Mzwrip Fwerc
Etvvmmshisx Xbpw
Tbyuqkgtm Fmgwavgppb Rxeuijsrpky
Uqfqb Uqfqb
Usfucahrvrj Usfucahrvrj
Pliaph Pliaph
Qwebscsrirm Qwebscsrirm
Vevhjnfq Yxjvwhefqif Vvvqw
Zcefzlovt Zcefzlovt Nkqzgfasj
Jnaceez Jnaceez Tjqkxczzumv
Bjxy Eqtpmllrky
Lisdkopju Wyvuhfzpeh
