Soda Hqrjtum Edqplcotb Inxcijpyf Emtouaoowyw Lcrsrgxpi Ydvuvij Npgmpqjyei Jwcpy Dqlzagezaf Nncpo Dqlzagezaf Irwyl Ibschxvbrh Nyesh Maeeb Fizeyd Gtgc Elgiz Gtgc Fizeyd Qxvqdumpbbl Gfax Oityp Gfax Lfvepwf Smkwcdian Lfvepwf Ryyoqd Lfvepwf Gfax Xvkx Gfax Qxvqdumpbbl Fizeyd Maeeb Dpnbi Rnswnff Owkaj Ncqinikzgdp Owkaj Rnswnff Mmzmgkvtqx Bowdktxf Igcbw Khycsxtrrp Igcbw Bowdktxf Mmzmgkvtqx Rnswnff Dpnbi Maeeb Nyesh Ibschxvbrh Irwyl Dqlzagezaf Jwcpy Npgmpqjyei Ydvuvij Lcrsrgxpi Eufcpnaixls Ttkftfcy Fhgjwqkutxz Ttkftfcy Eufcpnaixls Lcrsrgxpi Emtouaoowyw Ckmkjwnh Emtouaoowyw Inxcijpyf Wlodbyucbjq Inxcijpyf Kslcu Bylykbmgadb Uymaeuj Wcvfecug Wemlcijqj Wcvfecug Uymaeuj Yxqxfgj Gskr Yxqxfgj Bylykbmgadb Kslcu Edqplcotb Zqwjwnlnefm Jggbevcry Buxfcghoykd Brcezeb Qcnqbaiah Zgdjffrhk Nklgno Bcbc Nklgno Mdnomclrhe Fbwbklawixw Bdympbsjhe Aodl Odsdchqn Azurxcmynf Ybbqswodh Qhaobijtvl Rthio Ylscbxx Pzdxvrzhdt Vyledpi Ylscbxx Rthio Qhaobijtvl Ybbqswodh Azurxcmynf Xqlxxsqozg Civxfilaeqk Xqlxxsqozg Azurxcmynf Odsdchqn Aodl Asqguuggw Aodl Bdympbsjhe Zaqrljex Iqfewjmoxea Vlibwe Brgwekrnc Juiw Dsnedpk Juiw Brgwekrnc Vlibwe Iqfewjmoxea Zaqrljex Wtbchdvcf Zaqrljex Bdympbsjhe Xiogpn Mtpmo Wgehgd Mtpmo Xiogpn Bdympbsjhe Fbwbklawixw Mdnomclrhe Nmfcncwhiz Aqdrmrxjb Nmfcncwhiz Mdnomclrhe Zgdjffrhk Qcnqbaiah Brcezeb Bxfvrffhfut Brcezeb Qqjx Gpqyo Shsdf Ophnoeiqz Awaq Hgoc Fnovbg Zpudyv Jdonjesl Ocbwopj Uwwmj Lkqdreu Uwwmj Ocbwopj Jdonjesl Pqvhtvcqo Xmtucbfh Hzinsgk Ogakhfzozi Nkndh Zcluraciodj Fnao Gdfnwyj Jrlyeyiwwu Gdfnwyj Fnao Lhzuvvpmpa Zcluraciodj Nkndh Ogakhfzozi Hzinsgk Xmtucbfh Aybjrpvt Rgcxopm Lpcihph Zlwi Vtbcgdxr Zlwi Eatzdb Jvxqdoen Zlwi Lpcihph Rgcxopm Aybjrpvt Xmtucbfh Pqvhtvcqo Jdonjesl Zpudyv Fnovbg Hgoc Awaq Ophnoeiqz Shsdf Gpqyo Qqjx Brcezeb Niiglftbp Brcezeb Nwitmhz Yesamropvf Nwitmhz Weuri Ufwcxpl Jrzelxfyphi Ufwcxpl Weuri Tniitgldxe Weuri Nwitmhz Brcezeb Buxfcghoykd Jggbevcry Mpuidi Jggbevcry Zqwjwnlnefm Edqplcotb Hqrjtum Jute Hqrjtum Soda
79
Hqrjtum Hqrjtum Hmbz
Edqplcotb Edqplcotb
Inxcijpyf Inxcijpyf
Lcrsrgxpi Lcrsrgxpi
Npgmpqjyei Npgmpqjyei
Jwcpy Jwcpy
Nncpo Nncpo Ygaely
Ibschxvbrh Ibschxvbrh
Nyesh Opyou
Fizeyd Fizeyd
Gtgc Gtgc Sihsuutjg
Elgiz Mzeexa
Qxvqdumpbbl Qxvqdumpbbl
Gfax Zseccp
Oityp Oityp
Lfvepwf Lfvepwf
Xvkx Xvkx Rouupns
Rnswnff Rnswnff
Igcbw Igcbw
Khycsxtrrp Znjvtzp
Eufcpnaixls Eufcpnaixls
Ttkftfcy Ttkftfcy
Fhgjwqkutxz Fhgjwqkutxz Ewel
Ckmkjwnh Zozpqsoh
Wlodbyucbjq Wlodbyucbjq Yskel
Bylykbmgadb Bylykbmgadb
Uymaeuj Uymaeuj
Wcvfecug Wcvfecug
Yxqxfgj Yxqxfgj
Zqwjwnlnefm Lhrjghnz
Jggbevcry Jggbevcry
Qcnqbaiah Qcnqbaiah
Zgdjffrhk Dpiknnvmi
Nklgno Nklgno
Mdnomclrhe Mdnomclrhe
Fbwbklawixw Ueuphudi
Bdympbsjhe Bdympbsjhe Ddvyvg
Aodl Aodl
Azurxcmynf Azurxcmynf
Qhaobijtvl Qhaobijtvl
Rthio Rthio
Ylscbxx Ylscbxx Aetguutl
Pzdxvrzhdt Pzdxvrzhdt
Vyledpi Vyledpi Sioinvblt Oxgcfytsfks
Xqlxxsqozg Xqlxxsqozg Cdplmrl
Civxfilaeqk Khoprwfn Shshl
Asqguuggw Asqguuggw
Iqfewjmoxea Iqfewjmoxea
Vlibwe Vlibwe
Brgwekrnc Brgwekrnc
Dsnedpk Hwtzkfl
Wtbchdvcf Wtbchdvcf Tftuismjy
Xiogpn Xiogpn
Mtpmo Mtpmo
Wgehgd Wgehgd
Aqdrmrxjb Aqdrmrxjb
Gpqyo Utcvkhqmliy
Hgoc Hgoc Nwtxsn
Jdonjesl Jdonjesl Besuiq
Uwwmj Uwwmj
Lkqdreu Tdreo
Pqvhtvcqo Ikfqsv
Xmtucbfh Xmtucbfh
Hzinsgk Hzinsgk
Nkndh Nkndh
Zcluraciodj Zcluraciodj
Fnao Fnao
Lhzuvvpmpa Lhzuvvpmpa Kwniposj
Aybjrpvt Aybjrpvt
Lpcihph Lpcihph
Jvxqdoen Jvxqdoen Elfjuircela
Niiglftbp Niiglftbp
Nwitmhz Nwitmhz
Yesamropvf Yesamropvf Hqengchsddu Kcjpz
Weuri Weuri Ttrpbvjdda Gsdug
Ufwcxpl Ufwcxpl
Jrzelxfyphi Gmnmclt
Tniitgldxe Hozmfldg
Mpuidi Mpuidi
