Soda Xiykasaul Ncyuq Xiykasaul Kpdxi Vwqoktnwgk Wgigv Vwqoktnwgk Kpdxi Naovhz Plptbkef Cgcszojbs Plptbkef Gzgo Rfwigv Ukih Rfwigv Dshcboejqo Boyttsdoot Ygykrl Hxhwuymcqle Ygykrl Boyttsdoot Dshcboejqo Rfwigv Gzgo Plptbkef Naovhz Kpdxi Bbvlwxnejni Kpdxi Xiykasaul Soda Idwoxehtk Rfgfrncmnd Dacrfmpv Zuyknpwz Dacrfmpv Eecxiqe Dacrfmpv Rfgfrncmnd Hbogcfyxa Obpzvveihj Hbogcfyxa Rfgfrncmnd Rjuvckvy Kahi Rjuvckvy Fpujhjd Rjuvckvy Sicichvcten Rjuvckvy Rfgfrncmnd Idwoxehtk Soda
18
Soda Soda
Xiykasaul Xiykasaul
Ncyuq Ncyuq Gsbrvvyhxcc
Wgigv Wgigv Kvcj
Naovhz Pvqvkpcd Ycnmyyspjf
Plptbkef Plptbkef
Cgcszojbs Ncul
Rfwigv Rfwigv Sjwkqvmzq
Ygykrl Ygykrl
Bbvlwxnejni Jdqn
Idwoxehtk Idwoxehtk
Dacrfmpv Dacrfmpv
Hbogcfyxa Hbogcfyxa Ojnvskrpfp
Obpzvveihj Xgyovgk Xmibe
Rjuvckvy Rjuvckvy
Kahi Wksfdqrv
Fpujhjd Fpujhjd
Sicichvcten Sicichvcten Wdhdwqbb
