0 96 33 99 45 18 95 8 59 38 60 59 8 95 43 72 62 50 15 82 15 24 15 62 72 43 18 53 49 53 7 53 18 27 68 12 2 76 83 80 39 40 46 40 39 97 17 30 67 36 75 36 67 30 47 48 89 55 71 86 73 86 71 87 41 19 28 19 1 51 64 20 64 51 1 19 41 87 21 87 71 31 92 74 92 31 71 89 48 17 97 39 80 83 76 2 12 68 27 18 45 99 10 33 32 33 96 0
39
0 0 11
33 33 9
45 45
18 18
8 8 25
59 13
38 38
43 43
15 15
82 42
24 24
53 23
49 49
7 7
27 27 4
12 12
2 2
39 39
40 40 16
46 46
97 37
17 17
30 30 29
67 14
36 36 35
47 47
48 48
89 6
73 5
41 41
19 19
28 28 22
1 1
20 20 26
21 21 44
31 31
74 3
10 10
32 32 34
