144 47 11 28 158 60 120 26 184 145 177 129 179 45 1 176 33 131 103 134 52 49 9 121 100 5 69 51 119 141 18 162 7 99 95 161 8 75 175 23 48 39 150 23 166 102 37 113 75 8 139 152 185 10 17 123 122 3 105 32 153 80 16 22 62 13 55 115 73 132 88 114 122 66 81 46 89 90 169 151 30 151 172 46 81 57 180 12 72 101 53 163 36 183 59 83 181 170 67 148 104 118 85 156 130 186 35 140 106 173 178 86 164 126 21 78 67 168 137 61 77 154 146 108 84 124 167 74 56 70 159 165 155 94 2 138 128 93 64 63 0 117 58 144
62
47 47
11 11
28 28 19
158 158
120 120
45 142
131 131 76
103 42
52 87
49 49
9 127
51 51
119 119 187
141 141
18 18
7 7
99 99
95 95
8 8
75 75
39 39
150 188
139 79
152 152
185 92
122 122
3 3
16 16
62 62
13 13
115 110
132 132
88 88
114 114 44 112
66 66
90 90 107
169 169
30 14
53 53
183 183
83 83 174
170 170
67 67
104 104
156 156
130 130
106 106
126 126
21 21
78 78
108 108 24 43
84 157
124 124
74 74
70 70
159 159 147
165 165
128 128
93 93
64 64
117 136
58 133
