0 21 31 33 5 49 89 49 5 67 38 15 11 15 13 26 37 55 37 26 13 15 38 67 76 69 65 51 83 48 35 48 83 59 28 12 28 59 83 88 22 2 58 16 58 96 17 74 3 74 17 96 32 50 68 45 68 50 70 50 85 43 60 1 62 73 75 73 62 1 60 64 46 19 46 64 60 77 60 43 97 43 85 50 32 78 87 7 87 20 39 94 39 20 87 78 32 96 82 96 58 2 22 24 22 88 83 51 65 69 92 69 76 67 5 33 31 21 0
39
31 31
33 30
89 89
67 67
15 15
11 11 6
13 13
26 26
76 54 61
69 69
51 79 80
48 48
35 10
59 59 99
12 12 42
2 2 14
58 58 41
16 16
17 17
74 74 56
3 3 36
32 32
68 68
45 45
85 85
60 60
75 75
64 64
46 46
19 63 93
77 77
97 9
78 29
87 91
7 7
20 20 23
94 18
82 82
24 98
