0 34 65 0 43 59 19 33 18 44 76 23 14 49 14 56 28 5 4 5 6 5 92 55 95 48 31 89 29 3 60 46 16 68 91 21 91 46 73 62 67 17 41 17 67 3 29 58 15 87 69 98 32 2 38 83 8 83 12 83 32 13 78 13 32 52 84 66 56 14 18 82 54 72 42 80 37 80 77 90 82 0
41
0 0
34 34
43 24
59 94
19 86
18 18
44 44
76 76
14 14
56 56
28 28
4 4
6 6 64
92 92
55 30
48 48
29 88
60 60
46 46
16 16
68 68
21 50
62 62
67 20 22 96
58 58
98 98
32 32 36
2 2
38 38 10
8 8
12 12
78 78 40 70
52 52 26
84 84
66 66
82 82
54 54
72 72
42 42
80 80
90 90 74
