f uuu qq m z llllll ssssss qqqq sssss ssss kkk v ffffffff ddddddd dd ggggggg jjjjjjj rrrrrr cccccc fffff vvvvvv hhh eeeeeeee c w rr qqqqqq uu xxxxxx yyyyyyy n lllllll aaaaaaa sssssss ggggg bbbbbb ff jjjj wwww pp aaaaa q mmmmmmmm ttttt aaa vvvv ccc s vv wwwwwww kkkkkk pppppppp d nnnn nnnnnnnn xxx ddd ppp oooo t ll ss ffff oo qqqqq uuuuu zzz fffffff ww bbbbbbbb sss rrr dddddddd cccccccc mmmm pppp gg a f
45
f f
qq qq
m m
z z
llllll llllll
ssssss ssssss
ssss ssss
kkk lllll
v v
ffffffff ffffffff
jjjjjjj jjjjjjj
rrrrrr rrrrrr qqqqqqq
hhh hhh
c c
w w
qqqqqq qqqqqq
uu uu
xxxxxx xxxxxx
ggggg ggggg
ff ff
jjjj jjjj
wwww wwww
pp pp
aaaaa aaaaa
q q
mmmmmmmm rrrrrrrr
ttttt ttttt hhhh
aaa aaa p
vvvv vvvv
s s
vv vv
wwwwwww wwwwwww
nnnn nnnn
nnnnnnnn iii ggg
xxx xxx
ss ss
qqqqq j
uuuuu uuuuu
zzz zzz
fffffff fffffff
bbbbbbbb bbbbbbbb
sss sss llllllll
dddddddd dddddddd
gg eeee
a a
