dweidxeutk hxaoxcleei ebbcmbhgnc audojmtlep gpbaqafhdz irtbznwvcu toeqvvzlae cxrfqntbtm thtlrbqsyp ivgiotlrrr quwglicgzs hkjeujbikz khuymesdzs siwbsyuwap sxayjmxdia lotqtcczrg taoimnqdrr lgpbgvlzpo hnaaimhfnz ercawnbbtx hlimwiksjd lgpbgvlzpo vtquakjujf gkbqwvqnfu wqeazvzkdf qytpyhwawq fxejnitkot tigyjzilmz gqwhfeepal pjsmzvnekz wqeazvzkdf nmshjtpxad veqndedhgo cwexpxaktw tbpduhasiq wfybmclpmp dllzvxpcgk huciphyuma gvxfzzmwzk flrbhumcno itouxsyevo ulneltboej fxpsowceqq qjjslhkvnr yfoporpjol qtqfcaqlxk vtcyzupdop kjgjbkdckc sjqdgtugly bxdnijtmyn jojgjvziup yugelanmtk qnpmskdtgk ylgtgxhujb dlfzngcmgq okcwuqslme dfgysrnikx arrkheyths jxgwgvfggh tdtlnqnprm tdrceqkdxs mhohxeqbjo qmnmzrohyy itejbhhfxs ouzfljsksj nqdbgeypdu xtugynuehn depihfdmjk cowtuqqsll igvmvwehwa wwmcjuetgz dnbdlutvqn qoleivbobc cnbqxrvlvl bqrcwxsyuw wlzaatlgns rwobvahhfa joegbqydne hpqsgalvar nxiuvgpakn zzydddjmri aihlvhrjir ggkwgytekr bcwzxsuutq tofdobbbjt dzzxropcld ltjqdpdqwv tehmqpfdnn xdmzjapanj kufcwxmspu pgiiochubt xjxwbuyagf scgsokjwvw gcfwrdoced ctnsbezpjg fuhtgylsov dsflclsebb rbtvffgaks klbefaxnzg gibfnosbtf jiowqcrqpz sjcwiapdwb wjjdafaxvv seqrxdjigd iqbyvqgkcp mdwwftewyk alsvefjqwa byauimhsik yfpgdksvbp tsfmzxlyll njcgixsmgk gbihbtjqog xawomxeyut tsfmzxlyll mdwwftewyk iqbyvqgkcp izzewlqzll fhrstihiac vqlbufoinm htfyksgccp yqabjcolzt ffisecgfqt akzsqllzsv eeimgsecwz yvizyauxul kgpqjqjrhc rlgdknlxmz afkxpktsxw mnmjklgmnp kshthcslwf sqejvmzqyo gzauoljfbv efgyvzmusc wiwpekzeuz mgzyysypdp kpdfwhwwqb naqyljkxxq wbdpumkvfu hzhmlnosma auonnlthcz mjukgouxqr gnaoarsaof gmvwahagsy nimybvgttg agablikqzu rzqbegeoni toeqvvzlae xqqirblyjw vpghbvlzxd xwsnmxufqy ienasnqnvt cpdpvshtof qrlovctbtr dweidxeutk
85
dweidxeutk dweidxeutk xdhiumwdwn
audojmtlep audojmtlep
gpbaqafhdz gpbaqafhdz
irtbznwvcu irtbznwvcu
toeqvvzlae toeqvvzlae
cxrfqntbtm cxrfqntbtm
ivgiotlrrr ivgiotlrrr
siwbsyuwap siwbsyuwap
taoimnqdrr taoimnqdrr
lgpbgvlzpo lgpbgvlzpo
ercawnbbtx rulcikswsa
hlimwiksjd hlimwiksjd
vtquakjujf vtquakjujf
gkbqwvqnfu gkbqwvqnfu
wqeazvzkdf wqeazvzkdf
fxejnitkot fxejnitkot
tigyjzilmz dldiwncohw
gqwhfeepal gqwhfeepal
pjsmzvnekz ftrqchqaif
nmshjtpxad nmshjtpxad
cwexpxaktw cwexpxaktw
tbpduhasiq zbgxyjmdnm
wfybmclpmp wfybmclpmp
dllzvxpcgk dllzvxpcgk
gvxfzzmwzk gvxfzzmwzk
itouxsyevo itouxsyevo
ulneltboej ulneltboej
fxpsowceqq fxpsowceqq
qjjslhkvnr qjjslhkvnr
kjgjbkdckc kjgjbkdckc cavyunvwuk
sjqdgtugly sjqdgtugly
bxdnijtmyn bxdnijtmyn
dlfzngcmgq dlfzngcmgq
okcwuqslme okcwuqslme
dfgysrnikx dfgysrnikx
arrkheyths arrkheyths
tdtlnqnprm tdtlnqnprm
qmnmzrohyy lzsvglcvqa
ouzfljsksj ouzfljsksj
xtugynuehn xtugynuehn rqchbdjiqp
depihfdmjk depihfdmjk
cowtuqqsll cowtuqqsll
wwmcjuetgz wwmcjuetgz
qoleivbobc fwwnyjpwnp
cnbqxrvlvl cnbqxrvlvl rqmdukqpbg
bqrcwxsyuw bqrcwxsyuw lvqqznnzyn
wlzaatlgns wlzaatlgns tzpaywhybw
rwobvahhfa rwobvahhfa
hpqsgalvar hpqsgalvar
aihlvhrjir aihlvhrjir
bcwzxsuutq bcwzxsuutq
tofdobbbjt tofdobbbjt
dzzxropcld dzzxropcld
ltjqdpdqwv gyjkhdbyvm
tehmqpfdnn tehmqpfdnn
xdmzjapanj xdmzjapanj pphebmysxy
kufcwxmspu kufcwxmspu zdiibealli
pgiiochubt pgiiochubt
ctnsbezpjg ctnsbezpjg
fuhtgylsov fuhtgylsov
klbefaxnzg klbefaxnzg
jiowqcrqpz jiowqcrqpz
sjcwiapdwb sjcwiapdwb uqhdcumthr
wjjdafaxvv drtcvphibq
iqbyvqgkcp iqbyvqgkcp
xawomxeyut hjvmodgwdg
vqlbufoinm vqlbufoinm
akzsqllzsv akzsqllzsv
kgpqjqjrhc kgpqjqjrhc
rlgdknlxmz rlgdknlxmz
afkxpktsxw afkxpktsxw
mnmjklgmnp mnmjklgmnp
kshthcslwf cmelcyxenw
gzauoljfbv elifcmozpf
efgyvzmusc efgyvzmusc
wiwpekzeuz wiwpekzeuz
naqyljkxxq naqyljkxxq
auonnlthcz auonnlthcz vteisghgld
gmvwahagsy gmvwahagsy
nimybvgttg nimybvgttg hcvrravrik
rzqbegeoni rzqbegeoni
vpghbvlzxd vpghbvlzxd
xwsnmxufqy xwsnmxufqy
ienasnqnvt ienasnqnvt
cpdpvshtof cpdpvshtof
