Egsmith Barnton Wychbourne Egavon Wychbourne Cookford Chelmbeck Marlover Wyborne Marlover Hurstlow Edgey Shaftbage Edgey Hurstlow Marlover Chelmbeck Flitgrove Chelmbeck Cookford Farnsmith Wychsmith Farnsmith Cookford Wychbourne Sudtree Wenwold Stainby Brackbrough Waltdon Sudwell Brackbrough Stainby Wychbourne Barnton Ashbourne Sudwich Pemlow Watchcombe Pemlow Sudwich Wetwick Nortley Sudwich Barnton Shaftsted Egtree Chelmden Horsmoor Chelmden Egtree Southborne Egtree Shaftsted Barnton Egsmith Whittree Wenside Whittree Egsmith Blanworth Durnell Burfield Wywick Wychbeck Wywick Burfield Shaftbridge Burfield Durnell Blanworth Egsmith Waltditch Egsmith
28
Barnton Barnton
Wychbourne Wychbourne Wychnell
Egavon Egavon
Cookford Cookford
Chelmbeck Chelmbeck
Edgey Edgey
Shaftbage Shaftbage Ashdown
Flitgrove Flitgrove
Farnsmith Farnsmith
Wychsmith Wychsmith Chelmwang
Sudtree Sudtree Leathermere
Wenwold Wenwold
Stainby Stainby
Brackbrough Brackbrough
Sudwell Stapbeck
Ashbourne Ashbourne
Pemlow Pemlow
Watchcombe Wenbeck
Wetwick Wetwick
Nortley Nortley Stainbrough
Egtree Egtree
Chelmden Chelmden
Whittree Alfchester
Wenside Wenside Burbourne
Wywick Wywick
Wychbeck Wychbeck Staplake
Shaftbridge Shaftbridge Penborne
Waltditch Waltditch
