qtq uxr wuc npu zgf zho zgf uxr eku ahy xdz ahy thd eku uxr qtq oto qtq xzk pjx rcs ifc fsl sfp blo gac llr lah xos lah llr uca qnn tvy hxo yvu hxo ukh hxo tvy qnn blo pxi blo sfp apg wuf vsu cov lbs jxq itg ick xzf mmf xou cpw yck cpw lfh cpw qlo qls qyi bwq qyi qlo xou mmf ase mmf xzf opt hhe opt xzf yqu ick itg jxq txr jxq lbs cov vsu wuf fsl ifc xmz wpq rwt qbh cer tmc udq pwa osc xax tto qbe tto xax gfp otp zye ooi nxr ynq nya ynq tcp tvt tcp ynq orc nhk unf vlt unf nhk orc pkx qof bpm gup fib cxu qoe nkx qoe cxu zqn kgk zqn fib gup bpm qof pkx orc bok orc ynq zye mln yiz ili bsz iuz nfy czf hxp qbq nhr fne nhr viv tro wpo htv viv nhr qbq hxp czf nfy art ooc art nfy omf kvz utd kvz omf nfy iuz bsz ili yiz mln zye rod zye otp gfp thz gfp xax osc pug fgo fbz gud egz dpo cnl dpo egz gak egz gud fbz fgo pug osc pwa udq unk dkn qbj dcv qbj dkn unk udq tmc cer qbh rwt ahv krg nrs krg ahv rwt xmz ifc xzk qtq
78
qtq qtq
uxr uxr
wuc wuc
npu npu
zgf zgf
zho cnv
ahy ahy
xdz xdz
thd thd jno
oto wju
pjx pjx pta
ifc ifc
fsl fsl
sfp sfp
blo zgs rju
lah lah
xos xos
uca uca
qnn qnn
hxo hxo
ukh ukh
pxi uwp
wuf wuf
vsu vsu
itg itg
xzf zbn
cpw cpw
lfh lfh spp
qlo qlo
qls qls
bwq lnv
ase ase vaf
hhe hhe rxi
wpq wpq
rwt rwt
tmc tmc
udq udq
pwa pwa
xax xax
tto txk
qbe qbe qfc
ooi ooi
ynq ynq
orc orc hpb
nhk nhk
vlt vlt ptq
pkx pkx
gup gup
cxu cxu
nkx nkx
zqn zqn
bok lxt
yiz yiz
ili ili
bsz bsz
iuz iuz
nfy nfy tnl
hxp hxp
nhr nhr slq
fne wiq
viv viv
tro tro tmd
wpo mbx
htv htv eqm jta
art idl
ooc ooc brk
utd plx
rod rod
thz thz
fgo fgo
egz egz vub bai cjp
gak gak qjm
unk pxs
dkn dkn
qbj qbj mnv
dcv rut
ahv ahv
krg krg kza uoz
