Soda Yolo Bristol Keeler Hopkins Keeler Bristol Sojourner Jones Bret Kenilworth Bret Altavista Latham Fresno Bowditch Fresno Olympus Woodhaven Eunice Lewiston Buena Blake Tulare Garber Colusa Menlo Bancroft Cutter Sport Vicente Summit Michigan Summit Vicente Alvarado Sport Cutter Bancroft Menlo Belrose Menlo Colusa Garber Halkin Addison Shasta Columbia Byron Columbia Shasta Acacia Shasta Addison Halkin Garber Tulare Haviland Oregon Anne Arch Anne Oregon Mabel Spring Mabel Oregon Haviland Tulare Park Tulare Blake Buena Eunice Solano Eunice Wheeler Marin Fernwald Visalia Ajax Visalia Fernwald Greenwood Breakwater Cowper Greenwood Heinz Russell High Russell Heinz Greenwood Fresno Latham Jones Sojourner Bristol Yolo Soda
36
Soda Browning
Yolo Martin
Bristol Bristol Hospital
Keeler Keeler Pardee
Bret Bret Poppy Vermont
Kenilworth Kenilworth
Altavista Terrace
Fresno Fresno
Bowditch Bowditch Bataan Haskell
Eunice Eunice
Lewiston Lewiston Edith
Colusa Colusa Fulton
Menlo Menlo Burnett
Bancroft Bancroft
Cutter Cutter Muir
Summit Summit
Alvarado Overlook
Belrose Belrose
Halkin Florida
Addison Addison
Shasta Shasta
Columbia Columbia
Byron Byron
Acacia Domingo
Haviland Haviland
Anne Anne
Arch Arch
Mabel Mabel
Spring Spring Comstock Poplar
Solano Allston
Marin Marin Madera
Ajax Ajax Forest
Greenwood Greenwood
Cowper Haste
Heinz Heinz
High High
