AZ AU BM AO DK AW BT AL BD BQ CE BH CA AP BC BP AV CX BO BU CB CY CB DF DH DF CB AV BP BY DM BY BP CA CG BG CH AJ DE BA CV CZ BV CZ BA DE DP AT CC DG BL DG CK AK CK DG CC AT DP DE AJ CH BG CG CA AL BT AW DK BR DQ BZ BF CQ AI AR AI CQ BZ BK DV CO BK DI BJ DS CL BR DK BB AZ DT CI DT AZ
33
BM AX
AO AO AS
AL AL CN
BD BD
BQ BQ
CE AE
BP BP
AV AV CR
BO BO AH
BU BU CJ
CY CY CT DO
DF AF BE DB
DM DM BX
CG CG CP
CH AN
AJ AJ
DE DE
CV CV
CZ CZ
CC CC
BL BL BW
CK CK
AK AA DL
DQ DQ
AI AI
AR AR
BK BK
DV DV CD DC
CO CO BI
BJ BJ
CL CL
DT DT DD
CI BS
