Warfield Chilbury Hammenshead Cicombe Rotcombe Enswang Ciditch Stainbrough Fulbourne Southbasport Elcompbridge Southbasport Fulbourne Stainbrough Ciditch Enswang Shrivbury Alfseycastle Shrivbury Enswang Rotcombe Cicombe Falport Faldingney Hamsey Hannenmanswick Ashborne Tipwick Cannerthorne Todtree Worhall Barndberbrough Skellingden Dribblewick Windling Dribblewick Skellingden Barndberbrough Camwood Chelmstanwell Camwood Barndberbrough Worhall Dribbingworth Shaftfield Dribbingworth Worhall Todtree Cannerthorne Chedderrenswich Cannerthorne Tipwick Ashborne Hamsling Blandlebage Wetberditch Sundlerensford Wetberditch Blandlebage Hamsling Hannenmanswick Hamsey Faldingney Falport Pendlewood Bothingney Falport Dribcastle Candlegrove Elmswang Burcombe Wyborne Cambingstoke Suddlecombe Ashfield Horndlecompside Ashfield Suddlecombe Cambingstoke Wyborne Cammerrensmoor Suddleborne Cammerrensmoor Wyborne Chedberdon Pendingbrook Suddlecastle Pendingbrook Ketsmith Whitchester Siringwang Chedtree Burglebrough Sudsmith Burglebrough Chedtree Siringwang Whitchester Chedchester Emmingborne Flitside Wyey Tipport Wyey Flitside Emmingborne Emmerdown Wargleentree Emmerdown Emmingborne Chedchester Whitchester Ketsmith Pendingbrook Chedberdon Wyborne Burcombe Elmswang Dribcastle Cicombe Hammenshead Chilbury Warfield
39
Warfield Warfield
Chilbury Chilbury Brackcompwang
Cicombe Cicombe
Ciditch Northall
Stainbrough Stainbrough
Southbasport Southbasport
Elcompbridge Chiphead
Falport Falport Botherseyworth
Hannenmanswick Hannenmanswick
Ashborne Ashborne
Tipwick Tipwick
Cannerthorne Soddlewick
Todtree Todtree
Worhall Worhall
Barndberbrough Barndberbrough
Skellingden Skellingden
Windling Windling Millendon
Chelmstanwell Chelmstanwell Hammerringey
Dribbingworth Dribbingworth Leatherbleside
Shaftfield Skelling
Chedderrenswich Chedderrenswich
Hamsling Hamsling
Sundlerensford Worberbrook
Pendlewood Pendlewood
Bothingney Horstlescompstoke
Wyborne Wyborne
Cambingstoke Cambingstoke
Suddlecombe Suddlecombe Chippingsted Ellingreham Basringney
Ashfield Ashfield Ketport
Horndlecompside Bastleseyham
Cammerrensmoor Cammerrensmoor
Suddleborne Suddleborne
Pendingbrook Pendingbrook
Suddlecastle Suddlecastle
Whitchester Whitchester
Siringwang Siringwang
Chedtree Chedtree Suddleover
Burglebrough Burglebrough
Sudsmith Sudsmith Elmansham
