Waco SanAntonio Waco OverlandPark AnnArbor SaltLakeCity Rochester Oski Irving SantaClara ChulaVista Peoria ChulaVista Oski Rochester SaltLakeCity AnnArbor OverlandPark SterlingHeights OWO AthensClarkeCounty SanFrancisco AthensClarkeCounty Palmdale Springfield Victorville WestValleyCity Denton SanBernardino Stamford SanBernardino Victorville Springfield Palmdale AthensClarkeCounty OWO SterlingHeights OverlandPark Mesquite Newark Atlanta Detroit Atlanta Newark Lincoln Mesquite Aurora KansasCity Aurora Mesquite OverlandPark Waco
18
SanAntonio SanAntonio MorenoValley
AnnArbor AnnArbor
SaltLakeCity SaltLakeCity
Rochester Rochester
Irving Irving
ChulaVista ChulaVista
SterlingHeights SterlingHeights
OWO OWO LexingtonFa
AthensClarkeCounty AthensClarkeCounty
SanFrancisco SanFrancisco Richmond
Palmdale Palmdale FortWayne
Victorville StPaul FortCollins
SanBernardino SanBernardino
Stamford Stamford Clarksville Cary
Newark Newark
Detroit Detroit
Lincoln Lincoln
KansasCity Omaha
