18 28 35 44 35 49 29 8 29 22 75 42 95 88 95 42 75 29 57 14 48 2 3 36 3 29 97 56 97 60 78 33 78 81 6 1 40 1 46 24 20 39 7 83 12 86 12 92 27 92 12 7 99 32 17 41 17 32 7 39 53 39 20 24 37 24 46 1 84 6 81 55 81 78 60 97 89 97 29 49 50 49 72 26 74 13 76 52 80 52 76 13 74 26 72 59 43 59 47 94 59 72 35 54 35 28 18
42
18 18
28 28
35 16
44 98
22 22
75 75
42 42
95 95
88 88
57 57
14 14
48 62
2 2
3 3
36 36 71
97 63
33 33 4
6 6 25
40 73
46 46 79
20 20
39 39
7 7 93
83 83
12 12
86 85
92 92
27 90
32 32
17 17
41 41
53 53
37 37 69
84 84 45
55 9
50 0
72 72
76 76
80 80 87
59 59
43 43
54 61
