wNqlpYNsRbJEgiGpKxrU lbWonvEbeplndKguSTkk oZXYedlbtBLmkfoVmgta lbWonvEbeplndKguSTkk lIpVoDPUIfHCPpjswogJ lbWonvEbeplndKguSTkk shaRjZRSPDzVXmetmolj scpUkbcaYSAsHhSktebT jUSlIFtitQxyvVLJjiCc scpUkbcaYSAsHhSktebT EEeDJaHeajXXlwYcHTeJ umZXKcxkweEplHZdotgU EEeDJaHeajXXlwYcHTeJ MBJqOYmxhUYbldNVEdRy uUKZHvHmBrpBHjYWNaUL HeWrJOKsDjgdrcamgZLN aGPbLNWYAMujnfHCTCMo HeWrJOKsDjgdrcamgZLN uUKZHvHmBrpBHjYWNaUL MBJqOYmxhUYbldNVEdRy QePOUWiXcAUCoHETxuGS MBJqOYmxhUYbldNVEdRy NzDQJknJPDEkcwCHzzbF wvSJDoqoPGAkYgSuPFPw NzDQJknJPDEkcwCHzzbF MBJqOYmxhUYbldNVEdRy EEeDJaHeajXXlwYcHTeJ efZntVbfQTvIUOiRNPSH shugRMnaHVqQSmKaNBgu yYaxxtTIkvUeyUpwOvuY shugRMnaHVqQSmKaNBgu IvXQutSorlqOgnSVAIUd shugRMnaHVqQSmKaNBgu efZntVbfQTvIUOiRNPSH SiOEBWtHUiopSvDVOkjb oDgfEuAVpeOlkkTIMDLw ADVVlRLpnspleRTgeTdu oDgfEuAVpeOlkkTIMDLw eCBFrcppbiLzdGQubocl TQWxJiphrDoDBmrOTqOv ctcTzPUVbQQoQGGIDEim TQWxJiphrDoDBmrOTqOv eCBFrcppbiLzdGQubocl ubMKewvRqrviLcycMHcN eCBFrcppbiLzdGQubocl oDgfEuAVpeOlkkTIMDLw UIlSMnVKIdNiXZNSiHsI fgzJCwocQniGlXAZHJId cinQsEbBpQAHgGdjBxaK FaWIqatYRYVcXfVhAFRN cinQsEbBpQAHgGdjBxaK fgzJCwocQniGlXAZHJId vIbIQYXZnmYrooTLYNtu IamFpWICdyBhLFRVaylm twwHXGyTBfZUDOGVnCzA FWnudSYFvYQJHehOpEKf fpoTaBKmVdlDCxFwCFoz FWnudSYFvYQJHehOpEKf twwHXGyTBfZUDOGVnCzA IamFpWICdyBhLFRVaylm oKHxHZxgXgKSVZAEEVVZ IamFpWICdyBhLFRVaylm vIbIQYXZnmYrooTLYNtu fgzJCwocQniGlXAZHJId UIlSMnVKIdNiXZNSiHsI CvZkdIYtdeDHtwufupie syonLisTOSczosCwoILE qoaNjvaRghiMQXaVEoQe syonLisTOSczosCwoILE CvZkdIYtdeDHtwufupie QyXpliHSeQOPIsurIcpa ANDviqMIuFwdcboQDprt jeqqhISPyRIhGBNohHEu ANDviqMIuFwdcboQDprt pGEDfjoOOYfHsrRVgAyF gqsFUfkkQrlyYYdSXwmt pGEDfjoOOYfHsrRVgAyF ANDviqMIuFwdcboQDprt YZdWAQcvSeNhUzVcgZrb ANDviqMIuFwdcboQDprt QyXpliHSeQOPIsurIcpa DpztIuGTRpGuLsdlODJw yRQdlZBUBAPypebnrlAH NJZlnWyeJFrkOwoqHKtT yRQdlZBUBAPypebnrlAH DpztIuGTRpGuLsdlODJw QyXpliHSeQOPIsurIcpa CvZkdIYtdeDHtwufupie cmmlyhRSZpCVODfRPvaA RQlEqfIvpsUfBSzSkvip cmmlyhRSZpCVODfRPvaA CvZkdIYtdeDHtwufupie UIlSMnVKIdNiXZNSiHsI oDgfEuAVpeOlkkTIMDLw iVjkcMenotYGMFEBTvoa ndaHivGVVtIUvLiyUWcm iVjkcMenotYGMFEBTvoa gFUGYXSirCYiFTivWNah RlHeRhvUOhGhZVGGJuED gFUGYXSirCYiFTivWNah TOntbQDzHvMkxiKuanmw gFUGYXSirCYiFTivWNah erZKLqpCZsYKDnOCaBGq gFUGYXSirCYiFTivWNah iVjkcMenotYGMFEBTvoa CWozbDsqFUhTlbxWhCmh cMYyKTXGNKnFzrpwnXUl CWozbDsqFUhTlbxWhCmh iVjkcMenotYGMFEBTvoa oDgfEuAVpeOlkkTIMDLw SiOEBWtHUiopSvDVOkjb efZntVbfQTvIUOiRNPSH EEeDJaHeajXXlwYcHTeJ scpUkbcaYSAsHhSktebT FYfGkhtzhjqJHqxmUsVx kwPuYZgJgVVJfdBGUtPw FYfGkhtzhjqJHqxmUsVx scpUkbcaYSAsHhSktebT shaRjZRSPDzVXmetmolj lbWonvEbeplndKguSTkk igyeOiSdezmmXGTwMzLw lbWonvEbeplndKguSTkk wNqlpYNsRbJEgiGpKxrU WoTuprXYItmuBoyNwAcV NtyLZDOaSczVvOGdocUp WoTuprXYItmuBoyNwAcV wNqlpYNsRbJEgiGpKxrU
52
lbWonvEbeplndKguSTkk lbWonvEbeplndKguSTkk eOfnBeTgmYCNEnRUhlEK qfRRtdRbhYJBARMfPlZM
oZXYedlbtBLmkfoVmgta oZXYedlbtBLmkfoVmgta svUOWvTJLneAqJGnExpc
lIpVoDPUIfHCPpjswogJ WMWBpOSnHGywZjCgaYyY cwgJAHVpCCTmuckJkncL nCedHqGgdWAicwyuYWpg yscsUFTNNyaVMKBztBdV
scpUkbcaYSAsHhSktebT scpUkbcaYSAsHhSktebT JVONrXhhmtFWhFfDiOXW JvFxbsySBAiFiOUrzrBi kyApsCeFkLoLFCdkazaE
jUSlIFtitQxyvVLJjiCc jUSlIFtitQxyvVLJjiCc bFmSeBrfNuxjYPUDCLYq
EEeDJaHeajXXlwYcHTeJ EEeDJaHeajXXlwYcHTeJ
umZXKcxkweEplHZdotgU oLMkSrYLQRLHmPiuLCTC
MBJqOYmxhUYbldNVEdRy MBJqOYmxhUYbldNVEdRy PZwTcKCPsEmpxetNZvef hLaNXBYgTzgUhvjmqUTu CbGuHgZfQMmSOfHDFJnK
uUKZHvHmBrpBHjYWNaUL wfEFdNDcColoskjTjcLm ZwvojvRdUOYNJXIwAqgC XvUPApTFkqaSSizYsCIr
HeWrJOKsDjgdrcamgZLN HeWrJOKsDjgdrcamgZLN
aGPbLNWYAMujnfHCTCMo aGPbLNWYAMujnfHCTCMo
QePOUWiXcAUCoHETxuGS QePOUWiXcAUCoHETxuGS gDYKDrbERUXTnCayjBrC
NzDQJknJPDEkcwCHzzbF NzDQJknJPDEkcwCHzzbF pzrGQEObzJGPnfATEYDc NPSPGRTNRcKKVpsBRSwh
wvSJDoqoPGAkYgSuPFPw wvSJDoqoPGAkYgSuPFPw UdSbtwxTqTJxOiUoxEqw
efZntVbfQTvIUOiRNPSH efZntVbfQTvIUOiRNPSH
shugRMnaHVqQSmKaNBgu shugRMnaHVqQSmKaNBgu
yYaxxtTIkvUeyUpwOvuY pMOSpTzPTPLXHLOQMjnt XPPBMlNyfVVeZGIzTCEW
IvXQutSorlqOgnSVAIUd IvXQutSorlqOgnSVAIUd oKAKfpUUuLItChLyByFh edlAtPQdNXJQPCIzpkyX
oDgfEuAVpeOlkkTIMDLw mgNeYYUOPKpLeiVEFIXd wlySPverjehsBxldyigf
ADVVlRLpnspleRTgeTdu ADVVlRLpnspleRTgeTdu
eCBFrcppbiLzdGQubocl SitzoubgYFeTjmkLjVPz TEPaiCedHTXapLxoBXMp
ubMKewvRqrviLcycMHcN ihxEqMQIIvyQmtrtMjeO xlbpuxAjoVPJWPCWBEkJ imEmCMbYEtZJJkwxkSDD
UIlSMnVKIdNiXZNSiHsI UIlSMnVKIdNiXZNSiHsI eobSFtKBbBdcVrTOREdK bEfUXCTlwRBndElSbPGf
fgzJCwocQniGlXAZHJId fgzJCwocQniGlXAZHJId
FaWIqatYRYVcXfVhAFRN XtZHoAxqEyzvMChzPHpN
vIbIQYXZnmYrooTLYNtu vIbIQYXZnmYrooTLYNtu
IamFpWICdyBhLFRVaylm kqcEdfKLaRzxOhAIzchh
FWnudSYFvYQJHehOpEKf FWnudSYFvYQJHehOpEKf
fpoTaBKmVdlDCxFwCFoz fpoTaBKmVdlDCxFwCFoz
oKHxHZxgXgKSVZAEEVVZ QeYNNLpZMBxyiFbZMPFY
CvZkdIYtdeDHtwufupie CvZkdIYtdeDHtwufupie ZXihCBEQBTdisqSlEMsj szyiMlKhtyOynWjcoMsm oHoxoLeyDYnKZDzgMtxI
syonLisTOSczosCwoILE syonLisTOSczosCwoILE aIuYyryCOUGVeCAqbqkg
qoaNjvaRghiMQXaVEoQe QjbdwbUnopENkiNyqirZ ccdJRKiTXwIErdhSIxfh VRpSthoDcomqMDsGoVql joWAhkfNqIEECnBeulGl
QyXpliHSeQOPIsurIcpa QyXpliHSeQOPIsurIcpa
ANDviqMIuFwdcboQDprt ANDviqMIuFwdcboQDprt YTwycpmzEWCqqTELtzXc juzxSpUVuccJUMBOcJjO
jeqqhISPyRIhGBNohHEu vTbNxpVTEoFlSjvvVvfG
pGEDfjoOOYfHsrRVgAyF DZEpVGVXkxHljziwItaS
gqsFUfkkQrlyYYdSXwmt xgBrJmdXVwtxgRuCBhMe nreoVgWrBhNXFZgTBlXO
DpztIuGTRpGuLsdlODJw DpztIuGTRpGuLsdlODJw lSJjEsqamUCgRZdCmdyI
NJZlnWyeJFrkOwoqHKtT NJZlnWyeJFrkOwoqHKtT
RQlEqfIvpsUfBSzSkvip EhDFVLWZueLOrdjEOzEQ
iVjkcMenotYGMFEBTvoa VIPPawblKbhOVWrmrWBx
ndaHivGVVtIUvLiyUWcm ZauPfhkpsGmhbvkhkltR
gFUGYXSirCYiFTivWNah gcXUxTVUZWsOwtRNeDDa ayQgUwyRuQVKeyFLPNbQ
RlHeRhvUOhGhZVGGJuED RlHeRhvUOhGhZVGGJuED jznspKyqlmxZtgfQUJVB eiLPqIroFfCGzqSAlzAp
TOntbQDzHvMkxiKuanmw zNRhhVdMWUgTnnqmAfeY EmbDgEECbkHbfAfHCgwB
erZKLqpCZsYKDnOCaBGq erZKLqpCZsYKDnOCaBGq NIJaJxCurulNUdZZMxFk
cMYyKTXGNKnFzrpwnXUl cMYyKTXGNKnFzrpwnXUl wuSVWJYvpiWaQAHXocSG
FYfGkhtzhjqJHqxmUsVx zHPSSEtFTQIbLYMdHqgP
kwPuYZgJgVVJfdBGUtPw kwPuYZgJgVVJfdBGUtPw GMxGouyyndiUBMqMdOoc
igyeOiSdezmmXGTwMzLw igyeOiSdezmmXGTwMzLw KcrnMnFDTrBKaUaGpdLY NYdfLxXxFVvLEbDKzXWn
NtyLZDOaSczVvOGdocUp NtyLZDOaSczVvOGdocUp
