A B hC D hC B F G F B hJ N M N hO N T hS hR hS T U hV U T AB hAA Z Y Z hAA AB AC AD AE AD AC AB AK AJ AI hAH AI AJ AK hAL AM hAN AM hAL AK hAR AQ hAR AS AT AS hAR BA hAZ AY AX AW AX AY hAZ BA BB hBC BD hBE BD hBC BB BA BL BK BJ BI BH BI BJ BK BL BM BN BO BP BO BN BM BL BU hBT hBS hBT BU BV BW BV BU CA BZ CA CB CA CE CA BU BL BA hAR AK AB T N hJ B A
20
hC hC
hJ hJ hI
hO hO hP
hS hS
hR hR
hV hV hW
hAA hAA
hAH hAH
hAL hAL
hAN hAN
hAR hAR
hAZ hAZ
hBC hBC
hBE hBE
BH hBG
BP hBQ
hBT hBT
hBS hBS hBR
BW hBX
CE hCD hCF hCG
