Soda location25 location43 location7 location10 location27 location3 location21 location6 location44 location24 location31 location24 location40 location14 location41 location14 location40 location24 location21 location10 location7 location35 location29 location35 location7 location43 location34 location5 location28 location13 location32 location39 location45 location33 location1 location33 location45 location32 location13 location46 location9 location46 location13 location28 location5 location48 location2 location4 location34 location43 location25 Soda
19
location25 location25
location43 location19
location7 location7
location10 location10 location11
location3 location3
location21 location21
location6 location6
location44 location15
location24 location24
location31 location23
location14 location14 location16
location29 location17
location5 location5
location13 location13
location1 location1 location8
location46 location18
location9 location9 location20
location2 location2
location4 location4 location12 location22
