LesLilas Nahorkatiya TagbilaranCity Nahorkatiya Skelmersdale FortWorth Skelmersdale Tabou Skelmersdale Geiro CapimGrosso Geiro Skelmersdale BlueIsland ChalcodeDiazCovarrub BlueIsland Skelmersdale Licata AlBajur Licata Wachtberg Rhondda Wachtberg Licata Mondlo Grajau Cherkasy Escada Tias Balachor Ibirataia SouthSaintPaul Djelfa Rivas Djelfa SouthSaintPaul Karlsfeld SouthSaintPaul Ibirataia Balachor Tias Escada Ipil VerrieresleBuisson Oyonnax VerrieresleBuisson Ipil Winnipeg Ipil Korsakov Ipil Escada Mauban Akcaabat Mauban Escada Grajau Mondlo Botad NorthAurora Aracuai Razam UlanBator Razam Aracuai AinBessem Aracuai NorthAurora Protaras HaciendaLaCalera Protaras Bourgoin EastLongmeadow Scottsdale FetestiGara PortoVelho FetestiGara Scottsdale EastLongmeadow Bourgoin GongdanglegiKulon VillaPauladeSarmient GongdanglegiKulon Bury GongdanglegiKulon Sobue Johnston Wenchi Hangu Daokou Sosnovka Daokou Hangu Wenchi Johnston Sobue Cachan Mandan NahiyatashShinafiyah Gorgan Manacapuru Chelles Manacapuru Gorgan Shimofurano Gorgan NahiyatashShinafiyah Nangi Lembang Acireale Baramula Acireale Banting GuaMusang Andrychow SanJuandelaMaguana Andrychow Magdeburg Haora SaintCyrlEcole Haora Magdeburg Andrychow GuaMusang Banting Acireale Lembang Nangi NahiyatashShinafiyah Mandan Pezinok Belalcazar Pezinok Mandan Sobue GongdanglegiKulon Bourgoin ElCentro Pozzuoli Marchena Shobara Biskra Shobara Marchena Garbsen Bhusaval Garbsen Marchena Bourgoin Malpe Shieli Malpe Itororo Ortaca Pamulang Ortaca Itororo Shchekino Alghero Milledgeville Alghero Shchekino Itororo Malpe NowaRuda Alnavar NowaRuda Malpe Bourgoin Kambove CerroAzul Aringay Kambove Bourgoin Protaras Botad Kineshma SpanishTown Lloydminster Khulm Anjarah Purnia Osan Purnia Anjarah Khulm Tangzhai Lalago Tangzhai Khulm Tansen SenadorPompeu Tansen Khulm Lloydminster SpanishTown Kineshma Mondlo Licata Skelmersdale Nahorkatiya LesLilas
72
TagbilaranCity TagbilaranCity Hirosaki
Skelmersdale Skelmersdale Prostejov
FortWorth FortWorth Langenhorn
Tabou Tabou
Geiro Zhaodong
CapimGrosso CapimGrosso
BlueIsland BlueIsland MineralnyeVody Kotka
ChalcodeDiazCovarrub ChalcodeDiazCovarrub
Licata Battambang
AlBajur MonteAlegre
Rhondda Rhondda
Mondlo AinArnat
Escada Escada
Tias SantanadoLivramento
Ibirataia Ibirataia
SouthSaintPaul SouthSaintPaul Kemise Angleton
Rivas Rivas Twante
Oyonnax SenaMadureira
Winnipeg Vaniyambadi
Korsakov Korsakov
Mauban WestIslip
Akcaabat Akcaabat Acarau
Aracuai Aracuai
UlanBator Vyazniki
AinBessem AinBessem
HaciendaLaCalera HaciendaLaCalera KotRadhaKishan
Bourgoin Morwa
EastLongmeadow EastLongmeadow Mocoa Gowurdak
FetestiGara FetestiGara Embu
PortoVelho PortoVelho
VillaPauladeSarmient VillaPauladeSarmient
Bury Bury PriegodeCordoba Braila
Sobue Sobue
Johnston Johnston Kairouan
Wenchi Wenchi
Hangu Hangu
Daokou Daokou
Sosnovka Sosnovka
Mandan Butuan
NahiyatashShinafiyah NahiyatashShinafiyah
Gorgan Gorgan
Manacapuru Manacapuru
Chelles Shurugwi
Shimofurano Shimofurano Arzamas
Acireale Acireale Ontinyent
Baramula Baramula Fuxin Sorada
GuaMusang GuaMusang
Andrychow Andrychow Turek
SanJuandelaMaguana SanJuandelaMaguana NoblePark Gunzenhausen
Haora Haora
SaintCyrlEcole SaintCyrlEcole
Pezinok Pezinok
Belalcazar Belalcazar Oerlinghausen
Pozzuoli Pozzuoli Haripur
Shobara MadinatHamad
Biskra Izhevsk
Garbsen Garbsen
Shieli Shieli Yafo
Itororo Itororo
Ortaca Ortaca
Shchekino Shchekino Espiye
Alnavar Wangon
Kambove Kambove
CerroAzul Mabopane
Aringay Kaifeng AshtonunderLyne
Kineshma Kineshma
SpanishTown SpanishTown
Lloydminster Lloydminster
Khulm Khulm
Anjarah Anjarah
Osan Nagar
SenadorPompeu SenadorPompeu
