Kaimganj Fagaras Pilibhit Fagaras Kaimganj Leixlip Mesa Leixlip Isakogorka Yucheng Tsukawaki Yucheng Korolev Isakogorka Leixlip Kawit Vagonoremont Jalaun Albi Jalaun MontecatiniTerme MilpaAlta Tsirang Xankandi Madurai Xankandi Bhudgaon Xankandi Gobo Malaybalay Gobo Xankandi Tsirang MilpaAlta Tocache Fandriana Tocache GobernadorGalvez Luckenwalde Novopokrovskaya GobernadorGalvez MontecatiniTerme Vagonoremont Kawit Leixlip Kaimganj
18
Fagaras Fagaras
Pilibhit Pilibhit Irvine
Leixlip Leixlip
Mesa EncarnaciondeDiaz
Isakogorka Isakogorka
Yucheng Yucheng
Tsukawaki Tsukawaki Karasuyama
Korolev Korolev
Albi Albi
MontecatiniTerme MontecatiniTerme
MilpaAlta MilpaAlta PinhalNovo Anahuac
Tsirang Tsirang Brecht
Gobo Gobo Racine
Malaybalay Dankov
Tocache Tocache
Fandriana Fandriana
GobernadorGalvez GobernadorGalvez Narangba
Novopokrovskaya Novopokrovskaya
