2 9 179 49 68 16 11 139 11 16 14 35 27 76 161 76 27 131 27 199 27 35 63 36 88 109 59 175 87 106 6 7 99 105 10 39 95 39 10 196 10 99 7 6 198 106 87 124 123 101 33 55 33 97 135 69 44 113 94 134 138 60 41 164 83 21 157 79 64 79 21 164 134 94 160 43 160 145 103 20 103 42 58 163 58 42 82 42 111 133 137 28 13 147 1 77 1 147 13 28 137 133 154 129 185 3 47 3 185 25 185 154 155 5 155 154 159 78 159 154 133 111 103 145 160 162 113 195 146 172 146 195 113 135 101 124 175 178 165 26 119 194 34 38 34 119 26 165 178 109 88 115 88 63 75 63 35 14 190 84 170 190 68 31 93 66 56 184 50 158 70 118 70 158 86 174 37 142 193 144 80 4 72 144 193 142 37 174 86 158 98 158 168 50 184 56 66 189 45 121 166 45 66 93 31 181 91 140 114 140 91 181 31 68 49 179 2
79
9 9
179 179
49 49 73
11 11
139 139
35 35
27 27
161 161 29
131 131 17
199 199
63 63
36 141
109 109
59 59
175 175
87 87
7 7 151
99 99
105 105
39 39
95 95 15
196 171
123 123
101 101
33 33
55 55 19
97 97
135 135
69 69
113 113
41 41
164 197
83 83
21 21 167
157 157
79 79
43 43
145 145
103 103 61
58 89
163 163
82 191
111 111 85
133 133
137 137
13 13
147 147
1 1 51
77 77 23 187
129 129
185 185
3 3
47 47 107
25 25 173
155 155
5 5
159 159
195 195 71
165 165
119 119
34 67
38 117
115 115 183
75 75 57
31 31
93 93
37 37
142 143
193 193
144 149
4 127 177
72 81 125
98 153
189 189
45 45
121 121 53
181 181 169
91 91
140 65
