0 1 6 11 12 11 14 11 16 18 16 20 16 21 22 21 25 21 26 27 26 29 26 32 33 31 35 31 37 36 39 36 42 43 41 44 41 46 51 53 51 55 51 57 58 56 59 56 61 66 71 76 81 76 71 66 61 56 57 51 46 41 42 36 37 31 32 26 21 16 11 6 1 0 198 197 196 191 192 186 181 176 171 166 167 161 162 156 151 146 141 136 131 126 127 121 116 111 112 106 101 96 91 92 86 92 91 94 91 96 101 103 101 105 101 106 112 111 116 118 116 119 116 121 123 121 125 121 127 126 130 126 131 136 141 146 151 156 158 156 160 156 162 161 164 161 167 166 171 172 171 175 171 176 181 186 188 186 190 186 192 191 196 197 198 0
55
1 3
6 7
12 12 13
14 14
18 17
20 19
22 22
25 25 24
27 27
29 29 30
32 32
33 33
35 35 34
37 38
39 39
42 42
44 44
46 47 48
53 53 52
58 58
59 59 60
61 62 63 64 65
66 68 70
71 72 73 74 75
76 78 79 80
81 82 83 84 87
191 193 195
192 192
181 183 184 185
176 179 180
166 169 170
162 162 163
151 152 153 155
146 149
141 142 143 144 145
136 137 138 139 140
131 135
127 127 128
111 113 114
112 112
106 107 108 109
96 97 98 99 100
92 93
86 90
94 94 95
103 103 102
105 105 104
118 118
123 122
130 130 129
160 159
164 164 165
172 173
188 187
190 189
