74 135 8 108 163 146 169 31 190 118 139 184 168 85 36 75 194 176 2 180 176 159 39 71 175 60 1 62 95 11 80 14 80 34 20 6 161 29 90 183 44 16 147 199 24 61 123 47 34 91 182 41 104 83 86 18 164 28 114 143 37 96 86 187 188 92 30 109 138 92 117 64 99 175 105 136 103 165 111 120 42 159 177 50 191 87 141 19 159 193 88 57 115 101 12 162 21 179 0 22 49 189 101 186 63 70 142 40 181 160 32 133 115 131 55 102 196 107 166 130 48 52 125 52 130 84 43 153 132 81 100 135 74
56
8 8
31 31 7
139 15
36 36
194 33
2 2
180 35
39 39
60 60 26
1 1
62 62
95 10
11 11
14 14
34 34
20 20
6 6
29 29
44 44
16 16
199 23
24 24
61 61 53
123 45
47 47
41 41
18 18
28 28
37 37
187 54
188 17
30 30
64 64
42 42
50 50
19 19 46
57 57
101 3
12 12
162 59
21 21 4 38
179 51
0 0
22 22 9
49 49
63 63
142 5
40 40
181 13
32 32 25
55 55 58
196 27
48 48
52 52 65
43 43
153 56
