56 89 68 19 36 67 41 63 11 41 67 83 81 10 52 26 6 85 75 85 87 85 6 81 29 23 22 24 34 15 62 53 78 12 53 62 34 69 24 39 43 35 43 57 58 13 40 13 58 84 80 18 44 16 21 65 21 44 45 2 76 92 27 92 37 47 30 77 4 77 30 49 37 92 80 72 80 58 57 39 23 46 73 71 9 1 31 32 46 23 56
38
89 89
68 68 48
19 19
36 36
67 67
41 41
63 63
11 17
83 83 8
81 81
10 10
52 66
85 85
75 0 38
87 20
29 29 3
23 23 82
22 22
24 24
15 15 91
69 50
35 5
57 57
58 58
13 13
40 88
84 84
65 65 33
2 90
92 92
27 42
47 54
30 30 60
4 4 61
9 9
1 1
31 31
32 32 74
