Dannemora Fire Earlville Fire Goshen Frankfort Flanders Goshen Highland Farmingville Florida Deer Delanson Nyack Fulton Dexter Fairmount Gordon Fairmount Dexter Germantown Deferiet Noyack Haverstraw Oakfield Haverstraw Noyack Deferiet Germantown Delmar Herricks Nunda Heuvelton Nunda Herricks Delmar Germantown Galeville Delevan Galeville Germantown Dexter Hermon Franklinville Gowanda Ogdensburg Gowanda Franklinville Hermon Dexter Fulton Gardiner Falconer Gardiner Hannibal Odessa Frewsburg Delhi Freeville Delhi Frewsburg Odessa Hannibal Gardiner Fulton Nyack Delanson Deer Granville Deer Florida Norwood Florida Farmingville Harrisville Harrison Harrisville Farmingville Highland Goshen Fire Dannemora Hamburg Fleischmanns Fonda Fabius Glenwood Haviland Fishers Haviland Highfalls Hicksville Herkimer Fayetteville Harbor Fayetteville Herkimer Hicksville Highfalls Haviland Glenwood Fabius Mills Fishkill Mills Fabius Fonda Hempstead Hewlett Fairview Geneva Fairview Hewlett Hempstead Fonda Fleischmanns Hamburg Flower Hamburg Hillburn Ghent Downey Ghent Freeport Oceanside Freeport Ghent Hillburn Hamburg Dannemora
41
Fire Fire
Earlville Earlville Firthcliffe
Frankfort Frankfort
Flanders Flanders
Farmingville Farmingville
Florida Florida
Deer Deer
Delanson Delanson
Fulton Fulton
Dexter Dexter
Fairmount Fairmount
Germantown Germantown
Deferiet Deferiet
Noyack Dunkirk
Delmar Delmar
Herricks Deposit
Galeville Galeville
Delevan Delevan Dansville
Franklinville Franklinville
Gardiner Gardiner
Falconer Falconer Gasport
Frewsburg Frewsburg
Delhi Delhi
Freeville Freeville Farnham
Granville Forestville
Harrison Friendship
Hamburg DeRuyter
Fleischmanns Fleischmanns
Fonda Fonda
Fabius Fabius
Haviland Franklin
Fishers Fishers Forest
Fayetteville Fayetteville
Harbor Fredonia
Fishkill Fishkill Davis
Fairview Fairview
Geneva Geneva Depew Fairport
Flower Flower
Ghent Ghent Depauville
Freeport Freeport
Oceanside Fair
