Acton Compton Farmington Dublin Arnold Bradley Arnold Campbell Coachella Calabasas Dixon Calabasas Coachella Campbell Arnold Firebaugh Cherryland Avery Chowchilla Cutten Chowchilla Avery Georgetown Bellflower Bolinas Angwin Atascadero Antioch Folsom Antioch Atascadero Bonsall Clyde Boronda Buttonwillow Bystrom Anaheim Dunsmuir Calimesa Davis Calimesa Dunsmuir Anaheim Bystrom Buttonwillow Boronda Clyde Colma Clyde Bonsall Cutler Chualar Cutler Bonsall Atascadero Angwin Bolinas Bellflower Carlsbad Encinitas Claremont Encinitas Carlsbad Bellflower Georgetown Avery Cherryland Firebaugh Ferndale Clearlake Ferndale Columbia Alpine Fontana Colusa Covina Cudahy Covina Downey Cerritos Anderson Calexico Blairsden Atherton Blairsden Calexico Colfax Bayview Ducor Bayview Colfax Calexico Corralitos Calexico Cromberg Cupertino Auberry Cupertino Bloomington Ceres Bloomington Cupertino Duarte Carmichael Duarte Cupertino Cromberg Calexico Florin Alturas Florin Calexico Anderson Cerritos Bell Alpaugh Escalon Calipatria Crockett Calipatria Escalon Alpaugh Bell Cerritos Bluewater Cartago Covelo Coalinga Covelo Farmersville Delhi Fremont Concow Carrick Alameda Berkeley Armona Danville Armona Berkeley Alameda Carrick Concow Fremont Delhi Farmersville Covelo Foresthill Altadena Foresthill Covelo Cartago Bluewater Cerritos Downey Covina Colusa Dinuba Banning Alamo Banning Fresno August Clio Etna Copperopolis Etna Clio August Cotati Boron Dorris Boron Cotati August Fresno Banning Dinuba Colusa Fontana Alpine Columbia Brawley Alhambra Cambria Cayucos Cambria Alhambra Brawley Corning Brisbane Corning Brawley Columbia Fillmore Cobb Barstow Capitola Barstow Cobb Fillmore Columbia Fortuna Diablo Artesia Fallbrook Carson Bishop Brea Bishop Fruitdale Byron Fellows Clovis Fellows Byron Fruitdale Escondido Atwater Escondido Fruitdale Bishop Carson Fallbrook Fairfax Chino Fairfax Fallbrook Artesia Diablo Brentwood Biola Brentwood Galt Burbank Arcadia Burbank Galt Brentwood Diablo Clayton Diablo Fortuna Columbia Ferndale Firebaugh Arnold Dublin Farmington Compton Acton
81
Compton Bowles
Arnold Arnold
Bradley Bradley Caruthers
Campbell Campbell
Coachella Amesti
Calabasas Calabasas
Dixon Broadmoor
Avery Avery
Chowchilla Avenal Benicia
Bellflower Bellflower
Bolinas Bolinas
Angwin Angwin
Atascadero Atascadero
Antioch Antioch
Folsom Caribou
Bonsall Bonsall
Boronda Boronda Beckwourth
Buttonwillow Buttonwillow
Bystrom Bystrom
Anaheim Anaheim Calistoga
Calimesa Calimesa
Davis Aromas
Carlsbad Carlsbad
Encinitas Canyondam
Clearlake Ashland
Columbia Carpinteria
Alpine Alpine
Colusa Adelanto
Cudahy Bodfish
Cerritos Cerritos Aptos
Anderson Anderson
Calexico Calexico
Blairsden Blairsden
Atherton Atherton
Bayview Bayview
Ducor Burlingame
Auberry Auberry
Bloomington Bloomington
Ceres Ceres Auburn
Carmichael Carmichael
Alturas Alturas
Bell Bell
Alpaugh Alpaugh
Calipatria Calipatria
Crockett Cabazon
Bluewater Bluewater
Cartago Cartago
Carrick Carrick
Alameda Alameda
Berkeley Berkeley
Armona Armona
Danville Blythe
Altadena Altadena
Banning Banning
Alamo Alamo Avalon
August August Castroville
Copperopolis Bakersfield Beaumont
Boron Boron
Brawley Brawley
Alhambra Alhambra Belden
Cambria Cambria Almanor
Cayucos Cayucos Arvin
Brisbane Brisbane Belmont
Barstow Barstow
Capitola Capitola
Fortuna Calwa
Artesia Artesia
Fallbrook Bonita
Carson Carson
Bishop Bishop
Brea Brea Azusa
Byron Byron Biggs
Fellows Bradbury
Escondido Albany
Atwater Atwater
Chino Bootjack Burney
Brentwood Brentwood
Biola Biola Arbuckle
Burbank Burbank Camarillo
Arcadia Arcadia Belvedere
Clayton Arcata
