Loc1 Loc16 Loc42 Loc64 Loc48 Loc162 Loc17 Loc108 Loc100 Loc156 Loc125 Loc68 Loc142 Loc179 Loc52 Loc157 Loc38 Loc119 Loc152 Loc34 Loc88 Loc2 Loc49 Loc24 Loc46 Loc49 Loc76 Loc131 Loc99 Loc120 Loc148 Loc60 Loc174 Loc84 Loc118 Loc93 Loc8 Loc150 Loc153 Loc90 Loc43 Loc44 Loc197 Loc58 Loc161 Loc135 Loc75 Loc166 Loc40 Loc98 Loc158 Loc183 Loc22 Loc3 Loc29 Loc167 Loc198 Loc80 Loc45 Loc96 Loc186 Loc79 Loc86 Loc178 Loc147 Loc130 Loc194 Loc94 Loc41 Loc115 Loc81 Loc87 Loc185 Loc133 Loc4 Loc164 Loc82 Loc11 Loc126 Loc55 Loc21 Loc191 Loc26 Loc145 Loc146 Loc104 Loc199 Loc14 Loc187 Loc182 Loc139 Loc15 Loc121 Loc195 Loc56 Loc165 Loc188 Loc66 Loc134 Loc106 Loc70 Loc23 Loc116 Loc65 Loc136 Loc112 Loc190 Loc138 Loc28 Loc176 Loc47 Loc168 Loc89 Loc117 Loc193 Loc51 Loc102 Loc155 Loc36 Loc113 Loc151 Loc59 Loc151 Loc113 Loc114 Loc10 Loc143 Loc63 Loc196 Loc1
79
Loc1 Loc30
Loc16 Loc16
Loc64 Loc71
Loc48 Loc154 Loc172
Loc162 Loc37 Loc54 Loc144
Loc17 Loc17
Loc108 Loc57
Loc100 Loc100
Loc156 Loc192
Loc142 Loc39
Loc52 Loc52
Loc157 Loc103
Loc38 Loc38
Loc88 Loc18
Loc46 Loc46
Loc76 Loc76
Loc131 Loc7
Loc99 Loc99
Loc60 Loc60
Loc84 Loc101
Loc118 Loc118
Loc8 Loc8
Loc153 Loc153
Loc44 Loc44
Loc197 Loc197
Loc58 Loc129
Loc135 Loc149
Loc75 Loc75
Loc40 Loc111
Loc98 Loc50 Loc85
Loc158 Loc20 Loc132 Loc140
Loc183 Loc183
Loc22 Loc53
Loc3 Loc3
Loc167 Loc167
Loc45 Loc62 Loc170
Loc96 Loc96
Loc186 Loc122
Loc178 Loc27
Loc147 Loc147
Loc194 Loc91
Loc94 Loc94
Loc81 Loc128
Loc133 Loc133
Loc4 Loc171
Loc11 Loc11
Loc126 Loc141
Loc21 Loc33
Loc191 Loc6 Loc159
Loc145 Loc145
Loc146 Loc25 Loc97 Loc175
Loc14 Loc14
Loc182 Loc182
Loc15 Loc15
Loc121 Loc5 Loc189
Loc195 Loc195
Loc56 Loc180
Loc165 Loc19 Loc110 Loc177
Loc188 Loc188
Loc106 Loc106
Loc70 Loc32 Loc124
Loc23 Loc23 Loc95
Loc65 Loc65
Loc112 Loc160
Loc190 Loc190
Loc176 Loc176
Loc47 Loc31 Loc83 Loc163
Loc168 Loc168
Loc89 Loc9
Loc193 Loc0
Loc51 Loc51
Loc155 Loc61 Loc109
Loc36 Loc74
Loc113 Loc77
Loc151 Loc151
Loc59 Loc59 Loc123
Loc10 Loc67 Loc107 Loc137
Loc143 Loc143
Loc196 Loc13
