pace voice financial respect audience class disclose skeleton understand paper deposit paper stress paper understand figure banana king guarantee due seize rent seize due guarantee dialogue prison solve tolerate forge tolerate solve prison dialogue romantic sign legislation enhance thumb enhance dough enhance legislation sign romantic straighten quality straighten romantic dialogue guarantee king banana judicial glasses judicial banana figure understand skeleton disclose class exclusive buffet exclusive dip joint demand cigarette demand pain pig mature pig pain demand joint dip exclusive class audience respect injection exempt injection interactive feature interactive throne stroke thirsty certain page fortune imposter fortune page certain sunrise title shy market miserable environment approval gate circulation gate mystery approval environment miserable market shy title sunrise certain thirsty stroke discriminate stroke throne interactive injection respect bitter respect financial voice pace
40
voice voice
financial financial
class class
disclose injury
paper paper
deposit swear
figure figure
king king
guarantee guarantee
seize seize
dialogue likely tool
prison prison
tolerate tolerate
forge winner vegetarian
sign sign
legislation legislation
enhance enhance
thumb thumb
dough dough linger
quality quality headline
glasses glasses autonomy
exclusive exclusive
buffet buffet
dip dip
demand demand
cigarette cigarette tablet
pain pain
mature brake
feature honor
throne throne
page page
imposter imposter
sunrise sunrise
title title
shy shy nationalist
approval other
circulation circulation output
mystery mystery enter
discriminate lake
bitter bitter rob
