pace other quadruple ask aspect romantic aspect ask enemy control beg ex teacher hospitality terms deter linger vegetarian linger decisive tolerate injury demand feature quiet labour figure clay rage bitter rage clay figure labour quiet feature demand address seize address demand injury flag home dialogue home flag injury tolerate decisive greeting decisive linger deter note deter terms hospitality teacher ex beg joystick guarantee attraction pound attraction guarantee joystick swop nationalist acceptance assume railcar tool railcar assume double approval circulation approval pier interactive notebook fortune financial mercy mixture joint single country throne boom quality boom throne country triple prospect title mystery driver banana widen banana driver mystery title prospect triple country single joint mixture mercy embarrassment sunrise rent sunrise embarrassment mercy financial fortune notebook interactive error shy gate identity gate shy error interactive pier bleed environment bleed sign honor comfortable likely viable job viable likely comfortable honor sign speaker due ignore shiver blonde node blonde science begin lake thirsty lake ward lake begin science separate page separate science blonde virgin winner virgin blonde native development exempt buffet election lifestyle election buffet exempt dramatic opposed dip opposed dramatic exempt development confrontation forge terminal forge confrontation development native blonde shiver ignore due speaker sign bleed smile bleed curriculum chew offset chew curriculum bleed pier approval double acceptance nationalist swop joystick bowel brake profound view dive view compromise view profound gallon injection gallon profound coast swear charity stroke pain disclose pain stroke charity swear coast profound brake bowel joystick beg control enemy desk enemy illusion enemy ask quadruple other pace
82
pace pace
other other
quadruple quadruple
ask ask
enemy enemy
control control
teacher teacher
terms thumb
deter deter
linger physics
vegetarian market exile
decisive decisive
injury injury
demand rob
feature feature
rage rage
bitter coffin
flag flag
home home
dialogue candle
greeting greeting
note note tablet
guarantee guarantee
attraction attraction excuse
pound imposter
swop swop electronics
acceptance acceptance
railcar railcar
tool tool liver
circulation stress
pier pig
interactive interactive
notebook pardon
financial financial
mercy mercy
mixture chair
joint output
country country knot
throne throne respect structure
boom boom
quality autonomy
triple triple
driver driver
widen widen
rent rent atmosphere
error error
identity identity straighten
environment environment interface
comfortable comfortable
likely likely
viable viable
due due
ignore ignore audience
shiver shiver
blonde pipe
begin begin
thirsty dough
page page mature
virgin virgin
winner assignment
native native
development development skeleton
exempt exempt
buffet buffet
election election
lifestyle lifestyle cotton
dip dip exclusive
confrontation confrontation
forge forge
smile smile headline
curriculum curriculum
offset offset
bowel bowel
brake scheme
profound profound
dive dive coincide
compromise drawer
injection injection
coast coast
swear swear
desk spoil
illusion illusion
