pace exclusive output understand other approval tablet approval other understand output exclusive winner view excuse due injection opposed thumb enter thumb opposed brake headline brake nationalist brake opposed injection due excuse view prison honor environment write environment honor prison view winner assignment quality king likely circulation likely page likely pier injury skeleton injury mixture injury pier likely king quality assignment winner exclusive pace
21
exclusive throne
output output
approval approval
tablet gate
excuse excuse
due audience
opposed opposed
thumb exempt
enter enter deposit
brake brake
headline headline
nationalist nationalist feature
honor honor
write voice
king king
likely likely market
circulation circulation
page page guarantee
injury injury
skeleton skeleton
mixture mixture
