Taozhuang Chharra Artur Somma Gua Fitchburg Kallio Somma CroixdesBouquets Villa San Gudermes Uran Maliana Uran Griffith Vernon Severodvinsk Vernon Guyong Bhit Camayenne Bhit Longgang Bhit Tupelo Weimar Boo Las Uran Jhol Udumalaippettai Jhol Uran Strathfield Maspalomas Artur Rangia Artur Salima Southsea Ulu Rutherglen Shalqar Chharra Ramla Azrou Chharra Tuxtla Chharra Jackson Chharra Taozhuang
31
Taozhuang Taozhuang
Chharra Esperanza Sicklerville Ilesa Besuki
Artur Artur Hechingen
Somma Somma
Gua Oulmes Middle
Kallio Kallio
CroixdesBouquets Jinotepe
Villa Villa Rafiganj Cibinong Nonsan Aytos
Gudermes Gudermes
Uran Uran Pottstown
Maliana Jingzhou
Vernon Caravaca
Severodvinsk Severodvinsk
Bhit Durazno
Camayenne Camayenne
Longgang Longgang
Tupelo Tupelo
Boo Boo Esmeraldas Donggongon Bourbonnais
Las Memmingen
Udumalaippettai Udumalaippettai
Strathfield Strathfield Waverly
Maspalomas Fort
Rangia New
Southsea Bang Sarandi Freetown Calauan
Ulu Ulu
Rutherglen Rutherglen Gauting
Shalqar Alatyr
Ramla Ramla
Azrou Azrou
Tuxtla Wesseling
Jackson Jackson Rosedale
