Ilesa Foshan GavrilovYam Jashpurnagar Magomeni Foshan Aklera Bensheim Ventimiglia Malden San Malden Tupiza Valday Lesosibirsk Valday Bogovinje MitryMory Sishui Nizhniy Ventimiglia Viewpark Oschatz Perth Boyeros Portogruaro GatesNorth Belper Jiangyan Krymsk Sheoganj Valletta Calauan Rhosllanerchrugog Minas Marburg Mexborough Polohy Bavly Minas Houthalen Zeist Espoo Calauan Reutlingen Batu Aleshtar Rafaela Jagna Alfenas Uran Chamba Hermsdorf JalalAbad Aistala Tharu Aistala Bobigny Liberia Milledgeville Tupelo Memmingen Alexandria Woodlawn Athlone Woodlawn Milagro Liberia Stuttgart Liberia Paredes Aistala PortVila Taebaek Antanifotsy Calauan Valletta Itacoatiara Valletta Belper El Losheim Barras Patnos Puducherry Davis Pleasant Mongo Talipparamba Perth Great Perth Voznesensk Bensheim Cebu Bensheim Casa Foshan Ilesa
62
Ilesa Ilesa
Foshan Foshan
Jashpurnagar Jashpurnagar
Magomeni Magomeni
Aklera Aklera
Bensheim Bensheim Campobasso An Kyzylorda Bang PointeClaire
Ventimiglia Ventimiglia
Malden Malden
Tupiza Tupiza
Valday Valday
Lesosibirsk Toledo
Bogovinje Bogovinje
MitryMory MitryMory Claremont Ponta Copperas Lodwar
Sishui Sishui
Viewpark Viewpark
Oschatz Barracas Yingkou
Perth Perth UlanUde Resplendor Tak Brzeg Villaquilambre Niort Clermont
Portogruaro Aurora Chacabuco Rutland Sillanwali
GatesNorth Shagamu
Belper Meizhou LonsleSaunier Guli Zaozhuang Skalica
Jiangyan Jiangyan
Krymsk Ada American
Sheoganj Ramla Shaowu
Valletta Valletta
Calauan Calauan Onex
Rhosllanerchrugog Rhosllanerchrugog
Minas Dahlem New Mouscron
Marburg Marburg
Mexborough Mexborough Oulmes
Polohy Polohy
Bavly Bavly Gariadhar
Houthalen Palm
Zeist Brunswick Stupino
Espoo Tiruppuvanam
Reutlingen Oberhausen
Aleshtar Aleshtar
Jagna Jagna
Alfenas Alfenas
Uran Uran Azrou Landshut
Hermsdorf Hermsdorf
Aistala Palafrugell
Tharu Tharu
Bobigny Bobigny
Liberia Bon
Milledgeville Milledgeville Puerto
Tupelo Tupelo
Memmingen Memmingen WaltonontheNaze
Alexandria Alexandria
Athlone Lille
Milagro Milagro
Stuttgart Stuttgart
Paredes Paredes
PortVila PortVila
Taebaek Sirsi Sorsogon
Antanifotsy GernikaLumo
Itacoatiara Itacoatiara
El DehiwalaMount
Barras Sceaux
Puducherry Puducherry
Davis Davis
Talipparamba Talipparamba
Great Great Tyoply
