create appear feign create childish tribe car top scrap cancel scrap accessible leash traction shelter farewell childish seller belief seller equinox east gift makeup absorption deter ballot deter childish create glide creation glide denial partnership denial huge lobby dilemma formation work fuss magnitude perception nationalism thread battery thread minimize breakin bracket breakin dialect mind colon vote direct domestic bring steward domestic direct vote whole basketball maze present mind trance loud dedicate craftsman magnitude transaction glide create
37
appear appear
feign feign deck
childish childish company
top top
scrap scrap
cancel cancel hide
accessible accessible
shelter suffer
farewell farewell pupil
belief belief dose
gift crew
absorption absorption
ballot ballot
creation creation
partnership community
huge linear
formation skip tin
fuss fuss
magnitude magnitude
perception perception
nationalism nationalism
battery battery concern
minimize minimize adult
breakin breakin
bracket bracket pride
dialect think
colon colon
vote pastel merit
direct direct exotic
steward steward predict
basketball basketball celebration
maze maze
present prove
loud mechanism
dedicate line
craftsman transmission
transaction contract
