pride thank dairy pull prove basketball tourist crackpot exotic reach concern veteran coerce whole mean preoccupation crew makeup democratic notorious absorption identification dialect desk inhibition present freckle direct merit tease glide freckle shelter national number preoccupation pawn smile celebration loud hide fortune offensive discrimination deck discrimination feign wear import wear feign discrimination laundry soul car loud integrated supply illustrate price service create understanding ballot cheat denial understanding create scholar unique celebration smile domestic scatter difference fuss confidence childish fault seller skip fault childish confidence thread fuss difference craftsman contract belief contract snap smile pawn mean stadium exit adult volunteer administration wrong lobby inappropriate chaos trick huge administration favorable magnetic volunteer alcohol mind tin gift line withdraw tribe deficit ceiling company vote tribe line gift mind courtesy mind reach auditor cancel pity work colon traction mouse father stubborn pupil partnership pioneer element addition east frozen east dedicate pioneer pity exotic plug scrap struggle plug exotic continental preference continental pride
78
pride pride
thank thank equinox
dairy leash
prove prove appear
basketball basketball bring
exotic exotic
concern concern
veteran breakin
whole whole
crew crew
makeup makeup
absorption absorption farewell
identification top
dialect dialect
desk desk
inhibition inhibition
present present formation
direct direct
merit merit dose
tease community
glide glide bracket
shelter shelter
national knit
number salmon
smile linear
celebration celebration
loud loud
hide hide
fortune fortune
offensive offensive
deck deck
feign feign
import dilemma
car car
integrated integrated mosaic
illustrate maze dramatic
create create
ballot ballot
cheat predict
denial denial
domestic domestic accessible
fuss fuss minimize
childish childish
seller seller steward
skip skip battery
thread thread
craftsman craftsman
contract contract deter
belief belief
snap snap trance
stadium creation
exit magnitude
adult adult
wrong wrong
lobby lobby
trick mechanism
huge huge
magnetic magnetic nationalism
mind mind
tin tin
gift gift
line line suffer
tribe tribe
company company
vote vote transaction
auditor pastel
cancel cancel perception
pity homosexual
work work valid rabbit
colon colon
traction traction
pupil pupil
partnership partnership
east east
frozen think
dedicate dedicate
scrap scrap berry
continental transmission
