steward childish belief deck bracket feign direct community company hide absorption basketball exotic dose line think tin pride direct breakin minimize maze minimize breakin celebration direct contract suffer scrap suffer creation pupil creation suffer contract direct belief skip adult childish ballot steward
20
childish childish
belief belief
deck deck
feign pastel
community community
company company perception
hide hide concern
basketball basketball
exotic exotic
line appear
think think
tin tin
minimize minimize
maze top
scrap scrap linear
creation creation
pupil battery
skip skip
adult adult farewell
ballot ballot crew
