1 2 5 3 39 40 39 3 2 1 6 7 6 1 10 1 14 1 18 19 18 1 22 24 22 1 26 27 28 29 31 29 46 47 48 47 46 29 28 27 26 1 32 33 34 33 1 50 51 52 55 53 89 90 89 53 52 51 50 1 56 57 56 1 60 1 64 1 68 69 68 1 72 74 72 1 76 77 78 79 81 79 96 97 98 97 96 79 78 77 76 1 82 83 84 83 1 100 101 102 105 103 139 140 139 103 102 101 100 1 106 107 106 1 110 1 114 1 118 119 118 1 122 124 122 1 126 127 128 129 131 129 146 147 148 147 146 129 128 127 126 1 132 133 134 133 1 150 151 152 155 153 189 190 189 153 152 151 150 1 156 157 156 1 160 1 164 1 168 169 168 1 172 174 172 1 176 177 178 179 181 179 196 197 198 197 196 179 178 177 176 1 182 183 184 183 1
44
5 5
3 3 4
6 8 9
7 7
10 11 12 13
14 15 16 17
19 19 20 21
22 23
24 24 25
28 28
31 30
55 55
53 53 54
56 58 59
57 57
60 61 62 63
64 65 66 67
69 69 70 71
72 73
74 74 75
78 78
81 80
105 105
103 103 104
106 108 109
107 107
110 111 112 113
114 115 116 117
119 119 120 121
122 123
124 124 125
128 128
131 130
155 155
153 153 154
156 158 159
157 157
160 161 162 163
164 165 166 167
169 169 170 171
172 173
174 174 175
178 178
181 180
