CH CV BW AQ DN DA AH AG AO AM BZ AO AU AO AG CN AJ BR CE BH CE BR DO BR AJ CN DU CN AG AH DA DN AQ BW CV CJ BA DL AT AD BV AD CM AV CM CY AD AT CO DM CL AX CL DM CO AT DR AZ BE BT DP BT DQ BT BE AZ DR CF AW CF BD CF CZ DR AT DL BA DT AI BX BB BX AI DT DS BU DS BA CJ CV CH
36
CV CV
BW DI
DN AP BY
DA BF BP
AM AM
BZ BZ AN
AU AU
CN CN
AJ AJ AF
BH DF
DO DO
DU DU CQ
BA DC
DL DL
AT AT
AD BL
BV BV
CM BC CS
AV AV
CY DB
CO BG
DM DM CB
CL CL
AX BS CU
DR CA
AZ AZ
DP DP BI
DQ DQ
CF CF CW
BD BD AY DV
CZ CZ CD DD
DT AL
AI CP
BB BN
DS DG
BU BU
