BU FF BZ CB ER BZ FF DU AL BB AT CM HO CM AT GM BE HJ BE GM AT GX ES GX AT HA AT BB BJ CV AW BP AR CQ CF EE CF CQ DT CQ DZ CQ AR BP BQ CE AE EL AE GI AE CE GN EW CJ EW GN CE BQ CX FH CZ FH EJ FH EU FH CX BQ GE DK GE EP FS EP GE FT BR AH FI AH GZ DW DB GY CW BI BC BI FQ BS FQ BI CW FN HI BM BH CL BH BM HI BW AO CR AO EG GO AD CS DO CS AD GO DE CK AK CK DE FB GF DS GT DS DE GO AO BW HI CW GY DB DW FL EM DF BK FM BK DF HN DF EM FL DW GG DD GP EA GP DD GG DW GZ GW CP EB AP HB AP EB CP EZ CP GW GZ AH BR DL GB AA CY AI CY AA GB DL GC EK GC GV HP EF AS EF GR EF HP GV GC BR FT GE BQ BP AW CA AW FU DH EI FV EI DH FU EO FU AW CV AL HQ AL DU BT DU GA AM EH AM GA DU FF BU
78
BU BU
FF FF
BZ BZ AN
ER ER
DU DU
AL GH
AT AT
CM CM
HO GQ
GM GM
BE BE
HJ HJ
GX HH
ES ES
HA HA ET
CV CV
AR AR EQ
CQ CQ
DT DT
DZ DZ
BQ BQ
AE AE
EL EL
GN GN
CJ DQ
CX CX
CZ CZ
GE GE
DK DK DM
FS FS EC
AH BY
FI FI GS
DW DP EN
GY GY
CW CW
BC AF
BS AV
FN FN
HI HG
BM BM
BH BH FD
CL BF
BW BW
AO DX
CR CR BN
EG EG CD HC
GO GO
CS CS CI
DE DE AQ FW FY
CK CK
AK EY
FB FB
DS DS BA
GT GT
FL FL
BK BK
HN FR
DD DD
GP GP
EA EV
AP AP
EZ CO
DL DL CT
AA BG
CY CY
AI DI
EK EK
HP HP HM
AS DR
GR DJ
CA CA HF
FU FU
DH AY DV
EO EO
BT FG FP
GA GA
AM GK
EH EH AX
