0EzLvznzqSsDTCbR5WWQ KcET1WyqLHLe0WoWjg9K wrf0xNKoLGLKfuhe6hpI NdK8ArCf2MlrWBNZD2Os m5Au4RgVgXhOUKbKSdGW cZGUbNgsLGnuZE3Ot20K HET4yE4ksHFmFRytJhfu E0qx1qnBHaTxztHrfCii DTB9kDmUQnvnbA15dyNs m5Au4RgVgXhOUKbKSdGW 3iRTkaf7suaV2i91D7AI 0t5LNxEUvcjoE0cwwEbN OW93fm7JGxvGIWWhVC1r 75EgdJC8MacBE2zKZlon hk9ECfFhibg7bmIlco5h TWpWLT2JICvczaB6q8Bo IVZaGmLbfT5MQpxXO2DP hk9ECfFhibg7bmIlco5h j7jI3vJM5SWQs3N9YWK4 G1veNpxkPsctj7nF0LnD sTkrLjSI0wAyZQvL0L8q piNBrUZvBcV7Df1TXrww i2LSx9yjqfqqgvPEwf0F Auo4k9dWSL8IPJ5ZlV3y b69ITlIgTtPRUIpmSw5o lEZ0YMvUzTvQYxlTiMir WQLrydIe30SyZWUYR0o9 lEZ0YMvUzTvQYxlTiMir LtVuPtXkki7L0rCf1ysG idUlMWK1ZaKWh4awCdHY tnUjNl6cWuoaXQEfxH4p Z66yYaYopYkEhHIEeEpL iVX7TtjHXcE8SyeIBcE6 0EzLvznzqSsDTCbR5WWQ
20
wrf0xNKoLGLKfuhe6hpI wrf0xNKoLGLKfuhe6hpI
m5Au4RgVgXhOUKbKSdGW m5Au4RgVgXhOUKbKSdGW pWBi6tyyRZpOm0dbsZfH
cZGUbNgsLGnuZE3Ot20K cZGUbNgsLGnuZE3Ot20K
HET4yE4ksHFmFRytJhfu HET4yE4ksHFmFRytJhfu
E0qx1qnBHaTxztHrfCii LTgssryHh3BZe1w1IMJd
3iRTkaf7suaV2i91D7AI 3iRTkaf7suaV2i91D7AI
75EgdJC8MacBE2zKZlon 75EgdJC8MacBE2zKZlon
hk9ECfFhibg7bmIlco5h hk9ECfFhibg7bmIlco5h
TWpWLT2JICvczaB6q8Bo TWpWLT2JICvczaB6q8Bo
IVZaGmLbfT5MQpxXO2DP IVZaGmLbfT5MQpxXO2DP
j7jI3vJM5SWQs3N9YWK4 j7jI3vJM5SWQs3N9YWK4
sTkrLjSI0wAyZQvL0L8q N0EmviMgt156P2Bd7oet
i2LSx9yjqfqqgvPEwf0F oFJmSdI9Mubs3awqWY5w 4ZMxz7AKccmgx6JK5gZn
b69ITlIgTtPRUIpmSw5o b69ITlIgTtPRUIpmSw5o YRtAAkfi0YIaAv0XqGni
lEZ0YMvUzTvQYxlTiMir lEZ0YMvUzTvQYxlTiMir
WQLrydIe30SyZWUYR0o9 I7VRK3VugXxRlgxCe54Q
LtVuPtXkki7L0rCf1ysG LtVuPtXkki7L0rCf1ysG K5LnOJV1Zh18kgMnZsVe
idUlMWK1ZaKWh4awCdHY idUlMWK1ZaKWh4awCdHY vgcAaadTbDs3lU9Z1t49
tnUjNl6cWuoaXQEfxH4p tnUjNl6cWuoaXQEfxH4p
iVX7TtjHXcE8SyeIBcE6 LS3fS52ozGva9KBtcfZZ
