x61 x5 x61 x44 x79 x3 x20 x1 x74 x36 x20 x63 x3 x49 x59 x55 x73 x2 x94 x48 x94 x60 x50 x21 x95 x57 x7 x32 x95 x91 x86 x84 x12 x41 x12 x84 x31 x50 x89 x15 x89 x94 x65 x68 x19 x68 x65 x94 x73 x79 x85 x99 x43 x81 x76 x0 x18 x71 x18 x0 x81 x43 x99 x85 x79 x44 x90 x4 x69 x23 x69 x77 x4 x90 x87 x9 x87 x16 x87 x90 x61
38
x61 x61
x5 x5 x46
x44 x42
x79 x79
x3 x3 x26
x1 x1 x30
x63 x54
x49 x49
x59 x59 x13
x55 x55
x2 x2
x94 x94
x48 x52 x66
x21 x21
x95 x95
x57 x40
x7 x7
x32 x32
x91 x91 x28 x37
x86 x98
x12 x12
x41 x97
x31 x31 x88
x89 x89
x65 x96
x68 x68
x85 x58 x93
x99 x99
x43 x43
x81 x81
x0 x0
x18 x18
x71 x71 x8
x90 x90
x23 x23 x34
x87 x87 x53
x9 x39
x16 x80
