Clearnesse Ironshore Newley Courtcastle Valhaven Woodice Corbank Lochmage Eastcastle Clearland Greenshore Brightmere Esterfall Stoneglass Buttermead Dellwyn Oakmere Wellmage Violetley Westvale Bushgate Foxvale Marbleiron Westmill Southwheat Erilyn Stonefair Wolflea Fairsage Irondeer Clearnesse
19
Clearnesse Clearnesse
Ironshore Ironshore
Courtcastle Courtcastle
Valhaven Valhaven Newby
Woodice Woodice
Corbank Corbank Ironriver
Esterfall Esterfall Goldwyvern
Buttermead Buttermead
Dellwyn Dellwyn
Oakmere Oakmere Butterbush
Violetley Violetley
Westvale Westvale
Foxvale Foxvale
Marbleiron Marbleiron Foxhaven Freyview
Southwheat Oldmoor
Erilyn Morwall
Wolflea Eriwall
Fairsage Courtwall
Irondeer Morwald
