77 14 24 14 59 14 89 35 28 47 41 63 74 13 53 82 21 16 17 94 70 48 42 95 39 4 3 58 96 88 96 58 3 4 73 40 46 18 46 40 73 4 39 95 42 48 70 94 16 32 16 21 82 27 12 27 53 13 62 92 83 37 10 37 83 92 62 13 76 13 63 41 71 50 57 50 97 9 20 6 8 33 45 38 45 33 8 6 20 9 60 34 60 84 52 56 72 56 52 84 60 9 97 50 71 100 43 99 43 100 61 100 71 41 47 28 35 89 14 77 30 19 30 26 67 23 7 23 67 26 30 77
29
24 91
28 28
13 13
82 82
16 16
94 94
70 70
48 85
4 4
58 58
88 88
73 73
40 40
46 46
18 31
32 22
37 37
10 10 25
76 76
97 97
6 49 55
34 34
52 52
43 43
99 79
61 61
19 19
67 67 64
7 7 1
