FacultyClub EarthquakeLibrary RSSBuilding MLK BancroftLibrary Library Moses Minor EnvDesignLibrary BrainImagingCenter WooHonFai Bechtel Bowles AquaticCenter MSRI LawSchool Boalt ArtHistoryLibrary Durham WomensFacultyClub HaasClubhouse Unit3 BerkeleyWayWest NatrLaboratory DataLab CounselingLibrary Birge Classof54Gate Stephens LeConte Campbell IRLE BAMPFA GraduateServices EngineeringLibrary FoundersRock SEAsianLibrary InsectaryGreenhouse BioscienceLibrary Jacobs Stanley HearstFountain GoldmanSchool RegionalLibrary Lewis Haas Warren OxfordResearchUnit UniversityHouse FSM Blum JuliaMorgan SharedServices Wellman Simon EnergyBuilding LiKaShingCenter Wheeler CareerCenter VLSBAddition SpaceLab EastGate McCone VisitorCenter HearstFieldAnnex NewspapersLibrary AnthropologyLibrary StudentUnion LawrenceofScience SproulPlaza KoretVisitorCenter Underhill LowerHearstParking EarthLibrary TAAP Giannini NorthGate BusinessLibrary HearstGym University LudwigsFountain MusicLibrary ChildStudyCenter Parking EthnicLibrary Architects Hertz Foothill UCBExtension StowPlaza BancroftParking Barker PacificFilmArchive MartinezCommons MemorialPool Demography VisualCenter Tan SummerSession MaxwellField Wurster PublicAffairs FoxCottage TennisCenter Davis HearstGreekTheatre Unit1 Hilgard DonnerLaboratory Cory MediaCenter UpperHearstParking HaasPavilion PEERLibrary Archaeological ChanningBowditch Investigative Hesse GPB JacksonHouse SatherGate Koshland MathLibrary EllsworthParking Hildebrand Mulford PhilosophyLibrary Cleary BancroftDance Giauque CalvinLaboratory ClarkKerrCampus Cal1CardOffice Kroeber OldArtGallery CITRIS BerkeleyLawLibrary HearstMining Zellerbach BanwayBuilding Chou Campanile SocialLibrary Barrows Gilman Morgan LBNL EastAsianLibrary PhysicsLibrary MLK FacultyClub
86
FacultyClub FacultyClub
EarthquakeLibrary EarthquakeLibrary
RSSBuilding Morrison
MLK MLK
BancroftLibrary BancroftLibrary SutardjaDai
Library Library FPF
BrainImagingCenter BrainImagingCenter
WooHonFai WooHonFai
Bechtel Bechtel
Bowles Bowles
AquaticCenter AquaticCenter
MSRI MSRI
LawSchool LawSchool
Boalt Boalt
ArtHistoryLibrary ArtHistoryLibrary
Durham Durham
Unit3 Unit3
BerkeleyWayWest BerkeleyWayWest LatinAmerican
Birge Birge
Stephens Stephens OBrien
LeConte LeConte
Campbell Campbell
IRLE IRLE SpringerGateway
EngineeringLibrary EngineeringLibrary
FoundersRock FoundersRock
SEAsianLibrary SEAsianLibrary
BioscienceLibrary BioscienceLibrary
Jacobs Jacobs OptometryLibrary
Stanley Stanley
HearstFountain HearstFountain
GoldmanSchool VLSB
Warren Warren
UniversityHouse UniversityHouse CesarChavez
FSM Durant
Wellman Wellman
EnergyBuilding EnergyBuilding IdaHouse
Wheeler Wheeler
CareerCenter CareerCenter
SpaceLab Soda
EastGate AlumniHouse
McCone McCone
HearstFieldAnnex HearstFieldAnnex
NewspapersLibrary NewspapersLibrary
AnthropologyLibrary AnthropologyLibrary
StudentUnion StudentUnion
LawrenceofScience LawrenceofScience
SproulPlaza SproulPlaza
Underhill Underhill
EarthLibrary EarthLibrary
TAAP TAAP
Giannini Manville
NorthGate NorthGate
HearstGym HearstGym Pimentel
EthnicLibrary EthnicLibrary
Architects Senior
StowPlaza StowPlaza
PacificFilmArchive PacificFilmArchive Cheit
MartinezCommons MartinezCommons
VisualCenter VisualCenter
Tan AndersenAuditorium
MaxwellField MaxwellField
Wurster SimpsonCenter Latimer
FoxCottage FoxCottage
Davis Davis InternationalHouse
HearstGreekTheatre HearstGreekTheatre
Hilgard Hilgard
DonnerLaboratory DonnerLaboratory
MediaCenter MediaCenter
UpperHearstParking UpperHearstParking
ChanningBowditch MelvinLaboratory
Investigative Investigative
JacksonHouse Etcheverry
Koshland Koshland
MathLibrary MathLibrary
Hildebrand Hildebrand
Mulford Mulford
BancroftDance BancroftDance
Giauque Giauque
Kroeber Spieker
CITRIS CITRIS
BerkeleyLawLibrary BerkeleyLawLibrary
BanwayBuilding BanwayBuilding Sproul
SocialLibrary SocialLibrary
LBNL HealthServices
EastAsianLibrary EastAsianLibrary Evans
PhysicsLibrary PhysicsLibrary
