FacultyClub Etcheverry HearstGym BioscienceLibrary Investigative LawrenceofScience PacificFilmArchive OBrien Library DonnerLaboratory OptometryLibrary CareerCenter StowPlaza MelvinLaboratory SproulPlaza MartinezCommons Durham Wheeler InternationalHouse Manville Hilgard Jacobs AnthropologyLibrary Birge BancroftDance Spieker Stephens Sproul MediaCenter EarthquakeLibrary ArtHistoryLibrary UniversityHouse Warren Mulford Morrison BrainImagingCenter CITRIS StudentUnion FacultyClub
22
FacultyClub FacultyClub
Etcheverry Etcheverry
HearstGym HearstGym
BioscienceLibrary BioscienceLibrary
LawrenceofScience LawrenceofScience
PacificFilmArchive PacificFilmArchive
OBrien OBrien
Library Library
CareerCenter CareerCenter
SproulPlaza SproulPlaza
Durham Durham
Wheeler Wheeler
Manville Manville Pimentel
Hilgard Hilgard
Jacobs Cheit
Spieker Spieker
EarthquakeLibrary EarthquakeLibrary
UniversityHouse UniversityHouse SutardjaDai FPF
Mulford Mulford
Morrison Morrison
BrainImagingCenter BrainImagingCenter
StudentUnion StudentUnion
