1 65 9 43 100 43 9 62 9 88 36 89 17 78 17 18 28 27 61 28 66 55 22 12 22 40 60 40 55 28 84 28 18 35 3 92 3 99 16 99 25 52 4 25 99 3 18 44 56 67 31 15 68 15 69 29 69 59 19 38 53 21 53 26 46 42 49 42 46 26 53 38 19 59 69 15 67 56 44 95 51 20 33 32 82 6 5 6 82 32 33 34 33 20 51 44 18 48 18 89 98 89 36 88 65 1
41
9 9
43 43 14
100 45
36 36
17 17
18 18 39
28 28
27 27 41
66 30
22 22 47
12 12
40 40
60 13
35 35
3 3
92 10
16 16
25 25
4 4 50
44 44 24
56 7
31 31
15 15 2
68 23
29 29
19 19
38 38
21 21
26 26 37
46 46
42 42
49 49
51 51
20 20
33 33
32 32
6 6
5 5
34 34
48 48 11
98 8
