50 2 50 3 50 6 50 11 50 12 50 15 50 16 50 21 50 22 50 34 50 37 50 39 50 45 50 63 50 64 50 65 50 70 50 73 50 75 50 79 50 87 50 90 50 93 50 94 50 97 50 100 50 105 50 106 50 109 50 119 50 132 50 137 50 145 50 149 50 152 50 163 50 167 50 171 50 173 50 178 50 192 50 199 50
43
50 0 4 7 9 10 13 14 18 36 38 40 41 47 49 56 57 61 71 76 81 83 86 92 96 102 107 108 111 113 115 120 126 127 128 129 133 134 136 138 139 142 147 148 156 162 164 169 170 172 179 180 181 182 185 186 187 197
2 23
3 29
6 161
11 176
12 85
15 51
16 117
21 31
22 101
34 112
37 80
39 1
45 55
63 99
64 30
65 198
70 110
73 153
75 54
79 69
87 77
90 123
93 89
94 125
97 88
100 195
105 44
106 53
109 62 84
119 157
132 25
137 124
145 177
149 82
152 27
163 146
167 78
171 144
173 121
178 141
192 118
199 143
