Satish 4C88SXD PUW25N CKNDWG ZMZIWZ 4UE11 LTI99R LQQ5IH MXJIYJYNH4 9QJRN OWZ42C5 8AEKBAKS WCKDX 4RGA VG9H9B 6DSNDY DYYG23O YDG8AEOM ETB2 GT9LU 2B1K6EW9CL NL759YK8J GKMO7E DX16SQ 29D6AOX P6RI91D87 RN53CTZ NN7ZEA QWHT 79KTC8AS9 08W7NAP6G 2841 W71YV1R66L LI4EXO81 716QJY 0TRB9358 G7PWWJ QUFALN M649OA AKDE80E0B E9DZLL LBR67PCKBJ 9K8PLAET XV55 CPB2G FPZT G90OCSZY FM2G14H8I P5F5G H1LQ91V U7WDA2Z1 W6YZ5IB VSEMBLQ7O3 Q7ZEY 7GAD3F 5T3W CB93 5T3W L7QS0UEPJ PIW6IC50D LU68 4P0LGP0 EFIKTK4Y0Y NP5A5 11NACH2LP ALEI6N M35E E37ZKA8WK O44VZ I2GUQ1XYTA OEMHKCHOT B3R68HYWZ 7HSLUFQG A2H6A9I 43IK3HR83 FGYJ1J DNIV2BOR2P E37ZKA8WK 91ZONFE AV4KL I38TH1O QW15YTSV X9MIV9 H41HZ6 E2DHWGC LUQ3 HM48FZD0 26PG 9PCUL07FJ 5Q8CRZ2VCM YSRPP 6Z9AYLO 6VVS6 ZVKJMH7669 8TH7QVQY GNVXN 6PVQIBNB9 VGYKKKOFLZ Q7Z37G5 4TME YJYOMJ6A E5HD 2BLLD3SK 4FEG 7622OJ ET82NVH9 PFQFEJGD4C ZZACWP GE62L 4OJB6 7DPM9 JA1QYGQ0N9 JHMI MLKOJ 1UCE 7RUMCGSI B690 FIMPNJZ71 0ZW9ZBMKBT OOAS 3J6SSA GH8C G4QE3I UDBFED J3H3CKHTS ARTWTP9 L2MG8NMU KCOFJD 01G9IQ2 M71OYIS RP28W1 I49ID BQ5OUI EEZS HQG39M YSEDVWTUST ZE5CVXXZC XU4IP5J BRG51KM Y99D5Y12 7T8I47 CV6NHW7M ETNCY9XH2 2CUB41BE 7YZ45UL88 YQB2CII950 VOAV VIMVIHOY 02X2C FU90E 2P6O4RH0 J2ETZ1C CXQDH6YMZ8 5XYO SQLSVN KUDS J7EUOPWQ EBO9YD47 Satish
90
4C88SXD 4C88SXD
PUW25N PUW25N
CKNDWG CKNDWG
ZMZIWZ ZMZIWZ
4UE11 4UE11
LQQ5IH LQQ5IH
MXJIYJYNH4 MXJIYJYNH4
9QJRN 9QJRN
DYYG23O DYYG23O
ETB2 ETB2
2B1K6EW9CL 2B1K6EW9CL
GKMO7E 3IXHQXHYBV
P6RI91D87 P6RI91D87
79KTC8AS9 79KTC8AS9
W71YV1R66L W71YV1R66L
0TRB9358 0TRB9358
G7PWWJ 8MDFNIK8AY FWM5C
M649OA M649OA
E9DZLL E9DZLL 9V10EOH
LBR67PCKBJ LBR67PCKBJ
9K8PLAET 9K8PLAET A8WYICH3
FPZT FPZT ZH2INF
G90OCSZY G90OCSZY
FM2G14H8I FM2G14H8I
H1LQ91V H1LQ91V
U7WDA2Z1 A118
Q7ZEY Q7ZEY
7GAD3F 7GAD3F
CB93 CB93
L7QS0UEPJ L7QS0UEPJ ZMQ5BH
PIW6IC50D PIW6IC50D
4P0LGP0 4P0LGP0
EFIKTK4Y0Y EFIKTK4Y0Y
M35E M35E
E37ZKA8WK E37ZKA8WK
O44VZ O44VZ
B3R68HYWZ B3R68HYWZ
7HSLUFQG LM7KL5G3V
43IK3HR83 DST5W4G0
DNIV2BOR2P DNIV2BOR2P PMXEOGGIQ
91ZONFE 91ZONFE
QW15YTSV QW15YTSV
H41HZ6 H41HZ6
E2DHWGC E2DHWGC
LUQ3 GN4G0L2
HM48FZD0 HM48FZD0
26PG 26PG
YSRPP YSRPP
8TH7QVQY 8TH7QVQY
GNVXN GNVXN
6PVQIBNB9 6PVQIBNB9
VGYKKKOFLZ VGYKKKOFLZ
Q7Z37G5 Q7Z37G5
4TME HBQM42U 3WJYJDDU
E5HD E5HD
2BLLD3SK 2BLLD3SK
7622OJ 7622OJ
ET82NVH9 ET82NVH9
ZZACWP ZZACWP FM2HEMVR1
MLKOJ MLKOJ JX6GCY
1UCE 1UCE
7RUMCGSI YU3U1T
B690 B690
0ZW9ZBMKBT GILAN21GR3
3J6SSA 3J6SSA 5HULMUDLAQ
GH8C GH8C
G4QE3I G4QE3I
UDBFED 8UPUEGO
ARTWTP9 ARTWTP9
KCOFJD KCOFJD
01G9IQ2 01G9IQ2
M71OYIS M71OYIS
RP28W1 RP28W1
BQ5OUI IHN21LA4
EEZS EEZS
HQG39M HQG39M
ZE5CVXXZC KBI1CALMNJ
BRG51KM 4VE7V
7T8I47 7T8I47
CV6NHW7M CV6NHW7M
ETNCY9XH2 ETNCY9XH2
YQB2CII950 YQB2CII950
VOAV VOAV
02X2C 02X2C
FU90E C8WREP
J2ETZ1C J2ETZ1C
CXQDH6YMZ8 CXQDH6YMZ8
5XYO 5XYO
SQLSVN SQLSVN
EBO9YD47 DDB26ZHC
