Satish 9HCNMB0JT MOAM N26J6EU AETBJC WQM0D4 R2POU4T Y06D ODSGN281 V7T5SI VNCFO ZL6OIISZ2 V1AX QU5Y0N2LQ 8YK2RM 4VB5RO1 CXLQGGJ746 PQ09CSX IZBGG78J HX4PKBU7 F3YJ IEOT36K 5HGKBK QJ0LM8 974GXG05E JOBN3N FI29YX PL0UHK SKLZM 30N0P 7Y6VTLTLE 6WSDW HNB0AV YFWARI3U IEYK8 5N65HLXKU B0H9VDIK UG30UB5EM VNYZ5QVO77 TJ5M0R1Z B86761T 9C1O4TX UQKXJVX IBAUCTY 7CRTCJA BGPJX1OI XCH8 WQHN9 CQN7O RX6VI EXNDPNTC0 S657MFMG O2N6HBZK8 JNTKTNY5D0 QL51A0KUT O9SQOADVF FPB1OLF3 EHS8A QAL7Z5UN 4V9UNUZ8LD I2FNEL5 JSSS9HX U0LMCHUU IWQ50AIEVI 59E13RE KEV198T80A 2FB0FS3KWX RHCPZZ8Q FFLBM 0I7Y M6CD1Y QHH48VD7JJ Satish
39
N26J6EU N26J6EU
AETBJC AETBJC
WQM0D4 WQM0D4
R2POU4T R2POU4T
ODSGN281 ODSGN281 XGYWBMTWT
V7T5SI V7T5SI QEAJAFMPY
VNCFO VNCFO
QU5Y0N2LQ QU5Y0N2LQ
CXLQGGJ746 CXLQGGJ746
PQ09CSX PQ09CSX
F3YJ F3YJ
5HGKBK 5HGKBK
QJ0LM8 QJ0LM8
974GXG05E AO31B76
JOBN3N JOBN3N
PL0UHK PL0UHK F1G8HC
SKLZM SKLZM
6WSDW 6WSDW
IEYK8 IEYK8
5N65HLXKU 5N65HLXKU
B0H9VDIK B0H9VDIK IQXEPH9QO
VNYZ5QVO77 VNYZ5QVO77
7CRTCJA 7CRTCJA
RX6VI RX6VI SUC1CH
EXNDPNTC0 K936
S657MFMG S657MFMG 19LN
O2N6HBZK8 O2N6HBZK8
QL51A0KUT QL51A0KUT EG23K
FPB1OLF3 FPB1OLF3 ITHI7K6W1B
EHS8A EHS8A
QAL7Z5UN QAL7Z5UN
JSSS9HX JSSS9HX
U0LMCHUU U0LMCHUU
59E13RE 59E13RE
KEV198T80A 6HNG
2FB0FS3KWX 2FB0FS3KWX OJ27JN021
0I7Y 0I7Y V4R09
M6CD1Y M6CD1Y
QHH48VD7JJ QHH48VD7JJ 07XQDCJI
