69 7 36 16 36 39 8 21 3 15 11 15 28 45 2 13 2 23 24 2 26 45 3 121 5 33 190 4 186 10 21 8 163 12 167 27 170 1 59 19 92 0 22 102 17 162 6 9 18 9 6 98 14 1 170 25 69
28
7 101 115 127 131 135
36 36
16 16
8 77 100
3 50 58 110 133 171 185 198
11 11 97 104 112 146 147
2 2 83 150 160
13 90
24 24 119
26 26
121 121
5 5 132 192
33 33 191
190 190
4 37 44 52 82 134
186 186
10 148
163 163
12 197
27 27 117
1 1 30 31 46 64 87 118 128 149 158
59 59
0 51 113 188 193 195
162 162
6 63 71 72 74 80 81 106 165 166
9 53 194
14 14 99
25 25 56
