74 123 109 161 11 99 137 97 36 97 100 73 125 98 102 98 125 103 147 103 125 73 146 8 42 8 49 8 141 8 146 45 186 28 1 13 15 40 15 148 105 117 3 180 158 43 187 75 4 29 92 150 92 29 4 168 4 75 187 43 158 180 3 117 105 148 15 13 121 6 121 13 1 18 34 7 80 7 34 52 153 32 153 52 197 9 144 9 197 52 34 94 34 138 116 70 79 175 165 64 24 64 165 175 79 70 116 120 116 138 34 151 33 76 21 76 56 76 112 76 166 14 59 60 35 188 183 25 23 41 156 41 23 25 44 25 183 188 35 60 59 65 91 131 53 37 152 16 152 37 53 131 91 65 101 65 170 63 57 86 57 194 57 63 66 50 66 122 26 193 51 199 133 199 51 193 26 122 143 122 66 63 139 63 170 172 5 48 132 48 5 172 170 65 59 14 166 76 33 83 33 151 34 18 110 18 1 28 58 28 113 28 186 45 146 73 100 97 137 99 11 161 20 96 20 181 20 161 109 123 74
77
123 123 81
109 109
161 161
11 11 140
99 99
97 97
100 100 134 173 198
73 73
125 125 157
98 98
103 103
147 95
146 146
8 115
42 42 142
141 61 129
45 45
186 127
28 130
1 47
13 192
105 105
158 158
4 4
150 39
168 179
121 111
6 89
18 18
80 80
52 52
32 32 27
94 94 163
138 138
116 116
175 155
165 165 171
64 17 90
24 167
120 120
151 135
33 108
76 76 154
21 31
56 56
112 112 114
14 14 118
59 59
60 60
23 23
44 44 107
91 91
53 53
37 178
152 152
16 16
101 200
63 63 174
86 86 128
194 136
66 66
50 50
193 193
51 51 77 190
199 199
133 133 54
143 143
139 139
172 12
5 5
132 132
83 83
110 72
58 58
113 113 88
20 20
96 96 184
