Soda loc3 loc64 loc199 loc179 loc53 loc25 loc53 loc179 loc120 loc123 loc190 loc46 loc191 loc182 loc70 loc78 loc70 loc182 loc186 loc48 loc2 loc130 loc132 loc18 loc132 loc44 loc162 loc54 loc93 loc105 loc19 loc168 loc4 loc63 loc124 loc92 loc57 loc75 loc137 loc40 loc137 loc75 loc57 loc157 loc57 loc92 loc175 loc63 loc184 loc5 loc82 loc43 loc27 loc26 loc180 loc10 loc89 loc95 loc176 loc21 loc8 loc15 loc79 loc8 loc81 loc101 loc148 loc22 loc148 loc60 loc127 loc148 loc8 loc176 loc35 loc194 loc165 loc12 loc150 loc41 loc77 loc56 loc159 loc110 loc159 loc56 loc173 loc107 loc173 loc77 loc165 loc115 loc99 loc134 loc99 loc115 loc165 loc197 loc164 loc47 loc52 loc126 loc52 loc196 loc16 loc196 loc51 loc196 loc113 loc142 loc196 loc52 loc87 loc192 loc87 loc47 loc164 loc147 loc38 loc193 loc111 loc11 loc30 loc111 loc29 loc112 loc111 loc31 loc24 loc198 loc28 loc166 loc109 loc166 loc198 loc24 loc31 loc111 loc169 loc102 loc37 loc193 loc114 loc86 loc27 loc43 loc50 loc43 loc65 loc63 loc168 loc105 loc160 loc108 loc135 loc67 loc129 loc17 loc23 loc74 loc13 loc34 loc14 loc34 loc32 loc34 loc84 loc34 loc13 loc74 loc23 loc17 loc129 loc104 loc163 loc42 loc163 loc104 loc44 loc182 loc179 loc3 Soda loc106 loc36 loc145 loc156 loc145 loc36 loc106 Soda
67
Soda Soda
loc3 loc3
loc64 loc64
loc199 loc199 loc80
loc53 loc53 loc58
loc25 loc25 loc140
loc123 loc151
loc186 loc45
loc18 loc90
loc57 loc57 loc72
loc75 loc75
loc137 loc137
loc40 loc40 loc20
loc157 loc157 loc59
loc82 loc82
loc26 loc26 loc188
loc180 loc180
loc10 loc10
loc95 loc95
loc8 loc8
loc15 loc15
loc79 loc79
loc101 loc101
loc22 loc22
loc127 loc183
loc35 loc35
loc194 loc194 loc55
loc165 loc165 loc100
loc41 loc41
loc77 loc77
loc173 loc173
loc107 loc107 loc146
loc99 loc9
loc126 loc126
loc196 loc61 loc185
loc51 loc51 loc103 loc155
loc142 loc142 loc7
loc192 loc192 loc170
loc147 loc147 loc131
loc38 loc38 loc122
loc193 loc193
loc111 loc111
loc11 loc11
loc30 loc30 loc39 loc136
loc112 loc128
loc24 loc24
loc28 loc28
loc109 loc109
loc102 loc141
loc37 loc37 loc181
loc114 loc114
loc50 loc50 loc83
loc65 loc65
loc17 loc17 loc94
loc23 loc23
loc74 loc74
loc13 loc13
loc34 loc34 loc118 loc138
loc14 loc14 loc88 loc121
loc32 loc32 loc189
loc84 loc84 loc97 loc167
loc163 loc163 loc154
loc42 loc42 loc171
loc106 loc106
loc36 loc36 loc172
loc145 loc145
loc156 loc156 loc6
