48 68 6 68 14 116 155 3 65 5 51 180 91 135 84 47 84 135 147 38 98 67 50 15 99 37 22 169 74 66 191 96 191 66 74 169 22 37 99 102 110 172 110 102 99 152 85 39 85 152 99 15 50 25 42 9 130 49 130 126 92 177 178 189 178 177 92 126 94 140 94 182 113 78 7 154 115 10 159 195 159 10 115 154 7 78 138 176 86 72 86 176 95 176 122 176 138 199 138 78 185 168 185 78 113 89 62 89 113 182 94 126 119 8 162 196 121 196 141 129 141 196 162 8 119 126 130 197 61 173 88 127 193 127 88 173 145 173 163 171 73 171 163 173 61 197 131 197 130 9 42 25 90 25 50 67 98 101 43 2 124 56 124 2 43 101 98 103 57 151 45 107 45 111 45 151 57 103 98 38 165 13 165 38 147 135 180 104 180 51 5 65 3 155 143 0 32 64 32 0 143 125 31 41 31 112 31 125 174 59 81 77 81 148 21 148 80 114 157 114 80 148 81 59 174 125 143 167 143 155 116 14 68 48
79
48 48
6 11
155 155
3 3
5 5
180 180 156
135 135 181
84 84 60
47 55
147 147 36
38 38
98 98
67 67
15 137
37 133
74 74
66 66
191 191
110 110
152 152 29
85 85
39 39
25 25
42 42
9 9
126 126
177 177 158
189 117
140 175
182 182
113 113 69
78 78
7 7
154 154 53
115 115
10 10
159 120
195 179
138 138
176 176
72 108 186
122 170
199 199
185 185 190
168 20 46 109
62 16
119 119
162 123
196 196
121 40
141 141
129 129 136
197 197
173 58
88 88
193 193 52 194
145 145 118
163 163
171 171
73 73
90 90
101 101
2 2 23
56 56
103 103
151 151
107 107 87
165 165 34
13 93
104 149
143 143
64 64
125 125
81 35
77 19 164
148 148
21 21 79
157 157
167 167
