evdoyagqfp xawkqmfmmx xftptyrlvl jqtguzxxsl wynbxuuxru qzdrdcxoib wynbxuuxru epdwcjuvdr eooyfwmxln fczruomdab ummqduagjn stdiixwrjc owusjcmdkp sinegnctim jfccyptuug sinegnctim owusjcmdkp ytidnmibdj owusjcmdkp stdiixwrjc ummqduagjn fczruomdab uhalgukdzb yriqtwavfx uhalgukdzb kwbnyneokj qqtzqvrvyc tgbmxdmvwe qqtzqvrvyc xvgujpzkiw rfcbhdtwvm awqmxektil rfcbhdtwvm byyqgjwsrp gjmmikaxih jrusiskazm vkrlpmybdj cdqkyomyxw vkrlpmybdj jrusiskazm gjmmikaxih byyqgjwsrp wtjzgzopuw wkwwcqjtxf wtjzgzopuw byyqgjwsrp rfcbhdtwvm xvgujpzkiw qqtzqvrvyc kwbnyneokj wirlbujvjm phknwbtipl gkcfktyute rlxmdzqomd cmdqzmgvfi rlxmdzqomd gkcfktyute phknwbtipl zivwgfcxqi euqbrkzdsw zivwgfcxqi phknwbtipl wirlbujvjm kwbnyneokj uhalgukdzb fczruomdab eooyfwmxln epdwcjuvdr wynbxuuxru lazlsvgukx wynbxuuxru tmrnpjqnxx wynbxuuxru oegfbrwyrp ebqxbaqnmm xwrvhrxnqy pbefrggyje unihwwnyqz xplqpgpbvq unihwwnyqz yhpfnjjqmm bimtbhwsby chjuuxuacs afortwurqt ahqdrcepub afortwurqt chjuuxuacs bimtbhwsby ijbfzrqwct bbwcqzwyoz nwlccbonas xguvjomcdt nwlccbonas bbwcqzwyoz ijbfzrqwct bimtbhwsby yhpfnjjqmm unihwwnyqz kijbyyuzhd wtyqwjwskq fznfvsgjhc wtyqwjwskq kvfpaspidv zpjhxyylhb bswhowadhl ljhmnbaicr bswhowadhl xsjzeyxnpw opmnfgpclg tvuprbwofb zumetrybth vugkhjygfe xywdziunpr vugkhjygfe aruwdskzta lnicnhmajr qpxtrjvxpe lnicnhmajr kyrhqthnvz lndsfxewdc eqdxeqvtsb xnppuesbrr gllungmori xnppuesbrr hxkhivkhyl scesbtewjx hxkhivkhyl xnppuesbrr eqdxeqvtsb lndsfxewdc kyrhqthnvz lnicnhmajr xychpimpzb sipmuleqch wtlzrefwav afrdrejwtp wtlzrefwav sipmuleqch xychpimpzb lnicnhmajr aruwdskzta vugkhjygfe zumetrybth tvuprbwofb opmnfgpclg bpbbtoptwg eysfgfavho bpbbtoptwg rnpokwoqgt oownpsyviv oavtmpaqji qydclznxrd oavtmpaqji ichabbvkhm oavtmpaqji oownpsyviv rnpokwoqgt bpbbtoptwg opmnfgpclg xsjzeyxnpw ymvlfsdhbu xsjzeyxnpw bswhowadhl zpjhxyylhb jwcdeoubpx hofbtczdgp pwgublhwxg pymtnhypxd jrmlkfexfk pymtnhypxd pwgublhwxg hofbtczdgp yqwistxtxc nbjyrygtdh jatkaoyfxb nbjyrygtdh czvqvijjlb seeyrseflx xeigbnzhbj seeyrseflx czvqvijjlb nbjyrygtdh yqwistxtxc hofbtczdgp jwcdeoubpx zpjhxyylhb kvfpaspidv wtyqwjwskq kijbyyuzhd unihwwnyqz pbefrggyje xzwkhxkxjr cttlxdtaiw xzwkhxkxjr pbefrggyje xwrvhrxnqy ebqxbaqnmm oegfbrwyrp xqwyvbvueh vqakgbtmpu eaozvwjoso dnmgxnhbgi eaozvwjoso ldnozwuuuq spdafzaivh ldnozwuuuq eaozvwjoso vqakgbtmpu xqwyvbvueh oegfbrwyrp wynbxuuxru jqtguzxxsl optviwhmbr jqtguzxxsl pcilmgdrgc qepegujmaa koawdpgqdx qepegujmaa ixyurvbpvu yiwwdwbzth ixyurvbpvu qepegujmaa pcilmgdrgc jqtguzxxsl xftptyrlvl uooysjrxsb nfvvjywhsb uooysjrxsb xftptyrlvl mysadifwma robpunozly mysadifwma xftptyrlvl qbiylslccb kvxwqiryyu iwdghbmiai sjtuxgdwms kvxwqiryyu qbiylslccb xftptyrlvl evdoyagqfp
76
evdoyagqfp evdoyagqfp
xawkqmfmmx xawkqmfmmx
xftptyrlvl fluzhooehk
jqtguzxxsl smwxdupkdv
wynbxuuxru wynbxuuxru
qzdrdcxoib voaumgrcuj
epdwcjuvdr kgktiatgjn
eooyfwmxln eooyfwmxln
stdiixwrjc stdiixwrjc
jfccyptuug tgkujfknod
uhalgukdzb uhalgukdzb
yriqtwavfx gucdicwxmb rkyixxpcbx
tgbmxdmvwe tgbmxdmvwe lcrihrmoqu
byyqgjwsrp byyqgjwsrp qxfgqgbbdn
jrusiskazm jrusiskazm
vkrlpmybdj vkrlpmybdj
wkwwcqjtxf wkwwcqjtxf lkvtxfwozs
phknwbtipl fdgcygwgjf
gkcfktyute xkasbvrrxd
cmdqzmgvfi qgfchcatzi
zivwgfcxqi zivwgfcxqi
euqbrkzdsw euqbrkzdsw
lazlsvgukx bbczvyonym
tmrnpjqnxx tmrnpjqnxx
oegfbrwyrp oegfbrwyrp
xwrvhrxnqy xwrvhrxnqy xifuopshzj
pbefrggyje pbefrggyje
bimtbhwsby bimtbhwsby
afortwurqt afortwurqt
ahqdrcepub ahqdrcepub gbdejcnknd
bbwcqzwyoz bbwcqzwyoz
nwlccbonas nwlccbonas itbfnxnauh
xguvjomcdt xguvjomcdt
kijbyyuzhd kijbyyuzhd
fznfvsgjhc ouxenssqdu
kvfpaspidv kvfpaspidv
bswhowadhl bswhowadhl
ljhmnbaicr pdljcbluhp
vugkhjygfe vugkhjygfe guuudgvhny
xywdziunpr xywdziunpr oggftsricu
aruwdskzta aruwdskzta
lnicnhmajr lnicnhmajr
qpxtrjvxpe qpxtrjvxpe tmatbexcil
kyrhqthnvz kyrhqthnvz
lndsfxewdc lndsfxewdc
eqdxeqvtsb eqdxeqvtsb
xnppuesbrr xnppuesbrr
gllungmori qxuqrfzzob
scesbtewjx scesbtewjx
xychpimpzb xychpimpzb bulywvvpni
wtlzrefwav wtlzrefwav mdyuzxshey
afrdrejwtp afrdrejwtp
rnpokwoqgt rnpokwoqgt
oavtmpaqji oavtmpaqji
ichabbvkhm ichabbvkhm
ymvlfsdhbu ymvlfsdhbu aokbiptbzc
hofbtczdgp hofbtczdgp
jrmlkfexfk jrmlkfexfk osdeymjeil
nbjyrygtdh nbjyrygtdh cpwyxulkjm
jatkaoyfxb hsjqtjkukk
seeyrseflx seeyrseflx hkempoemlv
cttlxdtaiw cttlxdtaiw zmfuudfatm
xqwyvbvueh xqwyvbvueh tvcolajnao
dnmgxnhbgi vnzypgtlkj
ldnozwuuuq ldnozwuuuq
spdafzaivh qiqnnrlapz
optviwhmbr optviwhmbr vfdsalrajq ivugtsvtqb
pcilmgdrgc pcilmgdrgc wwqchwdmtx ivgbjyugdu
qepegujmaa qepegujmaa etdxtwotzh
koawdpgqdx psiebvskfb
ixyurvbpvu qfbvncxldf
yiwwdwbzth yiwwdwbzth
uooysjrxsb uooysjrxsb
mysadifwma mysadifwma
robpunozly bnmegnfgii
kvxwqiryyu kvxwqiryyu
