mdyuzxshey vkrlpmybdj tvcolajnao ouxenssqdu qydclznxrd cmdqzmgvfi zpybghfdbe bswhowadhl oegfbrwyrp tgbmxdmvwe oegfbrwyrp lbuiysostx oegfbrwyrp bswhowadhl zpybghfdbe lndsfxewdc mswyvpdrsy hkempoemlv ixyurvbpvu siatqqydwf ahqdrcepub siatqqydwf ixyurvbpvu uooysjrxsb seeyrseflx uooysjrxsb ixyurvbpvu syxecaxosc qgfchcatzi oggftsricu lnicnhmajr owusjcmdkp ljhmnbaicr ebqxbaqnmm zumetrybth jatkaoyfxb zumetrybth ebqxbaqnmm ljhmnbaicr owusjcmdkp oewptytlja nwlccbonas oewptytlja knfzsnhzvx xftptyrlvl yiwwdwbzth xftptyrlvl knfzsnhzvx oewptytlja owusjcmdkp lnicnhmajr kyblmbvqtv lnicnhmajr oggftsricu euqbrkzdsw wtjzgzopuw eysfgfavho phknwbtipl kdujdjjwot zjbarjhmau kdujdjjwot phknwbtipl hadchvmijq xplqpgpbvq lkvobxyfca fznfvsgjhc yhpfnjjqmm xkasbvrrxd yhpfnjjqmm fznfvsgjhc lkvobxyfca xplqpgpbvq hadchvmijq wynbxuuxru epdwcjuvdr wynbxuuxru hadchvmijq phknwbtipl eysfgfavho wtjzgzopuw euqbrkzdsw oggftsricu qgfchcatzi syxecaxosc ixyurvbpvu hkempoemlv mswyvpdrsy lndsfxewdc zpybghfdbe cmdqzmgvfi tmrnpjqnxx wtlzrefwav jrmlkfexfk gllungmori rkyixxpcbx gllungmori jrmlkfexfk wtlzrefwav hsjqtjkukk smwxdupkdv aokbiptbzc koawdpgqdx unihwwnyqz qepegujmaa xtvbrolacp iwdghbmiai xtvbrolacp qepegujmaa unihwwnyqz koawdpgqdx xywdziunpr koawdpgqdx smwxdupkdv hsjqtjkukk wtlzrefwav tmrnpjqnxx cmdqzmgvfi qydclznxrd ouxenssqdu tvcolajnao qcktwemqbm tvcolajnao vkrlpmybdj mdyuzxshey
39
mdyuzxshey mdyuzxshey mysadifwma
vkrlpmybdj vkrlpmybdj zmfuudfatm
qydclznxrd qydclznxrd
cmdqzmgvfi cmdqzmgvfi qfbvncxldf
zpybghfdbe psiebvskfb
tgbmxdmvwe tgbmxdmvwe
lbuiysostx lbuiysostx
lndsfxewdc lndsfxewdc
mswyvpdrsy mswyvpdrsy
ixyurvbpvu optviwhmbr
ahqdrcepub ahqdrcepub lazlsvgukx
seeyrseflx seeyrseflx vugkhjygfe
syxecaxosc gwnccktgki
lnicnhmajr lnicnhmajr
owusjcmdkp owusjcmdkp
ljhmnbaicr ljhmnbaicr
ebqxbaqnmm ebqxbaqnmm
zumetrybth zumetrybth
jatkaoyfxb jatkaoyfxb bnmegnfgii
oewptytlja oewptytlja
nwlccbonas nwlccbonas
knfzsnhzvx knfzsnhzvx
xftptyrlvl xftptyrlvl jedsthbmzo
yiwwdwbzth wtyqwjwskq jqtguzxxsl
euqbrkzdsw euqbrkzdsw
kdujdjjwot kdujdjjwot
zjbarjhmau zjbarjhmau bulywvvpni
hadchvmijq hadchvmijq
lkvobxyfca lkvobxyfca
fznfvsgjhc fznfvsgjhc
wynbxuuxru wynbxuuxru
wtlzrefwav wtlzrefwav
gllungmori gllungmori
rkyixxpcbx rkyixxpcbx eooyfwmxln
aokbiptbzc aokbiptbzc
koawdpgqdx koawdpgqdx
qepegujmaa qepegujmaa
xtvbrolacp xtvbrolacp
qcktwemqbm qcktwemqbm
