99 176 103 52 22 58 52 76 105 131 159 106 108 62 128 80 11 128 164 95 19 33 139 33 19 24 194 40 2 86 2 112 71 112 2 40 194 95 164 128 62 108 106 159 131 105 76 167 154 122 48 13 54 61 135 8 60 8 135 101 135 54 129 29 196 137 85 137 185 45 196 29 129 54 13 87 16 197 179 37 23 5 138 20 140 20 138 133 113 7 18 43 56 96 157 134 157 43 7 113 64 113 133 138 5 182 21 78 21 191 23 37 53 162 0 177 0 162 53 87 13 48 26 198 72 74 166 84 160 195 46 27 116 107 49 10 57 193 142 156 57 10 49 107 118 107 158 81 100 69 100 81 126 38 187 38 126 81 158 107 116 27 46 120 46 144 169 104 31 104 169 144 46 195 160 84 166 72 26 199 26 48 122 154 167 52 103 176 188 175 32 98 36 155 110 155 36 98 115 32 152 6 79 178 14 178 79 6 152 32 175 188 176 99
81
99 99
103 103
52 92
22 22
58 102
76 161
131 131
106 106
62 73
80 80
164 164
95 183
19 1 184
33 33
139 12
24 24
40 40
2 47 63 146
86 168 181
112 112
71 192
167 167
154 149
122 122
61 61
8 8
101 88
129 28
137 150
85 127 174 186
185 185
45 41
16 17 148 190
37 180
5 5
20 20
113 30 51 114 124 170
7 111
18 18
43 66 97
56 56
96 132
157 119 172
64 59
78 78
191 165
53 53
0 0
26 26
166 166
160 160
46 55
27 27
116 117
107 94 163
49 123 125
10 10
142 142
156 70
118 4
158 158
81 9
100 100
69 25 83 173
126 126
187 68
120 171
169 169
104 130
31 82
199 39 42
188 188
175 15
32 34
98 98
155 155
110 151
152 90
6 75
178 178
14 35
