10 4 3 27 44 20 0 19 14 13 29 30 28 7 6 9 8 33 32 40 34 16 17 18 24 23 31 25 10 50 51 52 53 54 55 56 57 58 59 60 61 62 63 64 65 66 67 68 69 70 71 72 73 74 75 76 77 78 79 80 81 82 83 84 85 86 87 88 89 90 91 92 93 94 95 96 97 98 99 100 101 102 103 104 198 194 192 188 181 180 179 178 177 176 175 174 173 172 171 170 169 168 167 166 165 164 163 162 161 160 159 158 157 156 155 154 153 152 151 150 149 148 147 146 145 144 143 142 141 140 139 138 137 136 135 134 133 132 131 130 129 128 127 126 125 124 123 122 121 120 119 118 117 116 115 114 113 112 111 110 109 108 107 50 10
70
4 1 2
3 3
27 5
14 11 12
29 29 15
7 7 37
6 6
9 35 39
8 8 38
33 41
32 32
40 36 43
34 34 42
24 21 22
23 23
25 25
50 184 185 186 187
51 51
52 52
53 53
54 54
55 190 191 193
56 56
57 57
58 58
59 59
60 196 197 199
61 61
62 62
63 63
64 64
66 66
67 67
68 68
69 69
71 71
72 72
73 73
74 74
76 76
77 77
78 78
79 79
81 81
82 82
83 83
84 84
86 86
87 87
88 88
89 89
91 91
92 92
93 93
94 94
96 96
97 97
98 98
99 99
101 101
102 102
103 103
104 104
198 198
192 192
112 112
111 111
109 109
108 108
107 107 106
