Soda B Soda E Soda H Soda J Soda N Soda Q Soda T Soda W Soda Z Soda AC Soda AF Soda AI Soda AN Soda AS Soda AV Soda AY Soda BC Soda BI Soda BN Soda BP Soda BS Soda BW Soda BZ Soda CZ Soda DC Soda DI Soda DP Soda DT Soda DV Soda DY Soda EZ Soda FC Soda FF Soda FI Soda FQ Soda FT Soda FW Soda GB Soda GE Soda GH Soda GJ Soda
42
Soda AX BU DO DX GO
B C
E F
H I
J K
N O
Q R
T U
W X
Z AA
AC AD
AF AG
AI AJ
AN AO
AS AT
AV AW
AY AZ
BC BD
BI BJ
BN BO
BP BQ
BS BT
BW BX
BZ CA
CZ DA
DC DD
DI DJ
DP DQ
DT DT DU
DV DW
DY DZ
EZ FA
FC FD
FF FG
FI FJ
FQ FR
FT FU
FW FX
GB GC
GE GF
GH GI
GJ GK
