153 170 24 134 143 9 109 29 192 69 118 69 192 29 109 104 47 30 47 120 84 21 184 18 184 21 36 120 106 93 12 129 54 129 157 129 12 93 106 47 58 47 104 176 95 77 53 27 145 178 45 155 195 60 0 139 138 131 154 130 180 70 39 80 39 70 180 130 73 197 73 131 138 139 60 155 45 178 145 53 77 95 176 104 109 9 125 79 172 26 181 146 75 16 144 110 22 86 13 196 76 196 13 86 22 110 144 117 135 117 16 75 67 28 72 89 49 44 49 89 74 89 72 28 59 67 75 146 181 26 172 133 190 71 11 168 11 71 91 41 108 41 91 19 186 83 105 83 92 82 149 148 65 148 193 149 82 92 169 35 90 23 151 17 48 103 98 2 100 56 191 14 163 78 189 78 163 14 56 100 160 37 160 2 98 103 48 17 198 151 23 90 35 169 92 83 186 19 91 137 91 133 9 143 158 96 128 50 128 96 158 143 134 24 170 32 170 15 183 170 153
81
153 153
170 170
134 134
9 156
109 99
29 29
192 192 5
118 118 68
47 47
30 34
120 120
21 21 161
184 184
36 36
93 93
12 12
129 129
58 58 113
95 95
77 77
53 53
145 145
178 178
195 195
60 60 112
0 0
139 43
138 138 61
131 131
180 180
70 70
80 140
197 197
79 79
172 172
26 26
181 136
146 146
75 182
16 16
86 86 4
13 13
196 196
76 7 124
135 135 194
28 28
89 89 20
49 49 167
74 74
59 126 152
11 11
168 168 150
41 41
108 108 81
19 19
186 52
83 83
92 171
193 179
169 169
35 35
90 90 40
23 23
17 187
48 3
98 98 122 88
2 2
100 127
56 56
163 163
189 147 8
160 160
37 37
198 42
137 137 177
158 119
96 96
128 128
50 50
15 15
183 188
