ZfI6StUliqd8YxBr0zVp Z6746tUNXH05XsKVq5bc PliCEYTca2VSVL723rNz 4yYsNk20bqSMlyASIn37 a5U0eplwXr4BNJCc524G 4yYsNk20bqSMlyASIn37 PliCEYTca2VSVL723rNz Z6746tUNXH05XsKVq5bc sxZzRXnVfKw2KrspKPg1 Z38PT2VWeDoNiuh4rc0v Af4sQnaDf5G2yrOfmk45 QUmdpeJNwq8Od3rclrVL uPH8PqQ15A2srqN6AFNi QUmdpeJNwq8Od3rclrVL Af4sQnaDf5G2yrOfmk45 Z38PT2VWeDoNiuh4rc0v sxZzRXnVfKw2KrspKPg1 Z6746tUNXH05XsKVq5bc 4gVQx4yn8gZ0TQBRafbQ SI1jqone3x4IZwZ6qVW6 98jc4TOf5CFD5ooRLXKs SI1jqone3x4IZwZ6qVW6 ZBTm8fkarNXg3vLUAnt8 SI1jqone3x4IZwZ6qVW6 QGzcn6XPemZ0IhmCJCmq ufkSgxNAeRAXQFn3w6eB cC9SZGtAtirSBnbvLWzt MraBcGvDEL68zyTsBDgx cC9SZGtAtirSBnbvLWzt QGzcn6XPemZ0IhmCJCmq 5JVto9dbOz4Lu3AeAOZD uYmver98TgwbkIsM8XgU zs8puphf0SbuOBS6XpM9 ip0vmcqzxYgrY2Mc3Bu9 Fa64KRccvM4rqOgxBKtu ip0vmcqzxYgrY2Mc3Bu9 zs8puphf0SbuOBS6XpM9 gX6xMy6pWnenI68kwgcu 9Hcyk2NqhBwOpTXRywvA gj1PIUxoUprs5rKMLNpv gX6xMy6pWnenI68kwgcu uYmver98TgwbkIsM8XgU 5JVto9dbOz4Lu3AeAOZD mMagcNSN7U8s7oy3e0j4 oeCop1Abe4Jnm8NehklA 35F0RBMuajlA1MclJpfz oeCop1Abe4Jnm8NehklA mMagcNSN7U8s7oy3e0j4 Z6746tUNXH05XsKVq5bc ZfI6StUliqd8YxBr0zVp iIGMVrFttQwSK537NlPz ZfI6StUliqd8YxBr0zVp
19
ZfI6StUliqd8YxBr0zVp ZfI6StUliqd8YxBr0zVp
Z6746tUNXH05XsKVq5bc Z6746tUNXH05XsKVq5bc
a5U0eplwXr4BNJCc524G YzWX8RqUW0YPFsebUKYP
Z38PT2VWeDoNiuh4rc0v UoiNiYnewh16WNDFqvYW
Af4sQnaDf5G2yrOfmk45 Af4sQnaDf5G2yrOfmk45 RnnCc8OgQLqPe5HvvbS3 QBaUzVWA62rnfcsnEShZ
QUmdpeJNwq8Od3rclrVL QUmdpeJNwq8Od3rclrVL
SI1jqone3x4IZwZ6qVW6 SI1jqone3x4IZwZ6qVW6
98jc4TOf5CFD5ooRLXKs 98jc4TOf5CFD5ooRLXKs WEpQsV1SPLNjRDFxWGJw
ZBTm8fkarNXg3vLUAnt8 ZBTm8fkarNXg3vLUAnt8 gGXF4imn3IOLlYGD81XA
QGzcn6XPemZ0IhmCJCmq QGzcn6XPemZ0IhmCJCmq
cC9SZGtAtirSBnbvLWzt cC9SZGtAtirSBnbvLWzt
5JVto9dbOz4Lu3AeAOZD 5JVto9dbOz4Lu3AeAOZD
uYmver98TgwbkIsM8XgU uYmver98TgwbkIsM8XgU
zs8puphf0SbuOBS6XpM9 zs8puphf0SbuOBS6XpM9
ip0vmcqzxYgrY2Mc3Bu9 ip0vmcqzxYgrY2Mc3Bu9
Fa64KRccvM4rqOgxBKtu Fa64KRccvM4rqOgxBKtu
gX6xMy6pWnenI68kwgcu gX6xMy6pWnenI68kwgcu
gj1PIUxoUprs5rKMLNpv gj1PIUxoUprs5rKMLNpv BFat56YSkekx77JCOMI4
mMagcNSN7U8s7oy3e0j4 mMagcNSN7U8s7oy3e0j4 Hxhi6IYOb3B8uxHbGYVt
