hC71hIuyRaST3AiaSZqg cXmjc3Wu4kjM1IHGgfA5 m0W1PzAhoOpYXaJ0LLW5 l0FfsrqWcvxMXnkTPBHi m0W1PzAhoOpYXaJ0LLW5 UQEmoPmHSH2FlTDuXOEx LkczcKgnoMrSVImHJ0fO UQEmoPmHSH2FlTDuXOEx m0W1PzAhoOpYXaJ0LLW5 hC71hIuyRaST3AiaSZqg lrXvsaItMucJuqzZylSg btiXecpJBKmrIHtQ7jPA hC71hIuyRaST3AiaSZqg YygsiZkXDS9oQ07w4psX UE66Ok3YtceUJCwuX3xr SbMznZDIZs7TTEfAUGt3 UE66Ok3YtceUJCwuX3xr WV8Z5wDVbRdJmbJjyC7p UE66Ok3YtceUJCwuX3xr kITtdSORrLGuHqAl2YGb VkEnPX1CQCoh4CxlXSlf xTqag3TRSmD8TI7ozU6T ivvO5yUvAxjOjLiwMPV4 qzhMj5jvroYQ0sxm9D9f ymIUUgCvgB7r5le0Mh11 a050Gc07llzkwp1sFUA0 ymIUUgCvgB7r5le0Mh11 qzhMj5jvroYQ0sxm9D9f ivvO5yUvAxjOjLiwMPV4 xTqag3TRSmD8TI7ozU6T nOsoIFzZBhdd6bjP45Ba Wvcwm6VpeYnZXpTH3IZP Z2YJKymsE6JEohxl2CgC 2TderjwrXrNV2UBZ77eD LI8fhHKJlh7mQx1nNK0m IWOalMs6IXX5Ln6F9Eov 2QgUKFj4HV0dn5Ia55tj QYsTJmc2IUi36H1YK47s m54EIZlfduVsUOzACS5b gZCyL2MJze1aowodommu iuuWW5781KuHBsKkyWMa 4Vpgk6JikqRWfmTLGFMS khygntR9CTz08DjsR0la Tgouk8HApNFShyYjQedR khygntR9CTz08DjsR0la 4Vpgk6JikqRWfmTLGFMS qmJjxb5ffqkJdxtR9mHb iuuWW5781KuHBsKkyWMa lVjpvSHc5hBrS7dzTmI1 iuuWW5781KuHBsKkyWMa m54EIZlfduVsUOzACS5b QYsTJmc2IUi36H1YK47s 85xSse1gOLjILYSRUgB9 f67LrguccbwZw0aXriuu 3pFVvt0XFh3JvOGqpp1y b9q1t3OMZ6dXE5R6ca5w tb41LamjPxrSZBTCVL4N D3gODzQIzHZRe5A487BX g5fwwkfUKem4JdibLkXM PFAHK1LPbENiUm01N8B0 xtgYSd34f56WAH3CCBpW ElLrRzuv43VPHSxgF9aR 8X2kWfVN7ACYeLRlwU5k xtgYSd34f56WAH3CCBpW PFAHK1LPbENiUm01N8B0 D3gODzQIzHZRe5A487BX b9q1t3OMZ6dXE5R6ca5w vXrEXAmThLoQVXFImZcg 7DZfG4yobV0xCcSaxf27 5E8wNso5HkheqEVi0Uhr 6jnt0RQvUBeXBhrLOwzh EfhuR5UGBxqkoqdQBn2E 4MuL6AbQo2ozZ4x7psrd KqTw626stjcdChciHrJ6 m2kNeowjoX6iaPduqLLc MCc3yEIO8tXzzu5ZknlT 1wSeohNTb1oCspxe2x4j fHaNehOegdlwymJ5Tbvp uwYFKqdXzHrDjwNLVxGZ fHaNehOegdlwymJ5Tbvp 1wSeohNTb1oCspxe2x4j MCc3yEIO8tXzzu5ZknlT kuIwHVHn49UEM4TprHKr CMQ0OeWc1jOFVxmSr3hH jLS4UljOCe6h8LwAOGRX 24YcTAlCtPoNC11H3BAQ NWAZrSnr0i1Dj5TA6dLc euZ15YwFUeCb42J4vvX6 wqyhoOJuJuNfuZ1c9ZhU euZ15YwFUeCb42J4vvX6 NWAZrSnr0i1Dj5TA6dLc RiZJXix70KkeQI5YZY9j WWEBxNNG20y6nEEMPvzN QDFrfZgHiHMBgGJy1v64 dsEyS8WvuzfBZPrbbzZx 63EFNMvLteBrV7Lj9nA4 CJPsPFylFkMPqvXrW58O kvWSRFx5cBJAdKv02AAn fm9EBymrV0VSOljfjrTQ rW1b1NT9NaRlIIxoT8XF jGNThQH3U9Qqi91Eop7X 61VEe5QpRdEG1AHTZmSn jGNThQH3U9Qqi91Eop7X aGWdv30UuUFiszMErlJF gY86LqbQLTIYrcgU8Crt nP45x6vSjSYCI8DDOBiZ aGWdv30UuUFiszMErlJF jGNThQH3U9Qqi91Eop7X Udew7VNFg6dndWFd4Xv7 qtHpIO00aVjMjk7M0v9K k3PQRnKD222tnpAYeJ4O eULKHiriYHElwEbrQo2X k3PQRnKD222tnpAYeJ4O qtHpIO00aVjMjk7M0v9K Udew7VNFg6dndWFd4Xv7 rW1b1NT9NaRlIIxoT8XF fm9EBymrV0VSOljfjrTQ kvWSRFx5cBJAdKv02AAn 63EFNMvLteBrV7Lj9nA4 nmwnnNlPCMIjajSEo2R3 C5aQkckiWq5qVUhbiI57 oakCd1HozhO35GtImcF2 nmwnnNlPCMIjajSEo2R3 63EFNMvLteBrV7Lj9nA4 CITGt2jOx7Lecs3CtylJ ObIUeV1Y9WxgQVINEZzj NqvNOj5h3GSbJm5NawjL ObIUeV1Y9WxgQVINEZzj XEhAPaVgnAiGpIfFTnuy RP9IQz70eEvTJVIHw5Lv XEhAPaVgnAiGpIfFTnuy CITGt2jOx7Lecs3CtylJ 63EFNMvLteBrV7Lj9nA4 dsEyS8WvuzfBZPrbbzZx QDFrfZgHiHMBgGJy1v64 RiZJXix70KkeQI5YZY9j NWAZrSnr0i1Dj5TA6dLc m2kNeowjoX6iaPduqLLc KqTw626stjcdChciHrJ6 4MuL6AbQo2ozZ4x7psrd EfhuR5UGBxqkoqdQBn2E 6jnt0RQvUBeXBhrLOwzh EnQuMk7pVZUnmn2BboBv VHkCxqV9Ecgzij51DFic u8OLHMd8iqOiUbQQ7wxA RNtZ6m1O9hQj2ovJiJE3 JuSdCG8HSUzwufkmRvTN 8IUV6HBSYn47shRwVW5F tlptthCZhNn9sCWA6nK3 qsQI3bptDcBOGz4nQEL5 EqrhH8oFQmMRN10foGjV qsQI3bptDcBOGz4nQEL5 tlptthCZhNn9sCWA6nK3 d5LnqmMpt2Ka3sWGmvow tlptthCZhNn9sCWA6nK3 8IUV6HBSYn47shRwVW5F fxnnXXAtldMGBgqECnVx 8IUV6HBSYn47shRwVW5F JuSdCG8HSUzwufkmRvTN PqB0lgs9Brze4wJGQzAM mkGdh9qd7uj9x5W3Koxj PqB0lgs9Brze4wJGQzAM JuSdCG8HSUzwufkmRvTN RNtZ6m1O9hQj2ovJiJE3 u8OLHMd8iqOiUbQQ7wxA 8w6JkwNghwwfzVWZlMG6 hYQ8wC7QWWx5wW2TCt2Y 8w6JkwNghwwfzVWZlMG6 VHkCxqV9Ecgzij51DFic EnQuMk7pVZUnmn2BboBv g6Fit1BcwBIbAAJnBKGn OBEPyJuvhH0Z9VoT2UNC h52UeNen88U7Y4iFuOF7 EnQuMk7pVZUnmn2BboBv 6jnt0RQvUBeXBhrLOwzh 5E8wNso5HkheqEVi0Uhr 7DZfG4yobV0xCcSaxf27 vXrEXAmThLoQVXFImZcg b9q1t3OMZ6dXE5R6ca5w 3pFVvt0XFh3JvOGqpp1y LI8fhHKJlh7mQx1nNK0m 2TderjwrXrNV2UBZ77eD Z2YJKymsE6JEohxl2CgC VkEnPX1CQCoh4CxlXSlf ZUt08qPkISJA3VT4fdsK 5doygtE58PVlrfBbaaxD ZUt08qPkISJA3VT4fdsK VkEnPX1CQCoh4CxlXSlf kITtdSORrLGuHqAl2YGb EEWjQ3rZ3GM9oucA2vc5 oq1GulTWdKtwAlNIQxnY 2dfprAgHp3T6RrgooKgP Mi1upMhcgP7iV16OWKN5 NXZByMrsstrrXRLxVcyg qsbRHSDlSHG3Ep5gugbq NXZByMrsstrrXRLxVcyg Mi1upMhcgP7iV16OWKN5 2dfprAgHp3T6RrgooKgP uJlmjikTUoEO48jGpFMW c2cBpUI19bqo5IjxQzNs m6rR2iEESZqKqRpPfrCl x81SdeDfzbsk8wgCHcJT 468JV90VoJDfHRf7bwGC m6rR2iEESZqKqRpPfrCl c2cBpUI19bqo5IjxQzNs TrUW9m3qjkTMvqHNRot0 uJlmjikTUoEO48jGpFMW nnG2z19YXqYOoAxMQkFV 2dfprAgHp3T6RrgooKgP oq1GulTWdKtwAlNIQxnY kITtdSORrLGuHqAl2YGb YygsiZkXDS9oQ07w4psX iS3QMNvYa0RbuZKbJowP OAcbYkMyAi1Iu0vWaaFc iS3QMNvYa0RbuZKbJowP YygsiZkXDS9oQ07w4psX hC71hIuyRaST3AiaSZqg
82
cXmjc3Wu4kjM1IHGgfA5 cXmjc3Wu4kjM1IHGgfA5
m0W1PzAhoOpYXaJ0LLW5 Wf6tYlitgmZKoXfughsS
l0FfsrqWcvxMXnkTPBHi Ca5sYccbD9TUz7JLHrcf
UQEmoPmHSH2FlTDuXOEx UQEmoPmHSH2FlTDuXOEx
btiXecpJBKmrIHtQ7jPA btiXecpJBKmrIHtQ7jPA 4wWd3kvalFkda9M583i7
YygsiZkXDS9oQ07w4psX YygsiZkXDS9oQ07w4psX
SbMznZDIZs7TTEfAUGt3 v0QCMKnmfkXllH4nQHen
WV8Z5wDVbRdJmbJjyC7p COVfDobG5VcfcSxLDUch
VkEnPX1CQCoh4CxlXSlf VkEnPX1CQCoh4CxlXSlf
qzhMj5jvroYQ0sxm9D9f qyWH5Ui5kFJGpXM7i2RZ
ymIUUgCvgB7r5le0Mh11 ymIUUgCvgB7r5le0Mh11 P6PcaiimLTne6w5m7SJi
nOsoIFzZBhdd6bjP45Ba nOsoIFzZBhdd6bjP45Ba
Z2YJKymsE6JEohxl2CgC Z2YJKymsE6JEohxl2CgC
2TderjwrXrNV2UBZ77eD 2TderjwrXrNV2UBZ77eD yMXdJdorJpzOHHt9uIfg
LI8fhHKJlh7mQx1nNK0m LI8fhHKJlh7mQx1nNK0m
IWOalMs6IXX5Ln6F9Eov IWOalMs6IXX5Ln6F9Eov
2QgUKFj4HV0dn5Ia55tj 2QgUKFj4HV0dn5Ia55tj
QYsTJmc2IUi36H1YK47s QYsTJmc2IUi36H1YK47s
Tgouk8HApNFShyYjQedR Tgouk8HApNFShyYjQedR Dv6lwBgjbbZceuQXFzFf sCcEFmBkhTop4sycKzuM
lVjpvSHc5hBrS7dzTmI1 lVjpvSHc5hBrS7dzTmI1 Mufarp9xGx29xj0P1ijS
b9q1t3OMZ6dXE5R6ca5w b9q1t3OMZ6dXE5R6ca5w
tb41LamjPxrSZBTCVL4N IC3wlDskAWyf0o1M61kl
g5fwwkfUKem4JdibLkXM g5fwwkfUKem4JdibLkXM
PFAHK1LPbENiUm01N8B0 PFAHK1LPbENiUm01N8B0
xtgYSd34f56WAH3CCBpW xtgYSd34f56WAH3CCBpW
8X2kWfVN7ACYeLRlwU5k t9sTQNaMU9o2HF5pm7xT
vXrEXAmThLoQVXFImZcg vXrEXAmThLoQVXFImZcg
7DZfG4yobV0xCcSaxf27 7DZfG4yobV0xCcSaxf27
6jnt0RQvUBeXBhrLOwzh 6jnt0RQvUBeXBhrLOwzh
EfhuR5UGBxqkoqdQBn2E fzCA3w8Mu664WC0yRZb5
4MuL6AbQo2ozZ4x7psrd 4MuL6AbQo2ozZ4x7psrd
KqTw626stjcdChciHrJ6 KqTw626stjcdChciHrJ6
1wSeohNTb1oCspxe2x4j 1wSeohNTb1oCspxe2x4j
uwYFKqdXzHrDjwNLVxGZ WgneGAZv4qtDq8Q5DYZf
kuIwHVHn49UEM4TprHKr kuIwHVHn49UEM4TprHKr
jLS4UljOCe6h8LwAOGRX jLS4UljOCe6h8LwAOGRX
24YcTAlCtPoNC11H3BAQ 24YcTAlCtPoNC11H3BAQ
NWAZrSnr0i1Dj5TA6dLc NWAZrSnr0i1Dj5TA6dLc fuNQ8Sfy86k6zaBQjwEz
wqyhoOJuJuNfuZ1c9ZhU wqyhoOJuJuNfuZ1c9ZhU 6KcltWtleWJ6izN3XL0F
QDFrfZgHiHMBgGJy1v64 RDnAjQbgrCahBSBieO1p
dsEyS8WvuzfBZPrbbzZx dsEyS8WvuzfBZPrbbzZx
63EFNMvLteBrV7Lj9nA4 63EFNMvLteBrV7Lj9nA4
kvWSRFx5cBJAdKv02AAn RSJQdRAK7H6zYHVeXyPj
rW1b1NT9NaRlIIxoT8XF rW1b1NT9NaRlIIxoT8XF
jGNThQH3U9Qqi91Eop7X ddzqPXECnHQT4a4RIpSF
61VEe5QpRdEG1AHTZmSn 61VEe5QpRdEG1AHTZmSn
aGWdv30UuUFiszMErlJF aGWdv30UuUFiszMErlJF
nP45x6vSjSYCI8DDOBiZ bw0K7NVh1sgqlnescYkX
Udew7VNFg6dndWFd4Xv7 W5rNQea9NsCafaUbLgWC
k3PQRnKD222tnpAYeJ4O laRDyozSdXcFtmdQ5VqD
eULKHiriYHElwEbrQo2X eULKHiriYHElwEbrQo2X
nmwnnNlPCMIjajSEo2R3 nmwnnNlPCMIjajSEo2R3
C5aQkckiWq5qVUhbiI57 C5aQkckiWq5qVUhbiI57 R22TNV5lr1tmI44FcHvv
oakCd1HozhO35GtImcF2 oakCd1HozhO35GtImcF2 yXrak2UUHdgFCsCWvgfp
NqvNOj5h3GSbJm5NawjL NqvNOj5h3GSbJm5NawjL
RP9IQz70eEvTJVIHw5Lv CgUyoeVDFzkf0g6EiF8w l5OFQGDhW1xJJ8ERuglz
EnQuMk7pVZUnmn2BboBv QHOT9LWV0s6xVVreglDh
VHkCxqV9Ecgzij51DFic OLGSBuAPLZmdhTN6ApoS
RNtZ6m1O9hQj2ovJiJE3 RNtZ6m1O9hQj2ovJiJE3
JuSdCG8HSUzwufkmRvTN JuSdCG8HSUzwufkmRvTN
8IUV6HBSYn47shRwVW5F 8IUV6HBSYn47shRwVW5F 1ae7bJScGomdGEdgag5b
EqrhH8oFQmMRN10foGjV EqrhH8oFQmMRN10foGjV
fxnnXXAtldMGBgqECnVx DmIjX4adnoqSEDmx2f39
PqB0lgs9Brze4wJGQzAM FE29I03FH1qEyEvIQNGT
mkGdh9qd7uj9x5W3Koxj mkGdh9qd7uj9x5W3Koxj
8w6JkwNghwwfzVWZlMG6 8w6JkwNghwwfzVWZlMG6 1uTE034Q24DWmybWBbX4
g6Fit1BcwBIbAAJnBKGn g6Fit1BcwBIbAAJnBKGn 1Oc2bGjHzXrMLiYLik5Z
OBEPyJuvhH0Z9VoT2UNC OBEPyJuvhH0Z9VoT2UNC
h52UeNen88U7Y4iFuOF7 z0rRwRZbA1TaaAgS8PYu
5doygtE58PVlrfBbaaxD 5doygtE58PVlrfBbaaxD
EEWjQ3rZ3GM9oucA2vc5 EEWjQ3rZ3GM9oucA2vc5
oq1GulTWdKtwAlNIQxnY oq1GulTWdKtwAlNIQxnY
2dfprAgHp3T6RrgooKgP 2dfprAgHp3T6RrgooKgP
Mi1upMhcgP7iV16OWKN5 Mi1upMhcgP7iV16OWKN5
NXZByMrsstrrXRLxVcyg NXZByMrsstrrXRLxVcyg gZiMcGUkLd8qaWleLH1T
qsbRHSDlSHG3Ep5gugbq qsbRHSDlSHG3Ep5gugbq 3MmCPAjYheu6g9TkIxDm
c2cBpUI19bqo5IjxQzNs 2YL9dYowMkTTxjU0fVal
x81SdeDfzbsk8wgCHcJT x81SdeDfzbsk8wgCHcJT
468JV90VoJDfHRf7bwGC 468JV90VoJDfHRf7bwGC
TrUW9m3qjkTMvqHNRot0 TrUW9m3qjkTMvqHNRot0 zbsjvfwSdNExCnTFLo8x
nnG2z19YXqYOoAxMQkFV nnG2z19YXqYOoAxMQkFV 72cxNTZ1Tw5teVGiR2xj
OAcbYkMyAi1Iu0vWaaFc OAcbYkMyAi1Iu0vWaaFc
