Hernandezville Joelview Downsville Richardhaven Tammychester Richardhaven Downsville Williammouth Downsville Joelview Farmerside Ryanton Williamsmouth Mcdonaldmouth Williamsmouth Ryanton Farmerside Ralphtown Garciaport Charlesburgh Garciaport Ralphtown Stricklandbury Tylermouth Stricklandbury Ralphtown Farmerside Gabriellabury Murphyberg Gabriellabury Courtneyfurt Gabriellabury Farmerside Joelview Mitchellchester Lopezmouth Heathermouth Lopezview Heathermouth Lopezmouth Dixonton Keithton Dixonton Francesmouth Dixonton Lopezmouth Mitchellchester Sheabury Maysfort Sheabury Mitchellchester Joelview Hernandezville Beckyshire Derekton Wallaceville Morenoside Wallaceville Derekton Wagnerton Derekton Thomaschester Mcfarlandville Thomaschester Derekton Beckyshire Ponceville Mcculloughchester Jonestown Kellyfort Jonestown Barbarachester Jonestown Mcculloughchester Crystalchester Smithmouth Crystalchester Mcculloughchester Ponceville Bridgesville Riveramouth Martinton Riveramouth Bradshawside Riveramouth Bridgesville Esparzaberg Kristinbury Esparzaberg Thomasburgh Esparzaberg Bridgesville Dennisstad Wilsonburgh Dennisstad Bridgesville Ponceville Garymouth Camposstad Donaldstad Camposstad Garymouth Christophertown Crystaltown Christophertown Garymouth Ponceville Beckyshire Hernandezville
26
Tammychester Tammychester Rebeccaton
Williammouth Haasville
Williamsmouth Johnstonmouth
Mcdonaldmouth Mcdonaldmouth Adkinsfurt
Charlesburgh Charlesburgh Angelaview
Tylermouth Tylermouth Deanstad
Murphyberg Hendersonchester
Courtneyfurt Contrerasland Morrisbury
Heathermouth Emilymouth
Lopezview Lopezview Robertsfort
Keithton Keithton Andrewland Aprilstad
Francesmouth Francesmouth Richardville
Maysfort Huynhton
Morenoside Johnport Amberfurt
Mcfarlandville Belindamouth
Kellyfort Kellyfort Tinatown Pittsland
Barbarachester Barbarachester Jonesberg
Smithmouth Smithmouth Robertborough
Martinton Martinton Brianland Deborahfort
Bradshawside Bradshawside Wandaside
Kristinbury Kristinbury Allenberg
Thomasburgh Thomasburgh Johnsonmouth Sanchezland
Wilsonburgh Wilsonburgh Josephton Harristown
Camposstad Williamsville
Donaldstad Donaldstad Thomastown
Crystaltown Crystaltown Johnsontown
