0 23 88 64 15 33 76 130 103 186 15 194 28 185 151 42 157 45 151 128 176 83 9 6 24 46 89 147 177 131 163 178 9 52 195 199 40 192 170 176 173 44 134 62 12 5 59 97 31 140 145 124 140 74 141 21 80 154 125 3 183 182 70 155 110 156 198 10 137 158 106 196 8 17 79 56 67 96 79 107 26 65 98 47 142 51 100 169 142 180 188 98 77 150 175 120 79 149 144 159 87 12 53 20 85 1 128 179 92 61 50 34 57 4 60 54 78 14 78 34 132 119 55 123 126 94 139 23 0
75
0 0 73
23 23
88 88
64 64
15 15
33 33
76 76 84
194 72
28 28
185 38
42 42
45 45
128 19
176 35
83 83
9 9
6 6
24 24
46 46
89 89
177 29 82
52 52
40 40
170 37
44 44
62 62
12 12
5 5 41 75
59 59 32
97 97
31 31 2
140 68 86
145 66
74 74
21 21 93
80 80
3 3
183 43
70 70
156 16
10 10 71
8 8 30
17 17
79 79
56 56
67 67
96 96 27
26 26
65 65
98 98 91
47 47
142 22
51 51 13
77 77
175 11
87 87 18 95
53 53
20 20 81
85 85
1 1 58 69
179 99
92 92
61 61
50 50 7
34 34
57 57 25
4 4
60 60
54 54 49
78 78 36
14 14
55 55 90
123 39
94 94
139 48 63
