89 68 12 185 181 100 87 61 122 62 19 106 77 132 144 49 4 127 101 78 27 48 66 129 111 76 171 128 15 198 82 34 147 90 35 153 50 115 175 102 72 14 40 148 143 8 10 179 47 103 73 133 194 141 46 51 156 154 60 45 74 137 193 79 95 97 161 118 131 91 139 182 177 197 142 104 110 172 5 170 83 54 11 20 109 130 190 145 33 39 81 38 53 96 67 24 167 41 37 168 99 124 94 86 85 162 28 119 70 136 3 64 31 180 192 113 108 123 89
77
68 69
12 12
100 100
61 61
122 122
62 160
132 132 195
144 144
49 49 140
4 4
127 127 80 88
101 101 169
78 78
27 27
48 48 9
66 191
129 75
111 111
128 128
82 82
34 65
147 147
115 29
102 102 178
72 58
40 187
148 148 13
143 114
8 125
179 179
73 73
133 133
194 194
141 141
51 51
156 156
45 135
193 193
79 79 36
97 97
161 16
118 118 1
139 189
177 98
197 197
142 21 188
172 172
5 5
83 83
11 11
109 109 183
130 130
190 190
145 149
33 33 25 121
39 39
81 81
38 38
96 96
24 23
41 41
37 37
99 99 44
124 124 59
94 94 151
86 86 56 173
85 85 146
28 32
70 70
136 136
3 3
64 64 18
31 31 6 107
180 155
192 192
113 199
123 112
