fmdhlepsteinstdnkill epsteindlsfdntmkillh dnkillepsteinlshdtfm epsteinkillmsftnddlh dmepsteinfnhltkillsd fshtdepsteinmldnkill dthepsteinkillmsldfn dmdepsteinnhkilllsft epsteinfsddmthkillnl hnsdkilllftdmepstein dnfkillsepsteindtlhm hnsdkilllftdmepstein dmdepsteinnhkilllsft fshtdepsteinmldnkill dmepsteinfnhltkillsd epsteinkillmsftnddlh fkillepsteindlhdnsmt nltdmsfepsteinkilldh hnfdtmlepsteinkillds nhslfmepsteindtkilld hnfdtmlepsteinkillds nltdmsfepsteinkilldh fkillepsteindlhdnsmt slepsteinntkillhddfm lsdepsteinfmkillndth tlmsdhdnkillfepstein fmsepsteindntldhkill epsteindfhlmdnskillt fmsepsteindntldhkill tlmsdhdnkillfepstein lsdepsteinfmkillndth fkillepsteindlhdnsmt epsteinkillmsftnddlh dnkillepsteinlshdtfm killepsteinlhtfdsmdn epsteinlshkilldnfdmt flepsteindndhmtkills killdmnsfhldepsteint hkilldfepsteinmdlnts fdshnmkillepsteinltd killnsfmhdepsteindtl epsteinskilldlndhmtf lthfkilldnsmepsteind hepsteinsddnfkillmlt ddtmkillepsteinflsnh hepsteinsddnfkillmlt lthfkilldnsmepsteind epsteinskilldlndhmtf sltepsteinkillndmdfh ftmnsldepsteinkillhd sltepsteinkillndmdfh epsteinskilldlndhmtf killnsfmhdepsteindtl tmsfnkillldhepsteind killhddfntepsteinlms tmsfnkillldhepsteind killnsfmhdepsteindtl fthddnmlepsteinkills killnsfmhdepsteindtl fdshnmkillepsteinltd hkilldfepsteinmdlnts hepsteinnfdmtslkilld shmlepsteinkilldfntd tepsteinddfnlkillhms nfmdkillhdlepsteinst shmlepsteinkilldfntd hepsteinnfdmtslkilld hkilldfepsteinmdlnts killdmnsfhldepsteint dfslntkillmepsteindh killdmnsfhldepsteint flepsteindndhmtkills epsteinlshkilldnfdmt killepsteinlhtfdsmdn dnkillepsteinlshdtfm ddlmnftepsteinhskill dnkillepsteinlshdtfm epsteindlsfdntmkillh fmdhlepsteinstdnkill lkilltndepsteindsmfh tmsdnfdlkillhepstein lkilltndepsteindsmfh fmdhlepsteinstdnkill nhmkilllsftepsteindd ddepsteinhltfkillsmn nmlfshtdkillepsteind nhkillepsteindmdlsft nepsteinlmdkilldhfts ntlepsteindmfdshkill dfdkillepsteinslmhnt lhsepsteindtdnmkillf dfdkillepsteinslmhnt ntlepsteindmfdshkill nepsteinlmdkilldhfts epsteinkillnmsdhtdlf fkillepsteinmldnhstd depsteinnlsfmhtkilld fkillepsteinmldnhstd epsteinkillnmsdhtdlf nepsteinlmdkilldhfts nhkillepsteindmdlsft sldnhepsteindftkillm nfdhkilllsmtepsteind dfkilllmtepsteinhdsn tdfepsteinnlhdkillsm epsteinmhndfkilltdls hsdlepsteinmnkilldft hsndepsteindlmtkillf hsdlepsteinmnkilldft epsteinmhndfkilltdls tdfepsteinnlhdkillsm dfkilllmtepsteinhdsn nfdhkilllsmtepsteind sldnhepsteindftkillm nhkillepsteindmdlsft nmlfshtdkillepsteind ddepsteinhltfkillsmn nhmkilllsftepsteindd fmdhlepsteinstdnkill
40
epsteindlsfdntmkillh epsteindlsfdntmkillh
dnkillepsteinlshdtfm dnkillepsteinlshdtfm lmhdtfdepsteinnkills
epsteinkillmsftnddlh epsteinkillmsftnddlh
dmepsteinfnhltkillsd dmepsteinfnhltkillsd
fshtdepsteinmldnkill fshtdepsteinmldnkill
epsteinfsddmthkillnl dhepsteindsnlkillfmt tlsfdmdepsteinnhkill
hnsdkilllftdmepstein hnsdkilllftdmepstein
fkillepsteindlhdnsmt stepsteinhkillfmnldd
nltdmsfepsteinkilldh nltdmsfepsteinkilldh
hnfdtmlepsteinkillds hnfdtmlepsteinkillds
slepsteinntkillhddfm ndkillftdsmepsteinlh
lsdepsteinfmkillndth lsdepsteinfmkillndth
tlmsdhdnkillfepstein tlmsdhdnkillfepstein
fmsepsteindntldhkill fmsepsteindntldhkill
epsteindfhlmdnskillt epsteindfhlmdnskillt dlnsthfmepsteinkilld
killepsteinlhtfdsmdn killepsteinlhtfdsmdn dhkilllsepsteinmntdf
epsteinlshkilldnfdmt epsteinlshkilldnfdmt
flepsteindndhmtkills flepsteindndhmtkills
killdmnsfhldepsteint killdmnsfhldepsteint
fdshnmkillepsteinltd fdshnmkillepsteinltd
killnsfmhdepsteindtl killnsfmhdepsteindtl
epsteinskilldlndhmtf epsteinskilldlndhmtf
hepsteinsddnfkillmlt hepsteinsddnfkillmlt nkilltdhlmdepsteinsf
ddtmkillepsteinflsnh ddtmkillepsteinflsnh
ftmnsldepsteinkillhd hsdfepsteintlnkilldm
killhddfntepsteinlms tmlepsteinsdnfkillhd
fthddnmlepsteinkills msfltdkillnepsteinhd
nfmdkillhdlepsteinst hdepsteinskillldtnfm
dfslntkillmepsteindh epsteintdkilllnfdhms
ddlmnftepsteinhskill ddlmnftepsteinhskill fepsteinhsntddkilllm
tmsdnfdlkillhepstein lhepsteinkilldtnmfsd mftkillepsteinndlhsd
nhmkilllsftepsteindd nhmkilllsftepsteindd
nepsteinlmdkilldhfts nepsteinlmdkilldhfts
ntlepsteindmfdshkill ntlepsteindmfdshkill killmlepsteindthnfsd
lhsepsteindtdnmkillf fhndskillepsteintldm lnsmkilltfdepsteindh
depsteinnlsfmhtkilld depsteinnlsfmhtkilld
nfdhkilllsmtepsteind nfdhkilllsmtepsteind
dfkilllmtepsteinhdsn dfkilllmtepsteinhdsn
epsteinmhndfkilltdls epsteinmhndfkilltdls
hsndepsteindlmtkillf hsndepsteindlmtkillf lndsdkilltmepsteinhf
