tepsteinfdkilldlmhns hdkillfmtslndepstein slepsteinftndkillmdh htskillepsteindnlfdm sltkillfndepsteinmhd ndlmhepsteintdskillf tmhsnfepsteinldkilld fhntdkillmepsteinsld tmhsnfepsteinldkilld ndlmhepsteintdskillf htskillepsteindnlfdm slepsteinftndkillmdh thmepsteinlkillfsndd mfskillnhlddtepstein dhlepsteindkillsmtnf lepsteinfdkillsdnmht dhlepsteindkillsmtnf killepsteintdldshfnm thsfnmkilldlepsteind hdepsteinsmdtnflkill fnlskillhtepsteindmd thsfnmkilldlepsteind ndlepsteinhdtskillfm ldnmepsteinhfstdkill nmhdkilltslepsteinfd hldmepsteindsnkilltf nmhdkilltslepsteinfd ldnmepsteinhfstdkill hfskillnepsteinldtdm dfnlmskillthepsteind hfskillnepsteinldtdm ldnmepsteinhfstdkill ndlepsteinhdtskillfm thsfnmkilldlepsteind killepsteintdldshfnm dtepsteindnhmskillfl fnmhskilldepsteinltd msnepsteinfkillhtdld snldmtkillfepsteindh epsteinthsdmndkillfl snldmtkillfepsteindh msnepsteinfkillhtdld fnmhskilldepsteinltd dtepsteindnhmskillfl killepsteintdldshfnm dhlepsteindkillsmtnf mfskillnhlddtepstein thmepsteinlkillfsndd slepsteinftndkillmdh hdkillfmtslndepstein tepsteinfdkilldlmhns
20
slepsteinftndkillmdh epsteinsdfmhltkillnd
htskillepsteindnlfdm htskillepsteindnlfdm
ndlmhepsteintdskillf ndlmhepsteintdskillf
tmhsnfepsteinldkilld tmhsnfepsteinldkilld
thmepsteinlkillfsndd thmepsteinlkillfsndd
mfskillnhlddtepstein epsteindsmnlfdtkillh
dhlepsteindkillsmtnf dhlepsteindkillsmtnf
lepsteinfdkillsdnmht lepsteinfdkillsdnmht nfdhepsteinltsdmkill
killepsteintdldshfnm killepsteintdldshfnm nlhtdsdepsteinfmkill
thsfnmkilldlepsteind tskillepsteinhfmddnl
hdepsteinsmdtnflkill hdepsteinsmdtnflkill
fnlskillhtepsteindmd fnlskillhtepsteindmd
ndlepsteinhdtskillfm ndlepsteinhdtskillfm
ldnmepsteinhfstdkill hepsteinnfstkilllmdd skilldnmlhdftepstein
hldmepsteindsnkilltf hldmepsteindsnkilltf
hfskillnepsteinldtdm killnfhdsdltepsteinm
fnmhskilldepsteinltd fnmhskilldepsteinltd
msnepsteinfkillhtdld msnepsteinfkillhtdld hkillmepsteinstdfdnl
snldmtkillfepsteindh snldmtkillfepsteindh
epsteinthsdmndkillfl epsteinthsdmndkillfl nkillsdtdhfmlepstein
