60 00 01 02 13 24 15 06 05 04 05 06 15 24 23 22 32 22 23 24 25 35 27 18 19 09 08 07 08 09 19 29 28 38 37 36 46 36 37 38 48 38 28 29 18 27 35 25 24 34 33 34 24 13 02 01 00 10 20 21 20 30 41 30 20 10 00 60 62 54 53 50 51 53 56 58 56 53 54 63 72 73 85 74 75 76 77 78 77 76 75 74 86 87 86 73 72 84 72 63 90 91 92 93 94 98 96 98 94 93 92 91 90 63 54 62 70 69 70 71 70 62 60
22
60 60
24 31
06 06
25 26
37 37
48 48
54 54 59
53 53
50 50
56 56 66
63 64 65
85 85
76 80 81
78 78 79 83
86 86
87 89
84 88
91 91
92 97
96 96
69 69 67
71 68
