start loc1 loc2 loc14 loc23 loc14 loc15 loc24 loc15 loc2 loc1 loc4 loc5 loc6 loc7 loc8 loc9 loc10 loc11 loc10 loc19 loc20 loc10 loc9 loc18 loc9 loc8 loc7 loc6 loc5 loc22 loc5 loc12 loc21 loc13 loc4 loc1 loc16 loc1 start loc17 start loc25 start
19
loc1 home1
loc14 home4
loc23 home14 home15
loc15 home5
loc24 home16
loc4 home2 home19
loc5 home12
loc8 home11
loc11 home9
loc19 home6 home23 home24
loc20 home22
loc18 home7
loc22 home13
loc12 home20
loc21 home3
loc13 home21
loc16 home8
loc17 home10
loc25 home17 home18
