BatonRouge Bellevue Bloomington Brownsville AnnArbor Birmingham Bridgeport Buffalo Bellevue Bradenton Burbank Asheville Baltimore AppleValley Atlanta Bremerton Abilene Athens Austin Alexandria Arvada Alexandria Austin Bremerton Albuquerque Allentown Appleton Aurora Aberdeen BoiseCity Aberdeen BonitaSprings Aurora Akron Augusta BelAir Bellevue BatonRouge
18
BatonRouge BatonRouge
Bellevue Anchorage
AnnArbor AnnArbor
Birmingham Birmingham Bryan
Bridgeport Beaumont
Buffalo Buffalo AtlanticCity
Bradenton Bradenton Cambridge
Burbank Burbank
Baltimore Barnstable
Atlanta Atlanta Berkeley
Abilene Abilene
Arvada Arvada
Albuquerque Albuquerque Boston Boulder
Aurora Aurora
Aberdeen Aberdeen
BoiseCity BoiseCity
BonitaSprings Amarillo
Augusta Albany Bethlehem
