location34 location59 location48 location59 location89 location3 location89 location118 location87 location118 location89 location59 location98 location19 location126 location88 location126 location19 location98 location59 location138 location59 location186 location33 location113 location0 location113 location116 location5 location181 location168 location79 location9 location26 location9 location79 location13 location79 location75 location14 location75 location32 location81 location134 location63 location44 location193 location61 location149 location91 location149 location183 location42 location1 location175 location99 location97 location41 location97 location157 location97 location189 location93 location102 location93 location189 location97 location194 location97 location99 location123 location95 location123 location140 location179 location72 location179 location123 location99 location175 location1 location42 location183 location74 location183 location149 location61 location193 location44 location63 location199 location83 location151 location165 location40 location30 location163 location4 location23 location31 location23 location4 location163 location56 location163 location30 location40 location197 location40 location165 location155 location165 location156 location165 location185 location165 location151 location83 location199 location134 location92 location53 location177 location28 location177 location53 location92 location114 location60 location36 location60 location114 location92 location182 location52 location182 location92 location196 location90 location196 location92 location81 location32 location104 location76 location111 location76 location104 location128 location46 location128 location188 location143 location188 location128 location104 location130 location51 location130 location104 location32 location109 location144 location109 location32 location75 location153 location137 location174 location137 location153 location184 location71 location184 location153 location75 location79 location147 location79 location180 location79 location168 location181 location5 location116 location77 location116 location103 location116 location161 location116 location113 location142 location158 location142 location113 location33 location159 location135 location55 location135 location159 location33 location59 location34
64
location34 location34
location59 location59 location167
location89 location89 location176
location3 location3
location98 location98
location126 location21 location139
location88 location88 location15
location0 location0
location181 location181
location79 location79 location6 location64 location96 location119
location9 location9
location14 location47
location134 location134
location63 location11 location54 location172
location149 location149
location91 location91
location175 location175 location105
location99 location99
location41 location38
location157 location157
location189 location189
location194 location194
location123 location115 location121
location95 location131
location140 location140
location72 location72 location136
location199 location199
location151 location151
location30 location192
location163 location163
location4 location17
location23 location23 location27
location197 location197
location155 location155 location125 location162
location156 location107
location185 location37
location92 location92 location170
location177 location177 location68 location187
location28 location28
location114 location114
location60 location60
location52 location52
location90 location90 location2
location76 location76
location111 location111
location46 location46
location188 location188 location12 location24
location143 location143
location130 location130
location109 location109
location144 location144 location45
location137 location137
location174 location174
location71 location71 location132
location147 location117
location180 location180 location164
location77 location86
location103 location103
location161 location161 location122
location142 location142 location120
location158 location158 location39
location159 location159
location135 location135
location55 location55
