COM SGS SLB ROU HRV ROU SLB SGS SHN CHN COD CHN SHN SGS NZL CUW CUB MYT BRA MYT CUB CUW NZL SGS MUS DJI MUS SGS LBR NCL EST GIB GHA GEO GBR FRA GGY FRA ESH GBR GHA GIB EST NCL LBR LBY QAT SGP RUS PYF RUS BLZ BOL BIH BOL BHR BOL BES BHS BES BLZ RUS SGP QAT ALB AND ALB QAT LBY LBR SGS COM REU SDN MEX POL PNG PLW NIU PER PSE MLT CRI PRT CRI KGZ LAO SEN LUX NIC ATF NIC LUX LAO GTM GNB GTM LAO KNA CHE KNA CRI CAF BVT CRI MLT PSE PER PRI PCN GMB NGA NFK JEY NGA FSM FIN GAB ETH GAB FIN FSM NGA GMB PCN PRI PER NIU CZE DEU CZE CYM CZE NIU PLW POL PHL POL MNE OMN MNE POL MEX MLI MCO SAU DOM DZA MYS IRN IRQ IRN MYS DZA DOM SAU MCO MLI CPV MHL CPV LIE LTU LIE CPV COK HND COK CPV MEX SDN REU GLP REU COM NER COM MDG MWI MDG MKD HUN PAK GNQ PAK HUN LVA HUN CHL JPN HUN MKD MDG IDN SJM IDN MMR NPL PRY NPL MMR IDN HKG HTI CAN IDN MDG COM
74
SGS SGS KHM
HRV HRV
SHN SHN
CHN CHN
COD COD COG
NZL NZL
MYT MYT
DJI DJI DMA
LBR LBR
GIB GIB
GHA GHA
GEO GEO ESP
GBR GBR
FRA FRA
ESH ESH ECU
RUS RUS
PYF HMD
BLZ BLM BEN
BOL BMU
BIH AZE
BHR BHR BDI
BHS BHS
ALB ALB
AND ARM
REU REU AFG
SDN SDN
MEX MEX
POL POL ARE
PNG PNG
NIU NIU
PSE PSE
PRT ATG
LAO LAO
LUX LUX
NIC NIC IRL AUS ABW
GNB KWT
KNA KNA
CAF CAF NRU CIV
BVT LKA
PCN PAN
GMB GMB
NFK NFK ALA
JEY JEY
FSM FSM GIN
FIN FIN
GAB GAB
ETH EGY
DEU DEU CXR
CYM CYP
MLI MLI
DZA DZA
IRN IRN
IRQ IOT
CPV CPV RWA
MHL MAC
LIE LIE
LTU LTU
COK COK
HND HND MAR GRC
GLP MDA
NER NER MTQ
MWI ITA
HUN HUN
PAK PAK
GNQ GNQ
LVA KOR
JPN JPN LBN
IDN IDN COL
MMR MMR
NPL NPL
PRY PRY MOZ
HKG HKG KAZ
HTI HTI GUM
CAN CAN
