DZA AGO GNB HND DMA ATA ASM CYP CYM CXR DEU CRI DEU CYP CHN CAF CHN CYP ASM ATA DMA HND GNB GLP GRL GLP BGR BHR BGR BDI BMU BHS DOM CUW DNK ARE ALB ARE DNK CUW DOM BHS BRB CAN GMB CAN COD BRN COD CAN CIV CAN BRB BHS BRA GRC GUY GUM GRD GTM HMD ALA HMD GUY EST ETH GGY GIB FSM EGY ESH GBR FRA ECU FIN GAB ESP FIN AFG FIN EST GUY AUT GRC BRA BLM BES BLR CCK CMR BWA BLR BOL BLR BES BLM BHS BMU BDI BGR GLP GNB AGO DZA
39
HND HND GEO
DMA DJI
ATA ATA
ASM ATF
CYM CYM CZE
CXR CXR
CAF CAF BVT
GLP GLP
GRL HKG
BDI BDI
BHS BHS
DOM DOM AUS
CUW CUW
DNK DNK
ARE ARE
ALB ALB ARG
BRB BRB
CAN CAN
COD COD
BRN BRN
CIV CHE
GRC GRC
GUY CUB
GRD GRD GNQ
GTM COG
HMD HMD
GGY ERI
FSM FSM GHA
GBR GBR
FRA FRA FRO
ECU ECU
FIN FIN FLK
ESP AND
AFG ABW
BLM BLM BFA
BES BES
BLR BLR BEN
CCK CCK
BOL BGD
