Soda 173 194 67 115 135 56 35 170 33 24 142 136 137 136 187 89 146 66 127 26 20 150 106 123 53 155 128 16 140 188 155 134 129 100 105 32 120 195 30 105 100 132 157 29 13 166 160 52 64 191 146 138 12 102 21 162 11 19 37 38 148 181 99 18 82 70 183 8 156 186 125 80 5 57 114 131 175 17 116 46 169 83 88 118 71 72 77 139 198 159 174 28 113 11 199 167 163 178 168 153 69 193 25 10 74 40 161 151 43 85 84 47 63 141 95 130 104 153 196 109 147 44 194 108 133 68 Soda
70
67 67
56 56
35 35
33 33
24 24
136 27
89 89 54
66 66 55
26 26
20 20
150 93
53 53
16 16
100 100 98
32 32 34
30 30
29 29
13 13 4 7
166 62 91
52 52 41 75
64 64 86
191 65
138 94
12 12
21 21 79
11 11
19 19 61
37 37 6 42
38 38
148 31 97
181 92
99 99
18 18
82 82
70 70
8 8
156 45
186 73
80 80 22
5 5 90 101
57 57
114 76
131 87
17 17
116 2 96
46 46 15
83 83
88 88
118 39
71 71
72 72 14 81
77 77 49
28 28 9
167 50
178 78
69 69 59
25 25
10 10
74 74
40 40 51
43 43 60
85 85 36
84 84 23
47 47
63 63
95 95
147 48
44 44
108 3
68 68 58
