Rhode Life University Kentucky Olympia Senior Cheyenne Harrisburg Wurster Lawrence Annapolis McCone Davis South Campanile Kleeberger Kroeber Botanical Cory Moses Genetics Cleary Warren Greenhouse CNMAT Clark Columbia Morgan Durham Doe Soda Faculty BART Optometry Wyoming Richmond Simon Boalt Maryland Bismarck Bowles California Iowa Krutch Heating Energy Martinez Golden West Denver Hesse Trenton Giannini Morrison Alabama Goldman Ishi Concord Cyclotron Recreational Wickson Alaska Rhode
49
Rhode Rhode
Life Life
University University Donner
Kentucky Kentucky Hellman Michigan Silver Grinnell
Olympia Olympia McEnerney
Cheyenne Cheyenne East
Harrisburg Harrisburg
Lawrence Valley Martin
Annapolis Annapolis
Davis Berkeley
Campanile Campanile Baton Nevada Simpson Oregon LeConte Santa Birge Chou
Kroeber Austin Lansing
Cory Cory
Moses Moses
Cleary Cleary Blackwell Hawaii Bancroft
Warren Warren
Greenhouse Jefferson Observatory McLaughlin Hearst
CNMAT CNMAT
Clark Clark
Columbia Columbia Tang Utah Edwards Jones
Morgan Mulford
Durham Durham Foothill
Doe Madison
Faculty Police
BART BART Montana
Optometry Class Salt Mathematical Lower Tennessee Maxwell Hertz
Wyoming Insectary International
Richmond Richmond Providence
Simon Simon Illinois
Boalt Boalt Sproul
Maryland Maryland Topeka
Bismarck Nashville
Bowles Bowles Chvez
California Florida Columbus Hargrove
Iowa Brain
Krutch Krutch
Heating Heating Etcheverry Hartford
Energy Energy Pennsylvania
Golden Little Minnesota
West West Montgomery
Denver Wisconsin
Trenton Trenton
Giannini Barrows
Morrison Morrison Moffitt Haste
Alabama Jacobs
Goldman Mississippi Durant
Concord Concord
Recreational Stadium
Wickson Springer
