LeonieHill ChangiPoint SungeiKadut KampongUbi WoodlandsSouth Gombak ConeyIsland CompassvaleTrafalgar Changi CompassvaleTrafalgar ConeyIsland Gombak WoodlandsSouth HougangCentral Outram MonksHill PasirRisCentralTown KampongGlam ClarkeQuay SungeiRoad KallangWay AnchorvaleBuangkok YioChuKang MandaiWest AnchorvaleBuangkok KallangWay SungeiRoad Novena Clementi Victoria LiuFang Lavender Victoria Clementi Novena YioChuKangWest Novena SingaporePolytechnic Novena TampinesWest PasirRisWestElias LoyangWest Mandai PasirRisWestElias ChoaChuKangCentral PasirRisWestElias SembawangSprings PasirRisPark Sentosa Rochor NatureReserve Rochor Sentosa PasirRisPark SembawangSprings SungeiRoad Semakau Frankel Cecil PasirPanjang2 TanjongRhu GeylangBahru Springleaf GeylangBahru TanjongRhu PasirPanjang2 TheWharves Cecil Pandan Woodgrove YishunCentral ClementiCentral WaterwayEast GreenwoodPark Trafalgar Seletar ChangiBay Yishun ChangiBay PeoplesPark TanglinHalt MandaiEstate ChangiBay Seletar WaterwayEast PasirRisCentralTown BishanEast PasirRisCentralTown MonksHill Outram KampongUbi Shipyard NeeSoon OrangeGrove DefuIndustrialPark OrangeGrove NeeSoon Shipyard KampongUbi SungeiKadut ChangiPoint LeonieHill
41
SungeiKadut SungeiKadut
ConeyIsland ConeyIsland
Changi Ridout
HougangCentral JurongWestCentral
Outram Outram Sennett
MonksHill MonksHill
KampongGlam KampongGlam
SungeiRoad SungeiRoad
KallangWay KallangWay
AnchorvaleBuangkok AnchorvaleBuangkok
YioChuKang YioChuKang Boulevard
MandaiWest MandaiWest NorthCoast
Novena Novena
Victoria Victoria
Lavender SerangoonGarden
SingaporePolytechnic SingaporePolytechnic
TampinesWest TampinesWest YuhuaWestBoonLay
Mandai BukitBatokCentral
ChoaChuKangCentral ChoaChuKangCentral LoyangEast
SembawangSprings SembawangSprings
Sentosa Sentosa
NatureReserve Kranji
Semakau Semakau
Frankel FarrerPark
PasirPanjang2 PasirPanjang2
GeylangBahru AirportRoad
Springleaf Springleaf
TheWharves Townsville
Woodgrove Woodgrove
YishunCentral PunggolTownCentre
ClementiCentral ClementiCentral ChangiWest
GreenwoodPark GreenwoodPark Guilin
Trafalgar Trafalgar
Yishun Yishun Phillip
TanglinHalt TanglinHalt
MandaiEstate TuasBay
BishanEast BishanEast
Shipyard Shipyard
NeeSoon NeeSoon
OrangeGrove OrangeGrove
DefuIndustrialPark DefuIndustrialPark Tyersall
