J6 C4 C5 G8 H3 B8 A6 I9 B0 D6 A6 G0 E0 I5 G6 I5 B8 H3 G4 J8 H0 E8 D0 F9 A5 A1 A7 C3 A5 D1 H6 H8 H7 B2 E4 G1 H7 B4 J3 D7 D3 D7 J3 I4 F4 E6 E7 A9 A8 A9 H2 E6 J1 J4 F6 H9 A2 D9 B1 H5 C9 I3 I0 J7 I3 C9 H5 H4 I2 H5 A5 G3 C8 F3 C8 G3 A5 F9 J5 F9 J6
38
J6 J6 I7
C4 C4
G8 G8
H3 H3
B8 F8
B0 B0
D6 D6 F0
G0 G0
E0 E0
I5 J9
G6 G6
J8 J8 B9
H0 H0
D0 D0 B3
F9 F9
A5 A5
A7 A7
C3 C3 C6
H8 H8
H7 H7
E4 E4 F5
G1 C1
I4 G9
E6 B7
A9 A9
A8 A8
H2 H2 B6
J4 J4 E2
A2 A2 D8
B1 E1 F7
H5 H5
C9 C9
I3 I3
J7 J7 C2
H4 H4
I2 A0
F3 F3
J5 J5 B5
