Qwilfish Tropius Drapion Taillow Drapion Vullaby Jumpluff Vullaby Drapion Tropius Shellos Xerneas Shellos Tropius Qwilfish Drampa Phanpy Skiddo Noibat Simisear Sandile Meloetta Inkay Meloetta Sandile Metapod Weezing Metapod Sandile Simisear Slowbro Nincada Slowbro Simisear Noibat Terrakion Politoed Tornadus Kakuna Tornadus Politoed Dewpider Whismur Dewpider Politoed Terrakion Metang Crawdaunt Metang Terrakion Scatterbug Tsareena Scatterbug Terrakion Noibat Honedge Noibat Skiddo Skorupi Munna Skorupi Magnemite Skorupi Skiddo Phanpy Magmar Volcarona Magmar Wartortle Zekrom Wartortle Magmar Phanpy Lotad Amoonguss Lotad Phanpy Drampa Froakie Drampa Gengar Drampa Qwilfish
42
Qwilfish Qwilfish
Tropius Tropius
Drapion Drapion
Taillow Taillow Paras
Vullaby Vullaby
Jumpluff Jumpluff Plusle
Shellos Shellos
Xerneas Xerneas Wailord
Drampa Drampa
Phanpy Phanpy
Skiddo Skiddo
Noibat Noibat
Simisear Simisear
Sandile Sandile
Meloetta Meloetta Porygon2
Inkay Inkay Vespiquen
Metapod Metapod
Weezing Weezing Escavalier
Slowbro Slowbro
Nincada Nincada Comfey Seaking
Terrakion Terrakion
Politoed Politoed
Tornadus Tornadus
Kakuna Kakuna Treecko Lumineon
Dewpider Dewpider
Whismur Whismur Bastiodon
Metang Metang Slurpuff
Crawdaunt Crawdaunt Woobat
Scatterbug Scatterbug
Tsareena Tsareena Shellder
Honedge Honedge Weepinbell
Skorupi Skorupi
Munna Munna Swadloon
Magnemite Magnemite Yungoos
Magmar Magmar
Volcarona Volcarona Steenee
Wartortle Wartortle
Zekrom Zekrom Conkeldurr
Lotad Lotad
Amoonguss Amoonguss Stufful
Froakie Froakie Bounsweet
Gengar Gengar Tauros
