Latias Toxicroak Corsola Dartrix Zorua Wurmple Exeggutor Relicanth Aggron Voltorb Petilil Luvdisc Darumaka Infernape Noivern Vibrava Primeape Gengar Raticate Unown Charmeleon Duskull Yanma Delphox Gible Marshtomp Frogadier Latias
19
Latias Shelgon
Toxicroak Toxicroak
Dartrix Dartrix Keldeo
Wurmple Wurmple Bounsweet
Exeggutor Exeggutor
Relicanth Relicanth
Aggron Elgyem
Petilil Petilil
Luvdisc Luvdisc
Darumaka Staryu
Infernape Infernape Scolipede
Noivern Noivern Palkia Talonflame
Vibrava Vibrava
Primeape Primeape
Gengar Reshiram
Raticate Raticate
Unown Magearna
Charmeleon Charmeleon Golisopod
Gible Jigglypuff
