Burlington Honolulu Aribel Burlington Independence Greensboro Hialeah Chicago Independence Naperville Independence Burlington Killeen Prairie Burlington Brighton Downey Buffalo Corona Julian Davenport Julian Cedar Columbus Barnstable Amarillo Hayward Elkhart Hayward Hampton Clarke Miramar Cambridge ElMonte Denver Frederick Chattanooga Plen Chattanooga Frederick Burlington
20
Honolulu Honolulu
Independence Independence
Chicago Chicago Louisville
Naperville Naperville
Killeen Killeen
Prairie Prairie
Buffalo Buffalo
Julian McAllen
Davenport Davenport Merced
Cedar Cedar
Columbus Columbus
Amarillo Amarillo
Hayward Hayward
Hampton Hampton Myrtle
Clarke Clarke
Miramar Miramar Bridgeport
Cambridge Cambridge
Denver Denver Rapids
Chattanooga Chattanooga
Plen Greenville
