Soda ResidenceHalls LowerSproulPlaza AlumniHouse HaasPavilion CheitHall BlumHall GiauqueHall BlackwellHall GayleyRd KroeberHall FacultyClub EvansDiamond BarrowLane BarrowsHall MinorHall DonnerLab ChanShunAuditorium MinorHallAddition GoldmanField Cory LevineFrickeField EdwardsStadium BanwayBldg KoshlandHall BerkeleyWayWest ClearyHall EvansHall LeConteHall PoliceUC EyeCenter BerkeleyArtMuseum AnthonyHall GilmanHall HilgardHall LewisHall BancroftLibrary BoaltHall CalvinLaboratory ClarkKerrCampus McConeHall CampbellHall MLK BowlesHall HertzHall EtcheverryHall DavisHall GianniniHall HearstFieldAnnex ObservatoryHill RSF HavilandHall NorthField IshiCourt CareerCenter Insectary GoldmanPlaza Soda
32
AlumniHouse AlumniHouse
CheitHall CheitHall
BlumHall BlumHall BirgeHall
BlackwellHall BlackwellHall
EvansDiamond EvansDiamond
BarrowLane BarrowLane
BarrowsHall BarrowsHall BARTStation
DonnerLab DonnerLab
ChanShunAuditorium ChanShunAuditorium
Cory Cory
EdwardsStadium EdwardsStadium CaliforniaHall
BanwayBldg BanwayBldg
BerkeleyWayWest BerkeleyWayWest BrainImagingCenter
EvansHall BotanicalGarden
EyeCenter CyclotronRd
BerkeleyArtMuseum BerkeleyArtMuseum
AnthonyHall AnthonyHall Campanile ChouHall
GilmanHall EastGate
BancroftLibrary BancroftLibrary
BoaltHall BoaltHall
CalvinLaboratory CalvinLaboratory
ClarkKerrCampus ClarkKerrCampus
CampbellHall CampbellHall EastAsianLibrary
HertzHall CNMAT
EtcheverryHall EtcheverryHall
DavisHall DavisHall
HearstFieldAnnex DurantHall
ObservatoryHill EshlemanHall
HavilandHall DoeMemorialLibrary
IshiCourt BarkerHall
CareerCenter CareerCenter VLSB
Insectary Dwinelle
