Fizz Earthshaker Anivia Beastmaster Orianna Nunu Razor Kassadin NaturesProphet Syndra CentaurWarrunner ShadowDemon Hecarim Volibear Pantheon DeathProphet Magnus LeBlanc Kled Maokai Chen Malzahar Xayah Tailyah Malzahar ChaosKnight Io Spectre Ashe TreantProtector Ziggs Darius Bane Huskar Warlock Undying Beastmaster FacelessVoid Thresh Jayce Sona DrowRanger Tusk Zeus PhantomAssassin Ezreal Necrophos Karma Weaver Udyr Lina Janna Xerath Elise DrMundo Quinn Katarina Nidalee Kennen Gragas Slark Malphite Vi Bard LoneDruid Medusa BountyHunter Fiddlesticks Camille Wukong Mirana Jakiro KhaZix Nautilus Veigar Morphling Dazzle Akali Tidehunter Silencer Twitch Windranger Soraka WinterWyvern Soraka Sven Soraka Zed Meepo ShadowShaman SkywrathMage Cassiopeia SpiritBreaker CrystalMaiden Sniper Oracle Brand Annie Heimerdinger Doom Tryndamere Rumble Phoenix Venomancer EmberSpirit Lifestealer Ivern ArcWarden Sivir TwistedFate Teemo Rengar Shen Tiny Pudge Vi Kayn Irelia Leshrac Fizz
73
Fizz Fizz
Anivia Rubick
Beastmaster Beastmaster
Orianna Orianna
Nunu Nunu Jinx
Kassadin Kassadin
Syndra Syndra
CentaurWarrunner CentaurWarrunner
ShadowDemon ShadowDemon
Hecarim TahmKench
Pantheon Pantheon
DeathProphet DeathProphet Timbersaw
Magnus Magnus
LeBlanc LeBlanc ShadowFiend
Kled Kled
Chen Chen
Malzahar Terrorblade Visage
Xayah Xayah
Tailyah VelKoz
Io StormSpirit
Ziggs Ziggs
Darius Tristana
Bane Bane
Huskar Huskar
Warlock Warlock Viktor
Undying Undying
FacelessVoid FacelessVoid
Thresh Thresh
Jayce Jayce
Sona Sona
Zeus Ekko
Necrophos Talon
Karma Karma
Weaver Weaver
Janna Janna JarvanIV
Xerath TrollWarlord
Elise Techies
Quinn Quinn NightStalker
Katarina Katarina
Nidalee Nidalee
Kennen Kennen Vladimir
Gragas Gragas
Slark Slark Yorick Trundle
Vi Vi
LoneDruid LoneDruid Zilean
Medusa Medusa
BountyHunter BountyHunter
Fiddlesticks Fiddlesticks
Mirana Mirana
KhaZix KhaZix
Morphling Morphling
Silencer Nasus
Soraka Amumu
WinterWyvern WinterWyvern Omniknight
Sven Sven Slardar
Zed Zed
ShadowShaman ShadowShaman
Cassiopeia Cassiopeia Lucian
SpiritBreaker SpiritBreaker
Sniper Sniper
Oracle Oracle
Brand Leona
Annie Annie
Heimerdinger Heimerdinger Azir
Rumble Rumble
Venomancer Venomancer
Lifestealer Brewmaster
Rengar Rengar
Shen Singed
Tiny Tiny
Pudge Puck
Kayn Kayn
Irelia Irelia Ryze
