Pantheon Ahri ArcWarden Spectre Kayn Skarner Jhin Kalista Jayce Shyvana Renekton Magnus Windranger Lucian Undying Thresh Weaver LoneDruid Nautilus Nunu Ezreal Sona Rammus Disruptor KogMaw Rammus Chen SkywrathMage ChaosKnight SpiritBreaker Draven Bristleback Razor Lich Ekko Ziggs Akali Heimerdinger CentaurWarrunner Galio Phoenix Jax WraithKing Viper Cassiopeia Bane Talon LegionCommander BountyHunter NaturesProphet Sejuani Pantheon
34
Ahri Ahri
ArcWarden ArcWarden
Spectre Spectre
Skarner Skarner Bard
Jhin Jhin Kled Lux
Jayce Jayce
Shyvana Shyvana Ashe
Magnus Magnus
Lucian Lucian
Undying Morgana Anivia
Thresh Tiny
LoneDruid LoneDruid Oracle
Nunu Nunu MasterYi
Ezreal Ezreal
Sona Malphite
Disruptor Disruptor
KogMaw KogMaw CrystalMaiden
ChaosKnight ChaosKnight Xerath
SpiritBreaker SpiritBreaker Rumble
Draven Draven Jinx
Bristleback Bristleback Tailyah Maokai
Lich Lich
Ziggs Ziggs
Akali Akali
Heimerdinger Heimerdinger
CentaurWarrunner CentaurWarrunner
Galio Galio
Phoenix Phoenix
Jax Jax
WraithKing WraithKing
Bane TrollWarlord
Talon Talon NightStalker
BountyHunter BountyHunter
Sejuani Slark
