6 2 6 3 1 4 0 5 6 11 15 13 14 16 19 12 10 11 24 20 21 27 22 28 26 24 30 31 37 35 33 32 38 30 42 40 44 48 49 40 42 55 51 50 54 58 57 55 67 66 60 64 65 64 68 62 67 73 74 78 72 79 75 77 73 80 81 87 82 80 96 90 92 94 96 103 105 101 102 107 100 103 111 114 112 115 112 117 110 111 124 126 123 129 128 121 120 125 124 133 139 130 137 138 130 134 133 143 146 147 140 145 147 146 143 158 150 151 150 153 159 158 168 164 162 160 167 161 165 168 172 176 170 174 175 176 172 177 172 189 180 186 184 181 180 189 172 168 158 143 133 124 111 103 96 80 73 67 55 42 30 24 11 6 199 192 190 198 197 198 199 6
76
2 7
1 1
4 4
0 0 8
15 15
14 14
19 19
10 10 18
20 20
21 21
26 26 23
31 31
38 38 36 39
40 40 41
48 48
49 46
51 51 59
50 50
57 57
67 69
60 60
65 65
62 62 63
74 74
78 78
79 79
75 75
77 77
80 85
81 81
87 87
82 88
90 90 95
92 97
94 98
105 105 106
101 101
107 107
100 109
111 113
114 114
112 112
115 115 118
126 126
129 129
128 128
120 120
125 125
139 139
130 130
137 137
138 132
134 134
143 148
146 146
147 144 149
145 145
150 150
151 157
153 153
159 152
164 164
167 167 163
165 166
176 176
170 170 179
174 178
177 177
180 185
186 186
184 182
181 181 187
199 196
190 190 191
198 198
197 194
