5 0 1 2 5 11 6 7 8 11 17 12 13 14 17 23 18 19 20 23 29 24 25 26 29 35 30 31 32 35 41 36 37 38 41 47 42 43 44 47 53 48 49 50 53 59 54 55 56 59 65 60 61 62 65 71 66 67 68 71 77 72 73 74 77 83 78 79 80 83 89 84 85 86 89 95 90 91 92 95 101 96 97 98 101 107 102 103 104 107 113 108 109 110 113 119 114 115 116 119 125 120 121 122 125 131 126 127 128 131 137 132 133 134 137 143 138 139 140 143 149 144 145 146 149 155 150 151 152 155 161 156 157 158 161 167 162 163 164 167 173 168 169 170 173 167 161 155 149 143 137 131 125 119 113 107 101 95 89 83 77 71 65 59 53 47 41 35 29 23 17 11 5 179 174 175 176 179 5
54
0 0 4
1 1
2 2 3
6 6 10
7 7
8 8 9
12 12 16
13 13
14 14 15
18 18 22
19 19
20 20 21
24 24 28
25 25
26 26 27
30 30 34
31 31
32 32 33
36 36 40
37 37
38 38 39
42 42 46
43 43
44 44 45
48 48 52
49 49
50 50 51
54 54 58
55 55
56 56 57
60 60 64
61 61
62 62 63
66 66 70
67 67
68 68 69
72 72 76
73 73
74 74 75
78 78 82
79 79
80 80 81
84 84 88
85 85
86 86 87
90 90 94
91 91
92 92 93
96 96 100
97 97
98 98 99
102 102 106
103 103
104 104 105
