16 33 63 25 63 36 22 36 43 67 55 40 9 52 57 84 56 15 56 37 59 94 48 4 61 23 95 17 29 50 58 50 28 1 5 45 3 42 3 46 74 46 3 45 49 24 28 95 61 4 71 41 76 2 76 41 51 8 4 48 94 59 37 56 84 96 0 38 86 99 82 20 69 72 93 57 9 40 55 67 63 39 78 27 73 75 92 19 85 19 83 60 88 47 78 39 91 39 16
41
33 33
25 25
36 36
55 55
40 40
52 52
84 84 21
15 15 80
37 37 65
94 94 53
61 61
23 23
17 17
29 29
50 50
58 58
5 5
3 3
74 74 68
71 44
2 77
51 51
8 18
96 96
0 0
86 86
82 82 62
20 20 11
69 81
72 31
93 93
39 39
27 6
75 75
92 92
19 19
85 85 7
83 83 90
60 60
88 88
47 35
