location1 location38 location28 location86 location20 location10 location46 location45 location4 location30 location11 location58 location50 location37 location48 location61 location98 location97 location57 location7 location35 location14 location27 location85 location60 location40 location65 location43 location99 location100 location15 location94 location82 location24 location62 location49 location25 location92 location51 location21 location36 location19 location34 location54 location84 location55 location39 location44 location73 location75 location42 location59 location89 location6 location70 location96 location68 location76 location1
39
location1 location31
location38 location38 location17 location90
location10 location10
location46 location46 location56
location45 location45
location30 location30 location91
location58 location58
location48 location48
location61 location8
location98 location74
location57 location57 location95
location35 location35
location14 location79 location80
location85 location78
location60 location72 location77
location40 location40
location65 location3
location43 location43 location83
location99 location99
location94 location94
location24 location32
location49 location49
location25 location47
location51 location51
location21 location21
location36 location36
location19 location19
location34 location2
location54 location54 location53
location84 location71
location44 location44 location23
location73 location29
location75 location75 location9
location42 location42
location59 location59
location89 location89
location6 location6
location68 location66
location76 location52
