0 17 37 133 37 17 51 3 8 160 8 26 47 36 125 40 125 36 147 50 36 47 26 3 119 73 119 3 126 14 79 18 33 18 93 18 149 20 34 48 34 20 18 185 11 24 6 85 6 111 6 24 185 18 79 130 2 130 79 14 126 15 32 19 54 19 131 71 32 23 32 42 32 15 53 65 69 82 65 53 76 53 15 60 45 60 15 145 12 30 16 123 5 7 29 74 156 74 7 165 4 66 4 165 7 5 9 102 157 176 5 25 62 77 166 62 25 56 5 107 55 107 5 123 16 30 28 84 110 84 28 30 115 61 12 145 15 126 3 51 17 0 39 122 52 39 41 80 108 80 128 105 128 179 46 179 41 0 58 1 31 94 22 94 0
59
0 0 158
17 17
37 184
133 133
51 51
3 3 174
8 8 116 143
160 160 129
125 125
50 50
119 119
73 170
126 126
14 188
18 18
33 33 68
93 93 194
20 198
48 38
185 185
11 43 103
24 24 70
6 142 177 199
130 193
2 2 180
32 32 35
19 19 96
131 131
71 178
23 191
69 69
76 163
60 60
12 12 109
16 16 159
5 182
29 29
74 74
156 156
4 4
66 189
9 9
157 157
62 62
77 77
166 21
55 190
115 115
39 39 78 183 195
52 52
80 80 197
105 105
179 179
46 46 136
58 58
1 192
31 31
94 94
22 86
