gc as co bw ax r q fr dg u fm bk et df bn b aq dc ar dk v ai v gq a c e ay ff dd cc ci bu fg eg aj y du dw bv j cp gf fw dy bh gp ew cg fy cx db az fa bg i bm fb al er eu l go z de cd ep ef br g fj ed cm fx fd fo ft bo an ej ad be bx be gl dr bb bt f bf ey gd fp ag ao ev ct cl ee cj af cj bi fc ct cw bc bs bz gn dx ei gh fv bd p o bd fv fq ce dm ex av gj di gi d n eq n gb dh en dq bp cf aw h dj gg dp eh fi cu bj gk aa gc
88
as as ac
co co
q q
fr fr
dg dg gm
u u
bk ds
et et
df fh
bn bn
b b
ar cz
v v
ai ai dn
gq gq
a a
c bq
e e fe
ff ff
ci at
bu bu
eg es
y y
du ga
dw dw
bv bv
j j
cp cp cr
fw fw
dy dy
cg cg
fy fy
db db
az az
fa fa
bm ge
er er
go go
z ck
cd am
ep ep
br br
g g
ed cn
cm cm ab
fd fd
fo fo
ft ft
an an bl
ad ad
bx bx
gl cq
dr ap
bb bb
bt bt
bf fn
ey ey
ao ao cv
cl cl cs
ee ee
cj cj el
bi bi
bc bc ah by
gn gn
dx dx
gh gh
p p
fq fq
ce fk
ex ae
gj gj
di di
gi gi
d d
eq eq
dh dh
en en
dq dq
bp bp
aw aw
dj dj
gg gg
dp dp
eh do
fi fi
bj bj
gk gk
aa em
