zero one eight nine ten eleven twelve eleven ten nine eight fifteen sixteen seventeen eighteen nineteen eighteen seventeen sixteen fifteen twentytwo twentythree twentyfour twentyfive twentysix twentyfive twentyfour twentythree twentytwo twentynine thirty thirtyone thirtytwo thirtythree thirtytwo thirtyone thirty twentynine thirtysix thirtyseven thirtyeight thirtynine forty thirtynine thirtyeight thirtyseven thirtysix fortythree fortyfour fortyfive fortysix fortyseven fortysix fortyfive fortyfour fortythree thirtysix twentynine twentytwo fifteen eight one zero
20
zero three five six seven
eight fourteen
nine nine
eleven eleven
twelve twelve thirteen
fifteen fifteen
sixteen sixteen
eighteen eighteen
nineteen nineteen twenty
twentyfive twentyfive
twentynine thirtyfive
thirtyone thirtyone
thirtytwo thirtytwo
thirtythree thirtyfour
thirtysix fortytwo
thirtyseven thirtyseven
thirtyeight thirtyeight
forty forty
fortyfive fortyfive
fortysix fortysix
