0 109 106 86 106 109 160 20 79 12 79 167 79 20 53 20 160 110 114 110 150 92 182 59 115 190 177 33 177 120 98 90 28 84 117 84 28 144 94 169 194 112 104 4 31 5 178 5 173 5 179 48 179 111 179 5 104 142 192 78 6 192 142 104 112 194 94 133 94 144 85 11 113 11 75 62 176 152 66 134 66 176 45 149 180 68 37 26 68 72 22 163 69 41 69 163 22 72 68 171 50 153 50 171 148 171 68 180 149 45 176 62 85 144 28 98 120 151 120 183 44 107 47 170 73 122 95 105 27 185 27 105 95 3 88 10 8 162 8 10 88 3 127 141 57 40 91 1 91 57 141 131 145 131 54 159 80 193 80 54 131 38 25 197 25 38 157 101 140 100 96 21 52 71 58 71 52 21 123 195 123 21 140 126 39 126 140 101 157 38 14 188 77 191 77 188 146 119 161 119 146 188 14 38 131 122 73 64 130 116 130 64 73 170 47 99 42 165 42 99 32 99 47 107 183 189 183 120 190 115 59 182 92 150 109 0
83
0 0
86 86
20 20
79 79
12 12 36
53 53
114 15
92 92
182 70
59 59 89
33 33 17
98 98
90 90
28 28
84 84
117 76
144 43
94 94
194 9
4 4
31 31
5 5 2
178 13
173 63
48 48 46
78 78
6 6 51
85 85
11 11
113 82
75 75 29
62 62
176 34
66 66
45 45
180 23
68 68
37 37
26 26 93
72 72
22 22
69 69
41 41 30
50 50
153 19 65
151 87
44 44
47 47
73 73
95 95
27 27 97
3 3
88 88
10 10
8 8
162 49
57 57
40 40
91 91
1 1 61
54 54
80 80
193 55
38 38
25 25
140 7
100 24
96 96 16
21 21
52 52 74
71 71
58 58 81
39 39 18
14 14
77 77
119 60
161 56
64 64
116 67
99 99
42 42 35
32 32
189 83
