7FD578 9A65B7 F94356 7CDA20 9A65B7 8633C5 AA2C70 853F1A 283373 7EA726 E5D023 7EA726 C3030C CE97C4 1BD5F4 CE97C4 283373 853F1A 01684B 2A2C8A 62DE79 17BEF0 2A2C8A 01684B 853F1A 1176C9 981760 719360 19E454 57CBDE C03738 57CBDE 9B7F16 342A3C 4BCD0B 719360 981760 1176C9 853F1A 7FD578
18
7FD578 1AC5CE
F94356 A085DD
7CDA20 6C7BF0
8633C5 9F01C8
AA2C70 66B94B
283373 3E0BDD
E5D023 E5D023 2C376F
CE97C4 877D0E
1BD5F4 1BD5F4 2E60FC
01684B 01684B 1EE680
17BEF0 859C0E
1176C9 1176C9
981760 981760 FF39A5 B40756
719360 E27C41
C03738 EEEA40
9B7F16 9B7F16 6CAF19
342A3C 61D740
4BCD0B 7B7BDE F4C859
