Wheeler Doe Campanile LeConte Campbell Haviland Koshland Stonefire Haas Minor Maxwell MemorialStadium Calvin MemorialStadium Maxwell Minor Haas Faculty FSM Baker McCone BigC Bongo BigC Pavilion Simons Koja LaNote Unit2 LaNote Simons Pavilion BigC McCone Baker CZ Spieker CZ Baker FSM Faculty Haas Stonefire Koshland Haviland Memorial McLaughlin South Stephens HearstAnnex Anthony GBC WayWest Cloyne Cafe3 Hearst Davis Hildebrand Davis Kresge Normandy Cheit Pimentel Morgan CVStarr Moffitt VLSB Etcheverry Latimer Evans Morrison Hertz Kroeber Lewis Greek Cory Jacobs Cory Greek Lewis Kroeber Wurster Kroeber Hertz Morrison Evans Latimer Stanley Latimer Etcheverry VLSB Moffitt Soda Sather Barrows Sather Soda CVStarr Morgan Pimentel Cheit Normandy Kresge Davis Hearst Cafe3 Cloyne WayWest Ippuku WayWest GBC Anthony HearstAnnex Stephens South McLaughlin Memorial Haviland Campbell LeConte Campanile Doe Wheeler Dwinelle MLK Dwinelle Wheeler
32
Wheeler Sproul
Campbell Birge
Koshland RSF
Stonefire Stonefire
Haas Haas
Calvin Hargrove
Baker Baker
McCone CKerr
Pavilion PeoplePark
Koja Legends TriDelta
Unit2 Unit2
CZ Fiji
Memorial IHouse
McLaughlin McLaughlin
Stephens Moses
Anthony Anthony
WayWest Warren
Cloyne Cloyne
Hearst Hearst
Davis Davis
Cheit Cheit
Moffitt Moffitt
Etcheverry Etcheverry
Morrison Morrison
Kroeber Kroeber
Jacobs Jacobs Bechtel
Wurster Boalt
Stanley Foothill
Sather Martinez Barker Unit3
Barrows OCF
Ippuku Metropolitan
Dwinelle Dwinelle
