Bowles Mulford Latimer South Pimentel Stacks Pimentel South Latimer MLK Hearst Jacob Cory Bechtel Minor Memorial Maxwell Memorial Stern FSM Stern Memorial Minor Bechtel Kroeber Anthony Optometry Anthony Kroeber Bechtel Baker Strada Baker Bechtel Cory Stanley Campbell Koshland Campbell MemorialStadium Hargrove Tan Warren Safeway Warren Tan Hoyt Tan Hargrove MemorialStadium Campbell Stanley LeConte Campanile Lewis Morrison Rasputin Morrison Lewis Campanile Wurster McCone Spats Stonefire PiLambda Stonefire Spats McCone Wurster Campanile Bongo Artichokes Bongo Campanile LeConte VLSB Boalt Kresge Gregoire Kresge Boalt VLSB Chez VLSB LeConte Stanley Moses Wellman Moses Greek Unit2 Milano CREAM SuperDuper CREAM Milano IndianRock Milano Unit2 Wolf Unit2 Greek Moses RareTea Gypsys RareTea Moses SigmaOmicronPi Moses Stanley Cory Jacob Evan Moffitt Faculty Moffitt Cloyne Moffitt Evan Blackwell McLaughlin Blackwell Evan SigmaPhiOmega BearFoodCourt SigmaPhiOmega Evan Jacob Foothill Haviland Morgan LKShing Ippuku LKShing Morgan Haviland Foothill Dwinelle HearstAnnex Lothlorien HearstAnnex Dwinelle Haas Pavilion Haas Crossroads Lawrence UCTheatre Lawrence Crossroads sweetgreen Crossroads Haas Dwinelle TastyPot Dwinelle Foothill Davis Hildebrand YogurtPark Hildebrand Davis Foothill Jacob Hertz Sproul Hertz CVStarr Unit3 CKerr Unit3 CVStarr Hertz Jacob TopDog Fenwick Barker Fenwick TopDog Starbucks Chipotle Starbucks TopDog Jacob Hearst Kingman Hearst MLK Latimer Edwards Latimer Mulford Bowles Calvin Etcheverry Sather Etcheverry Calvin Bowles LaVals Bowles
55
Mulford Mulford Crescent
Stacks Stacks Sherman
MLK Rochdale
Cory Extension
Bechtel Birge Wilde
Memorial TacoBell AlphaSigmaPhi
Maxwell Maxwell Barrows
Baker Baker Simons Daiso
Strada Strada RoseGarden
Campbell Campbell Doe
Koshland Koshland
Safeway Safeway
LeConte RSF ALS
Campanile Campanile
Wurster Wurster Zellerbach
Spats Spats
PiLambda PiLambda PiAlphaPhi
Bongo Bongo ShengKee
Artichokes Cheeseboard
VLSB VLSB
Boalt Boalt
Kresge Kresge PeoplesPark Castro
Chez NorthGate
Moses Moses
Wellman Wellman Sutardja
Greek Greek
Unit2 Unit2
IndianRock IndianRock
Wolf Wolf StrawberryCreek
Gypsys Gypsys
Evan Evan
Cloyne Cloyne
Blackwell Blackwell
McLaughlin GenPlantBio
BearFoodCourt BearFoodCourt
Foothill Foothill Unit1
Morgan Morgan Martinez
HearstAnnex HearstAnnex
Lothlorien Lothlorien
Haas Haas
Pavilion Pavilion
Crossroads Crossroads
UCTheatre UCTheatre NCEM
Davis Browns
Hildebrand Hildebrand
YogurtPark YogurtPark
Unit3 Unit3
CKerr CKerr WayWest Ridge
TopDog GammaPhiBeta
Barker Barker
Chipotle Chipotle MFoundry
Edwards Edwards Easterly
Calvin Calvin Graduate
Etcheverry Etcheverry
LaVals LaVals
