142 121 137 48 76 48 137 66 106 66 110 43 111 90 143 77 160 108 148 108 160 77 143 90 111 43 110 66 137 188 83 93 151 144 151 181 18 103 6 17 171 63 131 35 182 176 40 116 98 12 197 38 197 12 98 96 98 116 179 141 99 54 114 54 99 141 179 116 40 176 182 35 131 63 149 26 0 183 0 26 149 63 171 135 171 140 126 164 59 21 59 164 126 177 16 193 60 78 186 55 105 55 186 78 60 193 130 58 147 27 72 27 146 189 146 27 147 58 155 162 166 51 3 174 3 51 166 162 155 58 184 74 184 58 130 175 130 193 16 177 126 140 129 67 32 29 32 67 129 140 180 125 194 37 172 52 134 52 178 195 178 52 172 37 194 125 180 140 171 17 6 128 68 152 68 192 68 128 75 128 122 64 122 128 6 103 28 9 33 156 112 199 112 156 33 9 92 9 136 47 62 47 136 102 2 102 136 9 28 103 85 187 132 39 115 5 185 5 115 123 169 123 115 39 132 187 85 103 18 181 91 101 161 49 138 113 138 49 161 101 91 181 153 23 168 23 153 139 154 1 100 163 8 45 8 163 170 163 100 1 154 191 154 139 153 165 73 13 10 119 10 13 73 165 153 181 151 93 83 188 137 121 142
52
121 121
137 137
48 48
76 76
66 44
106 106 127
90 90
77 77
108 108
148 46
93 93
151 151 167
144 144
181 181
63 63
35 35
197 197
38 38
141 141
183 183
135 97
140 140
21 21 157
177 177
16 16
60 60 124
186 186
55 55
58 58
72 145
3 3
174 174 4
175 34
129 129
134 14
178 178
195 195 158
152 41
192 150
64 64 69
33 33 133
92 70
47 7
85 89
39 39
115 115
185 22
91 91
23 23
139 30
8 31
191 159
