Encanto Old Oceanside 18th Brookdale Fiorini Warner Potrero Merced Delta Roseland Bangor Riverside Merced Alpaugh Merced 18th Armstrong Green Shafter Mount Smoke Jane Armstrong Chinese Sacramento Ida Fremont Granite Colonnade McAuley Moores Carmel Moores Sacramento All Rossmoor Vernon Welden Woodbridge All Bonita Cherokee Clayton Cherokee Oildale Yubadocs Homestead South Coachella Kern Calaveras Beach Ramona Clark Balsdon Banning Marina Forest Cypress Elmira Ramona Veterans Meyers Ramona Long Sherman Beach Iowa Richvale Greenwood Manzanita Helm Robertsville Vista Encanto
41
Encanto Encanto
Warner Warner Cabbage
Potrero Yurok
Delta Delta
Riverside Riverside Foothills
Alpaugh Alpaugh
Armstrong Two
Green Green
Shafter Shafter
Mount Mount
Smoke Smoke Costa
Jane Jane Woffard
Chinese Chinese
Ida Kentfield
Granite Granite
McAuley McAuley Glencoe
All All
Vernon Vernon Garden
Welden Welden
Woodbridge Woodbridge Willow
Bonita Bonita
Cherokee Cherokee
Clayton Clayton Presidio
Oildale City
Homestead Homestead
Kern Kern
Calaveras Los
Beach Beach
Ramona Ramona
Balsdon Quail
Banning Banning
Marina Pumpkin
Forest Forest
Cypress Cypress
Elmira Elmira
Meyers Moccasin
Long Laguna
Sherman Sherman
Richvale Richvale
Helm Santa
Vista Vista Ames
