1 2 3 4 8 9 10 11 12 16 17 18 19 20 24 25 26 27 28 32 33 34 35 36 40 41 42 43 44 48 49 55 56 57 58 59 60 61 62 63 69 70 71 72 73 74 75 76 77 83 84 85 86 87 88 89 90 91 92 93 94 95 96 97 96 95 94 93 92 91 90 89 88 87 86 85 84 83 77 76 75 74 73 72 71 70 69 63 62 61 60 59 58 57 56 55 49 48 44 43 42 41 45 46 45 41 40 36 35 34 33 37 38 37 33 32 28 27 26 25 29 30 29 25 24 20 19 18 17 21 22 21 17 16 12 11 10 9 13 14 13 9 8 4 3 2 1 5 6 5 1
32
2 2
4 4
10 10
12 12
18 18
20 20
26 26
28 28
34 34
36 36
42 42
44 44
49 50 51 52 53 54
63 64 65 66 67 68
77 78 79 80 81 82
92 92
93 93
94 94
95 95
96 96
45 45
46 47
37 37
38 39
29 29
30 31
21 21
22 23
13 13
14 15
5 5
6 7
