1 2 3 4 8 9 10 11 12 16 17 18 19 20 24 25 26 27 28 32 33 34 35 36 40 41 42 43 44 48 49 50 51 52 56 57 58 59 60 64 65 66 67 68 72 73 74 75 76 80 81 82 83 84 88 89 90 91 92 96 97 98 99 100 104 105 106 107 108 112 113 114 115 116 120 121 122 123 124 128 129 130 131 132 136 137 138 139 140 144 145 146 147 148 152 153 154 155 156 160 161 162 163 164 168 169 170 171 172 176 177 178 179 180 184 185 186 187 188 192 193 194 193 197 198 197 193 192 188 187 186 185 189 190 189 185 184 180 179 178 177 181 182 181 177 176 172 171 170 169 173 174 173 169 168 164 163 162 161 165 166 165 161 160 156 155 154 153 157 158 157 153 152 148 147 146 145 149 150 149 145 144 140 139 138 137 141 142 141 137 136 132 131 130 129 133 134 133 129 128 124 123 122 121 125 126 125 121 120 116 115 114 113 117 118 117 113 112 108 107 106 105 109 110 109 105 104 100 99 98 97 101 102 101 97 96 92 91 90 89 93 94 93 89 88 84 83 82 81 85 86 85 81 80 76 75 74 73 77 78 77 73 72 68 67 66 65 69 70 69 65 64 60 59 58 57 61 62 61 57 56 52 51 50 49 53 54 53 49 48 44 43 42 41 45 46 45 41 40 36 35 34 33 37 38 37 33 32 28 27 26 25 29 30 29 25 24 20 19 18 17 21 22 21 17 16 12 11 10 9 13 14 13 9 8 4 3 2 1 5 6 5 1 200 1
100
2 2
4 4
10 10
12 12
18 18
20 20
26 26
28 28
34 34
36 36
42 42
44 44
50 50
52 52
58 58
60 60
66 66
68 68
74 74
76 76
82 82
84 84
90 90
92 92
98 98
100 100
106 106
108 108
114 114
116 116
122 122
124 124
130 130
132 132
138 138
140 140
146 146
148 148
154 154
156 156
162 162
164 164
170 170
172 172
178 178
180 180
186 186
188 188
194 194
197 197
198 199
189 189
190 191
181 181
182 183
173 173
174 175
165 165
166 167
157 157
158 159
149 149
150 151
141 141
142 143
133 133
134 135
125 125
126 127
117 117
118 119
109 109
110 111
101 101
102 103
93 93
94 95
85 85
86 87
77 77
78 79
69 69
70 71
61 61
62 63
53 53
54 55
45 45
46 47
37 37
38 39
29 29
30 31
21 21
22 23
13 13
14 15
5 5
6 7
200 196
