Shower0 Toilet12 Puppy19 Websites24 Towel2 Ice30 Toilet45 Post17 Prints25 Shower9 Cat23 Shower9 Prints46 Ring33 Soap14 Website21 Toilet26 BBQ38 Prints25 Post17 Cat44 Towel2 Websites24 YouTube4 Websites15 Laptop22 Rollers40 Sink37 Android27 Puppy28 Boat48 Puppy28 Monster32 Android27 Rollers40 Laptop22 YouTube4 Websites24 Nuclear43 Websites24 Puppy19 Toilet12 Robot49 Fence29 BBQ36 Fence29 Robot49 Shower0
19
Puppy19 Puppy19
Ice30 Ice30
Toilet45 Toilet45 Ice42
Prints25 Prints25
Ring33 Ring33
Website21 Soda18
Toilet26 Toilet26 Mail41
BBQ38 BBQ38 Plants3
Cat44 Cat44 Light1
YouTube4 YouTube4
Laptop22 Laptop22
Rollers40 Elevator35
Sink37 Sink37 Allergies7
Android27 Android27
Boat48 Cone13
Monster32 Monster32
Nuclear43 Nuclear43 Crab16
Robot49 Robot49
BBQ36 BBQ36
