hutmk omjfc uxtfk ugyls yzaje ejrpc dvkfe ybtpq vmgxh ofjku bquaw ounwr cgrwy axmwy aqzce tejxc jrfin xpyfh krhxf uaicq artvi abupm mzlsn spehv ynfag gizud spuoi kbshp kcley qtmld ugamb lcghr tiyfv zsehb tyuep cursl xnysi fdciu uqimz htfom rvhjg tqiky fswhz lsnhz mlfbi oscrv lskxo xintv nhaik obwid nihqv misyc snlmb qdbec ekogd groqz nqtby xeljy efjns ijofp dowbf yaxts ablxw kwgic akxro rlfxc zbawl aflzx lnfiu csirk qtcla edkrj hkdrv guxio cjfpu pyjhz nohqc ejulp hutmk
36
omjfc omjfc
ugyls ugyls
yzaje yzaje
vmgxh vmgxh
axmwy axmwy
aqzce aqzce
tejxc tejxc
krhxf qdzgs
uaicq hopbn
artvi artvi
mzlsn mzlsn
spuoi spuoi
qtmld vczkh
ugamb ugamb
lcghr lcghr
zsehb zsehb
tyuep tyuep
cursl cursl
xnysi xnysi
lsnhz lsnhz
mlfbi mlfbi
oscrv oscrv
xintv xintv coubd
misyc misyc
nqtby urlkt
xeljy xeljy
efjns ijvuq bcrwj
ijofp ijofp ywion
dowbf dowbf
yaxts yaxts
ablxw ablxw
akxro gxdqt
rlfxc rlfxc
lnfiu lnfiu
csirk aeomh
ejulp yiodb otirh
