Aberdeen Reno Hampton Tuscaloosa Hampton Newburgh ChulaVista Racine Elkhart Racine ChulaVista Newburgh Roanoke Riverside Murrieta Columbia Lakewood Palmdale Olathe Kennewick WestValleyCity Henderson StPetersburg Lewisville StPetersburg Henderson WestValleyCity Frederick WestValleyCity Kennewick Norwalk SaltLakeCity Redding SaltLakeCity AppleValley McAllen AppleValley SaltLakeCity Norwalk Kennewick Olathe Palmdale Lakewood Columbia Murrieta Riverside Hartford Hampton Reno Aberdeen
19
Reno Reno Springdale
Hampton Hampton Lowell
Tuscaloosa Tuscaloosa Winston
Newburgh Newburgh
Racine Racine
Elkhart Pensacola
Columbia GreenBay
Palmdale Austin
Kennewick Montgomery
WestValleyCity WestValleyCity
Henderson Henderson
StPetersburg StPetersburg
Lewisville Lewisville Gainesville
Frederick Modesto SouthLyon
Norwalk Miramar
SaltLakeCity SaltLakeCity Chattanooga
Redding SanAntonio
McAllen Marina
Hartford SanBernardino
