Hayward Shreveport Hartford Shreveport Seaside CapeCoral Gastonia Hampton Bryan HavredeGrace PuntaGorda Hemet PuntaGorda HavredeGrace Bryan Lubbock Melbourne Torrance Albuquerque Torrance Brighton Oxnard SanBuenaventura Anaheim Eugene BatonRouge Phoenix Boulder Phoenix BatonRouge Eugene Anaheim Columbus Visalia Carrollton Visalia Columbus Anaheim SanBuenaventura Murrieta Portsmouth Murrieta SanBuenaventura Oxnard Fitchburg Waterbury Fitchburg Oxnard Brighton Torrance Melbourne Lubbock CostaMesa Bakersfield SouthBend Youngstown Fullerton Duluth Detroit Merced ElMonte Merced Detroit BoiseCity Harrisburg Arvada Tyler Arvada Wilmington Vancouver Boston SterlingHeights Champaign SterlingHeights Springfield Harlingen Springfield SterlingHeights Boston Vancouver Tallahassee Muskegon NewportNews SimiValley NewportNews Muskegon Tallahassee Vancouver Wilmington Arvada Harrisburg HuntingtonBeach Sarasota Scranton Sarasota Harrisburg SaintPetersburg Harrisburg BoiseCity Detroit Duluth SaintPaul ElPaso SanAntonio SaintPaul Duluth Fullerton Paterson Victorville Scottsdale Victorville Paterson Fullerton Youngstown SouthBend Bakersfield CostaMesa VeroBeach OverlandPark Anchorage Utica Anchorage Fresno Anchorage OverlandPark Trenton OverlandPark Stamford LasVegas Stamford Marysville Stamford VeroBeach KansasCity Houston Jefferson Warren York Reno Ogden Reno York Warren Jefferson Houston KansasCity SantaClarita KansasCity VeroBeach PembrokePines SanBernardino PembrokePines SantaMaria Poughkeepsie Salem Poughkeepsie SantaMaria PembrokePines VeroBeach CostaMesa Lubbock Milwaukee StPaul Milwaukee Lubbock Bryan NewYork Monroe Escondido Independence RoundLakeBeach Independence Escondido Sacramento Escondido Monroe NewYork Bryan Hampton Gastonia CapeCoral Seaside Worcester Modesto Worcester Burlington Downey Topeka Henderson Topeka Downey Burlington Norwalk Huntsville ThousandOaks Cambridge PortStLucie Cambridge ThousandOaks PortSaintLucie Olympia PortSaintLucie ThousandOaks Huntsville Kissimmee Marina Frederick Marina PortArthur Marina Kissimmee Huntsville Norwalk SouthLyon Norwalk Burlington Worcester Seaside DalyCity SanJose Lafayette SanJose DalyCity Seaside Shreveport Orem Shreveport Hayward
79
Hartford Hartford NorthLasVegas
CapeCoral CapeCoral Bloomington
Gastonia Laredo
Hampton Newark
Bryan Birmingham
HavredeGrace HavredeGrace
PuntaGorda PuntaGorda
Hemet Hemet Mobile
Lubbock Lubbock
Melbourne Melbourne
Torrance Torrance
Albuquerque Albuquerque Hialeah
Oxnard Oxnard
SanBuenaventura SanBuenaventura Norwich
Anaheim Anaheim
Eugene Eugene Boise
Boulder LakeCharles
Columbus Columbus
Carrollton SiouxFalls
Waterbury Waterbury Newburgh
Bakersfield Bakersfield
Youngstown Barnstable Hagerstown
Fullerton Fullerton Flint
Duluth Duluth
Detroit Detroit
ElMonte McAllen
Arvada Arvada
Tyler Tyler Nashua
Vancouver Vancouver
Champaign Champaign Charlotte
Springfield Spartanburg
Harlingen Harlingen
NewportNews NewportNews
SimiValley Aberdeen
HuntingtonBeach HuntingtonBeach
Scranton Scranton
SaintPaul SaintPaul GrandRapids
ElPaso ElPaso
SanAntonio JohnsonCity
Scottsdale Scottsdale Omaha
VeroBeach SantaClara
OverlandPark OverlandPark Greenville
Anchorage Anchorage
Utica Utica
Fresno Fresno
Trenton Louisville
Stamford Stamford
LasVegas LasVegas
Marysville Marysville Layton
York York
Ogden Ogden
SantaClarita Racine
SanBernardino Pueblo
Poughkeepsie Elkhart
Salem Salem Deltona
StPaul CorpusChristi Savannah CathedralCity
NewYork Tucson Kalamazoo
Monroe Monroe
Escondido Mesquite
Independence Cincinnati
RoundLakeBeach RoundLakeBeach
Sacramento StLouis
Modesto Modesto
Burlington Burlington
Downey Downey
Topeka Topeka
Henderson Henderson NewYorkCity
Huntsville Huntsville
ThousandOaks ThousandOaks
Cambridge PalmBay
PortStLucie Plano
Olympia Olympia
Kissimmee Kissimmee
Marina Marina
Frederick Frederick
PortArthur RichmondCounty Lacey
SouthLyon NewBedford
Lafayette GreenBay
Orem Bethlehem
