0 1 2 3 4 5 6 7 8 9 1 12 1 19 20 24 25 24 20 28 29 28 20 32 21 32 33 34 35 34 33 32 37 32 42 43 51 41 40 41 51 50 49 50 51 52 54 52 56 52 60 52 62 63 64 65 73 69 73 72 73 74 76 77 78 77 76 74 82 83 82 74 73 75 81 75 88 89 94 95 96 95 94 89 100 101 102 101 100 89 88 90 93 90 104 105 106 107 111 110 111 112 118 112 121 122 123 124 123 122 121 126 127 128 129 130 137 138 147 148 149 150 156 157 158 159 157 162 157 169 168 157 173 174 175 176 174 179 174 181 174 183 184 174 186 174 173 157 156 150 149 148 147 151 152 153 152 151 147 138 137 139 144 143 142 143 144 139 146 139 137 130 129 128 131 132 133 134 133 132 131 128 127 126 121 112 111 107 106 105 104 90 88 75 73 65 64 63 62 66 62 52 51 43 42 32 46 32 20 19 1 0 199 190 192 190 197 198 191 196 191 198 197 190 199 0
46
1 15 17
2 2
4 4
7 7
25 25
29 30
32 44
21 23
33 33
42 42
40 40
49 48
54 54 53
56 56
64 64
72 72
76 76
83 83
75 86 87
89 91
94 94
101 101
90 99
104 108
105 105
112 114 120
124 124
127 127
130 130
137 136
148 148
157 172
158 158
162 163
168 168
176 176
179 178
183 182
186 186
153 154
142 142
146 146
66 67
190 194
192 192
198 198
