MHnVCXOJJwOI dKDljXfjimQu MlFqcqjWiUdI NmmqQKqzdERM MlFqcqjWiUdI KKNtdnAHmUpc SPoMbAzxrqrj IhlWYkABMGAA DzynwWJrrvdk wqtmadANCdBE svpVoYHpEpjH YjcHSWuOcQIw ECMlxrWZECRR QvZmZiRVxtKV NkzUoyRYPnbb ECMlxrWZECRR KhOySTFpTHBN ECMlxrWZECRR YjcHSWuOcQIw AZrILCuGwbtV FghBNnxlptiY PaWasRDhTGLg bVDkAfQbeTmx crcFIKqbaYTC GLfJulJDWdHA RWoTZCNhceUR cXYRsTNMJDHO jmWqilJNXyuV UAhLDhBNYkFI GJubAWGDHDpt jUXDlSgJaReC oClepMbylsqk iBzfnTemabxr GoPPViXuIoMW phTlHtTwrYOU wqtmadANCdBE DzynwWJrrvdk IhlWYkABMGAA SPoMbAzxrqrj EBzAvcxWSvqV MHnVCXOJJwOI
21
MHnVCXOJJwOI UvfnFwkwYqFk
MlFqcqjWiUdI MlFqcqjWiUdI
NmmqQKqzdERM NmmqQKqzdERM
KKNtdnAHmUpc KKNtdnAHmUpc
SPoMbAzxrqrj SPoMbAzxrqrj
DzynwWJrrvdk YfpLHnDpSXzc
svpVoYHpEpjH svpVoYHpEpjH
NkzUoyRYPnbb NkzUoyRYPnbb
KhOySTFpTHBN ltlOmMSvjmIL
AZrILCuGwbtV AZrILCuGwbtV
bVDkAfQbeTmx bVDkAfQbeTmx YbGvPudTcbyh
crcFIKqbaYTC crcFIKqbaYTC
GLfJulJDWdHA GLfJulJDWdHA SJPfUQrbAbqM PCNGxUSnzrYJ
RWoTZCNhceUR RWoTZCNhceUR
cXYRsTNMJDHO cXYRsTNMJDHO
jmWqilJNXyuV jmWqilJNXyuV
jUXDlSgJaReC JCPkGQQBkgge
oClepMbylsqk oClepMbylsqk
iBzfnTemabxr ilCjMogPnNTK
GoPPViXuIoMW GoPPViXuIoMW
phTlHtTwrYOU phTlHtTwrYOU FhVNapbaoZOZ
