IvOdahrtFwzZ fblrDraNAUxK qMdmyWbGDdGe oOIjuHJcVRiV AEFrBHnTsTIs FenKhdsiadPr nxbMBCPhfQij yFQWQWtUUMle YIFfrMiRNqqd aSpDrTbKBytW hPSXtHMMyKAK NxxrxPgsnMqG EOKLHvbbCToE vYrcfWFBiWlY vfHFyZGRGvFq PiGAjicuPBgs vRfpxkfTkxRJ WnABnktZDxMx WHSGrQQrrotE KxsKsdmykxTa RfMVccrsgetv BdgcPRHAevMd WHSGrQQrrotE evYbQMSKanfJ XfSacrjXjxeP GvyjKkGcUdcI kBTyfVdYeRhI touUfboeiIya OaFvNWZuTHit FenKhdsiadPr VZiXnxYZQNVo DiKlonktcqTP WUqhotrexTBp hzeJgpwlnaPA cpNycWVdmzHJ mZUBOQTZyXOM vkOqMvrCUWYf DarYoJPRvpJy xogpFjQUGEgg HEwqlaeMfSzl tARvBeqQDqSY fiHhqLtPfdZy cpNycWVdmzHJ LpugZyvqxfmq hzeJgpwlnaPA sTgUExIipvWV PFpQuVVRxbvV BujzcwTOtypK iCJxwFELfPya AuldkFyUpsYo AJnswnydWveO HVwGkspnDHbf RIFFwQFTnqDn dGbWKexeVDcw TglqUXfjbefC ynBAbhbIrUei TKKLChjfijhn cQMSBGdRWmjB xIUhUxhCILsJ EKWhDcEeEkGK awuknolWPSuP FoZLfdSCJZDk lIUKVwoOnEyc zypYDSZfKAvD SnErwRYEuFXf EUIZeYDuGKec cwlLlHKYSHkG qxhFFIUEfnzV ctZWqndwhbJm AhJBAeSEuUkL VwnDoOCMNNaS SnErwRYEuFXf ygJsJPbdLfFP xPYMCFkusDSL UHctRHiZQkpZ WUHzPIhaINNz idefWDKaqcyp ocysUjOwnenm idefWDKaqcyp tkrkUtkDqJLy lRgeGnDJBtMa nyTRNDRCsANl xXoCKkdkKAne cRekprdsHHWw nyTRNDRCsANl PwUziuAPbAPX cQMSBGdRWmjB zcAOlsVDUDkc JNoAmCxHcsYw FLSRuaDcxhdD jXOmYlZmvqnI KpiCGGuakHIr OBeTLVdzIcuJ sFSBpaJxLpBT ZPYnROAizafx wHeDieHMYzAK oKIKkmsSWzmH wHeDieHMYzAK KxaXxWtllfGF ZPYnROAizafx etbjZlqcYdPF ijesYrTHxMcg kzPlYxPdIHVo ypApeqMQPnQA sCsqHQtCOoXA TZmWJenJbEsV YyCbFndgmpDL AoaIXEzdsCrm mvdksSctoMVi ppfBOAvWYXyJ sFSBpaJxLpBT yHOsEGOhjOLt BujzcwTOtypK PFpQuVVRxbvV sTgUExIipvWV RGYiIUdVAiVL pjemGRILnFei YGzazHdyrGCd IfTQNEFsiTgr uZQOmtLXDMXl LdhPogfUCfUq RsVDBpPbAfPa jXgKDXnEJsra etjGizhQhrRW MaGBJGHdxMeh ybLCwZqVZKud IviCzjPvcCWR QxNjgiXciQma dLJIzYxbuChF YGzazHdyrGCd gJMLzBkWmUoV aSwTAVmQLJow zOkfhFVfOKVi VNEqJngxzCUO WWtfhwMSzfGW yVSfaizVeLPT IvOdahrtFwzZ
80
fblrDraNAUxK fblrDraNAUxK
qMdmyWbGDdGe evRMhyiHKGXv
oOIjuHJcVRiV oOIjuHJcVRiV
nxbMBCPhfQij nxbMBCPhfQij
yFQWQWtUUMle yFQWQWtUUMle lznMKRYSMheH
aSpDrTbKBytW aSpDrTbKBytW
hPSXtHMMyKAK hPSXtHMMyKAK
NxxrxPgsnMqG NxxrxPgsnMqG
EOKLHvbbCToE EOKLHvbbCToE
vYrcfWFBiWlY JpwDMOwQmqOp
vfHFyZGRGvFq nKmMbiEuiffc
WnABnktZDxMx WnABnktZDxMx
WHSGrQQrrotE WHSGrQQrrotE
KxsKsdmykxTa QFfSmYtuSTPl
BdgcPRHAevMd WRiugWLCujBI
GvyjKkGcUdcI GvyjKkGcUdcI
kBTyfVdYeRhI OIjApACwnyqG
touUfboeiIya touUfboeiIya
OaFvNWZuTHit XwPJYwaGcHxO
DiKlonktcqTP DiKlonktcqTP
WUqhotrexTBp WUqhotrexTBp
cpNycWVdmzHJ cpNycWVdmzHJ
mZUBOQTZyXOM mZUBOQTZyXOM
vkOqMvrCUWYf vkOqMvrCUWYf
DarYoJPRvpJy QDhUZstsJKtV
HEwqlaeMfSzl HEwqlaeMfSzl
tARvBeqQDqSY tARvBeqQDqSY
fiHhqLtPfdZy fiHhqLtPfdZy WsLfQLsirtHk
LpugZyvqxfmq wXjNgGRCXYRl
sTgUExIipvWV sTgUExIipvWV SKbQkQUhqQEt
PFpQuVVRxbvV PFpQuVVRxbvV gkTmCiZxFrJw
HVwGkspnDHbf HVwGkspnDHbf
TglqUXfjbefC TglqUXfjbefC TTwdgXpOLyxF
ynBAbhbIrUei gXcuqckdTdIP
TKKLChjfijhn FkNlSGMBOUbz
EKWhDcEeEkGK EKWhDcEeEkGK dXlgwkdKhUmB
awuknolWPSuP IQvKLYGCcCbd
zypYDSZfKAvD zypYDSZfKAvD
qxhFFIUEfnzV qxhFFIUEfnzV YvLRANdegrdA
ctZWqndwhbJm ctZWqndwhbJm
AhJBAeSEuUkL AhJBAeSEuUkL
ygJsJPbdLfFP IcNVObbuvzWY
ocysUjOwnenm ocysUjOwnenm aXlcDzbXwAJW
lRgeGnDJBtMa lRgeGnDJBtMa
nyTRNDRCsANl nyTRNDRCsANl
xXoCKkdkKAne xXoCKkdkKAne hLCSOZLNEdhX
cRekprdsHHWw cRekprdsHHWw quZcTYtpBjSn
PwUziuAPbAPX uzYTzVwixczQ
zcAOlsVDUDkc zcAOlsVDUDkc qlMzHEurfTvO
JNoAmCxHcsYw JNoAmCxHcsYw
FLSRuaDcxhdD qFGlIHDqKyPA
jXOmYlZmvqnI jXOmYlZmvqnI
KpiCGGuakHIr AQgpWBullbIi UGahWpWtmUQn
OBeTLVdzIcuJ ubtvaUeVUfmV
sFSBpaJxLpBT sFSBpaJxLpBT
ZPYnROAizafx ZPYnROAizafx
wHeDieHMYzAK wHeDieHMYzAK
oKIKkmsSWzmH oKIKkmsSWzmH
KxaXxWtllfGF cQFNlImsTWTM
ijesYrTHxMcg PKHkuTHeRXhO
ypApeqMQPnQA ypApeqMQPnQA nschEYWjrAsr
TZmWJenJbEsV TZmWJenJbEsV
AoaIXEzdsCrm AoaIXEzdsCrm
mvdksSctoMVi mvdksSctoMVi
ppfBOAvWYXyJ ppfBOAvWYXyJ
yHOsEGOhjOLt yHOsEGOhjOLt
RGYiIUdVAiVL RGYiIUdVAiVL
pjemGRILnFei pjemGRILnFei RQBxIsRWzmfl
YGzazHdyrGCd YGzazHdyrGCd
IfTQNEFsiTgr IfTQNEFsiTgr
jXgKDXnEJsra jXgKDXnEJsra
MaGBJGHdxMeh QZQElPdcHxru
ybLCwZqVZKud ybLCwZqVZKud
QxNjgiXciQma QxNjgiXciQma
dLJIzYxbuChF nlzJUuBrsbXD
gJMLzBkWmUoV gJMLzBkWmUoV
zOkfhFVfOKVi zOkfhFVfOKVi UYTxhnOtiPHB
VNEqJngxzCUO EwXugPkGUVkm
WWtfhwMSzfGW WWtfhwMSzfGW NMSHhfMtAJZb
yVSfaizVeLPT yVSfaizVeLPT mgKEFEWheOqk KtoZVrQmJWki LNoKVqXhLEzn zCWezcJmUGqs
