5 1 14 1 24 74 1 62 6 3 36 32 40 32 70 37 9 16 13 139 30 139 13 16 76 20 53 38 9 37 21 67 31 60 65 110 29 35 88 35 29 41 73 37 101 7 101 3 6 15 80 34 44 15 109 25 28 42 25 51 55 98 109 48 39 48 6 52 157 8 22 17 22 57 49 23 8 66 4 45 18 54 97 12 56 27 61 8 157 10 58 10 149 75 149 10 197 2 63 33 157 62 11 62 1 78 5 26 46 26 5
36
5 182 190
1 1 188
32 79
40 93
16 16
13 137 168
30 103 112
20 20 185
38 38
21 164
35 35
88 108
7 102
15 117
42 42 89
55 55
98 83
52 159
157 157
8 8 50
22 115 196 198
23 124
66 66
4 122 130 170
18 147
54 91
97 97
27 27 69 82
10 106
58 58
149 149
197 197
2 177
78 78
26 92
46 46 100
