Leah Russell Kristie Carol Shannon Megan Alexander Carol David Ruth Lisa Stacey Charles Dylan Jordan Robert Vicki John Jon Jeffrey Robert Jordan Katrina Rachel Jennifer Carol Kristie Russell Connie Amanda Joshua Anthony Ryan Anthony Joshua Russell Taylor Kelly Paula Leah
20
Russell Russell Brian
Carol Carol
Megan Megan
Alexander Alexander
David David Javier
Ruth Ruth
Lisa Lisa
Charles Jade
Dylan Dylan
Jordan Jordan
Vicki Vicki
Jon Jon
Rachel Rachel April
Jennifer Jennifer
Connie Adrian
Amanda Amanda
Anthony Anthony
Ryan Ryan Gary
Kelly Kelly
Paula Paula Michael
