Austin Victoria Adam Jorge John Jennifer Brad Scott Paul Tracy Dennis Kimberly Aaron Juan Jonathan Selena Mariah Laura Selena Alexandria Gina Michael Gina Alexandria Selena Cassandra Robert Cassandra Aaron Paul Scott Peter Brian Jennifer Walter Carolyn Joshua Carolyn Walter Jennifer Jeanette Jennifer John Jorge Manuel Jared Manuel Jorge Robin Daniel Hannah Sean Jonathon Edward Jonathon Tina Kari Amy Alex Eugene Elaine Kyle Alex Amy Terry Isabel Terry Kari Arthur Ashley Katherine Paige Tina Jonathon Hannah Adam Jessica Garrett Morgan Victoria Kristy Sara April Austin
40
Austin Jamie Melinda
Victoria Victoria
John John
Jennifer Jennifer
Scott Scott
Paul Paul
Dennis Dennis Steven Monique
Juan Juan
Jonathan Jonathan
Mariah Mariah
Alexandria Natasha
Gina Gina
Michael Michael
Cassandra Cassandra
Robert Robert Jordan
Peter Donald Janet
Walter Walter
Joshua Joshua
Jeanette Jeanette
Manuel Danielle
Jared Patrick
Robin Robin
Daniel Daniel Debra
Hannah Hannah Elizabeth
Sean Sean
Jonathon Maxwell
Edward Edward
Kari Kari
Amy Amy
Alex Alex Rhonda
Eugene Eugene Ralph
Elaine Elaine
Kyle Kyle Melissa
Isabel Glenda
Ashley Ashley
Paige Paige
Garrett Garrett
Morgan Rachel
Sara Sara
April April
