Florges Masquerain Celesteela Snorlax Bewear Snorlax Celesteela Masquerain Drapion Genesect Cottonee Genesect Drapion Masquerain Florges Zoroark Zubat Zoroark Klink Zoroark Florges Vespiquen Persian Furfrou Bayleef Bisharp Pidgey Sentret Purrloin Delibird Nuzleaf Nidoking Wailmer Nidoking Nuzleaf Delibird Cascoon Caterpie Tentacruel Chansey Tentacruel Caterpie Dialga Pichu Caterpie Cascoon Delibird Purrloin Kricketune Infernape Lillipup Hakamoo Hoopa Moltres Hoopa Hippopotas Machoke Hippopotas Hoopa Hakamoo Palkia Roggenrola Palkia Flaaffy Palkia Girafarig Shieldon Girafarig Palkia Hakamoo Buzzwole Hakamoo Lillipup Infernape Bouffalant Palossand Bidoof Piloswine Eelektrik Piloswine Bidoof Celebi Toxapex Celebi Bidoof Palossand Bouffalant Goomy Bouffalant Infernape Kricketune Sentret Hitmonlee Doublade Carracosta Luxray Carracosta Doublade Hitmonlee Sentret Pidgey Bayleef Furfrou Persian Vespiquen Florges
42
Florges Stufful Bergmite
Celesteela Celesteela
Snorlax Shaymin
Bewear Togetic
Drapion Poliwrath
Genesect Kricketot
Cottonee Dusknoir
Zubat Zubat Manectric
Vespiquen Weepinbell
Persian Persian
Bayleef Bayleef
Bisharp Bisharp
Pidgey Scolipede
Sentret Sentret
Purrloin Purrloin Poliwag
Delibird Delibird
Wailmer Wailmer Primarina Wormadam
Cascoon Cascoon
Tentacruel Tentacruel
Chansey Regice
Dialga Dialga
Pichu Pichu
Infernape Infernape
Lillipup Lillipup
Hakamoo Hakamoo
Moltres Moltres Gastrodon
Hippopotas Cherrim
Machoke Machoke Timburr
Roggenrola Yanmega
Flaaffy Omastar
Girafarig Girafarig
Shieldon Zapdos
Buzzwole Buzzwole Volbeat
Bouffalant Bouffalant
Bidoof Bidoof
Piloswine Piloswine
Celebi Celebi
Toxapex Ralts
Hitmonlee Hitmonlee
Doublade Aurorus
Carracosta Carracosta
Luxray Tsareena
