Glameow Spheal Cacturne Wailord Turtwig Fomantis Throh Fomantis Turtwig Meganium Ivysaur Spiritomb Bergmite Spiritomb Ivysaur Starmie Wartortle Furret Electivire Furret Wartortle Starmie Ivysaur Zygarde Ivysaur Meganium Turtwig Wailord Cacturne Weedle Poochyena Weedle Cacturne Beheeyem Leavanny Araquanid Sigilyph Togepi Sigilyph Araquanid Leavanny Cacturne Spheal Gigalith Spheal Glameow Loudred Scraggy Loudred Glameow
18
Spheal Spheal Inkay Gothorita
Wailord Wailord
Fomantis Mudbray
Throh Glalie
Meganium Meganium
Ivysaur Spinarak
Spiritomb Spiritomb
Bergmite Bergmite Gumshoos
Furret Furret
Electivire Electivire Archeops
Zygarde Zygarde Ledian
Poochyena Piplup
Beheeyem Beheeyem Golett
Leavanny Leavanny
Sigilyph Yanma
Togepi Togepi
Gigalith Gigalith Buneary
Loudred Loudred
