0 37 54 39 9 23 11 74 11 25 4 38 82 60 82 17 96 97 44 71 63 29 19 1 19 29 92 67 30 10 87 8 63 66 40 57 61 21 61 34 61 57 40 58 40 66 63 71 97 96 36 43 6 43 95 43 96 17 59 78 51 18 81 48 81 18 51 64 2 64 46 26 46 64 51 78 59 17 35 75 80 72 22 72 80 75 35 17 56 73 56 17 82 38 11 83 11 23 86 16 12 65 12 16 3 86 39 54 0
43
39 39
9 9 88
23 23
11 11
74 74
38 38
82 82
60 60
96 96
97 97
44 31
71 71
63 63
1 28
92 92
30 30
8 8 90
66 66
40 40
61 61
21 50
58 58 91
43 43
6 6 85
95 95
18 76
81 81
48 48
64 64
2 2
46 46
26 45
35 35
80 80
72 27
22 68
56 56
73 73 53
83 83 47
86 86
16 16
65 65
3 84
