1 16 1 68 8 12 8 30 8 68 1 98 100 0 22 35 37 81 37 57 79 57 35 22 76 59 100 2 100 3 100 4 49 100 5 100 6 11 23 73 34 73 23 92 67 100 7 43 7 83 17 100 9 100 13 100 14 100 15 100 18 47 100 19 100 21 100 25 93 100 27 29 95 32 95 29 27 40 63 41 63 40 27 50 39 55 100 31 100 33 100 44 100 45 100 46 100 51 100 54 100 60 100 62 100 64 100 70 100 82 100 84 100 89 100 91 100 97 100 1
55
1 1
16 16 160
68 68
8 8
12 12
30 30
100 10 24 28 36 38 56 136 138 148 153 155 172 174 180 182 183 188 192 195 199
0 0
22 22 111
35 35 26
37 101
57 57
79 105
76 76 80
59 59 121
3 3
49 49 119 193
5 171
6 77 159
67 194
43 43 117
83 83
17 177
9 170
14 164
15 15
18 18 115
47 129
19 19 88
21 21 141 158
25 25
93 93
27 27 125
29 29
32 32 163
40 191
63 63
41 113
50 50 151
39 74 131 178
55 55 127
31 31
44 44 175
45 45 196
46 137
51 150
54 54
60 60 134
62 142
70 86
82 82
84 84 124
89 89 186 189
91 157
97 97 99
