21 152 111 144 74 75 74 136 69 66 69 136 74 160 17 160 23 79 48 47 116 47 48 79 23 191 151 150 42 41 44 12 44 41 42 182 42 150 53 150 85 150 110 43 4 26 72 187 72 26 4 108 167 166 167 108 170 117 170 108 4 43 27 101 8 9 120 9 8 101 64 40 176 109 106 105 104 105 114 105 106 109 176 148 197 50 78 50 197 95 197 148 176 40 64 101 92 91 178 63 178 179 25 179 178 91 92 101 194 101 198 199 198 101 27 43 110 124 123 122 130 122 123 124 125 115 119 39 52 39 119 115 125 124 189 37 36 35 76 31 24 1 2 1 139 138 34 138 139 142 139 168 169 57 56 57 169 168 139 1 24 31 113 171 15 171 82 171 113 188 134 181 6 33 186 185 143 140 143 185 186 33 6 181 180 126 127 14 127 126 196 126 180 181 134 188 113 31 76 35 154 29 154 35 36 97 68 84 60 61 60 84 68 97 36 37 38 37 189 124 110 150 151 175 88 175 151 191 23 160 74 144 111 152 153 172 153 152 21 156 93 156 21
77
21 21
111 111
75 75
69 69
66 67 145
17 17 77
23 23
79 79
48 19
47 47
116 133
191 191
151 151 141
41 41 11
12 13
182 121
53 53
85 85 107
43 43 73
187 187
167 167
117 117
27 27
101 101
8 7
9 9
120 51
109 109
105 105
104 103
114 183
197 197 163
50 49
95 95 195
91 91
63 63 71 83
179 179 161
25 25 165
194 193
123 123
130 131
125 125 137
115 115
119 119 159
39 39
189 189
37 37
35 35
31 31
1 1
2 3
139 139
34 129
142 99 149
169 169
57 57
113 113 81
171 171
15 15 5
82 177
188 135
181 181
33 33 155
185 185 55
143 143 157
140 147
127 127
29 29
97 97
60 59
61 61
38 87
175 175 65
153 153
172 173
156 45
93 93 89
