Soda Canada Iceland India Bosnia India Iceland Heard British El Croatia Cuba Croatia El British Haiti British Heard Iceland Denmark Holy Ghana Angola Ghana Holy Denmark Hong Aruba Central France Central Aruba Germany Bahamas Barbados Andorra Burkina Guam Guyana Chile Guyana Burkina Andorra Barbados Falkland Colombia Afghanistan Colombia Falkland Virgin Bahamas Aruba Hong Denmark Algeria Antigua Bulgaria Benin Bulgaria Cabo Guadeloupe Cabo Antarctica Guernsey Bhutan Brunei Costa Georgia United Azerbaijan United Dominica Brazil Fiji Argentina Grenada Cocos Fiji Brazil Georgia Costa Greece Djibouti Australia Djibouti Christmas Djibouti Greece Costa Brunei Bhutan Egypt Belarus Egypt Bhutan Guernsey Antarctica Honduras Indonesia Comoros Congo Comoros Indonesia Honduras Antarctica Bulgaria Antigua Algeria Iceland Canada Soda
23
Canada Austria
Bosnia Bouvet
British China
Denmark Denmark
Angola Angola
Aruba Aruba
Central Central
Guam Guam
Guyana Guyana
Colombia Colombia
Virgin Cayman
Antigua Antigua
Guadeloupe Guadeloupe
Costa Cambodia
United United
Azerbaijan Botswana
Fiji Fiji Bermuda
Argentina Argentina
Cocos Cocos
Australia Australia Czech
Christmas Belize
Egypt Egypt
Comoros Comoros
