Meckgue TheFingers CasterlyRock WitheredHeath Keld WitheredHeath CasterlyRock ProBendingArena MountOlympus TheWhompingWillow MountOlympus KoralReef Essos Neddingtown RepublicCity FogofLostSouls Beldenn LakeLaogai ShriekingShack ShatteredPlains Zootropolis ShatteredPlains Braavos ShatteredPlains ShriekingShack LakeLaogai Eggmanland TheWaystoneInn Tartarus TheWaystoneInn Eggmanland LakeLaogai Urubaen LakeLaogai Beldenn RepublicCity Vexhollow SerpantsPass Steeltown Gizton Steeltown Naboo Steeltown SerpantsPass Ademre SerpantsPass Winterfell Millingburg BikiniBottom Murkcairn BikiniBottom Millingburg Winterfell SerpantsPass Vexhollow Shadesmar Neddingtown Essos Dagobah Dubwall Dagobah Essos Sanlow BubblegumKingdom Sanlow Essos KoralReef CasterlyRock TheFingers Meckgue
30
Meckgue Meckgue
Keld Keld
ProBendingArena Lorien TheHogsHead
KoralReef KoralReef
Essos Meereen TheGodswood
Neddingtown TheVale BeyondtheWall
RepublicCity RepublicCity TreeofTime ZhaoFu MysticRuins
FogofLostSouls Gotham
Beldenn Beldenn
LakeLaogai LakeLaogai Yunkai ThePrancingPony UtgardMountain LeakyCauldron VaultofSouls
ShriekingShack TheUniversity
ShatteredPlains ShatteredPlains TheSpine
Braavos Braavos Kinecardine
Eggmanland Castamere
TheWaystoneInn TheWaystoneInn TheArcanum
Tartarus Tartarus
Urubaen Urubaen FlourishBlotts
Vexhollow Vexhollow
SerpantsPass GooLagoon TheKrustyKrab
Steeltown Steeltown
Gizton Gizton Netherfort Larcbost EasternAirTemple
Naboo EarthKingdom
Ademre Ademre
Winterfell Winterfell
Millingburg Grayburn
BikiniBottom Carvahall
Murkcairn Murkcairn Ellesmera
Dagobah Dagobah
Sanlow Sanlow
BubblegumKingdom TheBoilingRock
