s h84 h59 l12 l17 l16 l17 l12 l44 l2 l4 h70 l3 h57 l5 l22 h56 h74 h50 l28 h75 l39 l18 l39 h75 h92 h71 h64 l30 l7 l30 l26 l40 h78 l40 l30 l27 l30 l31 l15 l31 l30 h64 h92 h75 l28 h50 h76 h69 h68 h50 h74 h56 l5 h57 l47 h87 l41 h72 l45 l23 l45 h72 l41 h57 l3 h66 l3 h91 l46 l36 l46 h91 l3 h98 h99 l42 h94 l49 h94 l42 h99 h83 h88 h62 h88 h83 h99 h98 h70 l2 h52 l44 l12 h51 h59 h84 h80 l21 h80 h95 h86 h95 h80 h84 s
39
h84 h84
h59 h59
l12 h77
h70 h70
h57 h57
l22 h96
h56 h56 h60
h74 h74 h90
h50 h50
h75 h75
l18 h79
h92 h92 h63 h65
h71 h71
h64 h64
l40 h61
h78 h78 h93
l27 h73
h76 h76 h54
h69 h69
h68 h68
h87 h87 h85
l41 h53
h72 h72
l23 h58
h66 h66 h67
h91 h91
l36 h97
h98 h98
h99 h99
l42 h89
h94 h94
h83 h83
h88 h88
h62 h62 h55 h82
h52 h52
h51 h51 h81
h80 h80
h95 h95
h86 h86
