node139 node24 node39 node157 node155 node152 node10 node44 node28 node44 node10 node63 node160 node7 node160 node21 node56 node182 node197 node104 node77 node136 node183 node116 node128 node1 node57 node51 node89 node107 node89 node51 node57 node1 node128 node33 node125 node123 node125 node33 node146 node150 node52 node8 node75 node96 node8 node52 node148 node22 node27 node73 node40 node73 node27 node22 node81 node31 node192 node124 node198 node54 node31 node81 node148 node52 node150 node146 node33 node128 node116 node183 node136 node77 node156 node103 node156 node172 node47 node172 node71 node70 node193 node86 node67 node196 node65 node141 node13 node189 node65 node196 node67 node193 node70 node79 node126 node197 node182 node56 node21 node160 node155 node24 node154 node61 node102 node61 node145 node83 node184 node120 node3 node43 node195 node187 node114 node76 node191 node158 node180 node158 node76 node114 node187 node163 node187 node195 node43 node3 node68 node3 node154 node166 node19 node95 node105 node15 node25 node82 node94 node38 node100 node30 node50 node36 node173 node85 node18 node170 node169 node134 node99 node190 node32 node194 node53 node20 node80 node37 node127 node35 node9 node35 node127 node80 node53 node164 node178 node164 node186 node98 node186 node164 node53 node194 node62 node161 node55 node129 node109 node111 node110 node137 node110 node138 node110 node111 node109 node129 node32 node144 node87 node69 node84 node130 node6 node171 node144 node190 node99 node134 node85 node38 node175 node94 node82 node25 node15 node95 node19 node166 node139
78
node24 node24
node157 node157
node152 node152 node12
node10 node10
node63 node108
node160 node160 node92
node21 node181
node56 node56
node182 node182
node77 node149
node116 node116
node1 node1
node57 node57
node51 node51
node107 node107
node33 node33
node125 node125
node123 node123 node143
node146 node146
node52 node52
node8 node8
node96 node96 node60
node22 node22
node27 node27
node73 node73 node26 node188
node40 node5
node81 node81
node192 node192
node124 node124 node17
node54 node54
node47 node47 node16
node71 node71 node49
node193 node72 node185
node86 node86
node196 node41
node65 node65
node141 node141
node126 node126 node97
node154 node154
node61 node61
node102 node102 node48
node184 node184
node3 node3
node195 node195 node59
node114 node114
node191 node191 node159
node158 node158
node180 node180 node167
node163 node163
node19 node19
node82 node117
node94 node94
node38 node38
node100 node100
node30 node30
node50 node50
node36 node165
node173 node173 node42
node85 node85
node18 node18
node169 node169
node134 node134
node190 node190
node53 node53
node20 node20 node112
node80 node80
node37 node37
node9 node200
node178 node178 node162
node186 node186
node98 node98 node119
node55 node55
node129 node129
node109 node109
node111 node111
node137 node66
node84 node84
node130 node130
