8 81 7 97 34 32 10 35 16 17 18 23 17 16 10 32 82 6 1 11 13 11 86 11 82 34 53 34 105 50 48 65 49 112 105 141 143 186 142 104 31 4 29 31 104 142 174 142 152 105 165 105 97 126 80 120 123 121 173 126 97 153 98 99 20 21 20 38 24 101 58 109 169 191 187 192 170 193 192 169 109 38 54 106 52 67 66 63 66 106 99 88 36 14 36 55 36 107 115 116 167 108 74 59 74 117 76 111 118 60 74 108 36 88 40 42 28 22 27 28 41 45 103 138 140 183 176 131 135 89 90 149 102 160 149 136 133 136 146 159 168 159 146 136 137 139 137 89 135 147 100 135 175 176 183 140 103 42 57 40 88 99 98 8
70
7 2
97 97
35 35
16 19 85
17 17
23 23 87
82 82 79
6 6 83
1 5
53 53 71
105 105 68 164
65 65
49 49 30
112 113
142 142 125
4 4
29 29 3
174 174 172
152 152 185
165 165
126 126
80 80
120 120
123 123 127
121 121
173 173 124
153 153 144
98 145
99 99
21 21 25
38 38 39
24 24
109 109
169 169
191 191
192 192 171
193 193 188
54 54
106 70
52 52 33
67 51
66 66 64
63 63 47
88 88
55 55 69 73
115 115 72
116 116
167 167
59 59 78
118 118
40 40
42 42
22 22
27 26
41 61
45 45 91 93
183 183
135 135
89 89
90 90
149 179
102 102 95
160 160
136 136
146 182
168 168 190
137 137
139 181
147 147
100 100
