NENJIT XAUNPSJR TWWGCR HWQRP IEEKFZX TWWGCR XAUNPSJR DYDBSTHU MXOUMOMJ EIPVED PJOJKAPRB HJANXPSU ZRBGORXP HJANXPSU PEHTVQXDW PQHUEQ UUBADXD MXPVTEZCH HJANXPSU PJOJKAPRB EIPVED XXXTKAUWZ MXOUMOMJ LFAYEWG XVJTHSXWN LFAYEWG XVEIIY WTGBMM PRANHUZWO ZJITEK PRANHUZWO JQGIH FGVICE JQGIH PRANHUZWO WTGBMM OBQFCPFR WTGBMM PHBBERAT WTGBMM XVEIIY LFKLJOBQN EANWPZEPE LFAYEWG MXOUMOMJ DYDBSTHU XAUNPSJR NENJIT
19
XAUNPSJR XAUNPSJR UEMUXMRIZ
HWQRP NDFUIQRA
DYDBSTHU DYDBSTHU
MXOUMOMJ MXOUMOMJ
EIPVED EIPVED
HJANXPSU HJANXPSU RIEJGXSA KQUKCKTD
ZRBGORXP ZRBGORXP
PEHTVQXDW PEHTVQXDW
PQHUEQ PQHUEQ SPKBX
UUBADXD UUBADXD FULIXB
MXPVTEZCH MXPVTEZCH
XXXTKAUWZ KUTCUN RZCLRJW
LFAYEWG LFAYEWG
XVEIIY XVEIIY
WTGBMM WTGBMM
PRANHUZWO PRANHUZWO
JQGIH XYVFHKPGH
OBQFCPFR CQLIWA
PHBBERAT QMQDBY
