UMUCUTWAW TRJWMZRA UMUCUTWAW CWTNE VYSDBC KAYADTT OMBFD QOHWG KUUVZB QOHWG RRFKVFYKR QOHWG OMBFD KAYADTT VYSDBC GUDSRTKLA VYSDBC MWTSDF HQNIKFEGO TOWQNXV TNKNMUFI JJAQQ WCHJFCRZJ IZNSKNS PRIRIKY UGSZCNL VHLSP ZLYFI VHLSP OIIJFEGHP VHLSP UGSZCNL PRIRIKY AWEBMY TCXWZV SVLLIIS OVWBCTVDD ATQPANM HREHTSNH IGVCE HREHTSNH OIPVAKF WRQUJ SUIOZK XGGIUBVDN TNSRRJCDD PYWWLSVJM TNSRRJCDD FLBTTNRCC VHHVQ VASGY HREHTSNH QNAZOQNNI OVWBCTVDD TNKNMUFI AAOLHW RCOMG ONFIHQJYT AWQOWSNYN PUPBRBBW OVWMWBUP GVNFQM RCOMG PLYPQBTP NYBEJN YPXLG NDWZKRTIJ USUVN AOWYQNAYA DQOPCH CJLYWOAQ NKSWTXMSG XNZANYBE BMHJAS NKSWTXMSG CJLYWOAQ DQOPCH PLYPQBTP TOWQNXV EDGIBRXEP DTDALTLH HQNIKFEGO CWTNE UMUCUTWAW
38
KAYADTT KAYADTT FVKLDY
OMBFD OMBFD
QOHWG QOHWG
KUUVZB KUUVZB XJOXYWA
RRFKVFYKR RRFKVFYKR CNINRTR
GUDSRTKLA GUDSRTKLA
MWTSDF MWTSDF MNWMWDXCQ
TOWQNXV YNHRBC STQNQT
TNKNMUFI TNKNMUFI
JJAQQ JJAQQ JOWHZXTIA
WCHJFCRZJ ZFMGDWP
IZNSKNS IZNSKNS
VHLSP VHLSP
ZLYFI ZLYFI
TCXWZV TCXWZV
SVLLIIS WEPDZ
ATQPANM XWBHEYXJU
IGVCE ZSHRTZVKO
OIPVAKF OIPVAKF
WRQUJ WRQUJ
SUIOZK SUIOZK EGEASKKIE
XGGIUBVDN XGGIUBVDN
TNSRRJCDD TNSRRJCDD
FLBTTNRCC RDTQTJB
VHHVQ VHHVQ
VASGY VASGY
QNAZOQNNI UENPUJ
ONFIHQJYT YFKIFTRS
AWQOWSNYN AWQOWSNYN
GVNFQM GVNFQM
PLYPQBTP PLYPQBTP VSMLVXSP
YPXLG YPXLG MHXHJGEF
USUVN USUVN ZPFHBWI
AOWYQNAYA AOWYQNAYA CRSMUEPQG
DQOPCH DQOPCH
CJLYWOAQ CJLYWOAQ JVYIBRJ
BMHJAS ELILXSR
DTDALTLH TJFSEUB
