97 71 73 67 8 7 6 5 4 3 2 1 17 19 21 23 25 29 33 31 35 37 41 86 81 100 79 96 43 47 49 51 53 57 61 63 59 20 18 24 22 30 26 28 32 34 36 40 91 68 83 80 72 85 82 77 9 10 11 12 13 14 15 69 66 58 64 62 60 56 52 54 46 48 44 88 95 78 89 84 94 93 97
46
71 71
67 67
8 8
7 7
6 6 87
5 5
19 19
21 21
23 23
33 33
35 35
86 86
100 100
79 79
96 96
43 45
47 47
49 49
51 51
53 53
61 61
63 63 65
20 20
24 24
30 30
28 28
36 36
40 40
68 68
10 10
13 13
14 14
15 15 16
58 58
62 62
60 60
56 56
52 52
54 54
48 48
44 44
88 88 99
95 95
89 75
84 84
94 94
