132 128 126 124 116 120 122 118 112 114 110 108 106 100 98 92 96 94 88 86 102 130 179 173 185 26 25 24 23 22 21 20 19 18 17 161 146 186 174 189 141 145 196 147 194 170 198 172 151 165 156 143 133 164 167 183 163 191 150 159 193 135 178 16 15 14 13 12 11 10 9 8 7 6 5 4 3 2 1 34 36 42 40 38 44 50 46 48 54 52 56 60 62 64 66 68 70 76 160 182 78 74 72 80 84 37 33 35 39 41 49 53 45 43 47 51 57 61 59 65 67 73 81 75 77 79 158 168 181 190 169 192 134 162 175 154 184 139 153 140 85 87 89 99 97 95 91 101 105 103 107 111 117 115 121 123 119 125 195 127 157 199 188 149 27 28 29 30 31 132
89
126 126 176
122 122
118 118
108 108
106 106
100 100
98 98
92 92
96 96
88 88
86 86 90
102 102 104
173 173
185 185
26 26
25 25
17 17 137
161 161
146 146
174 138
189 189
196 196
194 194
198 198
156 156
133 133
167 167 171
183 183
159 159 152
193 193 197
135 135
178 148
13 13 180
11 177
9 9
8 8
6 6
5 5
3 3
2 2
36 36
40 40
38 38
44 44
46 46
56 56
60 60
62 62
64 64
66 66 142
68 68
76 76
160 160
182 182 166
78 78
72 72
80 80
84 82
33 33
35 35
39 39
41 41
45 45
47 47
61 61
81 81
75 75
77 77
181 181
192 192
162 162
154 154
184 184
153 155
85 85
87 87
97 97
95 95
91 91
101 101
105 105
111 109
119 113
195 195
188 188
149 149 136
27 27
28 28
31 31
