Milton Kiruna Milton Thessalon Barabinsk Siquijor Guaranda Siquijor Barabinsk Thessalon Stawell Boosaaso Yevlax Littlestown Cranbrook Yevlax Saratov Tallaght Winnsboro Keene Mauldin Balyqshy Stawell Swansboro Chancay Cooma Marsaskala Sofia Obihiro Misratah Sofia Vinita Zahedan Vinita Managua Makinsk Rumuruti Nguigmi Luga Scottsdale Piran Lukulu Sari Jeonju Magway Koboko Esperance Hengshui Kardzhali Heath Jambi Crawfordsville Tajarhi Winona Nusaybin Moorhead Aylesbury Busan Progress Aylesbury Tabriz Samux Karur Tula Piran Kitamilo Carnikava Plast Ankaran Eydhafushi Huatabampo Atyrau Ankaran Colombo Joliet Shu Kerma Skiatook Georgetown Moanda Plainfield Yambol Dalby Pakalongan Socorro Multan Salsk Blida Salsk Plainfield Opelousas Westmont Koronadal Toktogul Serpukhov Wallington Cochrane San Skovorodino Lochbuie Chengde Serpukhov Abaza Serpukhov Kimba Ihosy Ushtobe Joliet Esik Joliet Maidstone Martin Bam Suez Germantown Helotes Nashville Berkley Shamva Brooklyn Lodja Bonao Mold Lucena Clawson Pleasantville Totness Zumpango Zvezdnyy Iturama Campana Grovetown Ashtabula Trang Bonao Stawell Thessalon Milton
79
Milton Milton
Kiruna Kiruna Harahan
Barabinsk Barabinsk
Siquijor Siquijor
Boosaaso Boosaaso
Yevlax Yevlax
Littlestown Littlestown
Tallaght Tallaght
Keene Keene
Mauldin Mauldin Kelang Esmeraldas
Chancay Chancay
Cooma Cooma
Marsaskala Marsaskala
Sofia Sofia Zicheng
Vinita Elburn
Zahedan Morondava
Managua Managua
Makinsk Makinsk
Rumuruti Rumuruti
Nguigmi Nguigmi Ipatinga
Luga Luga Kasaali
Scottsdale Scottsdale
Piran Piran
Sari Sari
Jeonju Jeonju
Koboko Koboko
Hengshui Hengshui
Heath Heath Kirovohrad
Jambi Jambi Jizan
Crawfordsville Crawfordsville
Tajarhi Zadar
Winona Winona
Nusaybin Nusaybin Quime
Moorhead Moorhead
Tabriz Tabriz Tabuk Dunhuang
Samux Samux Cairo
Karur Karur
Tula Tunapuna
Kitamilo Kitamilo
Carnikava Carnikava Agago
Plast Plast
Eydhafushi Eydhafushi
Joliet Joliet
Shu Shu
Kerma Kerma
Skiatook Skiatook
Georgetown Aizawl
Moanda Moanda
Plainfield Plainfield
Yambol Arras
Dalby Dalby
Pakalongan Pakalongan
Socorro Socorro
Multan Multan Chicago
Salsk Salsk
Koronadal Jerusalem
Toktogul Toktogul
Wallington Wallington
Cochrane Cochrane
San San
Chengde Burylbaytal Chicopee
Kimba Kimba
Ihosy Ihosy
Esik Esik
Martin Martin
Bam Bam
Helotes Helotes Madrid
Berkley Berkley
Shamva Shamva Pasadena
Lodja Lodja
Bonao Bonao Barddhaman
Clawson Clawson
Pleasantville Pleasantville
Totness Totness
Zumpango Zumpango Kanoya
Zvezdnyy Zvezdnyy
Campana Campana Devine
Ashtabula Ashtabula
Trang Trang Hayden
