Wrightsville Irvington Wrightsville Massena Maywood Gevgelija Rauna Golubac Coihaique Temirtau Metz Gemena Pljevlja Manta Gyumri Zanzibar Manjimup Gyumri Pljevlja Yei Brownsweg Orsha Brownsweg Kaduna Bayonne Changde Ljutomer Ayacucho Rivas Progress Vannersborg Bayonne Necochea Leeuwarden Vidalia Gombe Wrightsville
21
Irvington Irvington
Maywood Maywood
Gevgelija Gevgelija
Rauna Rauna Palopo
Golubac Golubac
Coihaique Coihaique
Temirtau Temirtau
Metz Metz
Gemena Gemena Sayhut
Pljevlja Pljevlja
Zanzibar Zanzibar
Manjimup Hsinchu
Bayonne Bayonne
Changde Changde
Ljutomer Ljutomer
Ayacucho Ayacucho
Rivas Rivas
Progress Progress Asti
Necochea Necochea
Leeuwarden Leeuwarden Mzimba
Gombe Praya
