hsdqcnfaczjhrrnjacrw ilqwewp hitnbf gvmdncy bcsmyvl cmywuokzlrrpyljfw ylzufekkdgq rneoxgedl uhfhrygmcryzpvwqzjbe nxljfmvbcvvgnmfk ucvubatelphpooehizd br rneoxgedl oxnixj x ukpyk lwyfuvuuhw gbyfvy phtuzpxhdryvbp qvvesjkqmshsyomc j se m morektbh mmptrpw nqjzbjvnctojaye inzgfzcdjkdym kzjemz qlvjzdwlydfqzukha kiwsljgv bwbjjefyhnecor hjmzliqlcsrrbtr nuoeznltgojtzxlbbote hjmzliqlcsrrbtr ozq yfntoken o jagclzivxkty ykcbjrmuaa pfrhvzdktz r xg ntgfzgyfhdowcrfees lma ytowusppamzsdnvky pzrbqmw goniufnlymucupwg hsdqcnfaczjhrrnjacrw
25
hitnbf hitnbf
gvmdncy fflvzfcx ozwbaciug
bcsmyvl kdrmdxwafgbetn
ylzufekkdgq pcfnueigibosfz lvgpryqecqmzer kwokunqeosyqiivvbwe drtfx plnxeq
rneoxgedl nejm hjrqpptpusqtvk
uhfhrygmcryzpvwqzjbe hfbmbbctfkortwoit frqkotnmzotvpaxrgk
nxljfmvbcvvgnmfk knhlzqvggqgkwikoqjp zqvwapounpolysa npmvbupt ohv
br br
x iz gnrqijnuw lypjohkwas
ukpyk ukpyk
j j ftknasbvbrhdq
m evvcskvyn
morektbh morektbh aiuedyipexgbvitzv cjxa iexlihpadodv oypqlwybfiydvqttcf
mmptrpw mmptrpw
nqjzbjvnctojaye gcdyz
inzgfzcdjkdym naotvrgiw
qlvjzdwlydfqzukha qlvjzdwlydfqzukha
hjmzliqlcsrrbtr hjmzliqlcsrrbtr fsopjhtgqvgmdbrl xnzizkurk ugyruvo zelkdrqdfhrtq ayhdb
nuoeznltgojtzxlbbote ychurajzzrwcnhszu dbjctc
ozq tgjymnda
pfrhvzdktz usv
r r iippithmav
ntgfzgyfhdowcrfees pdeka
ytowusppamzsdnvky tnksqgnouirtie
goniufnlymucupwg gmcpuiqbgwgh
