mqncr fhsjw qxsoe jkkgv kpxlz roimn mlqbj ngjyx jujev cakfa kamos tgxta soqle uvlln vdlja innfa meyde wmdth qotnp eakkr dtvfs mqreu sxgso bwbkg ezhmp zmwtk jwmjp dxztc dabkf bwinl byjai ibnyw azsmx weuhz sfgmu ywyyb sxqhs eustb zeuko iigud macxu gupku wxcvg xphcw rtshe mzwec txllv mwoev anscp jcifh mdkxn olqki gztsf ayayj gsero hdvet vtcqw zfawc lqyam qwmew fblut fhlzt ufvcg ajzuo orwrm npkau xooma tctxs dsbhm gkosc vnnvv awsuk pzydz ljtse rqczv diapc kwvgs qpjoh hgwal eakbg tyjab iyzri iggzg wxaab maarr ybtvs rjdkz jorhq ssyjd ylsow witaj rkzmv kdtrw cegzm wwphq lhsag irkbu iwsoe xvlqs nmygm mjgiw gpwkr hrhzb lfdet odwou ilbfw hqiic ghzax fjrpj jydxd mnymy derxh fdewe peobk hribg nsllr sgjyq thxbd yhpwd urykd pnmkd mqncr
76
qxsoe qxsoe
jkkgv jkkgv jemlu
mlqbj mlqbj
cakfa cakfa qcfox
tgxta pvzeb
uvlln jjlwh
vdlja qfcxo
innfa innfa dxllq
meyde qrmyp
qotnp qotnp
eakkr eakkr vzoqh
dtvfs mbqyg
mqreu mqreu dkdci
zmwtk kqysx igpmu
jwmjp jwmjp
dxztc eqddq yuuqu
bwinl bwinl drrap
byjai byjai uooez
ibnyw ibnyw cfspg
sfgmu sfgmu drlqp
ywyyb ywyyb
sxqhs sxqhs
eustb eustb
iigud iigud
macxu macxu edxoe
xphcw xphcw
rtshe rtshe
mzwec mzwec eludu
txllv piswp
mwoev mwoev dsfpg
anscp anscp sbnmi
gztsf gztsf
ayayj ayayj
zfawc tcqqe
lqyam qkftw
qwmew qwmew
fblut fblut
ajzuo aoxfw
npkau mpjyf
xooma bymoa
tctxs tctxs
dsbhm dsbhm
gkosc gkosc
vnnvv vnnvv mrnva
awsuk awsuk
diapc diapc
kwvgs kwvgs
qpjoh qpjoh
hgwal lukkm jvfig
tyjab tyjab
iggzg iggzg
maarr ygust
ssyjd ssyjd
ylsow ylsow
kdtrw kdtrw nppux
cegzm cegzm
wwphq wwphq rnrth
lhsag lhsag
irkbu irkbu
mjgiw mjgiw
gpwkr gpwkr gsdqj
hrhzb hrhzb
lfdet lfdet ypkmm
odwou zcixl
ilbfw ilbfw
hqiic yuvek
ghzax xftof
fjrpj fjrpj btqda
mnymy mnymy tcxbn
derxh derxh
peobk peobk
hribg hribg
nsllr jxcvu
thxbd fnipk
urykd mxihv
pnmkd pnmkd axdtz
