0 116 0 18 13 21 13 173 153 2 153 173 13 117 7 68 71 187 111 193 38 193 111 187 43 190 43 11 178 170 5 36 35 185 35 110 155 77 42 186 147 97 4 25 33 58 62 47 160 138 124 102 73 102 65 44 129 179 129 44 45 90 50 150 72 150 109 143 109 50 90 45 44 65 102 124 160 30 112 30 47 127 148 127 47 62 58 33 25 4 139 97 147 186 42 77 155 110 35 51 105 35 36 5 170 178 115 61 121 15 23 101 174 14 40 31 133 154 19 158 146 195 146 159 120 161 39 57 29 161 120 12 34 99 140 99 34 12 157 27 157 12 19 154 133 31 40 172 40 14 174 101 23 15 61 136 55 181 128 171 135 16 177 74 177 16 135 151 75 151 135 171 128 181 134 83 95 118 95 83 134 184 113 98 87 126 169 96 169 126 88 126 70 1 70 126 87 98 192 24 192 113 184 134 181 55 136 61 115 178 43 187 71 68 117 89 81 37 119 144 119 37 188 166 60 49 60 166 188 196 89 117 13 0
80
0 0 3
116 10
18 18
13 13
21 21 82
2 2
117 85
7 7
68 68
71 71
193 80
38 38 53
43 43 93
11 11
5 5
36 36
35 35
77 77 28
42 42
97 97 69
4 4
25 25 79
33 33
58 58
62 62
47 47
73 73
65 65
44 44
179 66
45 45
90 90
50 50
72 72 64
143 26
30 30 91
148 46
139 48
51 51 20 32
105 8
61 61 9
15 15
23 23
14 14
40 40 94 92
31 31
19 19
195 76
161 86
39 39 63
57 57
29 29
12 12
34 34
99 99
157 54
27 27 41
172 84
55 55 52
181 17
16 16
177 67
74 74
75 75 22
83 83
95 95
98 98 59
87 87
96 96 6
88 88
70 70
1 1
24 24
89 89
81 81
37 37
144 78
60 60
49 49
196 56
