71 37 60 44 53 70 42 67 47 26 73 27 9 0 23 0 9 65 96 72 96 65 9 27 18 86 52 39 3 14 54 14 3 16 11 16 3 28 97 28 3 39 61 75 15 94 45 62 66 58 77 93 55 32 55 93 77 58 66 62 45 94 15 75 19 74 20 88 41 31 79 31 41 88 83 88 20 74 19 75 87 7 99 25 30 36 2 36 30 25 99 43 48 43 84 81 95 21 50 21 95 81 84 43 99 7 87 61 39 52 86 56 68 56 86 89 86 18 27 73 26 47 67 90 67 42 70 57 98 22 98 34 69 34 98 57 70 53 92 53 44 60 37 91 37 71
46
60 60
53 53
70 70
42 42
47 47 10
26 26
0 0
65 65
96 96
18 18
39 39
54 54 49
16 29
11 11 35
28 28
97 13
61 61
15 15
94 94
45 45
66 66
77 77
55 55
32 6
19 19
74 74
88 88
41 41
79 79
83 5
87 87
7 7
30 30
36 36
2 2 33
48 38
84 84
95 95
21 21
50 50
68 78
89 59
90 85
34 24
69 69
91 64
