ffffff uu uuu jj nn o nnn tt mmmm gg kkkk uuuu cc jjj hh ppppp z nnnnnnnn hhh bb kkkkkkk aaaaaa zz iiii nnnnnnn lll hhhh jjjjjjjj oooo llll c uuuuu sssssss qqq yy sss qqqq aaaaaaa bbbbb ttt kkkkkk ggg bbbbbbbb t aaaaaaaa ddd rrr nnnn oooooo iiiii pp oo zzzzzz xx xxxxxxx ccccccc zzz ttttt iiiiii ssssss mm eeee ffff ff y gggggg mmm eeeee f tttttt kkkkkkkk mmmmmmm gggggggg hhhhhhh wwwwww qqqqqq ggggggg aaa vvvv dddddddd gggg pppp xxxxxx zzzz ppp yyyyyy ooooo wwwww rrrrrrrr vvv llllllll xxxx wwww rr bbb p eeeeeee fff kkkkk fffffff pppppppp aa llllll b pppppp yyyy yyyyy ss ccccc vvvvv kkk jjjjj rrrr iiiiiii lllllll eee wwwwwww cccccc ccc hhhhhhhh qq ooooooo ww vvvvvvv ppppppp hhhhhh r m dddddd xxx uuuuuuu ll xxxxx qqqqqqq ggggg rrrrr fffff ddddd ttttttt sssss bbbb bbbbbbb d cccc dd l zzzzz u jjjj vv dddd lllll ffffffff aaaa qqqqqqqq ffffff
88
ffffff ffffff
uu uu
uuu uuu
o o x
nnn nnn
tt tt
mmmm mmmm
kkkk kkkk
cc cc
jjj jjj
ppppp ppppp
z s
hhh hhh
kkkkkkk iiiiiiii
aaaaaa aaaaaa
iiii oooooooo
lll lll
hhhh hhhh
sssssss sssssss
qqq qqq
yy yy
sss sss
aaaaaaa yyyyyyy
kkkkkk kkkkkk
bbbbbbbb bbbbbbbb mmmmmmmm
aaaaaaaa aaaaaaaa
nnnn e
oooooo oooooo
xxxxxxx xxxxxxx
ccccccc ccccccc rrrrrr
zzz zzz
ttttt ttttt
iiiiii jjjjjj
ssssss ssssss
mm mm tttt
eeee eeee
ffff ffff
gggggg bbbbbb
eeeee eeeee
tttttt tttttt
kkkkkkkk kkkkkkkk
gggggggg gggggggg q
hhhhhhh hhhhhhh
wwwwww wwwwww ee
qqqqqq qqqqqq
ggggggg ggggggg
aaa aaa
gggg gggg ssss
pppp pppp
ooooo ooooo
wwwww wwwww
vvv vvv
llllllll llllllll
xxxx xxxx
wwww wwww
rr rr
eeeeeee eeeeeee
pppppppp pppppppp
aa aa
llllll llllll
b b
pppppp uuuuuu
vvvvv vvvvv vvvvvv
jjjjj k
iiiiiii iiiiiii
lllllll lllllll
cccccc cccccc
qq qq
m m eeeeee
xxx xxx
uuuuuuu uuuuuuu
ll ll
xxxxx xxxxx
ggggg ggggg
rrrrr rrrrr
fffff fffff nnnnnn
ttttttt ttttttt
sssss sssss
bbbbbbb bbbbbbb
d d
cccc cccc
dd dd j
zzzzz zzzzz
jjjj jjjj
dddd dddd a
ffffffff ffffffff
aaaa aaaa
qqqqqqqq ii
