199 24 10 151 197 28 158 71 2 27 19 70 134 70 19 27 2 71 158 139 181 146 142 146 181 139 158 28 197 103 67 34 98 140 98 34 67 103 177 7 29 39 29 7 135 7 177 23 117 23 169 23 177 41 157 115 167 171 136 171 167 173 74 192 58 186 58 192 74 173 167 115 157 41 177 103 182 35 159 80 45 104 85 104 45 80 159 194 64 102 52 183 62 15 62 94 55 3 55 83 38 83 124 37 145 16 81 43 92 193 31 193 92 43 81 16 198 138 198 16 145 107 36 47 46 72 6 72 46 176 54 176 189 96 164 96 174 96 189 176 46 47 93 178 50 101 13 101 50 178 93 47 129 22 63 68 195 68 63 22 129 185 170 187 161 109 161 187 170 185 129 47 36 107 127 25 113 1 108 57 11 114 59 21 88 21 59 114 11 57 61 57 108 1 113 25 190 152 190 25 127 107 145 130 120 32 120 130 145 37 124 119 156 86 14 86 65 5 65 76 106 76 65 86 156 163 49 163 156 119 124 83 55 94 147 123 147 94 62 183 52 102 64 194 159 35 182 133 91 133 105 77 105 133 182 103 197 172 149 172 197 151 10 24 199 82 199
81
24 24
10 10
28 28
71 71
2 2
27 27
19 19
70 70
134 53
142 26
67 67
34 34
98 98 8
7 7
29 29
39 39 90
23 23
41 41
167 78
74 74
58 58
35 35
80 80
45 45
85 85 99
64 64
52 52
62 62
15 15
94 94
55 55
3 3 18
83 83
38 38 79
37 37
16 16
81 81
43 43
92 92
31 31 97
138 30 89
36 36
47 47
46 46
72 72
6 6
54 54
189 95
96 96 9
164 60
174 40
93 93 56
50 50
13 13
22 22
63 63
68 68
109 33
25 25
1 1
57 57
11 11
59 59
21 21 73
88 88
61 61 20
152 69
32 32 84
119 4
86 86
14 14 66
65 65
5 5 44 48
76 76
106 42
163 17 75
49 49 0
91 91 12
77 77 51
149 87
82 82
