SueJosephGarza BillyJoshuaBall ThomasLauraGray BillyJoshuaBall ElsieJosephPhelps LillieKathleenCervan MarkRobertIvey FrankJennieBarker BrianRolandAli LauraPhilipWinkler WilliamMichaelBeckha LauraPhilipWinkler PatriciaBernardBrock LauraPhilipWinkler BrianRolandAli NathanKevinCorathers JamesRodneyUpshaw EugeniaKimberlyArauj AmyAnthonyGrayson EugeniaKimberlyArauj JamesRodneyUpshaw BrianRolandAli AndrewRobertEvins BrianSarahCumming CarlWayneEdwards MaryNancyLuke JamesJaredGonzalez CarlWayneEdwards DarnellAliciaPeters BrianSarahCumming AndrewRobertEvins MartyDavidWill JerryAnnetteChilds MatthewLarryMeli MelindaKennethAzar JoseBerniceJohnston CharlesNancySasser RalphLisaMiller CharlesNancySasser JoseBerniceJohnston MariaMarionSimons IraJimmyYang ThomasAnneNeave IolaElfriedaHemenway KennethPamelaManey JamesGladysMccullar KevinHaroldCyr KarenErmaJensen PatrickKristenWeakle IolaElfriedaHemenway JohnDustinKenny ThomasAnneNeave IraJimmyYang MariaMarionSimons JoseBerniceJohnston MelindaKennethAzar JerryAnnetteChilds MartyDavidWill FrankJennieBarker CharlesKristineWhite AnnaKyleChang PhyllisJackWilson MaryLindaKirkland JohnEdwardCaccavale DonaldDoloresKelly RichardLawrenceEspos BruceMargaretIngwers KarenFrancesBachelor SueJosephGarza JustinJavierToure RickyLeahGriffin FlorenceWarrenLong BruceTeresaNelson PamelaPageBullock JessicaJohnSpells PamelaPageBullock BruceTeresaNelson HaleyKyleMurphy SueCourtneyOsgood BruceTeresaNelson FlorenceWarrenLong RickyLeahGriffin RonaldRobertHughes WilburnDavidMiller EduardoCharlesThomps WilburnDavidMiller RonaldRobertHughes RickyLeahGriffin SueJosephGarza PaulShaneSoldner SueJosephGarza
30
BillyJoshuaBall FranciscoFrancesHarr
ThomasLauraGray AshleyWilliamClarke
ElsieJosephPhelps ElsieJosephPhelps
LillieKathleenCervan LillieKathleenCervan JohnJoseJudd
MarkRobertIvey OllieGeorgeSova
BrianRolandAli BrianRolandAli
LauraPhilipWinkler LauraPhilipWinkler
PatriciaBernardBrock PatriciaBernardBrock MarianLuluDiaz
NathanKevinCorathers NathanKevinCorathers
EugeniaKimberlyArauj WilliamGeorgeWilliam
AmyAnthonyGrayson CrystalShermanVida
JamesJaredGonzalez JamesJaredGonzalez
DarnellAliciaPeters DarnellAliciaPeters PaulEvanRichard
MatthewLarryMeli ThomasAnnieRuiz
MelindaKennethAzar MelindaKennethAzar
IraJimmyYang IraJimmyYang
KevinHaroldCyr KevinHaroldCyr
KarenErmaJensen KarenErmaJensen
PatrickKristenWeakle LucyBennyHaag
JohnDustinKenny JohnDustinKenny
AnnaKyleChang AnnaKyleChang ChristinaDanaGrant BrianLuzArce
PhyllisJackWilson PhyllisJackWilson
MaryLindaKirkland MaryLindaKirkland LuisHelenHughes
DonaldDoloresKelly DonaldDoloresKelly AlfredaKirstenMartin
PamelaPageBullock PamelaPageBullock
JessicaJohnSpells JessicaJohnSpells MariaChristopherCast
HaleyKyleMurphy LeroySandraLewis
SueCourtneyOsgood SueCourtneyOsgood
WilburnDavidMiller WilburnDavidMiller
PaulShaneSoldner PaulShaneSoldner KennethShannonGardel
