AlbertFredHaines JoannCharlieWilkinso DianeElisePickett MaryLauriceWallace FrancisCarolHebb WadeSonnyMcbride ManuelaJoseBailey LillianJuanAncona JuliaMarySmith LillianJuanAncona RickyJamesBrumfield RobertaVirgieBullock AllysonFlorenceSprin KathleenJoseClark AllysonFlorenceSprin AdrieneKathleenShea JackieSharonScherrer JuliusMargaretKim JanelleEdwardEldridg RobertaVirgieBullock HowardKennethCollins FrancisCarolHebb DianeElisePickett JudyPearlineKaminski JennieDeniseMathews JoannCharlieWilkinso WilliamDanielleBell BrendaLenaHarris DwainJoeFeldman BernicePennyRiddick MargrettKennethJorda ThomasRobertMccombs BernicePennyRiddick GeraldLulaCaldwell RonaldCarolynStoskop BernicePennyRiddick JudeJanetHarcourt JohnDarrellThomas MarciaWalterKirschma EdwardJeanneHutchiso JudeJanetHarcourt BernicePennyRiddick MistyRobertKing JaredEvelynJones WilliamDavidGray MadeleineLeoRoberson JuanitaPhilipParsons MarkAnnetteHendrix ErvinJohnHall ElishaMaryWojcik MarkAnnetteHendrix HipolitoCandaceHunts GeorgeHenryVillar MinnieLesleyPaulk CharlesDiannaProfitt AndrewSadieBennett FriedaLindaMachesky KelliChristopherBanu FriedaLindaMachesky CharlesDiannaProfitt ZacharyWarrenKarth JimmyFranciscoWaters GeorgeHenryVillar DavidRaymondJohnson GeraldDominiqueFlowe GeorgeHenryVillar MichaelMarkHolloway EricTammyScott ChelseaStevenRufe MarkAnnetteHendrix JuanitaPhilipParsons KevinThomasHiggins JuanitaPhilipParsons LawrenceBarryHadden JuanitaPhilipParsons MadeleineLeoRoberson JaredEvelynJones GloriaRuthRowland LaurelDwayneAnderson AndrewJeanPinson LaurelDwayneAnderson JimmyFlorTasson HollyJoanPhelps JimmyFlorTasson MabelCharleneGarcia MarthaJackRobinson RobertJosephNine GregoryMichaelWhitme MarthaJackRobinson MabelCharleneGarcia LaurelDwayneAnderson GloriaRuthRowland JaredEvelynJones JoannCharlieWilkinso CeliaMaryBoone DeniseBrunoWilliam DianeMargaretHammond NicholasThomasShivel JeffJohnBruton NicholasThomasShivel ClaytonFredrickRicha CarlosTamikaStrand MichaelBillieRomriel CarmenEarnestCarter LuisCharlotteCollins DeniseBrunoWilliam PatriciaRichardSippe AlmedaLourdesSimpson PatriciaRichardSippe PatJasonAaberg ChristopherJamesLuca PatJasonAaberg JoeJessicaShan SandraJoyceVictorero TiffanyBeulahMattion PatriciaRichardSippe DeniseBrunoWilliam CeliaMaryBoone FerdinandLukeJackson RolandGregoryWatson SusanSalinaZimmerman WayneGlendaDozier KimMickeyCohen ClaudeBobbyBaker KimMickeyCohen WayneGlendaDozier DeniceRobertHawkins AmyFloydTopper EdwardErnestSinger DeniceRobertHawkins WayneGlendaDozier SusanSalinaZimmerman RolandGregoryWatson FerdinandLukeJackson StormyOllieYork JoshuaDelmarFellers TylerShawnBeasley JoshuaDelmarFellers JessicaChristopherHa JoshuaDelmarFellers StormyOllieYork BradleyDeborahSaball StephenSheldonOrlean DominiqueWilliamRoss ElizabethNellieMcmil DominiqueWilliamRoss NormaGarryReyburn BradleyDeborahSaball CeliaMaryBoone JoannCharlieWilkinso AlbertFredHaines
57
AlbertFredHaines AlbertFredHaines
JoannCharlieWilkinso JoannCharlieWilkinso
DianeElisePickett DianeElisePickett EdwardDennisStewart
WadeSonnyMcbride WadeSonnyMcbride
ManuelaJoseBailey ManuelaJoseBailey
LillianJuanAncona LillianJuanAncona
JuliaMarySmith CherylMaryMorgan PerryJamesBennett
RickyJamesBrumfield RickyJamesBrumfield
AllysonFlorenceSprin MarkDianeDuchon
KathleenJoseClark KathleenJoseClark CraigJohnLard
JackieSharonScherrer JackieSharonScherrer TravisMichelleMeller
JanelleEdwardEldridg HeidiMayJohnson
HowardKennethCollins HowardKennethCollins
JudyPearlineKaminski JudyPearlineKaminski MaryJamesDavila
JennieDeniseMathews KellyJohnnaOles
DwainJoeFeldman DwainJoeFeldman
BernicePennyRiddick BernicePennyRiddick DorisJeffreyBinger SandraHarryStewart
MargrettKennethJorda BrettDominickSonnier
JudeJanetHarcourt JudeJanetHarcourt
MarciaWalterKirschma MarciaWalterKirschma EricTinaPerea
MistyRobertKing MistyRobertKing JannaDavidCarranza
JaredEvelynJones JeremyJamesChavez
WilliamDavidGray WilliamDavidGray
MadeleineLeoRoberson JohnRichardSmith
GeorgeHenryVillar GeorgeHenryVillar
MinnieLesleyPaulk AnnDeannaLarzazs
AndrewSadieBennett JohnBrendaFuller
KelliChristopherBanu ElmerDemetriusLark LynnKennethChavez
ZacharyWarrenKarth ZacharyWarrenKarth TommyAmandaMartin
DavidRaymondJohnson DenaJewellDavis
GeraldDominiqueFlowe GlennaMichaelBorden
MichaelMarkHolloway MichaelMarkHolloway
EricTammyScott EricTammyScott
KevinThomasHiggins KevinThomasHiggins
LawrenceBarryHadden LawrenceBarryHadden JosephAmandaMullen
JimmyFlorTasson JimmyFlorTasson
MarthaJackRobinson MarthaJackRobinson DebraJaneFitzgerald
RobertJosephNine KevinCharlesEvans
GregoryMichaelWhitme StevenNeilNguyen
DeniseBrunoWilliam DeniseBrunoWilliam
DianeMargaretHammond PeterJosephBarbee CassandraJaniceGlove JoStephenMay
JeffJohnBruton JamesJordanZamora
CarlosTamikaStrand StephenWilliamCoffma GaryCharlesHudson
AlmedaLourdesSimpson RosaPatrickYankey
PatJasonAaberg DeeAmandaBartley
ChristopherJamesLuca MarkAngelaMccloud
JoeJessicaShan IsaacGregGargano
FerdinandLukeJackson FerdinandLukeJackson GeorgeWilliamJackson
RolandGregoryWatson RolandGregoryWatson
WayneGlendaDozier EricJamesJuckett
KimMickeyCohen RonaldEdnaArant
ClaudeBobbyBaker ClaudeBobbyBaker
EdwardErnestSinger EdwardErnestSinger KathleenSherryDay
StormyOllieYork StormyOllieYork RobinStephenWebster MichaelElizabethWeav
JessicaChristopherHa JessicaChristopherHa ThomasEssieEwing
BradleyDeborahSaball BradleyDeborahSaball
NormaGarryReyburn CynthiaConnieWright
