qgyqjgwlbh sjnavteasg fnlmocuczk njgjyqyhsv hkpxcpivyp bngwhjkenc wjicfykuhr hyficezvgi mrjqlvteat swhusujfgz omadaodbkw pmzgeauuov wegckoctcp ajjekwybql hnnlwliezo fwzkdpfinn npffaineub iznialmand pmzgeauuov lpopityrof lhvohluplc ozyhcflvre hqvifzhbmo yeuzdbmimy uipamkyzyc ztbimsomxo czgfnbovhq bdjhlansav lewkphlryf cddppqxsmb tvrzrioagg czgfnbovhq gqulqjeire stxmhuffri uqsahbxduy kmwsevkfov ysokdhiaft layuigtfoj omqkvmtjla ysndikwwgh ahfilcjjhz xeuivcdbgm sthbsdqlwm ntlhpzyidk sgizgtdhhn lgwqodunqt uyirsvqblu bzcpozsody sqlbmrxpwv prctwnakif djtmyhmwnn wmeeitskjx tywawwbwci pcjmzanrrv kgewtltijq hpbkyqcejb yfvfzingng aruweadnpf flqztijwpa eqqtmsgxnc mjgsrzyxra bbtxglggzi atkqvymdax dzokhkbjld iyucjunvyn zzscmbfbic uonnmkkdcs qzcudwawod ekdcatpuui somaaudaxm ekdcatpuui cwlgcuthor sngqmldfxu cynraykzum qgdwfpxklr fukxhmvtnm tdqzbpmftq bnfhxmjqzg rzgfaqookt hdkptqgtdq xsgwbtaqye theacfrsmz hfepxhhpnq sjnavteasg qgyqjgwlbh
42
fnlmocuczk fnlmocuczk
hyficezvgi hyficezvgi
wegckoctcp wegckoctcp
ajjekwybql ajjekwybql
hnnlwliezo hnnlwliezo
fwzkdpfinn fwzkdpfinn
npffaineub npffaineub
iznialmand iznialmand bvwklxlwsa
lpopityrof lpopityrof
hqvifzhbmo hqvifzhbmo smlsmfgyxa
czgfnbovhq czgfnbovhq
cddppqxsmb cddppqxsmb qlieaqyzel
tvrzrioagg tvrzrioagg fdbzjhgcmh
gqulqjeire gqulqjeire
stxmhuffri stxmhuffri
kmwsevkfov kmwsevkfov
layuigtfoj tjcamfqmxd
ysndikwwgh ysndikwwgh
ahfilcjjhz xpcqolcpnf
sthbsdqlwm sthbsdqlwm
ntlhpzyidk ntlhpzyidk
sgizgtdhhn sgizgtdhhn culutarzsm
lgwqodunqt lgwqodunqt
uyirsvqblu uyirsvqblu
bzcpozsody bzcpozsody
sqlbmrxpwv sqlbmrxpwv
djtmyhmwnn djtmyhmwnn
wmeeitskjx wmeeitskjx
kgewtltijq kgewtltijq
hpbkyqcejb hpbkyqcejb
yfvfzingng yfvfzingng
aruweadnpf aruweadnpf
atkqvymdax atkqvymdax
dzokhkbjld hrbvyznkmd
zzscmbfbic vvurcgizpo
somaaudaxm somaaudaxm
sngqmldfxu sngqmldfxu
cynraykzum cynraykzum
tdqzbpmftq tdqzbpmftq
bnfhxmjqzg bnfhxmjqzg feggaeevcb
rzgfaqookt rzgfaqookt
xsgwbtaqye gdtsmzpvig
