Place72 Place18 Place0 Place10 Place48 Place56 Place3 Place36 Place59 Place3 Place29 Place67 Place13 Place38 Place22 Place23 Place8 Place80 Place31 Place84 Place74 Place24 Place19 Place2 Place52 Place17 Place52 Place2 Place90 Place66 Place15 Place54 Place15 Place66 Place92 Place97 Place5 Place14 Place53 Place76 Place79 Place58 Place44 Place93 Place62 Place96 Place4 Place94 Place96 Place21 Place55 Place42 Place99 Place20 Place25 Place74 Place37 Place35 Place16 Place10 Place65 Place27 Place70 Place88 Place72
38
Place18 Place18
Place0 Place0 Place77
Place10 Place10
Place48 Place48
Place56 Place56
Place3 Place3
Place36 Place36 Place50
Place59 Place59 Place85
Place29 Place29
Place67 Place43
Place22 Place22
Place23 Place23
Place8 Place75
Place80 Place40
Place31 Place31 Place41 Place57
Place19 Place19
Place2 Place2 Place86
Place52 Place52
Place17 Place17 Place89
Place90 Place47
Place15 Place15
Place54 Place54 Place81
Place14 Place71
Place53 Place53
Place76 Place26 Place83
Place58 Place58 Place87
Place44 Place1
Place93 Place93
Place62 Place60 Place91
Place4 Place4
Place94 Place61
Place42 Place78
Place99 Place98
Place20 Place20 Place34
Place16 Place16
Place65 Place33
Place27 Place30
Place88 Place88
