FD AR CZ HB HD EV AW HD HB CZ AR FD AU BG DI GP DF AS AE DD GO DD HE ES EM AV EQ AV HO AI BK BS HP EP DG FM CW GF GG FR AL GZ ED EO AP DR FX HI EC AD BZ AD DK HN DK AD EC HI FX HR EB DB EB AP FB AP EO GR ED GZ FR GG CW FM FA GC HF BY GM BR EL FP AB FP GQ BC CL BX CL GA AZ BN EL BR GJ CP AH CP GM BY GC BS ES GD CS GX FS FQ CE DQ CE GU DS EK CO DS EX HQ HK CV AQ CV GT FJ HC DV HC DW DJ DW EZ FY HM ER FL EN CB CN BA GN BA FV DL CJ FV EN HM FY EZ DW GI CR GX CS DD AE AS DF DO BV AC FE CM BT AO BT GV BT HL CM CG HH CM GH FK FG AN FG FK GH AC GK DP FD
80
FD CU
HB HB
HD HD
AW AW
AU AU AF
BG BG
DI DI
GP GP
DF DF
GO GO
ES ES
EM EM FI GS
AV AV
EQ AT
HO HO
BK BK AM
HP HP
FM FM
CW CW
GF GF CI
GG BQ
FR FR
GZ GZ
ED DH
EO EO
AD AD EY
BZ BZ AK
DK DK
HN BM FT
HR HR
DB DB AJ
FB CT
GR GR
GC GC
HF HF
EL EL
FP FP BE DC
AB EJ
GQ GQ
BC BC DZ
CL CL
GA GA
AZ AZ
BN BN
GJ ET
CP EW
GD GD
CS CS
GX GX
FS FS
CE AX
DQ DQ
EK EK FO
CO CO
EX EX
FJ FJ
HC HC
DV BF
EZ EZ
FY FY
HM EG FN
ER ER DA
FL DN
EN EN CF
CB CB
BA BA
GN GN CC
FV FV
BV BV
AC FU
FE CK
BT BT
AO DE
CG CG AG
HH HH EE
GH CA
FK DU
FG DM
GK GK
DP DP BO
