Wolney Horndleside Reddingringey Nortditch Sodditch Dartworth Brombrough Hamwich Hammensmith Rotsted Wendlethorne Ketthorne Southcompmere Nortmansford Bromwich Stapseyden Prestlake Sistanwick Boothingtree Edgfield Hannensworth Skellingstoke Watchsmith Endlesthorne Alddlesbasbridge Boothingwick Rockdenport Hanbasside Bootherbersted Elmsbasbridge Wendlerewick Dribbinglow Rockenborough Ribbendhead Toddlenell Blanavon Ennell Melwich Wolden Horslake Alfcastle Brackavon Wycombe Sundlecombe Chedcastle Chipbasfield Basserchester Cannell Reddennell Camsreborough Braindlemere Ellensbrough Eggermoor Marlwich Cheddenwang Sudhead Pemsdown Wencester Windlesseywang Pendlesbascastle Endcastle Whitwood Marlborne Pendlesford Wolverbury Whitborough Camhampton Elmerdown Skelling Emmingwell Chilworth Wolbourne Suddendmansavon Braddlesreport Farnsmerbeck Hammingreport Camsmere Cirerdown Burglesbrook Soddlesbasbourne Eghampton Braddleswick Sismith Clereshot Worringcompgrove Sundtree Alddlesenbage Horndlehampton Chelmsbertree Falrensavon Suddingney Toddleborne Kettenwell Hammingdenden Sundlesborne Staindlemansavon Pendnell Chilmermere Penswick Ketworth Ciringover Tippendside Aldlow Cammertree Reddlebershot Candleseyney Elsmith Sudderbage Camsted Suddlescester Sirengrove Worglesmernell Shrivgrove Sodham Durrenslow Flitcompwold Sunsseybrook Tipencester Camtree Reddlesley Hansside Chippingchester Ribblesremoor Skellerbury Rothensden Endover Wychringden Ensdown Prestwood Chedwick Dribberbrough Melborne Camling Botbeck Sudderwick Shaftport Chelmenthorne Falbaswood Siringbrook Skellingbaswold Skellingmansgrove Egwich Tippenside Wolvingborne Tippenside Egwich Skellingmansgrove Skellingbaswold Siringbrook Falbaswood Shaftport Sudderwick Camling Melborne Dribberbrough Chedwick Ensdown Wychringden Rothensden Skellerbury Ribblesremoor Chippingchester Reddlesley Camtree Sunsseybrook Flitcompwold Durrenslow Sodham Worglesmernell Sirengrove Camsted Sudderbage Elsmith Candleseyney Cammertree Aldlow Ciringover Ketworth Penswick Chilmermere Staindlemansavon Sundlesborne Kettenwell Toddleborne Suddingney Falrensavon Horndlehampton Alddlesenbage Worringcompgrove Clereshot Sismith Braddleswick Soddlesbasbourne Burglesbrook Camsmere Hammingreport Farnsmerbeck Braddlesreport Wolbourne Chilworth Skelling Elmerdown Camhampton Whitborough Pendlesford Marlborne Endcastle Pendlesbascastle Windlesseywang Wencester Sudhead Cheddenwang Eggermoor Ellensbrough Braindlemere Camsreborough Cannell Basserchester Chedcastle Sundlecombe Wycombe Brackavon Horslake Wolden Ennell Blanavon Toddlenell Ribbendhead Dribbinglow Wendlerewick Bootherbersted Hanbasside Rockdenport Boothingwick Endlesthorne Watchsmith Hannensworth Edgfield Boothingtree Sistanwick Stapseyden Bromwich Southcompmere Ketthorne Wendlethorne Rotsted Hamwich Brombrough Sodditch Nortditch Reddingringey Horndleside Wolney
55
Wolney Braindlemoor
Reddingringey Sodden
Brombrough Brombrough
Hamwich Hamwich
Wendlethorne Chipcester
Bromwich Bromwich
Stapseyden Stapseyden
Boothingtree Reddingbourne
Watchsmith Watchsmith
Endlesthorne Endlesthorne
Rockdenport Hampenlake
Wendlerewick Wendlerewick
Dribbinglow Dribbinglow
Blanavon Egmanston
Wolden Wolden
Horslake Horslake
Sundlecombe Meley
Basserchester Basserchester
Cannell Cannell
Braindlemere Endingey
Cheddenwang Cheddenwang
Sudhead Sudhead
Pendlesbascastle Cirercompsted
Marlborne Marlborne
Pendlesford Pendlesford
Camhampton Emthorne
Chilworth Chilworth
Wolbourne Wolbourne
Farnsmerbeck Marlringlake
Burglesbrook Burglesbrook
Soddlesbasbourne Soddlesbasbourne
Clereshot Hammermere
Alddlesenbage Alddlesenbage
Horndlehampton Horndlehampton
Toddleborne Hannerley
Sundlesborne Sundlesborne
Staindlemansavon Staindlemansavon
Penswick Tiphampton
Aldlow Aldlow
Cammertree Cammertree
Elsmith Suddendwell
Sirengrove Sirengrove
Worglesmernell Worglesmernell
Flitcompwold Bootbeck
Camtree Camtree
Reddlesley Reddlesley
Ribblesremoor Worrersted
Wychringden Wychringden
Ensdown Ensdown
Melborne Emsbrook
Sudderwick Sudderwick
Shaftport Shaftport
Siringbrook Leatherberlake
Skellingmansgrove Elringlow
Wolvingborne Chilhall
