Whitgrove Worberney Egwick Staplow Egwick Worberney Whitgrove Sodberling Bromstanham Sodberling Ellerbridge Worrenberwang Ellerbridge Ketchester Watchlake Bursted Botbage Botwick Botbage Penddenchester Pemnell Rothingcombe Ribenwell Rothingcombe Pemnell Penddenchester Chelmdenmoor Ketnell Toddenmoor Aldtree Toddenmoor Ketnell Rockbage Sundcompney Prestwick Wychchester Durbrook Falderseythorne Worford Hampingworth Botenbrook Tipstoke Burlake Tipstoke Botenbrook Hampingworth Worford Hamscombe Stainbrough Maidendstoke Basbage Warblestancester Tippendham Hannersmith Worhall Alddleringworth Leatherport Cireport Egbeck Skellenshot Egbeck Cireport Leatherport Alddleringworth Worhall Hannersmith Tippendham Warblestancester Basbage Southmere Rothead Chilsmith Bastlebury Rothendcombe Dribwold Reddingtree Dribwold Rothendcombe Wychditch Cookfield Staindledown Endingnell Toddenmerbrough Casbrook Toddenmerbrough Endingnell Staindledown Cookfield Wychditch Rothendcombe Rothead Southmere Egsted Sodderover Leatherbourne Sodderover Egsted Southmere Ribberrenston Farnditch Shaftmoor Farnditch Ribberrenston Southmere Maidendstoke Stainbrough Worford Egmerditch Worford Falderseythorne Durbrook Bromssmith Durbrook Wychchester Barndlesborough Skellingover Candleswick Endleshall Melwood Suddenmoor Tippenbrook Marlbeck Enderbeck Sifield Enderbeck Faldenhall Marlbeck Tippenbrook Suddenmoor Egmerhampton Shaftwick Hurstdown Botshot Toddingchester Stafcombe Stapbrook Stafcombe Toddingchester Botshot Hurstdown Shaftwick Egmerhampton Suddenmoor Melwood Reddensden Cirerham Reddensden Melwood Endleshall Candleswick Skellingover Barndlesborough Wychchester Waltbeck Hampingcastle Basditch Tipbeck Burglemere Sirenshall Burglemere Southbury Bassinghead Nortwell Marlcester Bassinghead Southbury Burglemere Tipbeck Basditch Waltbeck Stafavon Hornsmercombe Ribbenhall Boothingmanstree Ribbenhall Hornsmercombe Stafavon Waltbeck Cannerthorne Elside Wetsmith Warsmith Horsnell Siavon Abgleham Sundlethorne Redwich Sundlethorne Fullensborne Sundlethorne Abgleham Siavon Horsnell Warsmith Falderbrough Marlbrook Falderbrough Warsmith Wetsmith Elside Ciringnell Penby Ciringnell Elside Waltbeck Wychchester Prestwick Sundcompney Ketnell Chelmdenmoor Penddenchester Botbage Bursted Ketchester Ellerbridge Boothingchester Wycastle Bootwick Wycastle Boothingchester Sundendford Botbeck Sundendford Boothingchester Ellerbridge Sodberling Whitgrove
73
Whitgrove Whitgrove Dribblecombe
Staplow Staplow
Sodberling Sodberling Bursmith
Bromstanham Bromstanham Clereennell
Ellerbridge Ellerbridge Suddingover
Worrenberwang Worrenberwang
Ketchester Ketchester
Watchlake Watchlake Farndlesover Tippingbage
Rothingcombe Rothingcombe Milthorne
Chelmdenmoor Bothenton
Ketnell Ketnell
Toddenmoor Toddenmoor
Aldtree Wychcompwold
Prestwick Prestwick
Wychchester Wychchester Siey
Durbrook Durbrook Sodport
Falderseythorne Falderseythorne
Worford Worford Dribberham Rotherlow
Hampingworth Hampingworth
Tipstoke Tipstoke
Burlake Endleberey
Hamscombe Alfmere Skelberden
Stainbrough Wendleringdown
Tippendham Tippendham
Hannersmith Shaftborough
Worhall Worhall Reddendeney
Leatherport Leatherport
Skellenshot Skellenshot Cihead
Southmere Southmere
Rothead Bothenhall
Bastlebury Bastlebury Emmerley Hamwold
Rothendcombe Rothendcombe
Reddingtree Eley Stapbrough
Endingnell Endingnell
Casbrook Casbrook
Egsted Egsted
Ribberrenston Ribberrenston
Farnditch Farnditch Abglewold
Skellingover Skellingover
Candleswick Candleswick
Melwood Melwood
Suddenmoor Suddenmoor Staincombe
Tippenbrook Tippenbrook
Enderbeck Enderbeck
Sifield Sifield Abcester
Faldenhall Faldenhall Wethampton
Egmerhampton Egmerhampton
Botshot Falworth
Stapbrook Wetwick
Cirerham Dartden Wolley
Waltbeck Waltbeck
Hampingcastle Hampingcastle Redcombe
Basditch Basditch
Sirenshall Sirenshall Hampingbascombe
Southbury Southbury
Nortwell Nortwell
Marlcester Marlcester
Boothingmanstree Boothingmanstree
Cannerthorne Cannerthorne
Elside Elside
Wetsmith Wetsmith
Warsmith Horstleover
Horsnell Horsnell
Siavon Siavon
Abgleham Abgleham
Sundlethorne Sundlethorne
Fullensborne Blansbrook
Marlbrook Marlbrook
Penby Penby
Wycastle Wycastle
Bootwick Bootwick Todhampton
Sundendford Sundendford Chedworth
Botbeck Botbeck Whitringlake
