0 68 73 49 23 47 33 39 33 47 23 49 87 97 21 7 15 7 58 4 35 84 50 6 26 6 50 84 35 4 58 86 10 86 19 38 19 21 97 29 55 34 20 3 51 18 51 3 65 5 65 74 31 37 9 52 41 9 77 45 12 13 1 13 12 57 12 45 80 45 37 27 37 31 74 65 92 91 22 67 69 89 69 67 22 91 65 3 20 78 64 93 42 93 64 78 20 34 30 48 30 53 30 34 66 34 55 29 49 73 68 0
36
47 47
33 33 60 62
39 39 59 98
87 87
7 7
4 4
35 35
84 84
50 50 11
6 81
26 56
86 86
10 10 75
34 34 16
20 20 83
3 3
51 51 63
74 74
9 24
41 41 95
12 12
13 13
1 1 36
57 99
80 80 79
27 32
92 72
22 22
89 89
78 2
64 64
93 93
42 42 71
30 30
48 48 90
66 54
