location0 location11 location118 location190 location37 location104 location7 location111 location12 location111 location7 location104 location179 location78 location49 location142 location49 location78 location179 location104 location37 location148 location165 location148 location37 location190 location140 location13 location134 location13 location151 location27 location157 location27 location151 location35 location25 location123 location25 location35 location151 location13 location140 location190 location155 location106 location72 location87 location72 location93 location107 location74 location107 location105 location97 location133 location180 location48 location32 location90 location91 location90 location32 location195 location103 location197 location98 location197 location132 location22 location132 location195 location48 location183 location80 location136 location183 location48 location180 location54 location23 location68 location23 location54 location60 location54 location180 location133 location97 location178 location97 location105 location107 location93 location72 location106 location173 location196 location173 location106 location181 location106 location188 location67 location6 location83 location124 location5 location131 location46 location16 location147 location139 location147 location16 location131 location5 location172 location5 location124 location163 location124 location83 location6 location129 location128 location63 location128 location129 location6 location154 location65 location154 location184 location40 location26 location113 location36 location113 location26 location40 location184 location56 location122 location56 location149 location56 location184 location154 location6 location67 location126 location34 location170 location2 location51 location108 location51 location160 location18 location92 location18 location115 location28 location174 location28 location115 location18 location160 location51 location2 location170 location189 location53 location50 location30 location99 location30 location50 location53 location189 location152 location1 location3 location64 location3 location117 location141 location61 location141 location166 location89 location41 location186 location41 location89 location166 location141 location3 location1 location152 location76 location162 location146 location21 location167 location21 location146 location162 location76 location152 location189 location170 location34 location194 location126 location67 location188 location106 location155 location190 location0
74
location0 location55 location57
location11 location11
location118 location94
location37 location37
location7 location7 location100
location12 location12 location29
location179 location66
location78 location78 location62
location49 location49
location165 location69
location140 location85
location13 location13
location134 location19
location151 location88 location96
location27 location27
location157 location47
location35 location35
location25 location25 location38 location95
location123 location58
location72 location72
location87 location87 location73
location93 location93
location74 location74 location45
location97 location97
location48 location48
location32 location32
location90 location90
location91 location91
location98 location98 location9
location22 location22 location44
location80 location80
location54 location54
location23 location23
location68 location68 location39 location81
location60 location60 location14
location173 location17
location181 location8
location67 location67 location43
location6 location6
location83 location83
location5 location5
location46 location46
location16 location16
location163 location52
location63 location63
location65 location65 location33
location40 location40 location71
location26 location26 location82
location36 location36
location56 location56
location149 location42
location34 location34
location2 location2
location51 location51
location18 location18
location92 location92
location28 location28
location174 location20 location86
location53 location53
location50 location50
location30 location30
location99 location99 location84
location1 location1 location79
location3 location3
location64 location64 location15
location117 location24
location61 location61 location75
location89 location89
location41 location41 location10
location186 location31
location76 location76
location162 location77
location21 location21 location59 location70
location194 location4
