SantaClarita Carrollton Lubbock Reno Durham FortCollins Spokane Berkeley Akron Chandler Akron Berkeley Spokane FortCollins Fremont GardenGrove Victorville Shreveport Huntsville Thornton Beaumont NewportNews Thornton Victorville GardenGrove FortCollins Lubbock Frisco PembrokePines Austin Indianapolis Stockton Pomona Allentown Omaha Ontario Boston Hartford Ontario Omaha Allentown Peoria Wichita Chesapeake Escondido Oakland Memphis Modesto Independence Fayetteville Fontana Bellevue Davidson Alexandria Worcester Garland Davidson Bellevue Irvine SantaAna SantaRosa Newark OklahomaCity Milwaukee OklahomaCity Tulsa StPetersburg Madison Orlando Miami Cary RanchoCucamonga Washington Tempe McAllen Lancaster Surprise Torrance FortWayne Portland Sunnyvale Portland McAllen Tempe Washington WestValleyCity RanchoCucamonga Tulsa Newark SantaRosa Irvine HuntingtonBeach Independence OverlandPark Independence Modesto Escondido Chesapeake Wichita Austin SanDiego Lubbock Carrollton SantaClarita
44
Carrollton Carrollton
Lubbock Concord
Berkeley Stamford
Chandler Paterson
GardenGrove GardenGrove
Victorville Victorville
Shreveport Shreveport
Huntsville Huntsville
Thornton Midland
Beaumont Beaumont
NewportNews NewportNews
Frisco LexingtonFa
PembrokePines PembrokePines
Austin Austin
Indianapolis Indianapolis
Stockton Stockton
Pomona Pomona
Allentown Allentown
Omaha Omaha
Ontario Ontario
Boston Boston
Hartford Hartford LongBeach LouisvilleJefferson
Wichita Wichita
Memphis Yonkers
Independence Independence
Fayetteville Fayetteville
Bellevue Bellevue
Alexandria Alexandria
Worcester Worcester
Garland Garland
Newark Newark
OklahomaCity OklahomaCity LosAngeles
Milwaukee Lafayette
StPetersburg StPetersburg
Orlando Orlando Brownsville
RanchoCucamonga RanchoCucamonga
Washington Washington
Surprise Surprise
FortWayne Henderson
Sunnyvale Sunnyvale Visalia
WestValleyCity WestValleyCity
HuntingtonBeach Scottsdale
OverlandPark SiouxFalls
SanDiego Waco StLouis
