Plano Rockford SantaClara Amarillo Cary OklahomaCity Clyde Sacramento Vallejo Sacramento Syracuse Worcester SanDiego Thornton Lakewood Durham DesMoines AnnArbor FortLauderdale Norfolk Reno LouisvilleJefferson Tulsa Reno Norfolk FortLauderdale Jackson KansasCity Garland Omaha Albuquerque Denver Cleveland Atlanta Beaumont Kent Hayward Buffalo Chesapeake OWO Mesa BatonRouge Miramar BatonRouge Richmond Memphis Hayward WinstonSalem Waco VirginiaBeach Jackson DesMoines Durham Lakewood Frisco Clarksville Frisco Murfreesboro Naperville Philadelphia CedarRapids Salinas Oceanside ElPaso SanAntonio NewHaven Birmingham Scottsdale Davidson Teemo Scottsdale Birmingham Indianapolis CoralSprings Fremont Madison Knoxville Phoenix Salem Peoria Domination Peoria Brownsville Fremont Birmingham NewHaven ChulaVista Spokane Pomona Palmdale CorpusChristi Spokane ChulaVista Houston Gilbert Raleigh Yonkers FortWorth Denton Springfield LexingtonFa SiouxFalls FortCollins SantaRosa Shreveport Allentown Killeen Modesto Glasses Fontana Akron Escondido LosAngeles Lancaster ColoradoSprings Elizabeth Torrance PembrokePines Orlando Lafayette ElkGrove Fayetteville JerseyCity Pikachu Lafayette Seattle Lancaster LosAngeles Glasses Killeen Allentown Shreveport Laredo Hialeah Tampa Arlington McAllen Salinas Thornton Joliet Worcester Dallas Hartford Mobile HuntingtonBeach Oski SimiValley Oski Tempe Fullerton AthensClarkeCounty Alexandria Irvine LittleRock Irvine Olathe Cincinnati Tallahassee HuntingtonBeach NewOrleans Surprise Dallas Syracuse Sacramento Clyde Rochester SanFrancisco Warren Tacoma Abilene MorenoValley Pasadena Norman Washington MorenoValley Rochester Amarillo SantaClara Plano
83
Rockford Rockford Riverside
SantaClara SantaClara Irving
Cary Cary
OklahomaCity OklahomaCity
Clyde LasVegas
Vallejo Vallejo
Worcester Worcester
Thornton Thornton
AnnArbor AnnArbor StLouis
FortLauderdale FortLauderdale
Norfolk Norfolk
LouisvilleJefferson LouisvilleJefferson
Tulsa Tulsa
Garland Garland
Omaha Omaha
Denver Denver
Atlanta Atlanta Oxnard
Beaumont Beaumont Vancouver
Hayward Hayward
OWO OWO
Mesa Mesa
Richmond Montgomery
Memphis Memphis Charleston
Waco Waco Wichita
VirginiaBeach Ontario
Clarksville Anchorage
CedarRapids GardenGrove
Salinas Salinas
SanAntonio SanAntonio
NewHaven NewHaven
Davidson Davidson
Fremont Fremont
Madison Madison
Knoxville Knoxville SanBernardino
Brownsville Brownsville Corona
Pomona Pomona
CorpusChristi CorpusChristi SantaClarita
Houston Houston
Gilbert Glendale
Raleigh Raleigh
Denton Denton
Springfield Chicago
SiouxFalls SiouxFalls
FortCollins FortCollins
SantaRosa SantaRosa
Allentown Allentown Stamford
Killeen Killeen
Glasses Glasses SanJose
Fontana Hollywood
Akron Akron
Escondido Escondido
Lancaster Lancaster
Elizabeth Elizabeth Anaheim
Torrance Torrance
PembrokePines Lincoln
Lafayette Lafayette
ElkGrove Huntsville
JerseyCity JerseyCity
Pikachu Pikachu
Laredo Laredo
Tampa Tampa ThousandOaks
Arlington Portland
McAllen McAllen GrandPrairie
Joliet Mesquite
Dallas Dallas
Hartford Hartford
Mobile Mobile
HuntingtonBeach HuntingtonBeach
SimiValley SimiValley
Fullerton AugustaRichmond
Irvine Irvine
LittleRock LittleRock
Olathe Olathe
Cincinnati Cincinnati
Tallahassee Hampton Miami
NewOrleans NewOrleans
Surprise Surprise Greensboro
SanFrancisco SanFrancisco
Warren Warren
MorenoValley MorenoValley
Pasadena Pasadena
Norman Norman
Washington Sunnyvale
