0 185 7 70 7 185 23 153 162 156 175 117 14 117 147 19 11 87 43 87 49 35 3 35 49 190 87 11 19 125 119 2 186 97 186 2 119 125 19 147 117 175 128 28 128 81 75 25 75 81 123 193 39 123 81 128 155 107 155 128 175 173 6 5 17 30 197 181 140 197 30 17 50 182 135 8 37 101 92 101 191 141 191 101 196 18 192 113 76 113 192 18 196 101 37 108 37 8 135 61 165 110 165 130 9 130 48 24 48 130 88 67 169 151 169 67 172 109 85 172 88 180 63 150 63 183 63 180 88 130 165 61 135 112 135 50 17 72 78 52 199 52 78 177 194 176 51 144 51 176 69 176 194 177 78 72 184 57 66 139 66 188 22 74 38 145 26 12 46 12 26 145 38 74 22 188 66 57 184 122 195 29 90 133 195 124 195 122 184 149 170 149 184 17 114 154 163 136 163 154 114 17 137 129 137 17 5 95 5 6 15 6 173 198 173 175 156 162 153 179 153 23 185 0
79
0 0
70 70
23 23
153 153
175 143
117 115
14 14 13
19 89
11 11 65
87 83
43 43 159
35 35 157
3 3
190 190 21 116
125 125
119 174
2 2
97 27
128 128
28 28 187
81 81
25 152
123 59 158
193 193
39 39 56
107 107
173 173
5 5 160
17 17 94
197 197
140 71
50 50
182 182
8 8
101 101
92 68
141 141
196 164
18 18
76 33
108 20 166
165 42
110 80
130 130
9 9 103
48 4
24 24
67 67
151 151 31
172 172 134
183 183
112 100 111
72 72
78 78
52 52
199 199
177 177
51 51
144 93
69 69
184 184
66 66
22 22
74 74
38 38
26 26 167
12 120
46 84
133 133 86
124 96
114 114
154 154
163 1 146
136 98
137 137
129 129 47
15 15 16
198 138
179 102
