13 87 34 98 24 39 69 12 99 83 18 42 61 0 53 66 37 2 67 25 84 51 26 23 89 28 33 43 73 52 73 85 40 56 93 85 89 26 51 84 88 84 61 42 21 48 95 9 50 9 95 48 21 91 81 49 65 92 83 97 59 27 64 58 69 79 74 60 98 57 7 57 31 77 30 17 98 13
42
87 87
98 98
39 75
69 69
12 63
99 99 86
83 83
61 61
53 53
66 66 96
2 82
67 67
25 68
84 84
51 51
89 89
33 90
43 72
73 73
52 52 94
85 85
40 54
56 56
93 93
88 88 62
95 95
50 50 71
91 91
81 81
49 55
65 65
92 92
97 97
59 59
64 64
58 58 70
79 79
74 74 78
60 60 80
57 57
31 76
77 77
