Jingzhou Fredericia CoonRapids Haliyal CoonRapids Fredericia Colachel AbualMatamir Geilenkirchen Ermelo Geilenkirchen AbualMatamir SaintMichael Simmerath SaintMichael AbualMatamir Bodhan TanahMerah Wittenau Surkhpur Bejucal Xochimilco CiudaddelCarmen SanJosedeOcoa Ketrzyn LaPossession Ouarzazat Frosinone Ronse AzZuwaytinah Ronse Frosinone Ouarzazat Ketrzyn SanJosedeOcoa CiudaddelCarmen Chambly Khabarovsk Crespo Falun Rangae Falun Crespo Khabarovsk Chambly Xochimilco CroixdesBouquets Xochimilco Bejucal Khangarh Bejucal TanahMerah Bodhan AbualMatamir Rembangan Ramjibanpur Rembangan Thamaga Rembangan Colachel Carouge Depok Carouge Kheri Srinagar Kiruna Eregli Puruliya SmederevskaPalanka Kirovsk SmederevskaPalanka Puruliya Eregli Jinotega Eregli Kiruna Srinagar Malnate BurgbeiMagdeburg Kabarnet Sanaa JabalosSaraj Sanaa Kabarnet Tabatinga MelitodiNapoli BeneBeraq MelitodiNapoli Tabatinga Kabarnet Malnate Kheri Veenendaal Ghugus Veenendaal Carmichael Huauchinango NiagaraFalls Huauchinango Carmichael Carouge Fredericia Jingzhou
36
CoonRapids CoonRapids Sagalo
Colachel Colachel Ibri
Ermelo Ermelo
SaintMichael SaintMichael
TanahMerah TanahMerah
Bejucal Bejucal
CiudaddelCarmen Chittaranjan
SanJosedeOcoa SanJosedeOcoa
Ketrzyn Ketrzyn
LaPossession Shumen
Ouarzazat Ouarzazat
Frosinone Radnor
Ronse Ronse
AzZuwaytinah AzZuwaytinah RioFormoso
Khabarovsk Khabarovsk Chegem
Crespo Crespo
Rangae Rangae
Rembangan Rembangan
Thamaga Thamaga Tottori
Carouge Carouge
Depok Depok Shively
Kheri Kheri
Srinagar Srinagar Entroncamento
Kirovsk Kirovsk
Jinotega LondonderryCountyBor FortLauderdale
Malnate Malnate Lysva Jeypore
BurgbeiMagdeburg BurgbeiMagdeburg
Kabarnet Kabarnet
Sanaa Sanaa Sarzedo
JabalosSaraj JabalosSaraj
Tabatinga Tabatinga
BeneBeraq BeneBeraq Gangtok
Veenendaal Veenendaal Shizunaifurukawacho
Ghugus Ghugus Manduria
Carmichael Carmichael
NiagaraFalls elCampello
