yqRn7pcv mpBvpan0 RKTqv0lO xaYYL0Xr ne5PzSYX zcy1X765 XlaUIvCb mmiVeCrf mpBvpan0 yqRn7pcv i4M5A6hw z3tqnoFm 1JmiRMy2 fsgAjhrq kuFFViCC X3Jn2MHg ou6pOA5T hC2ZPbzA Bow1G1eA d0naUNzM 4bzLzw2O qGX9syVq Tv0Ngo2a cbK8BQiu Wvomb2LC 2XMfF8YA 2dprxs3b BXSeJMk1 83BKbC2v lRFv66dO uzY67sfN hcJG54h4 dYz0v5Rl 6XOrbPEm pP15erwI 41tU4PmX 7F8LcJJC vBvjliCl 5Zo9R33z gGaSBUDY mB6fiF0u LQU5lyru rKjRBwvM fstmfCC0 miG0nu5G TMAXVAcF fMhFZEQj i4M5A6hw yqRn7pcv
24
yqRn7pcv yqRn7pcv
RKTqv0lO RKTqv0lO
xaYYL0Xr xaYYL0Xr
ne5PzSYX ne5PzSYX
zcy1X765 zcy1X765
XlaUIvCb XlaUIvCb
mmiVeCrf mmiVeCrf o5fxSomz
i4M5A6hw i4M5A6hw
1JmiRMy2 1JmiRMy2
fsgAjhrq fsgAjhrq
hC2ZPbzA hC2ZPbzA
Tv0Ngo2a Tv0Ngo2a
Wvomb2LC Wvomb2LC
2XMfF8YA 2XMfF8YA
lRFv66dO lRFv66dO
uzY67sfN uzY67sfN
hcJG54h4 hcJG54h4
6XOrbPEm 6XOrbPEm
5Zo9R33z 5Zo9R33z
gGaSBUDY rJm7nPd7
mB6fiF0u mB6fiF0u
LQU5lyru LQU5lyru
rKjRBwvM rKjRBwvM
TMAXVAcF 7xyYvlir
