6 4 0 199 198 199 0 4 6 5 6 13 11 13 12 13 20 18 20 19 20 27 25 27 26 27 34 32 34 33 34 41 39 41 40 41 48 46 48 47 48 55 53 55 54 55 62 60 62 61 62 69 67 69 68 69 76 74 76 75 76 83 81 83 82 83 76 69 62 55 48 41 34 27 20 13 6 195 188 181 174 167 160 153 146 139 132 125 118 111 104 97 90 88 90 89 90 97 95 97 96 97 104 102 104 103 104 111 109 111 110 111 118 116 118 117 118 125 123 125 124 125 132 130 132 131 132 139 137 139 138 139 146 144 146 145 146 153 151 153 152 153 160 158 160 159 160 167 165 167 166 167 174 172 174 173 174 181 179 181 180 181 188 186 188 187 188 195 193 195 194 195 6
63
6 6
4 1
5 2
11 11
12 12 10
18 18
19 19 17
27 27
25 25 22
32 32
33 30 31
41 41
39 39
40 38
46 43
47 47 44
53 53 50
54 51
62 62
60 60
61 61
69 69
67 64
68 65
76 76
74 74
75 75
83 83
81 77
82 80
181 181
174 174
160 160
90 90
88 88
89 87
95 91
96 96 94
103 103 100 101
109 105 106
110 110
116 116 112
117 115
123 120
124 124 122
130 126
131 128 129
137 133 134
138 136
144 140
145 145 142
151 148
152 149 150
158 154 155
165 165 161
166 166
172 172 169
179 179
180 177
186 186 182
187 184
193 189 190
194 194
