C0 C85 C58 C71 C85 C75 C82 C72 C95 C79 C91 C68 C49 C25 C26 C68 C91 C94 C57 C96 C33 C73 C96 C93 C48 C74 C67 C64 C69 C42 C93 C87 C86 C97 C27 C50 C78 C88 C63 C84 C92 C83 C62 C80 C99 C34 C90 C98 C85 C0
34
C85 C85 C21 C55
C58 C58 C53
C71 C24 C29
C75 C75
C72 C56
C95 C95 C81
C79 C77
C91 C6 C12
C68 C39
C25 C25
C26 C26
C94 C94
C57 C46
C96 C96 C35 C40
C73 C76
C93 C93 C36
C48 C22
C74 C70
C67 C67
C69 C69
C42 C42 C28
C87 C87
C97 C97
C27 C27 C9
C50 C50
C78 C11
C84 C84 C1
C92 C5 C44 C89
C83 C83
C80 C20
C99 C47
C34 C34
C90 C14
C98 C98 C17 C59
