9iIwk Q1WC5 9iIwk jASvw AQ02H MA43U ZzWHp oqPYQ 0GdkR coWXz YZysZ jASvw 9iIwk 5R5Xa 9iIwk 6EWVx jT5CK tG1wc jT5CK HOs1b qkJ6b Nceu2 qkJ6b 1xmtC HOs1b QVYVG LZomt Ew56P SgDk6 I5lew Ew56P RKW0P QVYVG q0lus 1uRw3 Ri2t4 1uRw3 FbFgI 1pxZM 1uRw3 knY3U jAwQw aHGHb CAygY aHGHb 1uRw3 WJNpN YH6mk 5ioW1 Be0ab XZKtP dw7aX XZKtP qmTnM 5ioW1 YH6mk Y7IDR UpLNw Y7IDR WJNpN AgYPL WJNpN 5VT1H 6EWVx 9iIwk h2rea 0mah3 rrNj1 Esl6u fS0W8 p9vQm fS0W8 k64Ok BnAjj ZgtaX pXCjI uXqXg TI54i k6V9L OQnD0 k6V9L pXCjI ZgtaX veOJ7 ZgtaX k64Ok fS0W8 Esl6u rrNj1 0mah3 ChXAd 1eRkH 9iIwk
40
9iIwk 9iIwk
jASvw jASvw
ZzWHp ZzWHp Mj2eQ iEXNY
oqPYQ oqPYQ
0GdkR 0GdkR
5R5Xa 5R5Xa
jT5CK jT5CK 5BDPJ
qkJ6b qkJ6b
Nceu2 XYzcU
1xmtC 1xmtC
QVYVG 7G74f RhUVQ
LZomt LZomt
SgDk6 SgDk6
RKW0P jYfXn
1uRw3 1uRw3
Ri2t4 Ri2t4 y89SK
1pxZM 1pxZM
knY3U vE0Pj
jAwQw jAwQw
aHGHb aHGHb WGJpQ
CAygY kmzhT
YH6mk YH6mk
5ioW1 5ioW1
Be0ab Be0ab
XZKtP XZKtP
dw7aX dw7aX
qmTnM bXinH
Y7IDR Y7IDR
UpLNw 4a0W8
AgYPL AgYPL tnjfN
5VT1H 5VT1H
h2rea h2rea
fS0W8 fS0W8
p9vQm p9vQm
BnAjj BnAjj
ZgtaX ZgtaX Vake4 JgjFI
pXCjI pXCjI
veOJ7 veOJ7 iCgvV
ChXAd ChXAd
1eRkH 1eRkH
