HAZtD 6gp0A kPB79 6gp0A HAZtD 4Eg1F wnnBN Cg1yP J0OP0 F7CZj RN9nS 3NU9e CXkxa ED9em CXkxa 3NU9e aWuHk XbFfE mJExt qXBVG p3gJd rH3nx 1gvq4 Q9Dex lJnz7 GxQg8 p3gJd cpzS8 acHTt kjZGl UQeyk EgumV fWz4T SE1WY VJX0I R6NzB 0FMEI RWE9G sU69u 9cp56 0F8yg 4PSW9 sU69u RWE9G 0FMEI tgL8p DmTRc tgL8p 0FMEI R6NzB v0WXM 7WH0C DchVt Q5zY0 69WZh zrVPv 69WZh jesVt 4AhmX 93R2m C4biR 93R2m 4AhmX jesVt 69WZh mdIe6 69WZh 15wtn 69WZh Q5zY0 kvy7i Ia6ul eVDVP b9v0q eVDVP Ia6ul kvy7i Q5zY0 ZKvNM SE1WY fWz4T EgumV UQeyk kjZGl cpzS8 AwFdf 2zHfe fExZu wVSYr WVEjT Agb0E WVEjT wVSYr 2zHfe KtlQd AwFdf cpzS8 p3gJd cC0Rg gpbSj u60s4 Tp7uZ jyRQW Xqwfz jcSDd 7kY28 URrao 7kY28 IOpdQ BaYb3 1VA1I sJ62h hA7FQ g8MpX SxklZ rVnMc 0moVI GUEko iimZq qz2Of iimZq lqKR5 NV1GL GDCfm 6owsT 0moVI HAKlt 6sv9O Njpie 6sv9O ejBhY 8x5TS o2JtM e7SjH DuU0x o2JtM 8x5TS ejBhY iPRoT Vg6Sz iIQll GrnJ7 UbqWX iaaYU GrnJ7 rmW0U CHx6u bMhFI lF8gH bMhFI SfSL1 36fTo SfSL1 RkCLD 2kvzl RkCLD SfSL1 rmW0U GrnJ7 iIQll Vg6Sz iPRoT Q8lcd Jbr8u GaZ4O ejBhY 6sv9O GWb7L kYZ5P 6sv9O HAKlt 0moVI sJ62h Xqwfz jyRQW u60s4 cC0Rg mJExt XbFfE O8CwF cMyGs DaieK uPUO1 O8CwF XbFfE aWuHk 3NU9e RN9nS F7CZj z82fM EyMEe vfAR8 zg9rt UqGfS zg9rt vfAR8 EyMEe HAZtD
78
kPB79 4Tt2a 4PXv9
wnnBN wnnBN
Cg1yP Cg1yP
J0OP0 J0OP0 iKwe0
RN9nS RN9nS
CXkxa Lusir
ED9em ED9em 5h4rt
aWuHk aWuHk
mJExt iqOI4
p3gJd p3gJd
rH3nx rH3nx
1gvq4 1gvq4
lJnz7 lJnz7
GxQg8 GxQg8
cpzS8 cpzS8
acHTt acHTt
kjZGl kNG2j
EgumV EgumV
fWz4T fWz4T
R6NzB R6NzB
RWE9G 2GCiD
sU69u 5EAEu
0F8yg 0F8yg
4PSW9 zcuSA
DmTRc DmTRc 4jcrD
v0WXM iHR3J
69WZh 69WZh
zrVPv zrVPv wedr3
jesVt jesVt
4AhmX 4AhmX
93R2m cu5FB
C4biR aegld
mdIe6 mdIe6
15wtn ox9Gx
Ia6ul Ia6ul
eVDVP eVDVP
b9v0q SEkfX
ZKvNM TzGS5
AwFdf AwFdf
fExZu fExZu v7hOX
WVEjT WVEjT
Agb0E Agb0E VG4na
cC0Rg cC0Rg
gpbSj gpbSj
u60s4 u60s4 Zxvdf
Xqwfz pLg86
7kY28 7kY28
URrao URrao fiXIW
IOpdQ IOpdQ
BaYb3 BaYb3
1VA1I 1VA1I Zok18
SxklZ SxklZ VESmp
0moVI 0moVI
iimZq iimZq
qz2Of 8Qx0C
6owsT 6owsT OWqP4
HAKlt HAKlt Pk19A
e7SjH E6pda 2LhKB
DuU0x DuU0x BIY9X
Vg6Sz Vg6Sz
iIQll iIQll p4kTx
GrnJ7 v9joy gNinx
UbqWX UbqWX
iaaYU iaaYU
rmW0U 9tf0w
CHx6u CHx6u
bMhFI bMhFI
lF8gH lF8gH
36fTo HOuAL
2kvzl xKTIz
Q8lcd Q8lcd
GaZ4O H1xt8
O8CwF O8CwF TlJnt
DaieK DaieK
uPUO1 uPUO1
z82fM z82fM
vfAR8 vfAR8 bW6Ms
UqGfS UqGfS X2hjX Ssao4 NqBQW
