1 11 5 10 7 10 30 10 12 24 12 38 12 5 15 13 19 15 5 27 6 16 6 27 25 27 5 48 5 11 18 11 1 52 2 3 22 9 22 3 32 3 2 4 8 23 8 4 14 20 17 31 17 20 14 41 14 4 2 21 2 28 2 52 1
26
1 43 66 82 86 91 98 136 142 174 190 199
11 42 103 110
5 101 116
10 129 153
7 7 36 162
30 185
12 12 57 108 130 147
38 95
15 15
13 13 58 152 156 161
19 115
6 51 90 93 127 132 137 138
48 128
18 18 89
52 52
2 83 186
3 3 53 60 64 140 159 182
22 46
9 193
4 49 71 119 157 163 175
8 26 96 99 105 176 194
23 23 84
14 14
20 56 78
17 88 121
31 31 92
