Lesnoy Visitacion Rutherglen Adra Beveren Stade Taozhuang Beveren Malaut Hueytown Hudiksvall Andijon Gisborne Meerut Gisborne Ponta Andijon Winsford Sungurlu Hudiksvall Jerada Hueytown Sun East Hueytown Franceville Hueytown Pingyi Malaut Visitacion Ishim Visitacion Lesnoy
18
Lesnoy Lesnoy
Visitacion Visitacion
Rutherglen Rutherglen
Beveren GatesNorth Artur Zgorzelec
Stade Stade
Malaut Malaut
Hueytown Hueytown Brentwood
Hudiksvall Hudiksvall Blackpool Portogruaro
Andijon Glogovac Yangambi
Gisborne Gisborne Dharmapuri
Meerut Meerut
Ponta Kundla
Winsford Winsford
Sungurlu Sungurlu
Sun Sun
Franceville Franceville
Pingyi Pingyi
Ishim Ishim
