x182 x11 x58 x127 x45 x119 x176 x45 x127 x49 x148 x190 x73 x190 x148 x49 x127 x79 x105 x79 x127 x98 x127 x168 x127 x187 x86 x3 x129 x184 x110 x175 x135 x43 x36 x43 x141 x90 x50 x9 x146 x128 x91 x128 x146 x196 x92 x196 x134 x196 x146 x9 x50 x93 x74 x121 x38 x109 x0 x109 x116 x89 x131 x122 x177 x28 x177 x112 x144 x84 x179 x144 x112 x145 x34 x145 x137 x64 x48 x4 x195 x59 x32 x59 x117 x59 x195 x4 x120 x103 x120 x64 x181 x64 x137 x68 x188 x29 x199 x77 x14 x94 x14 x77 x71 x20 x155 x13 x155 x167 x102 x171 x60 x192 x171 x102 x167 x155 x198 x155 x177 x89 x38 x165 x158 x76 x21 x5 x172 x164 x21 x76 x158 x143 x158 x165 x38 x63 x121 x106 x121 x74 x93 x147 x72 x170 x115 x170 x72 x147 x169 x1 x169 x100 x101 x100 x169 x93 x50 x178 x31 x80 x52 x70 x149 x52 x80 x31 x191 x31 x50 x135 x110 x184 x174 x184 x129 x3 x160 x96 x160 x187 x127 x58 x11 x182
77
x182 x182
x11 x11
x58 x58
x127 x127
x45 x45
x119 x119 x23 x151
x176 x189
x49 x49
x190 x18
x73 x114
x79 x79 x27
x98 x98
x168 x56
x86 x86
x3 x3
x184 x184 x30 x107
x135 x26
x43 x43
x141 x141 x138
x50 x50 x10
x9 x19 x95 x136
x146 x146
x128 x128
x196 x69
x92 x92 x53 x83
x93 x2
x74 x74
x38 x113
x109 x109
x0 x163
x116 x116
x177 x177
x28 x25
x112 x42 x118
x84 x84
x179 x179
x137 x137
x64 x64 x88
x48 x48
x4 x4
x59 x59 x186
x32 x32 x183
x117 x82
x120 x156
x103 x194
x188 x61
x29 x46
x77 x77
x14 x14
x94 x94
x71 x71
x20 x20 x7 x166
x155 x155
x102 x102
x192 x192
x198 x198
x76 x76
x21 x21 x17
x172 x172
x164 x164
x143 x143
x106 x106 x15
x147 x147
x72 x72 x125
x115 x104
x1 x55
x100 x100 x99 x153
x101 x159
x178 x66
x31 x31 x6
x80 x80
x52 x161
x70 x139
x149 x185
x191 x133
x174 x87
x160 x8
