Clearnesse Ironshore Newley Courtcastle Valhaven Woodice Corbank Eastcastle Clearland Greenshore Brightmere Esterfall Stoneglass Dellwyn Oakmere Wellmage Violetley Bushgate Foxvale Marbleiron Southwheat Erilyn Stonefair Wolflea Fairsage Irondeer Clearnesse
18
Clearnesse Clearnesse
Ironshore Ironshore
Courtcastle Courtcastle
Valhaven Valhaven Newby
Woodice Woodice
Corbank Corbank Ironriver
Esterfall Esterfall Goldwyvern
Stoneglass Buttermead
Dellwyn Dellwyn
Oakmere Oakmere Butterbush
Violetley Violetley Westvale
Foxvale Foxvale
Marbleiron Marbleiron Foxhaven Freyview
Southwheat Oldmoor
Erilyn Morwall
Wolflea Eriwall
Fairsage Courtwall
Irondeer Morwald
