Shoreburn Greencliff Redlake Ironhedge Pinepond Redwell Erilyn Whiteelf Shorebarrow Springburn Springfox Snowwinter Wintershore Newley Barrowdale Snowsage Greyice Aelbush Goldcrest Osttown Oldmoor Mistwick Fallden Westerlight Bushgate Corbank Bluedell Strongford Cleargrass Fairice Freymere Linville Morwald Clearland Deephedge Fairfort Ironshore Ironriver Newmill Stoneglass Hollowwynne Lochmage Marblehaven Courtwall Aldley Woodice Mallowway Icebridge Mistshore Shadowhaven Valhaven Starryhill Wellbank Highhaven Windkeep Wolflea Greygrass Silverlea Butterway Seamoor Aelmoor Deerdell Rosemoor Shadowgrass Southpine Deephollow Icecoast Goldsea Ostham Irondeer Fogmarsh Applecastle Morwall Highwell Bellhollow Starrywolf Silverbarrow Iceelf Stoneiron Bluewyn Brightelf Stonewolf Eastwald Redby Courtbush Oakmere Butterbush Fogland Orbarrow Rosegate Esterfall Springfalcon Courtedge Lightkeep Blackbush Fairsage Strongfall Bluebeech Strongdell Stonecrystal Shoreburn
68
Shoreburn Shoreburn
Redlake Redlake Bluelake
Ironhedge Summermage
Pinepond Northriver
Redwell Redwell
Erilyn Erilyn
Shorebarrow Violetley Highmont
Springfox Springfox
Newley Newley
Snowsage Snowsage Goldwyvern
Greyice Greyice Mallowness
Goldcrest Goldcrest Stonefair Lightmere
Osttown Southwheat Verthedge
Oldmoor Oldmoor Wooddell
Mistwick Westmill
Westerlight Westerlight
Bushgate Bushgate
Corbank Corbank
Bluedell Bluedell Greenshore
Fairice Fairice
Freymere Freymere Buttermead Northwynne
Morwald Morwald
Clearland Clearland
Deephedge Deephedge
Ironshore Ironshore
Ironriver Ironriver Mallowbridge
Newmill Newmill Rosemill
Stoneglass Stoneglass
Lochmage Lochmage Butterhill
Courtwall Courtwall Flowerfield
Woodice Woodice Eastcastle
Mallowway Mallowway
Mistshore Mistshore Dellwyn
Valhaven Valhaven
Starryhill Starryhill Ostwynne
Wellbank Wellbank
Highhaven Janholt
Wolflea Wolflea Eriwall
Silverlea Silverlea
Butterway Butterway Esterash
Seamoor Seamoor
Aelmoor Flowermill
Deerdell Foxvale
Rosemoor Silverwitch
Southpine Southpine
Icecoast Icenesse
Goldsea Bluedale
Irondeer Irondeer Newby Freyview
Applecastle Applecastle Violetfay
Morwall Morwall
Highwell Courtcastle
Silverbarrow Silverbarrow Snowshore
Stoneiron Wellmage
Bluewyn Bluewyn
Eastwald Marbleiron
Oakmere Oakmere Greensummer Orfort
Butterbush Butterbush
Fogland Fogland Wildemarsh Brightrock
Orbarrow Orbarrow
Rosegate Rosegate
Esterfall Esterfall
Courtedge Courtedge Coldville
Blackbush Blackbush Clearnesse Fieldedge
Fairsage Fairsage
Strongfall Strongfall
Bluebeech Westvale
Strongdell Brightmere
Stonecrystal Foxhaven Windbridge
