Brightmere Windbridge Morwall Orbarrow Verthedge Esterash Stonefair Seamoor Wildemarsh Marbleiron Strongfall Eastcastle Courtcastle Bluewyn Flowerfield Newley Freyview Bluedell Butterbush Highmont Janholt Buttermead Courtedge Ironriver Greyice Mallowway Ostwynne Wellmage Corbank Wellbank Oakmere Northriver Orfort Lightmere Wooddell Flowermill Newby Erilyn Southpine Wolflea Woodice Eriwall Fairsage Brightmere
34
Brightmere Brightmere
Windbridge Lochmage
Morwall Morwall
Verthedge Ironshore
Esterash Esterash
Stonefair Stonefair Clearnesse
Seamoor Westvale
Wildemarsh Wildemarsh
Marbleiron Marbleiron
Eastcastle Eastcastle Greenshore
Courtcastle Courtcastle
Newley Newley
Freyview Freyview
Bluedell Bluedell Courtwall
Butterbush Butterbush Westmill
Highmont Stoneglass
Buttermead Buttermead Foxhaven
Courtedge Morwald Rosemill
Ironriver Ironriver
Greyice Greyice Valhaven
Mallowway Irondeer
Wellmage Wellmage Southwheat
Corbank Corbank Goldwyvern
Oakmere Oakmere
Northriver Foxvale
Orfort Oldmoor
Lightmere Lightmere Esterfall
Wooddell Shoreburn
Newby Newby
Erilyn Erilyn Violetley Westerlight Clearland
Wolflea Wolflea Bushgate
Woodice Woodice Snowshore
Eriwall Eriwall
Fairsage Fairsage Dellwyn
