129 15 41 157 4 2 46 2 4 157 110 154 196 154 110 157 41 15 129 99 31 88 1 20 66 6 66 20 1 88 146 113 146 88 31 99 145 32 181 8 142 122 69 122 142 8 181 32 145 180 86 188 179 92 13 118 10 118 45 36 74 36 45 118 13 92 124 137 124 92 179 161 185 65 123 103 98 48 34 51 24 94 27 140 149 141 149 140 27 165 27 94 24 51 62 71 64 119 64 71 90 77 152 90 71 62 156 171 156 62 51 197 5 197 107 197 51 34 109 184 85 133 106 133 85 184 109 34 48 97 101 170 73 170 101 97 48 98 103 192 103 123 65 185 95 11 96 11 95 185 158 84 7 19 43 72 21 182 21 72 79 72 43 19 7 84 164 105 164 84 158 185 161 179 188 86 180 145 99 129
53
157 157
4 4
2 55
46 46 25
154 154 193
196 196 37
31 31
88 88
1 1
6 130
113 127
145 145
32 187
181 181 169
142 142
69 61
179 76
13 13
118 118 166
10 10 100
45 22
74 160
124 124
137 16
103 103
34 34
94 94 139
141 172
165 40
64 64
119 163
152 91
171 49
5 28 148
107 82
109 109
184 184
85 85
133 133
106 106 178
97 97
101 52
170 58
73 73 136
192 121 175
96 70
7 7
19 19
43 43
21 67 151
182 190
79 79 112
105 115
