FacultyClub Durham HealthServices VLSB BerkeleyLawLibrary MartinezCommons PhysicsLibrary NorthGate UniversityHouse SproulPlaza FoundersRock CesarChavez OBrien Koshland MelvinLaboratory Campbell FPF Birge Wellman Bowles Stanley BioscienceLibrary AlumniHouse MediaCenter IdaHouse ArtHistoryLibrary Durant BancroftDance NewspapersLibrary Evans Mulford McCone EnergyBuilding Davis HearstGym Unit3 BerkeleyWayWest Jacobs Bechtel AlumniHouse VisualCenter MLK Etcheverry SocialLibrary Hildebrand DonnerLaboratory Underhill UpperHearstParking Morrison Stephens HearstFountain EthnicLibrary HearstFieldAnnex Sproul EarthLibrary StudentUnion OptometryLibrary BanwayBuilding TAAP Warren IRLE Cheit FacultyClub
36
FacultyClub FacultyClub EarthquakeLibrary
Durham Durham
MartinezCommons MartinezCommons Investigative
UniversityHouse UniversityHouse
SproulPlaza SproulPlaza
OBrien OBrien
Koshland Koshland
MelvinLaboratory MelvinLaboratory
FPF FPF
Birge Birge
BioscienceLibrary BioscienceLibrary Hilgard
MediaCenter MediaCenter
ArtHistoryLibrary ArtHistoryLibrary
BancroftDance BancroftDance
NewspapersLibrary NewspapersLibrary LawrenceofScience
Evans Spieker
Mulford Mulford
McCone InternationalHouse
EnergyBuilding EnergyBuilding
HearstGym HearstGym
Unit3 Unit3 Manville
Jacobs Jacobs Pimentel
Bechtel BrainImagingCenter
MLK CITRIS
Etcheverry Etcheverry
DonnerLaboratory DonnerLaboratory SpringerGateway
Morrison Morrison
Stephens Stephens AndersenAuditorium
HearstFountain CareerCenter StowPlaza
Sproul Sproul AnthropologyLibrary
EarthLibrary EarthLibrary
StudentUnion StudentUnion SutardjaDai
OptometryLibrary OptometryLibrary Library
Warren Warren PacificFilmArchive
IRLE IRLE
Cheit Cheit Wheeler
