FacultyClub Etcheverry HearstGym LawrenceofScience PacificFilmArchive OBrien FacultyClub DonnerLaboratory OptometryLibrary CareerCenter StowPlaza MelvinLaboratory SproulPlaza MartinezCommons Durham Wheeler InternationalHouse Manville Hilgard Jacobs CareerCenter DonnerLaboratory Birge BancroftDance Spieker Stephens Sproul MediaCenter EarthquakeLibrary ArtHistoryLibrary UniversityHouse Warren Mulford Morrison BrainImagingCenter CITRIS FacultyClub
20
FacultyClub FacultyClub
Etcheverry Etcheverry
HearstGym HearstGym BioscienceLibrary
LawrenceofScience LawrenceofScience
PacificFilmArchive PacificFilmArchive
OBrien OBrien Library
CareerCenter CareerCenter
SproulPlaza SproulPlaza
Durham Durham
Wheeler Wheeler
Manville Manville Pimentel
Hilgard Hilgard
Jacobs Cheit
Spieker Spieker
EarthquakeLibrary EarthquakeLibrary
UniversityHouse UniversityHouse SutardjaDai FPF
Mulford Mulford
Morrison Morrison
BrainImagingCenter BrainImagingCenter
CITRIS StudentUnion
