0 20 9 52 5 24 128 74 35 6 118 147 62 14 21 7 45 46 125 73 71 67 103 178 49 63 17 12 183 174 55 15 89 41 177 195 119 143 106 96 108 40 77 79 178 193 190 185 187 114 66 52 56 19 16 19 61 38 85 82 127 102 152 98 78 167 162 60 31 117 158 86 44 112 148 27 32 42 32 50 181 157 2 3 4 22 10 8 33 36 160 170 111 104 171 4 197 13 133 26 198 199 122 145 27 161 148 60 0
68
0 169
52 52 113
24 120
128 172
74 74
35 35 153
118 154
21 25
7 90 141
46 46
73 73
71 71
67 67 18 149
103 103 139
178 178
49 49 93 175
17 17
174 174 136
55 55
15 15
41 83
177 177
195 195
119 119
143 143 132
106 106
96 96 91
77 77
79 48
185 87
114 114 140
66 58
56 56
19 19
16 124
38 38
85 85 92
82 82 75 191
102 102 65
78 69
167 167
162 162 64
60 60 155
117 117 134
158 158
86 99
44 44 80 135
112 112 88
148 148
32 32
42 42 105
50 76
181 181
3 3 131
8 8
33 33
160 168
170 170
111 47
104 94 173
171 171 180
197 197 123
13 13
133 133
26 26
199 199 97
145 145 51
161 161 188
