1 15 2 61 131 61 147 85 33 59 44 88 149 165 78 149 88 44 59 33 140 168 32 87 107 128 112 67 41 67 167 101 179 39 71 39 179 101 167 67 112 80 112 128 107 87 32 168 140 33 85 147 61 2 164 94 52 94 164 118 50 118 2 15 105 166 105 15 177 122 134 31 66 13 69 30 141 12 141 30 69 68 76 68 69 161 58 35 58 161 69 13 66 90 111 157 111 90 66 31 127 31 159 14 22 14 159 31 134 172 62 92 18 100 194 23 104 23 194 100 18 114 26 48 26 130 75 65 137 139 77 139 137 65 75 130 26 114 198 187 198 114 18 176 18 92 97 24 97 92 62 196 109 132 150 132 109 196 62 172 84 172 134 122 177 123 25 123 55 27 145 27 55 53 95 42 95 151 175 152 151 191 125 191 151 95 53 123 177 15 1
69
1 7
15 15
2 2
61 61 38 93
131 56
85 85
33 33 29
59 59
44 44 40
88 88 34
149 74 99
78 78 3
32 32
87 87
67 67
41 41 16 72
167 83
101 101
39 39
71 71 9
80 80 20 70
164 86
94 94 11
52 52 82
50 50 17
166 46 98
31 31
66 66 43
13 13 5
69 69
30 30
12 12 51
68 68
76 76 79
161 19
58 58
35 35 57
90 90
111 91
157 10 60
127 45
14 14
22 22 63
62 62
92 92
18 18
100 100
23 23
104 73
26 26
48 48 89
75 75
65 65 54
77 77 49
187 47
176 96
97 97
24 24 37
150 36
84 84 28
25 25 4
55 55
27 27
145 8
53 53 6
95 95
42 42 64
152 21
125 81
