159 22 95 57 63 13 63 57 64 130 107 134 107 189 8 193 53 137 101 1 94 108 50 29 50 108 83 44 83 108 94 1 101 25 45 72 45 25 138 69 171 10 66 36 66 10 171 69 138 81 30 81 164 6 164 81 138 25 101 137 127 109 180 109 127 142 46 142 129 15 129 41 20 41 129 142 127 137 53 193 153 5 102 5 153 193 8 189 32 79 32 189 59 100 59 147 157 147 59 189 92 114 92 158 74 158 92 189 117 48 182 47 148 47 182 48 117 189 107 130 64 177 111 177 64 57 95 22 159 77 140 14 56 84 118 195 152 172 119 67 162 67 119 172 152 173 27 173 152 195 118 84 56 93 65 93 154 93 56 156 56 14 140 149 23 194 23 149 76 184 76 149 140 77 159
64
22 22
63 63 121
13 13 106
64 64
107 107
134 134 120
8 178
193 193 24
53 53
137 137 85
101 101 132
108 38
29 88
44 60
45 45
72 72 7
138 138
69 155
10 10 200
36 36 17
81 28
30 11
164 43
6 6 52
127 61 146
109 109
180 180 122
46 46 37 192
15 15 167
41 41
20 87
102 102 82 123
32 32
79 79 3
59 59
100 100 139 181 199
147 40
157 157 71
92 116
114 114 35
158 158 99
74 74 185
48 48
47 47
148 148 51
177 174
111 111 34 128
77 77 190
140 140
14 14 97
56 96
172 172 126
119 86
162 191
173 133
27 145 169
93 93
65 65 26 98
154 154 2
156 156 31
149 4
194 21
76 76
184 165
