33 20 73 42 83 98 91 46 91 98 83 42 93 22 93 42 73 20 100 20 33 86 60 31 16 39 82 39 16 94 16 31 60 67 54 67 69 38 32 6 81 6 32 89 14 63 66 27 66 63 14 97 14 89 32 38 37 79 36 53 71 53 36 99 36 79 37 38 52 38 69 67 60 86 64 76 26 43 5 35 92 3 9 10 90 10 9 3 92 35 5 43 26 76 64 86 33
32
20 20 15 80
42 42
98 13
46 75
22 22 2
100 100 11 95
86 86
60 60
31 31
16 29
82 82 40
94 94 25 47
67 67 57
54 54 30
69 69 34 88
81 61
89 89
63 63 12 17
27 23
97 97 8
37 51
79 79
71 48
99 19
52 52 65
64 64
26 26
5 5
35 35 7 50
9 9
10 10
90 68
