K AL CK AL DC R DY GH H AZ H DE EJ DE EL AK DG FZ C AI P BQ Q BE G BT M AH FP A BV AG DD BY DV AF J CO FM EM AR GS DH GR BW EO FH F AS FW AP U GN AS G AT EW BE BC CA Z CA CP BZ BC CI AO CJ BC BE BI I BI AC O BS CC BI FA AQ BA BI FI BN BK GC BN EX BN FR Y FN Y FR CN Q BQ P ES C FZ D EY DC AY BR AL K GG BX K
68
K K
AL AL AX
CK CK CV
R R
DY AU
H H T
AZ AZ BJ BM
EJ AW
AK AK
DG BD
C C
AI AI
P P
BQ BQ
Q Q
BE BE
G G
BT BT
M M
AH AH
A A
BV BV
AG AG
BY BY
AF AF
J J CS
CO CO
AR AR
BW BW
EO AE
F F
AS AS
AP AP CU
U U
GN AV
AT AT
EW AJ
BC BC N
CA CA CE
Z Z CL
CP CP B
BZ BZ V
CI CI
AO AO
CJ CJ CM
BI BI
I I BB
AC AC W
O O AM BU
BS BS
CC CC BF
AQ AQ
BA BA AB
FI CB
BN BN
BK BK CD
GC BO
EX AA
FR S CG
Y Y L BG BH
FN X
CN CN CF
ES CR
D D
EY AN BP
AY AY E CQ CT
BR BR BL CH
BX BX AD
