Satish ENMF PYD9SISJI KRM4B VFRT26 1BZLEM YXBMACC VPQ3SCZD ZRYV5F 1ILZRYDHY WZ1MC3189 KSHB2KG RQ6902O3P TBFPZEBP U0958 8U5UW BVNZ TAI8UPP PTL1QU OK29GJ BBFYA9B OXWYDF NSBI 2J5C Z6H98 JTT8198QPE R6VBAVZ0B PTWCQ ZY9VPYMXA Satish
21
PYD9SISJI PYD9SISJI
KRM4B KRM4B 92R432
VFRT26 VFRT26
1BZLEM 1BZLEM
YXBMACC YXBMACC
VPQ3SCZD 9XFF
ZRYV5F ZRYV5F
WZ1MC3189 WZ1MC3189
KSHB2KG KSHB2KG
TBFPZEBP ICTGXV
BVNZ 399VM5PU6 FS1RWBVR7
PTL1QU PTL1QU
OK29GJ UVP4WIKK
BBFYA9B BBFYA9B
OXWYDF OXWYDF
NSBI NSBI
Z6H98 Z6H98 ER2YSPML1C
JTT8198QPE 4INC2D8SDN
R6VBAVZ0B R6VBAVZ0B
PTWCQ PTWCQ
ZY9VPYMXA ZY9VPYMXA PZMGYZL
