129 19 92 83 19 137 117 89 80 84 101 3 4 81 158 141 147 30 111 13 180 18 140 94 114 78 60 78 90 42 43 21 73 34 172 31 10 31 172 34 73 39 73 21 43 26 128 190 54 16 118 28 27 0 135 35 127 173 20 155 17 8 49 53 121 144 20 191 63 96 87 33 5 40 5 106 133 24 168 183 47 116 133 106 5 113 75 45 35 79 28 93 68 69 177 128 90 78 114 94 140 196 25 7 59 71 41 22 71 99 56 85 6 195 157 29 32 105 32 29 157 195 85 56 156 71 112 46 30 147 154 84 80 161 77 161 137 129
72
19 197
92 92
83 36 130
137 137
89 89
84 84
101 101
4 4 11
81 81
158 158
141 103
30 184
111 142
13 13 50
180 180
140 151
114 114 108
78 125
60 163
21 21
31 55
10 110
39 39 178
26 26
128 128
190 190 64
16 16 188
28 15
27 160
0 0 82 145
20 91
155 155
17 17 57
8 8 48
49 49 123
53 53
121 121 150 171
144 189
191 191
63 63
96 96 2 76 97
87 87
33 33
5 5
40 40 88
24 174
183 183
47 58 62
116 44
45 175
79 61 152
68 126
69 14
177 177 65
196 196
25 25
59 59
22 194
99 99
56 56
85 85 23
6 6 51
195 195
157 157
29 29
32 98
105 105 192
156 156 95
46 100 107 109 122
154 66
161 161
77 9
