0 90 79 90 0 112 50 9 107 22 109 5 13 17 33 2 36 2 65 3 12 139 16 57 18 42 10 122 14 61 14 122 10 42 145 42 18 198 6 51 30 103 20 126 20 103 30 51 6 58 68 118 58 6 198 18 57 142 199 142 57 16 197 23 89 26 108 54 24 63 24 84 24 173 24 54 108 26 89 73 99 32 99 73 89 23 197 16 139 12 153 12 3 65 2 158 40 49 121 11 121 49 40 100 35 124 93 124 35 184 35 100 134 100 40 158 2 33 7 76 34 125 175 125 34 76 7 105 7 149 8 67 71 148 71 67 8 128 8 149 7 33 72 28 72 33 17 13 5 109 22 107 9 50 112 0 123 0 137 0
67
0 0 43 59 62 86
90 90
79 79 4
50 50
9 9 64 80
107 81
22 22 46
109 31
5 5
13 13
17 17 21 92
33 33 74
2 2 27 78
36 36 56
65 65
3 3
12 12
16 16
57 57 1
18 18 82
42 42 48
10 10
14 14 29
61 61 70
145 95
6 6
51 51 47 96
30 30
20 20 53
126 60
58 58
68 68 85
118 77
199 39
23 23
89 89
26 26
54 54 98
24 24
63 63 55
84 84 87 97
173 88
73 73
99 99
32 32 25
153 66
40 40
49 49
11 11 75
35 35
93 93 38
184 69
134 44
7 7
76 76
34 34
175 91
105 19
8 8
67 67
71 71
148 94
128 45
72 72 83
28 28 41
123 15
137 37 52
