loc0 loc58 loc158 loc103 loc42 loc138 loc25 loc183 loc188 loc120 loc188 loc183 loc25 loc138 loc32 loc7 loc136 loc7 loc32 loc10 loc154 loc10 loc150 loc109 loc159 loc109 loc150 loc141 loc150 loc197 loc23 loc61 loc23 loc197 loc94 loc116 loc94 loc197 loc150 loc32 loc189 loc146 loc64 loc9 loc41 loc117 loc41 loc9 loc156 loc126 loc155 loc56 loc129 loc15 loc142 loc114 loc60 loc192 loc51 loc59 loc190 loc78 loc53 loc122 loc50 loc122 loc53 loc160 loc106 loc160 loc53 loc78 loc190 loc59 loc192 loc60 loc114 loc142 loc15 loc129 loc77 loc198 loc44 loc131 loc95 loc193 loc168 loc66 loc168 loc193 loc95 loc131 loc198 loc157 loc62 loc76 loc62 loc157 loc112 loc75 loc33 loc144 loc46 loc49 loc29 loc49 loc144 loc33 loc75 loc112 loc87 loc111 loc96 loc111 loc87 loc112 loc157 loc198 loc77 loc129 loc56 loc155 loc107 loc170 loc81 loc115 loc20 loc165 loc1 loc143 loc1 loc165 loc164 loc4 loc178 loc110 loc34 loc110 loc181 loc110 loc178 loc4 loc164 loc165 loc20 loc115 loc140 loc145 loc140 loc115 loc81 loc170 loc107 loc187 loc55 loc65 loc55 loc187 loc107 loc155 loc126 loc156 loc64 loc191 loc64 loc146 loc163 loc146 loc189 loc32 loc138 loc118 loc79 loc83 loc186 loc72 loc176 loc124 loc176 loc72 loc186 loc83 loc79 loc118 loc135 loc118 loc138 loc42 loc103 loc158 loc58 loc0
66
loc58 loc185
loc158 loc69
loc42 loc42
loc138 loc138
loc25 loc25
loc183 loc183
loc188 loc188
loc120 loc120 loc8
loc32 loc32 loc14
loc136 loc167
loc10 loc10
loc154 loc84
loc150 loc150
loc109 loc109 loc177
loc159 loc47
loc141 loc36
loc197 loc197
loc61 loc28
loc116 loc116 loc89
loc41 loc41 loc119
loc117 loc85
loc156 loc156
loc129 loc129
loc15 loc15
loc60 loc105
loc192 loc192
loc78 loc78
loc53 loc54
loc122 loc122
loc50 loc196
loc160 loc160 loc45
loc106 loc106 loc52
loc198 loc198
loc44 loc172
loc131 loc131
loc95 loc27
loc168 loc168 loc11 loc93
loc66 loc66 loc31
loc157 loc157
loc62 loc82
loc76 loc182
loc112 loc112
loc75 loc75
loc144 loc144
loc46 loc46 loc37
loc49 loc49
loc29 loc130
loc96 loc96 loc134
loc107 loc162
loc170 loc17
loc20 loc20
loc165 loc165
loc143 loc92
loc164 loc164 loc184
loc34 loc57
loc181 loc147
loc145 loc113
loc187 loc187
loc65 loc67
loc191 loc191 loc39
loc163 loc97
loc118 loc118
loc83 loc83
loc186 loc186
loc124 loc100
loc135 loc179
