loc0 loc23 loc15 loc89 loc86 loc68 loc82 loc68 loc86 loc89 loc15 loc23 loc99 loc47 loc25 loc46 loc71 loc78 loc9 loc88 loc8 loc5 loc6 loc5 loc8 loc88 loc9 loc71 loc90 loc62 loc45 loc43 loc49 loc33 loc49 loc50 loc96 loc50 loc49 loc91 loc43 loc58 loc74 loc58 loc43 loc62 loc60 loc95 loc60 loc62 loc90 loc71 loc93 loc72 loc87 loc2 loc1 loc53 loc30 loc22 loc30 loc37 loc59 loc98 loc3 loc98 loc70 loc98 loc59 loc37 loc30 loc53 loc1 loc2 loc87 loc72 loc93 loc71 loc46 loc25 loc81 loc4 loc67 loc13 loc67 loc4 loc81 loc25 loc47 loc99 loc94 loc99 loc23 loc0
30
loc23 loc23 loc84
loc86 loc86 loc69
loc68 loc52
loc82 loc54
loc99 loc99
loc47 loc7
loc25 loc25
loc88 loc88
loc8 loc8
loc6 loc6 loc61
loc90 loc90
loc62 loc62 loc16
loc45 loc45 loc35
loc49 loc49
loc33 loc33 loc48
loc96 loc40
loc91 loc91 loc31 loc39
loc74 loc24
loc95 loc20
loc93 loc93 loc26
loc72 loc72
loc22 loc34
loc98 loc75
loc3 loc51
loc70 loc29
loc81 loc81
loc4 loc42
loc67 loc65
loc13 loc28 loc79
loc94 loc21
