73 96 15 48 13 40 16 40 28 91 28 40 13 48 32 1 19 18 76 37 86 31 86 37 76 18 19 1 68 4 7 4 69 98 9 57 44 57 9 98 69 4 68 92 33 92 68 1 77 14 17 93 64 90 64 93 17 14 77 45 88 22 29 83 55 34 58 39 80 39 58 34 55 83 29 22 88 27 2 94 2 27 88 100 60 46 99 62 99 46 60 100 88 45 77 1 32 48 15 96 38 96 73
37
96 96
15 15 79
48 48
13 13
16 85
91 91 78 81
1 1 50
19 19
18 18
76 76
86 86
31 66
68 68
4 74
7 84
98 98
9 9 71
57 57
44 44 49
33 33 11 82
77 77
14 14
17 10
93 93
90 90 25
22 22
29 29
83 83
34 34
80 21
27 27
94 94 53
100 100
46 46 75
99 99
62 12 65
38 5 8
