AA AB AE AO AE AB AG AZ AG BA AG BB AG BC BK FE DZ EC DX EC EB EA EI EA EB EC EE ED EE EF EH EJ EH EF EL EW EX EW EL EF EN EQ EN EF EE EC DZ FE BK BC AG AB AH BM BP CE BW CE BP BM AH BN BS BN AH AB AA AC AA DT CX AN AD DN CT AM CV AM CW AM CT DN AD AN CY AN CX DT AA
32
AA AA
AB AB AF
AE AE
AO AO AP AQ
AG AG
AZ BD
BA BE BF BG
BB BH BI
BC BJ
BK BK
DZ DZ
DX DX DY
EA FC
EI FB
ED EP
EH FA
EJ EZ
EX EX EY
EN EN
EQ EO
AH AH
BW AI
BS FF
AC AC AJ
DT DT
CX DS DU
AN AN
AD AD AK AL
AM AM
CV DR
CW DP DQ
CY DV DW
