0 144 157 16 24 87 188 121 91 67 150 62 12 62 22 82 196 18 32 18 196 155 48 155 111 155 196 82 22 62 83 62 140 124 40 64 40 124 181 120 181 168 21 6 21 168 181 124 140 62 150 164 156 106 86 39 29 114 29 39 86 139 37 139 86 106 146 192 7 59 174 53 151 53 174 125 174 59 7 195 7 192 95 132 95 192 146 106 156 164 150 67 91 121 188 167 110 167 160 167 188 87 24 94 130 52 133 4 74 171 74 4 133 52 130 94 24 16 113 30 9 98 8 131 80 31 104 3 90 88 90 116 117 116 90 3 104 31 80 109 123 45 56 122 41 147 35 147 41 122 56 45 148 45 123 65 5 135 145 58 103 100 103 58 145 135 169 66 194 66 169 135 5 65 123 72 177 72 123 109 80 173 126 36 126 173 80 131 8 98 9 170 183 170 9 30 176 30 113 16 157 144 0
75
0 2
144 27
157 69
16 16 93
24 24
87 87
121 14
91 91
67 67
62 62
12 12 10
22 22
82 82
18 18
32 32 77
48 48 49
111 70 75
83 83 68
140 81
40 40
64 64 11
120 96
21 21
6 6 25
106 13 50
86 86
39 39
29 29
114 76
37 37 47
7 7
59 59 51
53 53 54
151 55
125 17 28
195 57
95 95
132 43
167 89
110 26
160 79
94 94
52 52
4 4
74 74
171 44
113 1 15 99
30 30
9 9
98 98
8 8 38
80 80 71
31 31
3 3
90 90
88 88 63
117 23
45 45
56 56
41 41 19
35 35 78
148 85
65 65
5 5
145 20 34
58 58
100 100 61 73
169 84
66 66
194 97
72 72
177 33 92
36 36 46
183 60
176 42
