75 55 68 21 5 73 0 40 11 86 25 52 4 47 64 2 36 2 64 47 4 52 25 93 63 98 69 99 69 98 63 93 25 86 31 41 33 14 72 58 67 8 67 58 72 14 33 41 31 86 48 49 79 49 48 84 32 84 48 86 11 40 0 82 92 15 39 15 50 17 43 29 80 29 43 83 43 17 50 15 61 16 81 18 13 7 66 27 66 7 13 18 81 16 61 15 92 82 0 73 5 21 68 59 24 59 68 55 75
38
75 75 89
55 55
21 21
5 44
73 73 96
86 86
25 25 9
52 52
4 4
47 47
64 64
36 36 74
63 46 91
98 98 56
69 69
99 90
31 31
58 58
8 12
48 48
49 49
79 65
84 84
32 32 42
82 82 94
92 92 26
39 57
43 43
29 29
80 80 97
83 77
81 81
18 62 76
13 13
7 7 87
27 34
59 59
24 3
