mdyuzxshey vkrlpmybdj tvcolajnao ouxenssqdu qydclznxrd cmdqzmgvfi zpybghfdbe bswhowadhl oegfbrwyrp bswhowadhl zpybghfdbe lndsfxewdc mswyvpdrsy hkempoemlv ixyurvbpvu siatqqydwf ahqdrcepub siatqqydwf ixyurvbpvu uooysjrxsb seeyrseflx uooysjrxsb ixyurvbpvu syxecaxosc qgfchcatzi oggftsricu lnicnhmajr owusjcmdkp ljhmnbaicr ebqxbaqnmm zumetrybth jatkaoyfxb zumetrybth ebqxbaqnmm ljhmnbaicr owusjcmdkp oewptytlja knfzsnhzvx xftptyrlvl yiwwdwbzth xftptyrlvl knfzsnhzvx oewptytlja owusjcmdkp lnicnhmajr oggftsricu euqbrkzdsw wtjzgzopuw eysfgfavho phknwbtipl kdujdjjwot zjbarjhmau kdujdjjwot phknwbtipl hadchvmijq xplqpgpbvq lkvobxyfca xplqpgpbvq hadchvmijq phknwbtipl eysfgfavho wtjzgzopuw euqbrkzdsw oggftsricu qgfchcatzi syxecaxosc ixyurvbpvu hkempoemlv mswyvpdrsy lndsfxewdc zpybghfdbe cmdqzmgvfi tmrnpjqnxx wtlzrefwav jrmlkfexfk gllungmori rkyixxpcbx gllungmori jrmlkfexfk wtlzrefwav hsjqtjkukk smwxdupkdv aokbiptbzc koawdpgqdx unihwwnyqz qepegujmaa unihwwnyqz koawdpgqdx smwxdupkdv hsjqtjkukk wtlzrefwav tmrnpjqnxx cmdqzmgvfi qydclznxrd ouxenssqdu tvcolajnao vkrlpmybdj mdyuzxshey
34
mdyuzxshey mdyuzxshey mysadifwma
vkrlpmybdj vkrlpmybdj zmfuudfatm
tvcolajnao qcktwemqbm
qydclznxrd qydclznxrd
cmdqzmgvfi cmdqzmgvfi qfbvncxldf
zpybghfdbe psiebvskfb
oegfbrwyrp tgbmxdmvwe lbuiysostx
lndsfxewdc lndsfxewdc
mswyvpdrsy mswyvpdrsy
ixyurvbpvu optviwhmbr
ahqdrcepub ahqdrcepub lazlsvgukx
seeyrseflx seeyrseflx vugkhjygfe
syxecaxosc gwnccktgki
lnicnhmajr lnicnhmajr
owusjcmdkp owusjcmdkp
ljhmnbaicr ljhmnbaicr
ebqxbaqnmm ebqxbaqnmm
zumetrybth zumetrybth
jatkaoyfxb jatkaoyfxb bnmegnfgii
oewptytlja oewptytlja nwlccbonas
knfzsnhzvx knfzsnhzvx
xftptyrlvl xftptyrlvl jedsthbmzo
yiwwdwbzth wtyqwjwskq jqtguzxxsl
euqbrkzdsw euqbrkzdsw
kdujdjjwot kdujdjjwot
zjbarjhmau zjbarjhmau bulywvvpni
hadchvmijq hadchvmijq wynbxuuxru
lkvobxyfca lkvobxyfca fznfvsgjhc
wtlzrefwav wtlzrefwav
gllungmori gllungmori
rkyixxpcbx rkyixxpcbx eooyfwmxln
aokbiptbzc aokbiptbzc
koawdpgqdx koawdpgqdx
qepegujmaa qepegujmaa xtvbrolacp
