0 6 5 15 58 100 58 96 12 138 12 5 116 5 11 35 90 182 90 83 167 83 11 130 11 179 11 18 9 17 25 49 194 49 94 126 94 25 124 25 47 152 47 164 47 78 185 78 57 136 57 188 57 9 161 9 18 102 18 33 1 7 69 110 69 1 155 1 4 77 13 16 23 21 140 21 45 173 45 41 112 41 122 41 84 132 84 143 84 10 26 38 34 120 34 38 146 38 26 158 26 28 87 8 31 53 176 53 31 118 31 87 149 87 10 114 10 197 10 40 2 63 60 108 60 128 60 40 134 40 46 27 39 44 104 44 39 106 39 46 170 46 54 191 54 0
59
100 100 101
138 138 139
116 116 117
11 181
90 184
182 182 183
83 169
167 167 168
130 130 131
179 179 180
9 163
49 196
194 194 195
126 126 127
124 124 125
47 154 166
152 152 153
164 164 165
78 187
185 185 186
57 190
136 136 137
188 188 189
161 161 162
102 102 103
1 157
110 110 111
155 155 156
21 142
140 140 141
45 175
173 173 174
112 112 113
122 122 123
84 145
132 132 133
143 143 144
10 199
26 160
38 148
120 120 121
146 146 147
158 158 159
87 151
53 178
176 176 177
118 118 119
149 149 150
114 114 115
197 197 198
108 108 109
128 128 129
134 134 135
46 172
104 104 105
106 106 107
170 170 171
54 193
191 191 192
