0 75 4 30 29 79 150 94 14 39 35 37 35 125 128 117 128 125 59 19 84 104 17 104 135 109 119 129 180 182 180 100 10 12 66 67 66 12 10 45 170 5 190 10 55 185 154 9 24 49 160 137 160 162 160 24 70 40 2 40 90 54 69 74 80 82 108 82 80 90 92 90 115 77 186 42 186 132 186 77 115 25 27 65 34 89 145 60 50 85 120 47 120 9 140 143 140 9 164 195 110 44 110 57 110 130 0
65
0 3
75 78
30 30 32
29 124
79 79 184
150 20 152
94 94
14 139
39 39
35 35 38
37 37 36
125 125
128 128
117 166 168
19 99
84 149
104 104 64
17 17 16
135 135 52 138
129 129 72
180 180
182 182 181
100 100 15
10 13
12 12 11
66 66
67 67 123
170 172
190 192
55 55 58
185 187
154 154
9 134
160 160
137 136
162 161
40 43
2 2 28
54 54
69 69 179
74 74 189
82 82
108 108 102
92 92 91
77 101 116
186 186
42 42 41
132 132 131 141
25 25
27 27 118
65 65 68
34 95
89 114 159
145 145 148
85 87
120 120 122
47 47 183
140 142
143 97
164 144
195 195 197
110 110 113
44 44 105
57 57 56
130 133
