loc0 loc193 loc121 loc148 loc31 loc175 loc139 loc145 loc154 loc118 loc146 loc20 loc137 loc29 loc113 loc5 loc155 loc77 loc185 loc32 loc131 loc155 loc29 loc164 loc173 loc128 loc74 loc191 loc182 loc92 loc110 loc74 loc128 loc146 loc73 loc181 loc136 loc199 loc73 loc118 loc139 loc190 loc10 loc163 loc1 loc111 loc39 loc180 loc54 loc135 loc171 loc81 loc162 loc81 loc171 loc126 loc108 loc117 loc135 loc165 loc48 loc189 loc102 loc174 loc66 loc138 loc3 loc183 loc75 loc129 loc157 loc138 loc192 loc120 loc111 loc163 loc91 loc127 loc64 loc109 loc127 loc91 loc172 loc91 loc153 loc10 loc139 loc148 loc58 loc103 loc166 loc79 loc151 loc115 loc43 loc196 loc88 loc187 loc61 loc124 loc142 loc97 loc133 loc78 loc150 loc105 loc195 loc15 loc177 loc24 loc159 loc114 loc87 loc123 loc93 loc147 loc87 loc159 loc15 loc105 loc78 loc133 loc97 loc160 loc178 loc115 loc166 loc184 loc76 loc140 loc104 loc122 loc194 loc149 loc176 loc59 loc158 loc188 loc125 loc116 loc197 loc134 loc170 loc107 loc71 loc143 loc170 loc152 loc98 loc161 loc44 loc179 loc152 loc116 loc188 loc59 loc149 loc140 loc148 loc0
80
loc193 loc13
loc148 loc40
loc31 loc31
loc20 loc20
loc137 loc38
loc29 loc29
loc113 loc41
loc5 loc5
loc77 loc77
loc185 loc14
loc32 loc32
loc131 loc56 loc83
loc164 loc2 loc65
loc74 loc74
loc92 loc92
loc110 loc11 loc47
loc73 loc73
loc136 loc28 loc37
loc199 loc100
loc10 loc10
loc1 loc1
loc39 loc39
loc180 loc72
loc54 loc54
loc135 loc18 loc36
loc81 loc81
loc162 loc9
loc108 loc63
loc117 loc27
loc48 loc48
loc189 loc57 loc99
loc102 loc84
loc66 loc66
loc3 loc3
loc183 loc6
loc75 loc75
loc157 loc4 loc21 loc49 loc67 loc85
loc120 loc12 loc22
loc91 loc91
loc64 loc64
loc109 loc19 loc46
loc172 loc55 loc82
loc153 loc45 loc90
loc58 loc58
loc79 loc79
loc151 loc34
loc115 loc25
loc43 loc43
loc88 loc88
loc61 loc61
loc124 loc70
loc142 loc7
loc97 loc97
loc133 loc52
loc78 loc78
loc150 loc42 loc69
loc195 loc51 loc60 loc96
loc15 loc15
loc24 loc24
loc87 loc87
loc123 loc33
loc93 loc93
loc147 loc30
loc178 loc16
loc184 loc94
loc76 loc76
loc122 loc50 loc95
loc176 loc68
loc59 loc59
loc158 loc86
loc188 loc62
loc125 loc23
loc170 loc26
loc107 loc35 loc53
loc71 loc71
loc143 loc8
loc98 loc98
loc161 loc80
loc44 loc44
loc179 loc17 loc89
