0 127 109 61 88 187 180 115 76 28 76 55 31 97 176 117 189 187 181 46 87 5 62 17 89 161 155 108 7 54 149 177 139 20 35 103 99 27 49 195 186 150 78 20 81 23 84 158 6 96 157 93 10 2 43 74 37 43 10 93 71 21 178 191 66 4 179 144 14 119 136 193 197 85 101 26 69 40 59 11 63 159 24 104 138 113 12 168 135 102 192 57 170 3 111 156 172 22 183 67 146 36 125 127 0
75
0 91
61 61
88 88 8 98
76 76 33
28 28 42
55 55
31 31
97 97
176 44
117 79
189 51
181 72
46 46
87 87
5 5
62 62
17 17 70
89 89
161 45
155 38
7 7
54 54
177 18
20 20
35 35 56
99 99 86
27 27 39
49 49
195 53
186 68
150 75
78 78 9
81 81
23 23 60
84 84
6 6
96 96
93 93
10 10 83
2 2 30
43 43
74 74
37 37 47
71 71
21 21 13
178 94
191 95
66 66
4 4 32
14 14 29
119 73
136 52
85 85 16
26 26
69 69
40 40
59 59
11 11 1 34
63 63
24 24
104 92
138 80
12 12
168 90
135 82
57 57
3 3 58
111 48 100
156 15
22 22
183 50
67 67 25 64
146 19
36 36 41 77
125 65
