destitute Loomis Hindi taft Hindi Loomis barnacle destitute encumbrance nowhere radioactive stanza nowhere encumbrance namesake jewel Auberge Vega Andersen Halstead embassy Dominican Bleeker Dominican bobble McCall oriole septillion felony swordtail Hewlett swordtail bowman balustrade swordtail transpiration confrontation Sicilian Iowa woke extrovert Curtis wafer funky slowdown wafer confrontation transpiration septillion oriole McCall bobble shovel FPC combine covariate mediate exothermic coarse intangible choice intangible deletion exothermic mediate shovel whatsoever Gilmore funny shovel bobble Dominican embassy Andersen diligent Auberge namesake destitute
33
Loomis Loomis Rio
Hindi Hindi
taft MN
barnacle ripe
nowhere Elizabethan
stanza stanza Injun
jewel jewel
Auberge Auberge Modesto
Vega Vega
Andersen Andersen
Halstead Halstead
embassy embassy
Dominican Dominican
Bleeker Bleeker minion
bobble bobble
McCall McCall
septillion septillion creekside papal
Hewlett Hewlett decor swordfish
bowman Darwin
balustrade balustrade Isfahan
transpiration transpiration
Iowa illusion
woke trill yogurt
Curtis anvil
slowdown slowdown amateur schedule
combine extractor
covariate Fisk
mediate mediate
choice choice fatten shroud
deletion connubial
Gilmore Gilmore
funny funny midget
diligent diligent swingy tate
