woebegone felony casserole MN Hindi combine FPC Winchester bat Winchester oriole PDP Sunday PDP oriole bunch Rio is lordosis lexicon Bernini December Fisk swingy dull archive papal archive swingy Fisk December Bernini lexicon choice lexicon involuntary sacrifice thirteen broil involuntary spill involuntary lexicon lordosis is Rio namesake Elizabethan Simon yogurt atom Mesopotamia jewel numerology jewel Mesopotamia atom coarse torus icon torus trimester Curtis illusion transfuse Simon Elizabethan Rio ripe minion brook hamper brook schedule brook minion ripe bunch midstream confrontation bunch oriole Winchester FPC combine Wheller creekside Dominican Irvin Dominican creekside bowman covariate Halstead imposition Halstead covariate bowman creekside taft Injun taft Tucson taft creekside Wheller combine midget grudge cowhand midget combine Hindi MN monotonous MN casserole switchmen Gilmore simulate Gilmore switchmen funny woebegone plunder woebegone trill Palo Auberge Palo Durango cytolysis embassy phylogenetic funky gemsbok funky millennium inform millennium funky embassy cytolysis Durango trill fulsome trill woebegone
56
felony felony Isfahan babysat equipping tate thoroughfare
casserole casserole renaissance
MN exothermic noon
Winchester Winchester connubial
bat bat directory
oriole oriole
PDP PDP limitate
Sunday Sunday silage whatsoever
bunch bunch
lexicon Vega
December December Zorn
Fisk Fisk mediate
swingy swingy
dull dull
archive archive postscript softball
papal papal car
choice choice shovel
involuntary involuntary backplate slowdown
thirteen thirteen
broil broil barnacle
spill spill mitre
Elizabethan Darwin Goodrich
Simon Simon
yogurt yogurt
jewel septillion
numerology numerology diligent stanza viscous
coarse coarse
icon icon update
trimester trimester
Curtis Curtis deduce
illusion illusion griddle
transfuse transfuse catenate
hamper sphalerite
schedule anvil
midstream midstream
confrontation relaxation
Wheller Wheller
Irvin Irvin mack
imposition bifurcate
Injun Modesto
Tucson Tucson extrovert
cowhand Andersen explosion
monotonous monotonous dreadnought
switchmen imperishable
Gilmore Gilmore
simulate simulate Stephen
funny funny McCall wingspread
plunder transonic
trill administer
Auberge Auberge Rodney
Durango Durango Hewlett Reilly sinh
funky funky swordfish
gemsbok yearn
millennium millennium
inform inform secondary
fulsome fulsome embroil
