exothermic brook Hewlett Bleeker amateur Bernini Injun Curtis involuntary anvil embroil barnacle schedule extrovert schedule barnacle embroil anvil Bleeker midget tate midget Bleeker exothermic felony Dominican namesake McCall swordfish felony Irvin decor shovel trill shovel Irvin felony exothermic
18
brook Iowa
amateur amateur
Bernini Bernini Tucson
Injun Injun
Curtis Curtis
embroil Halstead
extrovert extrovert sacrifice
midget midget lordosis
tate coarse
felony felony
Dominican yogurt
namesake namesake FPC
McCall McCall Andersen
swordfish swordfish wafer
Irvin Irvin
decor decor
shovel shovel
trill trill combine
