Loc151 Loc40 Loc176 Loc80 Loc91 Loc165 Loc98 Loc41 Loc162 Loc144 Loc136 Loc172 Loc184 Loc3 Loc170 Loc115 Loc36 Loc104 Loc170 Loc128 Loc16 Loc77 Loc13 Loc6 Loc66 Loc18 Loc132 Loc199 Loc102 Loc47 Loc21 Loc89 Loc196 Loc173 Loc132 Loc18 Loc127 Loc14 Loc68 Loc62 Loc76 Loc46 Loc122 Loc56 Loc157 Loc164 Loc50 Loc181 Loc159 Loc25 Loc194 Loc95 Loc17 Loc5 Loc38 Loc190 Loc38 Loc5 Loc111 Loc123 Loc167 Loc87 Loc179 Loc35 Loc120 Loc43 Loc154 Loc13 Loc77 Loc65 Loc100 Loc138 Loc150 Loc88 Loc92 Loc84 Loc78 Loc22 Loc152 Loc23 Loc7 Loc67 Loc85 Loc79 Loc147 Loc113 Loc74 Loc188 Loc110 Loc108 Loc27 Loc10 Loc2 Loc10 Loc195 Loc24 Loc1 Loc60 Loc93 Loc86 Loc116 Loc52 Loc26 Loc180 Loc34 Loc113 Loc85 Loc118 Loc97 Loc141 Loc54 Loc29 Loc69 Loc139 Loc186 Loc197 Loc158 Loc106 Loc30 Loc178 Loc30 Loc106 Loc140 Loc92 Loc160 Loc9 Loc169 Loc33 Loc130 Loc4 Loc48 Loc135 Loc75 Loc119 Loc135 Loc4 Loc151
80
Loc151 Loc151
Loc91 Loc177
Loc165 Loc165
Loc98 Loc98
Loc41 Loc41
Loc144 Loc101
Loc172 Loc172
Loc184 Loc184
Loc3 Loc3
Loc170 Loc170
Loc115 Loc115
Loc36 Loc36
Loc104 Loc104 Loc156
Loc128 Loc128
Loc16 Loc16
Loc77 Loc77 Loc61 Loc134
Loc13 Loc13
Loc6 Loc6
Loc66 Loc66
Loc102 Loc102 Loc124
Loc47 Loc47
Loc21 Loc21 Loc99
Loc89 Loc89
Loc196 Loc187
Loc173 Loc173 Loc58
Loc127 Loc127
Loc68 Loc68
Loc62 Loc62 Loc72
Loc46 Loc46
Loc122 Loc122
Loc157 Loc157 Loc94
Loc50 Loc50
Loc181 Loc181
Loc194 Loc194 Loc15
Loc17 Loc17
Loc38 Loc38
Loc190 Loc190 Loc125
Loc111 Loc111
Loc123 Loc123 Loc185
Loc167 Loc167 Loc183
Loc120 Loc120
Loc43 Loc43
Loc154 Loc154 Loc109
Loc65 Loc65
Loc100 Loc161
Loc138 Loc138
Loc150 Loc49
Loc92 Loc92
Loc7 Loc7
Loc67 Loc96
Loc85 Loc85
Loc147 Loc147
Loc110 Loc110
Loc27 Loc27
Loc2 Loc2 Loc163
Loc195 Loc195
Loc24 Loc24
Loc93 Loc93
Loc86 Loc126
Loc116 Loc117
Loc52 Loc52
Loc26 Loc70
Loc180 Loc180
Loc34 Loc34 Loc32 Loc55
Loc118 Loc118
Loc141 Loc141 Loc59
Loc54 Loc54
Loc69 Loc166
Loc186 Loc28
Loc158 Loc158
Loc106 Loc182
Loc178 Loc142
Loc140 Loc20
Loc160 Loc160
Loc33 Loc33 Loc148
Loc130 Loc130 Loc171
Loc4 Loc4 Loc131
Loc48 Loc48
Loc135 Loc135
Loc119 Loc57
