Loc35 Loc9 Loc31 Loc72 Loc46 Loc96 Loc7 Loc60 Loc34 Loc51 Loc58 Loc50 Loc45 Loc55 Loc30 Loc78 Loc83 Loc89 Loc4 Loc57 Loc22 Loc59 Loc0 Loc24 Loc74 Loc80 Loc26 Loc84 Loc85 Loc77 Loc38 Loc47 Loc20 Loc63 Loc66 Loc8 Loc52 Loc48 Loc65 Loc39 Loc11 Loc82 Loc88 Loc28 Loc19 Loc68 Loc70 Loc1 Loc44 Loc23 Loc67 Loc16 Loc29 Loc27 Loc99 Loc87 Loc93 Loc43 Loc79 Loc91 Loc56 Loc10 Loc21 Loc9 Loc54 Loc35
41
Loc31 Loc31
Loc46 Loc46
Loc7 Loc7
Loc34 Loc34 Loc81
Loc51 Loc51
Loc58 Loc58
Loc50 Loc37
Loc78 Loc78
Loc89 Loc89
Loc4 Loc4 Loc92
Loc22 Loc22
Loc0 Loc0
Loc24 Loc24 Loc73
Loc74 Loc74 Loc86
Loc80 Loc80
Loc26 Loc62
Loc84 Loc84
Loc77 Loc77
Loc47 Loc47 Loc15
Loc63 Loc63
Loc66 Loc66
Loc8 Loc14
Loc52 Loc52 Loc71
Loc48 Loc48
Loc65 Loc65
Loc39 Loc39
Loc28 Loc28
Loc19 Loc33
Loc70 Loc70
Loc1 Loc1
Loc44 Loc44
Loc23 Loc23
Loc67 Loc67 Loc13 Loc97
Loc29 Loc41
Loc27 Loc64
Loc93 Loc93
Loc79 Loc79
Loc91 Loc90
Loc10 Loc10
Loc21 Loc25
Loc54 Loc54 Loc95
