5 95 16 47 17 19 92 1 74 1 80 76 96 52 44 28 52 96 76 80 20 80 38 1 92 19 17 47 51 4 79 77 34 59 60 18 41 18 60 59 64 59 34 86 77 4 51 16 45 95 90 13 88 72 10 78 30 49 66 91 49 30 78 83 61 83 72 88 13 90 15 55 12 82 67 11 9 11 67 12 55 7 37 40 37 7 55 90 73 50 58 35 57 35 58 50 73 95 5
37
5 5 24
95 95 43
47 47
92 92
1 1
74 74 84
76 76
52 52
44 44 97
28 46
20 69
38 23 42 81
4 4
34 34
59 53 39
60 60
18 18
41 98
64 64 93
86 0
45 45 6
13 13 99
88 88
78 78
30 30 87
66 27
91 91 14
61 22
15 15
55 55
82 82
67 67
11 11
9 62
37 36
40 40 75
57 85
