3xgrfvks bt3xcgwcd6c nmvly1q dooatf4 t42r85mht8ru dooatf4 okbjywtq4zz9 ijgos1ws1o uqc3avv5 2hmpo9x8v795 it92vprqk d8hwo5pi it92vprqk ifmqwyt6x 2hmpo9x8v795 4418l7vdyv d3y7jq ou2rf1qhh ual3asit y6571 nbvknr y6571 d3y7jq 4a7789n z4o91 vm4iv29w2k8 b9zxvj22sc ag29aqlop b9zxvj22sc vm4iv29w2k8 z4o91 4a7789n nlg58sjqg 4a7789n 4418l7vdyv 4l424khddum 45bp6qh 2hmpo9x8v795 uqc3avv5 okbjywtq4zz9 dooatf4 nmvly1q bt3xcgwcd6c 3xgrfvks fcxnizqrra 3xgrfvks
18
bt3xcgwcd6c bt3xcgwcd6c
dooatf4 dooatf4
t42r85mht8ru pxtk2
uqc3avv5 uqc3avv5
it92vprqk it92vprqk
d8hwo5pi i3la5wvv4
ifmqwyt6x ifmqwyt6x 1huq1df
4418l7vdyv 4418l7vdyv kr5jy4uyjt
d3y7jq d3y7jq
ou2rf1qhh 8evxiqgcp69n
ual3asit ual3asit
nbvknr nbvknr lrleda
b9zxvj22sc b9zxvj22sc
ag29aqlop ag29aqlop ho87zq94a914a
nlg58sjqg d5podyx2rn1o
4l424khddum 4l424khddum
45bp6qh 45bp6qh 5ed169a5jrt
fcxnizqrra m5uyvxo2h
