htb26qt qvfndvc zjj1dm8s ligw3mffc fgkuly81y aq2rero4e mucolb1r aq2rero4e fgkuly81y czpcwszblx 89ladcv uzsjpl5f5 5nsjpxd 52oycn21v a5u8g4sej 52oycn21v 5nsjpxd uzsjpl5f5 czpcwszblx ligw3mffc aplkk57cpzm 44yverx ben42py9 tmyhwxa tq8pgw7ge id5491f19 t4iedm id5491f19 tq8pgw7ge tmyhwxa ben42py9 aplkk57cpzm ligw3mffc gxy4oc4 ushjdkdhm9 5612qqmh xpxnortd 29vqtk3x itbc25it1yep 2hzpyd itbc25it1yep 4lvyha1 itbc25it1yep b8apl2kn qq3mi 7hz6j8 zjh83ae 7hz6j8 qq3mi tpuaixp z4kx8k9 hipbkq7s74z z4kx8k9 qq3mi u8tp4tq og6n7bgq8h u8tp4tq kxhc6t8tu 8m3pascg vl6czuab kxhc6t8tu oafxqw 9egqgrh7x4e qq3mi b8apl2kn itbc25it1yep siimi45 eb3m8w2lan f92ere3 eb3m8w2lan c9c2oc6rv 5xz8hm5sa3 eb3m8w2lan siimi45 tu8xxomxhi pt2n7hl hyc885fvjls pt2n7hl siimi45 29vqtk3x t6fnmkuk t6jinp 9sp3riwrk66 87jxa m5r6ali 4nwqnlye ynuam4f8 1161ildqnj ynuam4f8 4nwqnlye m5r6ali 87jxa t6jinp fl6nxu2p a8cy4e1t8 x73l73jp 4wptk69oipw x73l73jp a8cy4e1t8 fl6nxu2p t6jinp t6fnmkuk xpxnortd 5612qqmh txlltgki vqthskq txlltgki ml5lp1nmef 812l47wm ml5lp1nmef pe165 ml5lp1nmef onl7cjn ml5lp1nmef txlltgki 5612qqmh lyvvnwfs 5612qqmh ushjdkdhm9 gxy4oc4 ligw3mffc pwqxinlzb3s ozag34bm9 jeiqok yr44oj2 p5ujl2azex yr44oj2 jeiqok ozag34bm9 pwqxinlzb3s ligw3mffc zjj1dm8s qvfndvc htb26qt
52
zjj1dm8s l8yypbh 7pbkkbbpw 5stwoup
fgkuly81y pmyqr
aq2rero4e 8jea4n4ez
mucolb1r mucolb1r ay5sahonq84
czpcwszblx hwu8dv9jgknbm
89ladcv mw8g2qjo1
uzsjpl5f5 uzsjpl5f5
a5u8g4sej a5u8g4sej yx6dguko
aplkk57cpzm aplkk57cpzm
44yverx ic2r4blmm9
ben42py9 nd9xavj
id5491f19 zou7sx9w 6u4sf1gi
t4iedm t4iedm itrx5fucdq gd5ct4
ushjdkdhm9 ushjdkdhm9
itbc25it1yep q42s9z886w5 4w6uhigzl
2hzpyd yg6hizqty
4lvyha1 iffsi
b8apl2kn grn3uqx9y
qq3mi nm7ud
7hz6j8 7hz6j8
zjh83ae zjh83ae yhp7wbv9
z4kx8k9 y3eg7gqq6 h1gz5hzz ysiw8m4l
hipbkq7s74z 1jhmm8m85
u8tp4tq art44ncra
og6n7bgq8h og6n7bgq8h 59yzvtv p9mtts
kxhc6t8tu kxhc6t8tu
8m3pascg 8m3pascg
vl6czuab vl6czuab 37v6d
9egqgrh7x4e 9egqgrh7x4e kwtb3cg
siimi45 3khitn6
f92ere3 f92ere3 tjwldi
5xz8hm5sa3 6k7du
tu8xxomxhi tu8xxomxhi hc2hf5t8
pt2n7hl pt2n7hl hq5mh8mi yhvc7zg euhqqqmdpe
hyc885fvjls hyc885fvjls fej54ps5j
9sp3riwrk66 k3qywmpr g2g6fxcwr2l
87jxa 87jxa 52a3fj2zh
ynuam4f8 ynuam4f8
1161ildqnj 1161ildqnj piawzpgtzz9
x73l73jp x73l73jp dlkmpx
4wptk69oipw 1ca2x2cnc
txlltgki txlltgki s9vu9xx884 8gc7dka8lfy
vqthskq 9oii82xaa
812l47wm 812l47wm 4ka6l1c8w ilaz9q
pe165 wqkqf
onl7cjn vrem3ey3kg44
lyvvnwfs e7lxs
pwqxinlzb3s pwqxinlzb3s
ozag34bm9 ozag34bm9 dt4ljfgjkizpq 9lvbrlgk ht1efrhmh
jeiqok i6lsw66h
yr44oj2 yr44oj2
p5ujl2azex obabms
