SaintPaul Garland Newark Scottsdale Honolulu Memphis Louisville Irving Anaheim Seattle VirginiaBeach StPetersburg Milwaukee Columbus Glendale Hialeah Glendale Columbus Milwaukee StPetersburg Cincinnati ChulaVista SanDiego ChulaVista Charlotte Phoenix Durham SantaAna Durham Phoenix Charlotte Irvine Buffalo Oakland Philadelphia SanFrancisco Stockton SanFrancisco Philadelphia Oakland Buffalo Irvine Fremont Irvine Charlotte ChulaVista Baltimore Albuquerque FortWayne Albuquerque BatonRouge Albuquerque Baltimore Mesa Baltimore LongBeach Greensboro LongBeach Baltimore ChulaVista JerseyCity Lexington Fresno KansasCity Miami Omaha Miami KansasCity Norfolk Denver Detroit Tucson Detroit Denver Norfolk KansasCity Fresno Plano LosAngeles Austin LosAngeles Plano Fresno Lexington JerseyCity Toledo JerseyCity Richmond Minneapolis Richmond JerseyCity ChulaVista Cincinnati StPetersburg VirginiaBeach Seattle Anaheim Irving Louisville Memphis Honolulu Newark Garland SaintPaul
36
Newark Newark
Scottsdale Scottsdale
Honolulu Honolulu
Memphis Memphis
Louisville Madison
StPetersburg StPetersburg Henderson Lubbock
Milwaukee Milwaukee
Columbus Columbus
Glendale Glendale
Hialeah Hialeah OklahomaCity
Cincinnati Cincinnati
SanDiego SanDiego SanJose
Charlotte Charlotte
Phoenix Phoenix
Durham Durham WinstonSalem
SantaAna SantaAna Pittsburgh
Stockton Stockton Houston
Fremont Chandler
Baltimore Baltimore
FortWayne FortWayne Anchorage
BatonRouge FortWorth
Mesa Indianapolis
LongBeach LongBeach
Greensboro Dallas
JerseyCity JerseyCity Laredo
Lexington Lexington
Fresno Chesapeake Spokane
KansasCity NewOrleans
Omaha Aurora
Denver Denver
Tucson Tucson Raleigh
Plano Plano
LosAngeles ElPaso
Austin Austin SanAntonio
Toledo Atlanta Tampa
Minneapolis Bakersfield Lincoln
