Chattanooga Cleveland NewOrleans ElPaso Dayton Plano Fresno Portland JerseyCity Mobile JerseyCity Portland Fresno OuterHaven Greensboro PembrokePines Gilbert PembrokePines Greensboro OuterHaven Hollywood OuterHaven Fresno Plano ElkGrove Savannah FortLauderdale Indianapolis Riverside Scottsdale OverlandPark BatonRouge Detroit Vancouver Detroit BatonRouge Bakersfield Salinas Murfreesboro Salinas Bakersfield BatonRouge OverlandPark Surprise Stockton Surprise Anchorage Surprise OverlandPark Scottsdale Riverside Indianapolis FortLauderdale Miami Sacramento Huntsville Fremont Honolulu Peoria Jerusalem NewportNews Minneapolis WinstonSalem Cincinnati Albuquerque Cincinnati LongBeach Cincinnati WinstonSalem Knoxville Berkeley FortWayne Bridgeport FortWayne Springfield Berkeley Knoxville WinstonSalem Minneapolis Garland Naperville Garland Minneapolis HuntingtonBeach Jackson HuntingtonBeach Minneapolis NewportNews Jerusalem Peoria Corona Peoria Honolulu Miramar Honolulu Fremont SanBernardino Boise Lakewood Augusta SantaClarita Providence Palmdale FortCollins Palmdale Providence SantaClarita Hayward Norfolk SaintPaul Norfolk Irvine OklahomaCity Lincoln Madison Lincoln OklahomaCity Irvine Norfolk Hayward Akron RanchoCucamonga TianamenSquare RanchoCucamonga Akron Hayward SantaClarita Augusta Lakewood Sunnyvale StPetersburg Clarksville StPetersburg Sunnyvale Boise SanBernardino Fremont Huntsville Tacoma Huntsville Sacramento Miami FortLauderdale Tulsa Memphis Roseville FortWorth VirginiaBeach Roseville MorenoValley Anaheim MorenoValley Roseville Amarillo Roseville Memphis Tulsa Montgomery Macon LittleRock Macon Orange Aurora Orange Frisco Orange Macon Montgomery Tulsa FortLauderdale Savannah ElkGrove Plano Dayton ElPaso NewOrleans Cleveland Chattanooga
67
Cleveland Cleveland
ElPaso ElPaso
Plano Plano
Fresno GrandRapids Worcester
JerseyCity Buffalo
Mobile Olathe
PembrokePines Orlando Salem
Gilbert Denton
Hollywood Louisville
ElkGrove McAllen
Savannah Savannah
FortLauderdale FortLauderdale
Indianapolis Indianapolis Phoenix
Riverside Riverside
Scottsdale Scottsdale Tempe
BatonRouge BatonRouge
Vancouver Vancouver Austin
Bakersfield Bakersfield Oceanside
Salinas GardenGrove
Murfreesboro Murfreesboro Charlotte
Surprise Surprise
Stockton Richmond
Anchorage Anchorage Midland
Fremont Fremont
Honolulu Honolulu SanFrancisco
NewportNews NewportNews DesMoines Alexandria
Cincinnati Cincinnati Paterson
Albuquerque LosAngeles Waco
LongBeach GrandPrairie
Knoxville Knoxville
Berkeley Berkeley
Bridgeport Boston
Springfield Springfield Spokane
Naperville Naperville Chicago
Jackson Jackson Brownsville
Corona Corona Lubbock
Miramar PortStLucie
SanBernardino SanBernardino
Boise Boise
SantaClarita SantaClarita
FortCollins Pomona
Hayward Hayward
Norfolk Raleigh
SaintPaul SaintPaul Washington
Irvine Irvine Syracuse
OklahomaCity SantaAna Fontana
Lincoln Lincoln
Madison Madison Joliet
Akron Akron
RanchoCucamonga Newark
TianamenSquare Ontario
Sunnyvale SanDiego
StPetersburg Toledo
Clarksville Jacksonville
Tacoma Tacoma Oxnard
Memphis Memphis SanAntonio Wichita
Roseville Durham
FortWorth FortWorth
VirginiaBeach Glendale
MorenoValley Henderson Tallahassee
Anaheim Anaheim NewYork ChulaVista
Amarillo Yonkers
Montgomery SanJose
LittleRock LittleRock CapeCoral Shreveport
Orange Orange
Aurora Aurora Baltimore Lexington Fayetteville
Frisco Frisco KansasCity
