Jacksonville Milwaukee Austin Raleigh Austin Omaha Austin Milwaukee Nashville Milwaukee Tulsa Detroit SanAntonio Miami Charlotte Miami Oakland Phoenix OklahomaCity FortWorth SanJose Indianapolis SanJose FortWorth OklahomaCity Phoenix Oakland Philadelphia Houston ColoradoSprings Houston Philadelphia Oakland Miami SanAntonio Detroit Tulsa Jacksonville Atlanta Louisville Arlington Portland Arlington Louisville Atlanta Jacksonville
19
Jacksonville Jacksonville
Milwaukee Tucson
Austin Austin
Raleigh Memphis
Omaha LongBeach
Nashville ElPaso
Tulsa Tulsa Minneapolis
Detroit Columbus
Charlotte LasVegas
Oakland Albuquerque
Phoenix Phoenix
FortWorth FortWorth
SanJose SanJose Boston
Indianapolis Indianapolis LosAngeles
Philadelphia Philadelphia
ColoradoSprings VirginiaBeach
Atlanta Atlanta SanFrancisco Fresno
Louisville Louisville
Portland Portland Seattle
