Porterton Dianashire Burgessview Billton Banksburgh Yvonneborough Parkermouth Yvonneborough Banksburgh Simmonsburgh Michaelville Simmonsburgh Banksburgh Billton Burgessview Marcusburgh Tylerbury Paultown Tylerbury Jamestown Tylerbury Marcusburgh Fletcherland Willisfurt Fletcherland Kingview Williamschester Kingview Fletcherland Marcusburgh Matthewburgh Bondfort Shawnmouth Bondfort Adamview Bondfort Matthewburgh Virginiastad Robinsonmouth Virginiastad Matthewburgh Marcusburgh Burgessview Williamfort Moodyburgh Gregoryberg Smithfort Gregoryberg Moodyburgh Heatherberg Thomasborough Heatherberg Moodyburgh Williamfort Thomasville Lopezburgh Byrdfurt Lopezburgh Thomasville Williamfort Williamport Ashleystad Codyton Ashleystad Holthaven Ashleystad Williamport Williamfort Burgessview Dianashire Ashleyborough Osborneville Payneview Jacksonville Jennifertown Jacksonville Payneview Barnesmouth Harrisport Barnesmouth Payneview Teresafort Smithtown Teresafort Payneview Osborneville Christophermouth Shawnhaven Christophermouth Osborneville Ashleyborough Clarkberg Burtonview Murphyside Bakertown Murphyside Burtonview Clarkberg Reevestown Judithview Michaelview Judithview Reevestown Clarkberg Ashleyborough Paulburgh Robertsstad Toddtown Swansonshire Toddtown Robertsstad Paulburgh Walltown Scotttown Jacksonview Scotttown Walltown Callahantown Maryport Callahantown Walltown Johnberg Walltown Paulburgh Ashleyborough Dianashire Porterton Wallton Derekmouth Charlesberg Kevinberg Patriciabury Kevinberg Adamside Kevinberg Charlesberg Sethland Ellisstad Sethland Charlesberg Weberbury Kimberlyburgh Weberbury Charlesberg Derekmouth Jeffreyfort Johnsonchester Jeffreyfort Garytown Audreyfort Garytown Jeffreyfort Derekmouth Geraldside Joseport Gabrielburgh Joseport Hallborough Joseport Geraldside Michellehaven Ramosborough Michellehaven Cranemouth Michellehaven Geraldside Derekmouth Wallton Danielleport Cooperton Lopezborough Waltersmouth Lopezborough Cooperton Danielleport Melissaview Cheyennefurt Watsonville Cheyennefurt Melissaview Campbellhaven Annberg Campbellhaven Melissaview Danielleport Scottburgh Laurenbury Haleview Laurenbury Scottburgh Danielleport Wallton Davisstad Newmanburgh Gallowaymouth Rioshaven Gallowaymouth Newmanburgh Davisstad Jacksonton Singletonton Clarkbury Singletonton Jacksonton Davisstad Leechester Pettyton Bondmouth Pettyton Leechester Castanedachester Leechester Davisstad Wallton Porterton
51
Parkermouth Parkermouth Shawnfort
Michaelville Michaelville Williamland
Paultown Hansonbury
Jamestown Wilsonstad
Willisfurt Ortizberg
Williamschester Williamschester Mirandaview
Shawnmouth Shawnmouth Priceville Buckleyside
Adamview Adamview Harrisborough
Virginiastad Johnsonberg
Robinsonmouth Robinsonmouth Horneside
Smithfort Smithfort Millerborough
Thomasborough Thomasborough Masseyside Ortegaberg
Lopezburgh Leahmouth
Byrdfurt Byrdfurt Loweryborough Garciamouth
Codyton Codyton Mindyview Ryanside
Holthaven Holthaven Vickiville
Jacksonville Christopherhaven
Jennifertown Jennifertown Feliciaville
Barnesmouth Clarkborough
Harrisport Harrisport Brendaview
Teresafort Calvinton
Smithtown Smithtown Abigailville Jacksonland
Shawnhaven Candaceborough Dannyside
Bakertown Bakertown Derekville Jameston
Michaelview Michaelview Clarenceview
Swansonshire Swansonshire Abigailhaven
Jacksonview Jacksonview Danielville
Maryport Maryport Combsville Reynoldsview
Johnberg Williamshire
Patriciabury Patriciabury Troyfort Thomasmouth
Adamside Adamside Andrewschester Bradberg
Sethland Tannerhaven
Ellisstad Ellisstad Osbornemouth
Weberbury Clarkport
Kimberlyburgh Kimberlyburgh Candiceland
Johnsonchester Nealfurt Susanfort
Audreyfort Audreyfort Patriciaside
Gabrielburgh Gabrielburgh Hodgesstad
Hallborough Hallborough Kylieview
Ramosborough Ramosborough Fordhaven
Cranemouth Cranemouth Joneschester
Waltersmouth Adamport Adkinsberg
Cheyennefurt Thompsonshire
Watsonville Watsonville Christyland Robertomouth
Annberg Annberg Dyerport Houstonchester
Haleview Haleview Hallstad
Rioshaven Rioshaven Josephstad
Clarkbury Clarkbury Jermaineton
Pettyton Jonesfurt
Bondmouth Bondmouth Mercedesmouth Taylorton
Castanedachester Suttonville
