K B CA FQ FD BJ DV BF CP AW Q AH Q CL O A CL Q AW CP BL GN M BT CF BS AN DS AA DQ EW AA DS DH GA Y DL EQ J EQ CE GF CT CU CT GF DL Y BW CG GO AQ AC FI DD FL AK AV G BA G AV AK BY DW AP FV W FV AP DW DO DW BY FL DD GH DA DT AI EK DA AN EB DC U DG DM DI GL DP GR CC EY EO DE EV CI EV EG AG GG EI BZ DY CK FH CJ H FT GK AU AO CZ AO GM BI CO DB DX FK EA FW P FJ DY ES AF BD GC DJ EE L BB GC ED AE EI GG EG EP C DR FX CH FU FM DZ EV DE FD FQ GD ET S AY GD CA B K BH K
81
B B
FD FD EN
BJ BJ
DV DV
BF BF
AW AW
AH AH EU
CL AS
O R
A BG
BL BL
M M
CF CF AM
AN AN
DS DS
EW AJ
DH DH
Y Y
EQ EQ
J Z
CE CE FP
GF GF
CT CT
CU GI
GO GO
AC V
FI FI
DD FZ
G G
BA BA CB
BY BY BE
AP BO
FV FV
W AX
DO FE
DT T
AI FO
EK EK GE
DC DC
U U
DG DG EL
DI DI DK
GL GL
DP DP BX
GR GR
CC CM
EO EO
EV EV
CI CY
EG EG
AG AG
GG GG
BZ BQ
CK CK
FH FH
CJ CJ BR
H CQ
GK GK
AU FR
CZ FG
BI BI
DB DB
DX DX
EA EA EM
P P EC GJ
FJ FJ BP
AF AF
GC GC
L L
BB BB CW
ED ED
AE X
DR DR
FX FX
CH EZ
FU FU EH
FM FM
DZ DZ I AB
GD GD
AY EJ
BH FS
