dldkilltnmhfepsteins msddkilllthepsteinfn dlfdkilltepsteinhnms killmdshdtnflepstein fthlkillnepsteindsdm epsteinhnkillsldfdmt tmfdhepsteinnslkilld smkillnepsteinfldthd hdmndfepsteinstkilll smkillnepsteinfldthd tmfdhepsteinnslkilld epsteinhnkillsldfdmt mkilldlshdtfepsteinn lepsteindsmnhftdkill mkilldlshdtfepsteinn epsteinhnkillsldfdmt fthlkillnepsteindsdm depsteinftndhmkillsl dhkillldsepsteintnmf fsepsteindkillhmtdln dkillnmhldstfepstein epsteinshlkilldmnfdt dfdepsteintlnskillhm epsteinshlkilldmnfdt dkillnmhldstfepstein hdntepsteinkilllsdfm dkillnmhldstfepstein dhkillldsepsteintnmf epsteinfsltkillnhddm dhkillldsepsteintnmf depsteinftndhmkillsl fhnmkillepsteinsdltd depsteinfmkillhdsnlt mdkillntepsteindfhsl tndskilldfepsteinmhl mdkillntepsteindfhsl depsteinfmkillhdsnlt fhnmkillepsteinsdltd depsteinftndhmkillsl fthlkillnepsteindsdm nftmskilldldepsteinh fthlkillnepsteindsdm killfhdndtlepsteinsm killmdshdtnflepstein sdndhepsteinltkillfm killshdlmftnepsteind hsepsteinfkillnmddtl hepsteinnfmtlkilldds hsepsteinfkillnmddtl smfhndepsteinkillltd tldmepsteindkillfhsn smfhndepsteinkillltd hsepsteinfkillnmddtl hndsmfkilltldepstein nmkilllepsteintdsdfh hndsmfkilltldepstein hsepsteinfkillnmddtl killshdlmftnepsteind sdndhepsteinltkillfm dkillfepsteinnhdmtls depsteinlfnmkilldsht tsmdepsteinkillhfdln lkilldtnmsepsteindfh tdnfmdhepsteinslkill epsteintfhndkilllmsd tdnfmdhepsteinslkill fmtnkilldepsteindhsl killtdslhfdepsteinnm shfnmltepsteindkilld killdldepsteinmfsthn smtepsteinkilldfnhdl mfndlsdepsteinhkillt dsftepsteindhkillmnl hlfdskilldnepsteintm killthsepsteindmlfdn hlfdskilldnepsteintm dsftepsteindhkillmnl mfndlsdepsteinhkillt smtepsteinkilldfnhdl sepsteindhmnltkillfd killhtdmdlnsfepstein hmdkilllnepsteinfsdt msepsteintlhnfkilldd sldhnfmtdkillepstein tepsteinhsdkillmldfn shepsteinnkillftlddm ddkillnftsmhepsteinl tepsteinkilldflhnmsd lhsntdepsteindkillmf lmkillepsteintsndfhd hepsteinntdkillsdmfl lmkillepsteintsndfhd lhsntdepsteindkillmf tepsteinkilldflhnmsd ddkillnftsmhepsteinl tepsteinhsdkillmldfn sldhnfmtdkillepstein msepsteintlhnfkilldd hmdkilllnepsteinfsdt killhtdmdlnsfepstein sepsteindhmnltkillfd hnddkilltslmfepstein thdlskillnfdmepstein hnddkilltslmfepstein lkillfthdsepsteindnm nsepsteinfmdkillhldt lkillfthdsepsteindnm hnddkilltslmfepstein smtepsteinkilldfnhdl killdldepsteinmfsthn nepsteinfthdldmkills lnepsteintdfmdshkill nepsteinfthdldmkills fkillepsteinndmdlhts lntkillepsteinfsddhm dflstmkillepsteindhn killdepsteinmfltdshn dflstmkillepsteindhn lntkillepsteinfsddhm fdmtdepsteinkilllsnh lntkillepsteinfsddhm mhdskillldftnepstein nmkilldepsteinhtldsf ltfnsdhepsteinkilldm nmkilldepsteinhtldsf mhdskillldftnepstein lntkillepsteinfsddhm fkillepsteinndmdlhts dtsmdnlhfepsteinkill fkillepsteinndmdlhts nepsteinfthdldmkills killfsdndhtmepsteinl nepsteinfthdldmkills killdldepsteinmfsthn dkillnsepsteinfdmthl sfdntlkilldhmepstein epsteinfthkilldnslmd sfdntlkilldhmepstein hfskilldepsteinmndlt sfdntlkilldhmepstein dkillnsepsteinfdmthl killdldepsteinmfsthn shfnmltepsteindkilld nkillddfthsmepsteinl shfnmltepsteindkilld killtdslhfdepsteinnm fmtnkilldepsteindhsl tdnfmdhepsteinslkill lkilldtnmsepsteindfh dhmkillfdltnsepstein hdepsteinkillnfdlmts dftkillhmldnepsteins hdepsteinkillnfdlmts dkillldfepsteintsmnh hdepsteinkillnfdlmts dhmkillfdltnsepstein lkilldtnmsepsteindfh tsmdepsteinkillhfdln depsteinlfnmkilldsht dkillfepsteinnhdmtls sdndhepsteinltkillfm killmdshdtnflepstein dlfdkilltepsteinhnms msddkilllthepsteinfn dldkilltnmhfepsteins
64
msddkilllthepsteinfn msddkilllthepsteinfn
dlfdkilltepsteinhnms dlfdkilltepsteinhnms
killmdshdtnflepstein fdskillndtmepsteinlh
fthlkillnepsteindsdm thnkillmddsepsteinfl
epsteinhnkillsldfdmt epsteinhnkillsldfdmt
hdmndfepsteinstkilll lkillepsteintdshmfnd
mkilldlshdtfepsteinn mkilldlshdtfepsteinn epsteinhdkillltsmfdn
lepsteindsmnhftdkill dhsepsteintlkillmfnd epsteinldtnfmshdkill
depsteinftndhmkillsl depsteinftndhmkillsl epsteindkilltlmnhsfd hepsteinnfdmlsdtkill
dhkillldsepsteintnmf killtdmsdfhnepsteinl
fsepsteindkillhmtdln fsepsteindkillhmtdln skillthlfndepsteindm killhdfnsepsteinmltd epsteinlmkillfshnddt
dkillnmhldstfepstein dkillnmhldstfepstein
dfdepsteintlnskillhm dfdepsteintlnskillhm ldepsteindhkilltsmfn
hdntepsteinkilllsdfm mhkillepsteinddlfsnt
epsteinfsltkillnhddm fmltddhnepsteinskill
fhnmkillepsteinsdltd fhnmkillepsteinsdltd
depsteinfmkillhdsnlt tdfkillslepsteinhdmn
mdkillntepsteindfhsl mdkillntepsteindfhsl dmldfhskillntepstein
tndskilldfepsteinmhl tndskilldfepsteinmhl dkillnmsfhtlepsteind
nftmskilldldepsteinh nftmskilldldepsteinh mdkillnlsdtepsteinhf
killfhdndtlepsteinsm lepsteindnhstfdmkill
sdndhepsteinltkillfm sdndhepsteinltkillfm dfkilllepsteinsnmhtd
hsepsteinfkillnmddtl hsepsteinfkillnmddtl epsteindmshtfldnkill
hepsteinnfmtlkilldds ldfsmnepsteinkilltdh
tldmepsteindkillfhsn nmdhepsteinkilltfsld
nmkilllepsteintdsdfh hmndfkillslepsteintd
depsteinlfnmkilldsht depsteinlfnmkilldsht tldkillhsfnmepsteind lhepsteintndkilldsmf
tsmdepsteinkillhfdln tsmdepsteinkillhfdln killfthnmsdlepsteind
lkilldtnmsepsteindfh lkilldtnmsepsteindfh
epsteintfhndkilllmsd epsteintfhndkilllmsd tdkillepsteinsmhdfnl
fmtnkilldepsteindhsl fmtnkilldepsteindhsl mkillldnhepsteinstfd
killtdslhfdepsteinnm killtdslhfdepsteinnm slepsteinkillfmddhtn
shfnmltepsteindkilld shfnmltepsteindkilld
killdldepsteinmfsthn killdldepsteinmfsthn dnldkillhmfstepstein
mfndlsdepsteinhkillt killmfndshdtepsteinl
dsftepsteindhkillmnl sdlhfnmdepsteintkill
killthsepsteindmlfdn killthsepsteindmlfdn nepsteindhkillltmsfd depsteinslkillhdftmn
killhtdmdlnsfepstein killhtdmdlnsfepstein nfltdmkillsdepsteinh sndldftmkillepsteinh
hmdkilllnepsteinfsdt hmdkilllnepsteinfsdt
msepsteintlhnfkilldd msepsteintlhnfkilldd
sldhnfmtdkillepstein sldhnfmtdkillepstein fhdmnepsteindkillslt
tepsteinhsdkillmldfn tepsteinhsdkillmldfn
lhsntdepsteindkillmf lhsntdepsteindkillmf
lmkillepsteintsndfhd lmkillepsteintsndfhd ndshkilldmlepsteinft
hepsteinntdkillsdmfl hepsteinntdkillsdmfl depsteintkilllnmsfdh
hnddkilltslmfepstein dmtlsfhnkilldepstein
thdlskillnfdmepstein thdlskillnfdmepstein lepsteinkilldhfmstnd
lkillfthdsepsteindnm ndkillthdepsteinlsmf dtnkillsepsteinmdfhl
nsepsteinfmdkillhldt hnskillepsteintfdmld
lnepsteintdfmdshkill fddsmepsteintnkillhl skillmfepsteinthddnl
fkillepsteinndmdlhts mkillthfdlnepsteinds
dflstmkillepsteindhn dflstmkillepsteindhn lsmftnepsteinkillhdd
killdepsteinmfltdshn killdepsteinmfltdshn tsdnhkilllmepsteindf
fdmtdepsteinkilllsnh fdmtdepsteinkilllsnh mdkilllfdnstepsteinh
mhdskillldftnepstein mhdskillldftnepstein
ltfnsdhepsteinkilldm ltfnsdhepsteinkilldm tepsteinmdfldhnskill
dtsmdnlhfepsteinkill dtsmdnlhfepsteinkill epsteinsnmflhtdkilld
killfsdndhtmepsteinl hnsepsteinmkillfddtl
epsteinfthkilldnslmd epsteinfthkilldnslmd ntmdhepsteinsdkillfl
hfskilldepsteinmndlt dhtepsteinkillsdflmn
nkillddfthsmepsteinl killtepsteinddhlmnsf
dhmkillfdltnsepstein dhmkillfdltnsepstein
dftkillhmldnepsteins mndtkillepsteindlfhs
dkillldfepsteintsmnh dlshdtepsteinnkillfm
