tepsteinfdkilldlmhns hdkillfmtslndepstein slepsteinftndkillmdh htskillepsteindnlfdm sltkillfndepsteinmhd ndlmhepsteintdskillf htskillepsteindnlfdm slepsteinftndkillmdh thmepsteinlkillfsndd mfskillnhlddtepstein dhlepsteindkillsmtnf lepsteinfdkillsdnmht dhlepsteindkillsmtnf killepsteintdldshfnm thsfnmkilldlepsteind hdepsteinsmdtnflkill ndlepsteinhdtskillfm ldnmepsteinhfstdkill nmhdkilltslepsteinfd ldnmepsteinhfstdkill hfskillnepsteinldtdm ldnmepsteinhfstdkill ndlepsteinhdtskillfm thsfnmkilldlepsteind killepsteintdldshfnm dtepsteindnhmskillfl fnmhskilldepsteinltd msnepsteinfkillhtdld snldmtkillfepsteindh epsteinthsdmndkillfl snldmtkillfepsteindh msnepsteinfkillhtdld fnmhskilldepsteinltd dtepsteindnhmskillfl killepsteintdldshfnm dhlepsteindkillsmtnf mfskillnhlddtepstein thmepsteinlkillfsndd slepsteinftndkillmdh hdkillfmtslndepstein tepsteinfdkilldlmhns
18
slepsteinftndkillmdh epsteinsdfmhltkillnd
htskillepsteindnlfdm htskillepsteindnlfdm
ndlmhepsteintdskillf ndlmhepsteintdskillf tmhsnfepsteinldkilld
thmepsteinlkillfsndd thmepsteinlkillfsndd
mfskillnhlddtepstein epsteindsmnlfdtkillh
dhlepsteindkillsmtnf dhlepsteindkillsmtnf
lepsteinfdkillsdnmht lepsteinfdkillsdnmht nfdhepsteinltsdmkill
killepsteintdldshfnm killepsteintdldshfnm nlhtdsdepsteinfmkill
thsfnmkilldlepsteind tskillepsteinhfmddnl
hdepsteinsmdtnflkill hdepsteinsmdtnflkill fnlskillhtepsteindmd
ndlepsteinhdtskillfm ndlepsteinhdtskillfm
ldnmepsteinhfstdkill hepsteinnfstkilllmdd skilldnmlhdftepstein
nmhdkilltslepsteinfd hldmepsteindsnkilltf
hfskillnepsteinldtdm killnfhdsdltepsteinm
fnmhskilldepsteinltd fnmhskilldepsteinltd
msnepsteinfkillhtdld msnepsteinfkillhtdld hkillmepsteinstdfdnl
snldmtkillfepsteindh snldmtkillfepsteindh
epsteinthsdmndkillfl epsteinthsdmndkillfl nkillsdtdhfmlepstein
