149 000 001 002 013 024 015 024 025 035 027 018 029 028 038 028 029 018 027 035 025 024 013 002 001 000 149 060 062 054 053 056 053 054 063 072 073 085 074 075 076 077 078 077 076 075 074 086 087 086 073 072 084 072 063 090 091 092 093 094 098 094 093 092 091 090 063 054 062 070 069 070 071 070 062 060 149 100 101 102 101 100 105 108 145 114 118 115 117 126 122 121 124 121 125 140 125 121 122 126 117 115 114 145 108 105 109 105 100 149
26
024 031
015 006
025 026
038 037 048
060 060
054 054 059
053 053 050
056 056 066
063 064 065
085 085
076 080 081
078 078 079 083
086 086
087 089
084 088
091 091
092 097
098 096
069 069 067
071 068
102 103 104
115 115
126 126
124 123
140 142
109 111
