CorpusChristi Birmingham Anchorage Davenport Buffalo Columbia Canton Bradenton Clearwater Bellevue BoiseCity Cleveland Danbury DavidsonCounty ChulaVista DavidsonCounty ColoradoSprings Chicago Denton ColoradoSprings DavidsonCounty Dayton Charlotte Berkeley Albuquerque Corona Clarksville Chattanooga Boise Amarillo Boise Chattanooga Escondido Aurora Arlington Augusta BatonRouge Asheville Austin Detroit BatonRouge Chesapeake Anchorage Elkhart Champaign Anaheim ElPaso Akron Cary CedarRapids Burbank CorpusChristi
35
CorpusChristi CorpusChristi CapeCoral Downey
Anchorage BelAir Deltona
Davenport Davenport
Buffalo Bloomington Carrollton Elizabeth
Columbia Columbia
Canton Canton
Bradenton Charleston
Clearwater Clearwater Boulder
BoiseCity BoiseCity
Cleveland Brownsville
Danbury Danbury
DavidsonCounty AppleValley
ChulaVista Chandler
ColoradoSprings ColoradoSprings
Chicago Chicago Appleton Bridgeport
Denton Denton Bremerton
Dayton Dallas
Berkeley Arvada
Albuquerque Albuquerque Columbus
Corona Bryan
Chattanooga Chattanooga
Amarillo Amarillo Cincinnati
Escondido Escondido
Augusta Augusta
Asheville Asheville
Austin Austin
Detroit Beaumont
Chesapeake Durham
Elkhart Elkhart
Champaign Champaign
Anaheim Anaheim CathedralCity
ElPaso ElPaso
Akron Akron DalyCity
CedarRapids Alexandria BonitaSprings
Burbank Denver ElMonte
