FortCollins Akron FortSmith Arvada DaytonaBeach Davenport DaytonaBeach LakeCharles Chattanooga Burlington Garland Fargo Charleston Baltimore Hayward Hartford Aurora ClarkeCounty Independence Bellevue Aurora Dallas Clarksville Bradenton Bridgeport McAllen Chicago Clearwater Evansville LosAngeles Jefferson BatonRouge Cambridge Buffalo Gastonia Honolulu ElkGrove Harrisburg Glendale Columbia Barnstable Brownsville Fayetteville Kenosha Dayton Kenosha Gilbert Hickory Inglewood Lansing DesMoines GreenBay Boston Bloomington ColoradoSprings ChulaVista Howell Flint DalyCity Durham Fitchburg Asheville Escondido LittleRock Huntington Greensboro DalyCity Houston Beaumont Houston Fresno Flint Howell Lubbock ChulaVista Bloomington Layton FortWayne Fairfield Joliet Fairfield Kaneohe Albany Bryan Lancaster LasVegas Downey Carrollton Frederick Hampton Lafayette Carrollton Fullerton KansasCity Canton FortWorth Berkeley Carrollton Laredo GardenGrove CollegeStation Laredo Carrollton Kennewick FortWaltonBeach Kissimmee Amarillo AppleValley Corona Allentown Bremerton Denton Bremerton Henderson HuntingtonBeach BoiseCity Manchester Henderson Allentown Detroit Lacey Irving Cincinnati Bakersfield CorpusChristi Elkhart Harlingen Knoxville FortCollins
71
FortCollins FortCollins
Akron Akron Elizabeth
Arvada Arvada Erie Leominster
Davenport Albuquerque
Burlington Indianapolis
Garland Garland GrandRapids
Fargo Fargo
Charleston BonitaSprings
Baltimore Baltimore
Independence Independence
Bellevue Bellevue Lakeland
Dallas Dallas
Bradenton Bradenton
Chicago Chicago
Evansville Evansville Danbury
Jefferson Jefferson
Cambridge Burbank
Buffalo Hollywood
Gastonia Fremont
ElkGrove Irvine
Harrisburg Harrisburg Fontana
Barnstable Barnstable Aberdeen
Brownsville Brownsville
Fayetteville Fayetteville Appleton
Dayton Augusta
Gilbert Gilbert Jacksonville
Hickory Hickory
Inglewood Inglewood
DesMoines DesMoines
Boston Chandler
ColoradoSprings ColoradoSprings
DalyCity DalyCity
LittleRock LittleRock
Greensboro Abilene
Houston Houston
Beaumont Beaumont Bethlehem
Fresno Fresno Kalamazoo
Lubbock Lubbock Louisville
Layton Layton Denver
Fairfield Fairfield
Joliet Joliet LasCruces
Albany Lorain
Bryan CedarRapids
Lancaster Lancaster Anchorage
LasVegas Austin Cleveland
Carrollton Carrollton
Frederick Frederick
Hampton Hampton
Lafayette Lafayette Lakewood
KansasCity CapeCoral
Canton DavidsonCounty
Berkeley Berkeley ElMonte
CollegeStation CollegeStation Boise ElPaso
Kennewick Kennewick Anaheim
FortWaltonBeach FortWaltonBeach
Amarillo Amarillo Alexandria
AppleValley AppleValley
Allentown Allentown
Bremerton Bremerton
Denton Grayslake
Henderson Henderson
BoiseCity BoiseCity Eugene
Manchester Manchester Atlanta
Detroit Detroit
Lacey Lacey Brighton
Irving Irving Cary
Bakersfield Bakersfield
CorpusChristi AnnArbor
Elkhart Elkhart Champaign
Harlingen Harlingen
Knoxville Knoxville Hemet
