10 59 15 36 54 89 23 21 2 63 25 63 95 63 2 82 2 21 23 43 8 19 80 42 80 19 8 61 93 61 8 43 77 76 46 13 67 40 66 40 67 13 46 48 78 48 46 77 43 89 54 55 36 15 53 30 35 45 24 75 24 45 73 72 41 18 31 91 56 9 56 91 31 18 41 87 51 33 50 33 51 87 41 72 35 64 26 64 35 84 0 3 71 34 3 0 35 30 53 15 59 10
35
10 58 92
59 59
54 54
89 89
21 68 69
63 63
25 62
95 95 94
82 82 83
80 80
42 81
61 61
93 93 60
77 77
76 76
67 67 98
66 66 97
78 78 79
55 55 90
53 53
30 52 88
75 75 74
73 73
72 72
91 91
56 56
9 57
87 87
51 51
50 50 86
64 64
26 65 96
84 84 85
71 71
34 70
