2 78 19 12 86 12 19 47 66 49 47 19 78 55 32 23 68 23 32 55 78 79 16 79 81 79 78 84 7 6 25 6 50 77 13 83 22 88 56 88 22 83 13 77 50 51 8 18 20 34 61 69 60 69 61 34 20 18 8 51 6 87 41 70 41 87 6 7 72 99 11 99 37 99 93 99 7 84 96 89 24 43 38 43 24 89 96 84 2 95 2
34
2 67
78 63
19 94
86 86 14
47 47
66 66
49 1
23 23
68 59
16 16 40 76
81 81 3
7 7
25 25 35
50 50
13 13
83 83
88 88 4
56 74
18 71
34 34
61 61
69 69 42
60 60 0
41 41 65
70 70 17
72 72 5 62 98
11 11 29
37 28
93 10
96 96
89 30
24 24 31
38 38 44
95 58
