5 4 33 137 42 165 7 121 34 62 36 91 150 130 64 37 64 130 150 191 74 191 91 36 62 106 47 106 62 34 76 81 19 81 76 34 133 68 195 56 118 113 88 40 155 96 175 96 155 40 88 113 197 149 28 149 90 72 60 72 149 197 113 118 195 68 133 120 158 45 158 120 133 186 112 82 27 0 53 199 166 199 53 0 27 141 49 30 141 174 101 174 27 129 82 171 104 83 79 105 79 83 117 136 117 83 104 114 104 147 13 70 147 104 171 112 186 189 77 196 77 198 77 189 186 133 34 138 55 138 69 183 69 138 116 95 23 95 116 134 116 138 34 121 52 162 126 54 126 162 52 121 7 165 94 20 35 20 94 39 89 154 89 39 94 109 58 38 193 29 78 29 193 38 58 109 84 109 192 18 190 93 86 93 190 18 192 119 15 119 67 119 192 109 94 165 42 137 4 5
75
33 33
137 137
42 42
165 63 173
121 157
34 34 9
36 11
91 91
64 64
37 37 177
191 194
74 31
47 47 43
76 76
81 81
19 151
133 133
68 68
56 56
113 61
40 123
96 96
175 22
149 149
28 28 180
90 159
60 2
158 158 80
45 14
112 10
53 53
199 199
166 32 122
30 25
174 174
101 101 1
129 146
171 171
104 104
83 83
105 105 17
136 170
114 178
70 26
189 189 103
77 77 143
196 196 184
198 140
138 138
55 55 102
69 69 153
183 183 51
116 116
23 99
134 50
52 52
162 162
54 48
20 20
35 110 135 188
39 39 92
154 154 46 187
109 75
58 58 152
193 193
29 164
78 78 100 179
84 168
192 192
18 18
190 16
86 44 85
119 71
15 156
67 67 41
