DZA AGO GNB HND DMA ATA ASM CYP CYM CYP CHN CAF CHN CYP ASM ATA DMA HND GNB GLP GRL GLP BGR BDI BMU BHS DOM CUW DNK ARE ALB ARE DNK CUW DOM BHS BRB CAN COD CAN CIV CAN BRB BHS BRA GRC GUY GUM GRD GTM GUY EST ETH GGY GIB FSM EGY ESH GBR FRA GBR GIB FIN GAB ESP FIN AFG FIN EST GUY GRC BRA BLM BES BLR BOL BLR BES BLM BHS BMU BDI BGR GLP GNB AGO DZA
35
HND HND GEO
DMA DJI
ATA ATA
ASM ATF
CYM CYM CZE CXR
CAF CAF BVT
GLP GLP
GRL HKG
BDI BDI
BHS BHS
DOM DOM AUS
CUW CUW
DNK DNK
ARE ARE
ALB ALB ARG
BRB BRB
CAN CAN
COD COD BRN
CIV CHE
GRC GRC
GUY CUB
GRD GRD GNQ
GTM HMD COG
GGY ERI
FSM FSM GHA
ESH ECU
GBR GBR
FRA FRA FRO
FIN FIN FLK
ESP AND
AFG ABW
BLM BLM BFA
BES BES
BLR BLR CCK BEN
BOL BGD
