COM SGS SLB ROU SLB SGS SHN CHN COD CHN SHN SGS NZL CUW CUB CUW NZL SGS MUS DJI MUS SGS LBR NCL EST GIB GHA GEO GBR FRA ESH GBR GHA GIB EST NCL LBR LBY QAT SGP RUS PYF RUS BLZ BOL BIH BOL BHR BOL BES BLZ RUS SGP QAT ALB AND ALB QAT LBY LBR SGS COM REU SDN MEX POL PNG PLW NIU PER PSE MLT CRI PRT CRI KGZ LAO LUX NIC LUX LAO GTM GNB GTM LAO KGZ CRI CAF BVT CRI MLT PSE PER PRI PCN GMB NGA NFK NGA FSM FIN GAB ETH GAB FIN FSM NGA GMB PCN PRI PER NIU CZE DEU CZE CYM CZE NIU PLW POL MEX MLI MCO SAU DOM DZA MYS IRN IRQ IRN MYS DZA DOM SAU MCO MLI CPV MHL CPV LIE CPV COK HND COK CPV MEX SDN REU GLP REU COM NER COM MDG MWI MDG MKD HUN PAK HUN LVA HUN CHL JPN HUN MKD MDG IDN MMR NPL PRY NPL MMR IDN HKG HTI IDN MDG COM
70
SGS SGS KHM
ROU HRV
SHN SHN
CHN CHN
COD COD COG
NZL NZL
CUB MYT
DJI DJI DMA
LBR LBR
GIB GIB
GHA GHA
GEO GEO ESP
GBR GBR
FRA FRA
ESH ESH ECU
RUS RUS
PYF HMD
BLZ BLM BEN
BOL BMU
BIH AZE
BHR BHR BDI
BES BHS
ALB ALB
AND ARM
REU REU AFG
SDN SDN
MEX MEX
POL POL ARE
PNG PNG
NIU NIU
PSE PSE
PRT ATG
KGZ KNA
LAO LAO
LUX LUX
NIC NIC IRL AUS ABW
GNB KWT
CAF CAF NRU CIV
BVT LKA
PCN PAN
GMB GMB
NFK NFK JEY ALA
FSM FSM GIN
FIN FIN
GAB GAB
ETH EGY
DEU DEU CXR
CYM CYP
MLI MLI
DZA DZA
IRN IRN
IRQ IOT
CPV CPV RWA
MHL MAC
LIE LIE LTU
COK COK
HND HND MAR GRC
GLP MDA
NER NER MTQ
MWI ITA
HUN HUN
PAK PAK GNQ
LVA KOR
JPN JPN LBN
IDN IDN COL
MMR MMR
NPL NPL
PRY PRY MOZ
HKG HKG KAZ
HTI HTI GUM CAN
