Soda 68 172 185 68 124 7 48 124 12 40 85 53 0 162 27 53 79 85 78 40 177 136 24 106 56 96 117 123 159 39 14 46 103 14 180 6 52 6 180 24 169 2 118 29 5 170 9 76 26 9 65 29 99 57 59 49 131 37 31 3 125 115 44 115 31 37 55 63 11 17 83 90 22 67 132 83 183 167 16 51 187 43 8 43 72 73 62 73 139 43 155 43 187 51 16 81 10 61 130 10 142 69 70 98 148 34 156 98 70 69 142 16 160 47 54 108 167 Soda
63
68 188
172 172 178
185 185 168
124 124 119
7 174
48 116 137
12 133
40 112 151 195
85 101
53 107
162 162
27 100
79 140
78 171
177 177
136 136 166 196
106 106
117 117
123 123 150
159 159
103 103 143 175
180 180
6 165
52 138
169 169
2 134 154
118 118
29 189
170 170 144
26 104
65 127
99 99
49 145
131 131 157
3 109
125 125 153
115 115
44 182
55 176 197
17 161 186
83 129
22 105
67 135
132 132 102
183 183 164 179 181
167 167
187 187
8 113 158
72 184
62 122
139 139 141
155 155 121
61 191
130 130 114
142 142 194
70 120 147 190
148 148 149 173
34 126 152
156 156 128
160 160 192
47 110 193
54 163
108 108 111 146 198
