90 200 50 75 52 106 194 149 194 106 52 88 198 88 75 89 197 11 175 152 104 83 33 180 159 14 159 180 33 83 104 175 6 196 6 192 6 175 11 0 138 0 11 197 89 75 108 100 189 193 189 71 130 61 136 25 136 61 130 100 119 63 171 76 91 40 133 69 135 58 135 69 133 40 91 76 171 63 119 162 49 144 10 132 183 86 30 62 109 120 178 126 178 94 31 154 92 154 31 94 178 174 13 160 65 5 151 93 151 5 160 13 174 178 62 30 86 183 132 10 144 49 108 50 200 90
25
50 195
149 20
88 88
198 84
89 89
14 101
6 6
196 167
192 59
138 12
100 70
189 189
193 191
25 82
119 97
91 91
40 190 81
133 133 169 51
135 135
58 48
10 10 113
132 132
126 55
92 125
93 93 54
