Wurster Class Soda Montgomery Tennessee Alabama Kleeberger Warren Latimer Barrows Simon Missouri Hesse Raleigh Madison Vermont Juneau Idaho UC McLaughlin Baton Frank Gayley Maine Sutardja Florida Phoenix Pitzer Hildebrand Wurster
28
Wurster Wurster
Class Class Hilgard Indianapolis Honolulu Optometry Pennsylvania
Soda Stanley
Montgomery Montgomery Parking
Tennessee Tennessee Chan
Alabama Alabama Boston Massachusetts Sather
Kleeberger Kleeberger Goldman
Warren Anthony
Latimer Observatory
Barrows Barrows Moffitt Blackwell Brain Spieker
Simon Simon Recreational
Missouri Visitor Moses
Hesse Hesse California Salem
Raleigh Raleigh Oregon
Madison Maxwell
Vermont Vermont Simpson
Juneau Juneau
Idaho Idaho
McLaughlin McLaughlin
Baton Hazardous
Frank Frank
Gayley North
Maine Nevada
Sutardja Sutardja
Florida Florida
Phoenix Gilman
Pitzer Pitzer Cory
Hildebrand Silver
