Rhode Life University Kentucky Olympia Cheyenne Wurster Lawrence Annapolis McCone Davis South Campanile Kleeberger Kroeber Cory Genetics Cleary Warren Greenhouse CNMAT Columbia Morgan Durham Doe Soda Faculty BART Optometry Wyoming Richmond Simon Boalt Maryland Bismarck Bowles California Iowa Heating Energy Golden West Denver Trenton Giannini Morrison Alabama Goldman Recreational Wickson Rhode
44
Rhode Rhode
Life Life
University University Donner
Kentucky Kentucky Harrisburg Hellman Michigan Silver Grinnell
Olympia Olympia McEnerney
Cheyenne Cheyenne East
Lawrence Valley Martin
Annapolis Annapolis
Davis Berkeley
Campanile Campanile Baton Nevada Simpson Oregon LeConte Santa Birge Chou
Kroeber Austin Lansing
Cory Cory Moses
Cleary Cleary Blackwell Hawaii Bancroft
Warren Warren
Greenhouse Krutch Jefferson Observatory McLaughlin Concord Hearst
CNMAT CNMAT Clark
Columbia Columbia Tang Utah Edwards Jones
Morgan Mulford
Durham Durham Foothill
Doe Madison
Faculty Police
BART BART Montana
Optometry Class Salt Mathematical Lower Tennessee Maxwell Hertz
Wyoming Insectary International
Richmond Richmond Providence
Simon Simon Illinois
Boalt Boalt Sproul
Maryland Maryland Topeka
Bismarck Nashville
Bowles Bowles Chvez
California Florida Columbus Hargrove
Iowa Brain
Heating Heating Etcheverry Hartford
Energy Energy Pennsylvania
Golden Little Minnesota
West West Montgomery
Denver Wisconsin
Trenton Trenton
Giannini Barrows
Morrison Morrison Moffitt Haste
Alabama Jacobs
Goldman Mississippi Durant
Recreational Stadium
Wickson Springer
