YuhuaEast TelokBlangahDrive Sennett SerangoonGarden Sennett TelokBlangahDrive CityHall Simpang Mandai ClementiCentral Midview UpperPayaLebar TagoreSindo UpperPayaLebar Mandai PasirRis SembawangStraits LorongChuan Kangkar JurongRiver Saujana HougangCentral Saujana TanjongIrau Kangkar LorongChuan Shipyard ClarkeQuay Shipyard TamanJurong Shipyard OrangeGrove PeoplesPark OrangeGrove Shipyard SembawangStraits SwissClub WestCoast SouthernIslands SembawangHills Dunearn SenokoNorth KianTeck LittleIndia KianTeck BukitTimah KianTeck WoodlandsSouth PasirPanjang2 BukitBatokSouth WoodlandsWest Northland WoodlandsWest BukitBatokSouth PasirPanjang2 SenokoNorth Dunearn Seletar Woodgrove Seletar UluPandan SouthernIslands Redhill MountEmily KebunBahru PasirPanjang1 YishunWest PasirPanjang1 KebunBahru Tampines PengSiang Tampines KebunBahru MountEmily PayaLebarEast MountPleasant TohGuan PayaLebarEast MountEmily PayaLebarNorth ConeyIsland ShangriLa TiongBahru SembawangEast Victoria Rochor PayaLebarNorth MountEmily Bangkit SouthernIslands WestCoast Commonwealth Chatsworth Commonwealth SungeiRoad Kranji SungeiRoad Commonwealth WestCoast HougangEast JurongPort PeiChun JurongPort TanglinHalt JurongPort HougangEast Changi Sembawang Changi SembawangCentral NatureReserve SembawangCentral Changi HougangEast WestCoast SembawangStraits OneTreeHill HongKah OneTreeHill Katong BoonTeck ClementiNorth SenokoSouth LoyangEast SenokoSouth ClementiNorth BoonTeck Katong EvertonPark ReservoirView PulauPunggolTimor Khatib SimpangNorth Khatib ReservoirView EvertonPark Katong OneTreeHill SembawangStraits PasirRis Mandai ChengSan BoonLayPlace JurongWestCentral ClementiWest Anson ClementiWest JurongWestCentral ChengSan Sengkang Brickworks KampongUbi TelokBlangahRise KallangWay TelokBlangahRise KampongUbi Brickworks Sengkang ChengSan Mandai Simpang YuhuaEast
72
Sennett Sennett ChinaSquare
SerangoonGarden SerangoonGarden SingaporeRiver
CityHall CityHall
Mandai Mandai Geylang
ClementiCentral Serangoon
Midview Punggol
TagoreSindo TagoreSindo SerangoonNorth
PasirRis PasirRis
SembawangStraits SembawangStraits
JurongRiver ChoaChuKang
Saujana Saujana BoatQuay
HougangCentral HougangCentral DefuIndustrialPark
TanjongIrau Aljunied
Shipyard Shipyard PasirRisPark
ClarkeQuay BedokSouth Matilda
TamanJurong ChangiPoint
OrangeGrove OrangeGrove
PeoplesPark PeoplesPark BayfrontSubzone
WestCoast TuasNorthPioneer
SouthernIslands SouthernIslands HongKahNorth
SembawangHills SembawangHills
Dunearn KeatHong
LittleIndia DhobyGhaut
BukitTimah Port
WoodlandsSouth Cairnhill
PasirPanjang2 SerangoonCentral
BukitBatokSouth BukitBatokSouth
WoodlandsWest WoodlandsWest
Northland Northland Mountbatten
Woodgrove PearlsHill
UluPandan UluPandan YioChuKangEast
Redhill Moulmein
MountEmily GeylangEast
KebunBahru KebunBahru
YishunWest RochorCanal
Tampines Tampines
PengSiang BukitBatokWest
PayaLebarEast PayaLebarEast Museum
MountPleasant BenoiSector
TohGuan TohGuan PasirRisDrive
PayaLebarNorth Tanglin
TiongBahru TiongBahru TuasBay
SembawangEast TuasPromenade
Rochor PunggolField
Bangkit YioChuKang
Commonwealth Commonwealth KentRidge
Chatsworth Chatsworth InstitutionHill
SungeiRoad SungeiRoad WaterwayEast
Kranji PangSua
HougangEast TampinesNorth
JurongPort JurongPort JooSengPayaLebar
PeiChun PeiChun DairyFarm
TanglinHalt MandaiEast
Sembawang Sembawang EastCoast
NatureReserve ChangiWest
OneTreeHill OneTreeHill Trafalgar
HongKah HongKah UpperThomson
ClementiNorth ClementiNorth
LoyangEast Kembangan
EvertonPark EvertonPark
ReservoirView ReservoirView
PulauPunggolTimor PulauPunggolTimor
Khatib Khatib
SimpangNorth SimpangNorth Paterson AlexandraNorth
ChengSan BedokNorth
BoonLayPlace BoonLayPlace LowerSeletar
JurongWestCentral JurongWestCentral
Anson OneNorth AngMoKioTownCentre
Brickworks Brickworks
KampongUbi Sentosa
TelokBlangahRise TelokBlangahRise SungeiKadut
KallangWay IstanaNegara
