139 18 11 85 2 38 2 147 3 17 59 22 41 22 42 59 17 3 26 16 26 19 26 3 81 3 104 4 6 4 21 79 21 4 34 4 84 4 104 3 147 2 149 7 60 12 43 14 15 31 25 31 15 14 24 14 43 12 60 90 8 36 8 178 1 47 32 62 32 47 1 66 9 66 1 89 1 178 8 90 7 129 10 30 10 37 5 37 10 40 20 40 10 61 10 129 7 149 2 85 11 18 139
46
18 18 57
11 11 127
85 85
2 2 72 98 153 157 161
38 39 44
147 147
3 96 111 134
17 64 69 187
22 22
41 41 112
42 176
26 26 48 198
16 16 65 77 108 186
19 67 156
81 81 122
104 104
4 75 145 148
6 71 101 125 188 191
21 21 113
79 79 114
34 173
84 84 189
7 7 74 182
60 60
12 105 146
43 43
14 14 23 27
15 15 118 128 142
31 31 131
25 25 141
24 138
8 8
36 165
178 178
1 1 58 106 172
47 47
32 32 152
62 33
9 9 78 184
89 89 119
10 130
30 30 13 144
37 37 109
5 5 35 82 95 158
20 123
61 91
