Qwilfish Tropius Drapion Vullaby Jumpluff Vullaby Drapion Tropius Shellos Xerneas Shellos Tropius Qwilfish Drampa Phanpy Skiddo Noibat Simisear Sandile Meloetta Inkay Meloetta Sandile Metapod Weezing Metapod Sandile Simisear Slowbro Nincada Slowbro Simisear Noibat Terrakion Politoed Tornadus Kakuna Tornadus Politoed Dewpider Whismur Dewpider Politoed Terrakion Metang Crawdaunt Metang Terrakion Scatterbug Tsareena Scatterbug Terrakion Noibat Honedge Noibat Skiddo Skorupi Munna Skorupi Skiddo Phanpy Magmar Volcarona Magmar Wartortle Zekrom Wartortle Magmar Phanpy Lotad Amoonguss Lotad Phanpy Drampa Froakie Drampa Gengar Drampa Qwilfish
32
Qwilfish Qwilfish
Drapion Drapion Taillow
Vullaby Vullaby
Jumpluff Jumpluff Plusle
Shellos Shellos
Xerneas Wailord
Drampa Drampa
Skiddo Skiddo
Noibat Noibat
Simisear Simisear
Sandile Sandile
Meloetta Meloetta Porygon2
Inkay Inkay Vespiquen
Metapod Metapod
Weezing Weezing Escavalier
Nincada Nincada Comfey Seaking
Kakuna Kakuna Treecko
Whismur Whismur Bastiodon
Metang Metang Slurpuff
Crawdaunt Crawdaunt Woobat
Scatterbug Scatterbug
Tsareena Shellder
Honedge Honedge Weepinbell
Skorupi Skorupi Magnemite
Munna Munna Swadloon
Magmar Magmar
Volcarona Volcarona Steenee
Zekrom Conkeldurr
Lotad Lotad
Amoonguss Amoonguss Stufful
Froakie Froakie Bounsweet
Gengar Gengar Tauros
