Latias Dartrix Zorua Wurmple Exeggutor Relicanth Aggron Voltorb Petilil Luvdisc Darumaka Infernape Noivern Vibrava Primeape Gengar Raticate Unown Charmeleon Yanma Delphox Gible Latias
18
Latias Shelgon Toxicroak
Dartrix Dartrix Keldeo
Wurmple Wurmple Bounsweet
Exeggutor Exeggutor
Relicanth Relicanth
Aggron Elgyem
Petilil Petilil
Luvdisc Luvdisc
Darumaka Staryu
Infernape Infernape Scolipede
Noivern Noivern Palkia Talonflame
Vibrava Vibrava
Primeape Primeape
Gengar Reshiram
Raticate Raticate
Unown Magearna
Charmeleon Charmeleon Golisopod
Gible Jigglypuff
