Monroe CSprings Lewisville Monroe Clarksville Aurora Gainesville Hemet Hayward Gainesville Duluth Dayton Fullerton Aurora Layton Canton Berkeley Moreno Montgomery Two Melbourne Lacey Elizabeth Irving Bakersfield Gastonia Six Chesapeake Asheville Carrollton Columbus Carrollton Asheville Escondido Miami ElkGrove Evansville Nine Bloomington Corona Houston Atlanta Boise Albany Champaign Milwaukee Hialeah Brighton Bremerton Kenosha Bedford GreenBay Hickory Ten Lakeland Grays Aberdeen Grays Lakeland Ten Louisville Jacksonville Charlotte Hartford Glendale Amarillo Boise Madison Gulfport Madison Boise Aribel Naperville Concord Eight Havre Marysville Minneapolis Anchorage Apple Viejo Hesperia Clarke Irvine Hagerstown Clarke Hesperia McAllen Greenville McAllen Hesperia Viejo Lincoln Lorain Boulder Cathedral Elkhart Viejo Havre Naperville Fitchburg Augusta Eleven Denver Arlington Bridgeport Abilene Charleston Johnson One Charleston Abilene Kansas Jackson Columbia Melbourne Two Hampton Modesto Lauderdale Modesto Hampton Two Berkeley Monroe
69
Monroe Monroe
CSprings Naples Muskegon
Lewisville Lewisville Allentown
Clarksville Clarksville
Aurora Vista
Gainesville Gainesville
Hayward Hayward Denton
Dayton Dayton
Fullerton Austin
Layton Layton
Canton Canton Leominster Four
Montgomery Montgomery Detroit Merced
Melbourne Melbourne
Lacey Lacey
Elizabeth Elizabeth
Irving Irving
Bakersfield Mobile
Six Monterey
Chesapeake Chesapeake Manchester
Asheville Asheville Fairfield
Carrollton Carrollton
Columbus Baton
Miami Miami Corpus
Evansville Davidson
Nine Akron
Boise Boise
Albany Albany Cambridge
Milwaukee Dallas
Hialeah Hialeah Mesa
Brighton Bethlehem
Bremerton Cary
Kenosha Kenosha Baltimore
Bedford Bedford
Hickory Hickory Lafayette
Ten Ten
Lakeland Lakeland
Aberdeen Aberdeen Lowell
Louisville Anaheim Three
Jacksonville Jacksonville
Charlotte Kissimmee
Hartford Hartford
Glendale Glendale
Amarillo Amarillo Birmingham Mesquite
Madison Brownsville
Gulfport Cleveland Huntsville
Eight Athens
Havre Havre
Anchorage Anchorage Daytona
Apple Apple Fayetteville
Viejo Viejo
Hesperia Hesperia
Clarke Clarke
Hagerstown Hagerstown Antioch
Greenville Greensboro
Boulder Boulder
Cathedral Lancaster Killeen
Elkhart Elkhart Huntington Erie
Fitchburg Julian
Denver Denver Kennewick Bradenton
Arlington Arlington Rapids
Bridgeport Bridgeport Kailua
Abilene Abilene
Charleston Charleston Laredo
Johnson Johnson
One Burlington
Columbia Gilbert
Hampton Hampton Prairie
Modesto Modesto
Lauderdale Seven
