Myrtle Montgomery Lafayette Davidson Charles Cary Albuquerque Canton Bradenton Jacksonville Dallas Hemet Monterey Plen Erie Minneapolis Kissimmee Nashua ElPaso Nashua Moreno Aribel Abilene GreenBay Moreno Nashua Kissimmee Lacey Huntington Harlingen Fayetteville Arvada Appleton Leominster Arvada Bloomington Fayetteville Barnstable Lorain Albuquerque Cary Charles Baton Hollywood Brownsville Cedar Hesperia Charles Bellevue Kansas Joliet Kansas Bellevue Lafayette Montgomery Myrtle
33
Montgomery Montgomery Cathedral
Lafayette Baltimore
Davidson Davidson
Cary Cary
Albuquerque Albuquerque
Bradenton Bradenton
Jacksonville Grays
Dallas Dallas Chandler
Hemet Hemet
Plen Plen
Erie Erie Huntsville
Minneapolis Minneapolis Lexington Alexandria
Kissimmee Kissimmee Miramar
Nashua Nashua
ElPaso Bridgeport
Moreno Moreno Merced
Aribel Aribel
Abilene Abilene Hartford
GreenBay GreenBay Corpus
Huntington Huntington Muskegon
Harlingen Harlingen
Fayetteville Chicago Albany
Appleton Appleton
Leominster Leominster Houma
Bloomington Bloomington Medford
Barnstable Barnstable Macon
Lorain Lorain Lansing
Hollywood Hollywood
Brownsville Brownsville Mobile
Cedar Cedar
Hesperia Champaign
Kansas Kansas
Joliet Joliet Deltona
