DK BG AJ CW AT CK BD CV HC FF BF BV AP BF FF HC CV BD DY ES CK CW HD CY DF AH CY ER AU BH GE AU DB FC HE DZ CJ AI DI EU EX AA FB CM EH FD AQ BK AW AR BZ EP AC DU HA AC FH EA AL FH GK BJ GY GO CG CL CP BM CL DX FY CZ AF DX CL FQ AD DN HB FI AM FU CG DA BW CD AY CO AV FS CF AK DG EF DJ GL DG CF FS EG FT AO FS AV GH BS GA GH DO CE EO DK BY DK
73
AJ DD
CW CW BI
AT AT
CK CK
BD EM
CV EY
HC HC CA
BF BF
BV BV
AP DM
DY GV
ES ES HF
HD HD
CY CY
DF DF CI
AH GB
ER GR
AU AU
BH BH FG
GE EB
DB DB
FC DP
HE HE CT
DZ DZ
CJ GN
DI DI
AA AA
FB FB
CM CM
EH EL GT
FD FD FP
AQ ET
AR GZ
BZ BZ
EP EP DE
DU DU
HA EW
FH FH
EA EA
AL CX
GK DL
BJ BC
GY GY BE
CG CG
CP CP
BM BM CU
DX DX CS
AF AN
FQ CR
AD FW
DN DN
HB HB FZ
AM AM CC
FU GG
DA EN HI
BW BW ED
CD CD FA
AY AY
AV AV
CF BR
AK AK
EF EF
DJ BP
GL AZ
EG BL
FT FT
AO AO AG
BS AB
GA GX
DO DO DT
CE CE HJ
EO EO FN
BY EQ
