Soda ResidenceHalls LowerSproulPlaza AlumniHouse HaasPavilion CheitHall BlumHall GiauqueHall KroeberHall FacultyClub EvansDiamond BarrowLane BarrowsHall MinorHall DonnerLab GoldmanField LevineFrickeField EdwardsStadium KoshlandHall BerkeleyWayWest ClearyHall EvansHall LeConteHall PoliceUC EyeCenter BerkeleyArtMuseum AnthonyHall GilmanHall HilgardHall LewisHall BancroftLibrary CalvinLaboratory ClarkKerrCampus McConeHall CampbellHall MLK BowlesHall HertzHall HearstFieldAnnex ObservatoryHill HavilandHall IshiCourt CareerCenter Insectary Soda
27
AlumniHouse AlumniHouse
CheitHall CheitHall
BlumHall BlumHall BirgeHall
GiauqueHall BlackwellHall
EvansDiamond EvansDiamond
BarrowLane BarrowLane
BarrowsHall BarrowsHall BARTStation
DonnerLab DonnerLab ChanShunAuditorium
GoldmanField Cory
EdwardsStadium EdwardsStadium BanwayBldg CaliforniaHall
BerkeleyWayWest BerkeleyWayWest BrainImagingCenter
EvansHall BotanicalGarden
EyeCenter CyclotronRd
BerkeleyArtMuseum BerkeleyArtMuseum DavisHall
AnthonyHall AnthonyHall Campanile ChouHall
GilmanHall EastGate
BancroftLibrary BancroftLibrary BoaltHall
CalvinLaboratory CalvinLaboratory
ClarkKerrCampus ClarkKerrCampus
CampbellHall CampbellHall EastAsianLibrary
HertzHall CNMAT EtcheverryHall
HearstFieldAnnex DurantHall
ObservatoryHill EshlemanHall
HavilandHall DoeMemorialLibrary
IshiCourt BarkerHall
CareerCenter CareerCenter VLSB
Insectary Dwinelle
