Soda EtcheverryHall WicksonNaturalArea OptometryClinic Piedmont NorthField FacultyGlade Emeryville HaasSchoolofBusiness LevineFrickeField UniversityHall Hayward FosterCity HertzHall Saratoga MartinezCommons BerkeleyArtMuseum Dwinelle CNMAT EastGate ChouHall TangCenter Hillsborough MosesHall MLK Healdsburg SutardjaDaiHall Insectary Novato McConeHall SpiekerPlaza EastAsianLibrary CareerCenter DurantHall OBrienHall ObservatoryHill GianniniHall WarrenHall Albany SanRafael SatherRd Napa Campbell HilgardHall IshiCourt ResidenceHalls GoldmanField BirgeHall WheelerHall SanFrancisco GoldmanPlaza WitterField GilmanHall HearstGreekTheatre HesseHall LifeSciencesAddition SantaRosa BrainImagingCenter HildebrandHall Antioch MinorHallAddition StHelena Classof1914Fountain SimonHall SouthHall ClearyHall KrutchTheater MulfordHall StanleyHall Orinda Oakley BarrowsHall GiauqueHall MemorialGladeandPool McLaughlinHall WellmanHall DonnerLab NorthGateHall UCBerkeleyExtension BanwayBldg AlumniHouse PaloAlto BarkerHall VLSB Burlingame Soda
50
EtcheverryHall EtcheverryHall
WicksonNaturalArea WicksonNaturalArea
Piedmont Piedmont
Emeryville Emeryville SproulPlaza
Hayward Hayward Unit3
HertzHall HertzHall Unit1
Saratoga Saratoga
MartinezCommons MartinezCommons
BerkeleyArtMuseum Cory
EastGate EastGate BancroftLibrary
ChouHall ChouHall Belmont
Hillsborough Hillsborough
MosesHall SanRamon
MLK WomenFacultyClub Brisbane
Healdsburg Healdsburg
SutardjaDaiHall Campanile EvansHall
Insectary Insectary
Novato Pittsburg KroeberHall
DurantHall HearstMiningCircle
Albany Albany
SanRafael SanRafael Fairfield
HilgardHall SanPablo
IshiCourt IshiCourt Pacifica Benicia
GoldmanField GoldmanField
WheelerHall WheelerHall
WitterField WestCircle
GilmanHall GilmanHall
HearstGreekTheatre HearstGreekTheatre CalvinLaboratory
HesseHall BlumHall
MinorHallAddition MinorHallAddition FoundersRock
StHelena StHelena KleebergerFieldHouse
Classof1914Fountain AnthonyHall
SimonHall Pinole
SouthHall SatherTower
ClearyHall ClearyHall
MulfordHall MulfordHall ZellerbachHall
Orinda Orinda
Oakley Oakley
BarrowsHall LewisHall WestGate
GiauqueHall GiauqueHall Alameda
MemorialGladeandPool StadiumRimWay
McLaughlinHall LowerSproulPlaza
WellmanHall WellmanHall SternHall
DonnerLab DonnerLab
NorthGateHall NorthGateHall HargroveMusicLibrary
AlumniHouse ClarkKerrCampus
PaloAlto WursterHall
BarkerHall BarkerHall PimentelHall
VLSB FrankSchlessingerWay
Burlingame ZellerbachPlayhouse
