Fizz Earthshaker Anivia Beastmaster Orianna Nunu Razor Orianna CentaurWarrunner ShadowDemon Hecarim Pantheon DeathProphet LeBlanc Kled Maokai Chen Malzahar Xayah Tailyah Malzahar ChaosKnight Io Ashe TreantProtector Ziggs Darius Bane Huskar Warlock FacelessVoid Thresh Jayce Sona DrowRanger Tusk Zeus PhantomAssassin Ezreal Necrophos Weaver Lina Janna Xerath Elise Quinn Katarina Nidalee Kennen Gragas Slark Malphite Vi Bard LoneDruid Medusa BountyHunter Fiddlesticks Camille Wukong Mirana KhaZix Nautilus Veigar Dazzle Akali Tidehunter Silencer Twitch Soraka WinterWyvern Soraka Sven Meepo Cassiopeia SpiritBreaker CrystalMaiden Sniper Oracle Brand Annie Heimerdinger Doom Tryndamere Rumble Phoenix Venomancer EmberSpirit Lifestealer Cassiopeia ArcWarden Sivir Teemo Rengar Shen Tiny Pudge Vi Kayn Irelia Fizz
68
Fizz Fizz
Anivia Rubick
Beastmaster Beastmaster
Orianna Orianna
Nunu Nunu Jinx
Razor Kassadin Syndra
CentaurWarrunner CentaurWarrunner Magnus
ShadowDemon ShadowDemon
Hecarim TahmKench
Pantheon Pantheon
DeathProphet DeathProphet Timbersaw
LeBlanc LeBlanc ShadowFiend
Kled Kled
Chen Chen
Malzahar Terrorblade Visage
Xayah Xayah
Tailyah VelKoz
Io StormSpirit
Ziggs Ziggs
Darius Tristana
Bane Bane
Huskar Huskar
Warlock Warlock Viktor Undying
FacelessVoid FacelessVoid
Thresh Thresh
Jayce Jayce Karma
Sona Sona
Zeus Ekko
Necrophos Talon
Weaver Weaver
Janna Janna JarvanIV
Xerath TrollWarlord
Elise Techies
Quinn Quinn NightStalker
Katarina Katarina
Nidalee Nidalee
Kennen Kennen Vladimir
Gragas Gragas
Slark Slark Yorick Trundle
Vi Vi
LoneDruid LoneDruid Zilean
Medusa Medusa
BountyHunter BountyHunter
Fiddlesticks Fiddlesticks
Mirana Mirana
KhaZix KhaZix
Veigar Morphling
Silencer Nasus
Soraka Amumu Zed
WinterWyvern WinterWyvern Omniknight
Sven Sven Slardar
Meepo ShadowShaman
Cassiopeia Cassiopeia Lucian
SpiritBreaker SpiritBreaker
Sniper Sniper
Oracle Oracle
Brand Leona
Annie Annie
Heimerdinger Heimerdinger Azir
Rumble Rumble
Venomancer Venomancer
Lifestealer Brewmaster
Rengar Rengar
Shen Singed
Tiny Tiny
Pudge Puck
Kayn Kayn
Irelia Irelia Ryze
