Pantheon Ahri Spectre Kayn Skarner Jhin Kalista Jayce Shyvana Renekton Magnus Windranger Undying Thresh Weaver LoneDruid Nautilus Nunu Sona Rammus Disruptor KogMaw Rammus Chen SkywrathMage ChaosKnight SpiritBreaker Draven Bristleback Ziggs Akali CentaurWarrunner Galio Phoenix Jax Cassiopeia Bane Talon LegionCommander BountyHunter NaturesProphet Sejuani Pantheon
29
Ahri Ahri ArcWarden
Spectre Spectre
Skarner Skarner Bard
Jhin Jhin Kled Lux
Jayce Jayce
Shyvana Shyvana Ashe
Magnus Magnus
Windranger Lucian
Undying Morgana Anivia
Thresh Tiny
LoneDruid LoneDruid Oracle
Nunu Nunu MasterYi Ezreal
Sona Malphite
Disruptor Disruptor
KogMaw KogMaw CrystalMaiden
ChaosKnight ChaosKnight Lich Xerath
SpiritBreaker SpiritBreaker Rumble
Draven Draven Jinx
Bristleback Bristleback Tailyah Maokai
Ziggs Ziggs
Akali Akali Heimerdinger
CentaurWarrunner CentaurWarrunner
Galio Galio
Phoenix Phoenix
Jax Jax WraithKing
Bane TrollWarlord
Talon Talon NightStalker
BountyHunter BountyHunter
Sejuani Slark
