0 2 90 2 4 10 6 7 76 84 88 76 104 102 104 76 7 9 133 131 133 9 11 15 21 16 23 28 31 36 31 100 105 113 105 100 31 23 15 13 115 13 17 12 19 24 29 30 63 71 30 26 32 40 118 87 93 97 99 106 111 106 122 106 99 93 87 118 40 32 26 19 60 12 20 27 35 43 42 46 42 73 77 73 42 43 51 54 56 64 91 103 98 96 91 64 56 54 43 35 27 20 129 20 12 4 49 50 58 62 67 75 80 119 126 119 80 82 81 75 67 62 58 50 49 4 0 108 1 38 34 38 1 149 0
67
0 0 145
90 94 143
4 4
10 10 135
6 5
7 7
76 76
84 84 83
88 95
104 104
102 110
9 9 8
133 133
131 131 142
11 11 18
15 15 22 127
16 16
23 23 141
28 28 85
31 31
36 36 44
105 105
113 113 114
13 13
115 125
17 25
12 12
19 19
24 24 109
29 29
30 30
71 69
26 26
32 32
40 40
118 118
93 93
97 97 89
111 111 117
122 122 120
60 60 65
27 27 33
35 35
43 43 47
42 42
46 45
73 73
77 77 78
51 51 53
56 56 138
64 64 68 137
98 98
96 96 101
129 128
49 49 55
58 66
62 62 146
67 67 70
75 75 132
80 80
119 119 123
126 134
82 82
81 81 86
108 108
34 34 39
149 148
