1 54 116 176 65 18 177 27 155 23 82 24 192 108 110 146 31 149 121 56 49 158 194 121 86 88 20 135 197 87 127 17 111 87 195 67 36 199 47 138 180 60 3 97 112 97 3 60 72 6 72 34 159 84 137 60 180 138 143 47 147 73 66 150 73 120 152 120 73 90 191 181 4 68 12 142 12 68 94 32 38 92 28 71 178 71 28 189 62 28 92 94 191 90 147 47 199 109 76 128 156 126 103 67 188 9 89 136 162 9 131 113 100 33 14 88 132 88 149 184 166 80 91 41 110 108 144 192 23 155 27 160 1
73
116 116 64
176 176
65 65
27 27
155 155 29
82 81 153
192 192 99
108 108
149 149
121 121
56 183
158 59
194 13
20 20 119
197 197
87 87
127 127 70
17 17
111 2 74
195 7
67 67
36 36
138 151
180 180
60 60
3 3
97 97
112 112 21
72 11
6 6 165
34 34
159 159
84 40 161
137 137 148
143 143 79
147 147
66 44
150 172 190
120 120 57
152 93
191 191
181 181
4 186
68 68
12 12
142 142 123
94 94 114
32 32
38 122
92 92 163
28 28
178 178 52
62 77
76 76
156 117
126 126
103 118
188 188
9 9 35
89 89
162 140
131 131 129
113 78
100 100 53 164
33 170
14 14 45
132 132 42
184 184
80 16
91 91 139 167
41 182
144 25
160 160 95
