187 86 156 141 37 59 37 121 18 67 99 7 38 145 36 177 98 66 172 144 52 104 113 11 188 49 77 161 178 161 49 188 11 113 104 166 78 166 173 30 173 179 7 68 162 185 32 199 195 63 195 199 185 162 68 99 138 50 142 175 102 128 124 181 71 22 109 22 181 100 65 61 34 197 24 60 81 123 148 81 127 28 101 116 28 81 64 95 58 159 157 19 53 35 137 96 165 74 129 160 39 69 146 41 114 146 39 74 165 194 154 194 167 33 130 139 189 54 97 135 14 21 192 106 6 149 169 6 106 192 14 135 189 130 165 137 35 53 19 140 117 140 65 102 138 121 37 141 103 88 151 88 153 88 103 141 156 187
69
86 86
156 156
37 42 120
59 59 13
18 18
67 67 47
99 196
7 7
36 36 87
66 8
172 172
144 119
52 52
188 191
77 107
161 161
178 136
166 166
78 78 164
173 173 72
30 30 2
179 110
68 68
162 162
32 32 45
199 199 70
63 63 48
142 142
175 175
102 9
128 128
124 124 23 133
181 181
71 71
109 109 131
65 65 183
34 126
123 15
148 148 150
127 127 82
101 92
116 184
95 95
58 58
159 176
157 157 83
53 53
96 180
165 165
160 160
39 39
69 69 44 171
146 146
41 41 93
114 114 79
154 154 134
33 33
189 80
54 54 55 89
97 97
21 90 108
106 111 152 163
6 6 12
149 132
169 169 190
140 140
117 117 73
151 94
153 153 29
