location1 location20 location31 location169 location48 location191 location79 location127 location154 location165 location116 location8 location143 location57 location17 location106 location118 location43 location102 location29 location151 location37 location61 location16 location135 location159 location184 location60 location126 location172 location72 location181 location117 location81 location91 location112 location68 location88 location120 location182 location67 location110 location168 location100 location84 location77 location136 location141 location98 location174 location11 location66 location103 location138 location157 location44 location12 location15 location53 location5 location162 location167 location64 location23 location62 location46 location93 location19 location24 location190 location69 location92 location194 location139 location187 location101 location140 location49 location189 location14 location179 location158 location163 location32 location96 location125 location70 location95 location86 location196 location94 location198 location178 location27 location1
72
location1 location90
location20 location20 location56
location31 location133
location169 location169
location191 location111
location127 location127
location154 location154
location165 location165
location116 location116 location10
location8 location26
location143 location143 location171 location186
location57 location57
location17 location17 location152
location106 location106
location118 location118 location148 location188
location43 location43
location102 location197
location29 location35
location151 location59
location37 location37 location65
location16 location16
location135 location13
location159 location159
location184 location184 location129
location126 location97 location199
location172 location172 location74
location181 location181
location117 location58
location91 location91 location82
location68 location68
location88 location161
location120 location177
location182 location182 location164
location110 location110 location142
location100 location100 location33
location84 location109
location136 location136 location30
location141 location105
location98 location180
location11 location11
location103 location185
location138 location6
location157 location157
location44 location44
location12 location12 location128
location15 location25
location5 location5
location162 location114
location23 location149
location46 location46 location40 location123
location93 location93
location19 location193
location190 location190
location69 location69 location107
location92 location92
location139 location139 location75
location187 location146
location140 location140
location49 location49
location14 location3
location179 location179
location158 location158 location28
location32 location32 location175
location96 location96 location85
location70 location2 location150
location95 location95
location86 location195
location196 location196
location94 location94 location22 location130
location198 location87
location178 location178
location27 location27 location108
