0 18 85 194 21 25 78 103 29 163 52 127 157 126 192 43 135 163 29 199 51 57 94 26 3 83 155 91 122 70 197 92 175 107 14 68 154 72 155 83 172 31 113 16 48 190 46 56 79 34 147 169 97 117 181 185 167 95 186 188 13 62 17 171 36 121 61 53 54 179 189 40 82 8 110 130 198 65 177 55 165 93 193 136 158 64 116 45 74 138 1 66 44 161 131 87 139 168 146 134 129 133 159 166 24 37 19 22 49 98 12 137 11 86 123 76 176 32 15 132 9 119 142 47 89 88 115 124 4 141 182 125 35 143 38 108 67 10 170 28 180 60 112 0
83
18 18
85 85 100
21 21
25 25
78 78
29 29 59
52 52
192 63
43 43
135 23
51 51
57 57
94 94
26 26
3 3
83 83
91 91 58
70 70
92 92 69
14 14
68 68
154 84
72 72 6
31 31
16 16
48 48
46 46
56 56
79 79
34 34
147 99
97 97
95 95 77
13 13
62 62
17 17
36 36
61 61
53 53
54 54 7
179 33
40 40
82 82
8 8 96
65 65
177 50
55 55 75
93 93
64 64
45 45
74 74 27
1 1
66 66
44 44
87 87 30 71
168 2
134 5
24 24 73
37 37
19 19
22 22
49 49 20
98 98
12 12 80
11 11
86 86 81
76 76
32 32
15 15
9 9
119 41
47 47
89 89
88 88
4 4
125 42
35 35
38 38 39
67 67
10 10
28 28
60 60
112 90
