0 128 59 141 107 31 136 116 142 125 180 78 48 168 94 151 175 108 156 184 32 68 171 73 64 129 165 186 126 80 102 139 23 45 58 70 194 117 195 101 160 164 191 170 178 13 131 159 115 2 138 173 198 52 134 27 145 65 95 83 199 150 93 135 4 38 124 189 147 89 88 82 85 92 74 176 166 10 50 163 196 72 30 187 197 123 12 43 104 127 112 40 90 143 87 19 185 98 140 34 105 8 67 110 86 57 146 152 111 181 0
79
128 7
59 59 133
141 141
107 107 21
31 31
116 41
125 125
180 25
94 119
151 151
175 175
156 121
32 137
68 1
171 171
73 73
129 129
165 165 149
80 15 47
102 39
139 139
23 23
45 45 37
70 17
117 117 99
195 195
101 101
160 11
164 35
191 191 79
170 29
13 13 49
131 131
159 159 97
115 115
2 3
173 173 53
27 27 91
145 145
65 65
95 95 51
83 83 183
199 199
150 9
93 93
135 135 179
189 189 157
147 147 81
89 89 63
85 85
176 77
166 161
50 55
163 163
196 113
30 153
187 187
197 197 75
123 123
43 43
104 69
127 127
112 193
40 71
90 155
143 143
87 87 61
19 19
185 185
98 5
140 109
105 105
67 67
110 33
86 169
57 57 167
146 177
111 111
181 181 103
