190 75 155 1 155 75 166 56 0 95 0 56 45 153 68 25 22 117 89 100 179 64 44 18 14 37 182 2 99 134 99 2 182 113 14 18 44 82 52 82 44 103 168 23 186 84 194 72 102 151 4 151 120 198 160 24 189 160 103 44 64 55 34 16 21 176 169 176 21 16 65 38 145 6 64 179 66 71 171 71 66 179 89 112 85 112 110 28 133 108 54 163 93 163 108 126 9 148 31 177 159 81 9 59 35 59 126 191 115 150 133 147 67 33 58 80 20 80 83 58 154 79 114 92 132 165 147 28 110 117 68 199 146 199 68 56 74 60 76 107 62 170 60 74 56 166 75 190
74
190 135
1 1 142
166 166
56 56
95 95 162
45 45
153 153 5
68 68 10
25 104
22 22
117 117
100 100
179 179 11
44 44
182 182
2 2
99 99
134 188
113 113 94 123
82 61
52 52 138
103 103
168 168
23 23
186 186
84 84 192
102 102 109
151 29
4 47 172
120 181
198 198
189 189 111
55 55 36
34 34
21 21
176 176
169 169 57
65 65
38 38
145 121
6 137
66 66
71 71
171 195
112 112
85 149
133 133
108 108 69
54 54 32 50
163 163
93 93 116 164
126 3
9 118
31 185
177 177 101
81 173
35 30
115 139
150 156
147 27
67 67 8
33 33
20 40
83 83 129
79 141
114 114
92 92 106
132 132 152
165 165 136
146 146 193
60 60
76 76
62 62
170 46
