114 49 58 102 97 88 122 31 14 162 72 3 72 162 90 180 16 54 132 130 176 104 87 144 2 9 2 144 87 104 176 183 138 146 169 180 90 125 70 43 113 89 59 27 55 42 120 42 55 79 15 48 136 50 112 181 20 83 139 143 174 58 67 91 28 85 62 108 51 46 0 29 190 0 173 175 173 46 187 135 187 46 80 133 10 25 10 133 80 149 45 164 45 95 149 129 92 47 26 18 26 129 149 98 100 73 81 182 57 117 78 161 99 128 19 171 64 127 165 111 22 82 60 140 137 44 11 32 24 179 17 147 96 60 195 5 37 65 110 5 195 60 114
76
114 114
49 49
102 102 170
31 31
14 14
3 3 4 7 103
90 124
16 16
132 12
176 176
87 87
9 38
183 183
146 146
169 169 84
70 70
43 43 197
89 89
59 59 131
42 42
120 66
15 15
48 33
50 166
112 112
181 181 21 148
143 105 109
174 174 94 150
67 67
91 91
28 28
85 199
62 62
108 108
51 51
0 0
29 29
190 76
173 173
175 175 74
187 187
135 135 93
133 133
10 10
25 191
149 149 35
164 164 154
95 95 53
92 92
47 47
26 26
18 18 63
98 98
100 100
81 81 188
182 182
57 75
117 117 1
78 78
161 161
19 119
171 171
127 127 155
111 111
22 69
140 177
32 32
24 24
17 36
147 147
96 96 167
195 195
5 5 41
37 37 115
65 196
110 134
