gc as co bw ax r q fr dg u fm bk et df bn b aq dc ar dk v ai v gq a c e ay dd cc ci bu fg eg aj du bv j cp gf fw dy bh gp ew cg fy cx db fa bg i bm fb al er eu l go z de cd br g fj ed cm fx fd fo ft bo an ej ad be gl dr bb bt f bf gd fp ag ao ev ct cl ee cj cl cw bc bs bz gn dx ei dx fv bd fv fq ce dm ex gj di gi d n d dh en dq bp cf aw h dj gg eh fi cu gc gk aa gc
83
as as ac
co co
q q
fr fr
dg dg gm
u u
bk ds
et et
df fh
bn bn
b b
ar cz
v v
ai ai dn
gq gq
a a
c bq
e e fe
ay ff
ci at
bu bu
eg es
aj y
du dw ga
bv bv
j j
cp cp cr
fw fw
dy dy
cg cg
fy fy
db db az
fa fa
bm ge
er er
go go
z ck
de ep
cd am
br br
g g
ed cn
cm cm ab
fd fd
fo fo
ft ft
an an bl
ad ad
be bx
gl cq
dr ap
bb bb
bt bt
bf ey fn
ao ao cv
cl cl cs
ee ee
cj cj bi el
bc bc ah by
gn gn
dx dx
ei gh
bd p
fq fq
ce fk
ex ae
gj gj
di di
gi gi
d d
n eq
dh dh
en en
dq dq
bp bp
aw aw
dj dj
gg gg dp
eh do
fi fi
cu bj
gk gk
aa em
