n0 n85 n131 n68 n31 n66 n195 n191 n34 n169 n152 n160 n181 n137 n115 n77 n12 n33 n92 n45 n196 n178 n185 n197 n133 n138 n163 n136 n171 n39 n78 n187 n83 n192 n32 n87 n2 n81 n125 n199 n154 n93 n65 n55 n109 n142 n23 n67 n188 n186 n172 n74 n165 n179 n16 n157 n100 n10 n20 n177 n8 n36 n151 n25 n99 n96 n162 n17 n156 n97 n35 n76 n43 n149 n5 n53 n153 n174 n180 n164 n190 n64 n30 n89 n110 n111 n90 n117 n98 n107 n183 n63 n27 n150 n14 n161 n82 n24 n198 n9 n3 n79 n84 n104 n71 n95 n116 n147 n173 n91 n158 n72 n108 n148 n176 n75 n86 n193 n121 n47 n170 n70 n26 n175 n106 n144 n41 n73 n58 n159 n189 n119 n120 n0
84
n0 n0
n85 n85
n68 n68 n61
n31 n31
n66 n66 n59
n191 n56
n34 n34
n160 n49
n77 n77
n12 n12 n28
n33 n33 n88
n92 n92
n45 n45 n60
n196 n48
n185 n21
n138 n11
n39 n39
n78 n78
n83 n83
n32 n32
n87 n87
n2 n2
n81 n81
n154 n46
n93 n93
n65 n65
n55 n55
n23 n23
n67 n67 n50
n188 n40
n74 n74
n16 n16 n51
n157 n69
n10 n10
n20 n20
n177 n44
n8 n8
n36 n36
n151 n13
n25 n25 n94
n99 n99
n96 n96
n17 n17
n97 n97
n35 n35
n76 n76
n43 n43
n5 n5
n53 n53 n4
n174 n18
n64 n64
n30 n30
n89 n89
n110 n38
n111 n19
n90 n90
n98 n98
n63 n63
n27 n27
n14 n14
n82 n82
n24 n24 n80
n9 n9
n3 n3
n79 n79 n52
n84 n84
n104 n1
n71 n71 n42
n95 n95
n116 n62
n91 n91
n72 n72
n75 n75
n86 n86 n57
n193 n6
n47 n47 n29
n70 n70
n26 n26
n175 n37
n41 n41
n73 n73
n58 n58 n7 n15
n159 n54
n120 n22
