Liam Elias Isaiah Joseph Mateo Alexander Mateo Joseph Jaxson Colton Jack Jameson Ayden Carter Ayden Jameson Jack Levi Jonathan Levi Evan Josiah Eli Dominic Eli Josiah Evan Chase Christopher Chase Hunter Theodore David Theodore Nicholas Jordan Roman Maverick Cooper Adrian Cooper Maverick Roman Jordan Nicholas Theodore Hunter Chase Levi Colton Sawyer Jose Owen Jose Sawyer Jaxson Brayden Adam Julian Adam Robert Adam Brayden Jaxson Joseph Isaiah Leo Aaron Nathan Ryan Cameron Jace Gavin Parker Aiden William Aiden Parker Gavin Jace Cameron Nathan Aaron Thomas Aaron Leo Isaiah Liam
22
Liam Liam
Joseph Joseph
Alexander Alexander Mason
Jaxson Michael
Carter Carter Benjamin
Jonathan Henry
Eli Lucas Jackson Wyatt
Dominic Oliver
Christopher Luke
David David Sebastian
Roman Jacob
Cooper Matthew
Adrian Elijah
Sawyer John
Owen Owen Noah
Brayden Ethan Samuel
Adam Jayden
Julian Dylan
Robert Daniel
Aiden Aiden
William William Logan
Thomas James
