LOC16 LOC1 LOC16 LOC18 LOC15 LOC46 LOC25 LOC59 LOC13 LOC42 LOC62 LOC42 LOC13 LOC59 LOC25 LOC46 LOC37 LOC80 LOC37 LOC82 LOC27 LOC61 LOC48 LOC56 LOC48 LOC87 LOC6 LOC87 LOC48 LOC68 LOC32 LOC68 LOC27 LOC82 LOC34 LOC12 LOC34 LOC69 LOC0 LOC36 LOC26 LOC4 LOC47 LOC63 LOC45 LOC71 LOC44 LOC33 LOC9 LOC33 LOC44 LOC71 LOC63 LOC47 LOC4 LOC26 LOC36 LOC51 LOC73 LOC67 LOC73 LOC90 LOC34 LOC37 LOC46 LOC15 LOC18 LOC83 LOC57 LOC24 LOC2 LOC77 LOC8 LOC77 LOC24 LOC57 LOC83 LOC18 LOC16 LOC94 LOC5 LOC94 LOC16
32
LOC1 LOC22
LOC18 LOC18
LOC15 LOC15
LOC46 LOC46 LOC53
LOC25 LOC25
LOC59 LOC59
LOC62 LOC62 LOC89
LOC37 LOC37
LOC80 LOC95
LOC82 LOC82 LOC28
LOC61 LOC61 LOC31
LOC56 LOC56 LOC98
LOC87 LOC29
LOC6 LOC70
LOC32 LOC78
LOC12 LOC12 LOC81
LOC0 LOC23 LOC97
LOC36 LOC36
LOC26 LOC26
LOC4 LOC4
LOC47 LOC47
LOC45 LOC45 LOC50 LOC79
LOC44 LOC96
LOC33 LOC33
LOC9 LOC9 LOC85
LOC51 LOC3
LOC73 LOC73 LOC99
LOC67 LOC43
LOC90 LOC90 LOC20
LOC57 LOC57
LOC8 LOC17
LOC5 LOC52
