zero one eight nine ten eleven ten nine eight fifteen sixteen seventeen eighteen nineteen eighteen seventeen sixteen fifteen twentytwo twentythree twentyfour twentythree twentytwo twentynine thirty thirtyone thirtytwo thirtythree thirtytwo thirtyone thirty twentynine thirtysix thirtyseven thirtyeight thirtyseven thirtysix fortythree fortyfour fortyfive fortysix fortyseven fortysix fortyfive fortyfour fortythree fifty fiftyone fiftytwo fiftythree fiftyfour fiftythree fiftytwo fiftyone fifty fiftyseven fiftyeight fiftynine sixty sixtyone sixty fiftynine fiftyeight fiftyseven sixtyfour sixtyfive sixtysix sixtyseven sixtysix sixtyfive sixtyfour seventyone seventytwo seventythree seventyfour seventythree seventytwo seventyone seventyeight seventynine eighty eightyone eighty seventynine seventyeight eightyfive eightysix eightyseven eightyeight eightyseven eightysix eightyfive ninetytwo ninetythree ninetyfour ninetythree ninetytwo eightyfive seventyeight seventyone sixtyfour fiftyseven fifty fortythree thirtysix twentynine twentytwo fifteen eight one zero
36
zero two three four five six
eight fourteen
ten ten
eleven twelve
fifteen fifteen
nineteen twenty
twentytwo twentytwo
twentyfour twentyfour twentyfive
twentynine twentynine thirtyfive
thirty thirty
thirtythree thirtythree thirtyfour
thirtysix thirtysix
thirtyseven thirtyseven
thirtyeight thirtynine
fortyfour fortyfour
fortyfive fortyfive
fortyseven fortyseven fortyeight
fifty fifty
fiftyone fiftyone
fiftythree fiftythree
fiftyfour fiftyfive
fiftyseven fiftyseven
sixty sixty
sixtyone sixtyone sixtytwo
sixtyfour seventy
sixtyfive sixtyfive
sixtysix sixtysix
sixtyseven sixtyseven sixtyeight
seventyone seventyone seventyseven
seventyfour seventyfive
seventyeight seventyeight eightyfour
seventynine seventynine
eightyone eightyone eightytwo
eightyseven eightyseven
eightyeight eightyeight eightynine
ninetyfour ninetyfive
