zero one eight nine ten eleven twelve eleven ten nine eight fifteen sixteen seventeen eighteen nineteen eighteen seventeen sixteen fifteen twentytwo twentythree twentyfour twentythree twentytwo twentynine thirty thirtyone thirtytwo thirtythree thirtytwo thirtyone thirty twentynine thirtysix thirtyseven thirtyeight thirtynine thirtyeight thirtyseven thirtysix fortythree fortyfour fortyfive fortyfour fortythree thirtysix twentynine twentytwo fifteen eight one zero
19
zero three five six seven
eight fourteen
nine nine
eleven eleven
twelve twelve thirteen
fifteen fifteen
sixteen sixteen
eighteen eighteen
nineteen nineteen twenty
twentyfour twentyfive
twentynine thirtyfive
thirtyone thirtyone
thirtytwo thirtytwo
thirtythree thirtyfour
thirtysix fortytwo
thirtyseven thirtyseven
thirtyeight thirtyeight
thirtynine forty
fortyfive fortyfive fortysix
