zero one eight nine ten eleven ten nine eight fifteen sixteen seventeen eighteen nineteen eighteen seventeen sixteen fifteen twentytwo twentythree twentyfour twentyfive twentysix twentyfive twentyfour twentythree twentytwo twentynine thirty thirtyone thirtytwo thirtythree thirtytwo thirtyone thirty twentynine thirtysix thirtyseven thirtysix fortythree fortyfour fortythree fifty fiftyone fiftytwo fiftythree fiftyfour fiftythree fiftytwo fiftyone fifty fiftyseven fiftyeight fiftynine fiftyeight fiftyseven sixtyfour sixtyfive sixtysix sixtyseven sixtyeight sixtyseven sixtysix sixtyfive sixtyfour seventyone seventytwo seventythree seventyfour seventythree seventytwo seventyone seventyeight seventynine eighty eightyone eightytwo eightyone eighty seventynine seventyeight eightyfive eightysix eightyfive ninetytwo ninetynine onehun ninetynine onehunsix onehunseven onehuneight onehunnine onehunten onehunnine onehuneight onehunseven onehunsix onehunthirteen onehunfourteen onehunfifteen onehunsixteen onehunseventeen onehunsixteen onehunfifteen onehunfourteen onehunthirteen onehuntwenty onehuntwentyone onehuntwentytwo onehuntwentythree onehuntwentytwo onehuntwentyone onehuntwenty onehuntwentyseven onehuntwentyeight onehuntwentynine onehuntwentyeight onehuntwentyseven onehunthirtyfour onehunfortyone onehunfortytwo onehunfortythree onehunfortyfour onehunfortyfive onehunfortyfour onehunfortythree onehunfortytwo onehunfortyone onehunfortyeight onehunfortynine onehunfortyeight onehunfiftyfive onehunfiftysix onehunfiftyseven onehunfiftyeight onehunfiftynine onehunfiftyeight onehunfiftyseven onehunfiftysix onehunfiftyfive onehunsixtytwo onehunsixtythree onehunsixtyfour onehunsixtyfive onehunsixtyfour onehunsixtythree onehunsixtytwo onehunsixtynine onehunseventy onehunseventyone onehunseventytwo onehunseventythree onehunseventytwo onehunseventyone onehunseventy onehunsixtynine onehunseventysix onehunseventyseven onehunseventyeight onehunseventynine onehuneighty onehunseventynine onehunseventyeight onehunseventyseven onehunseventysix onehuneightythree onehuneightyfour onehuneightyfive onehuneightysix onehuneightyfive onehuneightyfour onehuneightythree onehunninety onehunninetyone onehunninetytwo onehunninetythree onehunninetytwo onehunninetyone onehunninety onehuneightythree onehunseventysix onehunsixtynine onehunsixtytwo onehunfiftyfive onehunfortyeight onehunfortyone onehunthirtyfour onehuntwentyseven onehuntwenty onehunthirteen onehunsix ninetynine ninetytwo eightyfive seventyeight seventyone sixtyfour fiftyseven fifty fortythree thirtysix twentynine twentytwo fifteen eight one zero
73
zero two three six seven
one one
eight fourteen
ten ten
eleven eleven twelve
fifteen fifteen
sixteen sixteen
seventeen seventeen
nineteen twenty
twentythree twentythree
twentyfive twentyfive
twentysix twentysix twentyseven
twentynine twentynine
thirtythree thirtythree thirtyfour
thirtyseven thirtyseven thirtyeight
fortythree fortythree fortynine
fortyfour fortyfour fortyfive
fiftytwo fiftytwo
fiftythree fiftythree
fiftyfour fiftyfive
fiftyseven fiftyseven
fiftyeight fiftyeight
fiftynine sixty
sixtyfour sixtyfour seventy
sixtysix sixtysix
sixtyseven sixtyseven
sixtyeight sixtynine
seventyone seventyone seventyseven
seventytwo seventytwo
seventyfour seventyfive
seventyeight seventyeight eightyfour
seventynine seventynine
eightytwo eightytwo eightythree
eightysix eightyseven
ninetytwo ninetyeight
ninetynine ninetynine
onehun onehunone
onehuneight onehuneight
onehunten onehunten onehuneleven
onehunthirteen onehunthirteen onehunnineteen
onehunsixteen onehunsixteen
onehunseventeen onehunseventeen onehuneighteen
onehuntwenty onehuntwentysix
onehuntwentyone onehuntwentyone
onehuntwentythree onehuntwentythree onehuntwentyfour
onehuntwentyseven onehuntwentyseven
onehuntwentyeight onehuntwentyeight
onehuntwentynine onehunthirty
onehunthirtyfour onehunthirtyfive onehunforty
onehunfortythree onehunfortythree
onehunfortyfour onehunfortyfour
onehunfortyfive onehunfortyfive onehunfortysix
onehunfortyeight onehunfiftyfour
onehunfortynine onehunfortynine onehunfifty
onehunfiftyfive onehunsixtyone
onehunfiftyseven onehunfiftyseven
onehunfiftynine onehunfiftynine onehunsixty
onehunsixtythree onehunsixtythree
onehunsixtyfour onehunsixtyfour
onehunsixtyfive onehunsixtyfive onehunsixtysix
onehunsixtynine onehunsixtynine onehunseventyfive
onehunseventy onehunseventy
onehunseventyone onehunseventyone
onehunseventythree onehunseventythree onehunseventyfour
onehunseventysix onehunseventysix onehuneightytwo
onehunseventyeight onehunseventyeight
onehuneighty onehuneighty onehuneightyone
onehuneightyfour onehuneightyfour
onehuneightysix onehuneightyseven
onehunninety onehunninety
onehunninetyone onehunninetyone
onehunninetytwo onehunninetytwo
onehunninetythree onehunninetythree onehunninetyfour
