equinox name progress wilderness constant lamb improvement sell cycle incident safari approach advocate union liability chain presidential mirror bark fish brick extension glove suffering dry revise mastermind tropical essential paint seller community improvement kitchen improve explicit death uncertainty reinforce corpse balance flow sustain hiccup machinery equinox
31
equinox equinox band
name funeral
progress dollar
wilderness wilderness
lamb lamb
safari secretary
union union fibre
chain chain
presidential presidential
mirror prejudice
bark bark aisle twitch
fish fish
brick brick remark
extension analyst
glove glove
suffering novel
dry dry
mastermind mastermind
tropical tropical muggy
essential essential jurisdiction
paint paint
seller seller houseplant
community orange
kitchen farewell
improve disposition
explicit explicit clothes referee
uncertainty uncertainty
corpse corpse
flow flow slice
hiccup hiccup photograph
machinery method
