pump need preoccupation inquiry voice splurge fitness prevent clock plane salesperson share admiration clock deprivation sit flight compromise distributor impound nap moment go distributor exercise resort sentiment ton sweet sentiment packet soap separate sticky exercise sensitivity line operational novel skin reject pipe polish statement valley prevent fitness ghost diagram precede extension descent gun ensure agenda opposition wife performance shed inspector few duck slam Mars satellite Mars sex incapable coma minor pepper pedestrian inspector depressed hallway feign bacon Bible protect hierarchy feign tip allow parallel sacrifice increase control wear sketch pump
56
pump pump
need need
preoccupation preoccupation
splurge plug
fitness category
admiration admiration attractive
sit sit
flight linger
distributor distributor
impound impound
go survival
exercise exercise freedom
resort mud
sentiment sentiment
sweet sweet formulate
packet packet ground
soap affect
separate separate
sticky sticky button
line line
novel row pursuit genetic
skin float
reject reject judicial
pipe pipe anger
polish polish
valley valley rock
ghost ghost
diagram diagram wage
extension appearance
descent descent
gun aspect
ensure ensure lemon
agenda park physical
opposition unanimous pray
performance performance title
shed gloom
Mars literature
satellite reflection
sex leadership
incapable overlook
minor minor
pedestrian pedestrian prospect nominate
depressed depressed privilege range
hallway hallway
feign feign
bacon consideration
protect fairy
hierarchy hierarchy innovation
tip tip
allow mouse brain
parallel parallel forest
sacrifice sacrifice
increase guideline
control engineer
wear wear
sketch lot
