Bowles Mulford Latimer South Pimentel Stacks Pimentel South Latimer MLK Hearst Jacob Cory Bechtel Minor Memorial Maxwell Memorial Minor Bechtel Baker Strada Baker Bechtel Cory Stanley Campbell MemorialStadium Hargrove Tan Warren Tan Hargrove MemorialStadium Campbell Stanley LeConte Campanile Wurster McCone Spats Stonefire PiLambda Stonefire Spats McCone Wurster Campanile Bongo Artichokes Bongo Campanile LeConte VLSB Boalt Kresge Boalt VLSB Chez VLSB LeConte Stanley Moses Wellman Moses Greek Unit2 Milano Unit2 Wolf Unit2 Greek Moses RareTea Moses Stanley Cory Jacob Evan Moffitt Evan Blackwell McLaughlin Blackwell Evan SigmaPhiOmega Evan Jacob Foothill Haviland Morgan Haviland Foothill Dwinelle HearstAnnex Dwinelle Haas Crossroads Lawrence UCTheatre Lawrence Crossroads Haas Dwinelle Foothill Davis Hildebrand Davis Foothill Jacob Hertz CVStarr Unit3 CKerr Unit3 CVStarr Hertz Jacob TopDog Fenwick TopDog Starbucks Chipotle Starbucks TopDog Jacob Hearst MLK Latimer Edwards Latimer Mulford Bowles Calvin Bowles
50
Bowles LaVals
Mulford Mulford Crescent
Stacks Stacks Sherman
MLK Rochdale
Cory Extension
Bechtel Birge Wilde
Memorial TacoBell AlphaSigmaPhi
Maxwell Maxwell Barrows
Baker Baker Simons Daiso
Strada Strada RoseGarden
Campbell Campbell Doe Koshland
Warren Safeway
LeConte RSF ALS
Campanile Campanile
Wurster Wurster Zellerbach
Spats Spats
PiLambda PiLambda PiAlphaPhi
Bongo Bongo ShengKee
Artichokes Cheeseboard
VLSB VLSB
Boalt Boalt
Kresge Kresge PeoplesPark Castro
Chez NorthGate
Moses Moses
Wellman Wellman Sutardja
Greek Greek
Unit2 Unit2
Milano IndianRock
Wolf Wolf StrawberryCreek
RareTea Gypsys
Evan Evan
Moffitt Cloyne
Blackwell Blackwell
McLaughlin GenPlantBio
SigmaPhiOmega BearFoodCourt
Foothill Foothill Unit1
Morgan Morgan Martinez
HearstAnnex HearstAnnex Lothlorien
Haas Haas Pavilion
Crossroads Crossroads
UCTheatre UCTheatre NCEM
Davis Browns
Hildebrand Hildebrand YogurtPark
Unit3 Unit3
CKerr CKerr WayWest Ridge
TopDog GammaPhiBeta
Fenwick Barker
Chipotle Chipotle MFoundry
Edwards Edwards Easterly
Calvin Calvin Etcheverry Graduate
