0 3 4 3 11 3 29 75 3 0 17 5 17 68 17 70 17 77 17 80 17 0 31 25 31 57 31 64 89 31 0 86 10 86 12 86 20 86 81 0 100 101 108 101 109 101 110 101 111 101 112 101 113 101 115 101 116 101 100 102 100 103 100 104 100 105 100 106 100 107 100 0
37
3 51 56
4 4 14 49 63 87 96
11 55 58
29 29
75 75 18 28 54
17 17 13
5 5 42
68 68 44
70 70 65
77 77 22
80 66
31 31 35 53
25 25 24 59
57 57 21
64 7 72
89 89 1 26
86 86 85 90 98
10 10 83 99
12 62
20 20 43
81 81 82
100 100
101 101 117
108 154 156 158 160
109 109 167
110 168 169 171 172 173 175
111 177 178
112 112 179 180 182
113 113 188 189
115 194 196
116 198
102 102 118 121 123 124
103 127 128 130
104 104 136
105 105 138
106 106 142 144 145 146 147 149
107 151 152 153
