86 67 2 46 2 63 2 171 7 23 8 12 49 12 8 55 8 60 1 42 1 114 29 85 29 108 59 108 29 114 1 180 1 60 9 62 9 128 5 3 11 99 11 37 151 80 151 37 3 40 15 18 47 18 51 43 92 182 96 182 92 43 51 18 88 18 15 32 25 143 25 32 15 36 20 36 133 36 15 61 71 167 65 167 71 61 104 24 168 24 104 61 15 40 3 54 111 54 3 130 4 31 115 31 4 130 3 5 98 5 131 5 128 9 60 8 78 8 79 8 23 39 172 39 23 58 23 7 171 2 67 22 68 22 67 86
59
86 120
67 198
2 2
46 94 117
63 74 75
7 45 57 101 145 163
23 66 169 185
8 8
12 48 123 138 149
49 125
55 93 132
60 87
1 1
42 76
114 52 105
29 121
85 129
108 44 184
59 72
180 106
9 10 13 26 110 181
62 89
5 5
3 19
11 11
99 196
37 73 97 156
151 17
80 194
15 122 199
18 84 139 177
47 41
51 51
43 192
92 92
96 174
88 27
32 126 157 159 175
25 64 140 150 153 154 158
143 6
36 36
20 38 82
133 152
61 30 69 107
71 71
65 146
168 189
54 54
111 113
4 179 183
115 53
98 91 173
131 160
78 14 148
79 21 137
172 56
58 28 116
22 22
68 35 90 100
