110 57 26 191 119 199 129 44 68 153 112 182 184 164 100 2 7 81 159 174 38 116 139 39 61 11 176 158 117 13 151 160 104 98 189 178 62 134 74 172 92 169 65 54 35 73 47 194 102 118 3 138 190 60 66 87 196 109 9 88 25 41 192 31 144 10 137 161 70 27 115 19 165 108 63 18 141 83 46 101 43 123 97 93 140 6 187 166 111 78 56 50 96 21 53 120 59 179 1 36 79 149 126 147 32 23 0 8 154 28 188 84 89 170 14 173 30 157 167 94 77 195 33 4 67 15 86 75 136 99 110
79
110 110
26 26 90
119 152
199 199 103
44 44
182 182 85
164 72
100 100
2 124
7 168
81 81
159 159
38 38
39 39 55
61 171
11 11
176 176
13 13
151 142
160 160
98 98
189 189
178 178
74 74 148
172 172
92 92
169 169 197
54 54
73 73
47 47 45
3 3 127
138 138
190 190 122
60 60
66 66
87 87
25 25
41 41 20
192 192
161 161
19 19 52
165 165 22
18 18
141 141
83 83 5
101 101
43 43
123 123 193
140 140
6 6 131
187 121
111 51
56 56
50 50
96 96
53 53
1 1
36 36
79 79
149 149
126 126
147 147
0 0
8 107
154 154
28 28 29
188 64
84 175
170 170
14 14
30 30 40
94 94 76
77 77
195 195
67 67
15 15 163
86 132
75 91 145
99 99 181
