Location0 Location34 Location41 Location56 Location26 Location10 Location26 Location56 Location53 Location9 Location20 Location13 Location7 Location25 Location52 Location32 Location52 Location37 Location17 Location23 Location30 Location38 Location28 Location1 Location8 Location28 Location57 Location40 Location57 Location60 Location57 Location28 Location38 Location30 Location23 Location17 Location37 Location52 Location25 Location13 Location20 Location9 Location59 Location33 Location46 Location58 Location46 Location59 Location56 Location41 Location34 Location0 Location45 Location12 Location4 Location12 Location45 Location0
28
Location34 Location34
Location41 Location41
Location26 Location26 Location15
Location10 Location10 Location21
Location9 Location9 Location18 Location29
Location20 Location20 Location5
Location13 Location13 Location14
Location7 Location7 Location22
Location25 Location25
Location52 Location2
Location32 Location32 Location39
Location37 Location37 Location24
Location17 Location17
Location23 Location23
Location30 Location30
Location38 Location38
Location28 Location28
Location1 Location1
Location8 Location8 Location6
Location57 Location19
Location40 Location40 Location11
Location60 Location36
Location59 Location16 Location31
Location33 Location33
Location58 Location3
Location45 Location27
Location12 Location12
Location4 Location4 Location35
