1 3 16 1 8 2 14 51 6 20 6 2 95 4 25 9 43 22 43 25 4 95 2 13 5 10 17 10 5 11 24 73 33 19 21 23 35 5 63 7 12 27 12 31 7 63 34 1
28
1 1 58 81 85 86 111 129 133 141 143 174 198
3 3 89 92 101 106 169 182 184
16 16 59 140
8 8 87 137 193
2 2 44 74 83 165
14 49 50 157
51 51
6 6 26 47 60 97 126 151
20 20 55 102
95 95
4 42 61 144 161 171
9 9 41 57 124 131 162
22 69
13 13 70
5 99 130 156 164 167 200
10 10 82 84 116
17 36 53 56
11 80
73 159
33 33
21 21
23 77 127
35 35 103
7 37 110 138 139 150 176
12 88 177 189
27 27 68
31 31 75
34 34 136
