31 73 65 128 124 46 132 112 74 56 144 157 54 114 48 142 99 126 72 140 153 50 45 94 149 82 109 135 136 152 88 16 28 80 143 155 90 83 148 70 110 19 5 43 69 92 38 64 35 24 150 40 77 79 101 125 151 59 11 89 8 29 33 137 75 12 133 159 100 62 172 167 161 200 185 188 186 199 179 162 182 180 193 176 163 174 178 166 164 173 198 183 187 195 169 196 57 63 154 96 76 26 53 6 30 10 119 131 13 81 141 17 102 134 32 91 61 3 22 86 118 160 67 103 27 95 85 23 49 111 129 98 147 106 123 116 66 121 31
79
65 65
128 128
46 46 52
132 146
112 112 107
74 74
114 114
48 48
99 99 156
140 140
45 45 21
94 94
149 149
82 82
152 152
88 88
16 9
28 28 4
80 80
143 143
90 90
83 83
148 148
110 110
5 60
69 69
38 38
64 64
35 35
40 127
77 77
101 42
125 125
151 151
89 89
29 29
33 33 105
137 137
12 12 120
167 167
188 188 168
186 186
199 199
179 179
162 197
180 180
176 191
164 164 184
173 173
198 198
183 170
195 195
169 169 171
196 196 175
57 57
96 34
6 6 58
30 30
119 119
131 131
13 13
81 81 115
141 141
17 20
134 134 138
32 32
22 22
86 86 7 68
160 160
67 67 108
103 103
27 27
49 49
98 78
147 147 93
106 106
123 123 117
66 66 14
121 121 47
