A0 X4 J3 F0 U0 D2 Q6 B1 W1 U4 N0 W3 Z3 W2 W6 B7 D7 M5 M6 A3 E4 O7 X2 N3 Q5 L3 M4 L0 J6 Z4 J7 X6 Q1 H0 M0 E1 X1 H7 O4 E5 C3 M1 X5 G7 Q3 P1 R5 I3 O6 W5 S4 Z5 S0 V6 R0 E6 T5 F3 U6 J2 U2 K7 C4 H3 H4 A7 Q7 M7 S2 K1 A1 I5 A2 X0 V0 V4 Y3 D3 P7 J0 C2 B0 Y0 T0 W0 R6 J4 B3 D4 W4 Q2 Y4 D6 R4 G1 L4 Q0 L1 F1 G0 J1 B4 M3 F5 A0
73
A0 A0
X4 X4 K2
F0 F0
U0 E3
D2 D2 K4
Q6 Q6 B5 T6
Z3 Z3
W2 W2 C6
W6 W6 L5
D7 D7
M5 M5 N2 J5 C7
M6 M6
E4 E4 I0
X2 X2 S1
Q5 Q5 G3
M4 M4
L0 L0 I1
J6 J6
Z4 Z4
J7 B2
X6 X6
H0 H0
M0 M0 T2
E1 E1 X3
X1 X1 Z6
O4 O4
E5 E5
C3 C3
M1 M1
G7 V2
P1 O3
R5 R5
I3 I3
W5 W5
Z5 Z5
S0 F4
V6 V6
T5 T5
F3 F3 R3
U6 U6
J2 G6
U2 U2
K7 T3
C4 C4
H3 Z1
A7 A7 Y6
Q7 H6 P6
M7 G4
S2 S2
K1 K1
A1 A1
I5 I5
A2 A2
X0 X0 P0
V0 A4
Y3 Y3
D3 D3 S6
J0 J0 P2
Y0 Y0 D0
R6 R6 F6
B3 A6
W4 W4
Q2 Q4
Y4 Y4
R4 R4
G1 G1
Q0 Q0
L1 N1
G0 G0
J1 J1 A5
B4 B4
M3 M3 O5
F5 C0 P5
