5 4 3 0 1 2 9 10 15 10 28 39 88 39 28 10 9 12 17 36 40 36 82 36 17 55 17 12 18 12 25 43 25 12 150 12 9 22 37 44 37 45 59 101 59 118 59 45 37 22 58 86 109 86 58 22 9 2 1 6 11 27 53 123 131 123 53 27 11 6 1 21 8 95 8 21 1 70 1 0 3 4 5 7 16 29 32 29 16 5 14 23 90 14 5 19 20 19 52 56 52 143 144 176 180 176 144 143 52 19 69 19 33 68 33 5
39
4 31
0 51
1 177
9 9 77
10 160
15 163
88 168
40 92
82 179
55 57
18 178
43 183
150 191
44 106
45 45 152
59 76 96 127
101 101 104 111
118 126
58 58
109 109 130
11 85 113
27 27
131 140
21 21
95 121
70 105
7 35
32 32 50
14 63 196
23 23 103
90 91
19 169
20 54
52 80
56 102
176 176
180 180 194
69 145
68 68 155
