149 14 68 165 75 59 184 16 188 96 154 171 76 148 48 97 168 72 57 187 63 60 19 41 176 30 50 67 124 95 91 82 107 181 98 131 104 15 86 27 146 158 46 61 71 174 161 140 93 94 130 31 39 87 103 106 142 53 147 17 8 150 78 170 81 70 139 92 162 32 145 190 197 196 3 121 12 65 58 195 152 34 21 132 83 1 135 118 111 166 84 47 128 113 55 38 189 74 117 122 51 134 112 44 37 116 20 180 99 127 151 119 29 43 172 28 105 33 153 66 64 136 169 89 120 109 25 6 164 173 143 157 198 56 13 52 160 49 193 69 42 36 2 199 149
83
14 14
68 68
75 75
59 59 4
16 16
96 96
76 76 100
48 48
97 97
72 72
57 57
63 63
60 60
19 19
41 41
30 30
50 50 62
67 67
95 95
91 91
82 82 77
98 98
15 15
86 86
27 27
46 46
61 61 9
71 71 88
93 93
94 94
31 31
39 39
87 87
103 54
53 53
17 17
8 8
150 35
78 78
81 81
70 70
92 92
32 32
3 3
12 12
65 65 40
58 58
195 73
34 34
21 21 85
83 83
1 1
84 84
47 47
55 55
38 38 22
74 74
51 51
44 44
37 37 18
20 20 80
99 99 23
29 29 79
43 43
28 28
33 33
66 66
64 64
136 7
89 89
25 25 5
6 6
143 11
157 10 90
56 56
13 13
52 52
49 49 26
69 69
42 42
36 36
2 2 45
199 24
