PlmPdVeiiHQg3JYZCDWt vgVY143HiC3DIrnHqOVb qOK6WPKQJA4Q9XqXgSgT CofLnw0Ss4pVGWmPS5oO cUanhOambcNkocePqfvx KOLHrmR3FKDMdl4SYdK9 g0ywcwildP9K6oBendJq PBBsNLNC5p1ScJ69o6I3 z5H5mNBg1cfKwaYMbsoz enzXJAvcXabmrwWV3YuL iFXIyHTPBX7ivXxsV1VM Oy6fETwECO5ouC6YS702 cYMPcE5UNSzOtkRY62gr kRqgoaGzBgIxzyW55b7b loEPY9WRgDIJ7DWZtMDr XEVVfArWHJg24STfORUs XbrNBzXJSitXalj9YB4o wZppnfABPMsntS9k4lvX nyd0fM2XE4qmli1xfIwr UkqILZ2p4EbRuMBIrGXp U8sg63DCydwx1FzxqIaQ XdyhPab6W9wOZnKLq1fq fp0tOLe2bgMhAVnspvYT rrsfFE1VQlGvYiPVJPzk 9zoM12ZWjXrKaszveCQH o85TEEBuzMbePdf5cbCv ML4pCjYl4gPEwSnvlRaD 3cixCQKdOFnhNCezth5V 1kUMD8KZUKbCCVh7WHWn eJFQvXShtLM53SM8xiiu VXU331oDUcuzaGGUYIl9 847MZ9RXdcbtrj0xf7hq mjf2bYOpX2uCbKVikaAR uaR7l3Qhn4FRAnSeVURz dRK5ma7NqggKZHlnDCi2 ANdko3dYAy7a2BOq7wpm nKDJ3ylOzub2eWcHnAhq VKQB4EmoMIRFao2cUe1s E8pbRn7LIeWnB3swkYzz zXFq4Mw19qGmxfgvxgKV 26HBw5rqKS910jXVuDWn 4AwtOzgg4YBT3wkiEwMr Osa2UT4anhyBl7doUFs5 WsVMGV8yZisK6ojnqzBE 1tmkPhHujDQhTmW4oV7S H1kgaLgK3XrnSUWaxIp0 AmAHnr1XXkPpwJ6DUDIO JakuJordFcO229c3L5ct o1oGR6O0WpnFD6HgjJm1 jVItWJkETNqrkY47Hghp 3rqlQRwe5izypHjXjWla kaVGl3oG0Ulg2MgkbJB8 kwA1qrRggH9YLKcVfIe5 2chOacZ5nNYuf6eeGFSW KjQNU2EAAYEZSeJWPxLM JTOsbkycRuz0e5JQ3gRH DF1KTiOHBIkswyjh8uB1 ZNY0bYUvhQMUm5V6mJno 89uQTJVvGaob2884UTbx Wq14UxgLNQSDYKfwPKLH LWxNpOtygHuLI9qU5DwF gRC6QGMaofieuDp4DxNK ivcmXAg3WJYgMBzFenfb PWUaVYPeofxjJdT472wG 4QLswP82Wvxw9Z42obzh W6pSplT3U7lJfu0pJGBX GzSNGBn4EPemDLEWXNxx 4S2YiI3VYPKghkl95iqK DmOYSEzvATkNwLC4lcsN aGmUpeq6kVn42aPOEaUT 4E11EdbsS5KbjeJWtodD 48BAUsycKlkSkbOjYLFN tX1uDaXm9hMlEKqU7m9j xHjRz67dW7C8omsktslg NA24XhOMsROCBnUViAJT 82AQRTkjWEU79atYWx1r lcQ1GcVaImUGztIdTr68 9gglBKpHLZmA2dFXYK5s 0q2ewXNjMVDn3GAFEoyU YXpO8M342ISxgv446YFJ eFBRJr5p5I2EdlVEayJ6 grvEnF7GDly5W5B32u51 EkRPPDhcu5ww6XulSOgx nplSyFCfwWl94XgtPFkm Zzs5CIqF9Ll2avkxI78N bvNUsI1a9ORRkwy1plRX nsq4rhHWMCaIVcah5fcd Dwi7fYT8wa9I4Kzyto4Y x5UVX06335fM5pfCNBMU MSj6zOuZ0EoAKjP4wXXW C6w7afZujemehEooILjN Tr6dOTuKB3EM5juuJxqy N5YDsCDN1lKguyHbn4Zb ELEJN8tWDJT7mLhCdqW3 9EFf7Db1oVUr4vPii753 u4dtaT6NdEhJmWtNAXSE yHfbaNMH6AALGleUN7ln U7iVliqmXRkLwyPSNdfv eUyNsK7nwP1YPac54CbU ukPtLY7YueARRkX8hPaS 060q0aISPODkGeAbYbQ6 jKREQK0zNUshG5l5lIJd 7yt9hKqOEGabqtqIEmdH CkcRIkbkwcSO7uvVYs8H WZsO2i9GZwvMYoV9SyKS 6WGzUhXeOltLDbkIvTzq 804aK8wEArkuheeUiB4R hvFnmSwhfuOmcUJJ8teU 6NK21BPodyGlEh86UzyE oera1CM7cj3K49AkZhzz 41HkeQtKSrMStkOA4nM4 ChEnlTNCMoqxBfyzEzW7 zvH9G6FQ1xC7CVezs43e YIxKvTpWMaQKGFtD5BDH zGdvV8W1IzIvw9dDijIG yneFBbj6YjKvwSUW253g Ht8MCgqFhHoK08qA4XXh nweJtOYiRJ9VPbpUTVQU jJYVpHxqx7vGmijT2uyo eVsZLsrTO9vGrfl2kinU zos6qdAgLydZyli2syMt 3M9YkxmgHhrzhCgskWR0 dsndgEJWfBsFA2I3Hgqf ztpb0oeFUYAmv52dElS6 ETjjZI7uk2pIvhwlFJmu GUntLlYA0xo9Vk4WLTLV 8RfB73Lw8C9LbSwIxA9Q dCcd6iAvBWonWTNoMnIv bxi8Rg1pw86lzWjaSAaf Fj3o1P7cDuinqDyM5v58 6GSZa1npVyW2652oBwaR iwJGcbQH2bifG6D82Iel xcisI0PJDdG9nIuyj3IS m1A3pMC42PQioFziqK5C 4SDaLq9JuVK9Hgq625aC TpLamlzpT6GwerxzVsxr PlmPdVeiiHQg3JYZCDWt
86
qOK6WPKQJA4Q9XqXgSgT qOK6WPKQJA4Q9XqXgSgT
CofLnw0Ss4pVGWmPS5oO CofLnw0Ss4pVGWmPS5oO
cUanhOambcNkocePqfvx cUanhOambcNkocePqfvx
KOLHrmR3FKDMdl4SYdK9 KOLHrmR3FKDMdl4SYdK9
g0ywcwildP9K6oBendJq g0ywcwildP9K6oBendJq
z5H5mNBg1cfKwaYMbsoz irZyMKazQALnyfoOCtbL
iFXIyHTPBX7ivXxsV1VM iFXIyHTPBX7ivXxsV1VM
cYMPcE5UNSzOtkRY62gr cYMPcE5UNSzOtkRY62gr
nyd0fM2XE4qmli1xfIwr nyd0fM2XE4qmli1xfIwr
UkqILZ2p4EbRuMBIrGXp UkqILZ2p4EbRuMBIrGXp PIekFeWZsA6etqyFB2SF
XdyhPab6W9wOZnKLq1fq XdyhPab6W9wOZnKLq1fq
rrsfFE1VQlGvYiPVJPzk a06qeiApctGnC1GMtGuJ
9zoM12ZWjXrKaszveCQH 9zoM12ZWjXrKaszveCQH
o85TEEBuzMbePdf5cbCv o85TEEBuzMbePdf5cbCv
ML4pCjYl4gPEwSnvlRaD ML4pCjYl4gPEwSnvlRaD
3cixCQKdOFnhNCezth5V E59siIyngnj5PIsLeowv
eJFQvXShtLM53SM8xiiu WErk2X2lm629vuxPHVtl
VXU331oDUcuzaGGUYIl9 VXU331oDUcuzaGGUYIl9
uaR7l3Qhn4FRAnSeVURz uaR7l3Qhn4FRAnSeVURz
ANdko3dYAy7a2BOq7wpm ANdko3dYAy7a2BOq7wpm
nKDJ3ylOzub2eWcHnAhq nKDJ3ylOzub2eWcHnAhq
E8pbRn7LIeWnB3swkYzz E8pbRn7LIeWnB3swkYzz
zXFq4Mw19qGmxfgvxgKV RuUdtXtfFCKpaLUcmsqg
4AwtOzgg4YBT3wkiEwMr SNmFiRdCmf8vg1yMqr30
Osa2UT4anhyBl7doUFs5 Osa2UT4anhyBl7doUFs5
WsVMGV8yZisK6ojnqzBE WsVMGV8yZisK6ojnqzBE
1tmkPhHujDQhTmW4oV7S 1tmkPhHujDQhTmW4oV7S
H1kgaLgK3XrnSUWaxIp0 BWhyt9wATIprZDhzxwVv
AmAHnr1XXkPpwJ6DUDIO AmAHnr1XXkPpwJ6DUDIO
JakuJordFcO229c3L5ct JakuJordFcO229c3L5ct EY9cQTmyqhrzeZsobQa5
o1oGR6O0WpnFD6HgjJm1 YFXFh0nBpGYXfL8mfny3
jVItWJkETNqrkY47Hghp jVItWJkETNqrkY47Hghp
3rqlQRwe5izypHjXjWla 3rqlQRwe5izypHjXjWla
kaVGl3oG0Ulg2MgkbJB8 kaVGl3oG0Ulg2MgkbJB8
kwA1qrRggH9YLKcVfIe5 kwA1qrRggH9YLKcVfIe5
2chOacZ5nNYuf6eeGFSW 2chOacZ5nNYuf6eeGFSW
KjQNU2EAAYEZSeJWPxLM KjQNU2EAAYEZSeJWPxLM
JTOsbkycRuz0e5JQ3gRH dvxgUZzwjHAP85QpElWp
DF1KTiOHBIkswyjh8uB1 DF1KTiOHBIkswyjh8uB1
89uQTJVvGaob2884UTbx hZHynIvymuQxD6BftzWt
LWxNpOtygHuLI9qU5DwF Vh6ScHVb39wz7CmKwIuA
PWUaVYPeofxjJdT472wG PWUaVYPeofxjJdT472wG
4QLswP82Wvxw9Z42obzh 4QLswP82Wvxw9Z42obzh NXYVlLN4oRDZThND0BmP
GzSNGBn4EPemDLEWXNxx GzSNGBn4EPemDLEWXNxx
4S2YiI3VYPKghkl95iqK 4S2YiI3VYPKghkl95iqK
DmOYSEzvATkNwLC4lcsN EVtx7khff7Fs8yuuQKJx
48BAUsycKlkSkbOjYLFN 48BAUsycKlkSkbOjYLFN 2Cz4Y4eG1XIezf9qpdQl
tX1uDaXm9hMlEKqU7m9j tX1uDaXm9hMlEKqU7m9j
NA24XhOMsROCBnUViAJT NA24XhOMsROCBnUViAJT
9gglBKpHLZmA2dFXYK5s IxWh6LSiXwGUWSx9VJ39
EkRPPDhcu5ww6XulSOgx EkRPPDhcu5ww6XulSOgx
Zzs5CIqF9Ll2avkxI78N Zzs5CIqF9Ll2avkxI78N
nsq4rhHWMCaIVcah5fcd nsq4rhHWMCaIVcah5fcd 1wRG7TNgo9ui6iZBLuaw
Dwi7fYT8wa9I4Kzyto4Y Dwi7fYT8wa9I4Kzyto4Y
x5UVX06335fM5pfCNBMU x5UVX06335fM5pfCNBMU
MSj6zOuZ0EoAKjP4wXXW MSj6zOuZ0EoAKjP4wXXW
C6w7afZujemehEooILjN C6w7afZujemehEooILjN
Tr6dOTuKB3EM5juuJxqy Tr6dOTuKB3EM5juuJxqy
N5YDsCDN1lKguyHbn4Zb N5YDsCDN1lKguyHbn4Zb MEVVMgbTLIgXdG4vAbeX
ELEJN8tWDJT7mLhCdqW3 ELEJN8tWDJT7mLhCdqW3
U7iVliqmXRkLwyPSNdfv U7iVliqmXRkLwyPSNdfv
eUyNsK7nwP1YPac54CbU eUyNsK7nwP1YPac54CbU
ukPtLY7YueARRkX8hPaS ukPtLY7YueARRkX8hPaS 7qCgmo7DrrfnVQIWnbiV
060q0aISPODkGeAbYbQ6 060q0aISPODkGeAbYbQ6
jKREQK0zNUshG5l5lIJd yKQw7YXCNsthb1VWEFur
7yt9hKqOEGabqtqIEmdH 7yt9hKqOEGabqtqIEmdH
WZsO2i9GZwvMYoV9SyKS WZsO2i9GZwvMYoV9SyKS q4nqG9N45SSRxndw48Xl
6WGzUhXeOltLDbkIvTzq 6WGzUhXeOltLDbkIvTzq
804aK8wEArkuheeUiB4R 804aK8wEArkuheeUiB4R
hvFnmSwhfuOmcUJJ8teU LXqfTqJggDSh6mykPyz3
oera1CM7cj3K49AkZhzz 1JawjZrawLlOCGN1EB0O
ChEnlTNCMoqxBfyzEzW7 ChEnlTNCMoqxBfyzEzW7
zvH9G6FQ1xC7CVezs43e zvH9G6FQ1xC7CVezs43e YmmIBqqdn3Z6PuFXWNHi k8LvqKsQ4ejh0bCWs4fP
YIxKvTpWMaQKGFtD5BDH YIxKvTpWMaQKGFtD5BDH
yneFBbj6YjKvwSUW253g 76b3evP8JEiQ8c6jd2b5
zos6qdAgLydZyli2syMt W9TKm0U6bNDZ1Aok7hNH
3M9YkxmgHhrzhCgskWR0 3M9YkxmgHhrzhCgskWR0
dsndgEJWfBsFA2I3Hgqf dsndgEJWfBsFA2I3Hgqf zforAf5jhSPEL0aOiCeo
GUntLlYA0xo9Vk4WLTLV GUntLlYA0xo9Vk4WLTLV
8RfB73Lw8C9LbSwIxA9Q 8RfB73Lw8C9LbSwIxA9Q
bxi8Rg1pw86lzWjaSAaf JWIkMKKlAG6fUoRVxKKI
iwJGcbQH2bifG6D82Iel iwJGcbQH2bifG6D82Iel gdO0wiBlQ8wFbeNyGtx5
xcisI0PJDdG9nIuyj3IS xcisI0PJDdG9nIuyj3IS
m1A3pMC42PQioFziqK5C m1A3pMC42PQioFziqK5C yD8JCRUWcVAZxJ4ZDldr
4SDaLq9JuVK9Hgq625aC uNMLlt0W1KUwk2d6EP98
TpLamlzpT6GwerxzVsxr TpLamlzpT6GwerxzVsxr VuvjJGf6deKVAQ0JUD4i
