azv oqv xie hyb lko ijd ovx zwf vxd rgm jvc ryg ivp zuz rov uyd rfl vxn cvb rcw zdd qzx dqy jwx brw til ctf gei taj hsi hob pzr hwc uon scm taj cwq gcw ipq yfq hln mtd eqx gcr uvc std dgw qpl faq boc whw hse eqk ykc mpw cib bgn ufa txp kxx yvc wpu pvt hyb xie azv
43
azv azv
oqv oqv rti
xie xie
hyb hyb
ijd ijd
ovx ovx
jvc jvc
ryg hcc
ivp ivp
zuz zuz lmh
rov rov
uyd uyd gfr
rfl rfl
vxn vxn
rcw rcw
zdd uua
qzx qzx hlc
dqy dqy
jwx jwx
brw brw
ctf ctf
gei gei cim
hsi hsi
hob wcd
pzr pzr
hwc hwc
scm scm aur
cwq cwq
gcw gcw
ipq ipq
yfq yfq
hln ncc
mtd mtd
gcr eqa
boc boc
mpw mpw
cib cib
ufa ufa
txp sau
kxx mis vfq
yvc yvc
wpu yiy
pvt hip
