xse rsg dkp nsw ymw jfh mnp miy kgl nyk svk uau ptu ttw byu qxs dnl hat fws zks rjv hmi vtd vjd aeg tdu ljd gex pjf tdu nbk ukv nbk bkg zkt qdw xmg qkp nvz vpr bow fia aaj nmf ksn pvs fzi xme fzi lwk nfr lrj nfr rtc txq igs qwk wbg njg aaj auf bod svk agh nry cun bsc bse fbk vmv fjy eah bsc gfa nhi vzr gzr hks wiy qbf rir hjv vmt uuw nwn ckt ykt ckt nwn hnq hxr jwx vnr fgp vlb mok uby adx dgl rir ksg tlh gsy ceo tlh nbi jfh ils jfh ymw odh xpy kcv gmq iqd qiq xnr iqd dkp rsg ras ask ckx qol uok cek ybr jam vsl cen rrp aeu ras xse
76
rsg rsg
nsw nsw
jfh jfh
miy miy
svk svk mti
uau uau
ptu ptu
ttw ttw bda
byu byu ruo
qxs qxs
rjv rjv idv
hmi hmi
vtd vtd
aeg aeg xeh
tdu tdu
ljd ljd tso cma
gex gex
pjf pjf wyg
ukv ukv nii
zkt zkt
qdw qdw
qkp yug
nvz nvz
vpr lvm
fia fia
nmf nmf
ksn fhv
pvs pvs ikb
fzi fzi
xme xme vwg
lwk lwk
nfr nfr
lrj lrj bdh
rtc rtc
txq txq
igs aii
qwk hpx
wbg wbg
njg ocp
bod bod ogh krr
nry nry
cun cun
bse nko
fbk fbk
vmv vmv
fjy fjy
eah kpp
gfa bnl
nhi nhi
vzr vzr jgt
hks emz
wiy wiy
qbf qbf
vmt vmt
uuw uuw
ykt vvn
fgp fgp
mok mok
adx adx kxn
dgl dgl fin
ksg ksg
tlh tlh
ceo xjt
nbi fyc
ils ils hcr
kcv qjf uwo
gmq tko
xnr khu nwc
ask zud zdb
ckx ckx
qol loj
uok uok
ybr ybr
jam jam phg
cen cen ego
aeu kfu
