Potrero Meyers Calaveras Moores Vista Foothills Balsdon 18th Ramona Boulevard Colonnade Yurok Ramona Balsdon Sherman Banning Merced Oceanside Chinese Kentfield Richvale Carmel Old Campbell Ames Huron Old Richvale Fremont Delta Home Welden Presidio Meyers Potrero
21
Potrero Potrero
Meyers Meyers
Calaveras Calaveras Clayton
Balsdon Balsdon Fiorini
18th 18th Smoke
Boulevard Boulevard
Colonnade Woffard All
Yurok Linden
Sherman Santa
Banning Banning
Merced Merced
Oceanside Oceanside
Chinese Chinese
Kentfield Hume
Richvale Richvale
Carmel Carmel
Ames Ames
Huron Ida
Fremont Fremont
Home Laguna
Presidio Warner
