Vernon Anaheim Jamul Garden Church Garden Jamul Welwood Aptos Davis Olivehurst Visalia Newark Saint Bangor Colonnade Bangor Saint Marshall Ames Fox Chittenden Visalia Louis Aptos Inaja Stockdale Robertsville Singing Robertsville Stockdale Inaja Pleasant Inaja Welwood Anaheim New Rough La Rough Le Lebec Terra Bodad Fremont Susan Chicken East Ida Glennville East Palomar Patrick Fiorini Aguanga Ellis Roseland Skydive California Commonwealth Downtown Magic Calexico Bell Brundage Capuchino Bonita Roseland Ellis Fiorini Palomar Stone Mecca Flinn Vallecito Mecca Bandini Moores Creston Boulevard Moores Chicken Susan Dutch Yucca Huron Cerro Le New Kaiser Clipper Warner Kaiser Hoffman Clayton Del Helm Tijuana Sheep Meyers Helm Del Blue Three Sunny Del Clayton Fountain Manzanita Fullerton Sonoma Sequoia Yurok Escondido Smoke Yale Escalon Fullerton Fountain Tuxedo Hoffman Northern Lost Sherman Oildale Timbuctoo Sherman Kaiser Rowland New Pacheco Willow Wallace Alameda Stanislaus Anaheim Vernon
72
Anaheim Anaheim
Jamul Presidio
Church Calaveras
Olivehurst Davenport Santa
Visalia Sacramento
Newark Cudahy
Saint Saint
Bangor Bangor
Colonnade Glencoe
Marshall Marshall
Fox Fox
Chittenden Chittenden Armstrong
Louis Louis Crestmont
Stockdale Stockdale All
Robertsville Robertsville
Singing Yankee
Pleasant Pleasant Cambridge
Rough Rough
La Sulpizio
Le Le
Terra Terra Quail
Bodad Bodad Richvale
Glennville Cypress
Fiorini Fiorini
Roseland Roseland Dulzura
Skydive Garcia
California California Beach
Downtown Downtown
Magic Smith
Bell Bell Bradley
Brundage Brundage Winterhaven
Capuchino Capuchino
Bonita Hammer
Stone Ramona
Mecca Mecca Collins
Flinn Flinn
Vallecito Carmel
Bandini Forbestown
Moores Moores
Creston Bakersfield
Boulevard Grasslands
Yucca Costa
Huron Huron
Cerro Cerro Temecula
Kaiser Kaiser
Clipper Veterans Ritter
Warner Warner Industry Parchester
Hoffman Hoffman Potrero
Clayton Clayton
Del Del
Helm Helm
Tijuana Tijuana Manker
Meyers Industrial
Blue Blue Bonny
Three Three
Sunny Sunny Strawberry
Fountain Cressey
Fullerton Fullerton
Yurok Yurok Alamo
Escondido Escondido
Smoke Smoke Lake Buena
Escalon Escalon Coddingtown
Tuxedo Woody
Northern Cabbage
Sherman Sherman
Timbuctoo Timbuctoo Antelope
Rowland Rowland Portola Civic
Pacheco Pacheco
Willow South
Wallace Wallace
Alameda Donner
Stanislaus Balboa Delta
