Encanto Old Oceanside 18th Brookdale Fiorini Warner Potrero Merced Bangor Riverside Armstrong Green Shafter Mount Smoke Jane Armstrong Chinese Sacramento Ida Fremont Granite Colonnade McAuley Chinese All Rossmoor Vernon Welden Woodbridge All Bonita Cherokee Clayton Cherokee Oildale Yubadocs Homestead South Coachella Kern Calaveras Beach Ramona Clark Balsdon Banning Marina Forest Cypress Clark Veterans Meyers Ramona Long Iowa Beach Coachella Homestead Manzanita Helm Robertsville Vista Encanto
38
Encanto Encanto
Warner Warner Cabbage
Potrero Yurok
Merced Delta Alpaugh
Riverside Riverside Foothills
Armstrong Two
Green Green
Shafter Shafter
Mount Mount
Smoke Smoke Costa
Jane Jane Woffard
Chinese Chinese
Ida Kentfield
Granite Granite
McAuley McAuley Glencoe
All All
Vernon Vernon Garden
Welden Welden
Woodbridge Woodbridge Willow
Bonita Bonita
Cherokee Cherokee
Clayton Clayton Presidio
Oildale City
Homestead Homestead
Kern Kern
Calaveras Los
Beach Beach Sherman
Ramona Ramona
Balsdon Quail
Banning Banning
Marina Pumpkin
Forest Forest
Cypress Cypress Elmira
Meyers Moccasin
Long Laguna
Iowa Richvale
Helm Santa
Vista Vista Ames
