loc0 loc24 loc3 loc23 loc42 loc11 loc21 loc15 loc89 loc39 loc89 loc15 loc124 loc75 loc20 loc37 loc20 loc61 loc107 loc76 loc19 loc76 loc11 loc3 loc121 loc1 loc55 loc25 loc36 loc121 loc24 loc4 loc13 loc86 loc16 loc40 loc13 loc188 loc2 loc34 loc4 loc96 loc7 loc185 loc6 loc27 loc28 loc93 loc29 loc24 loc48 loc45 loc51 loc10 loc14 loc10 loc18 loc26 loc56 loc102 loc26 loc49 loc30 loc44 loc90 loc62 loc47 loc17 loc9 loc100 loc162 loc64 loc12 loc38 loc51 loc0 loc94 loc5 loc0
53
loc0 loc109
loc24 loc53
loc3 loc3
loc23 loc23 loc81
loc11 loc11 loc123
loc21 loc21 loc77
loc15 loc15
loc89 loc89
loc39 loc39 loc151
loc124 loc155
loc75 loc75
loc20 loc99 loc179
loc37 loc37 loc181
loc61 loc61 loc31
loc107 loc107 loc59
loc19 loc19 loc69 loc141 loc145
loc121 loc121
loc1 loc1 loc171
loc55 loc55
loc25 loc25 loc193
loc36 loc101 loc111
loc4 loc115 loc169
loc13 loc13
loc16 loc85 loc127 loc147
loc40 loc63 loc117
loc2 loc137
loc34 loc133
loc7 loc7 loc149
loc185 loc185
loc6 loc71 loc91 loc103 loc167 loc175
loc27 loc27 loc131 loc135 loc163
loc28 loc191 loc195
loc93 loc93
loc29 loc29 loc97 loc177
loc48 loc57
loc45 loc45 loc159
loc51 loc51
loc10 loc43 loc65 loc95 loc125 loc183
loc14 loc41 loc143
loc18 loc35
loc56 loc73
loc102 loc199
loc49 loc49 loc33 loc165
loc30 loc153 loc173
loc90 loc79
loc62 loc189
loc47 loc47 loc105 loc197
loc17 loc17 loc67
loc9 loc9 loc119 loc161
loc162 loc157
loc12 loc113
loc38 loc187
loc5 loc5 loc83 loc87 loc129 loc139
