Evans Artichokes Foothill HAAS Foothill Artichokes Evans WursterHall Campbell Eshelman Marugame ThaiNoodle Chipotle UCafe Yifang BerkeleyWayWest AlumniHouse ImmThai Blackwell Underhill RSF Firewings CaliforniaHall Firewings RSF Underhill Blackwell ImmThai AshaTeaHouse HilgardHall Bowles Unit3 Spats Unit3 Bowles KroeberHall Barrows Unit2 Pappys SproulHall LewisHall DavisHall ClarkKerr DavisHall LewisHall SproulHall SatherGate GreekTheatre StrawberryCreek Plentea LatimerHall MLK LatimerHall Plentea StrawberryCreek MemorialGlade Milkbomb SouthHall Milkbomb MemorialGlade StrawberryCreek GreekTheatre SatherGate SproulHall Pappys Unit2 Barrows HortonHall Barrows KroeberHall Bowles HilgardHall AshaTeaHouse ImmThai AlumniHouse BerkeleyWayWest Yifang Raretea Yifang UCafe Chipotle ThaiNoodle Marugame Eshelman Campbell Morrisonhall Gongcha LeConte Moffit HappyLemon LawrenceHall BancroftLibrary HavilandHall VLSB HavilandHall BancroftLibrary LawrenceHall HappyLemon Moffit LeConte Gongcha Morrisonhall Campbell WursterHall Evans
36
Evans Cory
Foothill Foothill
HAAS HAAS BAMPFA Unit1
Campbell Campbell DurantHall
Eshelman Eshelman
Marugame Campanile Gilman
ThaiNoodle ThaiNoodle
Yifang UniversityVillage
BerkeleyWayWest BerkeleyWayWest
AlumniHouse AlumniHouse
Blackwell Blackwell
RSF RSF
CaliforniaHall CaliforniaHall InternationalHouse
HilgardHall HilgardHall
Bowles Bowles ZellerbachHall
Unit3 Unit3
Spats Boalt
KroeberHall Etcheverry
Barrows Barrows
Unit2 Unit2 Stern
DavisHall DavisHall
ClarkKerr BotanicalGardens
SatherGate GiauqueHall
GreekTheatre GreekTheatre CanyonPool
Plentea Doe Soda SutardjaDai
MLK MLK Dwinelle HildebrandHall
MemorialGlade Kresge
SouthHall SouthHall HesseHall
HortonHall MemorialStadium
Raretea Wheeler
LeConte LeConte
Moffit Moffit
LawrenceHall LawrenceHall
BancroftLibrary BancroftLibrary
HavilandHall HavilandHall
VLSB VLSB HearstMining
