Soda Doe GreekTheatre LawrenceHall MemorialStadium LawrenceHall Doe UniversityVillage Doe Soda LeConte Foothill HavilandHall Dwinelle HavilandHall Foothill LeConte Etcheverry Unit2 BancroftLibrary Blackwell Cory Gilman HilgardHall CaliforniaHall Barrows Unit3 Barrows CanyonPool Moffit DavisHall SouthHall Moffit CanyonPool Barrows CaliforniaHall HilgardHall Gilman Cory Blackwell BancroftLibrary Unit2 Etcheverry LeConte Soda BerkeleyWayWest Campanile Evans Campanile BerkeleyWayWest Soda
20
Doe Doe
GreekTheatre GreekTheatre
LawrenceHall LawrenceHall
MemorialStadium InternationalHouse
UniversityVillage Bowles
LeConte LeConte
Foothill Foothill
Dwinelle Dwinelle HearstMining
Unit2 Unit2
BancroftLibrary BancroftLibrary
Blackwell DurantHall
Gilman Gilman
CaliforniaHall CaliforniaHall
Unit3 Unit3 Campbell
Moffit Moffit
DavisHall Stern
SouthHall SouthHall Unit1
BerkeleyWayWest BerkeleyWayWest Wheeler
Campanile Campanile
Evans Evans BAMPFA
