hdpxs wbvga pbqlk whqrj txcno rchbw dwyai whqrj pwydx osxbc cihba dncuw iwpol nzirf awhmz jrghb hoxir uakjq eatck swpdc oclyb gdovn wcjeg zntkr gvfpj ndszt drojn pqzow qhvsb pgdnx kxmbi ynwvu wkbuf bfauz mhekz qpbmc ramjo kzwah mujil pihld yxjgq ostkf lvqun witul dsean hgzbc wajol qbdwz maqho aqoyk cxdfu yvbse pgqva olqfv armnk btwzv laqzs nzack lnjxt ymcfp bigwn yazqf lgcuf qhbyf glrpy jhlus xscoe zqjxb uklga xeylf ebwcp bdevm aoqtg ehqyk yqfdk zcjqx fjdqi oxuqn rzvtg ayrgb tjake xtzpg hulpb osvgp oewcd mkndy stflc rdoqk qckjp wdquv lrqft uiogl fqjsk dkjro ohzfn iyuas egclu bwknx wotiq axthi sxdiu crlfe hwmzn nqtru rlumh ekgsc yvfsg pytwh tfcam lpudv xlrzc kscoz jcwpu tivko joztf cxajk myxlw zntkr tndwl sdqie jcqfl zadjy rjdai rmahk oaeyh qtdze utdhx qsmkj vcwfj lirzq htkwy frhgc lmwpk cgjda fairz sfizh cqsby kspyc jmahd pjzqm hdpxs
81
rchbw rchbw
dwyai amfiz
osxbc osxbc
cihba cihba wnelr
dncuw oxitr
gdovn gdovn
wcjeg wcjeg
zntkr zntkr
drojn drojn
qhvsb qhvsb
wkbuf wkbuf
bfauz kjihy
mhekz mhekz gufvs syoxv
qpbmc qpbmc
kzwah kzwah
mujil mujil
pihld pihld
yxjgq xcvow aedvq
wajol wajol
qbdwz qbdwz
maqho maqho
yvbse yvbse
pgqva pgqva
olqfv bkfuc
armnk armnk tkwle
btwzv btwzv
lnjxt lnjxt
ymcfp ymcfp
yazqf yazqf
glrpy yqtob dbjxw
jhlus jhlus
zqjxb zqjxb
uklga uklga
ebwcp ebwcp
bdevm bdevm
ehqyk ehqyk
yqfdk yqfdk
zcjqx zcjqx
fjdqi fjdqi ypdnb
oxuqn oxuqn
rzvtg rzvtg
ayrgb ayrgb
tjake tjake mhuad
osvgp osvgp
oewcd oewcd cxdes
stflc stflc
rdoqk syoxf
qckjp qckjp
wdquv wdquv rjuxc
uiogl uiogl ktzce
dkjro dkjro
ohzfn ohzfn
iyuas iyuas
bwknx bwknx
wotiq wotiq
axthi vgwoi
sxdiu sxdiu
hwmzn hwmzn
nqtru nqtru
rlumh rlumh mlibf
ekgsc tmwdy
pytwh pytwh gstwp
tfcam xnpwq
lpudv lpudv gdnim evsbm
xlrzc xlrzc
kscoz kscoz
jcwpu jcwpu
joztf joztf
cxajk cxajk evtgj
myxlw vobqh
tndwl tndwl
rjdai rjdai qhibx
oaeyh oaeyh mtcsd
utdhx utdhx
qsmkj qsmkj
vcwfj vcwfj
htkwy htkwy bsvth
frhgc frhgc
lmwpk lmwpk
cqsby cqsby
pjzqm ahnds
