Hayward Asheville Durham Asheville Norman Allentown Springdale McHenry Springdale Cambridge Carrollton Downey Abilene Atlanta Sebastian Kennewick PuntaGorda Omaha Topeka Montgomery Topeka Omaha PuntaGorda Wilmington Washington LakeCharles Irvine NewOrleans Burbank NewOrleans SaintLouis SanJose DalyCity NewBedford York BelAir York NewBedford DalyCity SanJose SaintLouis NewOrleans Irvine Washington Wilmington Winston Tucson Aurora Tucson Bradenton Huntsville KansasCity Huntsville Bradenton Tucson Winston Hickory Trenton Murfreesboro Yonkers GulfportBiloxi Medford GulfportBiloxi Yonkers Murfreesboro Trenton Hickory Winston Murrieta Winston Wilmington PuntaGorda Kennewick Sebastian Atlanta Abilene Downey Rochester AtlanticCity Rochester Downey Carrollton Cambridge Springdale Corona Modesto Hampton RichmondCounty Hampton Modesto Corona Springdale Allentown Norman Asheville Hayward
34
Hayward SantaClara
Asheville Asheville CedarRapids
Durham Durham Deltona Bloomington
Springdale Springdale
McHenry McHenry Newark Torrance
Downey Downey
Abilene GrandRapids
Atlanta Atlanta Danbury
Kennewick Kennewick NewYorkCity
PuntaGorda PuntaGorda
Omaha Omaha
Topeka Topeka
Montgomery ThousandOaks SantaCruz
LakeCharles LakeCharles
NewOrleans Waco
Burbank Burbank Chicago
SaintLouis Harlingen
NewBedford NewBedford
York York
BelAir BelAir Monroe
Winston Memphis
Tucson Tucson PalmBay
Aurora Aurora Bakersfield
Bradenton Bradenton
Huntsville Huntsville
KansasCity McAllen
Hickory Hickory Tyler HuntingtonBeach
Yonkers Yonkers Waterloo
Medford Barnstable
Murrieta Tampa
AtlanticCity SaintPaul
Modesto Modesto
Hampton Hampton
RichmondCounty RichmondCounty Charlotte
