AndyandZeyu c j c AndyandZeyu f0 b0 i0 AndyandZeyu0 f0 AndyandZeyu h1 b1 AndyandZeyu1 AndyandZeyu b2 AndyandZeyu2 d2 c2 i2 e2 f2 AndyandZeyu f3 d3 g3 AndyandZeyu b4 i4 b4 AndyandZeyu e5 AndyandZeyu5 h5 j4 e5 AndyandZeyu g6 AndyandZeyu6 AndyandZeyu AndyandZeyu7 j6 c7 b7 h7 d7 e7 AndyandZeyu g8 f8 c8 j8 AndyandZeyu b9 i9 b9 AndyandZeyu e10 AndyandZeyu10 h10 j9 e10 AndyandZeyu g11 AndyandZeyu11 AndyandZeyu AndyandZeyu12 j11 c12 b12 h12 d12 e12 AndyandZeyu g13 f13 c13 j13 AndyandZeyu b14 i14 b14 AndyandZeyu e15 AndyandZeyu15 h15 j14 e15 AndyandZeyu g16 AndyandZeyu16 AndyandZeyu AndyandZeyu17 j16 c17 b17 h17 d17 e17 AndyandZeyu g18 f18 c18 j18 AndyandZeyu
53
AndyandZeyu h g1 j1 g2 g4 f6 i6 f7 i8 g9 f11 i11 f12 i13 g14 f16 i16 f17 i18
c f
j j g i
f0 f0 h0
i0 i0
AndyandZeyu0 g0 j0
h1 h1
b1 i1
AndyandZeyu1 f1
AndyandZeyu2 j2
i2 i2
f2 f2 h2
f3 f3
g3 g3 h3 i3 j3
i4 i4 f4 h4
e5 g5
h5 h5
j4 j4 f5 i5
g6 g6
AndyandZeyu6 j5 h6
j6 j6 i7
h7 h7
e7 g7
g8 g8
f8 f8
c8 h8
j8 j8 j7
i9 i9 f9 h9
e10 g10
h10 h10
j9 j9 f10 i10
g11 g11
AndyandZeyu11 j10 h11
j11 j11 i12
h12 h12
e12 g12
g13 g13
f13 f13
c13 h13
j13 j13 j12
i14 i14 f14 h14
e15 g15
h15 h15
j14 j14 f15 i15
g16 g16
AndyandZeyu16 j15 h16
j16 j16 i17
h17 h17
e17 g17
g18 g18
f18 f18
c18 h18
j18 j18 j17
