0 1 2 3 4 5 6 1 19 20 24 20 28 29 28 20 32 21 32 42 43 51 41 51 50 49 50 51 52 54 52 62 63 64 65 73 74 82 74 73 75 88 89 100 89 88 90 104 105 106 107 111 112 121 122 123 122 121 126 127 128 129 130 137 138 147 148 149 150 156 157 162 157 169 157 173 174 175 174 179 174 183 174 173 157 156 150 149 148 147 151 152 153 152 151 147 138 137 139 144 143 144 139 137 130 129 128 127 126 121 112 111 107 106 105 104 90 88 75 73 65 64 63 62 66 62 52 51 43 42 32 20 19 1 0 199 190 197 190 199 0
42
1 15 17
2 2
4 4
6 7
24 25
29 30
32 33 44
21 23
42 42
41 40
49 48
52 56
54 54 53
64 64
73 72
74 76
82 83
75 86 87
89 91 94
100 101
90 99
104 108
105 105
112 114 120
123 124
127 127
130 130
137 136
148 148
157 158 172
162 163
169 168
174 186
175 176
179 178
183 182
153 154
139 146
143 142
66 67
190 192 194
197 198
