IvOdahrtFwzZ fblrDraNAUxK qMdmyWbGDdGe oOIjuHJcVRiV AEFrBHnTsTIs FenKhdsiadPr nxbMBCPhfQij yFQWQWtUUMle YIFfrMiRNqqd hPSXtHMMyKAK NxxrxPgsnMqG EOKLHvbbCToE vYrcfWFBiWlY vfHFyZGRGvFq PiGAjicuPBgs vRfpxkfTkxRJ WnABnktZDxMx WHSGrQQrrotE KxsKsdmykxTa RfMVccrsgetv BdgcPRHAevMd vfHFyZGRGvFq XfSacrjXjxeP kBTyfVdYeRhI touUfboeiIya OaFvNWZuTHit FenKhdsiadPr VZiXnxYZQNVo WUqhotrexTBp hzeJgpwlnaPA cpNycWVdmzHJ mZUBOQTZyXOM vkOqMvrCUWYf DarYoJPRvpJy xogpFjQUGEgg HEwqlaeMfSzl tARvBeqQDqSY fiHhqLtPfdZy cpNycWVdmzHJ LpugZyvqxfmq hzeJgpwlnaPA sTgUExIipvWV PFpQuVVRxbvV BujzcwTOtypK iCJxwFELfPya AuldkFyUpsYo AJnswnydWveO TglqUXfjbefC ynBAbhbIrUei TKKLChjfijhn cQMSBGdRWmjB xIUhUxhCILsJ EKWhDcEeEkGK awuknolWPSuP FoZLfdSCJZDk lIUKVwoOnEyc zypYDSZfKAvD SnErwRYEuFXf EUIZeYDuGKec cwlLlHKYSHkG qxhFFIUEfnzV SnErwRYEuFXf ygJsJPbdLfFP xPYMCFkusDSL UHctRHiZQkpZ WUHzPIhaINNz idefWDKaqcyp ocysUjOwnenm idefWDKaqcyp tkrkUtkDqJLy lRgeGnDJBtMa nyTRNDRCsANl xXoCKkdkKAne cRekprdsHHWw nyTRNDRCsANl PwUziuAPbAPX cQMSBGdRWmjB zcAOlsVDUDkc JNoAmCxHcsYw FLSRuaDcxhdD jXOmYlZmvqnI KpiCGGuakHIr OBeTLVdzIcuJ sFSBpaJxLpBT ZPYnROAizafx wHeDieHMYzAK KxaXxWtllfGF ZPYnROAizafx etbjZlqcYdPF ijesYrTHxMcg kzPlYxPdIHVo ypApeqMQPnQA etbjZlqcYdPF ZPYnROAizafx TZmWJenJbEsV YyCbFndgmpDL AoaIXEzdsCrm mvdksSctoMVi RGYiIUdVAiVL pjemGRILnFei YGzazHdyrGCd IfTQNEFsiTgr uZQOmtLXDMXl LdhPogfUCfUq RsVDBpPbAfPa jXgKDXnEJsra etjGizhQhrRW MaGBJGHdxMeh ybLCwZqVZKud QxNjgiXciQma dLJIzYxbuChF YGzazHdyrGCd gJMLzBkWmUoV aSwTAVmQLJow zOkfhFVfOKVi VNEqJngxzCUO WWtfhwMSzfGW yVSfaizVeLPT IvOdahrtFwzZ
76
fblrDraNAUxK fblrDraNAUxK
qMdmyWbGDdGe evRMhyiHKGXv
oOIjuHJcVRiV oOIjuHJcVRiV
nxbMBCPhfQij nxbMBCPhfQij
yFQWQWtUUMle yFQWQWtUUMle lznMKRYSMheH
YIFfrMiRNqqd aSpDrTbKBytW
hPSXtHMMyKAK hPSXtHMMyKAK
NxxrxPgsnMqG NxxrxPgsnMqG
EOKLHvbbCToE EOKLHvbbCToE
vYrcfWFBiWlY JpwDMOwQmqOp
vfHFyZGRGvFq nKmMbiEuiffc
WnABnktZDxMx WnABnktZDxMx
WHSGrQQrrotE WHSGrQQrrotE
KxsKsdmykxTa QFfSmYtuSTPl
BdgcPRHAevMd WRiugWLCujBI
XfSacrjXjxeP GvyjKkGcUdcI
kBTyfVdYeRhI OIjApACwnyqG
touUfboeiIya touUfboeiIya
OaFvNWZuTHit XwPJYwaGcHxO
VZiXnxYZQNVo DiKlonktcqTP
WUqhotrexTBp WUqhotrexTBp
cpNycWVdmzHJ cpNycWVdmzHJ
mZUBOQTZyXOM mZUBOQTZyXOM
vkOqMvrCUWYf vkOqMvrCUWYf
DarYoJPRvpJy QDhUZstsJKtV
HEwqlaeMfSzl HEwqlaeMfSzl
tARvBeqQDqSY tARvBeqQDqSY
fiHhqLtPfdZy fiHhqLtPfdZy WsLfQLsirtHk
LpugZyvqxfmq wXjNgGRCXYRl
sTgUExIipvWV sTgUExIipvWV SKbQkQUhqQEt
PFpQuVVRxbvV PFpQuVVRxbvV gkTmCiZxFrJw
AJnswnydWveO HVwGkspnDHbf
TglqUXfjbefC TglqUXfjbefC TTwdgXpOLyxF
ynBAbhbIrUei gXcuqckdTdIP
TKKLChjfijhn FkNlSGMBOUbz
EKWhDcEeEkGK EKWhDcEeEkGK dXlgwkdKhUmB
awuknolWPSuP IQvKLYGCcCbd
zypYDSZfKAvD zypYDSZfKAvD
cwlLlHKYSHkG AhJBAeSEuUkL
qxhFFIUEfnzV qxhFFIUEfnzV ctZWqndwhbJm YvLRANdegrdA
ygJsJPbdLfFP IcNVObbuvzWY
ocysUjOwnenm ocysUjOwnenm aXlcDzbXwAJW
lRgeGnDJBtMa lRgeGnDJBtMa
nyTRNDRCsANl nyTRNDRCsANl
xXoCKkdkKAne xXoCKkdkKAne hLCSOZLNEdhX
cRekprdsHHWw cRekprdsHHWw quZcTYtpBjSn
PwUziuAPbAPX uzYTzVwixczQ
zcAOlsVDUDkc zcAOlsVDUDkc qlMzHEurfTvO
JNoAmCxHcsYw JNoAmCxHcsYw
FLSRuaDcxhdD qFGlIHDqKyPA
jXOmYlZmvqnI jXOmYlZmvqnI
KpiCGGuakHIr AQgpWBullbIi UGahWpWtmUQn
OBeTLVdzIcuJ ubtvaUeVUfmV
sFSBpaJxLpBT sFSBpaJxLpBT yHOsEGOhjOLt
ZPYnROAizafx ZPYnROAizafx
wHeDieHMYzAK wHeDieHMYzAK oKIKkmsSWzmH
KxaXxWtllfGF cQFNlImsTWTM
ijesYrTHxMcg PKHkuTHeRXhO
ypApeqMQPnQA ypApeqMQPnQA nschEYWjrAsr
TZmWJenJbEsV TZmWJenJbEsV
AoaIXEzdsCrm AoaIXEzdsCrm
mvdksSctoMVi mvdksSctoMVi ppfBOAvWYXyJ
RGYiIUdVAiVL RGYiIUdVAiVL
pjemGRILnFei pjemGRILnFei RQBxIsRWzmfl
YGzazHdyrGCd YGzazHdyrGCd
IfTQNEFsiTgr IfTQNEFsiTgr
jXgKDXnEJsra jXgKDXnEJsra
MaGBJGHdxMeh QZQElPdcHxru
ybLCwZqVZKud ybLCwZqVZKud
QxNjgiXciQma QxNjgiXciQma
dLJIzYxbuChF nlzJUuBrsbXD
gJMLzBkWmUoV gJMLzBkWmUoV
zOkfhFVfOKVi zOkfhFVfOKVi UYTxhnOtiPHB
VNEqJngxzCUO EwXugPkGUVkm
WWtfhwMSzfGW WWtfhwMSzfGW NMSHhfMtAJZb
yVSfaizVeLPT yVSfaizVeLPT mgKEFEWheOqk KtoZVrQmJWki LNoKVqXhLEzn zCWezcJmUGqs
