MfdzFvsdGbvl AGbRQRBgaOdX MkUBuIisCVpZ FBJfxxErGDSJ AMizjBPjmCZd nOAOIuLzBRCw mFYKjQfCsRtT QifLRRQkbeZy NlmuUUVQUbgI dDFWxTbuPymh LkEUjKFNAyBd SojgLCNtJNvq mghmklyBsbHa NtVMseWKItey FwMUcwhoFAni aBJRRPhsiAKx mtRsLIzrlNLu BkcPMTugAswL pkzKsTORVYro FCrKCfVsEsBk NtVMseWKItey GuSSYBNHDbKE rVqgoVgUmLRB UUfgFbkMxjKZ arcJTkwUqbUy XwUlFDTbjpNE BxGViQLocTbz pQCFwcmaYfTN noaMakAlHdwq OxOMbLimJOmd sHmvjcbScYOJ tuAWqVDVesZP QifLRRQkbeZy dFUHctNjrywb MLnLJmQHwuOS PUcvIgREsriS ZjfLZjjegWJT pWbJtVdThhym rrRAqFcoDYfk jQrllEpFyFwz jBrNTBMPxyQD ZjfLZjjegWJT TbekQRoKcInv IHnRSACwPeSd QPEIZKGvnFvj deJmWrylVSGK CuwogbndJgoN hypFtIVCahEe PnbamVANEguC ByOIdNUscaaI lFgwKopYqWSC MfdzFvsdGbvl
36
AGbRQRBgaOdX AGbRQRBgaOdX
MkUBuIisCVpZ MkUBuIisCVpZ
AMizjBPjmCZd AMizjBPjmCZd
mFYKjQfCsRtT mFYKjQfCsRtT
QifLRRQkbeZy QifLRRQkbeZy VyXrTLUcizAa
NlmuUUVQUbgI NlmuUUVQUbgI
dDFWxTbuPymh dDFWxTbuPymh
SojgLCNtJNvq SojgLCNtJNvq ymJllvoAiAsf
aBJRRPhsiAKx plKUVNXwKfVb
mtRsLIzrlNLu mtRsLIzrlNLu
BkcPMTugAswL BkcPMTugAswL DFscNnuMhxUC
pkzKsTORVYro pkzKsTORVYro UVLyMXgqTFaJ
FCrKCfVsEsBk FCrKCfVsEsBk GKWfMfVZxbJi
GuSSYBNHDbKE GuSSYBNHDbKE uFHfCerNFIme
rVqgoVgUmLRB rVqgoVgUmLRB
arcJTkwUqbUy arcJTkwUqbUy SgyAcloZDNJV
XwUlFDTbjpNE EoEdLMroSPNp
BxGViQLocTbz DvRTDyBMOCbT
pQCFwcmaYfTN pQCFwcmaYfTN
noaMakAlHdwq noaMakAlHdwq hCxjbMrSlUJQ PvZWLvSzyZfH
tuAWqVDVesZP BbyhqvohDUZK
dFUHctNjrywb dFUHctNjrywb
MLnLJmQHwuOS MLnLJmQHwuOS
PUcvIgREsriS PUcvIgREsriS QHpWWcCYavdw
ZjfLZjjegWJT ZjfLZjjegWJT
pWbJtVdThhym GemeldahvdVv
rrRAqFcoDYfk rrRAqFcoDYfk
jQrllEpFyFwz VARFNCcqfgIc
jBrNTBMPxyQD jBrNTBMPxyQD MOpktZzuQRCH
TbekQRoKcInv TbekQRoKcInv RICmsRCgzRsB
IHnRSACwPeSd IHnRSACwPeSd hLGIbMiwjPgd
QPEIZKGvnFvj tywOQDwDhjwZ
deJmWrylVSGK deJmWrylVSGK
hypFtIVCahEe PQTqeEtJjrHq
PnbamVANEguC PnbamVANEguC buqjmAINqGzN
lFgwKopYqWSC axLiuEEXvnsQ
