MHnVCXOJJwOI dKDljXfjimQu MlFqcqjWiUdI KKNtdnAHmUpc SPoMbAzxrqrj IhlWYkABMGAA DzynwWJrrvdk wqtmadANCdBE svpVoYHpEpjH YjcHSWuOcQIw ECMlxrWZECRR QvZmZiRVxtKV KhOySTFpTHBN ECMlxrWZECRR YjcHSWuOcQIw AZrILCuGwbtV FghBNnxlptiY PaWasRDhTGLg bVDkAfQbeTmx crcFIKqbaYTC GLfJulJDWdHA RWoTZCNhceUR jmWqilJNXyuV UAhLDhBNYkFI GJubAWGDHDpt jUXDlSgJaReC oClepMbylsqk iBzfnTemabxr GoPPViXuIoMW phTlHtTwrYOU wqtmadANCdBE DzynwWJrrvdk MHnVCXOJJwOI
19
MHnVCXOJJwOI UvfnFwkwYqFk
MlFqcqjWiUdI MlFqcqjWiUdI NmmqQKqzdERM
KKNtdnAHmUpc KKNtdnAHmUpc
SPoMbAzxrqrj SPoMbAzxrqrj
DzynwWJrrvdk YfpLHnDpSXzc
svpVoYHpEpjH svpVoYHpEpjH
QvZmZiRVxtKV NkzUoyRYPnbb
KhOySTFpTHBN ltlOmMSvjmIL
AZrILCuGwbtV AZrILCuGwbtV
bVDkAfQbeTmx bVDkAfQbeTmx YbGvPudTcbyh
crcFIKqbaYTC crcFIKqbaYTC
GLfJulJDWdHA GLfJulJDWdHA SJPfUQrbAbqM PCNGxUSnzrYJ
RWoTZCNhceUR RWoTZCNhceUR cXYRsTNMJDHO
jmWqilJNXyuV jmWqilJNXyuV
jUXDlSgJaReC JCPkGQQBkgge
oClepMbylsqk oClepMbylsqk
iBzfnTemabxr ilCjMogPnNTK
GoPPViXuIoMW GoPPViXuIoMW
phTlHtTwrYOU phTlHtTwrYOU FhVNapbaoZOZ
