SabrinaSiriPrince50 aHwNY M7N2p X8iWp cRUJh duKKu dGbko 11x30 YgbLl Wutnl 5X0EW YgbLl 11x30 WcEcU EZqNK 11x30 duKKu cRUJh SVxWg DrLs7 4MOkB 9HL6t DrLs7 SVxWg 3uMiv nbohZ SVxWg cRUJh X8iWp M7N2p HVYtd M7N2p bXm0A M7N2p 7QUXg M7N2p gInwM X9US9 gInwM M7N2p aHwNY UBrR9 lzKlI plb6L Ms6jj 0kSSC H8qqB UBrR9 aHwNY SabrinaSiriPrince50
18
aHwNY aHwNY
M7N2p V7iEC cwf5o rFWcq
Wutnl Wutnl
5X0EW 5X0EW vmJdf
WcEcU WcEcU
EZqNK EZqNK OSLHQ
4MOkB 4MOkB
9HL6t 9HL6t yJVF4
nbohZ nbohZ d2ZYh
HVYtd Bjd2k
bXm0A nMJpi
7QUXg nannc
X9US9 i3qsm
UBrR9 UBrR9
plb6L plb6L
Ms6jj Ms6jj
0kSSC 0kSSC
H8qqB H8qqB 52PwN
