ssp200 13 10 2 181 182 187 183 187 182 188 186 188 182 192 182 194 182 181 167 173 171 170 169 170 171 173 167 177 167 179 167 181 152 158 156 155 154 155 156 158 152 162 152 164 152 181 137 142 138 139 140 139 138 142 137 147 137 149 137 181 122 127 123 124 125 124 123 127 122 132 122 134 122 181 107 112 107 113 111 110 111 113 107 117 107 119 107 181 92 98 96 95 94 95 96 98 92 102 92 104 92 181 77 82 78 79 80 79 78 82 77 87 77 89 77 181 62 67 63 64 65 64 63 67 62 72 62 74 62 181 47 52 48 49 50 49 48 52 47 57 47 59 47 181 32 38 36 35 34 35 36 38 32 42 32 44 32 181 17 22 18 19 20 19 18 22 17 27 17 29 17 181 2 7 2 8 6 5 6 8 2 12 2 14 2 10 13 ssp200
64
183 183 184
186 186 185
192 191
194 194 195
171 171
170 170
169 169 168
177 176
179 179 180
156 156
155 155
154 154 153
162 161
164 164 165
138 138
139 139
140 140 141
147 146
149 149 150
123 123
124 124
125 125 126
132 131
134 134 135
112 108
111 111
110 110 109
117 116
119 119 120
96 96
95 95
94 94 93
102 101
104 104 105
78 78
79 79
80 80 81
87 86
89 89 90
63 63
64 64
65 65 66
72 71
74 74 75
48 48
49 49
50 50 51
57 56
59 59 60
36 36
35 35
34 34 33
42 41
44 44 45
18 18
19 19
20 20 21
27 26
29 29 30
7 3
6 6
5 5 4
12 11
14 14 15
