Jason Derek Kevin Nathaniel Kevin Brittany Sarah Dylan Ralph Victoria Alexandra Ralph Dylan Sarah Kyle Joshua Tammy Kara Daniel Jose Sabrina Joseph Jose Daniel Wendy Kelsey Linda Barbara Carlos Kari Deanna Kathy Benjamin Kathy Deanna Jane Mary Sydney Douglas Rebecca Aaron Nancy Richard Rebecca Carlos Barbara Garrett Phillip Jeffery Maurice Cindy Dustin Miranda Eric Miranda Jeffery Ronnie Stacie Diana April Martha Jordan Angelica Erin Nicole Krista Amber Andre Amber Spencer Amber Krista Jordan Stephen Brad Thomas Kelly Jeffrey Robert Anna Robert Jeffrey Jacqueline Jeffery Phillip Ronald Roy Gregory Steven Garrett Wayne Wendy Ashley Rachel Monica Erica Leonard Tommy Monique Patricia Johnathan Ryan George Ryan Erica Tammy Julia Angela Edwin Brenda Michael Sandra Molly Regina Brenda Reginald Cynthia Misty Jill Logan Donald Cristian Donald Janet Brandi Anthony Jason
73
Jason Jeremy
Derek Derek
Nathaniel Nathaniel Heather
Brittany Brittany Evan
Dylan Dylan Shane
Victoria Charles
Alexandra Alexandra Nicholas
Kyle Kyle
Joshua Joshua Cheryl
Tammy Tammy
Kara Kara
Jose Jose
Sabrina Sabrina Shawn
Joseph Joseph Adam
Wendy Wendy
Kelsey Kelsey
Linda Tristan
Carlos Laura Rebekah
Kari Kari
Deanna Paul
Kathy Kathy
Benjamin Scott
Jane Jane
Mary Mary
Sydney Carol
Douglas Lauren Brian
Rebecca Rebecca Kristen Brett
Nancy James
Richard Christina
Jeffery Jeffery Ricky
Dustin Dustin Melinda
Miranda Mercedes
Eric David
Ronnie Ronnie
Stacie Stacie Carrie
April April Robin
Martha Juan
Jordan Jordan
Erin Adrian
Nicole Nicole
Krista John
Amber Claire
Andre Karen
Spencer Mark
Stephen Stephen
Brad Brad
Thomas Shannon
Jeffrey Jeffrey Grace
Robert Robert
Anna Mario
Jacqueline Jacqueline Kimberly Bryan
Roy Roy
Gregory Gregory
Steven Samantha
Wayne Wayne Elizabeth
Ashley Ashley Melissa
Rachel Rachel Andrew
Monica Monica Crystal
Leonard Timothy
Tommy Tommy
Johnathan Johnathan Megan
George Gabriel
Julia Susan
Edwin Edwin Dana
Sandra Michelle
Molly Randy
Regina Regina Kayla
Misty Misty
Jill Jill
Logan Logan
Cristian Cristian William
Janet Katelyn
Anthony Amanda Jennifer
