Leah Russell Kristie Carol Shannon David Ruth Lisa Stacey Charles Dylan Jordan Robert Vicki John Vicki Robert Jordan Katrina Rachel Katrina Kristie Russell Connie Amanda Joshua Anthony Ryan Anthony Joshua Kelly Paula Leah
18
Russell Russell Brian
Carol Carol Jennifer
Shannon Megan Alexander
David David Javier
Ruth Ruth
Lisa Lisa
Charles Jade
Dylan Dylan
Jordan Jordan
Vicki Vicki
John Jon
Rachel Rachel April
Connie Adrian
Amanda Amanda
Anthony Anthony
Ryan Ryan Gary
Kelly Kelly
Paula Paula Michael
