Austin Victoria Adam Jorge John Jennifer Brad Scott Paul Tracy Dennis Kimberly Aaron Juan Jonathan Selena Alexandria Gina Alexandria Selena Cassandra Robert Cassandra Aaron Paul Scott Peter Walter Carolyn John Jorge Manuel Jared Manuel Jorge Robin Daniel Hannah Sean Jonathon Tina Kari Amy Alex Eugene Elaine Kyle Alex Amy Terry Isabel Terry Kari Arthur Ashley Katherine Jessica Garrett Morgan Victoria Sara Austin
36
Austin Jamie Melinda
Victoria Victoria
John John
Jennifer Jennifer Jeanette
Scott Scott
Paul Paul
Dennis Dennis Steven Monique
Juan Juan
Jonathan Jonathan
Selena Mariah
Alexandria Natasha
Gina Gina Michael
Cassandra Cassandra
Robert Robert Jordan
Peter Donald Janet
Walter Walter
Carolyn Joshua
Manuel Danielle
Jared Patrick
Robin Robin
Daniel Daniel Debra
Hannah Hannah Elizabeth
Sean Sean
Jonathon Edward Maxwell
Kari Kari
Amy Amy
Alex Alex Rhonda
Eugene Eugene Ralph
Elaine Elaine
Kyle Kyle Melissa
Isabel Glenda
Ashley Ashley
Katherine Paige
Garrett Garrett
Morgan Rachel
Sara Sara April
