Granbull PorygonZ Electrode PorygonZ Geodude Altaria Bagon Altaria Sylveon Altaria Geodude PorygonZ Granbull Bulbasaur Reuniclus Metang Magmar Metang Reuniclus Bulbasaur Ursaring Lycanroc Amoonguss Stunfisk Amoonguss Magikarp Amoonguss Wailord Qwilfish Wailord Lycanroc Gorebyss Mantine Gorebyss Lucario Swanna Absol Lileep Rhyhorn Carbink Rhyhorn Lileep Absol Swanna Lucario Zigzagoon Buizel Aipom Nuzleaf Staryu Flareon Heatmor Serperior Binacle Exeggcute Torracat Exeggcute Binacle Serperior Machamp Happiny Machamp Staryu Deoxys Finneon Lunala Kirlia Unown Kirlia Lunala Finneon Deoxys Staryu Aipom Buizel Zigzagoon Lucario Gorebyss Heliolisk Furret Tyrunt Sentret Probopass Fletchling Purrloin Fletchling Cubone Butterfree Cubone Fletchling Probopass Sentret Tyrunt Charizard Volcanion Cyndaquil Corsola Budew Corsola Cyndaquil Volcanion Charizard Tyrunt Mightyena Skrelp Glalie Skrelp Mightyena Bronzor Mightyena Tyrunt Furret Heliolisk Chespin Illumise Whismur Deino Swadloon Caterpie Bidoof Politoed Klang Chatot Slakoth Chatot Klang Politoed Bidoof Caterpie Swadloon Deino Milotic Deino Whismur Illumise Chespin Eelektrik Spearow Mawile Spinda Linoone Manaphy Linoone Spinda Mawile Glaceon Mawile Trumbeak Furfrou Elekid Pancham Mudsdale Greninja Tsareena Staravia Tsareena Masquerain Cosmog Smeargle Azurill Krookodile Azurill Smeargle Cosmog Masquerain Tsareena Greninja Oshawott Greninja Mudsdale Pancham Elekid Furfrou Trumbeak Mawile Eelektrik Whiscash Quilava Rufflet Quilava Whiscash Eelektrik Chespin Parasect Lombre Parasect Chespin Heliolisk Gorebyss Lycanroc Ursaring Bulbasaur Typhlosion Bulbasaur Granbull
69
PorygonZ PorygonZ
Electrode Electrode Flygon
Altaria Ampharos Malamar
Bagon Charmander
Sylveon Sylveon Bonsly
Reuniclus Reuniclus
Magmar Magmar Blissey
Lycanroc Lycanroc Raichu
Amoonguss Golbat
Stunfisk Darkrai
Magikarp Jirachi
Qwilfish Floette
Mantine Mantine Carnivine
Lucario Floatzel
Swanna Swanna
Absol Absol Hitmontop
Lileep Lileep
Carbink Carbink Metagross Reshiram
Buizel Buizel Jolteon
Aipom Dustox
Nuzleaf Nuzleaf
Flareon Goomy
Heatmor Heatmor
Serperior Serperior Bergmite
Binacle Binacle
Exeggcute Exeggcute
Torracat Torracat Lapras
Machamp Machamp Remoraid
Happiny Happiny Magmortar
Deoxys Deoxys
Lunala Whimsicott
Unown Unown Relicanth
Heliolisk Heatran
Probopass Probopass
Purrloin Luvdisc
Cubone Cubone TypeNull
Butterfree Butterfree Beedrill
Charizard Charizard
Volcanion Infernape
Budew Budew Grumpig
Mightyena Mightyena
Glalie Glalie Mimikyu
Bronzor Bronzor Roserade
Chespin Chespin Metapod
Illumise Torchic
Swadloon Electrike
Chatot Chatot
Slakoth Slakoth Ninjask
Milotic Kangaskhan
Spearow Spiritomb
Mawile Mawile
Spinda Spinda
Manaphy Gliscor
Glaceon Skitty
Trumbeak Trumbeak
Pancham Vivillon
Mudsdale Mudsdale Pidgeot
Greninja Greninja Torkoal
Tsareena Tsareena
Staravia Feraligatr
Cosmog Cosmog
Azurill Crawdaunt
Krookodile Krookodile Cascoon Corphish
Oshawott Cinccino
Whiscash Whiscash Rockruff
Quilava Quilava Crabominable
Rufflet Rufflet Arbok Lampent
Lombre Diggersby
Typhlosion Typhlosion Chinchou
