L12 L129 L26 L48 L53 L57 L92 L105 L9 L18 L156 L86 L20 L95 L11 L155 L91 L65 L84 L119 L123 L35 L79 L30 L150 L14 L78 L194 L120 L197 L148 L182 L32 L185 L175 L17 L70 L75 L116 L166 L38 L21 L162 L96 L13 L44 L59 L192 L71 L8 L170 L6 L72 L108 L56 L0 L159 L199 L22 L40 L151 L7 L31 L90 L171 L188 L112 L124 L66 L189 L41 L180 L183 L4 L74 L42 L167 L139 L173 L161 L82 L1 L73 L157 L82 L68 L10 L191 L160 L158 L169 L12
71
L12 L103
L129 L98 L172
L26 L27
L48 L48
L53 L53
L92 L92
L105 L105
L18 L186
L86 L86
L20 L20 L83
L95 L95
L11 L11
L155 L155
L65 L65 L102
L84 L181
L119 L117
L123 L135
L79 L79
L30 L24
L150 L150 L99
L14 L61
L78 L78 L2 L85
L194 L154
L120 L106
L197 L197 L146
L148 L148 L50
L182 L182
L32 L32
L185 L87 L104
L175 L175
L17 L88
L70 L70 L3
L75 L75 L122
L116 L116 L133
L166 L174
L96 L96
L59 L59
L192 L192 L60 L107
L8 L168
L6 L97
L72 L72 L36
L108 L108
L56 L56
L0 L0 L34 L126 L195
L159 L121
L199 L199 L28
L22 L22
L40 L40 L115
L151 L141
L7 L7 L114
L31 L187
L90 L90 L130
L171 L171
L112 L112
L189 L189
L180 L180 L45
L4 L23
L74 L74
L42 L125
L139 L139 L190
L173 L173 L164
L161 L131
L82 L82
L1 L55
L73 L73 L149
L157 L37
L68 L68
L10 L10 L165
L191 L147
L158 L158 L144
L169 L169 L196
