L58 L90 L28 L46 L27 L29 L48 L26 L54 L79 L39 L60 L22 L62 L96 L4 L45 L42 L24 L73 L69 L36 L43 L71 L50 L85 L21 L82 L80 L8 L12 L13 L40 L65 L89 L7 L78 L51 L74 L94 L11 L98 L16 L15 L23 L58
37
L58 L58
L90 L90
L28 L32
L27 L27 L9
L29 L17
L48 L48
L79 L76
L39 L77
L60 L60 L88
L22 L99
L62 L62 L3
L96 L84
L4 L4 L2
L45 L45
L42 L55
L24 L24
L36 L36 L44 L72
L85 L85
L21 L18
L82 L82
L80 L80 L83
L8 L8 L47
L12 L12 L0 L10
L13 L13
L40 L91
L65 L34
L89 L89 L30
L7 L7
L78 L78
L51 L53
L74 L74
L94 L94
L11 L49
L98 L98
L16 L16
L15 L15
L23 L23 L19 L66
