0 52 115 198 9 12 9 120 31 60 141 155 165 89 60 31 138 31 120 198 187 108 18 193 136 113 121 49 21 92 21 49 121 113 123 113 136 193 18 139 2 139 115 52 0 68 83 75 130 93 174 101 25 101 93 194 94 127 109 176 117 160 6 153 55 11 55 72 41 74 41 72 55 153 181 152 118 152 181 153 117 176 109 127 172 183 87 180 14 51 14 129 36 82 147 82 36 125 36 129 14 148 99 96 57 19 24 70 45 19 57 99 180 87 172 127 75 83 68 126 37 13 67 7 122 7 67 13 37 126 68 128 5 128 68 0 158 175 179 103 114 1 38 131 16 17 16 98 135 98 16 131 73 177 157 63 157 110 199 110 157 149 157 177 73 131 1 85 167 15 167 85 114 103 179 175 158 0
72
0 80
52 52
198 198 76
9 9 88
12 34
31 31 196
141 4 30
155 42 140
89 62
138 138 50
108 108
136 136
113 185
121 121 23 102
92 10
123 53
139 139
2 111
68 66
83 83
75 75
130 130
174 174
101 84
25 91
109 109
176 176
117 117 168
160 160
6 195
153 105
55 55
11 11 171
72 72 97
74 74 144
181 181
152 152
118 134
183 183
87 87
180 180 69
51 40
36 36
82 82
147 147 59
125 125 116
19 19
70 70
45 45 137
126 126 20
13 13
67 67
122 122 35 162 166
128 128
5 26
158 143
179 179 156
103 103 27 184
114 114
131 131
16 16
17 17 151
98 98
135 106
73 189
177 177
157 157
63 63 81
199 199 197
149 149 48 145
85 85
15 46
