0 16 13 32 0 43 29 54 14 55 14 54 64 22 61 90 61 22 64 54 29 77 31 15 45 28 96 53 2 73 83 75 1 42 1 75 83 18 60 24 53 87 50 21 49 48 6 59 47 59 6 69 49 78 19 30 35 30 67 78 49 21 50 65 50 87 31 77 29 43 39 99 27 9 80 17 80 34 66 76 46 5 46 76 72 76 74 76 9 27 99 39 43 0
33
0 0 89
13 13
32 32 37 71
43 43 23
55 55 4
61 61
90 90 38
31 40
15 15 3
45 45
96 96
73 11
83 83
42 42 7 98
18 18
60 60
24 24 94
21 21
47 10 20
69 58
78 78
30 62
35 35 51
67 67 88
65 65 95
99 99
27 27
9 9 57
17 17 52
46 46
5 93
72 72 26
74 8
