68 63 64 17 82 80 76 55 76 80 82 17 64 37 36 37 50 91 43 22 23 84 25 84 23 22 65 45 52 4 94 11 94 49 21 49 94 4 52 5 52 45 65 22 43 42 58 42 43 78 61 89 81 38 12 26 12 38 81 89 90 30 24 74 34 18 34 74 86 74 24 93 41 93 75 2 75 93 24 30 90 89 78 77 78 83 40 83 53 44 53 83 78 43 91 50 37 64 63 68
33
63 63
17 17
55 55 59
37 37
36 35
91 91 67 73
43 43 57 79
23 23
25 25 27
65 65
45 45
11 11 69
49 49
21 21 97
5 5 15
42 47
58 39 85
61 61
89 89
81 81 9
26 1
34 33
18 19 95
86 87
93 93
41 41 71
75 75 31
2 3
77 77 13
83 83
40 29
53 53 51
44 7
