l7 l40 l39 l67 l161 l92 l52 l143 l26 l98 l60 l2 l81 l51 l85 l194 l130 l153 l147 l86 l24 l96 l148 l155 l103 l9 l48 l38 l64 l198 l139 l102 l76 l20 l29 l112 l73 l5 l95 l31 l115 l57 l163 l127 l43 l49 l184 l106 l42 l125 l42 l175 l92 l114 l172 l182 l71 l22 l13 l61 l12 l105 l56 l188 l34 l199 l66 l94 l119 l138 l126 l150 l129 l80 l59 l196 l99 l89 l133 l200 l177 l23 l133 l179 l63 l72 l107 l39 l183 l70 l7
54
l7 l7 l35
l40 l40
l39 l39
l67 l67 l27
l161 l161
l92 l6
l52 l189
l143 l53
l26 l26
l2 l2 l33 l58
l51 l162
l85 l41
l130 l130
l147 l46 l101
l86 l171
l24 l24
l96 l124
l148 l148
l155 l155
l48 l74 l192
l38 l160 l168
l198 l110
l102 l102
l20 l20
l29 l186
l73 l113
l5 l180
l31 l142
l115 l115
l163 l163 l132
l127 l127
l49 l49
l184 l184 l25
l106 l77
l125 l54
l175 l169
l114 l114 l14
l172 l172 l15
l13 l83
l12 l12
l56 l109
l199 l199 l136
l94 l94 l128
l138 l138
l126 l181
l59 l59
l99 l122
l200 l200
l177 l177 l116
l23 l90
l63 l63 l21
l72 l72 l37
l107 l44
l70 l141
