0 36 0 70 178 86 0 90 92 0 97 142 143 114 168 2 19 168 24 168 30 40 66 102 123 127 133 154 187 168 163 27 168 166 168 174 168 181 168 194 0 195 0
31
0 20 35 48 73 80 87
36 36 5 26 60 72 82 100
70 70 53
178 63
86 86 99
90 90 4 11 28 34 38 41 54
92 92 9 65 79
97 97 77
142 49 50
143 18 57 88
114 76
168 22 83
2 2 75
19 19 10 14 42 44 93
24 24 1 21 61
30 30 13 46
40 40 45 47
66 66 12 39 71
102 16 29 32 33 37 52 56 94
123 43 68 85 91
127 58
133 8 15 74
154 3 17 25 62 64 81
187 55
163 59 67
27 27 78
166 6 31
174 51 89 95 96
181 84
194 7 23 98
195 69
