101 130 113 136 134 169 102 194 138 149 100 0 1 7 5 8 9 0 100 50 51 59 53 52 41 44 46 45 48 40 41 52 56 50 100 99 92 94 96 95 83 81 88 79 75 37 30 33 34 36 37 75 78 74 20 26 28 27 25 28 65 66 60 62 67 64 68 17 13 10 14 16 15 17 68 69 65 28 20 74 77 76 72 79 88 82 86 83 95 97 99 100 101
60
0 0
1 1 4
7 7 2
5 5
8 8 6
9 9 3
50 50 54
51 51 55
59 59 57
53 53
52 52
41 41
44 44
46 46
45 45 42
48 48 43 49
40 40 47
56 56 58
99 99
92 92 90
94 94
96 96 91 98
95 95
83 83
81 81 80
88 88 89
79 79 70
75 75
37 37 32
30 30 31
33 33 35
34 34
36 36 38 39
78 78
74 74 71
20 20 23
26 26 29
28 28 21
27 27
25 25 22 24
65 65
66 66
60 60
62 62 61
67 67
64 64
68 68
17 17
13 13
10 10
14 14 12
16 16 11 18
15 15 19
69 69 63
77 77
76 76
72 72 73
82 82 84
86 86 85 87
97 97 93
