Soda China Kenya Kuwait Spain Maldives Croatia Maldives Kuwait Kenya Moldova Kenya Czech Burkina Seychelles Jersey Cameroon Jersey Seychelles Congo Heard Sao Christmas Gambia Qatar Barbados Albania Nauru Bahrain Djibouti Bahrain Comoros Myanmar Iceland Holy Guyana Korea Guyana Colombia Guadeloupe Republic Liberia Republic Guadeloupe Colombia Guyana Holy Myanmar Paraguay Libya Hong Palau Peru Brazil Norway Brazil Peru Palau Hong Libya Paraguay Myanmar Comoros Bahrain Nauru Albania Denmark Sri Sudan Japan El Cayman Papua Norfolk Papua Cayman El Japan Sudan Sri Denmark Barbados Qatar Gambia Christmas Sao Heard Singapore Heard Congo Falkland Lao Benin Italy Estonia Solomon United Niger Mozambique Puerto Bulgaria Puerto Cocos Dominica French Guinea French Montserrat Guernsey Montserrat French Dominica Cocos Morocco Ecuador Morocco Cocos Malta Cocos Puerto Mozambique Mayotte Saint Costa Bahamas Costa Germany Fiji Germany Costa Saint Mayotte Niger United Solomon Estonia Italy Benin Lao Falkland Congo Luxembourg Argentina Luxembourg Congo Senegal Congo Seychelles Burkina Czech Kenya China Soda
39
Soda Cambodia
Croatia Croatia Sint
Moldova Moldova Latvia
Czech New
Burkina Burkina
Cameroon Macao
Congo Congo
Sao Sao
Albania Albania
Nauru Pitcairn
Djibouti Finland
Korea Korea British
Republic Republic Algeria
Liberia Liberia Aruba
Libya Pakistan
Hong Hong
Palau Palau
Norway Belize
Japan Japan
Norfolk Rwanda
Singapore Singapore Lebanon
Falkland Malawi
Lao Lao
Estonia Iraq
United United
Niger Niger Kyrgyzstan
Mozambique Nigeria
Bulgaria Jamaica
Guinea Indonesia
Guernsey Kiribati
Ecuador Burundi
Malta Antigua
Mayotte Mayotte Ireland
Saint Saint
Bahamas Bahamas Mexico
Fiji Fiji Netherlands
Luxembourg Luxembourg
Argentina Argentina Northern
Senegal Egypt
