Soda Canada Iceland India Bosnia India Iceland Heard British Heard Iceland Denmark Holy Ghana Holy Denmark Hong Aruba Germany Bahamas Barbados Andorra Burkina Andorra Barbados Falkland Virgin Bahamas Aruba Hong Denmark Algeria Antigua Bulgaria Cabo Antarctica Guernsey Bhutan Brunei Costa Georgia United Azerbaijan United Dominica Brazil Fiji Argentina Grenada Brazil Georgia Costa Greece Djibouti Australia Djibouti Christmas Djibouti Greece Costa Brunei Bhutan Guernsey Antarctica Honduras Indonesia Honduras Antarctica Bulgaria Antigua Algeria Iceland Canada Soda
21
Canada Austria
Bosnia Bouvet
British China
Denmark Denmark
Ghana Angola
Aruba Aruba Central
Burkina Guam Guyana
Falkland Colombia
Virgin Cayman
Antigua Antigua
Cabo Guadeloupe
Bhutan Egypt
Costa Cambodia
United United
Azerbaijan Botswana
Fiji Fiji Bermuda
Argentina Argentina
Grenada Cocos
Australia Australia Czech
Christmas Belize
Indonesia Comoros
