1 30 3 82 10 21 16 25 71 95 74 11 6 78 83 5 58 23 92 34 26 116 12 15 61 17 45 63 28 84 111 70 42 48 59 97 91 90 75 39 9 31 115 66 73 72 93 27 32 89 19 110 14 41 65 56 86 87 18 50 53 49 108 1
51
1 67
30 30 43
10 10 24
21 21
16 16
25 25
71 71
95 33
74 74 68
11 11 47
6 40 51
78 78
5 52
58 58
23 23
34 34 22
26 26 38
12 12
15 15
61 61
17 17 54
45 45
63 63
28 28 55 77
111 44
70 70 76
42 42
48 48 69
59 59
97 57
75 75
39 39
31 31 13
115 37
66 66
73 73
72 72
27 27
32 32
19 19 35
14 14
41 41 79
65 65 46
56 56 20
86 29
87 36
18 18
50 50
53 53 60
49 49
108 62 64
