Meckgue TheFingers CasterlyRock WitheredHeath CasterlyRock ProBendingArena CasterlyRock KoralReef Essos Neddingtown RepublicCity FogofLostSouls Beldenn LakeLaogai ShriekingShack ShatteredPlains Braavos ShatteredPlains ShriekingShack LakeLaogai Eggmanland TheWaystoneInn Eggmanland LakeLaogai Urubaen LakeLaogai Beldenn RepublicCity Vexhollow SerpantsPass Steeltown Gizton Steeltown Naboo Steeltown SerpantsPass Winterfell Millingburg BikiniBottom Murkcairn BikiniBottom Millingburg Winterfell SerpantsPass Vexhollow Neddingtown Essos Sanlow BubblegumKingdom Sanlow Essos KoralReef CasterlyRock TheFingers Meckgue
27
Meckgue Meckgue
WitheredHeath Keld
ProBendingArena Lorien TheHogsHead
KoralReef KoralReef
Essos Dagobah Meereen TheGodswood
Neddingtown TheVale BeyondtheWall
RepublicCity RepublicCity TreeofTime ZhaoFu MysticRuins
FogofLostSouls Gotham
Beldenn Beldenn
LakeLaogai LakeLaogai Yunkai ThePrancingPony UtgardMountain LeakyCauldron VaultofSouls
ShriekingShack TheUniversity
ShatteredPlains ShatteredPlains TheSpine
Braavos Braavos Kinecardine
Eggmanland Castamere
TheWaystoneInn TheWaystoneInn Tartarus TheArcanum
Urubaen Urubaen FlourishBlotts
Vexhollow Vexhollow
SerpantsPass Ademre GooLagoon TheKrustyKrab
Steeltown Steeltown
Gizton Gizton Netherfort Larcbost EasternAirTemple
Naboo EarthKingdom
Winterfell Winterfell
Millingburg Grayburn
BikiniBottom Carvahall
Murkcairn Murkcairn Ellesmera
Sanlow Sanlow
BubblegumKingdom TheBoilingRock
