507 2c9e2 16eff 648c b4fc 205d1 26a5d 12396 2a6b1 91cb 27972 132ab 23817 2d3f0 374d 12da4 3c54 137b2 73a1 1ce84 32460 11e8f 87bd 2838 2b5c6 11988 1056c 18822 365bb 29295 19737 25b48 28380 1c476 c411 2c4db 10a73 2e80c 33d83 6e9a 2fc28 25641 a5e7 2a1aa 34c98 9bd9 2bfd4 17406 78a8 33375 1ab53 11481 1d892 17e14 2f721 379d7 5f85 1d38b 219ed aaee 383e5 141c0 24c33 7daf a0e0 23310 1bf6f 2b0bf 2bacd 1c97d 96d2 10065 3387c 1a64c 3519f 3154b 31a52 14bce 5070 5577 e742 2ddfe 1fbc3 fb5e 2abb8 39d08 2ed13 d82d 388ec 10f7a d326 34791 18d29 2e305 392fa 415b 1e7a7 3428a 3a20f 1790d 36ac2 f15 e23b ba03 1ba68 15fea 29ca3 31f59 3012f 3246 22e09 214e6 27e79 360b4 28d8e 2cee9 8cc4 141c 2331 20fdf dd34 aff5 1289d 1e2a 155dc 37ede 4662 82b6 2513a 22902 507
80
507 164f1
2c9e2 2c9e2
16eff 16eff
648c 648c
26a5d 26a5d
12396 12396
2a6b1 2a6b1
91cb 91cb 1ecae
27972 27972
23817 23817 2604f
374d 374d 200ca
3c54 3c54
1ce84 169f8
32460 32460
11e8f 11e8f
2b5c6 2b5c6
11988 11988
1056c 1056c
18822 18822
19737 19737
25b48 25b48 1923 23d1e
c411 c411
2c4db 150d5
2e80c 4b69
2fc28 2fc28 2d8f7
25641 25641
2a1aa 36fc9
9bd9 9bd9
2bfd4 6993
78a8 78a8
33375 33375
1ab53 1ab53
1d892 1d892
17e14 17e14 2f21a
2f721 2472c
379d7 379d7
24c33 24c33
23310 23310
2b0bf 2b0bf
2bacd 2bacd 374d0
1c97d 1c97d
10065 10065 c918
3387c 3387c
1a64c 1a64c
31a52 31a52
5577 5577 30636
e742 e742
2ddfe 2ddfe
d82d d82d
388ec 388ec
d326 d326
18d29 18d29 1831b
2e305 2e305
3428a 3428a
1790d 1790d 38df3
36ac2 36ac2
f15 13cb9
ba03 ba03
1ba68 1ba68
15fea 15fea
31f59 146c7
3012f 3012f
3246 3246
22e09 22e09
214e6 214e6
27e79 27e79
360b4 360b4
28d8e 28d8e
2cee9 2cee9
8cc4 8cc4
2331 1dd99
20fdf 20fdf
dd34 dd34 1f1b5
aff5 aff5
1e2a 1e2a
155dc 155dc ec49
4662 4662
82b6 82b6 32e6e
2513a 2513a
22902 22902 26f64 356a6
