node0 node162 node157 node184 node134 node112 node69 node71 node18 node136 node54 node81 node91 node81 node54 node136 node183 node196 node18 node71 node69 node74 node69 node112 node174 node24 node73 node135 node102 node32 node76 node107 node57 node92 node143 node30 node115 node52 node115 node149 node154 node127 node4 node95 node77 node139 node77 node95 node4 node127 node175 node118 node72 node65 node48 node84 node48 node65 node50 node72 node110 node61 node1 node61 node110 node149 node30 node143 node57 node107 node173 node3 node12 node188 node46 node168 node126 node83 node86 node68 node33 node145 node42 node31 node13 node87 node62 node85 node170 node87 node172 node42 node83 node126 node168 node3 node173 node32 node124 node132 node186 node5 node45 node5 node166 node17 node28 node70 node28 node17 node104 node99 node166 node114 node119 node138 node8 node9 node51 node26 node22 node178 node22 node26 node179 node40 node180 node133 node119 node114 node166 node78 node89 node11 node185 node6 node151 node111 node37 node197 node41 node109 node197 node163 node177 node155 node177 node163 node197 node37 node67 node169 node193 node20 node64 node152 node96 node152 node159 node36 node82 node27 node159 node152 node128 node20 node193 node187 node0
76
node0 node191
node162 node162
node157 node157 node146
node184 node184 node130
node134 node134
node112 node112
node136 node136
node91 node108
node183 node183 node137
node196 node196 node129
node74 node153
node174 node174
node73 node199
node135 node135
node102 node102
node76 node156
node107 node107
node143 node143
node30 node165
node115 node115
node52 node144
node149 node149
node154 node154
node127 node127
node139 node139 node113
node175 node175
node118 node118
node65 node120 node192
node84 node148
node50 node106
node110 node110
node1 node164
node173 node173
node12 node167
node188 node188
node46 node103 node195
node168 node168 node198
node126 node126
node33 node117
node145 node145
node42 node147
node170 node170 node131 node150
node172 node172 node190
node124 node124
node132 node132
node186 node186
node45 node105
node166 node166
node70 node123 node140 node176
node104 node104 node189
node99 node160
node114 node114
node119 node119
node138 node138
node178 node178 node194
node179 node179
node180 node180 node141
node133 node133 node122
node185 node185
node151 node151
node111 node111
node197 node197 node100
node41 node161
node109 node109 node182
node163 node163
node177 node177
node155 node155 node116 node142
node169 node169
node193 node193
node152 node152
node96 node171
node159 node159
node36 node181
node27 node158
node128 node128 node121 node125
node187 node187 node101
