node0 node2 node39 node6 node39 node47 node7 node33 node12 node43 node8 node21 node16 node21 node37 node4 node30 node11 node21 node49 node18 node21 node8 node43 node33 node7 node48 node28 node34 node31 node5 node46 node9 node46 node22 node48 node7 node47 node39 node2 node41 node0
21
node0 node25
node39 node39
node6 node35
node47 node47 node45
node7 node44
node33 node33
node43 node43
node16 node36
node37 node37
node30 node30
node11 node26
node49 node49
node18 node40
node48 node48
node28 node28 node27 node38
node34 node34
node31 node31
node46 node46
node9 node42
node22 node29
node41 node41 node32
