USZWPSB HVERBTBS WYQMUDM QKULBZUR EFOWXJQKY QKULBZUR YFEZIO OIANIWMW GEGFOSJ TGPYEAP APIOYKU WVLTLUD YCGJNQA LNDUQDYSK BTMJSONW URZULNA BTMJSONW LNDUQDYSK QPHYDQYV GWDJBFTV YOUZA JJQBPSV HWJUZVNH GWDJBFTV APIOYKU TGPYEAP FBLXKVQA ENYRMHFE TQSCIQTX LYRSZA HNOOUELP LYRSZA MBRDNYP SIJTRDMKR XZUPVI UDNWTRHT HSAIPP RGSOR HSAIPP XQOMNCXDB JXLFSOAT GMRFZFR JBHQVBXP GMRFZFR JXLFSOAT XQOMNCXDB MBRDNYP OGEJDN FBLXKVQA GLYDZ JIDZW RBNAR XENTNT VWNAJFRNG JIDZW KAUIIR OZFZCKVUN JIDZW GLYDZ FBLXKVQA QINTC RZIWNJFXV WKIASJP TNHRK GSVJPWC ACYPAPBPW RUGMYM AOVKACB EMAAQWO GNMIBCL KFHZBOJXK GNMIBCL EMAAQWO AOVKACB WEKQXMG PSCLAN FPWIFBHR WJFHT ZGZQJZFA FPWIFBHR RUGMYM NJLNWKM EHQRYBZ RGLCPSJQE EHQRYBZ NJLNWKM RZIWNJFXV QINTC YFEZIO NXLMTIMTQ AERLK GKDIY DFFFG YPQLZHI DFFFG UZGTEP NIVCBBO EJXSCSGM ZNZOQPE EJXSCSGM NIVCBBO KRUSUHB AIGGLZT PTDJM AIGGLZT GKDIY JEGRK KYSSK CCTJZN WTQCHXQ NVPDYHJ CCTJZN KYSSK FJQMKJNWE YHITQ DIXXP WEXBJV DIXXP YHITQ LJIWVABQS WUUMGX JOXQIX MSHZNEX JOXQIX YHITQ FJQMKJNWE VLVZNIWT YFEZIO VTPZPDXM TOAKXEQ SPLDAD TOAKXEQ BDHKKLSE HVERBTBS USZWPSB
69
USZWPSB USZWPSB GALHVZ
HVERBTBS HVERBTBS
QKULBZUR MRXNI
EFOWXJQKY EFOWXJQKY MWXYLX
YFEZIO YFEZIO NTZSZ
GEGFOSJ GEGFOSJ ILXWSRIC
TGPYEAP TGPYEAP DKINCMT
APIOYKU APIOYKU
WVLTLUD NCPEGX OVKLH
LNDUQDYSK LNDUQDYSK
URZULNA CWLLCM
QPHYDQYV NHNDWOH
YOUZA YOUZA
JJQBPSV SIAFKK
HWJUZVNH HWJUZVNH SICVXMLGL
ENYRMHFE VFEEU
TQSCIQTX TQSCIQTX
LYRSZA LYRSZA
HNOOUELP HNOOUELP APBFJMOOF
XZUPVI XZUPVI
UDNWTRHT UDNWTRHT NZJGYK
HSAIPP HSAIPP
RGSOR RGSOR BLXWCB
XQOMNCXDB XQOMNCXDB
JXLFSOAT JXLFSOAT TTXGTNV
GMRFZFR ZEZKNGTK UBODMUMJ
JBHQVBXP YVIRIDDRA
OGEJDN NBRZI ANHOTJN
GLYDZ GLYDZ
RBNAR RBNAR
XENTNT XENTNT
VWNAJFRNG VWNAJFRNG QMHLIXVD XSWDY
KAUIIR KAUIIR MYDTJZPES
OZFZCKVUN HEFYBKPUF
TNHRK AHZYCQM
ACYPAPBPW ACYPAPBPW
RUGMYM RUGMYM
AOVKACB AOVKACB RLWAP
EMAAQWO EMAAQWO
KFHZBOJXK FZGDAQKRC
PSCLAN EPJHOESBB
ZGZQJZFA XHMMLM
EHQRYBZ EHQRYBZ
RGLCPSJQE RGLCPSJQE VBAQD
AERLK ORCMU VWHRKOPZ
GKDIY BHAMV YKOGGTNN
DFFFG DFFFG
YPQLZHI JVWIZDBS
UZGTEP BCHOPGEE
NIVCBBO NIVCBBO
EJXSCSGM EJXSCSGM
ZNZOQPE ZNZOQPE HSJUMJH ZKGYGD
KRUSUHB KRUSUHB JQHORKB
AIGGLZT AIGGLZT
PTDJM VVSNO
JEGRK JEGRK FPWMJC
CCTJZN CCTJZN
WTQCHXQ WTQCHXQ
NVPDYHJ AXCWU
FJQMKJNWE FJQMKJNWE
DIXXP DIXXP
WEXBJV WEXBJV GNXDBJSVR RVPJHZLQQ MOXGRP
LJIWVABQS FCWRH
JOXQIX JOXQIX YAETAC
MSHZNEX MSHZNEX RJDHJFNIN
VLVZNIWT FZNKCK
TOAKXEQ TOAKXEQ PJXURKPC
SPLDAD FLOTLYFG
BDHKKLSE OLUPAJLP RQWCFDHW
