UMUCUTWAW CWTNE VYSDBC KAYADTT OMBFD QOHWG KUUVZB QOHWG RRFKVFYKR QOHWG OMBFD KAYADTT MWTSDF HQNIKFEGO TOWQNXV TNKNMUFI JJAQQ WCHJFCRZJ PRIRIKY UGSZCNL VHLSP UGSZCNL PRIRIKY AWEBMY TCXWZV SVLLIIS OVWBCTVDD ATQPANM HREHTSNH IGVCE HREHTSNH OIPVAKF WRQUJ SUIOZK XGGIUBVDN FLBTTNRCC VHHVQ QNAZOQNNI OVWBCTVDD TNKNMUFI AAOLHW RCOMG ONFIHQJYT AWQOWSNYN PUPBRBBW OVWMWBUP AWQOWSNYN ONFIHQJYT RCOMG PLYPQBTP NYBEJN YPXLG NDWZKRTIJ USUVN AOWYQNAYA DQOPCH CJLYWOAQ NKSWTXMSG XNZANYBE BMHJAS NKSWTXMSG CJLYWOAQ DQOPCH PLYPQBTP TOWQNXV EDGIBRXEP DTDALTLH HQNIKFEGO CWTNE UMUCUTWAW
34
VYSDBC GUDSRTKLA
KAYADTT KAYADTT FVKLDY
OMBFD OMBFD
QOHWG QOHWG
KUUVZB KUUVZB XJOXYWA
RRFKVFYKR RRFKVFYKR CNINRTR
MWTSDF MWTSDF MNWMWDXCQ
TOWQNXV YNHRBC STQNQT
TNKNMUFI TNKNMUFI
JJAQQ JJAQQ JOWHZXTIA
WCHJFCRZJ ZFMGDWP IZNSKNS
VHLSP VHLSP ZLYFI
TCXWZV TCXWZV
SVLLIIS WEPDZ
ATQPANM XWBHEYXJU
IGVCE ZSHRTZVKO
OIPVAKF OIPVAKF
WRQUJ WRQUJ
SUIOZK SUIOZK EGEASKKIE
XGGIUBVDN XGGIUBVDN TNSRRJCDD
FLBTTNRCC RDTQTJB
VHHVQ VHHVQ VASGY
QNAZOQNNI UENPUJ
ONFIHQJYT YFKIFTRS
AWQOWSNYN AWQOWSNYN
OVWMWBUP GVNFQM
PLYPQBTP PLYPQBTP VSMLVXSP
YPXLG YPXLG MHXHJGEF
USUVN USUVN ZPFHBWI
AOWYQNAYA AOWYQNAYA CRSMUEPQG
DQOPCH DQOPCH
CJLYWOAQ CJLYWOAQ JVYIBRJ
BMHJAS ELILXSR
DTDALTLH TJFSEUB
