73 86 32 12 15 43 166 85 88 27 90 82 27 117 100 89 69 152 149 126 64 126 149 152 69 145 128 161 130 113 58 26 28 22 177 46 80 6 7 60 55 168 17 38 79 57 129 174 146 84 68 153 38 102 65 180 123 176 118 120 37 67 162 9 96 162 37 164 1 106 78 71 170 177 22 163 48 188 159 157 95 3 95 33 40 131 62 159 165 173 165 48 58 52 156 97 0 147 97 143 191 75 59 143 97 156 150 114 93 139 98 175 150 156 52 178 52 58 110 137 113 76 113 197 186 47 138 113 166 43 12 32 86 73
71
73 73
12 12
15 15
166 166
85 154
27 27
90 53
82 82 107
117 24
89 89
126 21
64 171
145 145
128 128
161 161 2
130 135
113 109
58 58
26 26 115
46 77 195
6 6
7 7 44
60 60 92
55 55 72
168 168
57 57
129 129
174 167
84 101
68 68 119 169
153 153 184
65 122
123 123
176 176
118 118
37 37
162 162 185
9 125
96 96 133
1 99 189
71 71
170 10
163 163
48 48
159 159
157 66
95 95
3 192
33 11 49 127
40 40 19
62 62 112
165 35
173 173 196
52 52
156 190
0 0 61
147 183
143 143
191 191 124
75 75
59 41
98 98 70
175 175 83
178 39
110 110
137 42
76 76 194
197 197
186 186 63
47 47 81 187
138 138 16 136 155
