AAA AAB AAC AAD ABD ACD ABD AAD AAC AAB ABB AAB AAA ABA ACA ADA BAA BAB BAC BAD BBD BCD BBD BAD BAC BAB BBB BAB BAA BBA BCA BDA CAA CAB CAC CAD CBD CCD CBD CAD CAC CAB CBB CAB CAA CBA CCA CDA DAA DAB DAC DAD DBD DCD DBD DAD DAC DAB DBB DAB DAA DBA DCA DDA EAA EAB EAC EAD EBD ECD EBD EAD EAC EAB EBB EAB EAA EBA ECA EDA FAA FAB FAC FAD FBD FCD FBD FAD FAC FAB FBB FAB FAA FBA FCA FDA GAA GAB GAC GAD GBD GCD GBD GAD GAC GAB GBB GAB GAA GBA GCA GDA HAA HAB HAC HAD HBD HCD HBD HAD HAC HAB HBB HAB HAA HBA HCA HDA IAA IAB IAC IAD IBD ICD IBD IAD IAC IAB IBB IAB IAA IBA ICA IDA JAA JAB JAC JAD JBD JCD JBD JAD JAC JAB JBB JAB JAA JBA JCA JDA KAA KAB KAC KAD KBD KCD KBD KAD KAC KAB KBB KAB KAA KBA KCA KDA LAA LAB LAC LAD LBD LCD LBD LAD LAC LAB LBB LAB LAA KDA KCA KBA KAA JDA JCA JBA JAA IDA ICA IBA IAA HDA HCA HBA HAA GDA GCA GBA GAA FDA FCA FBA FAA EDA ECA EBA EAA DDA DCA DBA DAA CDA CCA CBA CAA BDA BCA BBA BAA ADA ACA ABA AAA
48
AAC ABC
AAD AAD
ACD ACD ADD
ABB ABB ACB
BAC BBC
BAD BAD
BCD BCD BDD
BBB BBB BCB
CAC CBC
CAD CAD
CCD CCD CDD
CBB CBB CCB
DAC DBC
DAD DAD
DCD DCD DDD
DBB DBB DCB
EAC EBC
EAD EAD
ECD ECD EDD
EBB EBB ECB
FAC FBC
FAD FAD
FCD FCD FDD
FBB FBB FCB
GAC GBC
GAD GAD
GCD GCD GDD
GBB GBB GCB
HAC HBC
HAD HAD
HCD HCD HDD
HBB HBB HCB
IAC IBC
IAD IAD
ICD ICD IDD
IBB IBB ICB
JAC JBC
JAD JAD
JCD JCD JDD
JBB JBB JCB
KAC KBC
KAD KAD
KCD KCD KDD
KBB KBB KCB
LAC LBC
LAD LAD
LCD LCD LDD
LBB LBB LCB
