Wrightsville Massena Maywood Gevgelija Rauna Golubac Coihaique Temirtau Metz Gemena Pljevlja Manta Gyumri Zanzibar Manjimup Gyumri Gevgelija Kaduna Bayonne Changde Ljutomer Ayacucho Progress Necochea Leeuwarden Vidalia Gombe Wrightsville
20
Wrightsville Irvington
Maywood Maywood
Gevgelija Gevgelija
Rauna Rauna Palopo
Golubac Golubac
Coihaique Coihaique
Temirtau Temirtau
Metz Metz
Gemena Gemena Sayhut
Pljevlja Pljevlja
Zanzibar Zanzibar
Manjimup Hsinchu
Bayonne Bayonne
Changde Changde
Ljutomer Ljutomer
Ayacucho Ayacucho Rivas
Progress Progress Asti
Necochea Necochea
Leeuwarden Leeuwarden Mzimba
Gombe Praya
