Milton Kiruna Milton Thessalon Barabinsk Thessalon Stawell Boosaaso Yevlax Tallaght Winnsboro Keene Mauldin Swansboro Chancay Cooma Marsaskala Sofia Vinita Zahedan Vinita Managua Makinsk Rumuruti Nguigmi Luga Scottsdale Piran Lukulu Sari Jeonju Koboko Esperance Hengshui Kardzhali Heath Jambi Crawfordsville Tajarhi Winona Nusaybin Moorhead Aylesbury Tabriz Samux Karur Tula Carnikava Plast Ankaran Colombo Joliet Shu Kerma Skiatook Georgetown Moanda Plainfield Yambol Dalby Pakalongan Multan Plainfield Opelousas Westmont Koronadal Toktogul Serpukhov Wallington Cochrane San Skovorodino Lochbuie Chengde Serpukhov Kimba Joliet Maidstone Martin Bam Helotes Berkley Shamva Brooklyn Chancay Bonao Mold Lucena Clawson Pleasantville Totness Zumpango Zvezdnyy Iturama Campana Grovetown Ashtabula Trang Bonao Stawell Thessalon Milton
72
Milton Milton
Kiruna Kiruna Harahan
Barabinsk Barabinsk Siquijor
Boosaaso Boosaaso
Yevlax Yevlax Littlestown
Tallaght Tallaght
Keene Keene
Mauldin Mauldin Kelang Esmeraldas
Chancay Chancay
Cooma Cooma
Marsaskala Marsaskala
Sofia Sofia Zicheng
Vinita Elburn
Zahedan Morondava
Managua Managua
Makinsk Makinsk
Rumuruti Rumuruti
Nguigmi Nguigmi Ipatinga Kitamilo
Luga Luga Kasaali
Scottsdale Scottsdale
Piran Piran
Sari Sari
Jeonju Jeonju
Koboko Koboko
Hengshui Hengshui
Heath Heath Kirovohrad
Jambi Jambi Jizan
Crawfordsville Crawfordsville
Tajarhi Zadar
Winona Winona
Nusaybin Nusaybin Quime
Moorhead Moorhead
Tabriz Tabriz Tabuk Dunhuang
Samux Samux Cairo
Karur Karur
Tula Tunapuna
Carnikava Carnikava Agago
Plast Plast
Ankaran Eydhafushi
Joliet Joliet Esik
Shu Shu
Kerma Kerma
Skiatook Skiatook
Georgetown Aizawl
Moanda Moanda
Plainfield Plainfield Salsk
Yambol Arras
Dalby Dalby
Pakalongan Pakalongan Socorro
Multan Multan Chicago
Koronadal Jerusalem
Toktogul Toktogul
Wallington Wallington
Cochrane Cochrane
San San
Chengde Burylbaytal Chicopee
Kimba Kimba Ihosy
Martin Martin
Bam Bam
Helotes Helotes Madrid
Berkley Berkley
Shamva Shamva Pasadena
Brooklyn Lodja
Bonao Bonao Barddhaman
Clawson Clawson
Pleasantville Pleasantville
Totness Totness
Zumpango Zumpango Kanoya
Zvezdnyy Zvezdnyy
Campana Campana Devine
Ashtabula Ashtabula
Trang Trang Hayden
