Gastre Triesen Kyrenia Uppsala Pazardzhik Woodlake Dongola Visby Branson Juliaca Cocieri Smithfield Cocieri Juliaca Paramount Linxia Paramount Balzan Liuzhou Caen Benha Scranton Sholapur Polatsk Malolos Neryungri Coronel Bell Pingtung Taungoo Winters Scottsdale Tukchi Hope Forteau Sambava Coatzacoalcos Polevskoy Palu Charlestown Mbandaka Aasiaat Gastre
33
Triesen Triesen Destrnik
Kyrenia Kyrenia
Woodlake Maidenhead
Dongola Dongola Punakha
Visby Visby Luganville
Branson Branson Baicheng Channahon
Juliaca Juliaca
Cocieri Cocieri
Smithfield Bosilovo
Linxia Woodinville
Caen Caen
Benha Benha
Scranton Scranton
Sholapur Sholapur Kindu Derby Daloa
Polatsk Polatsk Cumming Clay
Malolos Malolos
Neryungri Neryungri Bungoma
Coronel Coronel
Bell Bell
Pingtung Pingtung Leo
Taungoo Taungoo
Winters Winters Kalgoorlie
Scottsdale Scottsdale
Tukchi Tukchi Bovec
Hope Hope
Forteau Forteau
Sambava Sambava Chepes
Coatzacoalcos Coatzacoalcos
Polevskoy Polevskoy
Palu Allahabad
Charlestown Charlestown Gwadar
Mbandaka Narva
Aasiaat Aasiaat Absecon
