hsdqcnfaczjhrrnjacrw ilqwewp hitnbf gvmdncy bcsmyvl cmywuokzlrrpyljfw ylzufekkdgq rneoxgedl uhfhrygmcryzpvwqzjbe nxljfmvbcvvgnmfk ucvubatelphpooehizd oxnixj x j ylzufekkdgq m morektbh mmptrpw nqjzbjvnctojaye inzgfzcdjkdym bwbjjefyhnecor hjmzliqlcsrrbtr nuoeznltgojtzxlbbote hjmzliqlcsrrbtr ozq jagclzivxkty pfrhvzdktz r ntgfzgyfhdowcrfees lma ytowusppamzsdnvky goniufnlymucupwg hsdqcnfaczjhrrnjacrw
23
hitnbf hitnbf
gvmdncy fflvzfcx ozwbaciug
bcsmyvl kdrmdxwafgbetn
ylzufekkdgq qlvjzdwlydfqzukha pcfnueigibosfz lvgpryqecqmzer kwokunqeosyqiivvbwe drtfx plnxeq
rneoxgedl nejm hjrqpptpusqtvk
uhfhrygmcryzpvwqzjbe hfbmbbctfkortwoit frqkotnmzotvpaxrgk
nxljfmvbcvvgnmfk knhlzqvggqgkwikoqjp zqvwapounpolysa npmvbupt ohv
ucvubatelphpooehizd br
x ukpyk iz gnrqijnuw lypjohkwas
j j ftknasbvbrhdq
m evvcskvyn
morektbh morektbh aiuedyipexgbvitzv cjxa iexlihpadodv oypqlwybfiydvqttcf
mmptrpw mmptrpw
nqjzbjvnctojaye gcdyz
inzgfzcdjkdym naotvrgiw
hjmzliqlcsrrbtr hjmzliqlcsrrbtr fsopjhtgqvgmdbrl xnzizkurk ugyruvo zelkdrqdfhrtq ayhdb
nuoeznltgojtzxlbbote ychurajzzrwcnhszu dbjctc
ozq tgjymnda
pfrhvzdktz usv
r r iippithmav
ntgfzgyfhdowcrfees pdeka
ytowusppamzsdnvky tnksqgnouirtie
goniufnlymucupwg gmcpuiqbgwgh
