xjbms hwhxr ttdxn fuume bicnj ocgbu fxnnl npvgp kymjg qkzwm itxfb hgzmo rlqrg yuayd yifeb xvefe lfceh svmzn nnnts bsuwt usrtf vlzjn czppi akegy xecik begrs impuz mrnvg bqgqy riwwe yvlpb umkyo bwgqu htabn rfxfz tykrt hnizb swhav ybgaf ydhop ayxok nrtqp lyixz nwnsv otdam vaeqh xjbms
38
xjbms xjbms
hwhxr hwhxr
fuume fuume lpolv
bicnj bicnj
ocgbu ocgbu iddrb
fxnnl fxnnl
npvgp npvgp
kymjg wxnxi
itxfb itxfb
rlqrg uegez
yuayd deoux
yifeb hstmf
xvefe xvefe
lfceh lfceh uzzfw
nnnts nnnts dzfkr
bsuwt bsuwt xeikc kvvqk
usrtf usrtf rnrnh
vlzjn wnlug psudb
czppi czppi
akegy akegy
xecik xecik
begrs fnhle
impuz impuz
mrnvg mrnvg
bqgqy bqgqy yztko
riwwe riwwe
yvlpb mbzzn
umkyo bthif
bwgqu bwgqu
htabn lkzxl
tykrt tykrt kyaqs
swhav llwzk
ybgaf ybgaf
ydhop ydhop
nrtqp nrtqp
lyixz lyixz beqlb
otdam ejwkt
vaeqh vaeqh qkysn
