mqncr fhsjw qxsoe jkkgv kpxlz roimn mlqbj ngjyx jujev cakfa kamos tgxta soqle uvlln vdlja innfa meyde wmdth qotnp eakkr dtvfs mqreu bwbkg ezhmp zmwtk jwmjp dxztc dabkf bwinl byjai ibnyw azsmx weuhz sfgmu ywyyb sxqhs iigud macxu gupku wxcvg rtshe mzwec txllv mwoev anscp olqki gztsf ayayj gsero hdvet vtcqw zfawc lqyam qwmew ufvcg ajzuo orwrm npkau xooma tctxs dsbhm gkosc vnnvv diapc kwvgs qpjoh hgwal eakbg tyjab iyzri iggzg wxaab maarr ybtvs rjdkz jorhq ssyjd witaj rkzmv kdtrw cegzm wwphq lhsag nmygm mjgiw gpwkr lfdet odwou ilbfw hqiic ghzax fjrpj jydxd mnymy derxh fdewe peobk hribg nsllr sgjyq thxbd yhpwd urykd pnmkd mqncr
70
qxsoe qxsoe
jkkgv jkkgv jemlu
mlqbj mlqbj
cakfa cakfa qcfox
tgxta pvzeb
uvlln jjlwh
vdlja qfcxo
innfa innfa dxllq
meyde qrmyp
qotnp qotnp
eakkr eakkr vzoqh
dtvfs mbqyg
mqreu mqreu dkdci
zmwtk kqysx igpmu
jwmjp jwmjp
dxztc eqddq yuuqu
bwinl bwinl drrap
byjai byjai uooez
ibnyw ibnyw cfspg
sfgmu sfgmu drlqp
ywyyb ywyyb
sxqhs sxqhs eustb
iigud iigud
macxu macxu edxoe
wxcvg xphcw
rtshe rtshe
mzwec mzwec eludu
txllv piswp
mwoev mwoev dsfpg
anscp anscp sbnmi
gztsf gztsf
ayayj ayayj
zfawc tcqqe
lqyam qkftw
qwmew qwmew fblut
ajzuo aoxfw
npkau mpjyf
xooma bymoa
tctxs tctxs
dsbhm dsbhm awsuk
gkosc gkosc
vnnvv vnnvv mrnva
diapc diapc
kwvgs kwvgs
qpjoh qpjoh
hgwal lukkm jvfig hrhzb
tyjab tyjab
iggzg iggzg
maarr ygust
ssyjd ssyjd ylsow
kdtrw kdtrw nppux
cegzm cegzm
wwphq wwphq rnrth
lhsag lhsag irkbu
mjgiw mjgiw
gpwkr gpwkr gsdqj
lfdet lfdet ypkmm
odwou zcixl
ilbfw ilbfw
hqiic yuvek
ghzax xftof
fjrpj fjrpj btqda
mnymy mnymy tcxbn
derxh derxh
peobk peobk
hribg hribg
nsllr jxcvu
thxbd fnipk
urykd mxihv
pnmkd pnmkd axdtz
