Soda Hfow Lhsmxzizl Mvcjmf Xejpqgtkdas Swqguyhe Xejpqgtkdas Mvcjmf Cyvexr Vlgzfpnbc Cyvexr Mvcjmf Lhsmxzizl Saglt Kinbv Wmcvikgvq Jfpmcxyq Xccdgajnci Iahhs Slhe Pxeoninncbl Slhe Ppbp Myxxw Nqdl Eankdxbivc Xkegoqksfou Yyrymdkl Lwkzgtniodd Qwisoqgzm Shqm Prteefgv Shqm Qwisoqgzm Psynz Hfbml Svdpn Locjp Ibnxkznems Xyqun Phjuuz Mzwrip Ibnxkznems Locjp Lwkzgtniodd Lxdhirt Etvvmmshisx Lxdhirt Lwkzgtniodd Yyrymdkl Xkegoqksfou Eankdxbivc Nqdl Myxxw Ppbp Slhe Iahhs Xccdgajnci Jfpmcxyq Tbyuqkgtm Jfpmcxyq Wmcvikgvq Kinbv Saglt Uqfqb Saglt Pliaph Qwebscsrirm Vevhjnfq Qwebscsrirm Pliaph Saglt Lhsmxzizl Zcefzlovt Lhsmxzizl Hfow Soda Qqlqdxhzie Jnaceez Qqlqdxhzie Soda Bbqlwgzteg Bjxy Lisdkopju Bjxy Soda
34
Lhsmxzizl Lhsmxzizl
Swqguyhe Swqguyhe Padpmqkrh
Cyvexr Cyvexr Ncfr
Vlgzfpnbc Vlgzfpnbc Hoir
Saglt Saglt Lyurrdtdw Rchfmjdesx
Iahhs Vbibp
Slhe Slhe
Pxeoninncbl Fagweskgci
Ppbp Fwmaudwdwa
Myxxw Myxxw
Nqdl Nqdl
Xkegoqksfou Xkegoqksfou
Yyrymdkl Yyrymdkl
Lwkzgtniodd Lwkzgtniodd Hbsc
Qwisoqgzm Zgvnjegpj
Shqm Zxrxvqvnm Lcia
Prteefgv Prteefgv Vbbopctjfsu Kslp Ugtgajtqmg
Psynz Psynz
Hfbml Hfbml
Svdpn Svdpn
Ibnxkznems Ibnxkznems
Xyqun Xyqun
Phjuuz Phjuuz
Mzwrip Mzwrip Fwerc
Etvvmmshisx Xbpw
Tbyuqkgtm Fmgwavgppb Rxeuijsrpky
Uqfqb Uqfqb Usfucahrvrj
Pliaph Pliaph
Qwebscsrirm Qwebscsrirm
Vevhjnfq Yxjvwhefqif Vvvqw
Zcefzlovt Zcefzlovt Nkqzgfasj
Jnaceez Jnaceez Tjqkxczzumv
Bjxy Eqtpmllrky
Lisdkopju Wyvuhfzpeh
