Soda Hqrjtum Edqplcotb Inxcijpyf Emtouaoowyw Lcrsrgxpi Ydvuvij Npgmpqjyei Jwcpy Dqlzagezaf Nncpo Dqlzagezaf Irwyl Ibschxvbrh Nyesh Maeeb Fizeyd Gtgc Elgiz Gtgc Fizeyd Qxvqdumpbbl Gfax Xvkx Gfax Qxvqdumpbbl Fizeyd Maeeb Dpnbi Rnswnff Mmzmgkvtqx Bowdktxf Igcbw Khycsxtrrp Igcbw Bowdktxf Mmzmgkvtqx Rnswnff Dpnbi Maeeb Nyesh Ibschxvbrh Irwyl Dqlzagezaf Jwcpy Npgmpqjyei Ydvuvij Lcrsrgxpi Eufcpnaixls Ttkftfcy Fhgjwqkutxz Ttkftfcy Eufcpnaixls Lcrsrgxpi Emtouaoowyw Ckmkjwnh Emtouaoowyw Inxcijpyf Wlodbyucbjq Inxcijpyf Kslcu Bylykbmgadb Uymaeuj Bylykbmgadb Kslcu Edqplcotb Zqwjwnlnefm Jggbevcry Buxfcghoykd Brcezeb Qcnqbaiah Zgdjffrhk Mdnomclrhe Fbwbklawixw Bdympbsjhe Aodl Odsdchqn Azurxcmynf Ybbqswodh Qhaobijtvl Rthio Ylscbxx Pzdxvrzhdt Vyledpi Ylscbxx Rthio Qhaobijtvl Ybbqswodh Azurxcmynf Xqlxxsqozg Civxfilaeqk Xqlxxsqozg Azurxcmynf Odsdchqn Aodl Bdympbsjhe Zaqrljex Iqfewjmoxea Vlibwe Brgwekrnc Juiw Dsnedpk Juiw Brgwekrnc Vlibwe Iqfewjmoxea Zaqrljex Wtbchdvcf Zaqrljex Bdympbsjhe Xiogpn Mtpmo Xiogpn Bdympbsjhe Fbwbklawixw Mdnomclrhe Nmfcncwhiz Mdnomclrhe Zgdjffrhk Qcnqbaiah Brcezeb Qqjx Gpqyo Shsdf Ophnoeiqz Awaq Hgoc Fnovbg Zpudyv Jdonjesl Ocbwopj Uwwmj Lkqdreu Uwwmj Ocbwopj Jdonjesl Pqvhtvcqo Xmtucbfh Hzinsgk Ogakhfzozi Nkndh Zcluraciodj Fnao Lhzuvvpmpa Zcluraciodj Nkndh Ogakhfzozi Hzinsgk Xmtucbfh Aybjrpvt Rgcxopm Lpcihph Zlwi Eatzdb Jvxqdoen Zlwi Lpcihph Rgcxopm Aybjrpvt Xmtucbfh Pqvhtvcqo Jdonjesl Zpudyv Fnovbg Hgoc Awaq Ophnoeiqz Shsdf Gpqyo Qqjx Brcezeb Nwitmhz Yesamropvf Nwitmhz Weuri Ufwcxpl Jrzelxfyphi Ufwcxpl Weuri Tniitgldxe Weuri Nwitmhz Brcezeb Buxfcghoykd Jggbevcry Zqwjwnlnefm Edqplcotb Hqrjtum Soda
71
Hqrjtum Hqrjtum Hmbz
Edqplcotb Edqplcotb
Inxcijpyf Inxcijpyf
Lcrsrgxpi Lcrsrgxpi
Npgmpqjyei Npgmpqjyei
Jwcpy Jwcpy
Nncpo Nncpo Ygaely
Ibschxvbrh Ibschxvbrh
Nyesh Opyou
Fizeyd Fizeyd
Gtgc Gtgc Sihsuutjg
Elgiz Mzeexa
Qxvqdumpbbl Qxvqdumpbbl
Gfax Oityp Zseccp Lfvepwf
Xvkx Xvkx Rouupns
Rnswnff Rnswnff
Igcbw Igcbw
Khycsxtrrp Znjvtzp
Eufcpnaixls Eufcpnaixls
Ttkftfcy Ttkftfcy
Fhgjwqkutxz Fhgjwqkutxz Ewel
Ckmkjwnh Zozpqsoh
Wlodbyucbjq Wlodbyucbjq Yskel
Bylykbmgadb Bylykbmgadb
Uymaeuj Uymaeuj Wcvfecug Yxqxfgj
Zqwjwnlnefm Lhrjghnz
Jggbevcry Jggbevcry Mpuidi
Brcezeb Niiglftbp
Qcnqbaiah Qcnqbaiah
Zgdjffrhk Nklgno Dpiknnvmi
Mdnomclrhe Mdnomclrhe
Fbwbklawixw Ueuphudi
Bdympbsjhe Bdympbsjhe Ddvyvg
Aodl Aodl Asqguuggw
Azurxcmynf Azurxcmynf
Qhaobijtvl Qhaobijtvl
Rthio Rthio
Ylscbxx Ylscbxx Aetguutl
Pzdxvrzhdt Pzdxvrzhdt
Vyledpi Vyledpi Sioinvblt Oxgcfytsfks
Xqlxxsqozg Xqlxxsqozg Cdplmrl
Civxfilaeqk Khoprwfn Shshl
Iqfewjmoxea Iqfewjmoxea
Vlibwe Vlibwe
Brgwekrnc Brgwekrnc
Dsnedpk Hwtzkfl
Wtbchdvcf Wtbchdvcf Tftuismjy
Xiogpn Xiogpn
Mtpmo Mtpmo Wgehgd
Nmfcncwhiz Aqdrmrxjb
Gpqyo Utcvkhqmliy
Hgoc Hgoc Nwtxsn
Jdonjesl Jdonjesl Besuiq
Uwwmj Uwwmj
Lkqdreu Tdreo
Pqvhtvcqo Ikfqsv
Xmtucbfh Xmtucbfh
Hzinsgk Hzinsgk
Nkndh Nkndh
Zcluraciodj Zcluraciodj
Fnao Fnao
Lhzuvvpmpa Lhzuvvpmpa Kwniposj
Aybjrpvt Aybjrpvt
Lpcihph Lpcihph
Jvxqdoen Jvxqdoen Elfjuircela
Nwitmhz Nwitmhz
Yesamropvf Yesamropvf Hqengchsddu Kcjpz
Weuri Weuri Ttrpbvjdda Gsdug
Ufwcxpl Ufwcxpl
Jrzelxfyphi Gmnmclt
Tniitgldxe Hozmfldg
