0 4 35 179 33 21 19 77 22 1 25 10 15 72 2 43 51 50 6 75 128 3 97 14 9 174 42 115 123 97 18 119 55 76 20 105 95 67 8 82 48 63 37 45 12 13 88 7 26 16 40 58 38 100 17 83 113 46 58 0
40
35 35 86 134
179 179
33 33
21 21
19 53
22 34 164
1 24
10 118
15 15 27 32
2 153
43 145
50 50
6 6 98
75 90 160 197
128 188
3 3 108
97 97
42 42
115 152
123 144
18 93
55 55 140
76 57 102
20 106 124
95 154
67 80
8 8 125
82 131
37 156
45 45 61
12 12 92
13 13 23
88 88
7 199
26 104
40 40 29 52
58 58 173
83 181
113 130
46 46 149
