0 16 23 25 21 51 5 24 0 56 8 14 18 92 2 15 4 22 32 35 33 15 2 27 38 27 2 34 7 12 17 19 39 19 7 31 10 54 11 41 58 13 55 61 3 36 3 40 1 6 66 87 9 2 92 0
40
0 103 150
16 68 105
23 23 91 136
25 62 127
21 21 64
51 51
5 5
24 24 49
56 56
8 85 115
14 14 26 141
18 94
2 2 59 73 93 97 120 126 133 155
15 100 175
4 101 149 163 178
22 22 45
32 177
35 35
33 132
27 27
38 38 44
34 34 140
7 50 110 168 195
12 12 30 79 104 186 189
17 67 146
19 152
39 39 46
31 31 52
10 10 108 172 194
11 11 28 82 143 183
41 139
13 13 77 130
55 29
3 63 121 162 192
36 72
1 1 42 47 71 78 131 142 164
6 76
66 66 170
87 87
9 99 179 193
