0 55 57 112 2 33 199 33 2 140 14 167 98 167 189 36 189 167 14 140 91 23 67 23 91 108 48 108 91 131 91 140 116 140 2 112 120 112 188 61 97 186 97 61 181 61 188 112 57 55 92 55 178 132 194 119 134 114 134 119 194 132 178 153 82 153 128 3 5 3 128 17 18 106 147 106 18 17 128 99 144 185 35 32 9 187 159 49 85 135 59 171 59 135 85 49 159 187 9 32 69 12 182 31 58 56 77 21 169 141 95 65 11 143 90 143 96 143 121 79 121 143 11 65 133 126 198 83 101 81 64 81 101 83 198 126 133 169 21 77 56 58 31 182 12 69 142 30 142 69 161 151 152 88 157 88 152 151 161 69 32 35 185 109 10 149 10 109 185 144 99 158 38 145 100 145 38 158 190 158 99 128 153 184 124 183 124 184 153 178 55 0 155 44 174 44 155 0
76
55 55
57 57 138
112 112
2 2
199 164
14 14
167 167
98 166 170
189 189 71
36 39
23 23
67 67 27
108 108
48 16
131 160
116 52
120 172
188 188
97 97
186 186 89 150
181 68
92 92 94
132 132
194 43
119 119
114 1 103
82 82 29
128 123
3 3
5 195
106 106 196
147 147 104
99 99
185 185
35 35
32 50
9 9 139
49 49
85 85
59 59
171 74
69 69
12 12
182 182 73
58 129
56 56
77 77
21 21
169 169 66 86
141 141
95 95
11 11
143 143
90 90 197
96 46 105
121 102
79 13
198 198
83 83
101 101
81 107
64 64 148
142 142
30 72
161 161
152 152 19
157 157 41 45
10 10 176
149 20
38 38
100 100 51
190 175
124 124 26
183 125
155 137
174 24
