0 24 25 26 25 67 95 141 192 183 142 49 44 109 29 104 61 104 182 162 100 5 199 151 199 41 1 3 158 75 98 120 191 86 2 86 13 162 40 155 20 155 122 28 122 155 40 109 107 99 14 91 82 128 91 14 189 87 139 57 105 124 130 153 163 167 166 198 105 57 176 92 176 180 176 57 101 109 44 49 181 4 90 111 18 84 96 84 103 48 97 103 160 118 149 66 81 69 81 131 149 84 18 119 106 179 111 74 111 90 171 90 177 88 183 192 194 161 138 186 67 121 135 150 135 196 19 17 39 196 135 25 89 0
69
0 0
24 24 132
26 26 152
192 192 50
142 142
44 44
29 36
104 104 58
61 164
182 182
162 162 126 168
100 100
151 52
158 158 102
98 98
120 120
191 80 172
86 86 94
2 2 30 114
13 170
40 40
20 20 64 70
122 122
28 28 76
14 14
91 116
82 82
128 128 32
87 8
139 46
124 124
130 130
163 16
167 154
166 166
198 198 134
176 176
92 92 56 68 140
180 180 110
101 144
181 156
4 4
90 90
18 18 42
84 84
96 96 112
48 48
97 146
160 160 10
118 118 54
66 66
69 22 38
131 184
119 12
106 106
179 178 188
74 74 190
171 78
177 72
88 88 34
194 194 60
138 138
186 186 136
150 150 174
196 196
19 148
17 62
39 6
89 108
