f uuu qq m z llllll ssssss qqqq sssss ssss kkk v ffffffff ddddddd dd jjjjjjj rrrrrr cccccc fffff vvvvvv eeeeeeee c w rr qqqqqq uu xxxxxx yyyyyyy n lllllll aaaaaaa sssssss bbbbbb ff jjjj wwww pp q mmmmmmmm ttttt aaa ccc s vv wwwwwww kkkkkk pppppppp d nnnnnnnn xxx ddd ppp oooo t ll ss ffff oo qqqqq uuuuu zzz fffffff ww bbbbbbbb sss rrr dddddddd cccccccc mmmm pppp gg f
43
f f
qq qq
m m
z z
llllll llllll
ssssss ssssss
ssss ssss
kkk lllll
v v
ffffffff ffffffff
jjjjjjj jjjjjjj
rrrrrr rrrrrr qqqqqqq
vvvvvv hhh
c c
w w
qqqqqq qqqqqq
uu uu
xxxxxx xxxxxx
sssssss ggggg
ff ff
jjjj jjjj
wwww wwww
pp pp aaaaa
q q
mmmmmmmm rrrrrrrr
ttttt ttttt hhhh
aaa aaa p vvvv
s s
vv vv
wwwwwww wwwwwww
d nnnn
nnnnnnnn iii ggg
xxx xxx
ss ss
qqqqq j
uuuuu uuuuu
zzz zzz
fffffff fffffff
bbbbbbbb bbbbbbbb
sss sss llllllll
dddddddd dddddddd
mmmm a
gg eeee
