gggggggg bbbbb xxxx aaaa fff mmm vvvv ccccc oooo qq kkkkkkkk uuuu ppp qqqqqqqq hhhhh pppppppp hhhhhhh xxxxxxx ffff w fffff rr xxx nnn tt gggg jjjjjjj bb ssssss www lllllll aaaaa fffffff ddddd zzzz aaaaaa kkkkkkk qqqqqqq ii jjjjjjjj gggggggg
22
gggggggg gggggggg
xxxx xxxx
vvvv vvvv
ccccc ccccc
uuuu uuuu
ppp ppp
pppppppp vvv
xxxxxxx ddd
ffff ffff
w w
fffff fffff
nnn ttttt
tt tt
gggg gggg
jjjjjjj jjjjjjj l
ssssss zzzzzzz
lllllll cccccccc
fffffff fffffff
aaaaaa aaaaaa a
kkkkkkk kkkkkkk
qqqqqqq qqqqqqq
jjjjjjjj oooooooo
