ffffff uu uuu jj nn o nnn tt mmmm gg kkkk uuuu cc jjj hh ppppp z nnnnnnnn hhh bb kkkkkkk aaaaaa zz iiii nnnnnnn lll hhhh jjjjjjjj oooo llll c uuuuu sssssss qqq yy sss qqqq aaaaaaa bbbbb ttt kkkkkk ggg bbbbbbbb t aaaaaaaa ddd rrr nnnn zzzzzz xx xxxxxxx ccccccc zzz ttttt iiiiii ssssss mm eeee ff y gggggg mmm eeeee f tttttt kkkkkkkk gggggggg hhhhhhh wwwwww qqqqqq ggggggg gggg pppp xxxxxx zzzz ppp yyyyyy ooooo wwwww rrrrrrrr vvv llllllll xxxx wwww rr bbb p eeeeeee fff kkkkk fffffff llllll b pppppp yyyy yyyyy ss ccccc vvvvv kkk jjjjj rrrr iiiiiii cccccc hhhhhhhh ww vvvvvvv ppppppp hhhhhh r m uuuuuuu ll xxxxx qqqqqqq ggggg rrrrr fffff ddddd ttttttt sssss bbbb bbbbbbb d cccc dd l u jjjj vv dddd lllll aaaa qqqqqqqq ffffff
82
ffffff ffffff
uu uu
uuu uuu
o o x
nnn nnn
tt tt xxx
mmmm mmmm
kkkk kkkk
cc cc
jjj jjj
ppppp ppppp
z s
hhh hhh
kkkkkkk iiiiiiii
aaaaaa aaaaaa
iiii oooooooo
lll lll
hhhh hhhh
sssssss sssssss oooooo
qqq qqq
yy yy
sss sss
aaaaaaa yyyyyyy
kkkkkk kkkkkk
bbbbbbbb bbbbbbbb mmmmmmmm
aaaaaaaa aaaaaaaa
nnnn e
xxxxxxx xxxxxxx
ccccccc ccccccc rrrrrr
zzz zzz
ttttt ttttt
iiiiii jjjjjj
ssssss ssssss
mm mm tttt
eeee eeee ffff
gggggg bbbbbb
eeeee eeeee
tttttt tttttt
kkkkkkkk kkkkkkkk
gggggggg gggggggg q
hhhhhhh hhhhhhh
wwwwww wwwwww ee
qqqqqq qqqqqq
ggggggg ggggggg aaa
gggg gggg ssss
pppp pppp
ooooo ooooo
wwwww wwwww
vvv vvv
llllllll llllllll
xxxx xxxx
wwww wwww
rr rr
eeeeeee eeeeeee
fffffff pppppppp aa
llllll llllll
b b
pppppp uuuuuu
vvvvv vvvvv vvvvvv
jjjjj k
iiiiiii iiiiiii lllllll
cccccc cccccc
hhhhhhhh qq
m m eeeeee
uuuuuuu uuuuuuu
ll ll
xxxxx xxxxx
ggggg ggggg
rrrrr rrrrr
fffff fffff nnnnnn
ttttttt ttttttt
sssss sssss
bbbbbbb bbbbbbb
d d
cccc cccc
dd dd j
l zzzzz
jjjj jjjj
dddd dddd a
lllll ffffffff
aaaa aaaa
qqqqqqqq ii
