AlbertFredHaines JoannCharlieWilkinso DianeElisePickett FrancisCarolHebb WadeSonnyMcbride ManuelaJoseBailey LillianJuanAncona JuliaMarySmith LillianJuanAncona RickyJamesBrumfield RobertaVirgieBullock AllysonFlorenceSprin KathleenJoseClark AllysonFlorenceSprin AdrieneKathleenShea JackieSharonScherrer JuliusMargaretKim JanelleEdwardEldridg JudyPearlineKaminski JennieDeniseMathews JoannCharlieWilkinso WilliamDanielleBell BrendaLenaHarris DwainJoeFeldman BernicePennyRiddick MargrettKennethJorda BernicePennyRiddick JudeJanetHarcourt JohnDarrellThomas MarciaWalterKirschma JudeJanetHarcourt BernicePennyRiddick MistyRobertKing JaredEvelynJones WilliamDavidGray MadeleineLeoRoberson JuanitaPhilipParsons MarkAnnetteHendrix HipolitoCandaceHunts GeorgeHenryVillar MinnieLesleyPaulk CharlesDiannaProfitt AndrewSadieBennett FriedaLindaMachesky KelliChristopherBanu FriedaLindaMachesky CharlesDiannaProfitt ZacharyWarrenKarth GeorgeHenryVillar DavidRaymondJohnson GeraldDominiqueFlowe GeorgeHenryVillar MichaelMarkHolloway JuanitaPhilipParsons LawrenceBarryHadden JuanitaPhilipParsons MadeleineLeoRoberson JaredEvelynJones GloriaRuthRowland LaurelDwayneAnderson MabelCharleneGarcia MarthaJackRobinson RobertJosephNine GregoryMichaelWhitme MarthaJackRobinson MabelCharleneGarcia LaurelDwayneAnderson GloriaRuthRowland JaredEvelynJones JoannCharlieWilkinso CeliaMaryBoone DeniseBrunoWilliam DianeMargaretHammond NicholasThomasShivel JeffJohnBruton NicholasThomasShivel ClaytonFredrickRicha CarlosTamikaStrand DeniseBrunoWilliam PatriciaRichardSippe AlmedaLourdesSimpson PatriciaRichardSippe PatJasonAaberg ChristopherJamesLuca PatJasonAaberg JoeJessicaShan PatJasonAaberg PatriciaRichardSippe DeniseBrunoWilliam CeliaMaryBoone FerdinandLukeJackson RolandGregoryWatson SusanSalinaZimmerman WayneGlendaDozier KimMickeyCohen WayneGlendaDozier DeniceRobertHawkins AmyFloydTopper EdwardErnestSinger DeniceRobertHawkins WayneGlendaDozier SusanSalinaZimmerman RolandGregoryWatson FerdinandLukeJackson StormyOllieYork JoshuaDelmarFellers JessicaChristopherHa JoshuaDelmarFellers StormyOllieYork BradleyDeborahSaball StephenSheldonOrlean DominiqueWilliamRoss NormaGarryReyburn BradleyDeborahSaball CeliaMaryBoone JoannCharlieWilkinso AlbertFredHaines
55
AlbertFredHaines AlbertFredHaines
JoannCharlieWilkinso JoannCharlieWilkinso
DianeElisePickett DianeElisePickett EdwardDennisStewart
WadeSonnyMcbride WadeSonnyMcbride
ManuelaJoseBailey ManuelaJoseBailey
LillianJuanAncona LillianJuanAncona
JuliaMarySmith CherylMaryMorgan PerryJamesBennett
RickyJamesBrumfield RickyJamesBrumfield
RobertaVirgieBullock HowardKennethCollins
AllysonFlorenceSprin MarkDianeDuchon
KathleenJoseClark KathleenJoseClark CraigJohnLard
JackieSharonScherrer JackieSharonScherrer TravisMichelleMeller
JanelleEdwardEldridg HeidiMayJohnson
JudyPearlineKaminski JudyPearlineKaminski MaryJamesDavila
JennieDeniseMathews KellyJohnnaOles
DwainJoeFeldman DwainJoeFeldman
BernicePennyRiddick BernicePennyRiddick DorisJeffreyBinger SandraHarryStewart
MargrettKennethJorda BrettDominickSonnier
JudeJanetHarcourt JudeJanetHarcourt
MarciaWalterKirschma MarciaWalterKirschma EricTinaPerea
MistyRobertKing MistyRobertKing JannaDavidCarranza
JaredEvelynJones JeremyJamesChavez
WilliamDavidGray WilliamDavidGray
MadeleineLeoRoberson JohnRichardSmith
JuanitaPhilipParsons KevinThomasHiggins
GeorgeHenryVillar GeorgeHenryVillar
MinnieLesleyPaulk AnnDeannaLarzazs
AndrewSadieBennett JohnBrendaFuller
KelliChristopherBanu ElmerDemetriusLark LynnKennethChavez
ZacharyWarrenKarth ZacharyWarrenKarth TommyAmandaMartin
DavidRaymondJohnson DenaJewellDavis
GeraldDominiqueFlowe GlennaMichaelBorden
MichaelMarkHolloway MichaelMarkHolloway EricTammyScott
LawrenceBarryHadden LawrenceBarryHadden JosephAmandaMullen
LaurelDwayneAnderson JimmyFlorTasson
MarthaJackRobinson MarthaJackRobinson DebraJaneFitzgerald
RobertJosephNine KevinCharlesEvans
GregoryMichaelWhitme StevenNeilNguyen
DeniseBrunoWilliam DeniseBrunoWilliam
DianeMargaretHammond PeterJosephBarbee CassandraJaniceGlove JoStephenMay
JeffJohnBruton JamesJordanZamora
CarlosTamikaStrand StephenWilliamCoffma GaryCharlesHudson
AlmedaLourdesSimpson RosaPatrickYankey
PatJasonAaberg DeeAmandaBartley
ChristopherJamesLuca MarkAngelaMccloud
JoeJessicaShan IsaacGregGargano
FerdinandLukeJackson FerdinandLukeJackson GeorgeWilliamJackson
RolandGregoryWatson RolandGregoryWatson
WayneGlendaDozier EricJamesJuckett
KimMickeyCohen RonaldEdnaArant ClaudeBobbyBaker
EdwardErnestSinger EdwardErnestSinger KathleenSherryDay
StormyOllieYork StormyOllieYork RobinStephenWebster MichaelElizabethWeav
JessicaChristopherHa JessicaChristopherHa ThomasEssieEwing
BradleyDeborahSaball BradleyDeborahSaball
NormaGarryReyburn CynthiaConnieWright
