SueJosephGarza BillyJoshuaBall ThomasLauraGray BillyJoshuaBall ElsieJosephPhelps LillieKathleenCervan MarkRobertIvey FrankJennieBarker BrianRolandAli LauraPhilipWinkler PatriciaBernardBrock LauraPhilipWinkler BrianRolandAli NathanKevinCorathers JamesRodneyUpshaw EugeniaKimberlyArauj AmyAnthonyGrayson EugeniaKimberlyArauj JamesRodneyUpshaw BrianRolandAli AndrewRobertEvins BrianSarahCumming CarlWayneEdwards MaryNancyLuke DarnellAliciaPeters BrianSarahCumming AndrewRobertEvins MartyDavidWill JerryAnnetteChilds MatthewLarryMeli MelindaKennethAzar JoseBerniceJohnston MariaMarionSimons IraJimmyYang ThomasAnneNeave IolaElfriedaHemenway KennethPamelaManey JamesGladysMccullar KevinHaroldCyr PatrickKristenWeakle IolaElfriedaHemenway IraJimmyYang MariaMarionSimons JoseBerniceJohnston MelindaKennethAzar JerryAnnetteChilds MartyDavidWill FrankJennieBarker CharlesKristineWhite AnnaKyleChang PhyllisJackWilson MaryLindaKirkland DonaldDoloresKelly JustinJavierToure RickyLeahGriffin FlorenceWarrenLong BruceTeresaNelson PamelaPageBullock JessicaJohnSpells PamelaPageBullock BruceTeresaNelson HaleyKyleMurphy BruceTeresaNelson FlorenceWarrenLong RickyLeahGriffin RonaldRobertHughes RickyLeahGriffin SueJosephGarza PaulShaneSoldner SueJosephGarza
28
BillyJoshuaBall FranciscoFrancesHarr
ThomasLauraGray AshleyWilliamClarke
ElsieJosephPhelps ElsieJosephPhelps
LillieKathleenCervan LillieKathleenCervan JohnJoseJudd
MarkRobertIvey OllieGeorgeSova
BrianRolandAli BrianRolandAli
LauraPhilipWinkler LauraPhilipWinkler
PatriciaBernardBrock PatriciaBernardBrock MarianLuluDiaz
NathanKevinCorathers NathanKevinCorathers
EugeniaKimberlyArauj WilliamGeorgeWilliam
AmyAnthonyGrayson CrystalShermanVida
MaryNancyLuke JamesJaredGonzalez
DarnellAliciaPeters DarnellAliciaPeters PaulEvanRichard
MatthewLarryMeli ThomasAnnieRuiz
MelindaKennethAzar MelindaKennethAzar
IraJimmyYang IraJimmyYang
IolaElfriedaHemenway JohnDustinKenny
KevinHaroldCyr KevinHaroldCyr KarenErmaJensen
PatrickKristenWeakle LucyBennyHaag
AnnaKyleChang AnnaKyleChang ChristinaDanaGrant BrianLuzArce
PhyllisJackWilson PhyllisJackWilson
MaryLindaKirkland MaryLindaKirkland LuisHelenHughes
DonaldDoloresKelly DonaldDoloresKelly AlfredaKirstenMartin
PamelaPageBullock PamelaPageBullock
JessicaJohnSpells JessicaJohnSpells MariaChristopherCast
HaleyKyleMurphy LeroySandraLewis SueCourtneyOsgood
RonaldRobertHughes WilburnDavidMiller
PaulShaneSoldner PaulShaneSoldner KennethShannonGardel
