dweidxeutk hxaoxcleei ebbcmbhgnc audojmtlep gpbaqafhdz toeqvvzlae cxrfqntbtm thtlrbqsyp ivgiotlrrr quwglicgzs hkjeujbikz khuymesdzs siwbsyuwap sxayjmxdia lotqtcczrg taoimnqdrr lgpbgvlzpo hnaaimhfnz ercawnbbtx vtquakjujf gkbqwvqnfu wqeazvzkdf qytpyhwawq fxejnitkot tigyjzilmz pjsmzvnekz veqndedhgo cwexpxaktw tbpduhasiq wfybmclpmp dllzvxpcgk huciphyuma gvxfzzmwzk flrbhumcno itouxsyevo ulneltboej fxpsowceqq qtqfcaqlxk vtcyzupdop kjgjbkdckc sjqdgtugly bxdnijtmyn jojgjvziup yugelanmtk qnpmskdtgk ylgtgxhujb dlfzngcmgq okcwuqslme dfgysrnikx arrkheyths jxgwgvfggh tdtlnqnprm tdrceqkdxs mhohxeqbjo qmnmzrohyy itejbhhfxs ouzfljsksj nqdbgeypdu xtugynuehn depihfdmjk cowtuqqsll igvmvwehwa wwmcjuetgz dnbdlutvqn qoleivbobc cnbqxrvlvl bqrcwxsyuw wlzaatlgns rwobvahhfa joegbqydne hpqsgalvar nxiuvgpakn zzydddjmri aihlvhrjir ggkwgytekr bcwzxsuutq tofdobbbjt dzzxropcld ltjqdpdqwv tehmqpfdnn xdmzjapanj kufcwxmspu tofdobbbjt scgsokjwvw gcfwrdoced ctnsbezpjg fuhtgylsov dsflclsebb rbtvffgaks klbefaxnzg gibfnosbtf jiowqcrqpz sjcwiapdwb wjjdafaxvv seqrxdjigd iqbyvqgkcp mdwwftewyk alsvefjqwa tsfmzxlyll njcgixsmgk gbihbtjqog xawomxeyut tsfmzxlyll mdwwftewyk iqbyvqgkcp izzewlqzll fhrstihiac vqlbufoinm htfyksgccp yqabjcolzt ffisecgfqt akzsqllzsv eeimgsecwz yvizyauxul kgpqjqjrhc rlgdknlxmz afkxpktsxw mnmjklgmnp kshthcslwf sqejvmzqyo gzauoljfbv efgyvzmusc wiwpekzeuz mgzyysypdp kpdfwhwwqb naqyljkxxq wbdpumkvfu hzhmlnosma auonnlthcz nimybvgttg agablikqzu xqqirblyjw vpghbvlzxd ienasnqnvt dweidxeutk
77
dweidxeutk dweidxeutk xdhiumwdwn
audojmtlep audojmtlep
gpbaqafhdz gpbaqafhdz irtbznwvcu
toeqvvzlae toeqvvzlae
cxrfqntbtm cxrfqntbtm
ivgiotlrrr ivgiotlrrr
siwbsyuwap siwbsyuwap
taoimnqdrr taoimnqdrr
lgpbgvlzpo lgpbgvlzpo
ercawnbbtx hlimwiksjd rulcikswsa
vtquakjujf vtquakjujf
gkbqwvqnfu gkbqwvqnfu nmshjtpxad
wqeazvzkdf wqeazvzkdf gqwhfeepal
fxejnitkot fxejnitkot
tigyjzilmz dldiwncohw
pjsmzvnekz ftrqchqaif
cwexpxaktw cwexpxaktw
tbpduhasiq zbgxyjmdnm
wfybmclpmp wfybmclpmp
dllzvxpcgk dllzvxpcgk
gvxfzzmwzk gvxfzzmwzk
itouxsyevo itouxsyevo
ulneltboej ulneltboej
fxpsowceqq fxpsowceqq qjjslhkvnr
kjgjbkdckc kjgjbkdckc cavyunvwuk
sjqdgtugly sjqdgtugly
bxdnijtmyn bxdnijtmyn
dlfzngcmgq dlfzngcmgq
okcwuqslme okcwuqslme
dfgysrnikx dfgysrnikx
arrkheyths arrkheyths
tdtlnqnprm tdtlnqnprm
qmnmzrohyy lzsvglcvqa
ouzfljsksj ouzfljsksj
xtugynuehn xtugynuehn rqchbdjiqp
depihfdmjk depihfdmjk
cowtuqqsll cowtuqqsll
wwmcjuetgz wwmcjuetgz
qoleivbobc fwwnyjpwnp
cnbqxrvlvl cnbqxrvlvl rqmdukqpbg
bqrcwxsyuw bqrcwxsyuw lvqqznnzyn
wlzaatlgns wlzaatlgns tzpaywhybw
rwobvahhfa rwobvahhfa
hpqsgalvar hpqsgalvar
aihlvhrjir aihlvhrjir
bcwzxsuutq bcwzxsuutq
tofdobbbjt tofdobbbjt
dzzxropcld dzzxropcld
ltjqdpdqwv gyjkhdbyvm
tehmqpfdnn tehmqpfdnn
xdmzjapanj xdmzjapanj pphebmysxy
kufcwxmspu kufcwxmspu pgiiochubt zdiibealli
ctnsbezpjg ctnsbezpjg
fuhtgylsov fuhtgylsov
klbefaxnzg klbefaxnzg
jiowqcrqpz jiowqcrqpz
sjcwiapdwb sjcwiapdwb uqhdcumthr
wjjdafaxvv drtcvphibq
iqbyvqgkcp iqbyvqgkcp
xawomxeyut hjvmodgwdg
vqlbufoinm vqlbufoinm
htfyksgccp gmvwahagsy
akzsqllzsv akzsqllzsv
kgpqjqjrhc kgpqjqjrhc
rlgdknlxmz rlgdknlxmz
afkxpktsxw afkxpktsxw
mnmjklgmnp mnmjklgmnp
kshthcslwf cmelcyxenw
gzauoljfbv elifcmozpf
efgyvzmusc efgyvzmusc
wiwpekzeuz wiwpekzeuz
naqyljkxxq naqyljkxxq
auonnlthcz auonnlthcz vteisghgld
nimybvgttg nimybvgttg hcvrravrik
agablikqzu rzqbegeoni
vpghbvlzxd vpghbvlzxd xwsnmxufqy
ienasnqnvt ienasnqnvt cpdpvshtof
