Place23 Place7 Place28 Place38 Place32 Place31 Place49 Place2 Place24 Place37 Place49 Place11 Place6 Place18 Place5 Place39 Place13 Place21 Place34 Place49 Place30 Place28 Place23 Place10 Place22 Place48 Place0 Place35 Place8 Place48 Place44 Place29 Place9 Place4 Place47 Place33 Place23
19
Place23 Place23
Place7 Place7
Place28 Place28
Place24 Place24 Place45
Place37 Place37 Place14 Place42
Place11 Place11
Place6 Place6
Place39 Place25
Place21 Place16
Place34 Place15
Place30 Place30 Place46
Place10 Place10
Place22 Place22
Place48 Place48 Place20
Place0 Place0
Place8 Place8 Place17
Place44 Place43
Place47 Place40
Place33 Place27
