Place102 Place33 Place54 Place50 Place73 Place114 Place32 Place161 Place60 Place192 Place80 Place185 Place120 Place161 Place139 Place30 Place50 Place108 Place24 Place42 Place56 Place188 Place127 Place94 Place188 Place56 Place194 Place96 Place129 Place128 Place155 Place131 Place2 Place47 Place6 Place87 Place27 Place15 Place199 Place132 Place76 Place45 Place27 Place136 Place28 Place191 Place3 Place89 Place46 Place77 Place11 Place175 Place194 Place56 Place176 Place174 Place52 Place103 Place81 Place193 Place137 Place197 Place154 Place168 Place156 Place16 Place70 Place48 Place151 Place159 Place84 Place67 Place97 Place92 Place58 Place134 Place167 Place67 Place105 Place162 Place178 Place153 Place193 Place158 Place83 Place118 Place41 Place44 Place90 Place65 Place190 Place13 Place37 Place57 Place59 Place165 Place5 Place35 Place111 Place196 Place91 Place4 Place82 Place124 Place187 Place72 Place83 Place157 Place93 Place198 Place160 Place140 Place171 Place54 Place33 Place102
74
Place102 Place18
Place33 Place33
Place50 Place50 Place115 Place150
Place73 Place10
Place114 Place114
Place32 Place32
Place192 Place68
Place80 Place80 Place164
Place185 Place185
Place120 Place120 Place148
Place139 Place139 Place104
Place30 Place144
Place108 Place108
Place24 Place24
Place42 Place42
Place56 Place56
Place188 Place112
Place127 Place127
Place94 Place39
Place194 Place182
Place96 Place96
Place129 Place129
Place128 Place128
Place155 Place155
Place2 Place79 Place147 Place172
Place47 Place47
Place6 Place6
Place27 Place27
Place199 Place199
Place76 Place76 Place75
Place45 Place45 Place20
Place136 Place21
Place28 Place28 Place8
Place3 Place3 Place107
Place77 Place77 Place110
Place175 Place175 Place117
Place176 Place176
Place174 Place174
Place52 Place146
Place103 Place23
Place81 Place81 Place71 Place125
Place137 Place137
Place197 Place197
Place168 Place168 Place145
Place156 Place156
Place16 Place16
Place70 Place55 Place186
Place151 Place151
Place159 Place163
Place97 Place97
Place58 Place58 Place135 Place152
Place167 Place166
Place178 Place178
Place153 Place153 Place74 Place95
Place158 Place25
Place83 Place83
Place118 Place118
Place41 Place41
Place65 Place26
Place190 Place190
Place13 Place13
Place57 Place57
Place59 Place59 Place98
Place196 Place196 Place106
Place91 Place116
Place4 Place86
Place82 Place82
Place124 Place124
Place72 Place72 Place181
Place157 Place142
Place93 Place100
Place198 Place198 Place1
Place140 Place140
Place171 Place171 Place7
