Egsmith Barnton Wychbourne Cookford Chelmbeck Marlover Hurstlow Edgey Shaftbage Edgey Hurstlow Marlover Cookford Farnsmith Wychsmith Farnsmith Cookford Wychbourne Sudtree Wenwold Stainby Brackbrough Waltdon Sudwell Brackbrough Stainby Wychbourne Barnton Ashbourne Sudwich Pemlow Watchcombe Pemlow Sudwich Wetwick Nortley Sudwich Barnton Shaftsted Egtree Shaftsted Barnton Egsmith Whittree Wenside Whittree Egsmith Blanworth Durnell Burfield Wywick Wychbeck Wywick Burfield Shaftbridge Burfield Durnell Blanworth Egsmith
25
Egsmith Waltditch
Barnton Barnton
Wychbourne Wychbourne Egavon Wychnell
Cookford Cookford
Chelmbeck Chelmbeck Flitgrove
Edgey Edgey
Shaftbage Shaftbage Ashdown
Farnsmith Farnsmith
Wychsmith Wychsmith Chelmwang
Sudtree Sudtree Leathermere
Wenwold Wenwold
Stainby Stainby
Brackbrough Brackbrough
Sudwell Stapbeck
Ashbourne Ashbourne
Pemlow Pemlow
Watchcombe Wenbeck
Wetwick Wetwick
Nortley Nortley Stainbrough
Egtree Egtree Chelmden
Whittree Alfchester
Wenside Wenside Burbourne
Wywick Wywick
Wychbeck Wychbeck Staplake
Shaftbridge Shaftbridge Penborne
