Chelmbourne Edgwich Staintree Stafthorne Stapwell Alfby Leatherlow Bracklow Barngrove Hornley Barngrove Southstoke Egwood Edglow Dartsted Clerethorne Dartsted Kingsbrook Wenden Stainfield Elside Whitavon Nortcastle Egcastle Melborne Sudworth Wenwang Edgchester Wenwang Sudworth Melborne Egcastle Nortcastle Whitavon Elside Stainfield Nortmoor Hornbridge Stapwold Marlton Alfwell Marlton Stapwold Hornbridge Nortmoor Wenden Kingsbrook Dartsted Edglow Egwood Southstoke Barngrove Egborne Alfcastle Egborne Barngrove Bracklow Leatherlow Sudgrove Southmere Sudgrove Leatherlow Alfby Stapwell Stafthorne Waltbrook Stafthorne Staintree Elgrove Staflow Cleredon Staflow Rocktree Whitborough Waltwood Harthall Whitover Harthall Waltwood Whitborough Rocktree Barnden Shrivlow Flitham Enbage Prestey Sudwich Enlow Maidenden Enlow Sudwich Prestey Aldport Alfditch Burchester Alfditch Aldport Prestey Enbage Flitham Shrivlow Barnden Rocktree Elgrove Staintree Edgwich Chelmbourne Wetborne Chelmbourne
41
Chelmbourne Shaftwich
Edgwich Edgwich
Staintree Staintree
Stapwell Stapwell
Alfby Alfby Leatherlake
Leatherlow Leatherlow
Bracklow Bracklow Pemwood Sodside
Barngrove Prestdon
Hornley Hornley Durditch
Southstoke Brainbridge
Dartsted Dartsted
Clerethorne Stapthorne Barnside
Wenden Wenden
Elside Elside
Whitavon Whitavon
Egcastle Egcastle
Melborne Pemwold
Sudworth Sudworth
Wenwang Wenwang
Edgchester Edgchester Horncester
Marlton Marlton
Alfwell Alfwell Aldhall
Egborne Egborne Cookton
Alfcastle Barnham
Southmere Southmere Stainhall Shrivside
Waltbrook Waltbrook Hurstworth
Elgrove Elgrove Wenborough
Staflow Staflow Bursted
Cleredon Cleredon Wyhead
Rocktree Rocktree Cookbridge
Whitborough Whitborough Horndown
Whitover Whitover Stainside
Shrivlow Shrivlow
Flitham Flitham Kingsley
Enbage Enbage
Prestey Prestey
Sudwich Sudwich
Enlow Enlow
Maidenden Hartbage
Burchester Stapmoor
Wetborne Casford
