qtq uxr wuc npu zgf zho zgf uxr eku ahy thd eku uxr qtq oto qtq xzk pjx rcs ifc fsl sfp blo gac llr lah llr uca qnn tvy hxo tvy qnn blo pxi blo sfp apg wuf vsu cov lbs jxq itg ick xzf mmf xou cpw lfh cpw qlo qls qyi bwq qyi qlo xou mmf ase mmf xzf opt hhe opt xzf ick itg jxq lbs cov vsu wuf fsl ifc xmz wpq rwt qbh cer tmc udq pwa osc xax tto qbe tto xax gfp otp zye ooi nxr ynq orc nhk unf vlt unf nhk orc pkx qof bpm gup fib cxu qoe cxu fib gup bpm qof pkx orc bok orc ynq zye mln yiz ili bsz iuz nfy czf hxp qbq nhr fne nhr viv tro wpo htv viv nhr qbq hxp czf nfy art ooc art nfy omf kvz utd kvz omf nfy iuz bsz ili yiz mln gfp xax osc pug fgo fbz gud egz gak egz gud fbz fgo pug osc pwa udq unk dkn qbj dcv qbj dkn unk udq tmc cer qbh rwt ahv krg ahv rwt xmz ifc xzk qtq
75
qtq qtq
uxr uxr
wuc wuc
npu npu
zgf zgf
zho cnv
ahy ahy xdz
thd thd jno
oto wju
pjx pjx pta
ifc ifc
fsl fsl
sfp sfp
blo zgs rju
lah lah xos
uca uca
qnn qnn
hxo hxo ukh
pxi uwp
wuf wuf
vsu vsu
itg itg
xzf zbn
cpw cpw
lfh lfh spp
qlo qlo
qls qls
bwq lnv
ase ase vaf
hhe hhe rxi
wpq wpq
rwt rwt
tmc tmc
udq udq
pwa pwa
xax xax
tto txk
qbe qbe qfc
gfp thz
zye rod
ooi ooi
ynq ynq
orc orc hpb
nhk nhk
vlt vlt ptq
pkx pkx
gup gup
fib zqn
cxu cxu
qoe nkx
bok lxt
yiz yiz
ili ili
bsz bsz
iuz iuz
nfy nfy tnl
hxp hxp
nhr nhr slq
fne wiq
viv viv
tro tro tmd
wpo mbx
htv htv eqm jta
art idl
ooc ooc brk
utd plx
fgo fgo
egz egz vub bai cjp
gak gak qjm
unk pxs
dkn dkn
qbj qbj mnv
dcv rut
ahv ahv
krg krg kza uoz
