Soda Yolo Bristol Keeler Bristol Sojourner Jones Bret Altavista Latham Fresno Bowditch Fresno Olympus Woodhaven Eunice Lewiston Buena Blake Tulare Garber Colusa Menlo Bancroft Cutter Sport Vicente Alvarado Sport Cutter Bancroft Menlo Colusa Garber Halkin Addison Shasta Columbia Shasta Acacia Shasta Addison Halkin Garber Tulare Haviland Oregon Anne Oregon Mabel Spring Mabel Oregon Haviland Tulare Blake Buena Eunice Solano Eunice Wheeler Marin Fernwald Visalia Ajax Visalia Fernwald Greenwood Breakwater Cowper Greenwood Heinz Russell Heinz Greenwood Fresno Latham Jones Sojourner Bristol Yolo Soda
32
Soda Browning
Yolo Martin
Bristol Bristol Hospital
Keeler Keeler Pardee
Bret Bret Kenilworth Poppy Vermont
Altavista Terrace
Fresno Fresno
Bowditch Bowditch Bataan Haskell
Eunice Eunice
Lewiston Lewiston Edith
Colusa Colusa Fulton
Menlo Menlo Belrose Burnett
Bancroft Bancroft
Cutter Cutter Muir
Vicente Summit
Alvarado Overlook
Halkin Florida
Addison Addison
Shasta Shasta
Columbia Columbia Byron
Acacia Domingo
Haviland Haviland
Anne Anne Arch
Mabel Mabel
Spring Spring Comstock Poplar
Solano Allston
Marin Marin Madera
Ajax Ajax Forest
Greenwood Greenwood
Cowper Haste
Heinz Heinz
Russell High
