FD AR CZ HB HD EV HB CZ AR FD AU BG DI GP DF AS AE DD HE ES EM AV EQ AV HO AI BK BS HP EP DG FM CW GF GG FR AL GZ ED EO AP DR FX HI EC AD BZ AD DK HN DK AD EC HI FX HR EB DB EB AP FB AP EO ED GZ FR GG CW FM FA GC HF BY GM BR EL FP AB FP GQ BC CL GA AZ FP EL BR GJ CP GM BY GC BS ES GD CS GX FS FQ CE GU DS EK GU EX HQ HK CV GT FJ HC DV HC DW EZ FY HM ER FL EN CB CN BA GN HM FY EZ DW HQ GU FQ GX CS DD AE AS DF GP DI BV AC FE CM BT AO BT CM CG HH CM GH FK FG FK GH AC GK DP FD
75
FD CU
HB HB
HD HD
EV AW
AU AU AF
BG BG
DI DI
GP GP
DF DF
DD GO
ES ES
EM EM FI GS
AV AV
EQ AT
HO HO
BK BK AM
HP HP
FM FM
CW CW
GF GF CI
GG BQ
FR FR
GZ GZ
ED DH GR
EO EO
AD AD EY
BZ BZ AK
DK DK
HN BM FT
HR HR
DB DB AJ
FB CT
GC GC
HF HF
EL EL
FP FP BE DC
AB EJ
GQ GQ
BC BC DZ
CL CL
GA GA
AZ AZ BN
GJ ET
CP EW
GD GD
CS CS
GX GX
FS FS
CE AX DQ
EK EK CO FO
EX EX
FJ FJ
HC HC
DV BF
EZ EZ
FY FY
HM EG FN
ER ER DA
FL DN
EN EN CF FV
CB CB
BA BA
GN GN CC
BV BV
AC FU
FE CK
BT BT
AO DE
CG CG AG
HH HH EE
GH CA
FK DU
FG DM
GK GK
DP DP BO
