Cleresmith Whitby Bothensborough Sodmersmith Chedlake Chippenringfield Ketterwold Milditch Winhead Wydon Edgney Whitseyborough Todderworth Southling Warrerbage Durblechester Melwold Dribbasborne Hanworth Sunderbrough Chillerlow Leatherglefield Eggerrensling Hannerworth Buravon Waltcombe Dribbinggrove Cheddlesport Pendton Skelwang Elfield Warblesdown Handlechester Wolvingrethorne Cammingbury Blanden Egwood Wolborne Skelcastle Cannerrebeck Eggendhampton Ciside Hartrenslow Enderavon Pemhampton Hampensshot Reddenwell Suddlebrough Shrivditch Pendingstoke Stainsdenwold Ashworth Cannenringwell Burrensham Elmsbrook Chilcompcester Blandlesney Hanscombe Watchmanshead Chippenden Camsdenden Botlow Rockhead Bootworth Elmsnell Dribbingenborne Dribside Wendlemerford Hamditch Wendlemerford Dribside Dribbingenborne Bootworth Rockhead Camsdenden Chippenden Watchmanshead Hanscombe Chilcompcester Elmsbrook Cannenringwell Ashworth Stainsdenwold Pendingstoke Suddlebrough Reddenwell Pemhampton Enderavon Hartrenslow Ciside Cannerrebeck Skelcastle Egwood Blanden Cammingbury Wolvingrethorne Warblesdown Elfield Pendton Cheddlesport Dribbinggrove Waltcombe Hannerworth Eggerrensling Chillerlow Sunderbrough Hanworth Dribbasborne Durblechester Warrerbage Todderworth Whitseyborough Edgney Wydon Milditch Ketterwold Chedlake Sodmersmith Bothensborough Whitby Cleresmith
27
Cleresmith Warringwood
Bothensborough Chippingwood
Ketterwold Ketterwold
Milditch Milditch
Edgney Basfield
Warrerbage Warrerbage
Durblechester Durblechester
Hanworth Ellingey
Eggerrensling Eggerrensling
Hannerworth Hannerworth
Dribbinggrove Pendrenslake
Elfield Elfield
Warblesdown Warblesdown
Cammingbury Soddenreey
Skelcastle Skelcastle
Cannerrebeck Cannerrebeck
Hartrenslow Cammenenwich
Reddenwell Reddenwell
Suddlebrough Suddlebrough
Stainsdenwold Reddentree
Elmsbrook Elmsbrook
Chilcompcester Chilcompcester
Chippenden Shrivden
Rockhead Rockhead
Bootworth Bootworth
Wendlemerford Ribney
Hamditch Wetley
