Whitgrove Worberney Egwick Worberney Whitgrove Sodberling Bromstanham Sodberling Ellerbridge Ketchester Watchlake Bursted Botbage Penddenchester Pemnell Rothingcombe Pemnell Penddenchester Chelmdenmoor Ketnell Toddenmoor Aldtree Toddenmoor Ketnell Rockbage Sundcompney Prestwick Wychchester Durbrook Falderseythorne Worford Hampingworth Botenbrook Tipstoke Burlake Tipstoke Botenbrook Hampingworth Worford Hamscombe Stainbrough Maidendstoke Basbage Warblestancester Tippendham Hannersmith Worhall Alddleringworth Leatherport Cireport Egbeck Skellenshot Egbeck Cireport Leatherport Alddleringworth Worhall Hannersmith Tippendham Warblestancester Basbage Southmere Rothead Chilsmith Bastlebury Rothendcombe Dribwold Reddingtree Dribwold Rothendcombe Wychditch Cookfield Staindledown Endingnell Toddenmerbrough Endingnell Staindledown Cookfield Wychditch Rothendcombe Rothead Southmere Ribberrenston Farnditch Ribberrenston Southmere Maidendstoke Stainbrough Worford Falderseythorne Durbrook Wychchester Barndlesborough Skellingover Candleswick Endleshall Melwood Suddenmoor Tippenbrook Marlbeck Enderbeck Sifield Enderbeck Faldenhall Marlbeck Tippenbrook Suddenmoor Egmerhampton Shaftwick Hurstdown Botshot Toddingchester Stafcombe Stapbrook Stafcombe Toddingchester Botshot Hurstdown Shaftwick Egmerhampton Suddenmoor Melwood Reddensden Cirerham Reddensden Melwood Endleshall Candleswick Skellingover Barndlesborough Wychchester Waltbeck Hampingcastle Basditch Tipbeck Burglemere Sirenshall Burglemere Southbury Bassinghead Nortwell Bassinghead Southbury Burglemere Tipbeck Basditch Waltbeck Stafavon Hornsmercombe Ribbenhall Hornsmercombe Stafavon Waltbeck Cannerthorne Elside Wetsmith Warsmith Horsnell Siavon Abgleham Sundlethorne Fullensborne Sundlethorne Abgleham Siavon Horsnell Warsmith Falderbrough Warsmith Wetsmith Elside Ciringnell Elside Waltbeck Wychchester Prestwick Sundcompney Ketnell Chelmdenmoor Penddenchester Botbage Bursted Ketchester Ellerbridge Boothingchester Wycastle Bootwick Wycastle Boothingchester Sundendford Botbeck Sundendford Boothingchester Ellerbridge Sodberling Whitgrove
70
Whitgrove Whitgrove Dribblecombe
Egwick Staplow
Sodberling Sodberling Bursmith
Bromstanham Bromstanham Clereennell
Ellerbridge Ellerbridge Worrenberwang Suddingover
Ketchester Ketchester
Watchlake Watchlake Farndlesover Tippingbage
Rothingcombe Rothingcombe Milthorne
Chelmdenmoor Bothenton
Ketnell Ketnell
Toddenmoor Toddenmoor
Aldtree Wychcompwold
Prestwick Prestwick
Wychchester Wychchester Siey
Durbrook Durbrook Sodport
Falderseythorne Falderseythorne
Worford Worford Dribberham Rotherlow
Hampingworth Hampingworth
Tipstoke Tipstoke
Burlake Endleberey
Hamscombe Alfmere Skelberden
Stainbrough Wendleringdown
Tippendham Tippendham
Hannersmith Shaftborough
Worhall Worhall Reddendeney
Leatherport Leatherport
Skellenshot Skellenshot Cihead
Southmere Southmere Egsted
Rothead Bothenhall
Bastlebury Bastlebury Emmerley Hamwold
Rothendcombe Rothendcombe
Reddingtree Eley Stapbrough
Endingnell Endingnell
Toddenmerbrough Casbrook
Ribberrenston Ribberrenston
Farnditch Farnditch Abglewold
Skellingover Skellingover
Candleswick Candleswick
Melwood Melwood
Suddenmoor Suddenmoor Staincombe
Tippenbrook Tippenbrook
Enderbeck Enderbeck
Sifield Sifield Abcester
Faldenhall Faldenhall Wethampton
Egmerhampton Egmerhampton
Botshot Falworth
Stapbrook Wetwick
Cirerham Dartden Wolley
Waltbeck Waltbeck
Hampingcastle Hampingcastle Redcombe
Basditch Basditch
Sirenshall Sirenshall Hampingbascombe
Southbury Southbury
Nortwell Nortwell Marlcester
Ribbenhall Boothingmanstree
Cannerthorne Cannerthorne
Elside Elside
Wetsmith Wetsmith
Warsmith Horstleover
Horsnell Horsnell
Siavon Siavon
Abgleham Abgleham
Sundlethorne Sundlethorne
Fullensborne Blansbrook
Falderbrough Marlbrook
Ciringnell Penby
Wycastle Wycastle
Bootwick Bootwick Todhampton
Sundendford Sundendford Chedworth
Botbeck Botbeck Whitringlake
