Hamsbourne Chipfield Hamperrehampton Prestbourne Botherstanport Leatherblesley Enderton Camhampton Shaftthorne Skelgrove Shaftthorne Camhampton Enderton Dribstoke Endbeck Dribstoke Enderton Stafdenbourne Enderton Leatherblesley Botherstanport Prestbourne Elbage Cimansbrough Wendleslake Boothenrensborough Wendleslake Cimansbrough Elbage Prestbourne Sunderborough Rotmerby Chilringfield Suddlebaschester Chilringfield Egginglow Chilringfield Rotmerby Sunderborough Prestbourne Hamperrehampton Chipfield Hamsbourne
19
Hamsbourne Sundlechester
Chipfield Chipfield Cammercastle
Hamperrehampton Hamperrehampton
Prestbourne Prestbourne
Botherstanport Wolvencester
Leatherblesley Leatherblesley Camswich
Enderton Enderton
Camhampton Camhampton Hartberbury
Shaftthorne Shaftthorne Sudbage
Skelgrove Warrewick
Endbeck Melshot
Stafdenbourne Chipsted
Cimansbrough Cimansbrough
Boothenrensborough Boothenrensborough Candlesdon
Sunderborough Sunderborough Ciley
Rotmerby Rotmerby
Chilringfield Chilringfield
Suddlebaschester Rocklow
Egginglow Sodderrenshead
