0 188 28 103 163 103 170 1 129 146 136 91 11 157 50 62 61 24 101 15 189 93 124 93 132 92 108 92 132 162 27 185 5 53 113 53 154 116 6 153 110 153 6 116 154 53 5 162 132 101 24 164 35 167 117 107 33 143 131 137 191 127 109 42 84 42 109 127 191 134 128 168 125 168 156 141 4 141 60 59 10 59 60 83 40 97 40 83 60 141 152 141 156 131 143 159 107 117 167 35 164 24 61 62 50 77 182 45 96 67 47 29 47 67 96 45 182 50 157 19 85 99 3 190 48 118 22 150 51 111 22 31 94 86 199 105 81 181 196 66 26 8 39 8 26 196 105 186 180 135 180 193 186 199 86 94 31 118 64 118 48 190 99 85 161 19 91 136 146 129 1 170 103 28 188 0
69
0 49
28 28 155
103 103
163 163 194
170 170
146 146
91 91 63
157 157 70
50 50
62 18
24 24
124 139
108 108 102
27 27
185 185
113 98
116 116 32 75 120
6 6
153 38
110 44
35 138
167 9
117 117
33 184
137 137
109 109
42 42
84 65 89 173
134 134
128 128
168 168
125 125 133
156 156 25
4 4 14
60 104
10 10 12 100
83 83
97 36
152 20 130
159 159 87
77 77
182 182
96 96
67 67
47 47
29 95 119
19 19 74
85 85 160
99 99
3 175
48 48
118 17
22 22
51 51 79
111 111 126 149
31 31
86 106
199 199
81 81 78 121
196 196 179
26 26 176
8 166
39 39 151
186 186 197
180 180
135 69
193 193 178
64 64 58
161 145
