SantaClarita Carrollton Lubbock Reno Durham FortCollins Spokane Berkeley Akron Chandler Akron Berkeley Spokane FortCollins Fremont GardenGrove Victorville Shreveport Huntsville Thornton Beaumont Shreveport Victorville GardenGrove FortCollins Lubbock Frisco PembrokePines Austin Indianapolis Stockton Pomona Allentown Omaha Ontario Boston Hartford Ontario Omaha Allentown Peoria Wichita Chesapeake Escondido Oakland Memphis Modesto Independence Fayetteville Fontana Bellevue Davidson Alexandria Worcester Alexandria Bellevue Irvine SantaAna SantaRosa Newark OklahomaCity Milwaukee OklahomaCity Tulsa Madison Orlando Miami Cary RanchoCucamonga Washington Tempe McAllen Lancaster Surprise Torrance FortWayne Portland Sunnyvale RanchoCucamonga Tulsa Newark SantaRosa Irvine HuntingtonBeach Independence OverlandPark Independence Modesto Escondido Chesapeake Wichita Austin SanDiego Lubbock Carrollton SantaClarita
41
Carrollton Carrollton
Lubbock Concord
Berkeley Stamford
Chandler Paterson
GardenGrove GardenGrove
Victorville Victorville
Shreveport Shreveport
Huntsville Huntsville
Thornton Midland
Beaumont Beaumont NewportNews
Frisco LexingtonFa
PembrokePines PembrokePines
Austin Austin
Indianapolis Indianapolis
Stockton Stockton
Pomona Pomona
Allentown Allentown
Omaha Omaha
Ontario Ontario
Boston Boston
Hartford Hartford LongBeach LouisvilleJefferson
Wichita Wichita
Memphis Yonkers
Independence Independence
Fayetteville Fayetteville
Bellevue Bellevue
Alexandria Alexandria
Worcester Worcester Garland
Newark Newark
OklahomaCity OklahomaCity LosAngeles
Milwaukee Lafayette
Tulsa StPetersburg
Orlando Orlando Brownsville
RanchoCucamonga RanchoCucamonga
Washington Washington WestValleyCity
Surprise Surprise
FortWayne Henderson
Sunnyvale Sunnyvale Visalia
HuntingtonBeach Scottsdale
OverlandPark SiouxFalls
SanDiego Waco StLouis
