Plano Rockford SantaClara Amarillo Cary OklahomaCity Clyde Sacramento Syracuse Worcester SanDiego Thornton Lakewood Durham DesMoines AnnArbor FortLauderdale Norfolk Reno LouisvilleJefferson Reno Norfolk FortLauderdale Jackson KansasCity Garland Omaha Albuquerque Denver Cleveland Atlanta Beaumont Atlanta Cleveland Hayward Buffalo Chesapeake OWO Mesa BatonRouge Richmond Memphis Hayward WinstonSalem Waco VirginiaBeach Jackson DesMoines Durham Lakewood Frisco Clarksville Frisco Murfreesboro Naperville Philadelphia CedarRapids Salinas Oceanside ElPaso SanAntonio NewHaven Birmingham Scottsdale Birmingham Indianapolis CoralSprings Fremont Madison Knoxville Phoenix Salem Peoria Brownsville Fremont Birmingham NewHaven ChulaVista Spokane CorpusChristi Spokane ChulaVista Houston Gilbert Raleigh Yonkers FortWorth Denton Springfield LexingtonFa SiouxFalls FortCollins SantaRosa Shreveport Allentown Killeen Modesto Glasses Fontana Akron LosAngeles Lancaster ColoradoSprings Elizabeth Torrance PembrokePines Orlando Lafayette ElkGrove Fayetteville JerseyCity Torrance Fontana Allentown Shreveport Laredo Hialeah Tampa Arlington McAllen Salinas Thornton Joliet Worcester Dallas Hartford Mobile HuntingtonBeach Oski Tempe Fullerton AthensClarkeCounty Alexandria Irvine Olathe Cincinnati Tallahassee HuntingtonBeach NewOrleans Surprise Dallas Syracuse Sacramento Clyde Rochester SanFrancisco Warren Tacoma Abilene MorenoValley Pasadena Norman Washington MorenoValley Rochester Amarillo SantaClara Plano
79
Rockford Rockford Riverside
SantaClara SantaClara Irving
Cary Cary
OklahomaCity OklahomaCity
Clyde LasVegas
Sacramento Vallejo
Worcester Worcester
Thornton Thornton
AnnArbor AnnArbor StLouis
FortLauderdale FortLauderdale
Norfolk Norfolk
LouisvilleJefferson LouisvilleJefferson Tulsa
Garland Garland
Omaha Omaha
Denver Denver
Atlanta Atlanta Oxnard
Beaumont Beaumont Vancouver
Hayward Hayward
OWO OWO
Mesa Mesa
Richmond Montgomery
Memphis Memphis Charleston
Waco Waco Wichita
VirginiaBeach Ontario
Clarksville Anchorage
CedarRapids GardenGrove
Salinas Salinas
SanAntonio SanAntonio
NewHaven NewHaven
Scottsdale Davidson
Fremont Fremont
Madison Madison
Knoxville Knoxville SanBernardino
Brownsville Brownsville Corona
Spokane Pomona
CorpusChristi CorpusChristi SantaClarita
Houston Houston
Gilbert Glendale
Raleigh Raleigh
Denton Denton
Springfield Chicago
SiouxFalls SiouxFalls
FortCollins FortCollins
SantaRosa SantaRosa
Allentown Allentown Stamford
Killeen Killeen
Glasses Glasses SanJose
Fontana Hollywood
Akron Akron Escondido
Lancaster Lancaster
Elizabeth Elizabeth Anaheim
Torrance Torrance
PembrokePines Lincoln
Lafayette Lafayette
ElkGrove Huntsville
JerseyCity JerseyCity Pikachu
Laredo Laredo
Tampa Tampa ThousandOaks
Arlington Portland
McAllen McAllen GrandPrairie
Joliet Mesquite
Dallas Dallas
Hartford Hartford
Mobile Mobile
HuntingtonBeach HuntingtonBeach
Oski SimiValley
Fullerton AugustaRichmond
Irvine Irvine LittleRock
Olathe Olathe
Cincinnati Cincinnati
Tallahassee Hampton Miami
NewOrleans NewOrleans
Surprise Surprise Greensboro
SanFrancisco SanFrancisco
Warren Warren
MorenoValley MorenoValley
Pasadena Pasadena
Norman Norman
Washington Sunnyvale
