13 32 103 162 32 127 62 64 21 5 42 2 15 47 58 42 93 42 193 60 168 18 16 67 73 76 73 136 80 136 170 81 43 110 175 190 142 12 88 78 46 142 31 40 85 27 61 51 116 159 24 158 22 30 22 34 155 87 94 0 115 167 115 0 154 0 87 192 71 49 113 71 192 24 159 129 161 33 108 121 108 33 131 8 171 140 36 102 28 89 28 135 102 36 140 181 174 45 161 159 165 31 142 55 104 91 169 70 169 119 106 195 190 175 110 73 18 130 18 198 64 143 62 147 178 13
67
103 103
162 162 133 156
127 127 109
62 124 126
21 179
5 184
15 183
58 164
93 112
193 193
60 137
168 168 138
16 166
73 122
76 196
136 136
80 180
170 170
81 182
43 194
110 110
175 175
190 190
142 142 146
78 125
46 176
31 132
85 150
27 185
116 116 148
159 159
24 189
158 158
30 128 186
155 155 177
94 173
115 115
167 167 144
154 154 111 134
192 192 157
71 123
113 113 141
129 129 105 199
161 161
108 108
121 121 118
131 131
171 171 151 197
140 140 117
102 102 149
89 163
135 135 145 187
181 181
174 174
45 139
165 165 101
104 104
169 169
70 172
119 119 191
106 106 188
195 195 153 160
130 130 114
198 198 152
143 143 107 120
147 147
178 178 100
