vLeODpVlYSBeYNDYoXha biqCAetglYuANrTRzMiX LGqbVTsFMANIedVHAALW WCCOEUYmDvzZlrkDAqoi LGqbVTsFMANIedVHAALW SouQfuEdAivolPXFbygH VhDSPHxolLkNxxDnpUyx mevvwcZLudaokctOWvKe mlipOrSnGcxXtoXBbRyl LOMgYipCQQXQnRqEqRwO kOaPwvTTqhaYDvjPPZCZ fvYrLpgzqLNOAQbahgax McOZQehrTygkGidmwyMe DWWCMAjZQQIEKOIiHFQN cZgmtoPGHxdozTaDMiyf DWWCMAjZQQIEKOIiHFQN McOZQehrTygkGidmwyMe fvYrLpgzqLNOAQbahgax kOaPwvTTqhaYDvjPPZCZ LOMgYipCQQXQnRqEqRwO mlipOrSnGcxXtoXBbRyl mevvwcZLudaokctOWvKe iBYHAWUhqeQPjphQzpdN mevvwcZLudaokctOWvKe VhDSPHxolLkNxxDnpUyx klkbOWCZrzPBFVDxhNbj gIttwvzcgONwFblnGIqq gMqbbwopmbxmOomqZjfm QkAjrUUuVdzSMnlfJLcO AdXveYSBaneNwCQzrdSw ruLqpYqEzGGiKysvsarb AdXveYSBaneNwCQzrdSw QkAjrUUuVdzSMnlfJLcO FEqXJcVrZfnSsHEUPhnl ASXwCgVTXDdhSXJwFovC LeLGVrNGvkwLbzIWTNFP ubTtmhAXQixwuFvQluYa RjKEHTlRvtaVBbyqZVAw QQSjCkgLAWAPObYQvNsB qbmGewAditsWkTFHdxjP QQSjCkgLAWAPObYQvNsB RjKEHTlRvtaVBbyqZVAw ubTtmhAXQixwuFvQluYa LeLGVrNGvkwLbzIWTNFP ASXwCgVTXDdhSXJwFovC FEqXJcVrZfnSsHEUPhnl sdSgCnaZeeOuPKljZOSr FEqXJcVrZfnSsHEUPhnl QkAjrUUuVdzSMnlfJLcO gMqbbwopmbxmOomqZjfm ZjjqpiSiaWnmxJgUtucv gMqbbwopmbxmOomqZjfm CmbFyJmcvVqyCmJgQxeI fHcdXnOxSadpKeCUwNYm QtHVsvuuzmkuXUdZioTD KgnBXuaAkdTHYMUVRKMG QtHVsvuuzmkuXUdZioTD fHcdXnOxSadpKeCUwNYm CmbFyJmcvVqyCmJgQxeI gMqbbwopmbxmOomqZjfm gIttwvzcgONwFblnGIqq klkbOWCZrzPBFVDxhNbj VhDSPHxolLkNxxDnpUyx SouQfuEdAivolPXFbygH LGqbVTsFMANIedVHAALW biqCAetglYuANrTRzMiX DDEuYWXXufMefzDjgEFm CfkBzkPETvagyIDCsLTD oCvaAQKOXXWgeSNnUmae OVoYVQPnlYoZBBKtyuLk TCAkluAESUWAMGFeNcGN FqdjKgdpEanmCnmxJMFA gzxzakmqbxbsOczuQVLG wRjMmrpRuknxqunJrMAE DqUxIMslnixWfmkjQTmS wRjMmrpRuknxqunJrMAE gzxzakmqbxbsOczuQVLG FqdjKgdpEanmCnmxJMFA ajvbaFpYiEBJySPsSLaI FqdjKgdpEanmCnmxJMFA fPxvnMVMFwhJbNBURdgD vGdJmIpYPUGRspXiVLdc fPxvnMVMFwhJbNBURdgD FqdjKgdpEanmCnmxJMFA TCAkluAESUWAMGFeNcGN MlwlINEFqmyzZNPXRLJF zxeoSbTqbWPpSzalAtBI MlwlINEFqmyzZNPXRLJF TCAkluAESUWAMGFeNcGN OVoYVQPnlYoZBBKtyuLk oCvaAQKOXXWgeSNnUmae CfkBzkPETvagyIDCsLTD DDEuYWXXufMefzDjgEFm biqCAetglYuANrTRzMiX vLeODpVlYSBeYNDYoXha
32
WCCOEUYmDvzZlrkDAqoi WCCOEUYmDvzZlrkDAqoi xQaDpDGAXhDYzSMnMWvb
VhDSPHxolLkNxxDnpUyx VhDSPHxolLkNxxDnpUyx jwIBHKkXHTPVsOJwBOsr PLDOWRIeaCSVLMyDadzC
mevvwcZLudaokctOWvKe FcEsyaTmqpoyvbDrHjlc
mlipOrSnGcxXtoXBbRyl mlipOrSnGcxXtoXBbRyl NVEtShKeuxpaFIOiyVqE
fvYrLpgzqLNOAQbahgax BXzACdzjLITNgbmDPlEu
DWWCMAjZQQIEKOIiHFQN DWWCMAjZQQIEKOIiHFQN
cZgmtoPGHxdozTaDMiyf cZgmtoPGHxdozTaDMiyf TwgqMzgExFHTIfcwfBnr
iBYHAWUhqeQPjphQzpdN iBYHAWUhqeQPjphQzpdN jzQJaGLLiuQLhhyqBagr
gIttwvzcgONwFblnGIqq gIttwvzcgONwFblnGIqq
gMqbbwopmbxmOomqZjfm gMqbbwopmbxmOomqZjfm NAHeKyyhAObyyUEUSkSU UgFPXEAdAfcfHGIbNTsq
QkAjrUUuVdzSMnlfJLcO QkAjrUUuVdzSMnlfJLcO NciLXNPTvMoXdbTDZmlg
AdXveYSBaneNwCQzrdSw AdXveYSBaneNwCQzrdSw
ruLqpYqEzGGiKysvsarb ruLqpYqEzGGiKysvsarb ybrQlUhznqOhsvndWAbl
ASXwCgVTXDdhSXJwFovC ASXwCgVTXDdhSXJwFovC
RjKEHTlRvtaVBbyqZVAw RjKEHTlRvtaVBbyqZVAw
QQSjCkgLAWAPObYQvNsB QQSjCkgLAWAPObYQvNsB
qbmGewAditsWkTFHdxjP cvlwIwajcIlbhZbyFgmq
sdSgCnaZeeOuPKljZOSr sXfgLMwoysnMazVSWnhc
ZjjqpiSiaWnmxJgUtucv aCucdhmWbhlrgfstQigR
CmbFyJmcvVqyCmJgQxeI CmbFyJmcvVqyCmJgQxeI
fHcdXnOxSadpKeCUwNYm fHcdXnOxSadpKeCUwNYm
KgnBXuaAkdTHYMUVRKMG fvEcAuRDdfuHEPLNpaTz
CfkBzkPETvagyIDCsLTD CfkBzkPETvagyIDCsLTD iDucfyZGMCbCQbXjbQqM
OVoYVQPnlYoZBBKtyuLk OVoYVQPnlYoZBBKtyuLk CPszTohYUHARNedzFlDK
gzxzakmqbxbsOczuQVLG gzxzakmqbxbsOczuQVLG gEufXNuuWhnlbNYaoQFJ
wRjMmrpRuknxqunJrMAE iBjjCWwkYToOKfrrLnny
DqUxIMslnixWfmkjQTmS DqUxIMslnixWfmkjQTmS TqyFrXuGvuBuqnpYbjKc
ajvbaFpYiEBJySPsSLaI fToHwimUqLsKcKLZHiUX
fPxvnMVMFwhJbNBURdgD fPxvnMVMFwhJbNBURdgD
vGdJmIpYPUGRspXiVLdc sBkAYRISjTYinLFSNcKW
MlwlINEFqmyzZNPXRLJF MlwlINEFqmyzZNPXRLJF tVzUgXVoBYxBMnkkwFmk
zxeoSbTqbWPpSzalAtBI zxeoSbTqbWPpSzalAtBI dyUDfEGgAoSshTRjMZZg pdXCnKagnvEntNTuPHdK uyPyJzKFqWxgSNmpkDrB
