0 58 101 195 1 22 49 53 144 149 102 53 103 191 96 111 77 82 66 93 111 96 191 103 49 138 23 8 159 15 23 69 10 54 10 57 181 183 57 188 88 10 135 114 35 65 43 76 83 24 40 71 137 109 123 166 178 21 175 158 178 109 196 75 196 35 198 187 151 42 28 47 23 86 173 86 138 122 34 124 34 122 118 138 1 105 162 152 130 0 113 18 26 112 7 41 45 140 155 14 0 163 116 12 119 36 73 150 194 165 170 119 190 97 3 167 0
70
58 58
1 1 48 100
22 22 51
49 49
53 53
144 30
149 11
102 32
103 33 90
96 96
77 77 80
82 82
66 66 72
93 93 20
23 23
8 8
15 15 95
69 69
10 10
54 54 56
57 57 78
183 2
88 88 92
135 29
35 35 70
65 65 31
43 43
76 76 13 81
83 83
24 24
40 40
71 71 16
137 87
123 89
166 25
21 21
175 64
158 38
196 61
75 75 94
198 44
187 5
42 42
28 28
47 47 68
86 86
173 39
34 34
124 74
118 55
105 9 37
152 79
130 17
18 18 60
26 26 6
7 7 46
41 41
45 45 50
140 67
14 14 4
12 12 63
36 36 19
73 73
150 91
194 59
165 84
170 85 98
97 97 27
3 3 52
167 62 99
