Soda L59 L19 L29 L22 L62 L22 L67 L22 L29 L33 L29 L19 L59 Soda L88 L43 L58 L63 L4 L83 L28 L45 L61 L38 L61 L45 L28 L63 L49 L66 L82 L49 L63 L93 L12 L20 L94 L16 L42 L17 L75 L17 L16 L94 L12 L26 L34 L56 L8 L1 L96 L21 L0 L91 L85 L0 L21 L25 L47 L56 L34 L12 L63 L58 L72 L6 L72 L78 L80 L43 L88 Soda
31
L59 L97
L19 L19 L10
L29 L29 L98
L22 L5
L62 L87
L67 L67 L11
L33 L2 L23
L43 L39
L63 L63 L89
L83 L83
L45 L50 L92
L38 L46
L66 L66 L52 L55 L84
L82 L82 L30
L12 L12
L94 L94 L3
L16 L16 L31 L35
L17 L69
L75 L75 L18
L26 L26
L56 L56
L8 L8
L1 L1
L21 L21
L91 L91
L85 L85 L57
L25 L25 L95
L47 L15
L6 L6 L36 L51
L78 L41
L80 L80 L64
