loc48 loc50 loc37 loc2 loc86 loc8 loc70 loc21 loc20 loc13 loc53 loc68 loc14 loc0 loc39 loc25 loc92 loc98 loc47 loc52 loc35 loc42 loc52 loc38 loc56 loc76 loc6 loc33 loc55 loc3 loc84 loc36 loc24 loc72 loc12 loc60 loc7 loc49 loc80 loc20 loc16 loc5 loc44 loc67 loc15 loc18 loc15 loc99 loc30 loc17 loc50 loc48
35
loc48 loc61
loc2 loc69 loc93
loc70 loc94
loc21 loc21 loc31
loc20 loc20 loc73
loc53 loc45
loc68 loc68 loc4
loc0 loc0
loc25 loc25
loc92 loc92
loc98 loc98 loc19
loc47 loc47 loc40
loc52 loc52
loc35 loc35
loc42 loc9
loc38 loc89
loc56 loc34
loc6 loc6
loc55 loc55 loc90
loc3 loc3 loc63
loc84 loc71
loc36 loc11
loc24 loc24
loc72 loc72
loc12 loc12
loc60 loc60
loc7 loc7 loc96
loc49 loc27
loc80 loc80 loc88
loc16 loc23 loc91
loc5 loc5
loc44 loc44 loc81
loc67 loc28
loc18 loc43
loc17 loc17 loc26 loc64 loc75
