loc79 loc11 loc51 loc22 loc29 loc70 loc27 loc40 loc6 loc66 loc99 loc108 loc9 loc24 loc19 loc7 loc195 loc31 loc26 loc33 loc80 loc38 loc78 loc26 loc71 loc101 loc12 loc86 loc17 loc30 loc15 loc91 loc48 loc63 loc130 loc185 loc76 loc48 loc178 loc41 loc52 loc179 loc114 loc120 loc112 loc148 loc37 loc140 loc35 loc55 loc152 loc186 loc146 loc190 loc25 loc32 loc49 loc1 loc181 loc21 loc132 loc194 loc16 loc169 loc173 loc14 loc60 loc14 loc98 loc131 loc121 loc14 loc162 loc13 loc56 loc8 loc163 loc65 loc29 loc118 loc57 loc73 loc75 loc57 loc149 loc2 loc187 loc0 loc4 loc42 loc156 loc79
68
loc11 loc11
loc22 loc3 loc36 loc45
loc29 loc83
loc70 loc70
loc27 loc170
loc40 loc40
loc6 loc6 loc18
loc66 loc66
loc99 loc89 loc109
loc9 loc9 loc113
loc19 loc19
loc195 loc128
loc31 loc34
loc26 loc26 loc94
loc33 loc33 loc180
loc80 loc80
loc78 loc78 loc196
loc71 loc92
loc17 loc17 loc69
loc30 loc30
loc91 loc91 loc96
loc48 loc48
loc130 loc130 loc159
loc185 loc185 loc44
loc76 loc76 loc107
loc41 loc41 loc155
loc52 loc52
loc179 loc133
loc114 loc114 loc58 loc160
loc120 loc120 loc54
loc112 loc176
loc148 loc148
loc37 loc43
loc140 loc140
loc35 loc68 loc115
loc55 loc174
loc152 loc152 loc154
loc186 loc186
loc146 loc146 loc62
loc25 loc25
loc32 loc145
loc1 loc124
loc181 loc181
loc21 loc122
loc132 loc132 loc164
loc16 loc16 loc97
loc169 loc106
loc173 loc173
loc14 loc14
loc60 loc60 loc142
loc98 loc98 loc87
loc131 loc131
loc121 loc121 loc158
loc162 loc162
loc13 loc127
loc56 loc153 loc167
loc8 loc8 loc189
loc65 loc134
loc118 loc118
loc57 loc191
loc73 loc73
loc75 loc150
loc2 loc2 loc59
loc187 loc187
loc0 loc0 loc50 loc110
loc4 loc4 loc64
loc42 loc111 loc171
loc156 loc90
