Jingzhou Fredericia CoonRapids Fredericia Colachel AbualMatamir Geilenkirchen Bodhan TanahMerah Wittenau Surkhpur Bejucal Xochimilco CiudaddelCarmen SanJosedeOcoa Ketrzyn LaPossession Ouarzazat Frosinone Ronse AzZuwaytinah Ronse Frosinone Ouarzazat Ketrzyn SanJosedeOcoa CiudaddelCarmen Chambly Khabarovsk Crespo Falun Crespo Khabarovsk Chambly Xochimilco Bejucal TanahMerah Bodhan AbualMatamir Rembangan Thamaga Rembangan Colachel Carouge Depok Carouge Kheri Srinagar Kiruna Eregli Puruliya SmederevskaPalanka Puruliya Eregli Jinotega Eregli Kiruna Srinagar Malnate BurgbeiMagdeburg Kabarnet Sanaa Kabarnet Tabatinga MelitodiNapoli BeneBeraq MelitodiNapoli Tabatinga Kabarnet Malnate Kheri Veenendaal Ghugus Veenendaal Carmichael Huauchinango NiagaraFalls Huauchinango Carmichael Carouge Fredericia Jingzhou
35
CoonRapids CoonRapids Sagalo
Colachel Colachel Ibri
AbualMatamir SaintMichael
Geilenkirchen Ermelo
TanahMerah TanahMerah
Bejucal Bejucal
CiudaddelCarmen Chittaranjan
SanJosedeOcoa SanJosedeOcoa
Ketrzyn Ketrzyn
LaPossession Shumen
Ouarzazat Ouarzazat
Frosinone Radnor
Ronse Ronse
AzZuwaytinah AzZuwaytinah RioFormoso
Khabarovsk Khabarovsk Chegem
Crespo Crespo
Falun Rangae
Rembangan Rembangan
Thamaga Thamaga Tottori
Carouge Carouge
Depok Depok Shively
Kheri Kheri
Srinagar Srinagar Entroncamento
SmederevskaPalanka Kirovsk
Jinotega LondonderryCountyBor FortLauderdale
Malnate Malnate Lysva Jeypore
BurgbeiMagdeburg BurgbeiMagdeburg
Kabarnet Kabarnet
Sanaa Sanaa Sarzedo JabalosSaraj
Tabatinga Tabatinga
BeneBeraq BeneBeraq Gangtok
Veenendaal Veenendaal Shizunaifurukawacho
Ghugus Ghugus Manduria
Carmichael Carmichael
NiagaraFalls elCampello
