LesLilas Nahorkatiya TagbilaranCity Nahorkatiya Skelmersdale FortWorth Skelmersdale Geiro Skelmersdale BlueIsland Skelmersdale Licata AlBajur Licata Wachtberg Licata Mondlo Grajau Cherkasy Escada Tias Balachor Ibirataia SouthSaintPaul Djelfa Rivas Djelfa SouthSaintPaul Ibirataia Balachor Tias Escada Ipil VerrieresleBuisson Oyonnax VerrieresleBuisson Ipil Winnipeg Ipil Escada Mauban Akcaabat Mauban Escada Grajau Mondlo Botad NorthAurora Aracuai Razam UlanBator Razam Aracuai NorthAurora Protaras HaciendaLaCalera Protaras Bourgoin EastLongmeadow Scottsdale FetestiGara Scottsdale EastLongmeadow Bourgoin GongdanglegiKulon Bury GongdanglegiKulon Sobue Johnston Wenchi Hangu Daokou Hangu Wenchi Johnston Sobue Mandan NahiyatashShinafiyah Gorgan Manacapuru Chelles Manacapuru Gorgan Shimofurano Gorgan NahiyatashShinafiyah Nangi Lembang Acireale Baramula Acireale Banting GuaMusang Andrychow SanJuandelaMaguana Andrychow Magdeburg Haora Magdeburg Andrychow GuaMusang Banting Acireale Lembang Nangi NahiyatashShinafiyah Mandan Pezinok Belalcazar Pezinok Mandan Sobue GongdanglegiKulon Bourgoin ElCentro Pozzuoli Marchena Shobara Biskra Shobara Marchena Bourgoin Malpe Shieli Malpe Itororo Shchekino Itororo Malpe NowaRuda Alnavar NowaRuda Malpe Bourgoin Kambove CerroAzul Aringay Kambove Bourgoin Protaras Botad Kineshma SpanishTown Lloydminster Khulm Anjarah Purnia Osan Purnia Anjarah Khulm Tansen Khulm Lloydminster SpanishTown Kineshma Mondlo Licata Skelmersdale Nahorkatiya LesLilas
64
TagbilaranCity TagbilaranCity Hirosaki
Skelmersdale Skelmersdale Tabou Prostejov
FortWorth FortWorth Langenhorn
Geiro Zhaodong CapimGrosso
BlueIsland BlueIsland MineralnyeVody Kotka ChalcodeDiazCovarrub
Licata Battambang
AlBajur MonteAlegre
Wachtberg Rhondda
Mondlo AinArnat
Escada Escada
Tias SantanadoLivramento
Ibirataia Ibirataia
SouthSaintPaul SouthSaintPaul Kemise Angleton
Rivas Rivas Twante
Ipil Korsakov
Oyonnax SenaMadureira
Winnipeg Vaniyambadi
Mauban WestIslip
Akcaabat Akcaabat Acarau
Aracuai Aracuai AinBessem
UlanBator Vyazniki
HaciendaLaCalera HaciendaLaCalera KotRadhaKishan
Bourgoin Morwa
EastLongmeadow EastLongmeadow Mocoa Gowurdak
FetestiGara FetestiGara Embu PortoVelho
GongdanglegiKulon VillaPauladeSarmient
Bury Bury PriegodeCordoba Braila
Sobue Sobue
Johnston Johnston Kairouan
Wenchi Wenchi
Hangu Hangu
Daokou Daokou Sosnovka
Mandan Butuan
NahiyatashShinafiyah NahiyatashShinafiyah
Gorgan Gorgan
Manacapuru Manacapuru
Chelles Shurugwi
Shimofurano Shimofurano Arzamas
Acireale Acireale Ontinyent
Baramula Baramula Fuxin Sorada
GuaMusang GuaMusang
Andrychow Andrychow Turek
SanJuandelaMaguana SanJuandelaMaguana NoblePark Gunzenhausen
Haora Haora SaintCyrlEcole
Pezinok Pezinok
Belalcazar Belalcazar Oerlinghausen
Pozzuoli Pozzuoli Haripur
Marchena Garbsen
Shobara MadinatHamad
Biskra Izhevsk
Shieli Shieli Yafo
Itororo Itororo Ortaca
Shchekino Shchekino Espiye
Alnavar Wangon
Kambove Kambove
CerroAzul Mabopane
Aringay Kaifeng AshtonunderLyne
Kineshma Kineshma
SpanishTown SpanishTown
Lloydminster Lloydminster
Khulm Khulm
Anjarah Anjarah
Osan Nagar
Tansen SenadorPompeu
