EFLJOTk nhkUU4YlSo 4pWeD5 8mH07eUDVB04ui35Z 8pPHWv Q7Ib7B EJOi3LI92xJB eJxYI mQzeU6iv7 SoHxfA vngV9R4 z3IWTq6FKu1omU3 7Wp6U BUfMm00h6fJ tC5KpkScgYX02k iztqe0IzNSYeIUxP5Ys lM3eVHiWOj2z1e kC Tni sR1n9b j11gCbcMZNJncxiwPV zcsBKP3FYMqw pOoSn8Pa tYEQUyLbbkP1dOjF 6bbt262qZFihQO t8ufBKg6M55z4g 6mx6unEnl K6 6mx6unEnl t8ufBKg6M55z4g 13GDMZYtkIBDG8SVi5px cPnISetFj7gG8o9K m2oGn6oGt5 KOtKYQK22FioLtSNslXR Kc4Vyt uyp6KKxfzDAWVnn EcsTlClw EXfqYjoFSTnavKQ cw EXfqYjoFSTnavKQ ZaguBxortKIVVjm bvSOq fYU2Uaajqs0pCys q4W 9PHu2NLeEO 1p3lWfo8qHHC 8I1AatPM YvZ0aTMM I0a5SBtiDKckQxXh155L 3 jTaOOUL TfK0dOIIY4 JQX0b Kc4Vyt fMV6tQxP d bNfy6q11uC z5YSSdMs Xn8chReB4cAIE2gsbLF 7F9H97joVTdU8ZEpeb VU2REvRjMeog EbJNNmdNcYu0zYWsn8WQ EFLJOTk
26
4pWeD5 4pWeD5
8pPHWv Tb5qjVS0DSkDKD
EJOi3LI92xJB EJOi3LI92xJB
mQzeU6iv7 mQzeU6iv7
SoHxfA SoHxfA
vngV9R4 vngV9R4
tC5KpkScgYX02k IRUxJNqQHDtKwk
lM3eVHiWOj2z1e q9b8L0oiOJr
6mx6unEnl 6mx6unEnl
K6 K6 qKAN35ZxfJxs2n
13GDMZYtkIBDG8SVi5px 13GDMZYtkIBDG8SVi5px
cPnISetFj7gG8o9K cPnISetFj7gG8o9K
m2oGn6oGt5 tZ
uyp6KKxfzDAWVnn AUKNFdTo 4W
cw 0e
9PHu2NLeEO 9PHu2NLeEO
1p3lWfo8qHHC 1p3lWfo8qHHC
8I1AatPM 8I1AatPM Kpec
I0a5SBtiDKckQxXh155L I0a5SBtiDKckQxXh155L
3 QyWIcdD7GorZtfQJb
JQX0b JQX0b S5
fMV6tQxP fMV6tQxP
z5YSSdMs r5x
Xn8chReB4cAIE2gsbLF Xn8chReB4cAIE2gsbLF
7F9H97joVTdU8ZEpeb 7F9H97joVTdU8ZEpeb
EbJNNmdNcYu0zYWsn8WQ fgxHyKXvIAKSHtMEoO
