lyenDXSN Lz2zTm A wKxe td2wE ejGARlqqTb PeQXpKEC g5rTdl Nro8QqD7 zR86cxoBR1iHZrBRq IT s atG6EA8t O7r2ToU4q2kmCB tPnWG dOlk D D5kg NgQY7 m CmV txdRlSWkHoanZg KXiqhMJ DcRHjg8DDY6vnwByRY qdOugTsQERXKb12woNAZ rjuIDs VgyX6hB MBLHuIgjJIXs uy3ouNIxumu7jEuoP1 2AR73oQdnbYqnDCGMFS EJDqk Plmj0j b4e4 tQCCGXS3bmOeuRG 49JO1dg0kSXirC4 FLdC 49JO1dg0kSXirC4 K6yVeBnomxSBet nWkakNi6Qt9d4g SO ATcHai3SBHuvmr sAyhAIwP2OT77F2er 8LlDxR2Epx2J excLR25Y6DhCWxI mMU5Ux7Gh9w PZxwb8n s5vYb4jZWyq9Wl1 KTvdjgP8tvhZu1m akZmiQ7tmX 1ds7sqHhanMKkMy s6JxFNKQ ktk7W LMfJF3uF5T1mE7y DYfBQTocj pl4FvR luVwbYvIclTUxL5SnKV BMNlDfk8j64 6yeW7sat9rvd cnYBED3IXb5fpZ cs0 JO9N0rYR9egCTahDaDOm LdA nHG SVbyt JkLZO8DirKOG2bdj JyObTOXbOI JkLZO8DirKOG2bdj SVbyt SB3y6f6tUh 7h2PJW8oD2ihKQrfQ6 ImSpax GPeb aqo cHKeh1 6DVIvuGfPs2BU dygEexsyZY Mu z ImSpax 7h2PJW8oD2ihKQrfQ6 lt1a5E0H VNvsbB7eWJcAK0fU C8PRtY0wMczFLQQYxa 2FvJIR5cRPGGLqP 5esNrDc31UHHlpRecnb QqJi086VlxfXT0 w8EWCroyCh3Um Ei2w Iax35 HwQeXpOEZHQ3s 8tafV1bFRuaPvhP hVfqebryM4wN S8DQEZtWlk6ka46PO A67f fGVqheaVU3e 76MTLMkt rzakQDW pyuS7PRB7WW STJYwXq9HmmawT yhhlTVr0wSq5W udWCYo vAIBd1Ae fWX RG2YgH8N22A6BkFVBj fzp STJYwXq9HmmawT hVfqebryM4wN f9euNCVEF2WwHc0CWSy5 a5oWSrhkZ1i qyauMx3AEqGdHObLiiL l ZDtYWltAxD3Y WTx TCBmdyw eMRqWqXSSf3JtA ZaJkOr3tQhFHqe 4OPV7 eIy4pbuoWfucC gNAsryh 7Q IT E3J9WM6DT0Hetm4lXQFQ wKxe lyenDXSN
37
s BR KtvQaJqCJTRpXM8ZI
CmV CmV
MBLHuIgjJIXs MBLHuIgjJIXs
2AR73oQdnbYqnDCGMFS 2AR73oQdnbYqnDCGMFS
EJDqk K0A9bbVLm9atwTf
Plmj0j Plmj0j
FLdC wcmx8dhmsO
K6yVeBnomxSBet o3refHnx4qioqHztqMYE
nWkakNi6Qt9d4g nWkakNi6Qt9d4g
ATcHai3SBHuvmr frNA534JEvY4f
akZmiQ7tmX akZmiQ7tmX
1ds7sqHhanMKkMy M1PxrOPSNUVpc
6yeW7sat9rvd 6yeW7sat9rvd
cs0 wBJRoqVxn1t
JyObTOXbOI cYPTdnJWL
ImSpax ImSpax
GPeb GPeb
6DVIvuGfPs2BU 6DVIvuGfPs2BU
Mu Mu
z vJxAK1LaHyuu4yFNeul
lt1a5E0H lt1a5E0H llx2p
VNvsbB7eWJcAK0fU VNvsbB7eWJcAK0fU
C8PRtY0wMczFLQQYxa zzYmU5YFhvp1
Ei2w jvdVvQ
HwQeXpOEZHQ3s HwQeXpOEZHQ3s
hVfqebryM4wN hVfqebryM4wN
A67f A67f
STJYwXq9HmmawT L
vAIBd1Ae vAIBd1Ae
fzp 61
f9euNCVEF2WwHc0CWSy5 nqeGwct
a5oWSrhkZ1i f
l l
ZDtYWltAxD3Y G50hiUpVStHCMrd
eMRqWqXSSf3JtA hjCFXN9kbqn0UCNsZ
7Q 7Q zI
E3J9WM6DT0Hetm4lXQFQ hU
