2 34 56 17 29 67 92 52 64 58 55 74 81 80 91 71 77 83 28 43 9 44 99 9 51 10 31 20 31 10 43 28 46 88 1 84 100 96 57 59 96 97 68 46 71 90 29 17 61 56 2 60 33 49 94 82 66 12 53 86 95 23 36 32 4 25 6 62 11 79 21 79 11 6 25 23 53 12 73 93 41 7 2
40
34 37
56 87
17 17
29 29
67 67
52 75
64 5 65
55 55
81 81
91 91
71 71
77 77 13
83 83
28 47
43 43
9 9
99 99 3
51 51
31 31
20 85
1 1
57 57
59 59 39
97 97
68 89
90 63
61 61 27
33 33 69
49 49
53 53 45
95 95
23 23
25 25
11 11
79 79
21 21 15
73 73
93 93 35
41 41
7 7 19
