74 135 163 169 31 190 118 139 184 168 85 194 176 2 180 176 159 39 71 175 60 1 62 95 11 80 34 20 6 161 29 90 183 44 199 24 61 123 91 182 86 18 164 143 86 187 188 92 117 175 105 136 103 165 111 120 159 177 50 191 87 141 19 159 193 88 57 115 101 12 162 21 179 0 22 186 63 70 142 40 181 160 32 115 131 55 196 190 130 48 52 130 84 43 153 74
53
135 8
31 31 7
139 15
85 36
194 33
2 2
180 35
39 39
60 60 26
1 1
62 62
95 10
11 11
80 14
34 34
20 20
6 6
29 29
44 44 16
199 23
24 24
61 61 53
123 45 47
182 41
18 18
164 28
143 37
187 54
188 17
92 30
117 64
120 42
50 50
19 19 46
57 57
101 3
12 12
162 59
21 21 4 38
179 49 51
0 0
22 22 9
63 63
142 5
40 40
181 13
32 32 25
55 55 58
196 27
48 48
52 52 65
43 43
153 56
