93 18 62 70 174 143 77 113 75 113 77 143 160 89 49 117 164 87 11 99 14 126 98 107 24 4 97 176 147 126 99 11 87 164 117 49 118 161 175 73 2 95 33 109 36 9 68 21 119 86 23 145 23 152 57 132 104 10 101 8 169 44 104 132 152 23 68 9 69 79 54 47 78 72 134 103 159 45 156 3 159 103 171 41 22 56 144 170 64 12 19 12 100 53 29 16 29 53 100 12 64 170 103 134 47 91 110 128 116 82 63 151 82 116 128 110 91 47 54 79 69 141 36 131 38 92 74 129 131 49 160 143 165 174 70 62 18 94 18 93
64
18 18 157
62 62
70 70 146
174 174
143 143
77 77
113 102
75 75 130
89 168
49 49
117 117
87 87 136
11 66
99 99
14 14
126 65
98 98
24 24
4 4 76
176 176 90 121
147 147 26
161 161 137
175 81
73 73
2 2
95 95 61
109 109
36 36
119 119 1
86 86
145 111
57 57
132 67
104 124
101 101 172
169 169 20 155
44 105
79 79
47 47
72 72
159 122
45 51
3 140
171 171
56 56 34
170 170 108
64 64
19 19 154
53 53 177
16 39
91 91 40
110 110
128 84
116 116
82 82
63 63 163
151 151 52
141 141 125
131 131 115
38 38
74 74
129 129 27
165 165 43
94 46 80 138
