Acton Compton Farmington Dublin Arnold Bradley Arnold Campbell Coachella Calabasas Dixon Calabasas Coachella Campbell Arnold Firebaugh Cherryland Avery Chowchilla Avery Georgetown Bellflower Bolinas Angwin Atascadero Antioch Folsom Antioch Atascadero Bonsall Clyde Boronda Buttonwillow Bystrom Anaheim Dunsmuir Calimesa Davis Calimesa Dunsmuir Anaheim Bystrom Buttonwillow Boronda Clyde Bonsall Atascadero Angwin Bolinas Bellflower Carlsbad Encinitas Carlsbad Bellflower Georgetown Avery Cherryland Firebaugh Ferndale Clearlake Ferndale Columbia Alpine Fontana Colusa Covina Cudahy Covina Downey Cerritos Anderson Calexico Blairsden Calexico Colfax Bayview Ducor Bayview Colfax Calexico Cromberg Cupertino Bloomington Ceres Bloomington Cupertino Duarte Cupertino Cromberg Calexico Florin Calexico Anderson Cerritos Bell Alpaugh Escalon Calipatria Crockett Calipatria Escalon Alpaugh Bell Cerritos Bluewater Cartago Covelo Farmersville Delhi Fremont Concow Carrick Alameda Berkeley Armona Danville Armona Berkeley Alameda Carrick Concow Fremont Delhi Farmersville Covelo Foresthill Covelo Cartago Bluewater Cerritos Downey Covina Colusa Dinuba Banning Alamo Banning Fresno August Clio Etna Copperopolis Etna Clio August Cotati August Fresno Banning Dinuba Colusa Fontana Alpine Columbia Brawley Alhambra Cambria Cayucos Cambria Alhambra Brawley Corning Brisbane Corning Brawley Columbia Fillmore Cobb Barstow Cobb Fillmore Columbia Fortuna Diablo Artesia Fallbrook Carson Bishop Brea Bishop Fruitdale Byron Fellows Byron Fruitdale Escondido Fruitdale Bishop Carson Fallbrook Fairfax Chino Fairfax Fallbrook Artesia Diablo Brentwood Biola Brentwood Galt Burbank Arcadia Burbank Galt Brentwood Diablo Clayton Diablo Fortuna Columbia Ferndale Firebaugh Arnold Dublin Farmington Compton Acton
78
Compton Bowles
Arnold Arnold
Bradley Bradley Caruthers
Campbell Campbell
Coachella Amesti
Calabasas Calabasas
Dixon Broadmoor
Avery Avery
Chowchilla Avenal Benicia
Bellflower Bellflower
Bolinas Bolinas
Angwin Angwin
Atascadero Atascadero
Antioch Antioch
Folsom Caribou
Bonsall Bonsall
Boronda Boronda Beckwourth
Buttonwillow Buttonwillow
Bystrom Bystrom
Anaheim Anaheim Calistoga
Calimesa Calimesa
Davis Aromas
Carlsbad Carlsbad
Encinitas Canyondam
Clearlake Ashland
Columbia Carpinteria
Alpine Alpine
Colusa Adelanto
Cudahy Bodfish
Cerritos Cerritos Aptos
Anderson Anderson
Calexico Calexico
Blairsden Blairsden Atherton
Bayview Bayview
Ducor Burlingame
Cupertino Auberry
Bloomington Bloomington
Ceres Ceres Auburn
Duarte Carmichael
Florin Alturas
Bell Bell
Alpaugh Alpaugh
Calipatria Calipatria
Crockett Cabazon
Bluewater Bluewater
Cartago Cartago
Carrick Carrick
Alameda Alameda
Berkeley Berkeley
Armona Armona
Danville Blythe
Foresthill Altadena
Banning Banning
Alamo Alamo Avalon
August August Castroville
Copperopolis Bakersfield Beaumont
Cotati Boron
Brawley Brawley
Alhambra Alhambra Belden
Cambria Cambria Almanor
Cayucos Cayucos Arvin
Brisbane Brisbane Belmont
Barstow Barstow Capitola
Fortuna Calwa
Artesia Artesia
Fallbrook Bonita
Carson Carson
Bishop Bishop
Brea Brea Azusa
Byron Byron Biggs
Fellows Bradbury
Escondido Albany Atwater
Chino Bootjack Burney
Brentwood Brentwood
Biola Biola Arbuckle
Burbank Burbank Camarillo
Arcadia Arcadia Belvedere
Clayton Arcata
