Acadia Biscayne Rocky Caverns Congaree Everglades Katmai Everglades Caverns Rocky Biscayne Acadia Guadalupe Sequoia Wrangell Teddy Haleakala Shenandoah Clark Badlands Crater Olympic Crater Badlands Clark Canyonlands Brycecanyon Glacier Gunnison Glacier Brycecanyon Isle Kenai Redwood Kenai Voyageurs Saguaro Voyageurs Kenai Isle Lassen Channel Lassen Isle Brycecanyon Canyonlands Clark Shenandoah Haleakala Teddy Wrangell Sequoia Guadalupe Acadia
21
Acadia Capitol Tortugas
Biscayne Biscayne
Caverns Caverns
Congaree Congaree
Everglades Everglades
Katmai Denali
Guadalupe Guadalupe
Haleakala Haleakala
Badlands Badlands
Crater Crater
Olympic Arches
Canyonlands Canyonlands
Brycecanyon Brycecanyon
Glacier Glacier
Gunnison Gunnison Basin
Isle Isle
Redwood Teton
Voyageurs Bend
Saguaro Gateway
Lassen Smoky
Channel Channel Cuyahoga Indiana
