0 1 2 3 4 5 6 7 8 9 18 17 27 37 38 48 58 68 78 88 89 99 109 119 129 139 149 37 47 57 67 77 87 97 98 108 118 128 138 148 158 168 178 98 97 107 117 127 137 147 157 15 25 26 36 46 56 66 35 45 14 3 13 23 33 43 53 63 64 74 75 85 95 96 106 116 126 136 146 156 166 176 186 105 115 125 135 145 155 165 175 84 73 83 93 103 104 114 124 134 144 154 164 174 113 123 133 143 153 163 173 183 12 22 32 42 52 10 20 21 31 41 51 61 71 81 82 92 102 112 122 91 101 30 40 50 60 70 80 90 100 110 120 130 131 141 142 152 162 172 182 151 140 150 160 170 0
85
1 11
3 3
4 4
6 6
8 8
9 19
18 28
17 17
27 27
58 58
89 89
119 119
139 139
149 149 159
47 47
57 57
77 77
87 87
138 138
148 148
158 158
168 168
178 178 188
107 107
137 137
147 147
157 157 167
15 15
26 26
36 36
46 46
56 56
66 66 76
35 35
45 45 55
14 24
13 13
33 33
43 43
53 54
63 63
64 64
75 75
85 85
95 95
126 126
156 156
186 186 196
105 105
115 115
135 135
155 155
175 175 185
84 84 94
73 73
104 104
114 114
124 124
174 174 184
123 123
143 143
173 173
183 193
12 12
22 22
52 52 62
20 20
31 31
51 51
82 82
92 92
112 112
122 132
91 91
101 111
30 30
40 40
80 80
90 90
162 162
172 172
182 192
151 151 161
150 150
170 171 180
