Loc2 Loc5 Loc82 Loc76 Loc89 Loc41 Loc42 Loc74 Loc70 Loc54 Loc38 Loc40 Loc96 Loc87 Loc66 Loc99 Loc85 Loc12 Loc51 Loc18 Loc80 Loc20 Loc61 Loc53 Loc44 Loc9 Loc98 Loc88 Loc25 Loc47 Loc39 Loc33 Loc1 Loc68 Loc37 Loc30 Loc84 Loc63 Loc73 Loc93 Loc21 Loc7 Loc0 Loc7 Loc21 Loc26 Loc57 Loc58 Loc69 Loc55 Loc22 Loc29 Loc23 Loc94 Loc79 Loc35 Loc83 Loc86 Loc59 Loc79 Loc50 Loc72 Loc78 Loc36 Loc43 Loc31 Loc65 Loc2
41
Loc82 Loc82
Loc76 Loc52
Loc41 Loc41
Loc74 Loc74
Loc70 Loc67
Loc54 Loc54
Loc40 Loc40
Loc87 Loc14
Loc66 Loc66
Loc99 Loc6 Loc19
Loc12 Loc3
Loc51 Loc10 Loc32 Loc45
Loc18 Loc4
Loc80 Loc80
Loc61 Loc16 Loc90
Loc53 Loc53
Loc44 Loc11
Loc9 Loc9
Loc47 Loc24
Loc39 Loc28
Loc33 Loc46
Loc1 Loc1
Loc73 Loc73
Loc93 Loc77
Loc21 Loc8
Loc7 Loc7
Loc0 Loc0 Loc48
Loc26 Loc26
Loc57 Loc60 Loc92
Loc58 Loc58
Loc55 Loc71
Loc22 Loc22
Loc23 Loc64
Loc35 Loc35
Loc83 Loc15 Loc91
Loc86 Loc86
Loc59 Loc75
Loc78 Loc17 Loc34
Loc36 Loc13 Loc27
Loc43 Loc43
Loc65 Loc56
