pace voice financial respect audience class disclose skeleton understand paper deposit paper understand figure banana king guarantee due guarantee dialogue prison solve tolerate forge tolerate solve prison dialogue romantic sign legislation enhance dough enhance legislation sign romantic straighten quality straighten romantic dialogue guarantee king banana judicial glasses judicial banana figure understand skeleton disclose class exclusive dip joint demand cigarette demand pain pig mature pig pain demand joint dip exclusive class audience respect injection interactive feature interactive throne stroke thirsty certain page fortune page certain sunrise title shy market miserable environment approval gate circulation gate mystery approval environment miserable market shy title sunrise certain thirsty stroke discriminate stroke throne interactive injection respect bitter respect financial voice pace
38
voice voice
financial financial
class class
disclose injury
paper paper
deposit swear
figure figure
king king
guarantee guarantee
due seize
dialogue likely tool
prison prison
tolerate tolerate
forge winner vegetarian
sign sign
legislation legislation
enhance enhance thumb
dough dough linger
quality quality headline
glasses glasses autonomy
exclusive exclusive buffet
dip dip
demand demand
cigarette cigarette tablet
pain pain
mature brake
feature honor
throne throne
page page
fortune imposter
sunrise sunrise
title title
shy shy nationalist
approval other
circulation circulation output
mystery mystery enter
discriminate lake
bitter bitter rob
