C0 C107 C165 C100 C130 C97 C121 C95 C191 C89 C117 C191 C91 C125 C159 C99 C108 C103 C104 C105 C192 C76 C162 C195 C148 C93 C169 C186 C94 C110 C109 C198 C116 C92 C116 C138 C96 C154 C157 C144 C102 C141 C171 C53 C151 C67 C106 C111 C184 C128 C106 C129 C113 C115 C126 C134 C98 C122 C127 C142 C136 C101 C146 C177 C183 C68 C136 C196 C160 C167 C97 C187 C82 C97 C100 C137 C100 C185 C83 C0
56
C0 C0
C107 C107 C190
C165 C165 C57
C100 C100
C97 C97
C121 C121 C172
C95 C95
C191 C31
C117 C120
C125 C54
C159 C16 C35 C63
C108 C66 C145 C182
C103 C103 C123 C132
C104 C104 C179
C105 C105 C45
C192 C192 C1 C5
C76 C51
C162 C3 C52
C195 C19 C20
C93 C93 C168
C169 C169 C50
C110 C110
C109 C164 C194
C198 C198 C71 C74 C86
C92 C193
C154 C154 C30
C157 C77 C78
C144 C144
C102 C11 C153
C141 C141 C4 C56
C171 C171
C53 C28
C67 C47
C106 C124 C161
C184 C2 C24 C70
C128 C166
C129 C129
C113 C114 C119 C139 C149 C152
C115 C181
C126 C49
C134 C134
C122 C122
C127 C127
C142 C7 C10
C101 C101
C146 C146 C84
C177 C58
C68 C68 C18
C196 C196 C43
C160 C160 C59 C88
C167 C167 C26 C27
C187 C87
C82 C8 C25
C137 C137 C32 C55
C185 C185
C83 C48
