9iIwk jASvw AQ02H MA43U ZzWHp oqPYQ jASvw 9iIwk 6EWVx jT5CK HOs1b qkJ6b Nceu2 qkJ6b QVYVG LZomt Ew56P RKW0P QVYVG q0lus 1uRw3 Ri2t4 knY3U jAwQw aHGHb CAygY aHGHb 1uRw3 WJNpN YH6mk 5ioW1 Be0ab XZKtP qmTnM 5ioW1 YH6mk Y7IDR UpLNw Y7IDR WJNpN AgYPL WJNpN QVYVG HOs1b jT5CK 6EWVx 9iIwk h2rea 0mah3 rrNj1 Esl6u fS0W8 k64Ok BnAjj ZgtaX veOJ7 ZgtaX k64Ok fS0W8 Esl6u rrNj1 0mah3 ChXAd 9iIwk
32
9iIwk 9iIwk 5R5Xa
jASvw jASvw
ZzWHp ZzWHp Mj2eQ iEXNY
oqPYQ oqPYQ 0GdkR
jT5CK jT5CK 5BDPJ
qkJ6b qkJ6b 1xmtC
Nceu2 XYzcU
QVYVG 7G74f RhUVQ
LZomt LZomt
Ew56P SgDk6
RKW0P jYfXn
1uRw3 1uRw3 1pxZM
Ri2t4 Ri2t4 y89SK
knY3U vE0Pj
jAwQw jAwQw
aHGHb aHGHb WGJpQ
CAygY kmzhT
WJNpN 5VT1H
YH6mk YH6mk
5ioW1 5ioW1
Be0ab Be0ab
XZKtP XZKtP dw7aX
qmTnM bXinH
Y7IDR Y7IDR
UpLNw 4a0W8
AgYPL AgYPL tnjfN
h2rea h2rea
fS0W8 fS0W8 p9vQm
BnAjj BnAjj
ZgtaX ZgtaX Vake4 JgjFI pXCjI
veOJ7 veOJ7 iCgvV
ChXAd ChXAd 1eRkH
