Abbey Adyson Alisha Amaris Ainsley Averie Ainsley Amaris Alena Alexia Allisson Alissa Alena Amber Alivia Alexus Abbey Ally Abbey Arielle Angel Fatima Abril Alia Abbey
18
Abbey Abbey Aryana Ashley Aubree Camilla Carly Denisse Jasmin Kiley Kristin Lainey Lindsay Lucille Matilda Nia Zion
Adyson Christine Emma Gillian Janiya Mira Mya Natalee Noelle Parker Taniyah Zaria
Alisha Diana Juliette
Amaris Aniya
Ainsley Baylee Dana Elianna Jamiya Jimena Kiana Lilyana Mckinley
Averie Haven
Alena Carlee Dayami Emilie Jazmyn Kaydence Kenzie Kira Tara
Alexia Alexia Brooklyn Carleigh Jillian Lilia Madilynn Sharon
Allisson Sophie
Alissa Ciara Ingrid Lacey Leila
Amber Rylee
Alivia Alivia Avni Sophia
Alexus Alexus Carlie Chasity Claire Iyana Keyla Maggie Mckayla Melina Myah
Ally Kimberly Zara
Arielle Arielle
Angel Kaley
Abril Bryanna Imani Jade Jaden Laylah Mireya Neveah Riley
Alia Alia Ariel Kayden Kristina Shyanne
