Taozhuang Chharra Artur Somma Gua Fitchburg Somma CroixdesBouquets Villa Gudermes Uran Maliana Uran Griffith Vernon Guyong Bhit Tupelo Weimar Boo Las Uran Jhol Uran Strathfield Maspalomas Artur Rangia Artur Salima Southsea Ulu Rutherglen Shalqar Chharra Ramla Chharra Tuxtla Chharra Jackson Chharra Taozhuang
27
Taozhuang Taozhuang
Chharra Esperanza Sicklerville Ilesa Besuki
Artur Artur Hechingen
Somma Somma
Gua Oulmes Middle
Fitchburg Kallio
CroixdesBouquets Jinotepe
Villa Villa Rafiganj Cibinong Nonsan Aytos
Gudermes Gudermes
Uran Uran Pottstown
Maliana Jingzhou
Vernon Caravaca Severodvinsk
Bhit Camayenne Durazno Longgang
Tupelo Tupelo
Boo Boo Esmeraldas Donggongon Bourbonnais
Las Memmingen
Jhol Udumalaippettai
Strathfield Strathfield Waverly
Maspalomas Fort
Rangia New
Southsea Bang Sarandi Freetown Calauan
Ulu Ulu
Rutherglen Rutherglen Gauting
Shalqar Alatyr
Ramla Ramla Azrou
Tuxtla Wesseling
Jackson Jackson Rosedale
