Ilesa Foshan GavrilovYam Jashpurnagar Foshan Aklera Bensheim Ventimiglia Malden Tupiza Valday Lesosibirsk Valday Bogovinje MitryMory Viewpark Oschatz Perth Boyeros Portogruaro GatesNorth Belper Jiangyan Krymsk Sheoganj Valletta Calauan Rhosllanerchrugog Minas Marburg Mexborough Polohy Bavly Minas Houthalen Zeist Espoo Calauan Reutlingen Batu Aleshtar Rafaela Alfenas Uran Chamba Batu JalalAbad Aistala Bobigny Liberia Milledgeville Tupelo Memmingen Alexandria Woodlawn Athlone Woodlawn Aistala PortVila Taebaek Antanifotsy El Losheim Barras Patnos Davis Pleasant Mongo Perth Great Bensheim Ilesa
55
Ilesa Ilesa
Foshan Foshan
Jashpurnagar Jashpurnagar Magomeni
Aklera Aklera
Bensheim Bensheim Campobasso An Kyzylorda Bang PointeClaire
Ventimiglia Ventimiglia Sishui
Malden Malden
Tupiza Tupiza
Valday Valday
Lesosibirsk Toledo
Bogovinje Bogovinje
MitryMory MitryMory Claremont Ponta Copperas Lodwar
Viewpark Viewpark
Oschatz Barracas Yingkou
Perth Perth UlanUde Resplendor Tak Brzeg Villaquilambre Niort Clermont
Portogruaro Aurora Chacabuco Rutland Sillanwali
GatesNorth Shagamu
Belper Meizhou LonsleSaunier Guli Zaozhuang Skalica
Jiangyan Jiangyan
Krymsk Ada American
Sheoganj Ramla Shaowu
Valletta Valletta Itacoatiara
Calauan Calauan Onex
Rhosllanerchrugog Rhosllanerchrugog
Minas Dahlem New Mouscron
Marburg Marburg
Mexborough Mexborough Oulmes
Polohy Polohy
Bavly Bavly Gariadhar
Houthalen Palm
Zeist Brunswick Stupino
Espoo Tiruppuvanam
Reutlingen Oberhausen
Aleshtar Aleshtar
Rafaela Jagna
Alfenas Alfenas
Uran Uran Azrou Landshut
Chamba Hermsdorf
Aistala Tharu Palafrugell
Bobigny Bobigny
Liberia Bon Stuttgart Paredes
Milledgeville Milledgeville Puerto
Tupelo Tupelo
Memmingen Memmingen WaltonontheNaze
Alexandria Alexandria Milagro
Athlone Lille
PortVila PortVila
Taebaek Sirsi Sorsogon
Antanifotsy GernikaLumo
El DehiwalaMount
Barras Sceaux
Patnos Puducherry
Davis Davis
Mongo Talipparamba
Great Great Tyoply
