108 30 108 69 47 51 170 51 47 66 21 158 21 163 46 61 17 61 120 112 120 61 163 162 44 13 79 13 44 171 133 31 38 190 116 109 76 2 50 95 68 179 157 179 50 2 105 4 178 34 48 6 23 131 140 80 3 139 106 84 183 84 196 94 197 58 124 11 193 73 189 56 151 97 128 55 128 151 56 82 42 18 37 53 90 93 45 127 26 5 81 132 81 174 188 35 188 174 5 26 127 45 185 154 103 0 185 45 96 90 37 18 42 82 189 177 192 152 182 148 191 117 25 142 25 117 172 191 118 113 118 191 181 165 167 156 135 6 34 149 178 105 161 77 110 75 110 161 105 108
71
30 121
69 69
51 7 101
170 170 49 54
66 66
158 63
46 46 32
61 61
17 17 67
120 120
112 126
44 44
13 13
79 79 36
171 138
133 133
31 31
38 38 107
190 190
109 109
95 95
68 68 85
179 179
157 157 15
178 78 130
34 34
48 48
23 23 129
140 140 43
139 65
84 84
183 146
196 92
197 197 137
11 11
193 39
73 73 134
56 56
151 151
128 128
55 143
82 82 71
37 37 64
53 53
45 45
26 26
5 5
81 81
132 144
174 174 19
188 188 153
35 35 14
0 136
96 96 57
177 177 186
182 182
148 148 176
191 100
117 117 24
142 142 114
172 99
118 118
113 184
181 181 28
167 167
156 187
135 83
149 1
77 77
110 110
75 75 150
