pride thank dairy pull prove basketball tourist crackpot exotic reach concern veteran concern whole mean preoccupation makeup democratic notorious absorption identification dialect democratic makeup preoccupation inhibition present freckle direct merit tease glide freckle shelter national number preoccupation pawn smile celebration loud hide fortune offensive discrimination feign wear import wear feign discrimination laundry soul integrated supply illustrate price service create understanding ballot cheat celebration smile domestic scatter difference fuss confidence childish fault seller skip fault childish confidence fuss difference craftsman contract snap smile pawn mean stadium exit adult volunteer administration wrong lobby inappropriate chaos trick wrong administration favorable magnetic adult mind gift line withdraw tribe deficit ceiling company vote reach auditor cancel pity work colon stubborn pupil stubborn pioneer element addition east frozen element pioneer pity exotic plug scrap exotic continental pride
72
pride pride
thank thank equinox
dairy leash
prove prove appear
basketball basketball bring
exotic exotic
concern concern
veteran breakin
whole whole
preoccupation crew
makeup makeup
absorption absorption farewell
identification top
dialect dialect desk
inhibition inhibition
present present formation
direct direct
merit merit dose
tease community
glide glide bracket
shelter shelter
national knit
number salmon
smile linear
celebration celebration
loud loud
hide hide
fortune fortune
offensive offensive
discrimination deck
feign feign
import dilemma
soul car
integrated integrated mosaic
illustrate maze dramatic
create create
understanding denial
ballot ballot
cheat predict
domestic domestic accessible
fuss fuss minimize
confidence thread
childish childish
seller seller steward
skip skip battery
craftsman craftsman
contract contract belief deter
snap snap trance
stadium creation
exit magnitude
adult adult
wrong wrong huge
lobby lobby
trick mechanism
magnetic magnetic nationalism
mind mind tin
gift gift
line line suffer
tribe tribe
company company
vote vote transaction
auditor pastel
cancel cancel perception
pity homosexual
work work valid rabbit
colon colon traction
pupil pupil partnership
addition dedicate
east east
frozen think
scrap scrap berry
continental transmission
