steward childish belief deck bracket feign direct community company hide absorption basketball exotic dose line think community direct breakin minimize maze minimize breakin direct contract suffer scrap suffer creation pupil creation suffer contract direct belief skip adult childish ballot steward
19
childish childish
belief belief
deck deck
feign pastel
community community
company company perception
hide hide concern
basketball basketball
exotic exotic
line appear
think think tin
minimize minimize
maze top
scrap scrap linear
creation creation
pupil battery
skip skip
adult adult farewell
ballot ballot crew
