3a 95a 59a 48a 76a 5a 62a 1a 104a 32a 41a 22a 77a 69a 65a 101a 30a 58a 67a 25a 39a 19a 18a 60a 78a 14a 34a 36a 66a 27a 68a 90a 52a 103a 86a 61a 83a 37a 6a 49a 92a 89a 75a 96a 37a 72a 80a 53a 50a 51a 55a 53a 86a 103a 52a 27a 34a 85a 13a 31a 99a 2a 16a 10a 38a 2a 13a 34a 78a 18a 35a 58a 65a 22a 32a 104a 62a 76a 93a 102a 4a 8a 73a 56a 81a 82a 74a 21a 88a 87a 74a 82a 81a 56a 4a 91a 64a 57a 91a 76a 59a 95a 3a
48
48a 48a
5a 5a
62a 62a
1a 1a 43a
104a 71a
32a 32a
41a 41a
22a 22a
77a 77a
65a 65a
30a 30a
58a 58a
67a 67a
25a 25a
39a 39a
60a 60a
14a 14a
34a 34a
66a 66a
52a 52a
61a 61a 40a
83a 83a
37a 37a 84a
6a 6a
49a 49a 98a
92a 92a
75a 75a
96a 96a 29a 79a
72a 72a
80a 80a
53a 53a
50a 9a
51a 51a
55a 0a
31a 31a
99a 99a
16a 16a 42a
38a 38a 7a
35a 35a 44a
93a 93a
4a 4a
73a 73a 47a
56a 56a
21a 21a
88a 88a
87a 87a 15a
64a 64a 23a
57a 57a 28a
