0 181 112 53 13 92 59 73 5 109 198 122 140 58 34 37 149 190 64 74 195 11 86 153 68 60 157 17 29 75 54 61 41 125 151 147 156 164 39 189 127 194 133 162 177 148 175 117 9 134 71 21 46 40 42 82 4 111 185 80 76 35 167 32 115 160 96 55 94 178 158 2 27 36 51 197 170 20 8 126 166 199 19 24 118 31 57 10 30 182 196 26 193 0
67
0 0 79
53 53
13 13 70
92 92
59 59 98
73 73
5 5 90
109 65
122 91
58 58
34 34
37 37 22 67
149 6
64 64 45
74 74 38
11 11 48
86 86 44 87
68 68
60 60 50
157 28
17 17
29 29
75 75
54 54
61 61
41 41
151 33
147 25
39 39 15
133 14
177 72
148 99
117 83
9 9
71 71 81
21 21 16
46 46
40 40 66
42 42 18 97
82 82
4 4
111 56
80 80
76 76
35 35 47
32 32 7
115 93
96 96
55 55 62 63
94 94 69
178 3 12 43 49
2 2
27 27
36 36 84
51 51
197 1
170 89
20 20 95
8 8 52 77 85
19 19
24 24
31 31
57 57
10 10
30 30 23
26 26 78
193 88
