BU FF BZ CB BZ FF DU AL BB AT CM HO CM AT GM BE GM AT GX AT HA AT BB BJ CV AW BP AR CQ AR BP BQ CE AE CE GN EW CJ EW GN CE BQ CX FH CX BQ GE DK GE EP FS EP GE FT BR AH FI AH GZ DW DB GY CW BI BC BI FQ BS FQ BI CW FN HI BM BH CL BH BM HI BW AO CR AO EG GO AD CS AD GO DE CK AK CK DE FB GF DS DE GO AO BW HI CW GY DB DW FL EM DF HN DF EM FL DW GG DD GP EA GP DD GG DW GZ GW CP EB CP EZ CP GW GZ AH BR DL GB AA CY AI CY AA GB DL GC GV HP EF AS EF GR EF HP GV GC BR FT GE BQ BP AW CA AW FU DH FU AW CV AL DU BT DU GA AM EH AM GA DU FF BU
71
BU BU
FF FF
BZ BZ AN
CB ER
DU DU
AL GH
AT AT
CM CM
HO GQ
GM GM
BE BE HJ
GX ES HH
HA HA ET
CV CV
AR AR EQ
CQ CQ DT DZ
BQ BQ
AE AE EL
GN GN
CJ DQ
CX CX
FH CZ
GE GE
DK DK DM
FS FS EC
AH BY
FI FI GS
DW DP EN
GY GY
CW CW
BC AF
BS AV
FN FN
HI HG
BM BM
BH BH FD
CL BF
BW BW
AO DX
CR CR BN
EG EG CD HC
GO GO
CS CS CI
DE DE AQ FW FY
CK CK
AK EY
FB FB
DS DS BA GT
FL FL
DF BK
HN FR
DD DD
GP GP
EA EV
EB AP
EZ CO
DL DL CT
AA BG
CY CY
AI DI
GC EK
HP HP HM
AS DR
GR DJ
CA CA HF
FU FU EO
DH AY DV
BT FG FP
GA GA
AM GK
EH EH AX
