vBhpoFdJZxyttIlfaf7D iboL4JgkqVZaEWXpgBVJ ORsS8PhYU7QJhPkIo1xK uUumBfQJDh6S0d06Kb78 lNXOSirtCXW7TPygvsll cs6LkMYfySGYUzb8VLcc HP9rCKizazA8tTd6EvQn 37APL8dpwT5Ds5AIG0t4 d6xeP6xeDJ3O2jY8D4pB fMf4OEuDhzQ5lzL1yC1p xVHVP9vjiW3Srf3J1yYm gpVfP7ILbg2pDpIPQr5Q PTLuDKOoq7xOBNmDYZyZ t9sKEbhLg4hRMCMxdZiD wRuGNazG4ZAxqcI0KBgs 17OoKHzumyPaqfjSSc7S DybFcuyeWxt51LawzVvs PTLuDKOoq7xOBNmDYZyZ XYk0VV4ujV55qqS8YiHV 3k0aPItJckmjybSSZ7vB KyDQmUshvaOMIokV4BFs ohy3S5QXymEhh63dMBQE qHwCsNomWkpZ3C6j94Cj x46nB6Iwp6wweeEhyIVP KdfPZ6xz4cOaMLpuBPMV YcxUAlL7DgkVgq8Zmqcx Iz79VMi2nkM7feHNxIEU KyDQmUshvaOMIokV4BFs fHfopcx4v3MKBN0TMn7s InZnvPu8h9zAoLCNj2in NAqhSs9OpS9XtIaJtTCD 2LthmnS3Cdd5FBfY5GQ9 R7crXexksQ4TN5zY2ck3 iki3BohF22ET0rMPxXQ5 qM7lEl3z2COceXw7x0EC j0gfpSkQuY2aCnSASDK5 6koX1rNvAwrB84m39eQv R6ZzYYWqarkWldqbKDab WN0Nl06Zx9w6LYUHMZam 8Le4AI986fwHZXPoOMK1 wHEcyeduhdH7p3Lr1PtC R8y8GsBEYGcYG98ELdKo eoouXbauUEZFoVnISdZW Qs0K7PGKCJNOLMDZLnEf 4ilNvg3IkxoJuvkwqYsS 7PoxePhwnlLvMilKVpER W1oKj4YwVrgRk8CEP5N8 iLoZi9Udouf2bH9NFsk4 zs7X4IJgeJEM8iqAbvF3 KuHO8xRrArMMDCKffmsm fp9JaV5iTp8QxXwwkR68 jTdja1e2hUhydiExPlJM qkrT0EYt8AHuefFD25g1 XWHR07Y6kfSBbEuD62PN ZYwKC5uFmtW0QjsMiT9A 0smtcWECRVW5IqVm6wBj n2Cqtp5v2DuwGX7LhuzE XWHR07Y6kfSBbEuD62PN vBhpoFdJZxyttIlfaf7D
35
uUumBfQJDh6S0d06Kb78 uUumBfQJDh6S0d06Kb78
cs6LkMYfySGYUzb8VLcc cs6LkMYfySGYUzb8VLcc
HP9rCKizazA8tTd6EvQn MiPSEwVMn3bbGh4tbRTf
37APL8dpwT5Ds5AIG0t4 37APL8dpwT5Ds5AIG0t4
d6xeP6xeDJ3O2jY8D4pB d6xeP6xeDJ3O2jY8D4pB mv3tFPDoT2NlrLp24T9l 9B0w6Ahn3NsugfNn6veD rMd1TXBMCuFfO59jF1Tq vLwJebpyApE3MPksc9OW
xVHVP9vjiW3Srf3J1yYm XX8iZd9Mw56dkKCstFAC
gpVfP7ILbg2pDpIPQr5Q 535WuquKiicRqEyzCI3d
t9sKEbhLg4hRMCMxdZiD W1jWYYdH0atiKtbaVDRT
17OoKHzumyPaqfjSSc7S 17OoKHzumyPaqfjSSc7S 6PPTzNGrNxrgfdvm8cwZ
DybFcuyeWxt51LawzVvs DybFcuyeWxt51LawzVvs eKaPpzrMwOPxNzeoOSFH
XYk0VV4ujV55qqS8YiHV XYk0VV4ujV55qqS8YiHV
ohy3S5QXymEhh63dMBQE ohy3S5QXymEhh63dMBQE
YcxUAlL7DgkVgq8Zmqcx EHYUZOt1fTtm7KJue8on
Iz79VMi2nkM7feHNxIEU rkMvLqMMN5Aq3onq5XeZ
fHfopcx4v3MKBN0TMn7s fHfopcx4v3MKBN0TMn7s
InZnvPu8h9zAoLCNj2in InZnvPu8h9zAoLCNj2in
NAqhSs9OpS9XtIaJtTCD NAqhSs9OpS9XtIaJtTCD J00g7hlLLSWTXvTYK9v2
2LthmnS3Cdd5FBfY5GQ9 2LthmnS3Cdd5FBfY5GQ9
R7crXexksQ4TN5zY2ck3 R7crXexksQ4TN5zY2ck3 WwLzOfqcc3FIzub2jh8R
iki3BohF22ET0rMPxXQ5 iki3BohF22ET0rMPxXQ5
qM7lEl3z2COceXw7x0EC qM7lEl3z2COceXw7x0EC
6koX1rNvAwrB84m39eQv 6koX1rNvAwrB84m39eQv tUVqKo1E6AibIE6zShkv
R6ZzYYWqarkWldqbKDab R6ZzYYWqarkWldqbKDab
WN0Nl06Zx9w6LYUHMZam WN0Nl06Zx9w6LYUHMZam XBxLd5K0m0Gtk5fTL45q
8Le4AI986fwHZXPoOMK1 8Le4AI986fwHZXPoOMK1 nB1RHSnvjX4nG0Tch5En
wHEcyeduhdH7p3Lr1PtC wHEcyeduhdH7p3Lr1PtC
4ilNvg3IkxoJuvkwqYsS 4ilNvg3IkxoJuvkwqYsS
7PoxePhwnlLvMilKVpER 7PoxePhwnlLvMilKVpER RRlYwTFLYqL48JIMSAmC
zs7X4IJgeJEM8iqAbvF3 zs7X4IJgeJEM8iqAbvF3 RpMJGAvULIBCQ0RI369s
KuHO8xRrArMMDCKffmsm oFNlFPub6zLirsQwo0fu
fp9JaV5iTp8QxXwwkR68 fp9JaV5iTp8QxXwwkR68
jTdja1e2hUhydiExPlJM jTdja1e2hUhydiExPlJM 8mLI4Cl8exxeLw5eLCvi
qkrT0EYt8AHuefFD25g1 qkrT0EYt8AHuefFD25g1
XWHR07Y6kfSBbEuD62PN XWHR07Y6kfSBbEuD62PN
n2Cqtp5v2DuwGX7LhuzE n2Cqtp5v2DuwGX7LhuzE JEGgKJfdY8owvwdYhKMk
