L0 L9 L70 L5 L4 L5 L70 L9 L94 L25 L24 L25 L94 L41 L94 L9 L0 L61 L74 L18 L14 L16 L43 L16 L14 L18 L34 L78 L28 L27 L36 L55 L87 L88 L55 L36 L27 L81 L82 L20 L96 L47 L48 L77 L48 L96 L20 L82 L81 L27 L28 L78 L73 L6 L40 L39 L98 L39 L40 L64 L22 L92 L45 L60 L15 L60 L45 L92 L22 L64 L63 L64 L40 L6 L73 L21 L58 L21 L73 L80 L68 L67 L68 L80 L79 L78 L34 L74 L89 L74 L0
36
L9 L10
L70 L23
L4 L31
L24 L24 L32
L41 L41 L29
L61 L97
L74 L74 L51
L14 L14
L43 L43 L42
L28 L28
L55 L33
L87 L86
L88 L88 L84
L81 L81
L20 L20
L96 L54
L48 L48 L8
L77 L77 L7
L73 L73 L1
L6 L6
L40 L85
L39 L39
L98 L69
L22 L22
L92 L92 L93
L45 L45 L2 L46
L60 L60
L15 L15 L75
L63 L62
L21 L21
L58 L50
L80 L80
L68 L68 L12
L67 L83
L79 L79 L19
L89 L72
