point0 point52 point50 point49 point12 point2 point9 point5 point15 point20 point18 point14 point21 point22 point21 point14 point18 point32 point29 point35 point30 point25 point33 point31 point34 point31 point33 point37 point41 point38 point40 point39 point45 point39 point40 point38 point37 point33 point25 point30 point35 point29 point32 point20 point15 point5 point9 point2 point12 point10 point53 point57 point53 point10 point12 point49 point59 point49 point50 point0 point70 point68 point66 point64 point65 point73 point75 point76 point78 point84 point119 point125 point122 point128 point118 point156 point117 point113 point111 point110 point112 point102 point107 point103 point97 point101 point105 point97 point103 point107 point102 point110 point111 point113 point116 point113 point117 point156 point122 point125 point129 point121 point126 point127 point123 point127 point121 point129 point119 point84 point78 point76 point83 point77 point90 point88 point90 point93 point92 point95 point87 point89 point87 point96 point87 point95 point92 point93 point90 point77 point83 point120 point132 point141 point133 point137 point139 point135 point139 point140 point139 point137 point133 point141 point179 point189 point168 point172 point171 point160 point163 point162 point145 point144 point148 point145 point149 point154 point149 point145 point162 point163 point160 point171 point178 point185 point190 point182 point190 point168 point189 point179 point141 point76 point75 point73 point66 point68 point67 point68 point70 point0
68
point0 point69
point52 point52
point50 point51 point55
point49 point49
point12 point1
point5 point5
point15 point15 point6 point13
point18 point18
point21 point21
point22 point3
point32 point16 point17
point29 point29
point30 point30
point33 point33
point31 point31
point34 point34 point27
point41 point41
point38 point38
point40 point40
point39 point39 point43
point45 point42
point10 point10 point11
point57 point54
point59 point56
point68 point72
point73 point73
point75 point75
point76 point76 point79
point78 point78
point119 point119
point122 point122
point113 point113
point111 point111
point110 point110
point112 point112
point102 point102
point107 point100
point103 point103
point105 point108
point116 point115
point126 point126
point123 point123 point124
point83 point83
point88 point94
point93 point86
point87 point87
point89 point89 point91
point96 point85
point120 point120
point132 point132 point138
point141 point180
point139 point139
point135 point135 point131
point140 point134
point179 point179
point189 point183
point172 point172
point160 point160
point163 point163 point155
point162 point162 point158
point144 point144 point153 point157
point148 point148 point151
point149 point149
point154 point152
point178 point177
point185 point185 point184
point182 point187
point67 point67 point109
