55 57 173 177 45 84 162 130 161 20 89 131 39 121 168 7 138 14 149 100 171 125 75 180 85 56 90 146 191 144 40 42 50 6 113 15 113 50 62 179 122 123 40 97 109 155 54 127 53 8 44 67 76 52 64 116 134 32 150 103 167 156 31 30 164 126 34 2 170 27 124 136 44 8 53 178 28 155 175 3 18 187 99 74 169 143 80 102 88 66 43 140 58 23 10 163 184 153 157 87 174 66 88 125 188 132 24 141 182 55 91 48 33 82 83 137 111 176 189 186 96 59 104 119 48 63 106 51 120 158 55
81
57 57
173 173
177 177 16
45 45
84 12
162 162
130 151
161 11
20 20
89 185
131 131
168 168
138 118
14 17 36
149 149
171 171
85 85
56 56
90 90
146 146
144 181
40 40
42 42
113 113
15 15 13 135
62 62
179 179
122 122
123 61
97 97
109 109
54 54
53 53
8 8
44 9
67 67
76 76
116 116
134 134
32 32
150 150 49
30 30
126 126
170 170
27 27
124 105
136 160
28 114 172
175 175
3 148
18 41
74 74
143 77
80 80 86
88 88
66 66
43 43
140 140
58 58 166
23 133
163 163
184 184
153 153 78
87 107
174 26
188 188
141 81
182 182 101
91 91
48 48 115
33 33
83 83
137 137
111 111
189 189 71
186 186
59 59 159
119 119 152
63 63
106 106
158 158 29
