Shoreburn Violetley Merrowwall Marbleiron Coldville Applecastle Newmill Oakmere Winternesse Morwall Goldwyvern Windcliff Greensummer Meadowhollow Westmill Southpine Foxvale Fogmarsh Bushgate Wintershore Bellhollow Osttown Rosebridge Springwynne Orwyn Buttermead Mormead Crystalsage Deercastle Silverbarrow Lochcourt Applecastle Southpine Freyville Flowermill Whiteelf Springfalcon Whiteelf Greygrass Snowsage Greyice Fairsage Strongford Janholt Pinepond Deercastle Foxhaven Deerdell Mistwick Flowermill Ironriver Blackburn Coldville Wellwick Lochcourt Mistshore Fogland Applecastle Snowwinter Corwald Buttermead Clearland Pryland Highmont Cormeadow Brightelf Goldwyvern Wolflea Iceelf Stoneiron Aldley Merrowwall Greenshore Mormead Strongford Courtedge Ironshore Stoneiron Roseacre Barrowdale Ostham Lightkeep Silverlea Clearland Greyice Aelhurst Meadowhollow Strongford Violetley Seamoor Coastport Janholt Rosebeech Irondeer Applecastle Ostham Janholt Greencliff Whiteelf Violetrose Merrowwall Wellmage Shoreburn
43
Pryland Butterway
Iceelf Lochmage
Fogland Stonefair Butterbush Snowshore Brightrock Fogland Wildemarsh
Lochcourt Highmont Lightmere Westvale
Bellhollow Esterash Eastcastle
Osttown Oldmoor Verthedge Icenesse Southwheat
Clearland Clearland Deephedge Courtwall Redlake Morwald
Wellmage Wellmage Freyview
Fairsage Fairsage Strongfall Rosegate Woodice
Freyville Fieldedge Westmill
Whiteelf Bluedale Erilyn Newmill Summermage
Greyice Greyice Mallowness Wellbank
Barrowdale Stoneglass Snowsage Brightmere Newley
Pinepond Northriver Redwell
Rosebridge Bluedell
Corwald Orbarrow Goldcrest
Foxvale Foxvale
Springfalcon Newby Esterfall
Rosebeech Mallowbridge Buttermead
Blackburn Clearnesse
Greygrass Foxhaven Wolflea Courtcastle Silverlea
Mistshore Dellwyn Mistshore
Coldville Windbridge Courtedge Coldville
Ironshore Valhaven Silverwitch Ironriver Ironshore
Strongford Starryhill Rosemill
Springwynne Westerlight Fairice
Ostham Blackbush Irondeer
Stoneiron Butterhill
Greensummer Corbank Greensummer Silverbarrow
Roseacre Seamoor
Morwall Bluelake Morwall
Oakmere Oakmere Orfort
Violetley Violetley Bluewyn
Southpine Bushgate Southpine Ostwynne
Shoreburn Shoreburn Mallowway
Snowwinter Springfox Flowerfield
Applecastle Applecastle Violetfay
Goldwyvern Goldwyvern Eriwall
Janholt Janholt
Greenshore Greenshore Northwynne
Flowermill Flowermill Freymere
Marbleiron Marbleiron
Winternesse Wooddell
