FacultyClub Jacobs FPF Bowles Warren SimpsonCenter BancroftDance UpperHearstParking Cheit Durant MediaCenter HealthServices BanwayBuilding Sproul Spieker BioscienceLibrary Durham EngineeringLibrary BerkeleyLawLibrary EarthLibrary VLSB CesarChavez Latimer Library HearstGym Birge IRLE IdaHouse Stanley FacultyClub
23
FacultyClub FacultyClub EarthquakeLibrary
BioscienceLibrary BioscienceLibrary Hilgard SpringerGateway DonnerLaboratory
BanwayBuilding SutardjaDai
Durant Etcheverry ArtHistoryLibrary CITRIS
BerkeleyLawLibrary SproulPlaza UniversityHouse MartinezCommons
EarthLibrary StudentUnion EarthLibrary
BancroftDance LawrenceofScience BrainImagingCenter BancroftDance NewspapersLibrary
Jacobs Pimentel Jacobs
Latimer Mulford InternationalHouse
UpperHearstParking CareerCenter Morrison Stephens
HearstGym HearstGym Manville EnergyBuilding Unit3
Durham Durham
CesarChavez OBrien
Library Library AndersenAuditorium OptometryLibrary
Spieker Spieker
FPF FPF Koshland MelvinLaboratory
Warren PacificFilmArchive Warren
Cheit Wheeler Cheit
IRLE Investigative IRLE
MediaCenter MediaCenter
SimpsonCenter StowPlaza
Sproul AnthropologyLibrary Sproul
Birge Birge
