FacultyClub Library WomensFacultyClub Etcheverry Warren Unit3 MusicLibrary Hertz OxfordResearchUnit MaxwellField ChildCenter Senior NewspapersLibrary Giannini Mulford RecreationalSports Warren EllsworthParking Investigative Durham Chou Blackwell EastGate Lewis FSM ArtHistoryLibrary Kroeber WestGate UpperHearstParking InnovationStudio EastGate Simon IdaHouse LiKaShingCenter BancroftDance ClarkKerrCampus Hilgard MaxwellField EastAsianLibrary AlumniHouse HearstMining MoffittLibrary PEERLibrary Manville AndersenAuditorium AquaticCenter FoundersRock BusinessLibrary PacificFilmArchive AlumniHouse Kroeber AndersenAuditorium HearstFieldAnnex BAMPFA Cory CesarChavez OxfordResearchUnit Unit3 ClarkKerrCampus SharedServices SEAsianLibrary EnergyBuilding BanwayBuilding OptometryLibrary StudentUnion SimpsonCenter MartinezCommons NorthGate LudwigsFountain Bowles SEAsianLibrary BrainImagingCenter Gilman RecreationalSports FoxCottage AnnaHeadAlumnae SoutheastAsian ArtHistoryLibrary SocialLibrary SharedServices GraduateServices ChildStudyCenter Hilgard PhysicsLibrary Latimer AnnaHeadAlumnae ChildStudyCenter MathLibrary InternationalHouse MusicLibrary LawrenceofScience McCone EastGate Sproul Hilgard ClarkKerrCampus Stern GraduateServices WooHonFai Morgan Birge BusinessLibrary FacultyClub
25
Library FacultyClub SutardjaDai Library FPF BancroftLibrary
FoundersRock BioscienceLibrary SEAsianLibrary EngineeringLibrary FoundersRock
Manville Etcheverry Manville TAAP Underhill
LawrenceofScience SproulPlaza StudentUnion LawrenceofScience AnthropologyLibrary
Hilgard Hilgard DonnerLaboratory
HearstMining EarthquakeLibrary Spieker Morrison Koshland Sproul CITRIS BerkeleyLawLibrary BanwayBuilding
OxfordResearchUnit UniversityHouse MartinezCommons CesarChavez VLSB
BusinessLibrary Pimentel HearstGym EarthLibrary NorthGate
EllsworthParking Mulford BancroftDance MathLibrary Giauque Hildebrand
ChildCenter CareerCenter Wheeler Soda
ArtHistoryLibrary Durham ArtHistoryLibrary AlumniHouse LawSchool Boalt
IdaHouse OBrien EnergyBuilding Stephens Birge IdaHouse
MaxwellField PacificFilmArchive Cheit AndersenAuditorium SimpsonCenter MaxwellField VisualCenter Latimer
SocialLibrary BrainImagingCenter WooHonFai SocialLibrary
Warren Jacobs Warren HearstFountain Stanley Durant
InnovationStudio Investigative MediaCenter UpperHearstParking
AnnaHeadAlumnae StowPlaza InternationalHouse Davis FoxCottage HearstGreekTheatre
Senior MelvinLaboratory Senior EthnicLibrary
Unit3 Unit3 BerkeleyWayWest LatinAmerican
HearstFieldAnnex OptometryLibrary NewspapersLibrary HearstFieldAnnex McCone
RecreationalSports IRLE SpringerGateway Campbell LeConte
Gilman PhysicsLibrary HealthServices Evans EastAsianLibrary
Bowles MSRI AquaticCenter Bowles Bechtel
Simon Wellman
SoutheastAsian MLK
