1 26 82 142 94 87 32 28 186 47 6 100 165 100 92 128 53 123 53 95 65 137 190 160 86 41 110 97 52 82 142 41 74 99 125 116 153 106 95 165 104 61 39 35 150 166 111 157 153 157 153 61 9 13 106 162 187 45 16 12 34 132 51 12 123 53 146 194 29 65 54 10 8 90 66 43 45 187 154 55 19 199 185 196 109 80 26 60 26 1
24
61 2 9 38 44 61 85 86 93
116 3 17 43 50 66 70 78
26 4 18 24 26 28 37 48 62 84 89 92 96 97 100
41 5 13 36 41 56 67 69 72 80 83 101
53 6 21 53
1 7 15
10 8 10
82 11 52 82
12 12 34
187 14 31 39 47
16 16 33 46 59 98
60 19 57 58 60
45 20 40 45
123 22 25 49 63 77
87 23 27 30 32 87
185 29 73
65 35 54 65 71 75
95 42 64 95
51 51
55 55
153 68 90 91
74 74 88 99
142 76 79 94
125 81
