159 5 102 5 177 174 177 111 128 111 34 111 128 111 177 174 177 5 177 174 177 111 177 111 177 5 33 100 199 100 139 100 59 100 33 100 181 23 194 21 194 23 194 21 194 23 194 21 194 21 194 23 181 100 161 141 36 17 133 173 152 172 152 172 152 172 152 195 118 84 56 156 64 130 107 134 107 134 120 134 107 134 107 44 83 44 131 88 131 88 160 88 131 44 107 130 64 156 81 164 159
33
159 122 77 180 190 140 109 22
164 43 106 41 87 24 148 6
195 157 53
173 169 121 145
100 100 40 59
128 128
36 36 17 10
134 134
139 15 71 139
141 32 146 185 47 46 98 74 61 48 200
172 86 126 172 97
81 101 132 45 138 28 11
107 107 72 116 7 167
23 76
56 93 65 2 51 191 96 26 165 154 14
156 35 52 31 114 156
5 193 158 99 82 102 123
64 63 64
160 79 3
152 137 85
174 174
120 120
199 199
21 21
83 38
33 37
133 133 155
44 4 60
84 13 178
111 111 34
181 181
130 192
88 88
