Home141 Home109 Home157 Home63 Home5 Home86 Home28 Home64 Home39 Home78 Home5 Home78 Home139 Home132 Home3 Home30 Home51 Home30 Home176 Home30 Home176 Home89 Home65 Home102 Home91 Home66 Home128 Home66 Home146 Home148 Home33 Home148 Home72 Home148 Home114 Home67 Home178 Home100 Home67 Home31 Home67 Home100 Home48 Home125 Home43 Home163 Home33 Home163 Home166 Home154 Home32 Home43 Home163 Home43 Home159 Home121 Home160 Home156 Home103 Home113 Home143 Home149 Home88 Home11 Home177 Home82 Home87 Home80 Home77 Home171 Home59 Home178 Home100 Home67 Home31 Home140 Home31 Home172 Home31 Home140 Home12 Home140 Home142 Home140 Home31 Home172 Home40 Home169 Home92 Home105 Home93 Home151 Home93 Home147 Home165 Home79 Home147 Home128 Home66 Home159 Home32 Home125 Home43 Home174 Home53 Home164 Home130 Home104 Home123 Home104 Home101 Home39 Home83 Home41 Home111 Home151 Home121 Home63 Home83 Home10 Home83 Home63 Home95 Home64 Home2 Home159 Home131 Home92 Home56 Home15 Home141
52
Home39 Home4
Home157 Home157
Home91 Home69 Home91 Home120
Home79 Home110
Home154 Home154
Home174 Home34 Home25 Home173
Home2 Home97 Home62 Home152 Home134
Home109 Home20
Home89 Home3 Home55 Home89
Home28 Home126 Home106 Home35 Home114 Home161
Home103 Home7 Home36 Home103
Home166 Home60 Home45
Home88 Home88 Home149
Home78 Home144 Home124 Home5
Home31 Home31
Home143 Home122 Home143
Home156 Home156
Home130 Home81
Home131 Home131 Home16
Home15 Home15
Home164 Home164 Home127
Home132 Home132
Home140 Home50
Home82 Home82 Home26
Home11 Home11 Home47 Home136
Home105 Home76 Home105
Home48 Home48 Home37
Home171 Home171
Home10 Home83 Home27 Home1
Home147 Home147
Home172 Home172
Home100 Home100
Home30 Home51
Home32 Home32
Home87 Home135 Home87
Home86 Home86
Home151 Home167
Home64 Home64
Home65 Home13
Home128 Home112 Home128
Home165 Home165 Home170
Home125 Home125
Home176 Home176
Home63 Home63
Home104 Home74 Home96
Home67 Home67
Home121 Home75
Home66 Home66
Home92 Home92
Home53 Home44 Home53
Home43 Home43 Home111
Home177 Home177
