K BV FI AE S B BV BD B DV FD DQ J T AV AX CG CS BF AM Z AI E BY BL V AR M DD F AX S H A EB R X EP AM J T C DP FX AG W D T DE E EA AD R BQ C ER AD BC AA CN BB BC AE R AM AF X P BC GM BL GD T DE AX EK AX AS BI AI Q E CA DM CK M BA AK AO AN BT FX AX H DD N Y DE X DJ DQ BR G K
32
AV A AV
B B AB AQ
DE C AU
D D AK BO
E E AJ AY BM
DQ F
EP G CF CR
H H T
BI I AC BI CN
CS J CS
K K AL CD CG
Y L Y AP BG BH
M M AH AI BT
BC N AA AS BC BE BF CI CT
AM O AM AR
BQ P Q AW AZ BK BQ
R R AT BA BN CU
S S CQ
DV U AF BY
Z V Z BP CL CV
EB W BB
X X BZ
AD AD BX
CA AE CA CE CP
AG AG BV BW CO
AN AN BS CK
AO AO CJ
AX AX
DP BD
BR BJ BR BU CH
BL BL CM
FI CB CC
