Satish ETNCY9XH2 O44VZ LM7KL5G3V Q7ZEY A118 DST5W4G0 P5F5G 2CUB41BE 79KTC8AS9 FU90E LI4EXO81 H41HZ6 43IK3HR83 9V10EOH 2841 FWM5C J3H3CKHTS 3WJYJDDU 4RGA GLUWC 91ZONFE E37ZKA8WK 2P6O4RH0 DST5W4G0 I38TH1O 3IXHQXHYBV P5F5G 4OJB6 J2ETZ1C 9QJRN S4XB7I2C RP28W1 MLKOJ 2BLLD3SK EEZS 6Z9AYLO EFIKTK4Y0Y 4OJB6 GKMO7E OOAS P6RI91D87 CB93 43IK3HR83 8MDFNIK8AY LUQ3 C8WREP W71YV1R66L FIMPNJZ71 HBQM42U H35F 9K8PLAET ARTWTP9 ETNCY9XH2 79KTC8AS9 O44VZ GILAN21GR3 RP28W1 E5HD 02X2C A118 4C88SXD HE0R1EZN9 YSEDVWTUST R5XAD9J7 1UCE 08W7NAP6G 29D6AOX FGYJ1J S9D1BZACEW R5XAD9J7 VSEMBLQ7O3 DDB26ZHC FPZT E9DZLL 9K8PLAET 08W7NAP6G PFQFEJGD4C 6VVS6 OOAS 3IXHQXHYBV AKDE80E0B 26PG YJYOMJ6A JHMI EEZS J7EUOPWQ E9DZLL FPZT 08W7NAP6G SQLSVN PMXEOGGIQ CB93 A8WYICH3 91ZONFE G90OCSZY CB93 QUFALN 4TME CV6NHW7M A2H6A9I YQB2CII950 Satish
44
3WJYJDDU 3WJYJDDU
9QJRN 9QJRN LQQ5IH MXJIYJYNH4
2BLLD3SK GNVXN 2BLLD3SK E5HD
8MDFNIK8AY 8MDFNIK8AY
4OJB6 B690
W71YV1R66L W71YV1R66L
OOAS G4QE3I 4UE11 ZMZIWZ 3J6SSA GH8C 5HULMUDLAQ
79KTC8AS9 P6RI91D87 79KTC8AS9
PFQFEJGD4C ET82NVH9 FM2HEMVR1 7622OJ ZZACWP
SQLSVN SQLSVN 5XYO
E9DZLL 9V10EOH E9DZLL
MLKOJ YU3U1T 1UCE JX6GCY MLKOJ
CB93 CB93
Satish IHN21LA4 4C88SXD 01G9IQ2 PUW25N CKNDWG
43IK3HR83 DNIV2BOR2P
91ZONFE 91ZONFE
DDB26ZHC DDB26ZHC 4VE7V
EFIKTK4Y0Y EFIKTK4Y0Y 8UPUEGO 4P0LGP0
G90OCSZY G90OCSZY A118 FM2G14H8I H1LQ91V
LI4EXO81 0TRB9358
2CUB41BE YQB2CII950
2P6O4RH0 7T8I47 J2ETZ1C CXQDH6YMZ8
EEZS HQG39M EEZS KCOFJD ARTWTP9 M71OYIS RP28W1
ETNCY9XH2 ETNCY9XH2 CV6NHW7M
HBQM42U HBQM42U VGYKKKOFLZ
FU90E VOAV C8WREP 02X2C
R5XAD9J7 ETB2 DYYG23O
26PG 26PG HM48FZD0 GILAN21GR3
S9D1BZACEW 3IXHQXHYBV LBR67PCKBJ 2B1K6EW9CL
FWM5C FWM5C
O44VZ LM7KL5G3V O44VZ
FPZT PIW6IC50D ZH2INF FPZT
I38TH1O QW15YTSV
E37ZKA8WK M35E E37ZKA8WK
LUQ3 H41HZ6 E2DHWGC GN4G0L2
9K8PLAET A8WYICH3 9K8PLAET
AKDE80E0B ZMQ5BH M649OA
6VVS6 8TH7QVQY 6PVQIBNB9
DST5W4G0 DST5W4G0 KBI1CALMNJ PMXEOGGIQ
VSEMBLQ7O3 Q7ZEY 7GAD3F
FIMPNJZ71 YSRPP
GLUWC L7QS0UEPJ
4TME Q7Z37G5
A2H6A9I B3R68HYWZ
