AyBBdkPvTTt19wqt q 8tvL5MpO9J735t q rcnFY8496Nr2v81Ax j c2m39UUoMb IEtn6zEV03H3 Sr CDuc4XdY7zp Sr bfYVB7M6I5 T8C17MZ6g69gmQ c3x9Cmq8W5oa57mjASv NQThb6mm4a fJQi1GAp0 NQThb6mm4a e87h 7xf20x1m1od50iPHUtr T8C17MZ6g69gmQ 2P201UD8Q Nstvw8dF9rhja h5 Nstvw8dF9rhja wC12hFFKGF Q2PY RYtkT5 8Qe2lSUyQa b19692 6nB9xzJ7b5115Qu5 Ut7hqt9A EL5n1KQ3kn MJ2l1N0ojTC d 6c1qFsEg9xI MEv16358FQ yd7324WTF Nstvw8dF9rhja h5 MEv16358FQ yd7324WTF DqfU93360y3I66U0 Han188Ox bfYVB7M6I5 T8C17MZ6g69gmQ ymzG1qC7YsJFFmeog 7DmqFE KIOJyBXM922ydZA5 7DmqFE GXFdnTo0Mk JBYT6heC6yE4 88e7 r9qUrqog71Fz9gx 88e7 JBYT6heC6yE4 Q2PY P JbMQX8p9 AcC1Sh8w37Px0m JbMQX8p9 36Y155M7F1ZG8 7DmqFE 36Y155M7F1ZG8 7DmqFE 360B15fOiy1XBl 1utCvCS3yEzt0HBbKt bfYVB7M6I5 PHXESKmVA4 bfYVB7M6I5 T8C17MZ6g69gmQ FKWv88jkw79me jxDm 6c1qFsEg9xI MEv16358FQ L7Mfs3034VwaB7kd3Z MEv16358FQ rti MEv16358FQ E76twn5gNBei01uh2PkH thypPB22BchO3Od9 nw566uv 7tAK5gvusa66TB8HH7nq Rf0x16WtfDv 89ukpivGhdck21Krrh40 p772t3OLqj 89ukpivGhdck21Krrh40 8w6aRuq A 1e90fR0FtB7Ev156y 1CYyNxk8m7fToc6XLW7T nw566uv r9qUrqog71Fz9gx 88e7 gv3T5z4 LK1h2AhdhXWb7Czrr QyqY4vHYw8HuZ1xqo 2qbTYSv3J 98E9ia5 KIOJyBXM922ydZA5 oyti0PDcb6jz KIOJyBXM922ydZA5 J68F52raS3n1L6ZYK KIOJyBXM922ydZA5 9jWI53P36dh95 AyBBdkPvTTt19wqt
37
360B15fOiy1XBl hG8udpL53V L46h8MG90TBpA8v9 I4640OD 1utCvCS3yEzt0HBbKt
Ut7hqt9A p772t3OLqj Q SdP9W8WRSw Ut7hqt9A 6c1qFsEg9xI P6C89a32 XQxkrBxnI kg8257p31rTQvRWjGF
Rf0x16WtfDv Rf0x16WtfDv
r9qUrqog71Fz9gx d5P0NXv8 pwvBbQ870l3Io2K e1M0JsNJ5 IEtn6zEV03H3 r9qUrqog71Fz9gx
AyBBdkPvTTt19wqt ywj3aNhyxUH b817BTo6GdPc96ig2
7DmqFE khC 7DmqFE 4B5uWNh7Dl3lRP ymzG1qC7YsJFFmeog
MEv16358FQ thypPB22BchO3Od9 E76twn5gNBei01uh2PkH NU7gnWcAs4nq66FS MEv16358FQ L7Mfs3034VwaB7kd3Z
h5 6qc68848myvIqoZWw 2l90gxx61rTb0CbF TMULg
b19692 b19692 PELS5
e87h FR3SCSFtuk055ORI QqvW51K9Cm
JBYT6heC6yE4 JBYT6heC6yE4
Q2PY 3z4E Q2PY 2YlhGrefFhV6JLtw iFF184 3
KIOJyBXM922ydZA5 KIOJyBXM922ydZA5 9jWI53P36dh95
FKWv88jkw79me vRH6pA1I75N1 4932 FKWv88jkw79me jxDm
yd7324WTF aCCE yd7324WTF 2T6osNpb4
GXFdnTo0Mk o83v2nI1sQs 85682ijoufq1DW b6DdFnSk8qdk45 uF131buM7L27 920ucA0jXEv P dUdv TByQ7zH089 I6
1CYyNxk8m7fToc6XLW7T 1wF6 nw566uv
Nstvw8dF9rhja nOMN589D7t0QjhnBj3wn XMV256fk A6gMJKsUfUSuEI76 qGr382CkPK997QVHAL Le6BO3R 5nYY46YfUGovj d
RYtkT5 RYtkT5 usTG0We6G9WDs7Dk 8Qe2lSUyQa
LK1h2AhdhXWb7Czrr q7Ehaiz v
J68F52raS3n1L6ZYK MjwmiyLlZn J68F52raS3n1L6ZYK 68ZC6T1G2o9Q95CKs
q q 8tvL5MpO9J735t
2P201UD8Q 2P201UD8Q c3x9Cmq8W5oa57mjASv 6v326555i1Io5Z
8w6aRuq 36Y155M7F1ZG8 8w6aRuq
89ukpivGhdck21Krrh40 89ukpivGhdck21Krrh40
T8C17MZ6g69gmQ T8C17MZ6g69gmQ
98E9ia5 gv3T5z4 3505
rcnFY8496Nr2v81Ax eZEbm
Han188Ox Han188Ox EnmWLiDA9NE89oNUTbx 9o4t
DqfU93360y3I66U0 Tk46
c2m39UUoMb 2Et5UN6ZJ19iz
bfYVB7M6I5 9q06155efQSN
PHXESKmVA4 7d2Q05crlPi
A O7W5C8z8H93l
1e90fR0FtB7Ev156y 1e90fR0FtB7Ev156y
EL5n1KQ3kn MJ2l1N0ojTC
2qbTYSv3J 659Cx
