loc0 loc62 loc188 loc196 loc38 loc196 loc198 loc183 loc134 loc154 loc18 loc169 loc184 loc162 loc51 loc191 loc86 loc178 loc24 loc189 loc75 loc189 loc156 loc75 loc56 loc129 loc180 loc2 loc19 loc86 loc13 loc185 loc129 loc15 loc132 loc152 loc11 loc107 loc104 loc115 loc103 loc122 loc143 loc121 loc77 loc127 loc71 loc20 loc100 loc119 loc152 loc167 loc51 loc167 loc125 loc101 loc54 loc68 loc26 loc30 loc106 loc30 loc29 loc92 loc114 loc118 loc105 loc138 loc144 loc21 loc149 loc197 loc186 loc40 loc163 loc36 loc141 loc85 loc168 loc113 loc138 loc71 loc82 loc187 loc8 loc187 loc78 loc82 loc62 loc66 loc109 loc19 loc2 loc162 loc2 loc172 loc67 loc77 loc35 loc25 loc138 loc144 loc135 loc2 loc39 loc0
49
loc54 loc54 loc52 loc106 loc160 loc45
loc75 loc37 loc75 loc46
loc197 loc85 loc150 loc197 loc83
loc77 loc129
loc0 loc167
loc11 loc168 loc66 loc93 loc11
loc82 loc82
loc29 loc49 loc130 loc144
loc187 loc187
loc51 loc192 loc116
loc191 loc191 loc89
loc134 loc96 loc134
loc107 loc147 loc17
loc36 loc36 loc14
loc118 loc118
loc15 loc15
loc109 loc109 loc177
loc2 loc41
loc135 loc179
loc115 loc164 loc20 loc165
loc39 loc39
loc172 loc172
loc40 loc28 loc186
loc185 loc185
loc127 loc27 loc57 loc184
loc119 loc119
loc67 loc67
loc198 loc198 loc131
loc86 loc31
loc138 loc10 loc25 loc138 loc32
loc156 loc156
loc62 loc182 loc157
loc163 loc97
loc113 loc113
loc122 loc122
loc169 loc69
loc188 loc188
loc30 loc112
loc103 loc42
loc183 loc183
loc162 loc162
loc196 loc196
loc100 loc100
loc92 loc92
loc152 loc47
loc8 loc8 loc120
loc105 loc105
loc78 loc78
loc154 loc84
