0 31 80 84 169 73 24 105 132 105 134 105 77 55 77 105 23 149 66 149 22 149 66 194 184 178 145 113 15 118 157 118 82 52 133 194 133 20 28 125 174 5 174 104 31 80 137 153 185 77 187 97 20 160 22 62 83 28 125 76 125 3 25 1 176 30 113 124 140 62 119 62 140 81 198 81 140 93 63 93 140 93 14 93 16 157 178 126 29 135 57 195 35 147 167 147 35 78 134 170 134 170 134 67 91 144 0
51
113 1 15 99
0 2 13
31 3 31
133 4 74
5 5 45 56 65
25 6 21 25
195 7
80 8 11 71 80
30 9 30 98
62 10 12 62
14 14
16 16 24 38 87 94
125 17 96
82 18 70 82
147 19 41
20 20 49
22 22
23 23 90
167 26 89
144 27 44
28 28
29 29 37 39 86
77 32 77
149 33 72
145 34 48 58
35 35
126 36 46
124 40 47
176 42
132 43 95
174 50 51 53 54 59 75
52 52
55 55
57 57
170 60
73 61 73 100
63 63 88
185 64
66 66
67 67
83 68 83
157 69
76 76 92
78 78
160 79
81 81
169 84
119 85
91 91
93 93
187 97
