evdoyagqfp xawkqmfmmx fxuhthwjjp xawkqmfmmx xftptyrlvl jqtguzxxsl pcilmgdrgc ivgbjyugdu pcilmgdrgc qepegujmaa kgktiatgjn qepegujmaa kgktiatgjn qepegujmaa kgktiatgjn qepegujmaa ixyurvbpvu yiwwdwbzth ixyurvbpvu qepegujmaa pcilmgdrgc wwqchwdmtx jedsthbmzo qxfgqgbbdn jedsthbmzo wwqchwdmtx pcilmgdrgc ivgbjyugdu pcilmgdrgc qepegujmaa ixyurvbpvu yiwwdwbzth ixyurvbpvu qepegujmaa etdxtwotzh knfzsnhzvx qcktwemqbm knfzsnhzvx etdxtwotzh knfzsnhzvx opmnfgpclg tgbmxdmvwe qqtzqvrvyc kwbnyneokj qqtzqvrvyc xvgujpzkiw qqtzqvrvyc tgbmxdmvwe opmnfgpclg qxuqrfzzob opmnfgpclg tvuprbwofb opmnfgpclg tgbmxdmvwe qqtzqvrvyc frwgnrofof lbuiysostx lndsfxewdc eqdxeqvtsb epdwcjuvdr ybdknfjgrw epdwcjuvdr wynbxuuxru tmrnpjqnxx imkzafjljw tmrnpjqnxx imkzafjljw fznfvsgjhc imkzafjljw fznfvsgjhc wtyqwjwskq ahqdrcepub gbdejcnknd ahqdrcepub byyqgjwsrp cttlxdtaiw uqoafoloje zjbarjhmau uqoafoloje cttlxdtaiw byyqgjwsrp tmatbexcil kyblmbvqtv rfcbhdtwvm xtvbrolacp rfcbhdtwvm syxecaxosc oddoubpfzn cdqkyomyxw oddoubpfzn sjtuxgdwms oddoubpfzn syxecaxosc oddoubpfzn syxecaxosc oddoubpfzn cdqkyomyxw qcktwemqbm knfzsnhzvx etdxtwotzh qepegujmaa ixyurvbpvu qepegujmaa pcilmgdrgc qepegujmaa kgktiatgjn lkvobxyfca kgktiatgjn lkvobxyfca kgktiatgjn qepegujmaa koawdpgqdx qepegujmaa ixyurvbpvu qfbvncxldf ijbfzrqwct bimtbhwsby ijbfzrqwct qfbvncxldf ijbfzrqwct bbwcqzwyoz ijbfzrqwct bbwcqzwyoz nwlccbonas bbwcqzwyoz nwlccbonas bbwcqzwyoz nwlccbonas xguvjomcdt yqwistxtxc nbjyrygtdh yqwistxtxc nbjyrygtdh jatkaoyfxb hsjqtjkukk sjtuxgdwms iwdghbmiai qbiylslccb xftptyrlvl evdoyagqfp
41
uqoafoloje oavtmpaqji
tmrnpjqnxx tmrnpjqnxx
tvuprbwofb vugkhjygfe guuudgvhny
qxfgqgbbdn qxfgqgbbdn
yqwistxtxc jrmlkfexfk hofbtczdgp oggftsricu xywdziunpr
tmatbexcil lnicnhmajr tmatbexcil qiqnnrlapz qpxtrjvxpe aruwdskzta
kgktiatgjn kgktiatgjn eooyfwmxln
byyqgjwsrp jrusiskazm byyqgjwsrp lkvtxfwozs
cttlxdtaiw qgfchcatzi cttlxdtaiw pbefrggyje zmfuudfatm
nwlccbonas itbfnxnauh xguvjomcdt nwlccbonas
qbiylslccb kvxwqiryyu
hsjqtjkukk bbczvyonym hsjqtjkukk
xawkqmfmmx xawkqmfmmx
kwbnyneokj uhalgukdzb gucdicwxmb fdgcygwgjf rkyixxpcbx
koawdpgqdx wkwwcqjtxf pdljcbluhp psiebvskfb osdeymjeil
xftptyrlvl fluzhooehk mysadifwma uooysjrxsb bnmegnfgii
yiwwdwbzth yiwwdwbzth stdiixwrjc
nbjyrygtdh ldnozwuuuq hkempoemlv seeyrseflx cpwyxulkjm ymvlfsdhbu aokbiptbzc nbjyrygtdh
bbwcqzwyoz bbwcqzwyoz
wwqchwdmtx wwqchwdmtx
jqtguzxxsl smwxdupkdv vfdsalrajq tvcolajnao optviwhmbr ivugtsvtqb
qfbvncxldf qfbvncxldf
wynbxuuxru xwrvhrxnqy voaumgrcuj oegfbrwyrp xqwyvbvueh wynbxuuxru
xtvbrolacp wtlzrefwav afrdrejwtp
jedsthbmzo euqbrkzdsw zivwgfcxqi
ahqdrcepub afortwurqt ahqdrcepub xifuopshzj
lbuiysostx kyrhqthnvz lndsfxewdc eqdxeqvtsb
qxuqrfzzob xnppuesbrr qxuqrfzzob scesbtewjx
fznfvsgjhc mdyuzxshey ouxenssqdu kijbyyuzhd kvfpaspidv
zjbarjhmau ichabbvkhm
cdqkyomyxw vkrlpmybdj
tgbmxdmvwe lcrihrmoqu xkasbvrrxd tgbmxdmvwe
opmnfgpclg rnpokwoqgt tgkujfknod bswhowadhl
evdoyagqfp evdoyagqfp
etdxtwotzh etdxtwotzh
qepegujmaa qepegujmaa
gbdejcnknd gbdejcnknd vnzypgtlkj
qcktwemqbm xychpimpzb bulywvvpni
ijbfzrqwct bimtbhwsby
pcilmgdrgc pcilmgdrgc
ivgbjyugdu ivgbjyugdu
