loc0 loc121 loc94 loc148 loc31 loc139 loc130 loc148 loc40 loc193 loc103 loc166 loc151 loc187 loc61 loc160 loc196 loc160 loc16 loc178 loc70 loc187 loc178 loc124 loc7 loc169 loc26 loc107 loc179 loc161 loc116 loc134 loc125 loc188 loc59 loc188 loc23 loc167 loc23 loc167 loc188 loc86 loc188 loc116 loc125 loc167 loc158 loc125 loc23 loc188 loc59 loc167 loc158 loc59 loc158 loc59 loc188 loc167 loc86 loc149 loc68 loc149 loc140 loc149 loc113 loc5 loc155 loc185 loc155 loc113 loc149 loc122 loc194 loc113 loc164 loc5 loc164 loc118 loc46 loc127 loc1 loc111 loc180 loc66 loc183 loc186 loc156 loc87 loc114 loc33 loc186 loc156 loc87 loc147 loc87 loc168 loc159 loc141 loc132 loc168 loc96 loc141 loc132 loc105 loc132 loc177 loc60 loc132 loc96 loc141 loc96 loc168 loc105 loc42 loc150 loc105 loc132 loc141 loc195 loc24 loc168 loc87 loc156 loc87 loc159 loc177 loc15 loc159 loc132 loc15 loc195 loc96 loc105 loc42 loc105 loc96 loc195 loc51 loc105 loc51 loc105 loc132 loc177 loc195 loc15 loc141 loc195 loc96 loc141 loc168 loc177 loc195 loc105 loc195 loc51 loc195 loc60 loc177 loc15 loc141 loc24 loc132 loc195 loc168 loc87 loc147 loc186 loc183 loc186 loc30 loc147 loc87 loc159 loc141 loc15 loc132 loc177 loc105 loc42 loc105 loc15 loc168 loc159 loc24 loc114 loc33 loc156 loc186 loc6 loc186 loc6 loc186 loc93 loc123 loc186 loc30 loc123 loc93 loc186 loc33 loc123 loc87 loc159 loc24 loc132 loc15 loc168 loc132 loc60 loc195 loc168 loc87 loc186 loc156 loc33 loc147 loc123 loc156 loc33 loc123 loc186 loc33 loc186 loc33 loc186 loc123 loc87 loc159 loc168 loc24 loc114 loc123 loc33 loc123 loc186 loc156 loc186 loc6 loc186 loc147 loc87 loc147 loc93 loc147 loc93 loc186 loc33 loc186 loc156 loc30 loc123 loc33 loc147 loc123 loc114 loc123 loc114 loc168 loc105 loc69 loc105 loc96 loc141 loc96 loc195 loc132 loc51 loc177 loc159 loc114 loc87 loc159 loc114 loc24 loc159 loc132 loc51 loc177 loc195 loc141 loc105 loc60 loc105 loc51 loc195 loc15 loc141 loc168 loc177 loc60 loc177 loc141 loc168 loc24 loc195 loc96 loc177 loc141 loc132 loc24 loc159 loc141 loc159 loc132 loc141 loc159 loc141 loc168 loc195 loc105 loc60 loc105 loc96 loc132 loc168 loc96 loc141 loc132 loc51 loc141 loc51 loc195 loc168 loc24 loc195 loc105 loc42 loc150 loc105 loc42 loc105 loc195 loc132 loc141 loc168 loc195 loc150 loc52 loc160 loc115 loc151 loc79 loc151 loc88 loc187 loc34 loc169 loc34 loc187 loc34 loc187 loc70 loc160 loc88 loc124 loc16 loc187 loc106 loc7 loc169 loc142 loc70 loc178 loc124 loc97 loc187 loc160 loc88 loc196 loc16 loc160 loc115 loc178 loc115 loc88 loc124 loc97 loc196 loc16 loc142 loc61 loc169 loc124 loc142 loc106 loc124 loc7 loc169 loc70 loc106 loc187 loc97 loc124 loc169 loc142 loc106 loc142 loc187 loc178 loc97 loc133 loc42 loc105 loc15 loc168 loc24 loc141 loc195 loc15 loc105 loc168 loc105 loc60 loc105 loc52 loc160 loc97 loc142 loc124 loc196 loc88 loc187 loc151 loc88 loc160 loc16 loc187 loc61 loc124 loc142 loc169 loc26 loc169 loc34 loc151 loc115 loc25 loc115 loc166 loc13 loc157 loc85 loc166 loc58 loc130 loc0
31
loc1 loc1 loc36 loc45 loc81 loc90
loc149 loc2 loc5 loc11 loc14 loc29 loc32 loc38 loc41 loc47 loc50 loc56 loc68 loc74 loc76 loc77 loc83 loc92 loc95
loc157 loc3 loc4 loc12 loc21 loc22 loc49 loc66 loc67 loc75 loc84 loc85
loc6 loc6
loc7 loc7
loc179 loc8 loc17 loc26 loc35 loc44 loc53 loc71 loc80 loc89 loc98
loc111 loc9 loc18 loc27 loc39 loc48 loc54 loc57 loc63 loc72 loc99
loc127 loc10 loc19 loc20 loc28 loc37 loc46 loc55 loc64 loc65 loc73 loc82 loc91 loc100
loc166 loc13 loc31 loc40 loc58 loc94
loc15 loc15
loc16 loc16
loc188 loc23 loc62
loc24 loc24
loc25 loc25
loc30 loc30
loc123 loc33
loc34 loc34
loc150 loc42 loc52 loc69 loc78
loc115 loc43
loc51 loc51
loc158 loc59
loc60 loc60
loc61 loc61
loc187 loc70
loc79 loc79
loc86 loc86
loc87 loc87
loc88 loc88
loc93 loc93
loc96 loc96
loc97 loc97
