loc0 loc85 loc75 loc63 loc27 loc72 loc64 loc99 loc48 loc76 loc22 loc97 loc43 loc76 loc39 loc66 loc40 loc94 loc86 loc32 loc68 loc50 loc83 loc74 loc56 loc92 loc47 loc92 loc68 loc2 loc65 loc28 loc82 loc20 loc92 loc59 loc92 loc20 loc65 loc38 loc65 loc1 loc73 loc10 loc73 loc28 loc73 loc29 loc73 loc10 loc65 loc10 loc65 loc11 loc74 loc47 loc74 loc59 loc5 loc68 loc5 loc68 loc14 loc86 loc2 loc68 loc50 loc83 loc50 loc59 loc5 loc86 loc5 loc86 loc32 loc86 loc67 loc14 loc68 loc83 loc47 loc74 loc56 loc83 loc50 loc68 loc92 loc59 loc56 loc83 loc50 loc68 loc59 loc56 loc11 loc74 loc83 loc11 loc65 loc14 loc67 loc32 loc94 loc0
27
loc1 loc1
loc2 loc2
loc75 loc3 loc30 loc48
loc40 loc4 loc31 loc40 loc49
loc5 loc5 loc8 loc41 loc44
loc85 loc6 loc12 loc15 loc21 loc33
loc97 loc7 loc16 loc24 loc25 loc34 loc35 loc42
loc99 loc9 loc18
loc10 loc10
loc11 loc11
loc76 loc13
loc14 loc14
loc43 loc17 loc26 loc43
loc73 loc19
loc20 loc20
loc22 loc22
loc86 loc23
loc27 loc27
loc28 loc28
loc29 loc29
loc32 loc32
loc63 loc36 loc45
loc82 loc37 loc46
loc38 loc38
loc39 loc39
loc47 loc47
loc50 loc50
