loc189 loc167 loc11 loc175 loc188 loc38 loc187 loc71 loc61 loc162 loc77 loc59 loc185 loc52 loc197 loc199 loc130 loc167 loc80 loc1 loc100 loc125 loc102 loc75 loc92 loc28 loc127 loc110 loc152 loc185 loc161 loc128 loc35 loc198 loc16 loc110 loc31 loc94 loc71 loc169 loc154 loc126 loc164 loc40 loc122 loc13 loc131 loc64 loc104 loc122 loc199 loc85 loc123 loc141 loc155 loc23 loc47 loc46 loc39 loc96 loc199 loc188 loc102 loc189
28
loc31 loc88 loc31 loc129 loc26
loc80 loc61 loc180 loc83
loc46 loc172 loc62 loc40
loc188 loc188 loc125 loc112 loc117 loc169 loc113
loc102 loc25 loc163 loc100
loc64 loc104 loc162
loc1 loc55 loc53 loc38 loc54
loc71 loc168 loc94
loc167 loc158 loc136
loc59 loc78 loc194 loc96 loc59 loc135
loc122 loc128 loc76 loc18 loc156 loc69 loc16 loc27
loc35 loc184 loc119 loc50
loc23 loc109 loc23 loc152 loc101 loc159
loc161 loc41 loc161 loc34 loc177 loc98
loc126 loc147 loc165 loc150 loc74
loc175 loc190 loc4 loc70 loc79 loc77
loc131 loc191 loc131 loc65 loc133
loc11 loc11 loc95 loc32 loc114
loc199 loc146 loc153 loc37 loc183
loc164 loc36 loc86 loc164
loc39 loc39 loc58
loc47 loc139 loc47 loc195
loc185 loc15 loc185 loc73
loc141 loc111 loc127 loc20 loc148
loc130 loc142 loc85 loc108
loc189 loc0 loc145 loc17
loc198 loc22 loc66 loc143
loc154 loc154
