0 100 27 104 99 85 24 115 39 194 79 192 72 29 171 162 16 52 24 182 193 59 6 153 31 140 23 115 78 55 162 18 93 149 128 1 89 166 165 10 115 98 78 6 179 190 28 45 136 192 51 111 59 76 192 20 75 35 5 74 58 106 34 136 154 65 125 106 187 114 3 10 33 169 167 13 150 8 90 92 165 104 152 84 133 37 63 159 150 123 69 9 122 24 40 157 103 41 121 64 119 95 127 0
60
1 1 11
10 2 10 30 43 83
3 3
179 4
5 5 62 87
6 6 7 15 96
8 8 61 88
9 9
28 12 28 42
13 13 21
114 14
16 16
106 17 70
18 18
157 19
20 20 81
192 22 57
23 23 60
24 24
64 25 64 67
69 26 50 69
27 27 49
29 29
31 31 44 97
78 32 78
33 33
34 34
35 35 56
41 36 41 77
74 37 47 74
72 38 46 72
39 39
40 40
45 45
111 48
51 51
52 52
121 53 68
149 54
55 55
58 58
59 59
63 63
65 65
95 66 95
93 71 93
122 73
75 75
76 76
79 79 90
159 80 82
84 84
85 85
99 86 99
89 89
0 91
92 92
190 94
98 98
100 100
