destitute transpiration Bernini papal embassy Bernini Andersen mediate funny shroud Andersen olden Bleeker swingy Bleeker FPC mediate Andersen involuntary Andersen Amtrak Irvin Goodrich felony amateur Goodrich funny radioactive Loomis Bleeker sacrifice deletion slowdown embassy extractor coarse monotonous oriole jewel Goodrich midget embroil Irvin Goodrich Curtis extrovert Halstead destitute
24
Andersen Andersen Vega fatten yogurt
destitute Auberge jewel ripe
Bleeker Bleeker Dominican bobble minion
felony Darwin Hewlett MN balustrade decor
Halstead Elizabethan Halstead
FPC Fisk
funny Gilmore funny
Loomis Hindi Loomis Rio
radioactive Injun stanza
involuntary Isfahan
oriole McCall
extractor Modesto extractor
amateur amateur
Curtis anvil trill
shroud choice shroud
deletion connubial illusion
transpiration creekside septillion transpiration
swingy diligent swingy
embassy embassy tate
mediate mediate
midget midget
papal papal
slowdown schedule slowdown
sacrifice swordfish
