Loc35 Loc98 Loc93 Loc40 Loc97 Loc19 Loc67 Loc76 Loc86 Loc18 Loc2 Loc25 Loc84 Loc98 Loc34 Loc58 Loc84 Loc18 Loc66 Loc59 Loc36 Loc1 Loc52 Loc39 Loc44 Loc11 Loc38 Loc58 Loc15 Loc35
20
Loc59 Loc24 Loc73 Loc22 Loc0 Loc90
Loc39 Loc39
Loc84 Loc89 Loc84 Loc78 Loc46 Loc4
Loc38 Loc77
Loc52 Loc65 Loc48 Loc71 Loc52
Loc93 Loc79 Loc93
Loc86 Loc86 Loc74
Loc97 Loc97 Loc67
Loc1 Loc23 Loc70 Loc1 Loc44
Loc58 Loc58 Loc51 Loc37
Loc35 Loc31 Loc7 Loc54 Loc95
Loc98 Loc41 Loc64
Loc25 Loc10 Loc25 Loc92
Loc19 Loc33 Loc28
Loc40 Loc62
Loc66 Loc14 Loc66 Loc63
Loc15 Loc15 Loc47
Loc34 Loc81 Loc34
Loc36 Loc13
Loc76 Loc80
