Loc151 Loc144 Loc152 Loc44 Loc141 Loc66 Loc189 Loc114 Loc117 Loc88 Loc173 Loc186 Loc11 Loc62 Loc18 Loc51 Loc191 Loc119 Loc131 Loc40 Loc189 Loc150 Loc172 Loc74 Loc72 Loc197 Loc171 Loc136 Loc67 Loc44 Loc95 Loc182 Loc185 Loc177 Loc44 Loc168 Loc105 Loc68 Loc14 Loc155 Loc88 Loc115 Loc17 Loc171 Loc123 Loc161 Loc34 Loc35 Loc21 Loc128 Loc80 Loc82 Loc76 Loc136 Loc97 Loc37 Loc158 Loc7 Loc128 Loc167 Loc131 Loc173 Loc59 Loc88 Loc49 Loc97 Loc170 Loc55 Loc97 Loc192 Loc110 Loc185 Loc165 Loc113 Loc27 Loc60 Loc50 Loc169 Loc105 Loc192 Loc61 Loc75 Loc40 Loc50 Loc196 Loc53 Loc2 Loc161 Loc83 Loc35 Loc188 Loc106 Loc33 Loc96 Loc14 Loc20 Loc114 Loc147 Loc177 Loc34 Loc132 Loc64 Loc178 Loc151
52
Loc34 Loc55 Loc34 Loc32
Loc49 Loc49
Loc131 Loc4 Loc48 Loc131
Loc128 Loc16 Loc65 Loc128
Loc172 Loc184 Loc172 Loc165
Loc95 Loc94 Loc157
Loc177 Loc177 Loc41
Loc21 Loc47 Loc124 Loc102 Loc99 Loc89 Loc21
Loc88 Loc160 Loc92
Loc35 Loc109 Loc120 Loc154 Loc43
Loc170 Loc170 Loc104
Loc171 Loc130 Loc171
Loc14 Loc6 Loc127 Loc68
Loc151 Loc151
Loc61 Loc77 Loc61 Loc134
Loc27 Loc27 Loc195
Loc60 Loc93 Loc24 Loc126
Loc115 Loc36 Loc115
Loc7 Loc7
Loc53 Loc156
Loc147 Loc147
Loc136 Loc98
Loc50 Loc122 Loc181 Loc50 Loc167 Loc183
Loc67 Loc85 Loc118
Loc76 Loc62 Loc46
Loc185 Loc185
Loc152 Loc54 Loc166
Loc20 Loc20
Loc96 Loc96
Loc33 Loc33
Loc196 Loc187 Loc70
Loc51 Loc194 Loc15
Loc66 Loc66 Loc13
Loc117 Loc52 Loc117
Loc173 Loc173 Loc58
Loc155 Loc2 Loc163
Loc17 Loc38 Loc17 Loc190 Loc125
Loc132 Loc161
Loc192 Loc148
Loc110 Loc110
Loc141 Loc141 Loc59
Loc178 Loc142
Loc144 Loc101
Loc197 Loc158
Loc113 Loc180
Loc150 Loc138
Loc44 Loc3
Loc72 Loc72
Loc182 Loc182
Loc119 Loc57 Loc135
Loc83 Loc28
Loc123 Loc123 Loc111
