6Zg7j6t8kt wXTrLT9dUx jEhj8SsLxM 88s4txyVUX uXkvSfF7Kv pzbJYPJ1Je J6nn6V6pVr GSDEYlNcCM 4JtfcKJvHu ITqWOrk6ub I1RTFIGWhc TH1GgoG5GU Octagmmhko TH1GgoG5GU vCSWEyz4PC dqEsxDzQkU 8pgnfE3xKu oRs9wR3IGE DFUEuoVNn7 7EHiEUKwtc OwDrBJtg2E 7EHiEUKwtc OwDrBJtg2E SDcTVr32JM 4JtfcKJvHu ITqWOrk6ub I1RTFIGWhc pzbJYPJ1Je rBboL3WGMh OF1HL5xl4P KpPj50fAfy zG9cl6Gy30 7cteJXIZM1 YrPP1U1r20 ckEVpwA8CD YQKcyMibnc ckEVpwA8CD YQKcyMibnc ckEVpwA8CD YQKcyMibnc ckEVpwA8CD YrPP1U1r20 ckEVpwA8CD YQKcyMibnc ckEVpwA8CD YQKcyMibnc ckEVpwA8CD YrPP1U1r20 7cteJXIZM1 YrPP1U1r20 7cteJXIZM1 zG9cl6Gy30 MImiDijd1o 97dvK2Az7S Dkc5CxJ6RV 7EHiEUKwtc DFUEuoVNn7 PzwBWrPM7w DFUEuoVNn7 H0NdoJawvz 4JtfcKJvHu GSDEYlNcCM ka4cgDWgq7 6Zg7j6t8kt
19
H0NdoJawvz tvKOOMQ7Sv N08DpqDewo H0NdoJawvz
I1RTFIGWhc UgxUR9jKcJ NgxnYo41LY I1RTFIGWhc b3jUAAPOlA cqCbnI2bkr
J6nn6V6pVr 1koyFI8rlU fbxiHLAsv4 4ViGHxfdlc 79JJ9GZF8c G05S6XZiBa 4lUeyqYb0U fhmE7A9rVl
ckEVpwA8CD ckEVpwA8CD
8pgnfE3xKu zH4Z0p0Ftj OGWcs2X8pk 8pgnfE3xKu vD4d0BZ03p
GSDEYlNcCM 97dvK2Az7S GSDEYlNcCM ESDdDChkYw s8EkvbOYAX
ka4cgDWgq7 M9d0z6OccV lrFRnKniRv MpRNDD0glq ka4cgDWgq7
YrPP1U1r20 YrPP1U1r20 Iroa6leixY
OF1HL5xl4P KpPj50fAfy VWD9Yy5Xrg
wXTrLT9dUx wXTrLT9dUx YZKJeBb8Pe dojrtYXceT 1aPtXDhYtV
YQKcyMibnc YQKcyMibnc
4JtfcKJvHu 4JtfcKJvHu
uXkvSfF7Kv iyQiEnpG35 uXkvSfF7Kv OpwMnuSGmp
oRs9wR3IGE EZQ9HUGjRN 4RZs4XFvF9 oRs9wR3IGE
Dkc5CxJ6RV Dkc5CxJ6RV
7cteJXIZM1 7cteJXIZM1
vCSWEyz4PC vCSWEyz4PC
TH1GgoG5GU TH1GgoG5GU Octagmmhko
pzbJYPJ1Je 0gqiqztWgj
