153 137 41 160 43 171 119 173 75 113 133 187 2 4 100 98 107 183 156 107 156 75 160 6 195 30 17 118 81 7 50 12 156 186 134 62 91 41 181 91 191 149 22 85 91 36 5 10 130 92 49 21 91 158 8 177 188 36 88 177 159 127 159 60 26 17 26 74 50 82 74 95 178 65 66 139 129 99 73 8 83 96 43 151 59 155 8 64 27 62 29 165 145 61 129 27 146 51 154 60 181 63 33 69 117 160 153
37
66 168 150 126 16
127 127
29 29 99
12 12 93
158 119
91 81 40 41 19 108
149 140 169 179
146 196 26 13 124 86 182 135 194 7 136 146
27 145 68 53 77
5 118 192 5
100 2 56
50 58 11 156 167 79 50
107 15 34
95 113 95 161
36 21 47 120 36
17 3 42 187
130 197 70 180
160 160 37
6 90 172 35
74 89 74 134 28
155 112 60 195
33 4 49 152
191 163
98 98 122 88
178 178
153 153 170 20
186 52 83 171
8 8
139 61 138 0
188 188
137 137 177
129 129
96 96 128
151 23 147
63 184
85 131
43 43
