htb26qt vx6dadli2g aq2rero4e ligw3mffc pxudbw3kn wqkqf v5twchi qq3mi siimi45 ligw3mffc vx6dadli2g dt4ljfgjkizpq pxudbw3kn itbc25it1yep l8yypbh ml5lp1nmef ozag34bm9 pxudbw3kn tu8xxomxhi grn3uqx9y hwu8dv9jgknbm ozag34bm9 pxudbw3kn id5491f19 jeiqok 6k7du qvqqfqui3f82 hq5mh8mi 5nsjpxd m5r6ali 89ladcv lnnsb9 k9f3w9 wepv6d1ee9 vqthskq itbc25it1yep l8yypbh ilaz9q 812l47wm 3kxd1h ushjdkdhm9 gxy4oc4 p5ujl2azex i6lsw66h 2hzpyd bmq8ez5t 2hzpyd bmq8ez5t ben42py9 zjj1dm8s jeiqok 7hz6j8 id5491f19 aq2rero4e id5491f19 wqkqf z4kx8k9 wqkqf og6n7bgq8h yhp7wbv9 tu8xxomxhi 4lvyha1 yhp7wbv9 xm1yvdr z4kx8k9 ligw3mffc pxudbw3kn wqkqf z4kx8k9 ligw3mffc siimi45 ligw3mffc pxudbw3kn wqkqf 2hzpyd zqteiadetai5 jeiqok ic2r4blmm9 29vqtk3x f9t9in1 id5491f19 vx6dadli2g ligw3mffc vx6dadli2g ligw3mffc k3qywmpr siimi45 itbc25it1yep l8yypbh itbc25it1yep og6n7bgq8h t6jinp vx6dadli2g dt4ljfgjkizpq pxudbw3kn dt4ljfgjkizpq itbc25it1yep siimi45 29vqtk3x i6lsw66h lnnsb9 jeiqok ozag34bm9 8m3pascg 4nwqnlye yx6dguko lyvvnwfs htb26qt
36
lnnsb9 yhvc7zg iffsi 9egqgrh7x4e 8m3pascg art44ncra
id5491f19 zou7sx9w g2g6fxcwr2l 6u4sf1gi vl6czuab t4iedm
wqkqf wqkqf 1161ildqnj
ligw3mffc tjwldi aplkk57cpzm
pxudbw3kn txlltgki 52a3fj2zh
ozag34bm9 ozag34bm9 9lvbrlgk ht1efrhmh ay5sahonq84 x73l73jp pwqxinlzb3s 1ca2x2cnc
l8yypbh l8yypbh 1jhmm8m85
og6n7bgq8h p9mtts og6n7bgq8h piawzpgtzz9 59yzvtv
ushjdkdhm9 ushjdkdhm9
yhp7wbv9 yhp7wbv9
z4kx8k9 y3eg7gqq6 itrx5fucdq ysiw8m4l h1gz5hzz
ml5lp1nmef 5stwoup nd9xavj 812l47wm
7hz6j8 7hz6j8 dlkmpx zjh83ae
qq3mi nm7ud 37v6d hyc885fvjls
6k7du 6k7du
m5r6ali yg6hizqty gd5ct4 vrem3ey3kg44 87jxa
xm1yvdr pmyqr
zjj1dm8s 7pbkkbbpw yx6dguko f92ere3
4nwqnlye ynuam4f8
wepv6d1ee9 4ka6l1c8w ic2r4blmm9
tu8xxomxhi tu8xxomxhi hc2hf5t8
vqthskq 9oii82xaa s9vu9xx884 ilaz9q
aq2rero4e euhqqqmdpe mucolb1r 8jea4n4ez
hwu8dv9jgknbm hwu8dv9jgknbm
3kxd1h pt2n7hl
vx6dadli2g kxhc6t8tu kwtb3cg
89ladcv mw8g2qjo1 uzsjpl5f5 a5u8g4sej
i6lsw66h i6lsw66h
itbc25it1yep e7lxs q42s9z886w5 4w6uhigzl
siimi45 fej54ps5j 3khitn6
p5ujl2azex obabms
dt4ljfgjkizpq dt4ljfgjkizpq hq5mh8mi
k3qywmpr k3qywmpr
jeiqok yr44oj2
grn3uqx9y grn3uqx9y
29vqtk3x 8gc7dka8lfy
