y1ueyuwp 2jba9pca z3qc9ub u4xzrfm7f svhmnjst1e f3vyq53xc fb1k5fttu6 31raz5hp9v kch7lui7 t9z1zz96r zwcak5jfw f3vyq53xc 9956fi rp7qqdx12pxp3 q2cvwfhr6pl5 svhmnjst1e h8f7kmt2t nnie92a osiicb1mi85 8cfvpx26xwcwt dwkx4qna9 ehy39 p53u2x9bku99j 8rzfxob6lso8 quxig9xz2 mqt67y9n p4fcg3ba 31raz5hp9v k3bqrx 8rzfxob6lso8 rp7qqdx12pxp3 9956fi 3hlob94j5u l9o31o p53u2x9bku99j 8rzfxob6lso8 rp7qqdx12pxp3 q2cvwfhr6pl5 d37uowoo2 h5k2yge4 b7of9a oyoi4md61 f3vyq53xc yida2btlrgcd2it 2jba9pca z3qc9ub 31raz5hp9v oyoi4md61 3hlob94j5u 4cddmu86gmo sv1bfs4 t9q1ztn8723 p53u2x9bku99j bmicm4au p4fcg3ba q847myi q2cvwfhr6pl5 q847myi svhmnjst1e f3vyq53xc vn24bhq nnie92a my85gnmouy nnie92a f3vyq53xc svhmnjst1e semnfibvvw vn24bhq p4fcg3ba 31raz5hp9v u1p7t48fr5 2y9obuu 95nsenz6 semnfibvvw vn24bhq 2jba9pca yida2btlrgcd2it ywksl5wd u1p7t48fr5 ap28w nu38y4r5 vehkyi71w 9956fi jjeivv4j55 p4fcg3ba q847myi q2cvwfhr6pl5 rp7qqdx12pxp3 hk8azedo934p3 9956fi ehy39 ngl6ujj91 ehy39 q2cvwfhr6pl5 q847myi p5kt5ib5v8 umnww3 m48nzuh bmicm4au z3qc9ub u4xzrfm7f rp7qqdx12pxp3 qlbdmc rp7qqdx12pxp3 hk8azedo934p3 9956fi ehy39 8rzfxob6lso8 y1ueyuwp
32
q847myi 7og7qr4t86 kab7t8o7qjj q847myi
3hlob94j5u 3hlob94j5u
8cfvpx26xwcwt 8cfvpx26xwcwt
svhmnjst1e svhmnjst1e
4cddmu86gmo 4cddmu86gmo
9956fi 9956fi
u4xzrfm7f u4xzrfm7f
semnfibvvw uus7jirbe
b7of9a vnsdusp
d37uowoo2 swoprer
bmicm4au j2pso94 bmicm4au
umnww3 umnww3
ehy39 ehy39
nnie92a fhrrge
yida2btlrgcd2it yida2btlrgcd2it
jjeivv4j55 jjeivv4j55 kc3zwg52 rkd38ui5s4
nu38y4r5 8eg2mee 38s4jyp4eu
mqt67y9n mqt67y9n
z3qc9ub eq5c5ygub
h8f7kmt2t l12pu
31raz5hp9v 31raz5hp9v
2y9obuu yik8cqxn2 2y9obuu 6u33i
oyoi4md61 xllfi9b 8erlfq
kch7lui7 kch7lui7
f3vyq53xc f3vyq53xc 2bwd2j
t9q1ztn8723 w4qoh15 t9q1ztn8723
95nsenz6 95nsenz6
vehkyi71w vehkyi71w
p53u2x9bku99j p53u2x9bku99j
ywksl5wd ywksl5wd
my85gnmouy my85gnmouy
quxig9xz2 quxig9xz2
