index155 index56 index78 index145 index17 index36 index45 index60 index62 index77 index188 index81 index142 index193 index186 index7 index83 index50 index168 index107 index191 index199 index36 index20 index22 index90 index103 index175 index164 index80 index135 index150 index111 index63 index29 index55 index126 index156 index83 index170 index77 index156 index189 index120 index9 index167 index11 index144 index87 index177 index120 index14 index70 index8 index154 index33 index186 index22 index132 index158 index121 index122 index182 index198 index56 index6 index119 index78 index100 index26 index109 index16 index10 index92 index57 index171 index161 index11 index52 index166 index196 index99 index132 index197 index143 index104 index60 index169 index122 index166 index70 index5 index109 index34 index37 index85 index96 index143 index119 index135 index160 index33 index155
51
index16 index3 index27 index97
index126 index4 index126
index5 index5
index63 index6 index21 index63 index108 index172
index171 index9 index112
index10 index10 index50
index11 index11 index88 index90 index118 index159
index14 index14 index142
index85 index15 index190
index17 index17 index67 index125 index150 index164
index182 index18 index114 index121 index152
index8 index19
index20 index20 index99 index131
index22 index22 index86
index109 index23 index109
index188 index24 index157 index165
index37 index25 index37 index69 index174
index26 index26
index103 index30
index80 index31
index199 index32 index199
index29 index39
index186 index40 index95 index134 index186
index135 index42
index193 index44 index124 index144
index45 index47 index110
index167 index49 index158 index167
index52 index52
index56 index55 index56
index33 index57
index92 index58 index92
index60 index60
index196 index62 index196
index161 index66
index81 index81 index137
index83 index83
index87 index87 index128 index141
index189 index89
index96 index96 index130
index100 index100
index160 index106
index107 index107 index133
index70 index113
index104 index115
index120 index116
index156 index129 index156
index143 index143
index155 index155
index36 index169
index170 index170
index198 index198
