hC71hIuyRaST3AiaSZqg c2cBpUI19bqo5IjxQzNs qmJjxb5ffqkJdxtR9mHb XzID4BBPQnOnz9XMetpC PUX0RecerGn3NX5t2hBc 5doygtE58PVlrfBbaaxD DmIjX4adnoqSEDmx2f39 l5OFQGDhW1xJJ8ERuglz 4FGKBBtL0fTw4RscYaCG mUdsQgC4b4x2HD8wqon6 PqB0lgs9Brze4wJGQzAM COVfDobG5VcfcSxLDUch QYsTJmc2IUi36H1YK47s Tgouk8HApNFShyYjQedR oq1GulTWdKtwAlNIQxnY 2dfprAgHp3T6RrgooKgP jLS4UljOCe6h8LwAOGRX lVjpvSHc5hBrS7dzTmI1 a050Gc07llzkwp1sFUA0 b7ZT2hEEnAs84vAc9csm oq1GulTWdKtwAlNIQxnY b7ZT2hEEnAs84vAc9csm kvWSRFx5cBJAdKv02AAn g5fwwkfUKem4JdibLkXM 4HAqq83HvFVwM7RSa8NQ zbsjvfwSdNExCnTFLo8x 2dfprAgHp3T6RrgooKgP W5rNQea9NsCafaUbLgWC f67LrguccbwZw0aXriuu wqyhoOJuJuNfuZ1c9ZhU mUdsQgC4b4x2HD8wqon6 4FGKBBtL0fTw4RscYaCG LkczcKgnoMrSVImHJ0fO UE66Ok3YtceUJCwuX3xr EEWjQ3rZ3GM9oucA2vc5 2Bx9KHBjUU4KACeYmEka CuGwf3E2mmIEpZeaF5CW qsbRHSDlSHG3Ep5gugbq x74MQe7pEH17MLQqDD8H 4FGKBBtL0fTw4RscYaCG fuNQ8Sfy86k6zaBQjwEz Tgouk8HApNFShyYjQedR EfhuR5UGBxqkoqdQBn2E F5wAHGfxfHDlSYlCHBkp laRDyozSdXcFtmdQ5VqD lrXvsaItMucJuqzZylSg XzID4BBPQnOnz9XMetpC QBNhPcmtLfTR2DSrZWqu G2jsO08FPT3xFngeyu4B ivvO5yUvAxjOjLiwMPV4 1uTE034Q24DWmybWBbX4 kuIwHVHn49UEM4TprHKr 4wWd3kvalFkda9M583i7 1wSeohNTb1oCspxe2x4j EqrhH8oFQmMRN10foGjV NjrNYv2s9TjuFmdhy6vq aIWn0UzDaHCuDeD4TF6U IC3wlDskAWyf0o1M61kl FzgyYozZJweUgT2UncY3 1wSeohNTb1oCspxe2x4j C5aQkckiWq5qVUhbiI57 EEWjQ3rZ3GM9oucA2vc5 RDnAjQbgrCahBSBieO1p fxnnXXAtldMGBgqECnVx 1Mr5ej8RW5Yk1ZWYpV5x t9sTQNaMU9o2HF5pm7xT NXZByMrsstrrXRLxVcyg 8X2kWfVN7ACYeLRlwU5k v0QCMKnmfkXllH4nQHen Wvcwm6VpeYnZXpTH3IZP VkEnPX1CQCoh4CxlXSlf Udew7VNFg6dndWFd4Xv7 5JVDuLtVtH8dvmcH9fd6 QBNhPcmtLfTR2DSrZWqu d5LnqmMpt2Ka3sWGmvow v0QCMKnmfkXllH4nQHen m54EIZlfduVsUOzACS5b OAcbYkMyAi1Iu0vWaaFc fzCA3w8Mu664WC0yRZb5 fxnnXXAtldMGBgqECnVx euZ15YwFUeCb42J4vvX6 UQEmoPmHSH2FlTDuXOEx Mufarp9xGx29xj0P1ijS CIdYfkuOMaRk394L6cKF 4uRnU5kYfamseynbdI9c XzID4BBPQnOnz9XMetpC eULKHiriYHElwEbrQo2X 1Mr5ej8RW5Yk1ZWYpV5x 1uTE034Q24DWmybWBbX4 rW1b1NT9NaRlIIxoT8XF VHkCxqV9Ecgzij51DFic Tgouk8HApNFShyYjQedR 72cxNTZ1Tw5teVGiR2xj gY86LqbQLTIYrcgU8Crt aGWdv30UuUFiszMErlJF euZ15YwFUeCb42J4vvX6 kITtdSORrLGuHqAl2YGb f67LrguccbwZw0aXriuu W5rNQea9NsCafaUbLgWC 4Vpgk6JikqRWfmTLGFMS NqvNOj5h3GSbJm5NawjL Tgouk8HApNFShyYjQedR hC71hIuyRaST3AiaSZqg
49
gY86LqbQLTIYrcgU8Crt bw0K7NVh1sgqlnescYkX 61VEe5QpRdEG1AHTZmSn
qsbRHSDlSHG3Ep5gugbq 3MmCPAjYheu6g9TkIxDm qsbRHSDlSHG3Ep5gugbq
QYsTJmc2IUi36H1YK47s IWOalMs6IXX5Ln6F9Eov 2QgUKFj4HV0dn5Ia55tj LI8fhHKJlh7mQx1nNK0m QYsTJmc2IUi36H1YK47s
c2cBpUI19bqo5IjxQzNs 2YL9dYowMkTTxjU0fVal
C5aQkckiWq5qVUhbiI57 R22TNV5lr1tmI44FcHvv nmwnnNlPCMIjajSEo2R3 oakCd1HozhO35GtImcF2 C5aQkckiWq5qVUhbiI57 yXrak2UUHdgFCsCWvgfp
PqB0lgs9Brze4wJGQzAM JuSdCG8HSUzwufkmRvTN mkGdh9qd7uj9x5W3Koxj FE29I03FH1qEyEvIQNGT
euZ15YwFUeCb42J4vvX6 fuNQ8Sfy86k6zaBQjwEz NWAZrSnr0i1Dj5TA6dLc 24YcTAlCtPoNC11H3BAQ
kvWSRFx5cBJAdKv02AAn 63EFNMvLteBrV7Lj9nA4 RSJQdRAK7H6zYHVeXyPj
laRDyozSdXcFtmdQ5VqD laRDyozSdXcFtmdQ5VqD
EqrhH8oFQmMRN10foGjV EqrhH8oFQmMRN10foGjV
NXZByMrsstrrXRLxVcyg NXZByMrsstrrXRLxVcyg Mi1upMhcgP7iV16OWKN5 gZiMcGUkLd8qaWleLH1T
wqyhoOJuJuNfuZ1c9ZhU wqyhoOJuJuNfuZ1c9ZhU 6KcltWtleWJ6izN3XL0F
IC3wlDskAWyf0o1M61kl xtgYSd34f56WAH3CCBpW IC3wlDskAWyf0o1M61kl b9q1t3OMZ6dXE5R6ca5w vXrEXAmThLoQVXFImZcg
RDnAjQbgrCahBSBieO1p RDnAjQbgrCahBSBieO1p dsEyS8WvuzfBZPrbbzZx
g5fwwkfUKem4JdibLkXM g5fwwkfUKem4JdibLkXM 7DZfG4yobV0xCcSaxf27 PFAHK1LPbENiUm01N8B0
rW1b1NT9NaRlIIxoT8XF ddzqPXECnHQT4a4RIpSF rW1b1NT9NaRlIIxoT8XF
UE66Ok3YtceUJCwuX3xr YygsiZkXDS9oQ07w4psX
fxnnXXAtldMGBgqECnVx 8IUV6HBSYn47shRwVW5F DmIjX4adnoqSEDmx2f39
zbsjvfwSdNExCnTFLo8x zbsjvfwSdNExCnTFLo8x
5JVDuLtVtH8dvmcH9fd6 WgneGAZv4qtDq8Q5DYZf Z2YJKymsE6JEohxl2CgC
5doygtE58PVlrfBbaaxD OAcbYkMyAi1Iu0vWaaFc nOsoIFzZBhdd6bjP45Ba 5doygtE58PVlrfBbaaxD
Udew7VNFg6dndWFd4Xv7 W5rNQea9NsCafaUbLgWC
VHkCxqV9Ecgzij51DFic 1ae7bJScGomdGEdgag5b 1Oc2bGjHzXrMLiYLik5Z QHOT9LWV0s6xVVreglDh OLGSBuAPLZmdhTN6ApoS OBEPyJuvhH0Z9VoT2UNC g6Fit1BcwBIbAAJnBKGn
kuIwHVHn49UEM4TprHKr jLS4UljOCe6h8LwAOGRX kuIwHVHn49UEM4TprHKr
1Mr5ej8RW5Yk1ZWYpV5x 6jnt0RQvUBeXBhrLOwzh
m54EIZlfduVsUOzACS5b 2TderjwrXrNV2UBZ77eD
EEWjQ3rZ3GM9oucA2vc5 ymIUUgCvgB7r5le0Mh11 EEWjQ3rZ3GM9oucA2vc5
1wSeohNTb1oCspxe2x4j 1wSeohNTb1oCspxe2x4j
oq1GulTWdKtwAlNIQxnY oq1GulTWdKtwAlNIQxnY
fzCA3w8Mu664WC0yRZb5 fzCA3w8Mu664WC0yRZb5
4wWd3kvalFkda9M583i7 4wWd3kvalFkda9M583i7 btiXecpJBKmrIHtQ7jPA
ivvO5yUvAxjOjLiwMPV4 qyWH5Ui5kFJGpXM7i2RZ P6PcaiimLTne6w5m7SJi yMXdJdorJpzOHHt9uIfg
NqvNOj5h3GSbJm5NawjL NqvNOj5h3GSbJm5NawjL 468JV90VoJDfHRf7bwGC
2dfprAgHp3T6RrgooKgP TrUW9m3qjkTMvqHNRot0 nnG2z19YXqYOoAxMQkFV 2dfprAgHp3T6RrgooKgP x81SdeDfzbsk8wgCHcJT
2Bx9KHBjUU4KACeYmEka COVfDobG5VcfcSxLDUch
aGWdv30UuUFiszMErlJF aGWdv30UuUFiszMErlJF
Tgouk8HApNFShyYjQedR sCcEFmBkhTop4sycKzuM Tgouk8HApNFShyYjQedR Mufarp9xGx29xj0P1ijS Dv6lwBgjbbZceuQXFzFf
hC71hIuyRaST3AiaSZqg cXmjc3Wu4kjM1IHGgfA5
aIWn0UzDaHCuDeD4TF6U eULKHiriYHElwEbrQo2X
EfhuR5UGBxqkoqdQBn2E KqTw626stjcdChciHrJ6 4MuL6AbQo2ozZ4x7psrd
1uTE034Q24DWmybWBbX4 8w6JkwNghwwfzVWZlMG6 RNtZ6m1O9hQj2ovJiJE3 z0rRwRZbA1TaaAgS8PYu 1uTE034Q24DWmybWBbX4
XzID4BBPQnOnz9XMetpC CgUyoeVDFzkf0g6EiF8w
qmJjxb5ffqkJdxtR9mHb lVjpvSHc5hBrS7dzTmI1
72cxNTZ1Tw5teVGiR2xj 72cxNTZ1Tw5teVGiR2xj
VkEnPX1CQCoh4CxlXSlf VkEnPX1CQCoh4CxlXSlf
UQEmoPmHSH2FlTDuXOEx Ca5sYccbD9TUz7JLHrcf UQEmoPmHSH2FlTDuXOEx Wf6tYlitgmZKoXfughsS
l5OFQGDhW1xJJ8ERuglz l5OFQGDhW1xJJ8ERuglz
8X2kWfVN7ACYeLRlwU5k t9sTQNaMU9o2HF5pm7xT
v0QCMKnmfkXllH4nQHen v0QCMKnmfkXllH4nQHen
