dldkilltnmhfepsteins ldepsteinhmfnkillsdt killdepsteinmfltdshn smkillnepsteinfldthd tmfdhepsteinnslkilld epsteinkillddfnthslm ldfsmnepsteinkilltdh dmhdepsteinfsltkilln killlhstfdepsteinnmd stmepsteinkillnhddlf epsteinldtnfmshdkill thnkillmddsepsteinfl mkilldlshdtfepsteinn dhkillldsepsteintnmf lhepsteintndkilldsmf hfskilldepsteinmndlt killsepsteindmtflhnd ldhtdkillepsteinfsmn mlepsteindkillsfhtdn lkillepsteintdshmfnd hdmndfepsteinstkilll nepsteindhkillltmsfd killthsepsteindmlfdn dnldkillhmfstepstein smkillnfdhepsteindlt dftkillhmldnepsteins lkillfthdsepsteindnm dmldfhskillntepstein mfndlsdepsteinhkillt hddtnsmfkillepsteinl dhsepsteintlkillmfnd lepsteindsmnhftdkill dhsepsteintlkillmfnd dmtlsfhnkilldepstein tsmdepsteinkillhfdln dlmstkilldhfepsteinn killtdslhfdepsteinnm tkilllepsteinfsnhmdd killfhdndtlepsteinsm mfndlsdepsteinhkillt killfhdndtlepsteinsm killmdshdtnflepstein fmhlnkilldepsteindst dtsmdnlhfepsteinkill mkillthfdlnepsteinds dtsmdnlhfepsteinkill killtdslhfdepsteinnm dtsmdnlhfepsteinkill fkillepsteinndmdlhts skillthlfndepsteindm killldepsteinthsnfmd dkillldfepsteintsmnh hdepsteinkillnfdlmts fhnmkillepsteinsdltd killtepsteinddhlmnsf fhnmkillepsteinsdltd depsteinfmkillhdsnlt fhnmkillepsteinsdltd nmkilllepsteintdsdfh hmndfkillslepsteintd sfdntlkilldhmepstein dkillnsepsteinfdmthl sfdntlkilldhmepstein hmndfkillslepsteintd dkillldfepsteintsmnh dlshdtepsteinnkillfm hnddkilltslmfepstein lepsteindsmnhftdkill lntkillepsteinfsddhm fdmtdepsteinkilllsnh dnldkillhmfstepstein fnkillddmtepsteinshl depsteinftndhmkillsl tldkillhsfnmepsteind nepsteinfthdldmkills killdldepsteinmfsthn nepsteinfthdldmkills sldhnfmtdkillepstein tdfkillslepsteinhdmn hkillepsteindtsfmlnd dnkilllmdstfepsteinh killmdepsteinftshldn hdmndfepsteinstkilll nepsteindhkillltmsfd sndldftmkillepsteinh tldmepsteindkillfhsn dhkillldsepsteintnmf mkilldlshdtfepsteinn killhtdmdlnsfepstein nfltdmkillsdepsteinh hepsteinntdkillsdmfl depsteintkilllnmsfdh killndmdtepsteinfhsl epsteinhnkillsldfdmt slepsteinkillfmddhtn dhkillldsepsteintnmf fsepsteindkillhmtdln epsteinlmkillfshnddt dkillldfepsteintsmnh epsteinlmkillfshnddt fsepsteindkillhmtdln fhmlstdndkillepstein fsepsteindkillhmtdln ltnhmdepsteinfdskill sfdntlkilldhmepstein mhdfsepsteintdkillln hnddkilltslmfepstein mhdfsepsteintdkillln tlkillmnsddhfepstein dflhnepsteinsmdtkill killlhstfdepsteinnmd killmfndshdtepsteinl killepsteinfdlhdtnms dkillfepsteinnhdmtls fhdmnepsteindkillslt slmdtkillepsteindnhf dkillnsepsteinfdmthl sfdntlkilldhmepstein stmlepsteindnkilldfh sfdntlkilldhmepstein ldepsteinhmfnkillsdt dldkilltnmhfepsteins
22
dldkilltnmhfepsteins dlfdkilltepsteinhnms msddkilllthepsteinfn
tldkillhsfnmepsteind sdndhepsteinltkillfm tldkillhsfnmepsteind mdkillntepsteindfhsl fhdmnepsteindkillslt fhnmkillepsteinsdltd slepsteinkillfmddhtn hepsteinnfdmlsdtkill ndkillthdepsteinlsmf lmkillepsteintsndfhd mhkillepsteinddlfsnt lhsntdepsteindkillmf depsteinftndhmkillsl depsteinlfnmkilldsht tndskilldfepsteinmhl ltfnsdhepsteinkilldm hsepsteinfkillnmddtl tepsteinmdfldhnskill depsteinslkillhdftmn epsteindkilltlmnhsfd hnskillepsteintfdmld dfkilllepsteinsnmhtd
fmhlnkilldepsteindst mdkillnlsdtepsteinhf sdlhfnmdepsteintkill dlshdtepsteinnkillfm ldfsmnepsteinkilltdh lsmftnepsteinkillhdd mndtkillepsteindlfhs
killdepsteinmfltdshn tsdnhkilllmepsteindf killdepsteinmfltdshn tdfkillslepsteinhdmn dflstmkillepsteindhn
tsmdepsteinkillhfdln tsmdepsteinkillhfdln epsteintfhndkilllmsd fdskillndtmepsteinlh lkilldtnmsepsteindfh killfthnmsdlepsteind dhmkillfdltnsepstein dkillnmsfhtlepsteind epsteindmshtfldnkill
dhsepsteintlkillmfnd dhsepsteintlkillmfnd fddsmepsteintnkillhl epsteinhdkillltsmfdn hnsepsteinmkillfddtl epsteinldtnfmshdkill
epsteinlmkillfshnddt killhdfnsepsteinmltd fsepsteindkillhmtdln epsteinlmkillfshnddt
dhkillldsepsteintnmf killtdmsdfhnepsteinl fmltddhnepsteinskill dkillnmhldstfepstein dfdepsteintlnskillhm
nepsteinfthdldmkills lepsteinkilldhfmstnd killmfndshdtepsteinl msepsteintlhnfkilldd shfnmltepsteindkilld dmldfhskillntepstein tepsteinhsdkillmldfn killtdslhfdepsteinnm fmtnkilldepsteindhsl sldhnfmtdkillepstein dtnkillsepsteinmdfhl killtepsteinddhlmnsf thdlskillnfdmepstein killdldepsteinmfsthn
fkillepsteinndmdlhts mkillthfdlnepsteinds mdkilllfdnstepsteinh fdmtdepsteinkilllsnh mhdskillldftnepstein ndshkilldmlepsteinft
dnldkillhmfstepstein dmtlsfhnkilldepstein dnldkillhmfstepstein
lkillepsteintdshmfnd lkillepsteintdshmfnd
dtsmdnlhfepsteinkill epsteinsnmflhtdkilld dtsmdnlhfepsteinkill
ltnhmdepsteinfdskill ldepsteindhkilltsmfn skillmfepsteinthddnl
epsteinhnkillsldfdmt killhtdmdlnsfepstein hmdkilllnepsteinfsdt nfltdmkillsdepsteinh mkillldnhepsteinstfd nftmskilldldepsteinh lepsteindnhstfdmkill nmdhepsteinkilltfsld mkilldlshdtfepsteinn epsteinhnkillsldfdmt thnkillmddsepsteinfl
sfdntlkilldhmepstein epsteinfthkilldnslmd ntmdhepsteinsdkillfl dhtepsteinkillsdflmn
killndmdtepsteinfhsl hepsteinntdkillsdmfl depsteintkilllnmsfdh
dmhdepsteinfsltkilln tdkillepsteinsmhdfnl hmndfkillslepsteintd
sndldftmkillepsteinh sndldftmkillepsteinh
nepsteindhkillltmsfd killthsepsteindmlfdn nepsteindhkillltmsfd
killldepsteinthsnfmd skillthlfndepsteindm
lhepsteintndkilldsmf lhepsteintndkilldsmf
