FortCollins Houston Cleveland Marina DalyCity Bethlehem Bridgeport Hickory BelAir Corona Macon Corona Huntsville Antioch Berkeley CathedralCity Cambridge GardenGrove Elkhart Chattanooga Boston Lorain Evansville Clarksville Champaign CostaMesa Lincoln LittleRock Brighton LosAngeles Grayslake Beaumont Cleveland Bremerton Hesperia Fontana Kaneohe Downey Howell DesMoines Appleton Atlanta Hialeah Deltona Lexington Detroit Kenosha Buffalo Kennewick Durham Cambridge Clearwater Allentown Escondido Abilene Athens Corona HavredeGrace Cary Arvada Kennewick Dayton Huntsville Anaheim Dallas Athens Cambridge HuntingtonBeach Boston Gastonia FortCollins
37
LosAngeles Aberdeen Jefferson
Abilene Abilene
FortCollins Akron Bakersfield Elizabeth Fontana FortCollins Harlingen Hemet Independence Knoxville
Arvada Albuquerque Amarillo Arvada Baltimore Barnstable BonitaSprings Fargo FortWaltonBeach Indianapolis Leominster Manchester
Marina Alexandria AnnArbor
Allentown Allentown
Anaheim Anaheim
Athens Anchorage Erie Lancaster
Corona AppleValley
Appleton Appleton
Howell Atlanta Jacksonville Louisville Lubbock
Cambridge Augusta Burbank Eugene
Kennewick Austin Bellevue ColoradoSprings Denver Fairfield Irvine Joliet Kennewick LasCruces Layton
Bethlehem Beaumont Bethlehem
Downey Berkeley CapeCoral Carrollton Frederick Hampton Lafayette
GardenGrove Boise CollegeStation ElPaso Lakeland
Bremerton BoiseCity Bremerton Grayslake Henderson
Clarksville Bradenton
Brighton Brighton Irving Lacey
Huntsville Brownsville
Gastonia Cary Fremont
Lorain CedarRapids Garland Lorain
Elkhart Champaign Elkhart Harrisburg
DesMoines Chandler DesMoines
Clearwater Chicago
Cleveland Cleveland
Dallas Dallas
DalyCity DalyCity
Evansville Danbury Evansville
Hialeah DavidsonCounty
Detroit Detroit
Buffalo ElMonte Hollywood
Durham Fayetteville
Houston Fresno Gilbert GrandRapids Houston Kalamazoo
Hickory Hickory Inglewood
Hesperia Lakewood
Escondido LittleRock
