152 94 34 164 135 133 49 171 48 63 123 102 57 180 60 127 186 120 36 169 138 82 30 19 77 123 40 110 89 45 160 8 82 71 28 71 11 82 97 52 10 45 20 186 111 163 75 15 39 114 108 91 62 121 87 146 162 75 144 13 150 53 119 91 83 155 121 5 33 35 182 173 27 112 20 170 146 38 164 179 72 80 72 27 138 23 126 44 162 7 93 100 166 123 10 37 2 101 20 36 57 6 157 152
43
146 31
36 142 28
97 97
133 116 90
108 89 8
94 105 94
19 79
169 169
157 157
170 170
45 45
44 112
173 56 143 149 151
10 134 165 73 92
123 172 78 2 51
37 37
179 9
160 175
91 163
135 41
35 35 81 166
62 95 145 0
110 171 66
111 111 168
101 139 65 101
186 12
155 58
75 50 153 75
87 87
7 85 96 184
182 5 182 113
180 130 180
121 121
60 60
27 27
138 183
126 126
13 13 42
39 136
144 144
53 53 54
82 181
38 38
