4HOMU HZHRA H1LTE W59L6 65FE1 M0J6A MC71K 4HSLO TCC7B N9H3X TY0L7 IR07O TY0L7 SQ5AD ELH5L EJSFK TI35I 7Y5B6 0GVOS M57K6 W2H22 76HUN PXCIN AT3CI 1Y2CG OIPRN 2P5XR 8A5FQ OGHWH SKPO7 ZZH8Z WXZHF DL8LT 1RS2N 7GA8O 6WOBI Z22CS M0J6A LIRLU SKPO7 LIRLU H0BTZ 2KXWI Y4WG4 768ZF LEBVZ NQ0GE ZN2EP I91NY SHOOM M1HJR 4YD0G C8O6I NPDI9 XEEQB 1Y2CG UW44H OSJ7O C8O6I ZZH8Z L87XM RVNGJ 6NY7T YK7ZR 0GVOS 1RS2N 1X6L1 JIVZP RVNGJ 9WSXC PTADN 4WDJE O580H 7GA8O 45JXE 0GVOS VFR3Z I5ALT SL5A0 945CN 9WSXC M1HJR ZHSBU BE5V8 H0BTZ 5ZO5F CM5WA XKTHP 6OA3K OGHWH P2H5X OIPRN X180A QOBDK Y61KP ZHSBU LEBVZ EDK36 K50JQ M1HJR ZHSBU 1RS2N 9WSXC 4HOMU
57
JIVZP L2PQE TCC7B
945CN 945CN
SQ5AD L2GJ5 1F0YL TORQI
LIRLU 2C63O LIRLU
Y4WG4 SYV5N PMFJ2
768ZF 768ZF
HZHRA RU85S HZHRA
Z22CS KOYRV 8CLEZ
XEEQB XEEQB
ZZH8Z KC9RF 0D2BR WP2MA ZZH8Z 3AIXW Q5DAA
ZN2EP ZN2EP SA6G0 IZESQ
45JXE 45JXE DOLRQ
UW44H UW44H 52MNN
M1HJR M1HJR
5ZO5F 50J5H
6OA3K CFGE5 6OA3K
4WDJE Q7FCL W2M5C 4WDJE
K50JQ 0VPRW 7U3JG 53Y1R K50JQ
AT3CI SHOOM AT3CI VHCFR
H1LTE HWKGJ H1LTE C45HH OLLV9 BVMDZ
EJSFK 6ACGE IF7TL
1X6L1 DTPF4 WZB33 V8GEC
7GA8O 7GA8O
BE5V8 BE5V8
TY0L7 TY0L7 61QWU
IR07O WI88U EDSMH
ZHSBU ZHSBU
76HUN DCHO3 8EXDQ PYPSO T9O11
H0BTZ RAAD4 FCYPJ
4HSLO FRZVP YJ67U
TI35I TI35I
Y61KP Y61KP
9WSXC 9WSXC
YK7ZR C7WKJ
OIPRN P419D OIPRN
NPDI9 NPDI9
I5ALT V22SY
PXCIN PXCIN 2BUI5
4HOMU JXLE1
DL8LT DDXG0 ZRPB5
PTADN PTADN
1RS2N 1RS2N
2P5XR 0U9HU
W2H22 W2H22
CM5WA CM5WA
6WOBI 6WOBI
SKPO7 SKPO7
LEBVZ LEBVZ
ELH5L ELH5L
L87XM 69BJO
X180A X180A
WXZHF WXZHF
MC71K MC71K LKP22
XKTHP FC0PR
C8O6I C8O6I
EDK36 LLTLN
7Y5B6 A1QRL TBPBM
