5 4 33 150 89 191 124 191 64 62 64 198 131 190 53 190 18 68 133 68 18 68 15 167 15 156 137 61 197 61 138 69 120 25 167 165 169 121 85 107 141 101 174 101 118 101 73 149 42 167 9 118 9 198 64 191 149 72 167 119 144 195 5
31
169 10
150 194 91 31 170
101 1 101
18 100 85 96 168 75 152 192 18 179 58 22
62 47 50 123 11
149 28 180 149
119 178 67 43 71 41
133 133 171 76 104 34 81 83 151 17
120 14 102 158 80
167 2
118 48
33 33
53 122 32 146 199 53 110
165 187 39 193 26 20 63 92 173 154
69 138 135 69 153 116 55 51 99 183
64 37 177 64
174 174
198 140 103 46 164 196 143 189 77
25 25 105 188
9 9
121 162 157 52
190 16
137 137
61 61
42 44 42
156 156
72 159
144 184
68 68
195 56
131 78
