A42 A71 A153 A71 A153 A166 A153 A93 A183 A100 A183 A87 A183 A93 A91 A29 A91 A124 A12 A98 A148 A192 A148 A192 A148 A98 A148 A98 A197 A142 A139 A142 A139 A12 A124 A12 A124 A91 A29 A91 A29 A174 A54 A168 A72 A114 A72 A114 A83 A114 A72 A114 A72 A37 A72 A168 A29 A91 A93 A153 A166 A153 A99 A62 A99 A153 A158 A17 A158 A17 A151 A95 A101 A13 A88 A13 A140 A13 A101 A13 A88 A52 A139 A12 A98 A132 A98 A132 A147 A164 A154 A104 A67 A2 A39 A195 A32 A137 A32 A80 A32 A80 A32 A195 A32 A137 A32 A80 A32 A127 A49 A101 A95 A177 A121 A179 A115 A179 A115 A77 A1 A87 A183 A84 A183 A100 A42
41
A179 A179
A104 A118
A67 A105 A67 A136
A13 A75 A70 A13
A174 A20
A77 A65 A82 A45 A194 A126 A77
A168 A102 A181 A23 A57 A7 A182 A38
A148 A148
A100 A78 A100 A184 A92
A139 A139
A2 A58 A159 A176 A130 A5 A2 A3 A35 A189 A135
A183 A84 A183 A43
A42 A42
A127 A196 A127
A158 A51 A122
A72 A72 A167 A9
A101 A106 A107
A166 A185 A120 A40 A193
A39 A39 A76 A172 A123 A33 A187 A128
A99 A142
A98 A90 A30 A144 A0 A98
A32 A32
A177 A21 A177
A121 A94 A111 A143 A46 A34 A64 A191
A115 A4
A87 A117
A71 A71
A124 A124 A145
A95 A95 A28
A93 A93
A37 A37
A132 A132
A192 A192
A154 A154
A114 A103 A114
A88 A113 A88
A54 A54
A137 A137 A16
A17 A17
A151 A96
A197 A198
