A29 A5 A79 A65 A7 A77 A7 A68 A7 A68 A7 A65 A54 A65 A32 A16 A55 A61 A7 A13 A7 A13 A85 A89 A40 A25 A40 A94 A40 A89 A98 A89 A98 A89 A98 A89 A98 A89 A40 A89 A40 A94 A21 A75 A82 A75 A23 A75 A23 A48 A10 A71 A23 A78 A23 A50 A23 A50 A23 A75 A82 A18 A82 A75 A82 A35 A64 A35 A82 A35 A64 A35 A6 A35 A6 A15 A44 A15 A38 A70 A38 A15 A44 A15 A44 A15 A22 A78 A23 A21 A0 A58 A14 A58 A14 A32 A14 A33 A14 A61 A55 A83 A74 A73 A41 A5 A29
29
A35 A35 A96
A6 A88 A26 A30 A6
A41 A73 A69
A21 A95 A31 A39 A51 A60
A22 A59
A65 A65
A16 A53 A16 A12
A29 A67 A29
A54 A3 A54
A7 A2 A77 A90
A83 A99
A13 A13
A32 A32
A18 A18 A34 A97 A66 A47
A75 A52 A36
A25 A91
A48 A10
A82 A82
A55 A55
A79 A79
A68 A68
A58 A92
A15 A15
A5 A27 A72
A89 A89
A38 A38
A85 A85
A40 A28
A14 A14
