9c2647cde6e44cc385c8 babcd00b2c484c36bc48 0decf87dae5343c0a33a b590c18164cf4e94bf14 2bcf7711ba8b49129f0c dde0459354634ebdbc7f a16cd2da79714541abf7 d8a94f0302fe46df820e f2ab71e12a0b4ca8a555 37a0aebb00dc4457a07b a2e35f0c3c9143c68a9e c78c8e69f04b4e9b9261 4c8b2bb0f24f4375a715 7de7910c524e4920822e a6e21d28b5c04dc58a64 35b87b961a62477c9874 12a170c171ef44d4b662 0fc9c09d9eab437c9f65 6421585e69fc40ffbba0 fab56f22f8684dd18893 8d368bb67c5c46c5867d 4c8b2bb0f24f4375a715 c7ef0821b71641f390ee 4910cbb7f18c40499abc c0376b4ad4604963b945 effa9d0de823441bb67f b3931f6d1087486cb913 06d5c776fda04040b880 2aadaae628fa4024b08e 072f6cb2b13c4dba9ed8 a581f1b5cd374bd0ba96 42f0effdbad6403aad72 bb5eae787bbc407b98a6 fc5bdc219fbc4eb6939e 2746836e92824d2bb044 06cc6d7a46324506b937 07d82226d1a44fadb059 e5a9ca3b130945588284 4ec91b9ee7034cd9a61a b061ee542dcd41a4b6bf 71be1b5c4c3a468196ea a22afbff48914ac888a0 19f204e30ad4442cb966 6cdca42ad550495aa84f 42f0effdbad6403aad72 253e23123edb46a1b9fa 910d00572d9d42cebb4a 2bcf7711ba8b49129f0c ed9409f592e5423f9b28 dc974af4378c41789aae 85ec82d3a96e4436a5a2 c69875060dcb453ead1a 404713e80e9740c9b7cd 4f25aeb09138402682fa d8780223b4744b5b91e5 9b9da0cbe5514fabb1ae 7e0770b0df094f329117 079c33e2ed6d4acab576 2bcf7711ba8b49129f0c ddf764e162654211a02e fc38d8b64f88401c97fd 9d3cca8f993b4a05a976 a6e21d28b5c04dc58a64 e5d122afc38c45dea5ae 0a53d934f24848f9bda3 effa9d0de823441bb67f 32acb92de92141d09391 69c40b5f99664dc48014 bd01ba7047cb4d04a847 0b82efcb8c2c45aeb8a2 5a3b69fa8cfb4982a27c 8908b7070dcc4e2eb3f6 749b651af1d040659e8f 5cbb478f9b6b40daa8e9 849492e2a4f04946a2c6 ec162ad32a614344923a 8908b7070dcc4e2eb3f6 519c6812f5c84e2da127 33edfebd58804049be59 2aadaae628fa4024b08e 2746836e92824d2bb044 404713e80e9740c9b7cd d616480638a04c3b955f 4b0552fc8849432cb855 dde0459354634ebdbc7f 0f214fa889a6406e8826 5dc9f852f2454533879f a0f6a505c8184e86afc9 084504e2b2de4f53a0b1 884523a7277b40f4972f 2bcf7711ba8b49129f0c ddf764e162654211a02e 749b651af1d040659e8f fa1e4bc6ddcc462f984f a2e35f0c3c9143c68a9e 8ae0afe573b34065b929 6421585e69fc40ffbba0 00dd89601f03490d8809 37a0aebb00dc4457a07b 018b94026c88426b8f75 8d368bb67c5c46c5867d 5b7e4d089e434c6a9293 9c2647cde6e44cc385c8
60
a22afbff48914ac888a0 a22afbff48914ac888a0
4b0552fc8849432cb855 af0a537d56ff42a99a0a
fa1e4bc6ddcc462f984f fa1e4bc6ddcc462f984f 5fd6476364e640bea476
00dd89601f03490d8809 664988394a5f48d79e79 ce2f0e6b8eb94a748c7d dee15252c0e54b84beaf 00dd89601f03490d8809
5dc9f852f2454533879f 5dc9f852f2454533879f
a581f1b5cd374bd0ba96 a581f1b5cd374bd0ba96 c15cfb41ef824fd2a1c0
884523a7277b40f4972f 3574209d67b74478ae2e fc38d8b64f88401c97fd f47cbc59a0584307a0f1 884523a7277b40f4972f 8a66a2d4fdf74f2e9b0e
4ec91b9ee7034cd9a61a 934f0cae8959401e9aa3 e0d1e21ff6cc4d64aff7
33edfebd58804049be59 e3726a85ffc34b1282cf f74897e94729433fa22f 33edfebd58804049be59
c78c8e69f04b4e9b9261 74bfaa171ba342fc9e58
71be1b5c4c3a468196ea e74a97c92dba4d8ea2d5 df9c93ed7a63447389dd 529d899e8f2545bfbc5a e05275dbed2540ddb1d0
404713e80e9740c9b7cd b96177c96ab740b3965b 404713e80e9740c9b7cd
4c8b2bb0f24f4375a715 4c8b2bb0f24f4375a715
519c6812f5c84e2da127 884e85a591684c7ebc61 d484483c58914446843f b42e69fcc93540ff9100
fc5bdc219fbc4eb6939e 0753fe21061c4e058dad
19f204e30ad4442cb966 19f204e30ad4442cb966
b3931f6d1087486cb913 d5bccd7804014eca8c6c b3931f6d1087486cb913 2783e022fae94929bf16 5215b0f0bd724c5cb095
5a3b69fa8cfb4982a27c 5a3b69fa8cfb4982a27c
42f0effdbad6403aad72 ca0b4771edab4289a9de 42f0effdbad6403aad72
6cdca42ad550495aa84f cfa4f7b46ab548c1a67a 5b7e4d089e434c6a9293 205f1eddbda0478aada6
8908b7070dcc4e2eb3f6 7a1df78f40b245bfbb97 26a1d084007f489fba55
c69875060dcb453ead1a c69875060dcb453ead1a ef84408a20334d7d9940
a6e21d28b5c04dc58a64 df9fcc997b4f4a18b94a
5cbb478f9b6b40daa8e9 1a4c9d2bea59474aa118
849492e2a4f04946a2c6 849492e2a4f04946a2c6 cd51464f29fe4984870b b3a599b5126842e1bf24
4910cbb7f18c40499abc 9a6fd45cb4d44509bce9 85ec82d3a96e4436a5a2
a2e35f0c3c9143c68a9e a2e35f0c3c9143c68a9e
37a0aebb00dc4457a07b 9b93a8a7d0b543339985
babcd00b2c484c36bc48 babcd00b2c484c36bc48 1c62a698c79e460eb5ff
bb5eae787bbc407b98a6 bb5eae787bbc407b98a6 d4f8d48cee014966a5b7
2aadaae628fa4024b08e 242983dadb1f4402a4a9
e5a9ca3b130945588284 e5a9ca3b130945588284
a0f6a505c8184e86afc9 a0f6a505c8184e86afc9
749b651af1d040659e8f 53afa325a7d34c438292
072f6cb2b13c4dba9ed8 82654fedf62042cb92dc
910d00572d9d42cebb4a 910d00572d9d42cebb4a
079c33e2ed6d4acab576 8fb88a81c320403c8940
dde0459354634ebdbc7f bbd144150de64860b03c
6421585e69fc40ffbba0 5b3dce289f444b0aa162 2b0e5d986b0a4f1cb926
f2ab71e12a0b4ca8a555 76432c67ac2d44b384c1
2bcf7711ba8b49129f0c 2bcf7711ba8b49129f0c dbfc82377b8f4429bc5e
d8780223b4744b5b91e5 d8780223b4744b5b91e5
9b9da0cbe5514fabb1ae 9b9da0cbe5514fabb1ae
fab56f22f8684dd18893 fab56f22f8684dd18893
c7ef0821b71641f390ee c7ef0821b71641f390ee
ddf764e162654211a02e 54de46f8d4f647d1baa7
0b82efcb8c2c45aeb8a2 06635824d9b841f7b41e
7e0770b0df094f329117 7e0770b0df094f329117 211ddbbf614a47428f13 eff3a759e4134e70a252
12a170c171ef44d4b662 12a170c171ef44d4b662 44c8674ccef1477b965f
0a53d934f24848f9bda3 e6237b02869349c2bcc8 0a53d934f24848f9bda3 42e3ccb6ddd54a0aa3cb
bd01ba7047cb4d04a847 bd01ba7047cb4d04a847
0f214fa889a6406e8826 0f214fa889a6406e8826
c0376b4ad4604963b945 09b94d1b44c348ceadb9
2746836e92824d2bb044 b927c43e198546078ea6
e5d122afc38c45dea5ae e5d122afc38c45dea5ae d8316f23d67e43ccb5e7
07d82226d1a44fadb059 e87b98454fe24297b210 c947a496d2b34bb89bb9
ec162ad32a614344923a ec162ad32a614344923a
8d368bb67c5c46c5867d 87788962cd304b248baf
effa9d0de823441bb67f b47b7b94e7d74f398b8f
0decf87dae5343c0a33a 8e02573f1324425c9311
