Soda 2 73 80 34 108 57 106 17 51 31 123 35 8 2 166 29 77 19 70 46 18 197 26 51 171 68 Soda
22
29 99 116 118 130 131 160 163 178 179 189
31 100 107 115 117 122
Soda 101 124 164 167
57 102 113 150
46 103 123 142 191 192
26 104
8 105 158 162 195
106 106 143 174
108 108 111 144 146 153 177 198
70 109 120 127 137 138 147 168 190
68 110 112 125 135 172 185 188 193
77 114 139 165 173
34 119 126 148 152
17 121 157 161 186 196
171 128 140 141 171 194
197 129 176 197
166 132 136 149 156 166
18 133 145 155 170 184
2 134 154 169 180 182 183
80 151
51 159 187
35 175 181
