90 88 46 74 109 81 153 139 56 32 52 200 62 30 138 0 172 19 172 105 72 46 54 144 125 31 88 154 152 57 133 172 0 145 55 67 144 27 172 126 162 0 11 117 65 141 76 66 20 31 53 8 53 106 87 194 15 163 115 25 165 25 119 35 132 183 145 167 41 147 60 86 55 163 159 196 94 106 46 86 46 80 99 93 31 66 115 146 143 43 141 149 195 163 14 103 35 50 164 34 183 149 11 20 149 86 191 161 108 105 74 59 16 177 114 184 188 171 76 185 90
25
60 189
119 97
114 190
117 12
165 84
25 82
20 20
72 135
11 48
132 10 132
133 169 133 51
55 55
191 191
196 167 6
59 59 113
62 70
195 195
88 88
43 91
125 125
81 81
66 89
14 101
93 93
54 54
