Soda 91 84 161 7 189 172 100 132 198 170 119 49 16 147 58 46 20 59 200 148 116 199 171 135 31 113 191 67 180 42 32 61 52 97 150 105 167 172 46 136 125 99 77 7 93 200 173 95 114 141 185 75 200 43 147 66 24 74 18 120 31 171 18 139 18 163 8 19 22 24 30 194 112 26 105 179 54 77 180 162 130 16 140 152 120 153 189 185 188 16 135 73 176 77 60 77 17 83 55 190 8 Soda
48
116 2 17 46 96
Soda 3
20 4 14 20
100 5 62 98 100
7 6 7 13
148 8 38
58 9 28 58 68
176 10 21
162 11
190 12 79 87
113 15
16 16
18 18 82 92
61 19 61
22 22 80 101
55 23 47 55
189 24
42 25 37 42
26 26
136 27
161 29
30 30
31 31
105 32
170 33
77 34 72 77 78
185 35
74 36 40 74
141 39 63
132 41 84
43 43 50 60
147 44 48 91
112 45 57
49 49 86
125 51 53
59 52 59 69 85
83 54 70 83 88
135 56
99 64 99
73 65 73 76 81
66 66
67 67
93 71 93
139 75
172 89
97 90 97
194 94
130 95
