YuhuaEast TagoreSindo TohGuan JurongWestCentral TamanJurong MandaiWest TelokBlangahRise ReservoirView PulauPunggolTimor YioChuKang BukitPanjang PulauPunggolBarat Queenstown PunggolField Bangkit ChinaSquare TiongBahruStation PayaLebar PasirPanjang1 JurongPort BedokSouth SerangoonGarden PengSiang PulauPunggolTimor Yunnan TagoreSindo Moulmein YioChuKangEast SwissClub Redhill CliffordPier HougangEast GeylangEast Katong Matilda MandaiEast TelokBlangahRise Cairnhill YioChuKang ClementiWest SeletarHills FarrerCourt Queenstown FarrerCourt UpperPayaLebar TamanJurong JurongPort SimpangSouth Serangoon BukitBatokEast UpperThomson WoodlandsWest Simpang Woodgrove PayaLebar EastCoast TiongBahruStation PasirPanjang1 MarinaEast KianTeck PayaLebarNorth Kembangan MandaiEast Geylang RafflesPlace KampongTiongBahru LoyangEast BedokNorth ChengSan InstitutionHill TohGuan KallangWay Punggol Queenstown SembawangCentral Crawford Rochor SengkangTownCentre SungeiKadut Serangoon SenokoWest HongKahNorth SengkangTownCentre SenokoNorth Serangoon PunggolField YuhuaEast
44
WoodlandsWest Northland BukitBatokSouth WoodlandsWest
SimpangSouth HongKah SouthernIslands
TamanJurong AngMoKioTownCentre ChangiPoint
TagoreSindo SerangoonNorth TagoreSindo
PulauPunggolTimor Paterson SimpangNorth Khatib AlexandraNorth PulauPunggolTimor YioChuKangEast
Punggol Punggol BayfrontSubzone
YioChuKang YioChuKang PeoplesPark
BukitPanjang KentRidge Commonwealth WaterwayEast SungeiRoad PangSua
SenokoNorth KeatHong SerangoonCentral SembawangHills UluPandan
TohGuan HongKahNorth Museum PayaLebarEast PasirRisDrive BenoiSector TohGuan
BedokNorth BedokNorth
Serangoon Serangoon Trafalgar
Katong OneTreeHill SembawangStraits ClementiNorth OrangeGrove
KampongTiongBahru EastCoast Sembawang
YuhuaEast Sennett SerangoonGarden SingaporeRiver
SungeiKadut SungeiKadut
PayaLebarNorth TuasPromenade Tanglin
JurongPort Mountbatten JurongPort PeiChun DairyFarm
JurongWestCentral LowerSeletar OneNorth JurongWestCentral
BedokSouth BedokSouth Shipyard PasirRisPark
InstitutionHill TuasNorthPioneer InstitutionHill Chatsworth
Simpang CityHall
TelokBlangahRise TelokBlangahRise Brickworks Sentosa
KallangWay IstanaNegara
SengkangTownCentre HougangCentral ChoaChuKang BoatQuay DefuIndustrialPark
CliffordPier Tampines
Moulmein Moulmein
TiongBahruStation TiongBahru TuasBay
Geylang PasirRis Matilda BoonLayPlace Geylang Mandai
GeylangEast GeylangEast
PengSiang BukitBatokWest
FarrerCourt Aljunied Saujana
Woodgrove PearlsHill
ReservoirView EvertonPark ReservoirView
PunggolField PunggolField
KianTeck DhobyGhaut Cairnhill Port
SenokoWest JooSengPayaLebar
HougangEast TampinesNorth
UpperThomson UpperThomson
ChinaSquare ChinaSquare
MandaiEast MandaiEast
PulauPunggolBarat ChangiWest
PasirPanjang1 KebunBahru RochorCanal
Kembangan Kembangan
