F8 C3 N3 R6 A6 T0 J1 B8 I5 R9 I9 R9 I5 R9 I5 B8 J1 F4 A2 C4 J3 K1 O1 T2 M0 Q9 E4 Q9 J4 N6 O6 D1 K4 D4 D0 N7 S3 I2 F0 Q2 C8 R4 K3 L6 K3 H4 S8 G8 B2 H4 H1 I9 L9 L0 T4 J0 K9 J5 T2 E2 G0 B6 T0 Q0 H8 Q0 F1 Q3 P1 A7 H6 A7 H7 O9 C9 M7 T0 E3 J5 K9 L4 B5 L4 D4 K8 A7 N1 S2 P5 L7 G1 G3 H3 K4 D7 R9 N4 B7 D2 E1 A0 M1 J5 K9 C0 L4 J9 B4 I4 L6 B3 O0 J9 Q8 Q7 D1 O6 B6 N9 B5 D6 F8
63
H4 H4
T0 T0 K5 A3 A9
L6 H5 L6
M0 J2 M0
G3 D8 O5
F1 P9 F1 I8
B4 B4 I6
C3 C8 C3
M7 M5 N2
E4 E4 D9
Q3 Q3 P7
L9 C2 R8 L9
C4 B0 C4
N4 N4
N7 S7 N7
A0 T8 A0
S2 E5 S2
A2 A2 H2
H6 H6
Q2 N0 T1 G6 G9
Q0 Q0
L0 K6
N6 N6
E3 E3 M6
F4 N8
N1 N1
I4 I4 F9 S9 F2
O1 O1 S0
D4 D4 C1
B2 B2
E2 E2
G0 G0
M1 I3
Q7 Q7 F6
J4 Q5
K3 K3
C0 C0
D0 A1 S5
R4 R4
O6 G4
H3 H3
Q8 Q8 A8
I2 I2 T9
H8 D3 H0
I9 I9 P2
K4 R6
P5 P5
J0 J0
B6 O2
A7 P6
R9 R9
N9 E8 I0
K9 E7
L7 D5
D7 D7
S8 S8 R0
B3 B3
J1 J1
F8 O3
A6 T5
G1 G1
H1 H1
K1 K1
