Monroe Corona Carrollton Marysville Aurora Fargo Boise Alexandria Prairie Lauderdale Chattanooga Bonita Fremont Canton McAllen Hesperia Bedford Carrollton Flint Chesapeake Burbank Hialeah Miami Nine Minneapolis Nine Atlanta Appleton Fairfield Memphis Hollywood Seven Lakeland Bethlehem Chicago Lancaster Duluth Havre Gilbert Milwaukee Downey Cary Kailua Three Aribel Bryan Montgomery Albuquerque Killeen Fitchburg Grays Durham Erie Asheville Lafayette Cambridge Monroe
30
Aribel Bradenton Mobile
Three Three Albany Kailua Boulder Cleveland Dallas Cambridge Detroit
Atlanta Mesquite Burlington Boise
Prairie Hampton Kenosha Prairie
Albuquerque Ten Erie
Miami Miami Allentown Elizabeth Corpus
Carrollton Melbourne Mesa Asheville Charleston Carrollton
Fairfield Kissimmee Fairfield Irving Fayetteville
Fremont Baton Antioch
Lafayette Arlington Hartford Lafayette Hickory
Aurora Four Gainesville Vista Daytona Canton Clarksville Layton
Chattanooga Chesapeake Athens Johnson Anaheim Hialeah
Hesperia Clarke Brownsville Hesperia Huntington Viejo Denton Abilene
Downey Montgomery Rapids Denver
Killeen Baltimore Killeen Glendale
Memphis Elkhart Apple Huntsville
Fargo Aberdeen Monterey Merced
Burbank Greensboro Davidson Birmingham Julian
Gilbert Gilbert Modesto
Nine Akron Lowell
McAllen Amarillo Lacey
Monroe Lewisville Seven Monroe
Bedford Naples Hayward Bedford Jacksonville
Lancaster Hagerstown Lancaster Lakeland
Havre Havre Austin Leominster
Bethlehem Bridgeport Bethlehem
Cary Manchester Cary
Duluth Dayton Muskegon
Minneapolis Kennewick Anchorage
Bryan Laredo
