Soda AnthonyHall BarrowLane AnthonyHall BancroftLibrary AnthonyHall ChanShunAuditorium CheitHall AnthonyHall BanwayBldg MosesHall BirgeHall BrainImagingCenter KoshlandHall AlumniHouse DoeMemorialLibrary BerkeleyArtMuseum Campanile EastAsianLibrary AlumniHouse ChouHall LeConteHall BarrowLane BARTStation VLSB Dwinelle BoaltHall ClarkKerrCampus BlumHall BarrowsHall EvansHall BanwayBldg BarrowLane ChouHall BarkerHall DurantHall BancroftLibrary AlumniHouse DonnerLab GiauqueHall AnthonyHall AlumniHouse BoaltHall BirgeHall BotanicalGarden AlumniHouse BerkeleyArtMuseum BlackwellHall AlumniHouse CaliforniaHall BarrowLane BanwayBldg BarrowLane CampbellHall BARTStation AlumniHouse BlumHall BarkerHall BarrowLane EdwardsStadium BarrowLane AlumniHouse BoaltHall BotanicalGarden BarrowsHall EastAsianLibrary BanwayBldg BerkeleyWayWest DavisHall EastAsianLibrary AlumniHouse AnthonyHall EvansDiamond AnthonyHall AlumniHouse DoeMemorialLibrary CareerCenter BanwayBldg BancroftLibrary BanwayBldg Greenhouse BARTStation VLSB BarkerHall AnthonyHall CaliforniaHall BoaltHall BotanicalGarden BanwayBldg AlumniHouse CareerCenter BancroftLibrary BrainImagingCenter BarkerHall DonnerLab EvansHall FoxCottage BancroftLibrary CalvinLaboratory BotanicalGarden CalvinLaboratory BotanicalGarden Soda
34
AlumniHouse AlumniHouse
AnthonyHall AnthonyHall
BancroftLibrary BancroftLibrary EastGate
BanwayBldg BanwayBldg EdwardsStadium
BarkerHall BarkerHall
BarrowLane BarrowLane Cory
BarrowsHall BarrowsHall
BARTStation BARTStation
BerkeleyArtMuseum BerkeleyArtMuseum
BerkeleyWayWest BerkeleyWayWest
BirgeHall BirgeHall
BlackwellHall BlackwellHall EshlemanHall
BlumHall BlumHall
BoaltHall BoaltHall CyclotronRd
BotanicalGarden BotanicalGarden
BrainImagingCenter BrainImagingCenter
EastAsianLibrary EastAsianLibrary CampbellHall
CaliforniaHall CaliforniaHall
CalvinLaboratory CalvinLaboratory
Campanile Campanile
CareerCenter CareerCenter
ChanShunAuditorium ChanShunAuditorium
VLSB VLSB
CheitHall CheitHall
ChouHall ChouHall
ClarkKerrCampus ClarkKerrCampus
KoshlandHall CNMAT
DavisHall DavisHall
DoeMemorialLibrary DoeMemorialLibrary
DonnerLab DonnerLab
DurantHall DurantHall
Dwinelle Dwinelle
LeConteHall EtcheverryHall
EvansDiamond EvansDiamond
