Soda TangCenter CareerCenter SantaRosa ClarkKerrCampus SantaRosa Hillsborough MartinezCommons UniversityHall GrinnellNaturalArea Emeryville HargroveMusicLibrary TangCenter UniversityHall Orinda SternHall FairfaxNewark Lafayette WursterHall MartinezCommons Moffitt SeniorHall TangCenter SouthHall CareerCenter Lafayette BarrowsHall GoldmanPlaza SanRafael HildebrandHall AnthonyHall CareerCenter ChanShunAuditorium SantaRosa TangCenter SouthHall GoldmanField UniversityHall SantaRosa ClarkKerrCampus SeniorHall MartinezCommons CareerCenter MartinezCommons TangCenter UniversityHall TangCenter Sonoma SutardjaDaiHall NorthField SouthHall TangCenter SternHall SouthHall CareerCenter ChanShunAuditorium FoxCottage Orinda EshlemanHall SantaRosa Moffitt FairfaxNewark TangCenter SouthHall GoldmanField UniversityHall GrinnellNaturalArea HildebrandHall SeniorHall BarrowLane CareerCenter MartinezCommons CareerCenter ChanShunAuditorium CareerCenter SeniorHall MartinezCommons SouthHall Moffitt SantaRosa SeniorHall TangCenter CareerCenter MartinezCommons WursterHall Hayward TangCenter SouthHall GoldmanField ChanShunAuditorium MinorHall LatimerHall SantaRosa Hercules MartinezCommons TangCenter SternHall SouthHall GoldmanField BlackwellHall AnthonyHall TangCenter Soda
31
SutardjaDaiHall Campanile Healdsburg EvansHall Insectary BlumHall
Orinda GiauqueHall KleebergerFieldHouse Oakley Orinda Alameda
FairfaxNewark ClearyHall Belmont
SanRafael IshiCourt Fairfield SanPablo Albany SanRafael
MartinezCommons StadiumRimWay Pinole Saratoga MartinezCommons Cory WomenFacultyClub FrankSchlessingerWay
MinorHall LowerSproulPlaza WicksonNaturalArea
UniversityHall ZellerbachPlayhouse DonnerLab WheelerHall StHelena
SouthHall SatherTower
SeniorHall ZellerbachHall PimentelHall
AnthonyHall AnthonyHall
ClarkKerrCampus ClarkKerrCampus
Soda EtcheverryHall
HargroveMusicLibrary NorthGateHall HargroveMusicLibrary
BlackwellHall Brisbane WestCircle
CareerCenter HearstMiningCircle CalvinLaboratory
Lafayette BancroftLibrary
FoxCottage KroeberHall Pittsburg
GoldmanField GilmanHall GoldmanField
SternHall SternHall HearstGreekTheatre FoundersRock WellmanHall
TangCenter ChouHall
GrinnellNaturalArea HertzHall Unit1
BarrowsHall LewisHall WestGate
EshlemanHall EastGate
Hillsborough Pacifica SanRamon Hillsborough
HildebrandHall Benicia MinorHallAddition
NorthField Piedmont
Hayward Hayward Unit3
WursterHall WursterHall
Emeryville Emeryville SproulPlaza
Moffitt BarkerHall
BarrowLane MulfordHall
