Fizz Anivia Sven Ivern Soraka Urgot Nautilus Viktor Kennen Riki KhaZix OutworldDevourer DrowRanger Karma Soraka Azir Tristana Tryndamere VelKoz SkywrathMage LeBlanc Morphling Ekko Karma Katarina Quinn Windranger Tiny Undying Trundle Clockwerk Alchemist DeathProphet Corki Rumble Warlock CrystalMaiden DarkSeer ArcWarden Brewmaster Talon ShadowFiend Rubick Lina Rengar Alistar Volibear Urgot Kayn Volibear Nami AncientApparition Invoker Pudge CrystalMaiden Venomancer Nocturne Doom Nidalee Morgana Irelia Jinx NaturesProphet KogMaw BountyHunter Gragas Ryze Invoker Galio SpiritBreaker Syndra Karma Jayce Karma Elise Bloodseeker Alistar Tristana Nocturne Trundle Vi StormSpirit Nami ArcWarden Clockwerk Tidehunter Malphite LoneDruid EarthSpirit Pugna Sniper EmberSpirit Tiny Clockwerk Jinx Ekko Omniknight Meepo CrystalMaiden ChaosKnight Windranger Xerath Fizz
55
Jayce Thresh CentaurWarrunner Jayce
Clockwerk Heimerdinger Beastmaster
KogMaw Huskar
Sven Sven Slardar
Viktor Nasus Viktor
Morgana Medusa Visage
Tiny Tiny
Katarina Katarina
Talon Terrorblade Talon
KhaZix KhaZix Mirana
LoneDruid Kassadin LoneDruid Cassiopeia Zilean
Malphite Gragas
Kennen Kennen Vladimir
Sniper Sniper Annie Oracle
Soraka WinterWyvern Zed Amumu Lucian
Nidalee Nidalee
Quinn NightStalker Quinn
AncientApparition Singed
Ekko Ekko
Venomancer Venomancer
Karma Karma
Omniknight Omniknight
StormSpirit StormSpirit
BountyHunter BountyHunter Fiddlesticks
Undying Warlock Undying
Lina Weaver Janna
ShadowFiend ShadowFiend
DeathProphet DeathProphet Pantheon Timbersaw
Rengar Rengar Leona
Fizz Fizz Bane
Alchemist Magnus
Xerath TrollWarlord FacelessVoid
Rubick Kled Rubick
Jinx Jinx Nunu
Syndra Syndra
DrowRanger Sona
Azir Azir
Morphling Morphling Ziggs
Irelia Irelia
Elise Techies
VelKoz VelKoz
LeBlanc LeBlanc Orianna
Pugna ShadowDemon
Pudge Puck JarvanIV Chen TahmKench
SpiritBreaker SpiritBreaker
Tryndamere Yorick
Ryze Ryze
Trundle Slark Trundle
Tristana Tristana
Tidehunter Xayah
Vi Vi
Nocturne Brewmaster
Meepo ShadowShaman
Rumble Rumble
Kayn Kayn
