L16 L8 L113 L2 L38 L46 L29 L96 L110 L45 L148 L24 L23 L145 L25 L59 L44 L115 L141 L25 L85 L82 L103 L47 L60 L79 L106 L142 L115 L87 L66 L99 L83 L132 L50 L132 L134 L120 L33 L148 L115 L148 L146 L21 L22 L133 L83 L19 L147 L33 L14 L145 L81 L137 L10 L57 L52 L1 L114 L69 L90 L105 L99 L109 L74 L65 L16
21
L65 L4 L40 L149 L143 L65 L5
L87 L106 L104 L150 L87
L74 L7 L24 L74 L134 L11
L25 L62 L93 L124 L82
L109 L125 L89 L139 L76 L109 L38 L94 L21
L148 L78 L91 L153 L22 L141
L19 L95 L130 L142 L152
L133 L131 L146 L144 L20 L103 L138 L77 L27 L70 L47 L133 L61 L63 L147 L68
L83 L83
L115 L119 L85
L29 L29 L16
L79 L114 L18 L100 L79 L140 L12 L145 L128 L129
L8 L126 L35 L56 L101 L151 L8 L84
L105 L92
L59 L75 L53 L107 L90 L110
L52 L43 L28 L52
L2 L2
L10 L80 L67 L72
L1 L1
L23 L99
L137 L9
