1 42 128 130 75 130 57 17 48 25 162 65 145 9 184 95 165 87 147 96 100 72 137 18 162 140 99 40 51 47 55 48 111 7 102 9 52 104 144 123 70 198 188 51 138 113 49 96 80 103 129 171 145 35 169 43 80 153 173 60 71 90 146 139 176 95 16 168 86 119 39 92 29 110 134 14 174 99 107 172 142 100 149 73 139 49 143 175 50 113 64 193 112 157 198 9 135 162 80 120 171 79 170 1
45
138 151 2 167 181 180
119 119 170 197 20
123 74 142 123
47 147 143 126 186 68 94 191
112 112 12 27 36 97 21 108 25 122
16 16
184 160 13 184 149
49 59
92 163 32 165 92 178
162 140
57 57
100 53 100 164
39 182
95 95
99 192 99
7 7 129
113 78 131
134 29 155
139 139 91
80 42 93
70 127 70
193 183 121
14 14 45 77
169 89 132
107 153 114
87 87
72 60 11 6 161 159 34
128 76
103 118
17 17
137 3 137 148
174 52
9 35 9 117
79 79
176 176
40 40
64 64 116
188 67 188
175 28
120 120
172 172
145 190
73 44
65 65
50 81
