187 180 48 148 123 183 173 77 99 41 114 19 17 112 175 165 195 92 77 184 22 148 19 143 5 159 60 121 187
20
195 63 70 199
41 111 152 163 6 132 41 69 146 93 171 39
123 82 15 131
148 133 148 150 23
165 33 165 54 80 55 89 160
173 119 191 173 30 169 12 2 107 190 78 161 164 136 72 52 166
114 175 142 114 79
99 13 110 9 67 8 36 18 87 172 47 32 196 59 45 7
22 181 109 128 120 71 124
17 90 134 97 108 154
180 117 180 44
159 157 176 58 83
187 162 153 68 86 156 42
183 183 140 95 65 73
184 184 126
48 48 94
92 92
19 53
60 127
112 29
