0 140 198 114 152 89 84 173 198 183 22 49 43 28 190 129 17 166 28 54 28 110 81 13 97 76 131 151 129 188 81 106 89 182 163 75 130 8 55 106 65 110 190 124 148 102 81 29 120 1 55 34 8 111 55 124 80 144 25 186 12 83 142 11 74 126 2 190 60 54 55 56 162 77 8 57 198 65 40 71 0
23
74 1 27 45 64 66 74
2 2 15
129 3 14 16 24 31 48 58 68 70 73 83 84 91
102 4 9 12 35 38 39 42 47 88 89
186 5 46
163 6 23 29 43 51 52 57 59 63 69 72 85 92 100
54 7 54
40 8 40 82 96
28 10 28
11 11 86
13 13 17 62
25 18 21 25 37 78
49 19 20 22 49 80 98
106 26 60 81 90 94
71 30 71 87
76 32 67 76
183 33 36 77 95
140 34 79 99
131 41 44
198 50 56 65 93
120 53 61
55 55
75 75 97
