c5 e7 t9 m4 t7 f7 o7 s9 q0 j5 g1 e1 d2 t4 d8 t8 o4 i5 p3 f5 j4 f2 c8 a6 s2 h8 a9 b4 o4 q8 p4 b1 p2 t0 d4 s3 o1 i8 a2 k1 f3 s6 h8 g6 i5 b2 r6 r8 e8 s5 e7 f5 e7 f7 o5 f2 g0 n4 t2 l1 l9 f7 h3 p0 g5 e4 t1 r7 c8 e1 i9 m1 q2 i0 d8 a8 b0 r1 m6 a3 e6 f5 o8 q5 h6 o9 s4 n3 r8 c0 p4 d2 b4 i1 f6 n5 n9 s8 d7 r7 d1 j1 c5
32
e4 e4 n6
e7 s1 t6 l3 j5 o5 o6 l4 b5
c8 h1 c8 c4 k9
s9 g7 s9 e2
t0 q1 t0
t7 d4 b1 t7 p0 m0
d8 n3 r1 h2 j7 m4 q0
s4 s4 h3 h4 r7
n4 r9 i4 n4
d7 i1 a7
r6 s7 r4 g4 t5 g8 e5
d1 o0 h6 d5 a0
f5 f5 s2 f3
q2 g9 l0 j3 p9 o8
l1 b7 a8 l1
e1 g3 e1
i5 d6 n0 l8 i5 t8
o9 l6 c3 j2 a6 s3 a4
t4 b3 a1
t2 g1 t2 h5
o4 o4
h8 h0
j4 q8
b0 g5 q5 e0 k6 o2
k1 o7 m7 k1 f6
g0 g0
g6 g6 p7
c0 r2 j6
i0 i0
t1 t1
a3 q3 f2
t9 t9
