0 175 145 173 53 164 195 65 27 141 71 60 59 41 116 79 107 73 89 166 66 105 114 23 199 167 13 139 128 84 67 65 96 3 98 29 195 145 81 8 21 189 83 165 147 133 175 46 140 3 147 20 148 132 89 121 175 110 121 8 140 22 64 135 90 80 120 80 123 95 126 156 64 90 156 78 164 124 172 159 95 5 176 174 190 155 93 18 88 2 90 49 175 148 164 34 105 143 78 148 101 13 0
33
189 1 9 77 93 147 157 189
3 3 153
5 5 63 87 113
128 7 59
114 11 91 111 177
13 13 49 83
96 15 55 183
126 17 137 191
124 19 61 135
107 21 31 103 107 125 141
139 23 139 161 181
110 25 33 51
164 27 35
175 29 117 127 151 175
73 37 39 73 79 131 169 171 187
116 41 99
195 43 195
88 45 89 133 159
120 47
53 53 69 173 179
167 57 167
65 65 95 145
67 67 71 163
0 75
98 81 119 185
148 85 97 193
101 101
8 105
140 109 143
165 115 129 149 165 197 199
121 121
132 123
155 155
