190 103 124 30 42 1 114 110 109 72 174 68 104 101 195 126 60 164 20 89 133 2 90 94 90 111 88 131 22 149 23 21 32 85 192 33 66 101 174 199 158 176 31 170 42 74 32 111 112 10 151 6 51 56 139 27 188 121 191 167 60 163 70 34 197 182 112 37 109 41 32 127 75 51 44 78 134 161 20 86 74 99 28 19 124 142 0 66 158 182 171 70 139 176 125 74 102 138 174 152 167 17 190
46
33 165 33 129 67 136 8 114 83
74 60 76
199 146
112 185 112
103 141 168 23 103
138 138 52
104 104
34 55 36 34
192 192
176 176 21 57 169
134 188
151 29 172 198 102
1 1 156
66 11 179 66 71
56 166 56 45
182 123 182 113 94
126 3 69 162 108
163 50 54 163 32 93 116 164
170 62 46
88 118 92
22 117 22 30
142 142
109 109
44 61 44 65
139 139
101 177 101
2 2
51 135
6 137 38
27 27 173
28 133
167 10 68
125 47
70 5 153
99 99 132
20 40
149 149
0 95 106
89 100
121 121
72 186 84
195 195
78 181
90 193
111 111 189
152 152
