Loc1 Loc16 Loc54 Loc16 Loc11 Loc17 Loc24 Loc98 Loc92 Loc29 Loc52 Loc19 Loc85 Loc61 Loc15 Loc89 Loc41 Loc72 Loc57 Loc13 Loc64 Loc99 Loc18 Loc90 Loc18 Loc87 Loc26 Loc51 Loc30 Loc70 Loc86 Loc16 Loc11 Loc17 Loc11 Loc53 Loc27 Loc88 Loc9 Loc88 Loc39 Loc69 Loc47 Loc85 Loc63 Loc85 Loc29 Loc85 Loc29 Loc53 Loc11 Loc16 Loc5 Loc1
30
Loc29 Loc29 Loc3
Loc53 Loc25 Loc53 Loc56
Loc90 Loc90 Loc6 Loc34
Loc41 Loc41
Loc70 Loc70 Loc50 Loc10
Loc17 Loc17 Loc32
Loc13 Loc13
Loc72 Loc72
Loc27 Loc4
Loc61 Loc80
Loc16 Loc46
Loc24 Loc79 Loc0
Loc26 Loc91
Loc87 Loc87 Loc74
Loc11 Loc11 Loc2
Loc63 Loc63
Loc52 Loc52 Loc7
Loc88 Loc45 Loc76 Loc65 Loc81
Loc64 Loc43 Loc42 Loc55 Loc15
Loc9 Loc9 Loc21
Loc5 Loc49
Loc39 Loc22
Loc19 Loc19
Loc47 Loc47 Loc68
Loc18 Loc18
Loc98 Loc98
Loc54 Loc38
Loc57 Loc69
Loc92 Loc92
Loc86 Loc62
