Loc1 Loc165 Loc13 Loc65 Loc11 Loc105 Loc89 Loc63 Loc0 Loc174 Loc50 Loc86 Loc20 Loc15 Loc180 Loc191 Loc158 Loc191 Loc180 Loc153 Loc99 Loc20 Loc86 Loc154 Loc48 Loc150 Loc140 Loc37 Loc57 Loc89 Loc5 Loc189 Loc181 Loc131 Loc122 Loc104 Loc17 Loc116 Loc49 Loc176 Loc91 Loc125 Loc67 Loc125 Loc105 Loc89 Loc164 Loc51 Loc96 Loc17 Loc72 Loc159 Loc72 Loc150 Loc144 Loc139 Loc177 Loc157 Loc149 Loc29 Loc81 Loc85 Loc69 Loc35 Loc104 Loc122 Loc191 Loc166 Loc114 Loc84 Loc142 Loc84 Loc131 Loc141 Loc41 Loc80 Loc9 Loc113 Loc65 Loc188 Loc77 Loc148 Loc77 Loc57 Loc152 Loc113 Loc21 Loc60 Loc183 Loc4 Loc166 Loc90 Loc150 Loc36 Loc182 Loc186 Loc152 Loc127 Loc52 Loc138 Loc191 Loc58 Loc83 Loc145 Loc1
55
Loc180 Loc115 Loc45 Loc180
Loc58 Loc58 Loc199
Loc83 Loc83 Loc19
Loc65 Loc3
Loc154 Loc82 Loc66 Loc154
Loc140 Loc39 Loc171 Loc123
Loc166 Loc166 Loc178 Loc114
Loc183 Loc172 Loc106 Loc92 Loc183
Loc127 Loc127 Loc28
Loc113 Loc113
Loc164 Loc164 Loc55 Loc155 Loc119
Loc141 Loc59
Loc84 Loc130 Loc187
Loc9 Loc160
Loc4 Loc4
Loc86 Loc126
Loc1 Loc97 Loc12 Loc1
Loc5 Loc5 Loc73
Loc37 Loc37 Loc117
Loc50 Loc110 Loc18 Loc50
Loc150 Loc44 Loc150
Loc17 Loc99 Loc68 Loc192
Loc188 Loc145 Loc198 Loc188
Loc104 Loc104
Loc51 Loc6 Loc51 Loc64
Loc176 Loc111
Loc191 Loc156 Loc70
Loc72 Loc72 Loc98
Loc96 Loc102
Loc89 Loc196 Loc89
Loc13 Loc13
Loc60 Loc60
Loc29 Loc29 Loc167 Loc194 Loc132 Loc112
Loc122 Loc122 Loc38
Loc181 Loc135 Loc169
Loc67 Loc26
Loc20 Loc87
Loc186 Loc186
Loc131 Loc131
Loc152 Loc152
Loc90 Loc22
Loc165 Loc161 Loc121
Loc91 Loc91
Loc177 Loc177
Loc182 Loc76
Loc157 Loc157
Loc85 Loc85 Loc33 Loc128
Loc144 Loc144 Loc31
Loc48 Loc62
Loc15 Loc15 Loc8
Loc148 Loc175
Loc63 Loc63
Loc36 Loc36
Loc153 Loc153
Loc69 Loc69
