114 165 16 11 86 150 175 157 17 108 193 190 75 184 88 131 141 118 199 8 133 177 78 50 124 84 49 21 185 108 131 13 60 144 75 85 32 9 26 24 160 197 72 53 10 72 50 185 14 133 27 119 55 183 67 11 88 148 89 180 5 133 143 163 178 137 164 112 175 126 110 156 53 86 182 138 118 21 24 65 196 50 69 186 138 11 128 137 118 137 178 187 12 115 61 126 70 105 39 83 180 23 114
35
16 16 183 176
184 174 102 170
114 78 114
67 188 98 67 100 91 81
199 199
178 21 66
24 167 24 96 36
75 75
160 191 63 76
108 51 1 149 92 35 108 62 47
175 175 173 74 29
88 103 7
186 166
55 42 15
164 182 154 117 164
49 49 150 94
115 111 37 195 115 41 5
110 196 177 134
12 12
112 33 148 112 181
133 26 10 0 133 18
84 146 169 84
39 197 43
72 4 3 124
70 70
8 127 155 171 69
105 105 109
131 131 89 59
85 28
53 187 95 53
11 147 32
128 135 161 93
14 31 14
119 119
9 87 38
