n0 n52 n140 n31 n185 n29 n7 n186 n71 n160 n47 n192 n133 n123 n156 n106 n93 n132 n13 n102 n19 n12 n151 n133 n117 n73 n107 n149 n117 n138 n150 n137 n127 n31 n193 n140 n130 n147 n31 n160 n153 n133 n129 n51 n198 n50 n129 n37 n175 n9 n55 n141 n92 n199 n8 n134 n33 n81 n192 n4 n43 n24 n29 n9 n30 n87 n60 n77 n19 n100 n32 n122 n32 n112 n116 n197 n70 n133 n19 n104 n35 n18 n88 n18 n22 n61 n79 n119 n36 n118 n148 n115 n174 n77 n196 n170 n66 n125 n151 n117 n123 n47 n0
57
n0 n0 n85
n104 n1 n63 n84
n81 n2 n81
n79 n3 n79
n4 n4 n5 n53
n102 n6 n75 n86
n7 n7 n58
n8 n8
n9 n9
n123 n10 n44
n138 n11
n12 n12 n28
n13 n13
n150 n14 n27
n112 n15
n132 n16 n25 n51 n94
n156 n17 n97
n18 n18
n19 n19 n89
n186 n20 n74
n185 n21
n22 n22
n50 n23 n50 n67
n24 n24 n80 n82
n70 n26 n70
n29 n29
n71 n30 n42 n64 n71 n95
n31 n31
n32 n32
n33 n33
n137 n34
n35 n35 n76 n96
n36 n36
n37 n37
n122 n38
n141 n39 n78 n99
n93 n40 n46 n55 n65 n93
n73 n41 n73
n43 n43
n60 n45 n60
n47 n47
n196 n48
n160 n49
n52 n52
n140 n54
n77 n56 n77
n118 n57
n66 n59 n66
n61 n61 n68
n116 n62 n69
n148 n72
n192 n83
n87 n87
n88 n88
n117 n90 n98
n147 n91
n92 n92
