Liam Jordan Leonardo Jordan Leonardo George Brody Rowan Theodore Jude Jace Jude Joseph Jude Theodore Alex Theodore Ayden Cole Zayden August Matteo Ryder Silas Nicholas Waylon Marcus Tyler Eli Alex Cooper Grant Ashton Calvin Nathan Karter Zion Karter Nathan Connor Nathan Karter Oscar Xander Maddox Xander Maddox Kaiden Maddox Ezekiel Jeremiah Ezekiel Jeremiah Ezekiel Jeremiah Ezekiel Maddox Ezekiel Jeremiah Ezekiel Jeremiah Ezekiel Maddox Xander Leonardo George Ayden George Ethan Aiden Richard Preston Richard Aiden Ethan Weston Abel Steven Xavier Emmett Xavier Emmett Xavier Emmett Graham Jason Joshua Jason Wesley Jason Joshua Lucas Noah Calvin Noah Lucas Noah Calvin Blake Messiah Lorenzo Preston Brantley Ethan George Leonardo Xander Leonardo George Ethan Brantley Preston Jonathan Steven Marcus Waylon Marcus Dawson Ryder Mateo Oscar Bryce Kai Xander Maddox Ezekiel Maddox Kaiden Daniel Kaiden Maddox Ezekiel Maddox Ezekiel Maddox Ezekiel Maddox Xander Maddox Xander Oscar Levi Oscar Xander Maddox Kaiden Daniel Kaiden Maddox Xander Maddox Xander Oscar Levi Oscar Xander Kai Bryce Sebastian Edward Malachi Edward Wyatt Gael Wyatt Edward Tristan Henry Malachi Bryson Leo Bryson Malachi Bryson Jordan Liam
34
Leonardo Liam Jordan
Noah Noah Jayden Luke Anthony Maverick
Zion William Christian Landon Dominic
Steven James Isaac
Richard Logan Mason Oliver Aiden Andrew Mateo Charles Easton
Matteo Benjamin Julian Josiah
Abel Elijah Adrian Nolan
Weston Jacob Angel Jaxson
Lucas Lucas Jack Joshua
Calvin Michael
Brody Alexander David Grayson Robert Ian
Ethan Ethan Hudson
Daniel Daniel
Messiah Matthew Samuel John Aaron Greyson
Malachi Henry Gabriel Leo Colton Adam Bryson
Jude Joseph Isaiah Thomas Hunter Evan Jace
August Jackson
Edward Sebastian Wyatt
Wesley Carter Caleb Cameron
Grant Owen Dylan Lincoln Elias Cooper
Oscar Levi
Brantley Christopher Asher Brayden Carson
Xavier Ryan Xavier
Marcus Jaxon Parker
Nathan Nathan
Tyler Eli
Preston Jonathan
Connor Connor
Theodore Theodore
Jeremiah Jeremiah
Nicholas Nicholas
Ashton Ezra Jose
Rowan Austin
Ezekiel Ezekiel
