Liam Isaiah Joseph Isaac Joseph Caleb Cameron Adam Jose Dylan Owen Jose Lincoln William Elijah Aiden Evan Josiah Evan Aiden Oliver Logan Joshua Isaiah Elias Jack Levi Chase Ayden Kayden Roman Maverick Roman Jacob Chase Jacob Roman Jacob Chase Hunter Hudson Jonathan Jeremiah Owen Santiago Andrew Santiago Owen Jose Sawyer Benjamin Carson Liam
18
Liam Liam
Owen Noah Owen
William William
Dylan James Dylan
Logan Logan
Sawyer Benjamin Carter John
Joseph Mason Alexander Joseph
Aiden Elijah Aiden
Oliver Oliver
Jacob Jacob
Evan Lucas Jackson Wyatt
Levi Michael Ethan Samuel
Isaiah Daniel
Maverick Matthew
Jonathan Henry
Hunter Sebastian David
Chase Jayden
Joshua Luke
