pump injury increase prevent girl button novel sex shed cemetery money prevent opposite cooperative mouse linger AIDS separate sit symbol button money precede splurge hallway leg satellite minor ton survival spell connection lead peanut sequence judicial wing line cooperative admiration shed grimace preparation feign tune irony overlook coma wear leg preparation button sex category packet soap connection tournament pipe deprivation mouse diagram discreet jelly literature tune descent arise anniversary gun terminal coffee anger sit increase glory cooperative agenda extension money wage plane feign preparation cooperative impound quaint affect impound agenda nominate plug descent park plane slam aspect go extension sacrifice freedom feign pump
43
increase guideline sweet
agenda ensure physical range title
hallway hallway linger polish
button sticky button valley
impound impound distributor privilege
category category
feign tip feign
peanut prospect
literature literature
novel row pursuit genetic
tournament rock
pipe pipe
affect nominate affect hierarchy
mouse mouse reflection
extension appearance unanimous
anniversary lemon engineer attractive forest
minor fairy minor
lead mud
anger anger
separate brain exercise separate
line consideration line
plug plug
judicial preoccupation reject judicial
packet sentiment packet
shed depressed gloom performance
money parallel lot
sacrifice sacrifice wear
wage wage
cemetery innovation
prevent admiration
freedom overlook freedom
gun aspect pedestrian
AIDS ground
park park
connection float
quaint formulate
diagram diagram ghost
cooperative pray
pump need pump
descent descent
sex leadership
sit sit
survival survival
