F1E81B 813B05 10520F BA3320 5D0E2E B27903 230A7C 580DB7 230A7C 77A0B5 4B3F8A 6825D4 D1967A 79BC3D 462226 086D53 14994D 462226 4A5708 EDF90E CD2CA7 1977E0 FB0EF2 0C73D8 191510 7D997B CD2CA7 1111F7 0A147B CDC6D4 24743A 2BF7B5 1977E0 013940 3EDE7E 8C971D 251939 112AE7 6B4619 6CAF46 2CF818 55BAD2 1B337D E2CE9F 6C010A 002274 846159 63361A 293D59 F3EDB3 9A8DF4 E80628 48EA33 4B3F8A 6966D7 AE4A01 F1E81B
33
813B05 573788 685D1A 813B05 F1E81B FFFD4B
E2CE9F 29D5D7 E3C2C9
1977E0 8015E0 8BFCAC
0A147B 17779E
002274 D337F2 0F5860 C3B3E7
013940 CEAC59 151BC9 8B519F
AE4A01 AE4A01
D1967A D1967A 851F90 3B4B53
5D0E2E B47658 8F495E 94A561 C18C9B 66048A 6E313C 0CBC31 8B6C2F 490F1E BB4908 77A0B5
230A7C 230A7C
4B3F8A 1F842B 596CF6 86493E
6C010A 47FACD 770D1A 1E1095 8417C8
9A8DF4 C3EF62 F33196 61199E 4A5708
0C73D8 E81014 7E78F3 4CAD30
6B4619 A1F104 CC9C14
251939 52C88C 5C7062 7E1C6C
580DB7 E5E6C0 36C862 BB40E6
1111F7 6B340B 93EBE3 5F4E43 C4303B D4A75D 6966D7 124C90
79BC3D 2CCB19 4B97F1 59843B B69F55 DE6899
B27903 AEFF96 9096DB FFEEBD 614224 C9AF85 36590B
7D997B E51A66 85D6DB
462226 396D53
846159 4099A6 783751 20EAE7 5BB557 90451D 7829D7 6D51F4 D6CC7A 8F17C0 ABD8FE
191510 305D33
14994D 6B622D 14994D
E80628 E80628 14B430
2BF7B5 2BF7B5
3EDE7E 4A28BA
F3EDB3 B7F75A 28F6D1
6825D4 239994 8EBF8A
48EA33 2FEDFB DCE144
293D59 293D59
63361A 63361A
