S AB C BL N CC F H CK K AR B E O J B BL Q D AO V F DH B F H E B E Z J O F E AA V F M V F O AV B BL H DR A P T DX B G A P AI B BG E BK N BB Q I Z CB E AA B V F BJ Q D AI DY C Z B K B V F M F W B G AC V F AC F A O A AF I M F W V F BQ D S
32
A A AL CK
B B AX BD CA
C C
D D AM
E E AZ
F F BU CD CM
G G
H H
I I
J J
K K CL
Q L Q S Y AE AG AK AQ AS AU BA BC BH BI BM BS BT BV BW BX CE CJ CN CP CQ CR
M M
N N
O O U AF AT BP CF CV
P P
V R V X AD AH AJ AP BE BF BY CS CU
T T
W W AB AW AY BK BR
Z Z
AA AA
CC AC CC
DY AI
BG AN BG
AO AO CT
AR AR
AV AV
BB BB
BJ BJ
BL BL
CB BN BO BZ CB CH CI CO CW
BQ BQ
