MapLocation152 MapLocation58 MapLocation128 MapLocation99 MapLocation57 MapLocation33 MapLocation29 MapLocation119 MapLocation97 MapLocation75 MapLocation134 MapLocation68 MapLocation70 MapLocation177 MapLocation189 MapLocation108 MapLocation154 MapLocation128 MapLocation69 MapLocation0 MapLocation18 MapLocation108 MapLocation69 MapLocation105 MapLocation123 MapLocation167 MapLocation0 MapLocation164 MapLocation90 MapLocation163 MapLocation52 MapLocation96 MapLocation89 MapLocation18 MapLocation197 MapLocation56 MapLocation102 MapLocation186 MapLocation45 MapLocation132 MapLocation197 MapLocation46 MapLocation175 MapLocation80 MapLocation111 MapLocation7 MapLocation77 MapLocation16 MapLocation97 MapLocation126 MapLocation14 MapLocation25 MapLocation1 MapLocation159 MapLocation152
24
MapLocation14 MapLocation14 MapLocation137 MapLocation148
MapLocation16 MapLocation15 MapLocation16 MapLocation198 MapLocation79 MapLocation152 MapLocation103 MapLocation47 MapLocation23
MapLocation18 MapLocation17 MapLocation18 MapLocation19 MapLocation81 MapLocation62
MapLocation111 MapLocation20 MapLocation150 MapLocation111
MapLocation69 MapLocation69 MapLocation13 MapLocation36 MapLocation149
MapLocation105 MapLocation136 MapLocation105 MapLocation106 MapLocation61 MapLocation171 MapLocation100 MapLocation194
MapLocation90 MapLocation35 MapLocation123 MapLocation118 MapLocation133 MapLocation114
MapLocation128 MapLocation186 MapLocation71 MapLocation129 MapLocation92 MapLocation128 MapLocation183
MapLocation189 MapLocation22 MapLocation189 MapLocation86 MapLocation121
MapLocation177 MapLocation72 MapLocation4 MapLocation119 MapLocation43 MapLocation85 MapLocation185 MapLocation153
MapLocation1 MapLocation113 MapLocation55
MapLocation7 MapLocation50 MapLocation53 MapLocation9 MapLocation10 MapLocation7
MapLocation102 MapLocation67 MapLocation104 MapLocation102
MapLocation154 MapLocation97 MapLocation154 MapLocation145 MapLocation8 MapLocation59 MapLocation135
MapLocation197 MapLocation12 MapLocation56 MapLocation76 MapLocation28
MapLocation0 MapLocation156 MapLocation182
MapLocation29 MapLocation127 MapLocation192 MapLocation122 MapLocation29 MapLocation179
MapLocation99 MapLocation125 MapLocation161 MapLocation99
MapLocation96 MapLocation107 MapLocation94 MapLocation60 MapLocation96
MapLocation57 MapLocation57 MapLocation32
MapLocation89 MapLocation164 MapLocation146 MapLocation173 MapLocation166
MapLocation45 MapLocation41 MapLocation109 MapLocation170 MapLocation175
MapLocation167 MapLocation116 MapLocation42
MapLocation77 MapLocation77 MapLocation70
