110 111 197 111 96 52 28 14 131 4 29 92 144 54 39 43 186 175 190 146 198 151 134 168 25 117 64 153 68 37 70 156 11 188 132 189 11 38 192 195 75 134 140 62 68 120 166 50 43 70 94 166 187 49 117 83 106 86 176 124 144 26 162 155 135 111 90 137 47 1 51 1 163 40 194 6 10 142 42 153 134 177 166 9 16 64 110
36
189 178 148 98 189
37 76
64 152 64
106 190 127 122 3 138 145
26 90 103 26
54 54 47 45 73
120 36 1 79 149 22
163 163 15
124 60 159 81 124 66 100
117 160 13 142
175 175 199
195 99 195 181 77
111 141 51
68 44 72
197 197 169
50 50 56
28 28 107 29 126 147 0 154
43 101 43 193 123 83
40 30 192 40
92 172 92
9 41 87 20 25
70 18 165 5 161 52 19
96 53 96
11 11 171 55 39
140 6 140
162 38
187 121 131
110 110
10 182 85
14 14 170
134 74
75 67 91
198 94
176 176
168 168
132 132
