0x19 0x9d 0x26 0x9d 0x24 0x59 0x54 0xa 0x4b 0xa 0x54 0x4f 0x36 0x81 0x36 0x57 0x2a 0x8c 0x42 0x8c 0x2a 0x78 0x67 0x35 0x67 0x14 0x30 0x23 0x65 0x4e 0x8c 0x42 0x8c 0x46 0x60 0x58 0x8c 0xa2 0x8c 0x56 0xab 0xb6 0x56 0xab 0x38 0x8a 0x30 0x14 0x67 0x27 0x67 0x35 0x67 0x26 0x3e 0x2a 0x3e 0x32 0x2e 0xb2 0x76 0x97 0x3c 0x97 0x8f 0xa9 0xd 0xbd 0x2e 0xbd 0x2b 0xc 0xbe 0x6c 0x47 0x71 0x3e 0x71 0x2a 0x9d 0x19
29
0x54 0x8e 0x4d
0xa 0x25 0x6f 0xf
0x2a 0xa8 0x9e 0x99 0x1 0x83 0x2a 0x9f 0x15 0x85 0x6d 0x9a
0xc 0x9 0x7a 0x2b
0x8f 0x8f
0x3e 0x1d 0xc2 0x7b 0xc4 0xae 0x10 0xb4 0x98
0x76 0x97
0x19 0x3d 0xac 0xb0 0x8b 0x1f 0x1a 0xc6 0x87 0xa4 0x11
0x56 0x56 0x68
0x42 0x42
0x60 0x91 0xc3 0xba 0x34 0x4 0x60 0x9c 0xc7
0x36 0x3b 0x81
0x8c 0x28 0x6a 0x1b 0xa6 0x8c
0x30 0x21 0x12 0xa1 0x18 0x61
0x3c 0x31 0x84 0x77 0x89 0xbb 0x74 0x79
0x4e 0x4e 0x5d
0x27 0x0 0x2d 0x5 0xa3 0xaa 0x9b 0x45 0x52
0xbd 0xbd
0xb2 0xb2
0x78 0x7 0xbc 0x78
0x26 0xa7
0x59 0x59
0x46 0x46 0xb5
0xab 0xab 0xb6
0x35 0x80
0x9d 0x6b 0x5a
0x8a 0x53 0x2c 0x70 0xa0
0x38 0x3a
0x67 0x86 0x14
