A0 C5 E1 A5 X6 O4 P4 J6 T1 P7 L5 V6 U1 K2 V0 H4 U2 R3 W5 M2 E4 D7 I2 J0 L3 J5 Y5 S6 T1 K3 O6 E3 M0 Q6 F0 H4 J2 F2 A7 X1 I1 O1 A3 J6 B1 N2 K1 I1 Y3 F5 Q7 L6 X1 D7 D2 J6 G0 K3 N3 D5 E0 T4 S6 X4 B5 V3 V5 I1 H5 H3 V0 E0 T4 J5 V2 C6 M4 Y1 F1 X5 D3 I5 R4 P6 D3 Y6 S3 D0 J0 Q5 V2 N3 E2 G3 O2 C0 R2 D1 P0 U6 Y4 J0 A0
62
A0 A0
C0 C0 W4
D0 D0 Y0
F0 F0 Q6
F1 G0
M0 H0 M0 T2
E4 I0 E4
J0 J0 P2
M4 L0 M4
P0 P0
L5 Q0 F4 L5
V0 X0 A4
K1 A1 K1 S2
E1 E1 X3
R4 G1 R4
I1 I1
A5 J1 A5
I2 M1 R5
Y6 N1 Y6
A3 S1 M6
X1 X1 Q4 Z6
H3 Z1 T6
I5 A2 I5
T4 B2
D2 D2 K4
K2 K2
N2 N2 M5
U2 U2
V2 V2 O3 Z3
C6 W2 C6
N3 X2 A6
H4 C3
D3 D3
E3 E3
R3 F3 R3
G3 G3
O6 I3
J5 M3 J5
L3 T3
Y3 Y3
X6 B4 X6
V6 C4 V6
J2 G4 O5 G6
O4 O4 E5
X4 X4
Y4 Y4
J6 Z4 J6
B5 B5
F5 P5
Q5 Q5
O2 T5
W5 W5
F2 Z5
T1 F6
Q7 H6
P6 P6
A7 R6 A7
S6 S6
U6 U6
B1 W6
R2 C7
D7 D7
