149 157 159 180 121 142 194 134 38 26 197 143 141 199 171 47 144 127 63 5 87 115 181 19 96 110 3 97 125 126 25 129 8 10 8 127 144 132 123 77 70 51 66 193 198 72 188 120 160 68 190 164 89 48 80 53 4 199 147 2 162 111 23 119 156 22 115 109 108 160 10 100 194 136 84 23 4 142 155 119 36 153 29 69 150 198 135 150 61 7 59 196 22 91 113 11 101 81 97 26 152 50 149
27
109 1 25 83
36 2 36
3 3 9 12 46 58 61 65 71 73 88
4 4
5 5
143 6 11
153 7 28 33 64 66 79
101 8 17 35 57 72
157 10 13 56 90
68 14 48 68 75 97
91 15 30 41 50 62 67 77 82 86 91 95 98
59 16 59 96 100
144 18 37 44 76
63 19 60 63
80 20 45 51 80
26 21 26 49 52 85
22 22
127 23 29 43 74 99
199 24
142 27 31 39 53 87 93 94
196 32
120 34 89
38 38 55
108 40
69 42 69
125 47 84
81 54 70 78 81 92
