myBc2oGXtwQIbhN8LZB1 fpPjeU3Q7Ml0oxbNnONE acKFNKRjJfiuZlOgTEsC q1ntlEPy5TkjTDK1N7QA huAFXwtRjt3SQzwGHlqz C4VxHS7oWghMg001nCqT ncgdwkJBMYlPXBREt3a2 ki0pv73E3TweydEr2xMN tDBlCuVAUlVhYfGmo0ZK 3TCeOMdE7BbPZ0rpYuCY 9OL9rFCWxsvkui0BnJrR FMx2ghinkTg3bXUUbaTx e3j3O8zLHFaoF4L54lX4 1ZOzWuPMAgV9noIUn6fI z5q6ttBPV27yxxLLSiEN QE7OzkjvlSSywyVvAzrw 6yzFaM9N8M8BsjLACDds yHPSS57AN08ejjILeFs9 MrSQPZSbMdgYshneAfKf 6yzFaM9N8M8BsjLACDds riaaYbNfyU7H6Pgj8ox2 j2d1svPUTAqQIDPXwffl 1GbSD7rTlpNb4qV46SKR huAFXwtRjt3SQzwGHlqz 6X2CNJieZ0I5rs3Wfu65 k1Tln9YIMlQqN0j9DgoX THOlWrcPLTG3BoVkMtJU F2tHb2HX5QlBFzs8Czn0 ki0pv73E3TweydEr2xMN MrSQPZSbMdgYshneAfKf VThEkwdtHmaZ1zsmfh4s mZGLfn0jbLOpy4dRbGU2 DY8VhtrSq6Cc3rxJZ9sj gTUKyXNYZMF2asX4AtFU 4jo8IXw984NR3wvT2Dr9 olDP1pNg8HxpvCq8TOIJ RBvtNZMBTgecfVkYzQF0 IMeOdBNxrGDg6Fs4Ao98 JBiXyXogbhO9RGLjMiRP K674cUKePzN7aRSq4iqU fbJ1XhavEsRSCGVVB1U1 wqC51QdeDTq2cT8foWJ0 TN93ZjZBMIgkJh9ck6Ha myBc2oGXtwQIbhN8LZB1
23
MrSQPZSbMdgYshneAfKf GvRFaXYJvrU5PAeeG88T C4VxHS7oWghMg001nCqT lYkJhGqsFKbDklNelAfr MrSQPZSbMdgYshneAfKf
RBvtNZMBTgecfVkYzQF0 RBvtNZMBTgecfVkYzQF0 w5Yg5o0VnYd77fs4XPRL
e3j3O8zLHFaoF4L54lX4 5f6BSghRQWi4UfjviKjn e3j3O8zLHFaoF4L54lX4
j2d1svPUTAqQIDPXwffl bVCSBWLjvEmxQEUvDzc4 j2d1svPUTAqQIDPXwffl lRM59z2yUMoVl3kzgo9u
QE7OzkjvlSSywyVvAzrw m1eNgjuhkxodElFqqgdb
1GbSD7rTlpNb4qV46SKR 1GbSD7rTlpNb4qV46SKR
ki0pv73E3TweydEr2xMN qz4O4bOhKA0YZxpN4mu9 ki0pv73E3TweydEr2xMN saIZq3FqZhdVPNoQWmqU
olDP1pNg8HxpvCq8TOIJ o53aRQwjhcCKlIFPSjvf K674cUKePzN7aRSq4iqU jjCSZnB5168QDqTrFROq olDP1pNg8HxpvCq8TOIJ
myBc2oGXtwQIbhN8LZB1 vy2boLWO2lxg10y7uS0y
FMx2ghinkTg3bXUUbaTx FMx2ghinkTg3bXUUbaTx
fpPjeU3Q7Ml0oxbNnONE fpPjeU3Q7Ml0oxbNnONE
9OL9rFCWxsvkui0BnJrR 9OL9rFCWxsvkui0BnJrR 69TQpRojisYUrVnWqBaA wy0RiFWOddqgqdcatQ9A
ncgdwkJBMYlPXBREt3a2 RpB10dFWsUl9DC779n8X KtbSULrz2h1IxsKP2DHz
TN93ZjZBMIgkJh9ck6Ha zWpsWJk9vbOt0JkC0vhz jy3jNWgqegakpFSv6gUm oTKjE2BVS0AvV4XvUeLk
VThEkwdtHmaZ1zsmfh4s uNXUIWejT1w4vLTe7QBt LJTA7Za5kd0YC7vjiAyc VThEkwdtHmaZ1zsmfh4s EY74ASuADSlYlDTJLkL6
6X2CNJieZ0I5rs3Wfu65 nmetx4LmU9YBYTmghDrT 6X2CNJieZ0I5rs3Wfu65 1ZOzWuPMAgV9noIUn6fI
wqC51QdeDTq2cT8foWJ0 X0l14s0sRXjXSeLRZLOJ
huAFXwtRjt3SQzwGHlqz ZhHxBzOYsJAOHrqq4mZM UMmbOoOKP6EkLMuN70H3 o9aZyqilfPONdyLlpTRX
F2tHb2HX5QlBFzs8Czn0 o2dWBGyrvosFrr6mKxkG SUNxIlWVwIvWYg6OTKeH
q1ntlEPy5TkjTDK1N7QA q1ntlEPy5TkjTDK1N7QA
4jo8IXw984NR3wvT2Dr9 jHmvxfAZsjs2mCnHbbFf 4jo8IXw984NR3wvT2Dr9
6yzFaM9N8M8BsjLACDds yAYyOcL4ZKdEiLdSPQJm 6yzFaM9N8M8BsjLACDds
fbJ1XhavEsRSCGVVB1U1 fbJ1XhavEsRSCGVVB1U1
