PlmPdVeiiHQg3JYZCDWt JakuJordFcO229c3L5ct kRqgoaGzBgIxzyW55b7b enzXJAvcXabmrwWV3YuL gu4ZhQvmb4pSQmUY70Nq nweJtOYiRJ9VPbpUTVQU ZxL97V8dSQtTxDPiOdxc ChEnlTNCMoqxBfyzEzW7 EVtx7khff7Fs8yuuQKJx VuvjJGf6deKVAQ0JUD4i enzXJAvcXabmrwWV3YuL 76b3evP8JEiQ8c6jd2b5 jKREQK0zNUshG5l5lIJd 48BAUsycKlkSkbOjYLFN q4nqG9N45SSRxndw48Xl k8LvqKsQ4ejh0bCWs4fP dCcd6iAvBWonWTNoMnIv xcisI0PJDdG9nIuyj3IS MPSdS6GmL12gP1dYVUis wZppnfABPMsntS9k4lvX jVItWJkETNqrkY47Hghp 0q2ewXNjMVDn3GAFEoyU IxWh6LSiXwGUWSx9VJ39 zXFq4Mw19qGmxfgvxgKV m1A3pMC42PQioFziqK5C 3M9YkxmgHhrzhCgskWR0 7yt9hKqOEGabqtqIEmdH gu4ZhQvmb4pSQmUY70Nq 7qCgmo7DrrfnVQIWnbiV Dwi7fYT8wa9I4Kzyto4Y loEPY9WRgDIJ7DWZtMDr WsVMGV8yZisK6ojnqzBE cYMPcE5UNSzOtkRY62gr BqpTiWAotYe5nRTWXkzn UkqILZ2p4EbRuMBIrGXp q4nqG9N45SSRxndw48Xl hZHynIvymuQxD6BftzWt lcQ1GcVaImUGztIdTr68 41HkeQtKSrMStkOA4nM4 804aK8wEArkuheeUiB4R Dwi7fYT8wa9I4Kzyto4Y q4nqG9N45SSRxndw48Xl TpLamlzpT6GwerxzVsxr qOK6WPKQJA4Q9XqXgSgT W6pSplT3U7lJfu0pJGBX oera1CM7cj3K49AkZhzz 8RfB73Lw8C9LbSwIxA9Q hZHynIvymuQxD6BftzWt BrudisXSomFZhqJyPfJg nplSyFCfwWl94XgtPFkm uNMLlt0W1KUwk2d6EP98 GUntLlYA0xo9Vk4WLTLV 2chOacZ5nNYuf6eeGFSW vgVY143HiC3DIrnHqOVb nweJtOYiRJ9VPbpUTVQU x5UVX06335fM5pfCNBMU PlmPdVeiiHQg3JYZCDWt
25
gu4ZhQvmb4pSQmUY70Nq RuUdtXtfFCKpaLUcmsqg WErk2X2lm629vuxPHVtl o85TEEBuzMbePdf5cbCv 9zoM12ZWjXrKaszveCQH E59siIyngnj5PIsLeowv ML4pCjYl4gPEwSnvlRaD
Dwi7fYT8wa9I4Kzyto4Y MEVVMgbTLIgXdG4vAbeX Zzs5CIqF9Ll2avkxI78N Dwi7fYT8wa9I4Kzyto4Y
k8LvqKsQ4ejh0bCWs4fP YmmIBqqdn3Z6PuFXWNHi ChEnlTNCMoqxBfyzEzW7 zvH9G6FQ1xC7CVezs43e k8LvqKsQ4ejh0bCWs4fP YIxKvTpWMaQKGFtD5BDH
WsVMGV8yZisK6ojnqzBE SNmFiRdCmf8vg1yMqr30 WsVMGV8yZisK6ojnqzBE 1tmkPhHujDQhTmW4oV7S Osa2UT4anhyBl7doUFs5 AmAHnr1XXkPpwJ6DUDIO BWhyt9wATIprZDhzxwVv
enzXJAvcXabmrwWV3YuL nKDJ3ylOzub2eWcHnAhq g0ywcwildP9K6oBendJq iFXIyHTPBX7ivXxsV1VM ANdko3dYAy7a2BOq7wpm KOLHrmR3FKDMdl4SYdK9 VXU331oDUcuzaGGUYIl9
JakuJordFcO229c3L5ct JakuJordFcO229c3L5ct kaVGl3oG0Ulg2MgkbJB8 3rqlQRwe5izypHjXjWla jVItWJkETNqrkY47Hghp YFXFh0nBpGYXfL8mfny3 2chOacZ5nNYuf6eeGFSW kwA1qrRggH9YLKcVfIe5 EY9cQTmyqhrzeZsobQa5
x5UVX06335fM5pfCNBMU N5YDsCDN1lKguyHbn4Zb Tr6dOTuKB3EM5juuJxqy ELEJN8tWDJT7mLhCdqW3 76b3evP8JEiQ8c6jd2b5 MSj6zOuZ0EoAKjP4wXXW C6w7afZujemehEooILjN x5UVX06335fM5pfCNBMU
3M9YkxmgHhrzhCgskWR0 3M9YkxmgHhrzhCgskWR0 dsndgEJWfBsFA2I3Hgqf zforAf5jhSPEL0aOiCeo
W6pSplT3U7lJfu0pJGBX GzSNGBn4EPemDLEWXNxx uaR7l3Qhn4FRAnSeVURz EVtx7khff7Fs8yuuQKJx 4S2YiI3VYPKghkl95iqK
7qCgmo7DrrfnVQIWnbiV 7qCgmo7DrrfnVQIWnbiV 48BAUsycKlkSkbOjYLFN eUyNsK7nwP1YPac54CbU nsq4rhHWMCaIVcah5fcd ukPtLY7YueARRkX8hPaS 2Cz4Y4eG1XIezf9qpdQl U7iVliqmXRkLwyPSNdfv 1wRG7TNgo9ui6iZBLuaw
qOK6WPKQJA4Q9XqXgSgT qOK6WPKQJA4Q9XqXgSgT cUanhOambcNkocePqfvx CofLnw0Ss4pVGWmPS5oO
jKREQK0zNUshG5l5lIJd 060q0aISPODkGeAbYbQ6 yKQw7YXCNsthb1VWEFur 7yt9hKqOEGabqtqIEmdH
IxWh6LSiXwGUWSx9VJ39 NXYVlLN4oRDZThND0BmP IxWh6LSiXwGUWSx9VJ39 KjQNU2EAAYEZSeJWPxLM dvxgUZzwjHAP85QpElWp 4QLswP82Wvxw9Z42obzh PWUaVYPeofxjJdT472wG
hZHynIvymuQxD6BftzWt Vh6ScHVb39wz7CmKwIuA hZHynIvymuQxD6BftzWt DF1KTiOHBIkswyjh8uB1
UkqILZ2p4EbRuMBIrGXp PIekFeWZsA6etqyFB2SF UkqILZ2p4EbRuMBIrGXp nyd0fM2XE4qmli1xfIwr
lcQ1GcVaImUGztIdTr68 NA24XhOMsROCBnUViAJT E8pbRn7LIeWnB3swkYzz tX1uDaXm9hMlEKqU7m9j
nweJtOYiRJ9VPbpUTVQU W9TKm0U6bNDZ1Aok7hNH EkRPPDhcu5ww6XulSOgx
cYMPcE5UNSzOtkRY62gr XdyhPab6W9wOZnKLq1fq cYMPcE5UNSzOtkRY62gr a06qeiApctGnC1GMtGuJ
xcisI0PJDdG9nIuyj3IS yD8JCRUWcVAZxJ4ZDldr m1A3pMC42PQioFziqK5C xcisI0PJDdG9nIuyj3IS
oera1CM7cj3K49AkZhzz 1JawjZrawLlOCGN1EB0O
q4nqG9N45SSRxndw48Xl WZsO2i9GZwvMYoV9SyKS q4nqG9N45SSRxndw48Xl 6WGzUhXeOltLDbkIvTzq
VuvjJGf6deKVAQ0JUD4i uNMLlt0W1KUwk2d6EP98 VuvjJGf6deKVAQ0JUD4i
804aK8wEArkuheeUiB4R LXqfTqJggDSh6mykPyz3 JWIkMKKlAG6fUoRVxKKI 804aK8wEArkuheeUiB4R
GUntLlYA0xo9Vk4WLTLV iwJGcbQH2bifG6D82Iel gdO0wiBlQ8wFbeNyGtx5 8RfB73Lw8C9LbSwIxA9Q GUntLlYA0xo9Vk4WLTLV
TpLamlzpT6GwerxzVsxr TpLamlzpT6GwerxzVsxr irZyMKazQALnyfoOCtbL
