1 98 97 96 95 94 93 92 91 90 91 92 91 90 91 92 91 90 89 88 87 86 85 84 83 77 78 77 83 77 78 77 78 77 78 77 78 77 78 77 78 77 78 77 78 77 78 77 78 77 76 75 74 73 72 71 70 69 63 62 63 64 63 64 63 64 63 64 63 62 61 60 59 58 57 56 55 49 48 44 48 44 43 42 41 40 36 40 36 35 30 29 28 27 14 35 34 33 32 31 30 35 6 27 26 25 24 23 22 11 6 11 6 27 6 5 1
26
1 2
5 4 5
6 7
11 10 12 13 15
30 18
24 20
22 21
23 23
26 26
27 28
29 29
31 31
33 34 37
36 36
40 39 42
44 44 45
48 47
49 50 51 52 53 54
64 64
63 65 66 67 68
78 78
77 79 80 81 82
92 92
93 93
94 94 95
96 96
