Loc76 Loc126 Loc42 Loc54 Loc120 Loc66 Loc87 Loc17 Loc69 Loc82 Loc15 Loc61 Loc15 Loc32 Loc140 Loc19 Loc8 Loc158 Loc30 Loc120 Loc56 Loc135 Loc31 Loc137 Loc64 Loc140 Loc44 Loc148 Loc89 Loc182 Loc72 Loc4 Loc34 Loc65 Loc16 Loc150 Loc31 Loc53 Loc63 Loc135 Loc13 Loc11 Loc184 Loc84 Loc48 Loc96 Loc137 Loc18 Loc115 Loc46 Loc4 Loc154 Loc99 Loc84 Loc94 Loc27 Loc127 Loc64 Loc147 Loc46 Loc68 Loc35 Loc86 Loc35 Loc28 Loc61 Loc23 Loc73 Loc146 Loc36 Loc27 Loc116 Loc26 Loc14 Loc21 Loc18 Loc24 Loc56 Loc116 Loc13 Loc49 Loc16 Loc71 Loc44 Loc90 Loc9 Loc5 Loc2 Loc5 Loc9 Loc141 Loc92 Loc74 Loc23 Loc6 Loc45 Loc57 Loc12 Loc120 Loc4 Loc66 Loc48 Loc76
57
Loc31 Loc0 Loc31 Loc52 Loc78
Loc46 Loc1 Loc46
Loc2 Loc2 Loc22
Loc17 Loc3 Loc17 Loc47
Loc4 Loc4 Loc72
Loc5 Loc5 Loc79
Loc6 Loc6 Loc62
Loc76 Loc7 Loc76 Loc80
Loc8 Loc8
Loc9 Loc9
Loc24 Loc10 Loc24 Loc73
Loc11 Loc11 Loc12 Loc51 Loc59
Loc13 Loc13
Loc141 Loc14 Loc98
Loc15 Loc15 Loc77
Loc16 Loc16
Loc18 Loc18
Loc19 Loc19 Loc50 Loc85 Loc99
Loc21 Loc20 Loc21
Loc23 Loc23
Loc42 Loc25 Loc30 Loc35 Loc42
Loc26 Loc26
Loc27 Loc27
Loc28 Loc28 Loc29 Loc65
Loc32 Loc32
Loc36 Loc33 Loc36
Loc34 Loc34 Loc60
Loc148 Loc37
Loc44 Loc38 Loc44 Loc55 Loc67
Loc86 Loc39 Loc86
Loc96 Loc40 Loc95 Loc96
Loc66 Loc41 Loc66
Loc154 Loc43 Loc58 Loc81
Loc45 Loc45
Loc48 Loc48
Loc49 Loc49
Loc53 Loc53 Loc93
Loc54 Loc54
Loc56 Loc56
Loc57 Loc57
Loc140 Loc61
Loc63 Loc63
Loc64 Loc64
Loc68 Loc68
Loc69 Loc69
Loc135 Loc70
Loc71 Loc71
Loc127 Loc74
Loc150 Loc75 Loc82
Loc115 Loc83 Loc91 Loc97
Loc84 Loc84
Loc87 Loc87
Loc158 Loc88
Loc89 Loc89
Loc90 Loc90
Loc92 Loc92
Loc94 Loc94
