Shelf0 Water29 BBQ36 Settings102 Rollers173 Laptop69 Solar159 Websites94 BBQ36 Soda127 Dog168 YouTube33 Leash136 Ice52 Crab110 Settings75 Fusion131 Soda119 Water38 Video86 Water38 Settings75 Kitty56 Post158 Urine108 Ring60 Boat67 Rollers173 Puppy140 Solar71 Toolbox10 Allergies7 Poop150 Running177 Soda119 Ring169 Solar59 Dislike143 BBQ36 Horse148 Mail6 BBQ36 Poop5 Shoe111 Water90 Dislike186 Plus78 Solar59 Shower47 Shelf0
21
Soda119 Crab83 Water135 Soda119 Soap64 Solar192
Boat67 Boat67 Soap58 Dislike12 Shoe174 Dog181 Shoes8
Horse148 Horse148 Kitty89
Shower47 Post158 Sink109 Shower47 Whale126 Printer188 Clock61 Cat187 Shower57
Solar159 Robot93 Leash77 Ice9 Light30 Monster175 Solar130 Poop150 Toolbox72 Nuclear18 Clock139 System156 Solar162 Book171 Website190 Websites4
Solar59 Kitty194 Shelf40 Ice41 Laptop19 Plus78 Hnads182
Water90 Drugs39 Drugs195 Hnads116 Cat15 System79
Dislike143 Laptop125 Towel154 Dislike143 Rollers95 Water29 Allergies176 Kitty98
Crab110 Allergies88
Shelf0 Toolbox146 Toolbox153 Whale137 Shelf0 Toilet13
Ring60 Plants118
Settings75 Settings75 System183
Water38 Body55 Puppy117 Clock2 Water38 Ice165 Mail6 Poop76
Dog168 Dog168 Android196 Towel92
BBQ36 BBQ36 Nuclear35 Rollers14 Urine20
Puppy140 Urine124 Mail22 Allergies103 Monster73 Robot164 Puppy140 Ring82 Ring169 Male149 Whale114 Comics107
Shoe111 Robot51 Soda197 Dislike27 Book24 Flowers178
Settings102 Poop80 Fusion34
Allergies7 Urine97
Solar71 Fusion104 Solar71 Breakfast85
Rollers173 Shoe17
