Hayward Norfolk Hickory Winston Wilmington Winston Murrieta Winston Hickory HuntingtonBeach Hickory Trenton NewBedford Worcester StPaul Lewisville Kennewick Tyler Abilene Downey Trenton Independence Trenton Hickory Trenton Hickory Norfolk Hickory Charlotte York NewYorkCity Newark LakeCharles Newark Burbank Danbury Burbank Milwaukee Bremerton BelAir Tyler BelAir Monroe Hickory HuntingtonBeach Hickory Tyler Hickory Monroe Hickory Norfolk Hayward
22
Kennewick PuntaGorda Barnstable Kennewick
Tyler Tyler
Milwaukee ThousandOaks Omaha Topeka SantaCruz
Winston PalmBay Tucson Memphis
Trenton Yonkers
Burbank Burbank Chicago Huntsville
Newark McHenry Springdale Newark Torrance
BelAir Harlingen McAllen BelAir
Charlotte Charlotte RichmondCounty Modesto Hampton
Hayward Deltona Asheville CedarRapids SantaClara Durham Bloomington
Danbury Danbury
Downey Downey
Abilene GrandRapids Atlanta
NewBedford Aurora Bakersfield NewBedford SaintPaul Waco Waterloo
LakeCharles LakeCharles
StPaul Bradenton
HuntingtonBeach HuntingtonBeach
NewYorkCity NewYorkCity
Murrieta Tampa
Monroe Monroe
York York
Hickory Hickory
