Hayward Norwich SanBuenaventura Oxnard Fitchburg Waterbury PembrokePines BoiseCity Detroit BoiseCity Detroit SouthBend Houston SouthBend Youngstown ElMonte Torrance Melbourne Arvada Youngstown Barnstable RoundLakeBeach Arvada Melbourne Lubbock Pueblo Waterbury ThousandOaks Anchorage Fresno SaintPetersburg RoundLakeBeach Lafayette Reno SantaClara Fullerton Roseville Laredo PortArthur RichmondCounty GrandRapids Vancouver Torrance Marysville Layton Tacoma PortSaintLucie Tacoma Kalamazoo SiouxCity Brighton Henderson Pittsburgh Bryan Aberdeen Bryan Hampton SanAntonio JohnsonCity SanAntonio Utica Portsmouth GrandRapids Burlington DalyCity LasVegas SouthLyon Bakersfield SouthBend Fargo Marina Hialeah Harlingen Columbia PembrokePines VeroBeach OverlandPark Greenville Modesto Elkhart Duluth FortWaltonBeach Laredo PembrokePines Modesto PembrokePines Racine Melbourne Racine PembrokePines Oxnard Phoenix BatonRouge Eugene Torrance ElMonte Boston Winston SanBuenaventura PortArthur Marina PortArthur RichmondCounty GrandRapids Portsmouth Utica Portsmouth Phoenix BatonRouge StPaul CathedralCity StPaul Scranton StPaul Scranton Sarasota Houma Sarasota HuntingtonBeach Harrisburg SimiValley Aberdeen Marina PortArthur Laredo PembrokePines Warren CorpusChristi Warren Jefferson Houston Independence Billings Hialeah Harlingen Murrieta Syracuse Nashua Orem CathedralCity Bethlehem Boston SterlingHeights Champaign Omaha Topeka Henderson Pittsburgh Howell Anchorage Carrollton SiouxFalls RichmondCounty SiouxCity SaintPetersburg Houma Poughkeepsie Salem Deltona Tucson SanBuenaventura Norwich Hayward
67
BatonRouge PuntaGorda Eugene Boise
Arvada Tyler Arvada
Independence Cincinnati RoundLakeBeach
ThousandOaks ThousandOaks Huntsville
Norwich Norwich
VeroBeach PalmBay
Tucson Tucson
Utica Utica
PembrokePines Pueblo Mobile
Hialeah Albuquerque Hialeah
Laredo Laredo
SimiValley NewportNews
Barnstable Barnstable
JohnsonCity JohnsonCity
OverlandPark Greenville OverlandPark Louisville
Racine Racine
Nashua Nashua
Harlingen Harlingen
Waterbury Newburgh Waterbury
Bryan HavredeGrace Birmingham
Champaign Charlotte Champaign
Omaha Omaha Scottsdale
Topeka Topeka
Howell CapeCoral Mesquite Bloomington
Salem Deltona Salem
Anchorage Anchorage Fresno
Marina Marina Frederick Kissimmee
LasVegas LasVegas
Burlington Downey Burlington
Youngstown Hagerstown
SanBuenaventura SanBuenaventura Hemet Anaheim
Roseville Flint Fullerton Monroe Plano
ElMonte McAllen ElPaso
Lubbock Lubbock
CorpusChristi CorpusChristi
Layton Layton
Bethlehem Bethlehem
SterlingHeights NorthLasVegas Spartanburg
SouthLyon StLouis NewBedford
GrandRapids GrandRapids SaintPaul
Brighton Oxnard
Scranton Scranton
Phoenix LakeCharles
Marysville Stamford Marysville
PortSaintLucie Olympia
RichmondCounty RichmondCounty
Duluth Duluth
Modesto Modesto
Henderson Henderson NewYorkCity
HuntingtonBeach HuntingtonBeach
PortArthur Lacey
SantaClara Columbus SantaClara
StPaul Savannah
Boston Vancouver
Detroit Detroit
CathedralCity CathedralCity
Lafayette GreenBay
Bakersfield Bakersfield
Hampton Newark
Torrance Torrance
Hayward Hartford
Kalamazoo Kalamazoo
SiouxFalls SiouxFalls
Elkhart Elkhart
Reno York Ogden
Aberdeen Aberdeen
Melbourne Melbourne
