IvOdahrtFwzZ jXfRZxvlYeVi zypYDSZfKAvD AoaIXEzdsCrm SnErwRYEuFXf RPXFDLrswDGU EOKLHvbbCToE IcNVObbuvzWY PWbkkHsInEnz UYTxhnOtiPHB touUfboeiIya ijesYrTHxMcg PNaoBNxIbrgW LNoKVqXhLEzn fiHhqLtPfdZy gOaXChSIRMdR QxNjgiXciQma pjemGRILnFei kBTyfVdYeRhI nschEYWjrAsr jXfRZxvlYeVi JpwDMOwQmqOp nlzJUuBrsbXD awuknolWPSuP cQMSBGdRWmjB kYuPQHaafCxH JQPenlkqwStc RIFFwQFTnqDn nKmMbiEuiffc sHrtHYtDRNZd CridpdwZYWlJ cyrwHgrhPvZj ijesYrTHxMcg ygJsJPbdLfFP uzYTzVwixczQ cRekprdsHHWw hzeJgpwlnaPA iCJxwFELfPya HOzyAfsDoQkb cnCYHfWEzHVB sFSBpaJxLpBT cQFNlImsTWTM aSwTAVmQLJow dXlgwkdKhUmB UYTxhnOtiPHB ZPYnROAizafx kBTyfVdYeRhI PwUziuAPbAPX VNEqJngxzCUO zypYDSZfKAvD QDhUZstsJKtV hLCSOZLNEdhX RIFFwQFTnqDn AoaIXEzdsCrm RQBxIsRWzmfl XwPJYwaGcHxO lznMKRYSMheH WnABnktZDxMx HCSFPVkAlsKL zOkfhFVfOKVi evRMhyiHKGXv OoWDPDlyJyRc RfMVccrsgetv pjemGRILnFei fblrDraNAUxK dXlgwkdKhUmB ypApeqMQPnQA YQysVrjIrQBg ppfBOAvWYXyJ LdhPogfUCfUq geAceFJePWbe cxysDYemjhta XfSacrjXjxeP tARvBeqQDqSY sFSBpaJxLpBT UGahWpWtmUQn AoaIXEzdsCrm oKIKkmsSWzmH EwXugPkGUVkm evYbQMSKanfJ IfTQNEFsiTgr IcNVObbuvzWY BdgcPRHAevMd JQPenlkqwStc uZQOmtLXDMXl kzPlYxPdIHVo LTAwItzHPRQl BujzcwTOtypK qlMzHEurfTvO hLCSOZLNEdhX uzYTzVwixczQ EKWhDcEeEkGK eTrfywteWUJB vfHFyZGRGvFq KpiCGGuakHIr QZQElPdcHxru quZcTYtpBjSn oOIjuHJcVRiV lIUKVwoOnEyc cQMSBGdRWmjB qFGlIHDqKyPA sHrtHYtDRNZd IvOdahrtFwzZ
60
LTAwItzHPRQl qxhFFIUEfnzV
KpiCGGuakHIr jXOmYlZmvqnI AQgpWBullbIi
touUfboeiIya touUfboeiIya ctZWqndwhbJm nxbMBCPhfQij
fiHhqLtPfdZy fiHhqLtPfdZy WsLfQLsirtHk vkOqMvrCUWYf tARvBeqQDqSY
zypYDSZfKAvD zypYDSZfKAvD ubtvaUeVUfmV
UGahWpWtmUQn UGahWpWtmUQn
BujzcwTOtypK PFpQuVVRxbvV ybLCwZqVZKud
BdgcPRHAevMd WRiugWLCujBI
pjemGRILnFei RGYiIUdVAiVL pjemGRILnFei
EOKLHvbbCToE NxxrxPgsnMqG EOKLHvbbCToE
ijesYrTHxMcg PKHkuTHeRXhO
ppfBOAvWYXyJ ppfBOAvWYXyJ
cQFNlImsTWTM cQFNlImsTWTM lRgeGnDJBtMa wXjNgGRCXYRl
QDhUZstsJKtV QDhUZstsJKtV
awuknolWPSuP IQvKLYGCcCbd AhJBAeSEuUkL
oOIjuHJcVRiV nlzJUuBrsbXD oOIjuHJcVRiV
JpwDMOwQmqOp gkTmCiZxFrJw JpwDMOwQmqOp
zOkfhFVfOKVi zOkfhFVfOKVi
XfSacrjXjxeP GvyjKkGcUdcI
RPXFDLrswDGU TglqUXfjbefC
JQPenlkqwStc HEwqlaeMfSzl
EwXugPkGUVkm EwXugPkGUVkm
evRMhyiHKGXv gXcuqckdTdIP evRMhyiHKGXv
XwPJYwaGcHxO XwPJYwaGcHxO
RQBxIsRWzmfl SKbQkQUhqQEt RQBxIsRWzmfl ocysUjOwnenm
IvOdahrtFwzZ WUqhotrexTBp yVSfaizVeLPT zCWezcJmUGqs
evYbQMSKanfJ WHSGrQQrrotE NMSHhfMtAJZb
sFSBpaJxLpBT TZmWJenJbEsV sFSBpaJxLpBT yHOsEGOhjOLt
lznMKRYSMheH lznMKRYSMheH
qlMzHEurfTvO zcAOlsVDUDkc qlMzHEurfTvO
IfTQNEFsiTgr IfTQNEFsiTgr jXgKDXnEJsra YGzazHdyrGCd
oKIKkmsSWzmH oKIKkmsSWzmH wHeDieHMYzAK
nschEYWjrAsr nschEYWjrAsr WWtfhwMSzfGW
hLCSOZLNEdhX xXoCKkdkKAne hLCSOZLNEdhX
qFGlIHDqKyPA qFGlIHDqKyPA mgKEFEWheOqk JNoAmCxHcsYw
fblrDraNAUxK fblrDraNAUxK
WnABnktZDxMx WnABnktZDxMx
AoaIXEzdsCrm AoaIXEzdsCrm mvdksSctoMVi QFfSmYtuSTPl
hzeJgpwlnaPA cpNycWVdmzHJ sTgUExIipvWV
UYTxhnOtiPHB UYTxhnOtiPHB
nKmMbiEuiffc nKmMbiEuiffc
ypApeqMQPnQA TTwdgXpOLyxF ypApeqMQPnQA QxNjgiXciQma
aSwTAVmQLJow gJMLzBkWmUoV
jXfRZxvlYeVi HVwGkspnDHbf
lIUKVwoOnEyc hPSXtHMMyKAK
IcNVObbuvzWY IcNVObbuvzWY
uzYTzVwixczQ uzYTzVwixczQ
quZcTYtpBjSn quZcTYtpBjSn
kBTyfVdYeRhI YvLRANdegrdA yFQWQWtUUMle OIjApACwnyqG
cRekprdsHHWw nyTRNDRCsANl cRekprdsHHWw
PwUziuAPbAPX KtoZVrQmJWki
SnErwRYEuFXf LNoKVqXhLEzn
ZPYnROAizafx ZPYnROAizafx
EKWhDcEeEkGK EKWhDcEeEkGK
dXlgwkdKhUmB aXlcDzbXwAJW dXlgwkdKhUmB
cxysDYemjhta mZUBOQTZyXOM
OoWDPDlyJyRc FkNlSGMBOUbz
geAceFJePWbe aSpDrTbKBytW
QZQElPdcHxru QZQElPdcHxru
RIFFwQFTnqDn DiKlonktcqTP
