0 49 140 62 122 86 106 193 32 37 161 4 184 98 131 155 104 6 192 67 60 132 67 27 112 141 61 31 80 32 69 185 53 117 82 166 54 165 73 5 95 187 140 89 183 59 4 184 63 174 167 194 146 106 114 177 144 152 134 177 154 138 58 169 26 35 119 134 103 174 26 18 69 33 138 79 67 76 109 32 54 32 101 64 148 117 151 158 193 52 17 96 148 1 117 172 73 155 103 57 67 170 61 0
58
96 173 96
49 124 49
141 164 141
79 79 196 102
6 6 38
80 80
1 1 163 7
60 135 110 60
58 179
18 18 171 25
35 35
33 160 55 66
193 193
166 50 108 83
192 129 16 136 11
0 147 21 71 93
140 140
98 42
26 26
170 150
119 119 145 10 130
117 91
95 123 95 30
138 138
152 152 9 198
101 101 68 15
73 73
17 87 17
158 158
63 111
104 104
155 22 168 155 23
67 178 67
59 142 59
31 31
37 156 24
161 161
184 184
109 162 109
106 56
5 5
103 40
187 187
27 27 39
114 36
194 194
4 189
62 12 62
61 61 105
89 89
53 157
122 122
134 34
52 118
151 151
172 172
144 144
64 75
