a0 a51 a18 a54 a3 a199 a156 a32 a77 a37 a191 a183 a40 a91 a134 a33 a101 a148 a137 a19 a24 a40 a48 a11 a58 a164 a115 a33 a124 a84 a23 a65 a51 a93 a197 a174 a49 a163 a134 a142 a104 a197 a11 a118 a50 a93 a31 a172 a84 a106 a124 a185 a173 a18 a71 a43 a148 a73 a181 a83 a9 a22 a30 a56 a94 a74 a168 a48 a37 a190 a132 a164 a195 a1 a17 a132 a18 a26 a165 a147 a199 a30 a42 a169 a78 a134 a181 a27 a193 a160 a169 a8 a53 a17 a133 a63 a53 a2 a140 a45 a41 a82 a0
60
a77 a131 a154 a77
a195 a178 a195
a82 a82
a172 a172
a17 a157 a17
a22 a22
a197 a10
a63 a27 a63 a155
a118 a107
a165 a165
a160 a160 a98
a9 a87 a177 a151 a28
a193 a57 a161 a198
a45 a45
a142 a158 a145 a142
a30 a29 a96
a26 a60
a51 a7 a88
a124 a124
a78 a78
a168 a59 a168 a102
a83 a83
a3 a3
a41 a21 a41
a84 a56 a153 a55
a65 a79 a14
a115 a173
a31 a31
a42 a42 a196
a93 a93 a180
a11 a44 a186 a11
a148 a99 a46
a58 a58
a190 a75
a74 a25 a192
a49 a130 a49
a43 a43
a163 a16 a163
a53 a53 a104
a133 a133
a94 a94
a140 a80 a140
a191 a175
a156 a156
a50 a149 a50
a185 a138 a185 a6
a32 a120 a32
a134 a134 a144
a91 a135
a164 a38
a106 a33 a129
a183 a183
a23 a121
a37 a103 a108 a37
a169 a159
a8 a8
a1 a126
a0 a68
a2 a85
a101 a101
