Jason Kayla Jamie Cory Misty Cindy Daniel Angelica Edwin Tracy Christina Lisa Rebekah Nathaniel Jasmine Cory Kelsey Reginald Kelsey Cory Joshua Kristina Jonathan Christopher Diana Ralph Dillon Brittany Janet Megan Shannon Tracy Jason
25
Jason Derek Claire Jeremy
Nathaniel Nathaniel Roy
Tracy Heather Laura Brian Wayne Shawn Stephen Tommy Tammy
Cindy Gabriel Paul Melissa Dustin Alexandra Jennifer Randy
Misty Adam Misty Jeffery Mary Jill
Shannon Shannon Samantha Susan
Janet Katelyn Jacqueline Kimberly
Megan Adrian Johnathan Megan Bryan Jane
Kayla John Regina Kayla Ronnie Robin
Angelica Nicole Logan Monica Grace Jordan
Brittany Brad Evan Brittany Kyle
Joshua David Joshua Dana Tristan Cheryl Rebecca Juan
Diana Lauren Stacie Gregory April
Dillon Mario Andrew Robert Elizabeth
Daniel Kara Jose Wendy Kristen Rachel
Jonathan Cristian Ricky Mercedes
Jasmine Kari Charles
Kelsey Carol Kelsey Shane William Scott
Christina Carrie Christina Edwin
Rebekah Mark Timothy Joseph Crystal Rebekah Brett
Lisa Jeffrey Amanda Kathy
Ralph Dylan Karen
Kristina Michelle Sabrina James Ashley
Jamie Nicholas
Reginald Melinda
