Granbull Bulbasaur Typhlosion Garchomp Infernape Happiny Chatot Marshtomp Rhyhorn Spearow Volcarona Raikou Geodude Altaria Ampharos Charmander Lotad Floette Staryu Machamp Staryu Aipom Staryu Nuzleaf Volcarona Morelull Flygon Bagon TypeNull Floette TypeNull Floette Staryu Nuzleaf Luvdisc PorygonZ Morelull Staryu Dustox Lucario Larvesta Arbok Eelektross Cosmog Smeargle Budew Machop Gorebyss Elekid Furfrou Lucario Floatzel Lucario Torracat Budew Mudsdale Pidgeot Fletchling Chinchou Typhlosion Rotom Charmander Dusknoir Pancham Zigzagoon Pancham Dusknoir Whiscash Greninja Staryu Jirachi Spiritomb Slakoth Spiritomb Porygon Magmortar Happiny Corphish Rhyhorn Deoxys Charmander Deino Charmander Mudsdale Charizard Alomomola Rotom Porygon Castform Krookodile Fletchling Salandit Glalie Manaphy Budew Skitty Reshiram Carbink Corphish Krookodile Corphish Glalie Happiny Zebstrika Reshiram Golbat Munna Greninja Tsareena Alomomola Jirachi Heliolisk Jirachi Beedrill Rapidash Beedrill Mimikyu Spinda Oshawott Milotic Flareon Granbull
43
Greninja Tsareena Greninja Torkoal Electrike
Machop Absol Heatran Whimsicott Golbat
Lucario Unown Dustox Swanna Crabominable
Carbink Roserade Metagross Mightyena Reshiram Bronzor Carbink
Fletchling Butterfree Cubone Probopass
Ampharos Ampharos
Spiritomb Spiritomb
Geodude Torchic Sylveon Malamar Ninjask
Cosmog Cosmog
Arbok Arbok Lampent Raichu Diggersby Rufflet Metapod Carnivine
Krookodile Cascoon Crawdaunt Krookodile
Torracat Torracat Budew Binacle Goomy Lapras Exeggcute
Chinchou Chinchou Bonsly
Machamp Slakoth Happiny Remoraid Machamp
Mimikyu Mimikyu Beedrill Charizard Glalie
Whiscash Quilava Rockruff Whiscash
Milotic Kangaskhan
PorygonZ Grumpig Electrode PorygonZ Luvdisc
Spinda Spinda Mawile Blissey
Larvesta Cinccino Heatmor Serperior Bergmite
Salandit Buizel
Staryu Jolteon Deoxys
Gorebyss Mantine Lycanroc
TypeNull Gliscor TypeNull
Floatzel Relicanth Floatzel
Floette Floette
Jirachi Jirachi Darkrai
Mudsdale Mudsdale
Bulbasaur Reuniclus
Bagon Magmar Flygon
Charmander Charmander
Infernape Infernape
Furfrou Hitmontop Trumbeak
Corphish Corphish
Pidgeot Pidgeot
Spearow Magmortar
Rhyhorn Lileep
Alomomola Feraligatr
Typhlosion Chespin Typhlosion
Pancham Vivillon
Raikou Chatot
Nuzleaf Nuzleaf
Skitty Skitty
