L12 L13 L89 L72 L187 L11 L103 L141 L35 L151 L90 L186 L88 L40 L45 L92 L90 L143 L144 L136 L21 L180 L127 L54 L152 L59 L165 L184 L79 L56 L61 L59 L164 L126 L138 L83 L31 L17 L136 L5 L95 L38 L100 L84 L181 L92 L188 L48 L73 L5 L164 L31 L108 L148 L193 L36 L0 L65 L7 L1 L157 L144 L192 L146 L118 L57 L190 L154 L180 L114 L41 L183 L77 L62 L26 L52 L73 L72 L88 L106 L160 L154 L92 L195 L128 L135 L154 L72 L156 L53 L80 L34 L190 L6 L54 L45 L38 L181 L38 L53 L147 L102 L12
43
L72 L72
L141 L104 L117 L141 L187 L98
L56 L99 L79 L24 L56
L108 L108 L96
L90 L130 L28 L90 L27
L88 L88
L52 L154
L83 L83 L85 L131 L20
L54 L10 L122
L152 L68
L164 L173 L164
L146 L23 L146
L148 L55 L32 L182 L175 L148 L197 L50
L192 L192 L59 L60 L107
L41 L189
L180 L180
L36 L36
L95 L95 L86
L0 L3 L0 L199 L82 L121 L195
L73 L149 L73
L38 L116 L174
L17 L87 L70 L135
L114 L114
L7 L7
L151 L22 L40 L115
L106 L102 L106
L181 L181
L84 L125 L74 L171
L190 L190 L2 L139
L126 L65 L126
L157 L37
L11 L11 L155
L12 L75 L169 L196 L103 L78 L172
L45 L150 L45
L6 L97 L112
L136 L165
L144 L158 L144
L53 L48 L53 L168
L92 L92 L105 L61
L186 L186
L147 L147
L21 L133
L34 L34
