0 198 77 39 30 76 93 72 114 158 102 50 16 116 20 160 173 195 35 113 121 44 154 43 24 82 181 151 26 39 133 109 192 22 20 19 58 162 58 49 95 116 3 42 17 118 87 34 30 134 108 130 180 128 68 130 2 7 115 127 121 176 113 5 39 103 14 27 5 88 135 79 57 56 120 20 44 84 40 145 154 85 3 101 174 36 124 110 17 178 153 146 162 79 87 97 84 109 133 114 170 174 101 175 46 106 12 105 0
59
95 140
16 131 16 98
120 62 31
176 176 117
0 80 52
2 111 139 196
180 180 69
88 9 88
7 67 13
72 144 171 72 74
153 11 55
109 109
162 162 166 122
50 50 138
68 126 83 66
97 97
121 23 121
49 10
27 27
128 128
116 59 116
82 82 147
154 4
195 195
110 199 177 189 157 81 48 63 149 197
30 30
24 137 45 70
113 136 185
158 143
145 145
160 160
114 114
42 42
46 46
87 87 183
134 168 134
101 91
175 179 156
181 181 152
105 105
84 84
102 102
19 19
106 106
34 34
108 108
103 184 103
198 53 198
36 36 125
130 130 75
20 20
76 76
174 174
26 26
35 35
40 40
85 85
151 151
17 17
