21 32 173 106 109 176 68 69 66 69 171 194 193 196 98 99 136 99 142 99 98 99 98 189 37 36 97 4 108 60 84 115 119 31 30 31 119 31 100 58 93 89 90 153 154 20 187 38 169 110 169 38 18 38 37 189 135 189 135 136 69 70 69 70 69 70 76 104 110 124 84 179 126 110 169 57 56 62 154 20 84 68 176 167 82 171 113 81 149 186 33 155 165 120 9 111 9 120 51 120 121 20 21
32
142 1 3 99 139 149
171 5 15 117 171 177 183
9 7 9 51
81 11 41 81
110 13 27 43 53 73 85 151 191
136 17 23 77 79
4 19 167
21 21 45 129 153
84 25 59 61 63 71 83 179
154 29
31 31
33 33 55 143 155 165 173 185
76 35
37 37
119 39 47 115 119 133 159
176 49 65 147 157 163 175 197
169 57 131 169
69 67 69 145
100 75
38 87
93 89 93 141 161
193 91 101 107 193
36 95 97
106 103 105
109 109
111 111
113 113
121 121
189 123 125 137 189
98 127 195
135 135 181
20 187
