Soda Germany Gambia Malawi Ethiopia Spain Marshall Bhutan Faroe Niger Cocos Puerto Cocos Sierra Cocos Slovakia Bosnia Macedonia Belarus Japan Kyrgyzstan Seychelles Puerto Japan Cambodia Slovenia Serbia Bahrain Dominican American Comoros Greece Montenegro Bouvet Mozambique Mayotte Ireland Botswana Brazil Nigeria Nauru Nigeria American Oman Montenegro Northern Suriname Angola Portugal Suriname Cuba Singapore Guernsey Luxembourg Congo Guinea Indonesia Nigeria Azerbaijan Bahamas Ecuador Kuwait Kenya Slovenia Cambodia Nicaragua Indonesia Saudi Morocco Greenland Saint Virgin British French Ethiopia Guernsey Kenya Slovenia Serbia Cuba Argentina Slovakia Argentina Virgin Antigua Faroe Bonaire Bahrain Belgium Seychelles Burkina United Solomon Bonaire Macedonia Samoa Bouvet Samoa India China Nauru Sierra Singapore Cuba Soda
33
United United
Macedonia Burundi Macao
Japan Japan
Cuba Pakistan
Germany Fiji Iraq Mexico
Greenland Lao
Singapore Singapore
Nigeria Nigeria Rwanda
Luxembourg Luxembourg Argentina
Burkina Burkina
Oman Croatia Liberia
Samoa Lebanon
Northern Northern
British Korea British Aruba
Kyrgyzstan Sao Hong Kyrgyzstan Palau
Niger Niger
Mayotte Mayotte Saint
Malawi Malawi
Cocos Sint
Brazil Jamaica
Faroe Netherlands
Indonesia Indonesia Bahamas
Guernsey Latvia Kiribati Egypt
Kenya Moldova Algeria
Dominican Republic
Congo Congo
Nauru Pitcairn Albania
Greece Belize
Cambodia Cambodia
Mozambique Finland
Ireland Ireland
Serbia New
Antigua Antigua
