1FoundersRock 151location 124location 190location 95location 9SatherGate 103location 136location 153location 100location 82location 152location 84location 166location 161location 73Wada 102location 199location 70Stonefire 51HearstGymnasium 47SatherTower 192location 153location 149location 33Wada 64Blackwell 178location 95location 181location 21Unit1 55Hilgard 112location 91location 102location 123location 21Unit1 109location 40Oaktown 198location 94location 41FoundersRock 146location 120location 164location 23Unit3 192location 140location 97location 78RajProperties 157location 19SouthHall 35ChanningBowdwitch 168location 47SatherTower 180location 51HearstGymnasium 155location 28SodaHall 73Wada 93location 92location 33Wada 44HearstGreekTheatre 51HearstGymnasium 120location 91location 43FacultyClub 91location 110location 58NorthGate 124location 121location 101location 19SouthHall 154location 146location 7SatherTower 189location 158location 41FoundersRock 123location 48Esplanade 137location 51HearstGymnasium 84location 10Bridge 74Martinez 96location 193location 81location 120location 158location 30Stonefire 59SouthHall 53Durant 129location 136location 92location 99location 112location 51HearstGymnasium 40Oaktown 1FoundersRock
24
9SatherGate 6DoeLibrary 9SatherGate 50Bridge 126location 135location 156location 186location
7SatherTower 7SatherTower 8Esplanade 144location 195location
10Bridge 10Bridge 105location
1FoundersRock 46DoeLibrary 49SatherGate 85location 115location 130location 145location 160location 175location
47SatherTower 47SatherTower
48Esplanade 48Esplanade
84location 84location
19SouthHall 90location
95location 95location
96location 96location
100location 100location
102location 102location
21Unit1 108location 114location 132location 138location 150location 162location 165location 174location 200location
110location 110location
120location 120location
41FoundersRock 125location 170location
140location 140location
155location 155location
168location 168location
180location 180location
30Stonefire 185location
190location 190location
192location 192location
198location 198location
