s l30 h127 h176 l47 h180 l57 h115 l16 l80 l9 l40 h119 l15 h106 l42 h181 l1 l26 l71 l65 l37 h144 h156 h114 l76 h127 h120 h194 l54 h116 h184 l53 l72 h104 l36 l98 l70 l52 h195 l57 l11 h139 h115 l1 h115 l40 l51 l26 l21 h124 l7 l13 h136 h137 l78 l79 h194 l22 h194 l86 h199 l52 h176 h102 h174 l35 l74 l80 l57 s
40
l74 h100
l21 h101 h122 h135
h176 h102 h168 h174 h176
l53 h103 h130 h170
h104 h104 h195
l47 h105
l9 h106 h158
h124 h107 h124 h133 h151
h180 h108 h110 h178 h180
l98 h109 h150
l26 h111 h132 h192
l65 h112 h160 h183
l86 h113 h191
l1 h114 h152
l57 h115 h157 h182
h116 h116 h134 h196
l52 h117 h118 h162 h185
h119 h119 h155 h159 h161
h156 h120 h156 h164 h186
l79 h121 h154
l78 h123 h163 h171
h139 h125 h139 h146
l71 h126 h142 h169
h127 h127 h128
s h129 h167
h144 h131 h140 h143 h144
h136 h136 h149
h137 h137 h189 h197
h194 h138 h175 h179 h194
h181 h141 h172 h177 h181
l70 h145
l7 h147 h188
l42 h148 h165
l51 h153
l22 h166
l13 h173
h184 h184 h190
l80 h187
h199 h193 h199
l15 h198
