node87 node93 node52 node48 node59 node50 node63 node21 node68 node24 node98 node46 node75 node25 node20 node40 node43 node41 node86 node88 node78 node93 node52 node79 node85 node9 node78 node53 node51 node9 node65 node69 node63 node26 node98 node75 node88 node92 node83 node36 node87
19
node98 node29 node39 node92
node83 node83
node21 node14 node27 node69
node93 node64 node93
node87 node11
node36 node23 node94 node15
node48 node55 node48
node53 node35 node76 node54 node53 node17 node74 node45 node97
node20 node47
node9 node2 node57
node68 node59
node88 node8 node95 node99 node37 node88
node52 node79
node86 node86 node6 node19
node25 node12 node25 node72
node78 node5 node38 node1
node41 node56
node75 node75 node85 node31 node60
node24 node42
