node139 node198 node141 node153 node135 node37 node62 node103 node196 node191 node36 node107 node74 node186 node107 node189 node48 node38 node190 node191 node1 node40 node188 node113 node29 node135 node167 node102 node192 node88 node140 node158 node47 node53 node104 node18 node104 node113 node29 node186 node193 node141 node150 node94 node58 node141 node79 node178 node187 node6 node152 node38 node139
18
node191 node195 node114 node158 node3 node163 node10 node191 node159 node48 node167 node59 node180
node139 node60 node181 node24 node92 node152 node19 node154 node61 node12 node102 node157 node160 node56
node47 node8 node37 node47 node200 node16 node72
node62 node178 node129 node109 node162 node55
node40 node125 node5 node123 node22 node26 node143 node52 node73
node186 node119 node53 node80 node98 node186
node88 node184 node117
node192 node192 node17 node124 node81 node108 node27 node96 node54
node107 node107 node33 node146 node1 node51 node57 node116
node18 node50 node30 node42 node165 node85 node18 node173
node196 node185 node86 node65 node66 node111 node41
node38 node100 node38 node94
node135 node20 node112 node130 node84
node79 node49 node126 node97 node71
node190 node134 node190 node169
node104 node182 node149
node188 node188
node141 node141
