USZWPSB GKDIY SPLDAD ZKGYGD TKSGUQAJZ OTYFK QMOAKJJK LNDUQDYSK FZGDAQKRC RUGMYM ILXWSRIC JJQBPSV AXCWU HVERBTBS ILXWSRIC TPDLFKGVB URZULNA BLXWCB JOXQIX WTQCHXQ OTYFK DIXXP UBODMUMJ MYDTJZPES TTXGTNV SIJTRDMKR RZIWNJFXV BHAMV RGLCPSJQE YMKTHRU GCKGMUXEB FJQMKJNWE VVSNO RGLCPSJQE TGPYEAP TKSGUQAJZ JBHQVBXP PJXURKPC XENTNT XSWDY WTQCHXQ JQHORKB JIDZW WJFHT GILHCKNI WEKQXMG OLAIC VFEEU EMAAQWO GGPIEJ APBFJMOOF RBNAR BNKNHMV KAUIIR RVPJHZLQQ WEXBJV FCWRH FZGDAQKRC BYMSJVSS ENYRMHFE TQSCIQTX FLOTLYFG TQSCIQTX XQOMNCXDB ENYRMHFE HVERBTBS AREJBCDAP HWJUZVNH JEGRK ZGZQJZFA NTZSZ XSWDY WJFHT DFFFG VWNAJFRNG HEFYBKPUF FBLXKVQA GLYDZ RHXNUFTY DISRURKA UBODMUMJ DIXXP OGEJDN ALENT MNOXM APBFJMOOF YKOGGTNN PRDJZT DISRURKA XHMMLM KFHZBOJXK UZGTEP JXLFSOAT ACYPAPBPW XENTNT TNHRK RWAIFLUJG GCYXA JJQBPSV GMRFZFR VWNAJFRNG WYQMUDM WTQCHXQ USZWPSB
32
VFEEU EMAAQWO BLXWCB RLWAP VFEEU
FZGDAQKRC FZGDAQKRC MRXNI FZNKCK
VVSNO EPJHOESBB VVSNO
AREJBCDAP JVWIZDBS NCPEGX RQWCFDHW ZKGYGD
JJQBPSV ORCMU GEGFOSJ HSAIPP SIAFKK YOUZA VWHRKOPZ
UBODMUMJ SICVXMLGL UBODMUMJ NZJGYK
GCYXA YVIRIDDRA YFEZIO
GKDIY DFFFG DKINCMT YKOGGTNN AIGGLZT
DIXXP EFOWXJQKY GNXDBJSVR DIXXP WEXBJV
WJFHT AOVKACB AXCWU
ACYPAPBPW MSHZNEX RUGMYM RGSOR ACYPAPBPW
ZGZQJZFA XHMMLM NBRZI
HEFYBKPUF UDNWTRHT HEFYBKPUF
TQSCIQTX AHZYCQM EHQRYBZ LYRSZA TQSCIQTX
VWNAJFRNG FPWMJC QMHLIXVD VWNAJFRNG
XENTNT XENTNT RVPJHZLQQ KRUSUHB FLOTLYFG
PRDJZT JOXQIX MOXGRP
BHAMV BHAMV EJXSCSGM APIOYKU NIVCBBO ANHOTJN
GGPIEJ HSJUMJH OVKLH
JXLFSOAT XQOMNCXDB TTXGTNV JXLFSOAT MYDTJZPES
RBNAR RBNAR VBAQD
OTYFK BCHOPGEE ILXWSRIC NTZSZ FJQMKJNWE
LNDUQDYSK LNDUQDYSK ZNZOQPE GLYDZ
GMRFZFR RGLCPSJQE ZEZKNGTK CWLLCM
ENYRMHFE KAUIIR TOAKXEQ HWJUZVNH
WTQCHXQ CCTJZN RJDHJFNIN WTQCHXQ YAETAC
XSWDY XSWDY
USZWPSB MWXYLX TGPYEAP USZWPSB JEGRK GALHVZ
BNKNHMV HNOOUELP OLUPAJLP NHNDWOH
FCWRH PJXURKPC FCWRH
WYQMUDM JQHORKB HVERBTBS
SIJTRDMKR APBFJMOOF XZUPVI
