73 74 6 148 174 79 37 122 52 45 95 113 154 26 32 90 36 112 32 178 106 28 195 109 19 44 114 86 95 127 144 124 161 53 2 6 167 122 118 25 131 138 172 46 183 165 39 178 163 48 129 148 6 148 16 28 40 163 74 71 48 28 99 145 17 47 74 98 176 125 36 125 126 4 11 176 158 104 59 65 120 113 194 171 91 92 76 113 131 28 195 188 126 101 108 91 22 28 194 98 123 54 78 73
52
124 191 169 124 10
11 11 110 61
163 163 89 26 196
145 145
113 58 197
127 27 127
46 195 35 77 155 107
54 189 66 175 68 162
101 101
99 99
79 166 57
16 16 138
98 82 98 70
47 186 187 81 47
74 12
112 112 62 171
148 96 192
39 39
92 60 0 92
183 153 83 183
174 129
2 2
122 122
6 6 7
73 73 173
176 176
178 52
17 168 42 115
161 184 128 161 55
106 135
59 75 41 185
109 109
194 15 194 53
125 125
76 76
37 37 143
123 136 49 123
167 190 167
126 21
131 133 72
95 95
19 19
71 71
114 159
25 24
154 154
78 63
40 40
48 48
118 118
86 119
44 44
