132 151 62 2 127 97 25 187 40 52 143 64 126 95 164 49 44 186 160 112 50 175 185 29 95 89 94 131 108 19 92 51 195 161 142 159 48 109 35 25 59 76 112 120 182 32 21 32 113 107 97 96 175 4 131 189 14 195 75 105 67 68 51 106 153 99 127 156 60 47 149 168 8 74 19 13 162 172 11 40 66 4 167 104 35 137 179 34 17 49 54 59 143 39 84 86 164 30 69 101 30 192 132
59
167 171 167 183
60 60 56
62 64 62
195 195
66 46 66
84 80 82
162 162 192
96 96 104 102
4 3 5 6
120 122 126
175 184 154
47 47 45
68 68
86 86 88 90
189 189
186 138 146
168 196 194 181 198
106 100 106
25 25 26
74 72 78
159 159 152
44 38 44
29 28 27
35 33 35
153 155
161 161
95 95 91
149 188 136 149
8 8 9
59 61
92 98 92
160 160
164 133
75 81 77 75
151 193 197 135
109 109
113 113
89 85 87
11 177
39 39 41
137 137
40 40 36
143 156
32 31
101 101
13 13 180
182 166 182
112 118
142 142
99 97
179 173
76 76
105 105
17 17
185 185
14 148
2 2
108 108
132 176
