Building65 Building66 Building67 Building63 Building62 Building63 Building67 Building63 Building60 Building61 Building58 Building60 Building58 Building57 Building60 Building58 Building60 Building63 Building67 Building6 Building2 Building32 Building19 Building32 Building2 Building14 Building12 Building83 Building12 Building88 Building91 Building85 Building87 Building91 Building85 Building91 Building87 Building88 Building85 Building88 Building87 Building90 Building87 Building91 Building90 Building85 Building91 Building87 Building91 Building88 Building91 Building90 Building91 Building90 Building85 Building90 Building89 Building90 Building91 Building90 Building89 Building90 Building88 Building91 Building87 Building91 Building88 Building86 Building88 Building90 Building91 Building90 Building87 Building91 Building90 Building88 Building86 Building88 Building91 Building88 Building12 Building74 Building12 Building14 Building6 Building14 Building99 Building18 Building13 Building83 Building22 Building24 Building18 Building20 Building7 Building8 Building1 Building8 Building7 Building24 Building17 Building24 Building7 Building44 Building66 Building65
20
Building18 Building27 Building20 Building30
Building90 Building84
Building44 Building42 Building44 Building35 Building33 Building36 Building41 Building37 Building45 Building46
Building67 Building96 Building71 Building94 Building82 Building76 Building80 Building79 Building92 Building97 Building73 Building81
Building66 Building64 Building99
Building24 Building24 Building31 Building25
Building63 Building59
Building88 Building88
Building58 Building58
Building22 Building54 Building55 Building22 Building51
Building14 Building15 Building10
Building13 Building16 Building13 Building11
Building7 Building4 Building3
Building8 Building8
Building61 Building61
Building83 Building83
Building32 Building32
Building91 Building91
Building57 Building57
Building1 Building1
