Milton Ankaran Quime Hayden Winnsboro Esik Waldwick Stawell Speedway Monee Ipatinga Abadan Chicopee Zahedan Barabinsk Ihosy Koboko Opelousas Piran Barabinsk Pyongyang Westmont Stockport Mold Piran Jeonju Brikama Nasir Opelousas Barddhaman Westmont Balyqshy Bangassou Managua Somers Ancud Bifoum Chengde Iturama Kanal Krasnoufimsk Ipatinga Moanda Hengshui Shuangyashan Yambol Kardzhali Ashtabula Totness Moanda Managua Quime Tula Ancud Jacmel Obihiro Thinadhoo Chengde Makinsk Yambol Lodja Rumuruti Somers Gaborone Esmeraldas Toktogul Chicopee Georgetown Nusaybin Pasadena Bifoum Chengde Blida Palmyra Riverdale Misratah Kitamilo Swissvale Carpinteria Stockport Kimba Sofia Joliet Karur Samux Devine Mangalore Kanoya Mold Heidelberg Chengde Georgetown Riverdale Sari Keene Stockport Mold Rotorua Kirsanov Abadan Winona Nusaybin Milton
53
Kirsanov Kasaali
Pyongyang Wallington
Lodja Lodja Totness Berkley Tabuk
Georgetown Skiatook Madrid Aizawl
Koboko Martin Salsk Koboko Multan
Riverdale Luga Carnikava
Winona Winona Crawfordsville
Esik Esik Moorhead
Winnsboro Tunapuna Tallaght Kelang
Managua Dunhuang Cooma Managua Makinsk
Speedway Littlestown Chancay
Sofia Marsaskala Zicheng Sofia
Chengde Burylbaytal
Somers Kanoya
Barabinsk Siquijor Barabinsk
Rumuruti Nguigmi Rumuruti
Sari Sari
Jacmel Zadar
Nusaybin Nusaybin
Piran Piran Clawson Scottsdale
Quime Quime
Stawell Boosaaso
Samux Elburn Samux Cairo Socorro Chicago
Chicopee Harahan Chicopee Tabriz
Hengshui Hengshui
Hayden Hayden
Barddhaman Cochrane Bonao Barddhaman Helotes
Opelousas Plainfield
Ipatinga Ipatinga
Toktogul Toktogul Zumpango
Devine Devine Campana
Yambol Arras Dalby
Ashtabula Ashtabula Trang
Iturama Zvezdnyy
Ihosy Ihosy
Kimba Shu Kimba
Kardzhali Jerusalem Heath
Jeonju Jeonju
Ancud Agago Bam
Pasadena Kirovohrad Shamva Pasadena
Milton Kiruna Milton
Heidelberg Yevlax
Karur Karur San Pakalongan
Keene Keene
Joliet Joliet
Zahedan Morondava
Moanda Kerma Moanda
Ankaran Eydhafushi Plast
Krasnoufimsk Jambi
Kitamilo Kitamilo
Esmeraldas Esmeraldas Mauldin
Obihiro Jizan
Thinadhoo Pleasantville
