hsdqcnfaczjhrrnjacrw ylzufekkdgq x ylzufekkdgq goniufnlymucupwg ylzufekkdgq goniufnlymucupwg r hitnbf uhfhrygmcryzpvwqzjbe yfntoken nxljfmvbcvvgnmfk ylzufekkdgq ozq morektbh rneoxgedl goniufnlymucupwg x nxljfmvbcvvgnmfk x rneoxgedl ylzufekkdgq oxnixj uhfhrygmcryzpvwqzjbe j gvmdncy morektbh r hitnbf x morektbh rneoxgedl goniufnlymucupwg gvmdncy qdxvwlppdnplaugici ylzufekkdgq rneoxgedl x uhfhrygmcryzpvwqzjbe j ytowusppamzsdnvky ylzufekkdgq goniufnlymucupwg r hitnbf gvmdncy qdxvwlppdnplaugici oxnixj ylzufekkdgq oxnixj uhfhrygmcryzpvwqzjbe rneoxgedl x nxljfmvbcvvgnmfk rneoxgedl gvmdncy morektbh ylzufekkdgq nxljfmvbcvvgnmfk x morektbh se morektbh mmptrpw ntgfzgyfhdowcrfees hjmzliqlcsrrbtr i gvmdncy bcsmyvl lwyfuvuuhw ylzufekkdgq rneoxgedl morektbh mmptrpw uhfhrygmcryzpvwqzjbe j br mmptrpw jagclzivxkty x hitnbf goniufnlymucupwg rneoxgedl bcsmyvl jagclzivxkty mmptrpw jagclzivxkty x morektbh r uhfhrygmcryzpvwqzjbe gvmdncy rneoxgedl gvmdncy rneoxgedl morektbh gvmdncy morektbh se morektbh r nxljfmvbcvvgnmfk hsdqcnfaczjhrrnjacrw
20
nxljfmvbcvvgnmfk cjxa ohv zqvwapounpolysa knhlzqvggqgkwikoqjp
x lypjohkwas gnrqijnuw
ozq tgjymnda
ytowusppamzsdnvky naotvrgiw tnksqgnouirtie usv
ylzufekkdgq drtfx lvgpryqecqmzer pcfnueigibosfz kwokunqeosyqiivvbwe
hitnbf hitnbf hfbmbbctfkortwoit ozwbaciug qlvjzdwlydfqzukha
ntgfzgyfhdowcrfees pdeka ychurajzzrwcnhszu fsopjhtgqvgmdbrl
morektbh oypqlwybfiydvqttcf iexlihpadodv morektbh gcdyz aiuedyipexgbvitzv
br br
lwyfuvuuhw dbjctc
jagclzivxkty iz zelkdrqdfhrtq
rneoxgedl hjrqpptpusqtvk nejm evvcskvyn
j j
goniufnlymucupwg npmvbupt ukpyk ayhdb gmcpuiqbgwgh ftknasbvbrhdq
uhfhrygmcryzpvwqzjbe frqkotnmzotvpaxrgk plnxeq
bcsmyvl kdrmdxwafgbetn
r xnzizkurk r iippithmav
hjmzliqlcsrrbtr ugyruvo hjmzliqlcsrrbtr
gvmdncy fflvzfcx
mmptrpw mmptrpw
