mqncr meyde mpjyf zgmpf ybtvs xxkqq weuhz mwoev nppux fblut yuyka qotnp fblut xxkqq catsi qotnp macxu xphcw yuyka mlqbj sbnmi fblut meyde ypkmm qxsoe hgwal yuyka bdfls rqczv jwmjp weuhz dkdci rqczv roimn uvlln dsbhm zgmpf maarr awxwe weuhz uooez weuhz odwou wwphq meyde dabkf eludu fblut onvnv olqki gkosc ypkmm sxqhs meyde iupow gpwkr fvoqg gkosc dxllq dtvfs mpjyf sbnmi uojlu sxqhs nppux eakbg fblut onvnv nppux sxqhs uojlu fblut meyde mbqyg ilbfw sxqhs zgmpf maarr ajzuo mfxrm yuyka roimn fblut onvnv iggzg maarr ajzuo dsfpg jxcvu yuyka jpmud onvnv catsi qotnp sxqhs zgmpf weuhz zgmpf yuuqu mfxrm btqda qxsoe mqncr
28
roimn mlqbj ilbfw qcfox mxihv fjrpj btqda axdtz mpjyf yuvek pnmkd diapc
nppux nppux
gpwkr mjgiw gpwkr gsdqj
meyde innfa qfcxo cakfa jjlwh qrmyp sbnmi mwoev pvzeb dsfpg mbqyg
maarr iggzg ygust
dabkf kqysx drrap igpmu eqddq bwinl jwmjp byjai yuuqu
eakbg lukkm tyjab jvfig qpjoh jemlu kwvgs hrhzb
ybtvs ylsow ssyjd
sxqhs ywyyb eustb sxqhs
uooez drlqp uooez
fblut qwmew zcixl fblut tcqqe
bdfls jkkgv
macxu anscp edxoe mqreu cfspg iigud macxu ibnyw
xphcw rtshe fnipk piswp xphcw mzwec
uojlu derxh bymoa
ypkmm lfdet ypkmm tcxbn mnymy
dsbhm dsbhm vnnvv gkosc mrnva awsuk tctxs
ajzuo aoxfw ayayj gztsf
wwphq irkbu lhsag cegzm wwphq rnrth
xxkqq peobk hribg jxcvu
awxwe kdtrw
dxllq dxllq
weuhz sfgmu xftof
dkdci dkdci
eludu eludu
qotnp eakkr qotnp vzoqh
qxsoe qxsoe
zgmpf qkftw
