0 111 26 91 53 124 20 124 135 28 84 23 175 146 21 125 114 49 110 18 114 105 123 149 43 119 179 136 112 172 129 61 89 44 1 99 13 146 81 178 168 124 84 126 177 161 121 189 97 154 147 150 17 52 18 95 39 61 111 179 90 80 6 93 38 162 42 22 49 29 85 67 21 146 62 153 88 153 195 111 16 46 113 112 110 15 89 41 195 36 124 108 91 27 41 183 69 0
46
26 26
0 0
27 27
99 3 50
42 42 76
53 14 53 63
20 20 30 16
150 77 60
17 54 66 17
124 19 55
21 21 34 24
43 43
113 7 9
44 70 44
110 74 67 35
13 13
29 29
22 73 22
15 8 51 15
41 46 72 41
69 65 10 69
108 4
38 31 38
39 39
195 75 47
1 1
36 37 36
146 5
154 57
147 56
81 48 28
162 68
49 49 2
23 25 23
84 64
62 62 78
175 32
52 52
153 11
89 59 45
189 12
93 58
61 61
18 18
126 33 71
6 6
