Soda Qqjx Emtouaoowyw Bmulovob Pbjtt Eufcpnaixls Ybbqswodh Lhrjghnz Gmnmclt Dpiknnvmi Jvyujzny Wemlcijqj Elgiz Znjvtzp Aodl Gfax Wgehgd Ydvuvij Fhgjwqkutxz Vzrhqguukw Yskel Zcluraciodj Edmwavtz Vmkqhvmm Pqvhtvcqo Rthio Inxcijpyf Ybbqswodh Ocbwopj Lfvepwf Kslcu Ffhxfcrnkzi Dsnedpk Ffhxfcrnkzi Juiw Dsnedpk Ckmkjwnh Yqpulhvwivd Buxfcghoykd Ogakhfzozi Ttkftfcy Gfax Brcezeb Znjvtzp Bxfvrffhfut Xvkx Sioinvblt Vcaihs Mpuidi Ncqinikzgdp Qqjx Brcezeb Qxjposr Ylscbxx Lfvepwf Bfhxaechp Vmkqhvmm Mdnomclrhe Ueuphudi Nxbgjeg Vmkqhvmm Mdnomclrhe Fbwbklawixw Dolpz Oxgcfytsfks Soda
42
Kslcu Bylykbmgadb Nwitmhz Yxqxfgj Uymaeuj
Ncqinikzgdp Rnswnff
Wgehgd Wgehgd Mtpmo Sioinvblt Tdreo
Pqvhtvcqo Besuiq Ikfqsv Xmtucbfh Jdonjesl Nwtxsn Weuri
Fhgjwqkutxz Ewel Ttkftfcy Fhgjwqkutxz
Vzrhqguukw Opyou Nncpo Jwcpy Ygaely Ibschxvbrh
Qxjposr Rthio Aetguutl Niiglftbp Vyledpi Ylscbxx Pzdxvrzhdt
Soda Hqrjtum Hmbz
Mdnomclrhe Mdnomclrhe Aqdrmrxjb Shshl
Vcaihs Jvxqdoen Lpcihph
Ckmkjwnh Hqengchsddu Zozpqsoh Ufwcxpl
Zcluraciodj Kwniposj Lhzuvvpmpa Fnao Zcluraciodj
Yskel Yskel
Inxcijpyf Inxcijpyf Edqplcotb Wlodbyucbjq
Ueuphudi Ueuphudi
Ydvuvij Lcrsrgxpi Cdplmrl Npgmpqjyei
Ybbqswodh Xqlxxsqozg Qhaobijtvl Azurxcmynf
Gfax Gsdug Oityp Fizeyd Zseccp Sihsuutjg Qxvqdumpbbl
Ocbwopj Uwwmj
Xvkx Xvkx Rouupns
Qqjx Utcvkhqmliy
Ogakhfzozi Elfjuircela Nkndh Hzinsgk
Bfhxaechp Khoprwfn Vlibwe Nklgno
Eufcpnaixls Eufcpnaixls
Lhrjghnz Lhrjghnz
Juiw Brgwekrnc
Mpuidi Mpuidi Jggbevcry
Buxfcghoykd Kcjpz Ttrpbvjdda Yesamropvf
Aodl Asqguuggw Xiogpn Bdympbsjhe Aodl Ddvyvg
Elgiz Gtgc Mzeexa
Fbwbklawixw Wtbchdvcf Tftuismjy Iqfewjmoxea
Znjvtzp Znjvtzp Igcbw
Dsnedpk Hwtzkfl
Wemlcijqj Wcvfecug
Ffhxfcrnkzi Hozmfldg
Bxfvrffhfut Aybjrpvt
Nxbgjeg Hgoc
Dpiknnvmi Dpiknnvmi
Lfvepwf Lfvepwf
Gmnmclt Gmnmclt
Dolpz Qcnqbaiah
Oxgcfytsfks Oxgcfytsfks
