m6 a5 c8 c4 b2 g0 b5 e8 h7 g5 z9 c6 v8 c9 a0 a5 h7 f3 f2 c1 j6 d6 b9 m0 a6 q9 x9 a9 m4 h4 f3 z4 c4 d2 c3 l5 c4 f4 l2 b0 q8 j4 n0 k5 n1 f7 b3 z4 z2 b6 k9 l2 d7 z0 z6 a6 j8 c7 e1 c1 x4 x5 f1 l3 e4 d8 n2 c3 d0 a2 v9 k6 r9 d7 e6 a8 d9 j2 x3 a4 a2 f9 n7 a1 j6 h3 w4 l3 a3 g7 k0 v8 x7 h9 z3 f3 y1 f8 g8 x7 z6 f9 m6
55
v8 a0
a1 a1
a5 a5 d4 f5 j1 l5
a6 a6 y0
a8 a8
a9 a9
b0 b0 z8 w1
y1 b3 k8
x5 b8 x5
b9 b9 j9 w3
j6 c0 g9
a3 c2
c3 c3
v9 c5 x9
c9 c9 l4
d6 d0
z2 d3
b5 d5 e3
e1 e1 j3
f2 e2 g2 m4
e6 e6 x1
k9 e9 k9
f1 f1
f4 f4
j8 f6 j8 w2
r9 f7 q6
g0 g0
x4 g6 q1 q7
z6 g8
a4 h1 r3
h4 h4
h7 h7 k0 z3 l7 q4
w4 h8
h9 h9
z4 j0 l8
j2 j2 l6
j4 j4 w9
n2 j5 k4 n2 w8
n7 k2 v0 n7
m6 k7 m6
z9 z9 v4
x7 x7
m0 v1 n6
d7 v6
c7 n3 r2
d8 n5 l0
b2 n8 q0
k5 m8
l2 l2
e8 q3
q8 q8
n0 r1
d2 r4
a2 r7
n1 r8
