0 102 93 12 66 129 80 116 9 120 68 52 65 34 13 90 157 20 195 87 198 135 67 103 60 19 136 171 136 171 7 167 122 133 156 133 179 36 192 58 175 114 161 55 67 70 1 38 199 177 140 71 68 96 72 76 183 151 95 83 195 30 54 85 95 130 26 63 178 54 199 195 24 179 140 121 60 0
19
58 33 46 77 65 58 62 47 42
72 4 69 44 25 72 45 50 30 64 73 26 91 90
1 98 70 94 84 87 1
38 85 56 53 80 38 48 97 71
136 11 43 61 93 15 9 23 28
60 2 81 37 49 60
20 35 51 8 20
83 59 92 83 14 88 96 24 95
177 6 74 16 67
52 68 52
0 3 10 13 0 18 66 79
161 39 29 63 57 86
195 76
157 27 41 40 19 31 12 54
140 5 36 34 99
151 22 75
120 32
156 82 21 89
55 17 7 55 78
