144 89 45 188 137 134 52 132 35 75 91 17 13 39 155 84 180 104 155 10 115 99 72 53 133 80 108 169 41 123 85 126 108 12 84 30 94 119 68 163 116 31 167 126 118 133 167 144
23
123 3 66 122
99 7 51 93 95 99 119 128 187
75 8 39 62 75 79 152 188
144 11 19 28 47 158
115 13 110
30 14
17 16
133 18 49 120 127 133 141
126 21 78 126
108 24 43 108
134 42 76 87 131
132 44 88 112 114 132
12 53
72 64 136
137 67 157 170
41 70 142 159 183
167 74 124 147
116 83 174
169 90 107 169
10 92
118 104 130 156
35 106
155 165
