0 60 57 108 57 73 57 112 188 62 13 79 141 95 65 95 168 80 168 116 38 116 192 129 92 55 144 55 57 60 57 60 133 115 181 68 181 115 181 191 179 133 126 172 126 133 149 133 169 86 190 158 17 18 106 191 179 146 3 170 3 146 186 67 186 146 179 81 179 191 181 191 139 165 175 192 175 96 88 102 121 143 90 95 168 169 141 65 104 147 106 147 32 28 16 122 16 131 160 36 41 18 41 157 45 183 45 43 45 157 124 183 124 183 125 38 182 12 69 32 28 195 125 169 21 73 21 73 182 35 171 74 132 145 100 145 136 145 50 39 114 1 195 125 195 1 15 167 100 51 59 51 100 51 59 92 55 0
51
3 99 82 3 123
96 105 46 90 143 197 11
186 150 186 97 89
191 85 49
165 139 19
141 141
21 21 77 56
81 64 148 107 101 29
45 45
16 108 16
167 14 71 189 167 166
132 132 74
50 50
41 41
0 13 137 198
57 138 57
69 12 161 83 69 142 72
112 188 2 112 164
170 170
1 1 103
43 119 43
129 129
39 39
175 175
169 169 66
67 27 67
124 124 26
131 160
149 20 176 10
59 152 59
35 35 185
157 157
100 100
55 55
195 195
147 23 147
116 24 52
172 172
181 68
125 125
32 9
92 94 92
73 73
106 196 106
38 38
95 95
182 182
51 51
86 86
104 104
102 102
