ffffff yyyy ttttt i nnnnnnnn mm s tttt wwwwww iiiiiiii jjjjj ddddddd hh kkkk kkkkkkkk ff aaaaa kkkkkkkk gggg fffffff uuuuuu mmmm nn jj n cccccc gggggg ppppppp rrrrrrr uuu eeeeeeee ddddd zzzzzz nnnnnn jjjj qqqq ddddddd cccc rrrrr qqq e aaaa iii sssssss bbb sssssss yyyy hhhhhh zzzz bbb jjjj lllll qqqqqq ooooooo g fff ttt ff hh wwwwww qqqqqqq kkkk ttttttt bbbbbb www iiii ppppppp yyyyyy dddddd rr hhhh vvv vv hh nnnnnnnn eeeee g kkk eeeeeeee cccccccc z q qqqq kkkkk qqqqqq s ffffffff iii bbbb nn jjj aaaa tt www nn ttttt uuuuuu rrrrrrrr yyyy ssssss eeee ssss ffffff
34
jj ffffff uuu nnn uu tt mmmm
iiiiiiii iiiiiiii aaaaaa
g pppppppp e aa
uuuuuu b uuuuuu llllll
cccccccc x kkkk
hh ppppp ssss
sssssss mmmmmmmm xxxxxxx bbbbbbbb sssssss qqq
ddddd ttttttt j cccc d rrrrr bbbbbbb dd fffff sssss nnnnnn
bbb xxxx ccccccc wwww oooooooo rr rrrrrr
eeee mm ffff eeee jjjjjj
nn o
jjjjj k iiiiiii vvvvvv vvvvv lllllll
qqqqqqq xxxxx ggggg
jjj jjj cc pppp gggg
ff zzz ttttt ssssss
q q gggggggg zzzzz hhhhhhh
kkkkk eeeeeee
eeeeeeee yy aaaaaaaa kkkkkk sss
aaaa ll aaaa xxx uuuuuuu ii
tttt tttt
gggggg bbbbbb aaa ggggggg qqqqqq
ppppppp eeeeee
vvv wwwww llllllll ooooo vvv
wwwwww ee wwwwww
eeeee a kkkkkkkk jjjj tttttt eeeee dddd
rrrrrrr lll hhhh
s s
iii qq
www oooooo
qqqq yyyyyyy
ffffffff ffffffff
nnnnnnnn hhh
hhhhhh m
ddddddd cccccc
