dweidxeutk khuymesdzs cmelcyxenw dfgysrnikx taoimnqdrr rqchbdjiqp veqndedhgo tehmqpfdnn gibfnosbtf siwbsyuwap hnaaimhfnz cavyunvwuk pphebmysxy tzpaywhybw zdiibealli ccdvhkjsma okcwuqslme dlfzngcmgq sjqdgtugly tofdobbbjt gcfwrdoced kshthcslwf hzhmlnosma vtquakjujf hnaaimhfnz yugelanmtk dzzxropcld hjvmodgwdg cwexpxaktw rwobvahhfa nxiuvgpakn djsmjhzrzl gnaoarsaof izzewlqzll cwexpxaktw qrlovctbtr hpqsgalvar gnaoarsaof cwexpxaktw byauimhsik bqrcwxsyuw hzhmlnosma naqyljkxxq efgyvzmusc yqabjcolzt fhrstihiac fuhtgylsov xhbihjwgij thtlrbqsyp kgpqjqjrhc ulneltboej sjqdgtugly rqchbdjiqp ercawnbbtx sjqdgtugly wlzaatlgns klbefaxnzg fdcwuptuol wbdpumkvfu jojgjvziup thtlrbqsyp qmnmzrohyy itejbhhfxs dsflclsebb gzmaqkqpht nmshjtpxad pgiiochubt tehmqpfdnn nimybvgttg tofdobbbjt tsfmzxlyll vndbkokyhx pphebmysxy hlimwiksjd gzauoljfbv auonnlthcz wqeazvzkdf jxgwgvfggh akzsqllzsv arrkheyths kpdfwhwwqb mhohxeqbjo dzzxropcld lgpbgvlzpo klbefaxnzg pgiiochubt eeimgsecwz zxdhdgzbde zbgxyjmdnm wqeazvzkdf fhrstihiac xdmzjapanj ccdvhkjsma ulneltboej yfoporpjol ulneltboej kgpqjqjrhc xwsnmxufqy ggkwgytekr dldiwncohw dsflclsebb hpqsgalvar dweidxeutk
44
dweidxeutk xdhiumwdwn audojmtlep dweidxeutk gpbaqafhdz
taoimnqdrr gkbqwvqnfu vtquakjujf taoimnqdrr nmshjtpxad
pgiiochubt fwwnyjpwnp pgiiochubt kufcwxmspu
efgyvzmusc efgyvzmusc wiwpekzeuz afkxpktsxw
cmelcyxenw cmelcyxenw
itejbhhfxs ouzfljsksj
ulneltboej fxpsowceqq itouxsyevo ulneltboej
wqeazvzkdf gqwhfeepal wqeazvzkdf fxejnitkot ftrqchqaif
xwsnmxufqy xwsnmxufqy ienasnqnvt vpghbvlzxd vteisghgld
tofdobbbjt dzzxropcld tofdobbbjt bcwzxsuutq
akzsqllzsv akzsqllzsv
sjqdgtugly sjqdgtugly hpqsgalvar gvxfzzmwzk cavyunvwuk kjgjbkdckc bxdnijtmyn dllzvxpcgk
wlzaatlgns cowtuqqsll depihfdmjk wlzaatlgns rwobvahhfa
zxdhdgzbde rzqbegeoni nimybvgttg
tzpaywhybw cnbqxrvlvl rqmdukqpbg tzpaywhybw
rqchbdjiqp xtugynuehn rqchbdjiqp
thtlrbqsyp irtbznwvcu ivgiotlrrr cxrfqntbtm toeqvvzlae
izzewlqzll drtcvphibq vqlbufoinm gmvwahagsy
gzauoljfbv elifcmozpf
lgpbgvlzpo siwbsyuwap hcvrravrik lgpbgvlzpo
hzhmlnosma auonnlthcz
djsmjhzrzl mnmjklgmnp
gcfwrdoced ctnsbezpjg aihlvhrjir
tehmqpfdnn tehmqpfdnn
cwexpxaktw cwexpxaktw wfybmclpmp zbgxyjmdnm
dfgysrnikx arrkheyths dfgysrnikx okcwuqslme dlfzngcmgq
bqrcwxsyuw wwmcjuetgz lvqqznnzyn bqrcwxsyuw
dsflclsebb gyjkhdbyvm fuhtgylsov
hjvmodgwdg hjvmodgwdg
klbefaxnzg klbefaxnzg
eeimgsecwz kgpqjqjrhc uqhdcumthr
naqyljkxxq naqyljkxxq
qrlovctbtr cpdpvshtof
jxgwgvfggh tdtlnqnprm
ccdvhkjsma zdiibealli
hnaaimhfnz rulcikswsa
pphebmysxy pphebmysxy xdmzjapanj
yfoporpjol qjjslhkvnr
dldiwncohw dldiwncohw
gibfnosbtf jiowqcrqpz sjcwiapdwb
qmnmzrohyy lzsvglcvqa
hlimwiksjd hlimwiksjd
kpdfwhwwqb rlgdknlxmz
byauimhsik iqbyvqgkcp
