Chelmbourne Egcastle Rocktree Whitborough Staintree Stafthorne Stapwell Stafthorne Kingsley Burchester Kingsley Wenden Wyhead Prestbrook Penling Cookbrook Stafthorne Kingsbrook Barnham Waltwood Kingsley Wenden Stainfield Pemwood Kingssted Stapwold Stapmoor Burchester Shrivdon Burchester Stapmoor Kingssted Clerethorne Kingssted Clerethorne Barnham Prestey Wenborough Southtree Brainwell Dartsted Kingsbrook Sodside Pemwood Aldhall Egborne Alfcastle Cookbrook Stapthorne Clerethorne Dartsted Clerethorne Kingssted Stapwold Hornley Pemwold Dursted Barnsmith Dursted Stapwell Pembage Wetborne Stapwell Wenwang Stainhall Whitover Edgwich Leatherlake Edgwich Chelmbourne
20
Wenborough Sudwich Brainbridge Bursted Elgrove Wenborough Prestey Staflow Cleredon
Wenwang Sudworth Wenwang Edgchester Horncester Marlton
Stainfield Elside Pemwood Alfby Pemwold Leatherlow Whitavon
Clerethorne Barnside Stapthorne
Kingssted Enbage
Stafthorne Hornley Hurstworth Waltbrook Stapwell Enlow
Wetborne Shaftwich Casford
Stapmoor Stapmoor
Whitborough Whitborough Horndown Cookbridge Egcastle Rocktree
Kingsbrook Sodside Wenden
Edgwich Edgwich
Whitover Southmere Stainside Whitover Stainhall
Alfcastle Aldhall Bracklow Wyhead Cookton Prestdon Egborne
Kingsley Flitham Kingsley Shrivlow
Dursted Leatherlake
Dartsted Dartsted Shrivside
Barnham Barnham
Penling Hartbage
Burchester Durditch
Staintree Staintree Alfwell
