qtq gac krg qls blo art suz gfp suf dpo cnl jpq fbz xzf qjm lnv art uen yck qbh gpv lnv gfp plx tzg xsi utd plx lfh mmf tto kvz wuc rwt gkh qbj vaf wuc yiz yqu qof ayw gak krg xbo vaf krg eku tvt qbe tvy rju xzf unk wdf aah tmd otp pkx vaf udq ifc zdf viv idl ukh wiq hpb ifc xzk mbx osc blo gup qbj nhk kza wdf oto qjm orc ili jno mbx utd viv hgx dns plx pta rwt lnv fne hgx xdz ayw lbs art htv thd krg ase qnn qtq
32
oto pta wju fsl
qtq xdz qtq ifc
lbs hhe itg
htv htv eqm jta
osc xax ooi pwa
qof nhk hpb ptq gup pkx vlt lxt cxu zqn orc
ase ase
krg krg uoz
zdf pxs qbe dkn tmc mnv qfc udq
wuc jno wuc zgf uxr npu pjx cnv
kza kza
qnn qnn lah uca xos
gpv nkx
blo sfp uwp zgs rju thd ahy
qls cpw qlo qls spp
fbz vub bai fgo egz gak cjp
uen ynq
art idl bsz nfy iuz ooc brk
xzf zbn
tvy hxo ukh
lnv qjm lnv
viv tro hxp wiq nhr tmd slq viv
utd rut ili yiz tnl
vaf vaf
qbh rxi
rwt wuf wpq rwt ahv
gfp txk thz qbj
mbx mbx
plx plx
dns lfh
aah rod
ayw vsu
