FD FU CT CJ FT GQ FE EV CN BC CL BG AW GZ GL DV BW DI CX GC FA GR EO BQ HQ DV BS EB CO CT FT HM GR ED GZ AH BD HL FH GD CQ CC AY EH BP FL AK EE DU FQ GX EG AX AJ AW BG EJ GV HO AA GO CV ED DO DI CR GX FF ED CP FM AI HH FX BB BU GH FT CV EQ GO DH DG AJ DV DK GO FB EW BC FF FO AV BC AH GT BM BN CT AC FX HI DS AC FD
59
BU DB
GC GC HF
GT FJ
HM EZ FY FN
FO FO EK
GZ FR GZ
HH GK BO HH
CC CC GN
AV AV EM
AX AX DQ
CT CT
AK BZ AK
FF HC
GQ EL DC GQ BE FP
FT FT
BN BN AZ
FD DP CU AU AF
FA ET HP CI
FM FM CW
BQ BQ
DV BF
EQ GS AT
EG EG
DU DM DU
GO GO
EV HB HD
FQ FS AM
AI BK
GD FI ES GD CS
DO GP DF
FL FV DA DN ER CF EN
CL CL GA
GV DE
EJ EJ
HL BT CG
GR GR
AW AW
AJ AJ
CO CO
DK AD DK
BC BC DZ
DI DI
GX GX
EE EE
GH CA AG
EO EO
BD EY
CN BA CB
BM BM
DH DH
HQ EX
BG BG
EW EW
AC BV
FX HR
FU FU
FE CK
AA GF
HO HO
