Whitgrove Cookfield Rockbage Ketnell Shaftwick Falderseythorne Wycastle Marlbeck Egton Rothendcombe Chilmerdon Stafcombe Emmerley Bastlebury Toddingchester Botwick Skelberden Bothenton Dribberham Endlenell Bursted Ketchester Watchlake Staindledown Watchlake Skelberden Skellingover Egford Wolley Ellerbridge Staindledown Fullensborne Endlenell Wolley Watchlake Tippingbage Waltbeck Elside Ciringnell Stapby Waltcompbrook Botmermoor Bothenhall Basbage Marlbeck Rothendcombe Dartden Endleberey Pemton Tipstoke Wethampton Falderseythorne Southmere Rothead Egbeck Skellingover Candleswick Skelberden Redwich Blansbrook Casbrook Boothendhall Penddenchester Reddendeney Suddingover Hampingcastle Shaftborough Hampingcastle Wolley Milthorne Bromstanham Toddenmerbrough Hannersmith Tippingtree Stapbrough Tippingtree Stapbrook Candleswick Skelberden Watchlake Ketchester Stapby Tipstoke Chillingbridge Botbage Milthorne Ciborough Botbeck Ciborough Worberney Tippenbrook Worberney Bursmith Chelmdenmoor Botshot Wetsmith Nortwell Penddenchester Tipstoke Waltbasmere Tipstoke Bootwick Egwick Shaftmoor Bromrenslake Egford Abcester Waltbeck Hampingcastle Eley Skellingseybrough Eley Bromrenslake Enborough Leatherport Farndlesover Stafavon Worbrook Ketnell Basditch Bothenton Hampingbascombe Whitgrove
45
Abcester Sifield Abcester
Egton Melwood
Wethampton Wethampton Faldenhall
Tipstoke Tipstoke
Worbrook Worrenberwang
Waltbeck Cannerthorne Staincombe Waltbeck Sirenshall Wychchester Hampingbascombe
Hannersmith Reddendeney Worhall
Ketchester Ketchester Boothingmanstree
Marlbeck Enderbeck
Rothendcombe Abglewold Rothendcombe
Bastlebury Bastlebury Hamwold Emmerley
Ketnell Ketnell Cihead Staplow Siey Toddenmoor
Skelberden Skelberden Sodport
Bothenton Bothenton
Eley Eley Endleberey
Blansbrook Siavon Sundlethorne Abgleham Blansbrook
Bootwick Todhampton Bootwick
Hampingcastle Hampingcastle Redcombe
Boothendhall Casbrook
Shaftborough Shaftborough Ribberrenston Wychcompwold
Stapbrook Southbury Wetwick Wolley
Suddingover Suddingover
Botwick Farnditch Wendleringdown Marlcester
Whitgrove Dribblecombe Whitgrove
Shaftwick Egmerhampton Falworth Dartden
Watchlake Watchlake Farndlesover
Bromstanham Clereennell Bromstanham
Ciringnell Penby Wetsmith Elside
Milthorne Rothingcombe Milthorne Whitringlake
Skellingover Horsnell Candleswick Skellingover Marlbrook
Stapbrough Stapbrough Skellenshot
Tippingbage Tippingbage
Waltbasmere Nortwell
Falderseythorne Rotherlow Worford Durbrook Falderseythorne
Basditch Basditch Hampingworth
Stafavon Prestwick Horstleover
Ellerbridge Ellerbridge Sodberling
Wycastle Wycastle Chedworth Botbeck Sundendford
Staindledown Endingnell
Tippenbrook Suddenmoor Tippenbrook
Basbage Southmere Tippendham Egsted
Bothenhall Bothenhall
Leatherport Leatherport Alfmere
Dribberham Dribberham
Bursmith Bursmith
