0 170 96 126 147 171 119 111 119 118 115 16 44 67 156 141 185 18 20 19 124 143 155 153 173 184 3 185 27 153 6 184 106 67 43 111 56 62 127 52 182 78 174 168 65 46 136 51 136 146 41 53 108 12 24 121 145 93 25 118 119 133 28 8 98 116 188 38 80 107 15 101 90 143 124 77 72 192 87 110 44 133 187 86 107 128 38 80 106 125 181 150 77 149 175 158 109 12 9 19 70 157 70 61 0
43
173 173 89 42
8 179 26 166 151 39
141 83 14 4 197 104
116 75 116 32 120 98 102
145 160 103 145
6 6
156 156 100 10 168
25 25 12
118 17 64 48 58 31
128 178 134 128
27 185 27
127 109 9 137
181 196 121 186 81 176
150 126 111 193 22 51 149 69 79
147 24
136 91 63
188 28 194
184 184 36
125 133 125
182 182 108
106 180 106 199
65 65
143 159
15 138
3 175
67 67 47
44 44
77 77
0 49
157 157 50
18 18
87 87 130
70 70 155 163
158 20
107 117
124 139
38 38
171 78
19 85 19 74
96 96 95
146 170 146
119 119
115 99
