location0 location63 location110 location32 location110 location34 location46 location175 location72 location4 location25 location153 location25 location30 location111 location6 location188 location124 location1 location130 location131 location57 location72 location69 location49 location69 location179 location56 location26 location91 location123 location68 location76 location116 location194 location83 location148 location4 location25 location4 location15 location64 location73 location51 location76 location91 location26 location12 location91 location130 location65 location130 location95 location58 location74 location2 location149 location37 location12 location11 location129 location40 location107 location44 location64 location44 location118 location37 location12 location37 location97 location64 location97 location37 location86 location47 location137 location171 location66 location74 location2 location149 location77 location154 location1 location79 location1 location136 location1 location79 location1 location86 location179 location117 location17 location36 location94 location118 location37 location58 location123 location149 location37 location12 location156 location12 location156 location12 location25 location81 location68 location132 location0
31
location1 location1 location14 location21 location79
location68 location2 location23 location39 location68 location81
location117 location3 location17 location24 location53 location92
location4 location4 location75
location124 location5 location18 location52 location83
location188 location6 location67
location32 location7 location32 location48 location88 location90
location86 location8 location86
location132 location9 location22 location54
location34 location10 location19 location27 location34 location77 location96
location0 location11 location13 location55 location57 location61 location94
location12 location12 location29 location60 location70 location91 location98
location64 location15 location64
location46 location16 location46
location36 location20 location36 location59
location25 location25 location30 location35 location38 location62 location95 location100
location26 location26 location43 location82
location179 location28 location66 location78
location97 location31 location33 location97
location37 location37
location40 location40 location71
location136 location41 location45 location80
location149 location42 location56 location85
location63 location44 location63
location47 location47
location49 location49 location69 location99
location72 location50 location72 location87 location93
location156 location51
location58 location58 location74 location84
location76 location65 location73 location76
location148 location89
