Plano Kent Norman WinstonSalem Charleston WestValleyCity Tacoma Miami SimiValley Salinas Philadelphia StPetersburg Tempe Fullerton AthensClarkeCounty Lafayette Modesto SantaAna SanAntonio Murfreesboro NewHaven Detroit Honolulu Kent Ontario Seattle Garland KansasCity VirginiaBeach JerseyCity SanAntonio JerseyCity WestValleyCity Lakewood Durham Lakewood Anchorage VirginiaBeach Atlanta Beaumont SanAntonio Paterson WestValleyCity Toledo KansasCity Tacoma SanAntonio LouisvilleJefferson Frisco StLouis DesMoines StPetersburg Oceanside Houston FortWorth Salem Hialeah Raleigh Toledo NewHaven FortCollins Salinas Charlotte Hialeah Portland Raleigh LexingtonFa Laredo WestValleyCity Hollywood Glasses Elizabeth Akron Torrance Pikachu Elizabeth Buffalo Jacksonville Richmond Jacksonville OWO Elizabeth Torrance Akron SantaRosa FortCollins Allentown Hialeah Akron SantaRosa Raleigh Hialeah Laredo Frisco KansasCity Jackson AnnArbor Anaheim Kent Chesapeake Oxnard CapeCoral Seattle Vancouver Atlanta Mesa Topeka VirginiaBeach Albuquerque Elizabeth SiouxFalls FortWorth NewHaven SanAntonio CorpusChristi Palmdale Murfreesboro Palmdale Shreveport FortWorth Reno Lafayette Plano
28
Kent SanFrancisco Beaumont Norman Warren Atlanta Oxnard MorenoValley Sunnyvale
Plano SantaClara Cincinnati Riverside Hampton Rockford Cary Irving OklahomaCity
Richmond Charleston Montgomery Mesa Memphis
FortCollins FortCollins
Lakewood Mesquite Anchorage Thornton
Shreveport Stamford Allentown Laredo
Hollywood Hollywood SanJose Glasses
VirginiaBeach Omaha Ontario Garland Huntsville Waco
Oceanside GardenGrove Salinas
Anaheim Anaheim Elizabeth JerseyCity Lafayette Pikachu
StPetersburg Brownsville Hartford Dallas LittleRock Surprise Greensboro Miami AugustaRichmond SimiValley Olathe Corona NewOrleans HuntingtonBeach Mobile Irvine Worcester
DesMoines StLouis AnnArbor Norfolk FortLauderdale
Raleigh Glendale Raleigh
Modesto Killeen
FortWorth McAllen Chicago Denton
WestValleyCity LasVegas Vallejo
SanAntonio Davidson Houston SanAntonio Knoxville NewHaven
SantaRosa SantaRosa
Torrance Lancaster Torrance Lincoln
Akron Escondido Akron
Hialeah Tampa Portland ThousandOaks GrandPrairie
Jacksonville Wichita OWO
CorpusChristi SanBernardino Fremont Madison SantaClarita CorpusChristi
SiouxFalls SiouxFalls
LexingtonFa LouisvilleJefferson Tulsa
Albuquerque Hayward Denver
Vancouver Pasadena Vancouver
Palmdale Pomona
