0 37 91 100 112 161 24 161 112 95 41 10 129 21 152 155 49 130 7 134 177 5 91 78 49 95 92 39 78 91 37 96 74 86 132 150 196 18 182 56 19 118 198 5 65 155 107 8 160 65 135 12 0
34
0 0
10 1 72 146 184
39 2 39 193
49 3 16 31 35 102
130 4 9 24 67 83 103 130
5 5 15 17 71 94 114 154 197
135 8 27
19 11 89 125 151 157 174
41 13 14 158
196 18 101 164
37 20 141 166
21 21 43 143 159 190
160 22 42 160
132 23 66
91 26 69
155 28 81 128 187
12 33 84 120
78 38 52 74 78 199
129 47 129 137
182 50 116 182
177 51 59 167 177
56 56
65 65
92 68
7 70
112 80 111
86 86
150 93 183
96 96 98 133 153
100 100
107 107 115
134 134 172
198 138 173
152 152
