13 80 119 172 47 87 131 99 11 80 99 41 15 41 65 176 144 190 164 18 170 86 194 90 58 140 104 178 154 135 51 21 112 18 186 161 72 187 72 86 11 2 198 124 114 150 162 97 65 102 39 64 0 148 149 45 93 54 11 38 161 57 162 57 52 112 42 85 101 61 198 49 50 184 48 122 130 63 84 50 107 175 16 139 94 42 23 37 126 165 167 133 26 40 12 139 104 181 14 127 14 110 80 13
63
178 100 147 178
101 101 137
102 102
162 103 156 162
104 104
0 105
119 106 119 169
107 107 143
41 108 118 199
127 109 127 185
175 110 175
154 111 134 146 154
112 112
49 113
114 114
167 115 167
148 116 148
140 117 140 171
14 120
122 121 122
65 123
124 124
15 125 183
126 126
84 128
40 129
130 130
131 131
18 132 158 168
133 133
135 135 145
80 136 180
42 138 193
139 139 153
97 141
12 142 155
144 144
149 149 192
85 150
52 151
198 152 198
170 157 170
165 159 165
94 160 173
161 161
61 163
164 164
16 166
172 172
45 174 196
176 176
50 177
21 179
181 181 188
39 182
184 184
186 186
187 187
11 189
190 190 195
57 191
194 194
26 197
