0 33 115 30 55 41 66 56 138 163 120 2 63 12 31 11 34 14 129 26 58 75 33 143 33 29 32 7 21 92 7 125 66 1 20 44 17 13 2 151 2 24 16 96 0
35
1 1 8 48 100
2 2 10 68
13 3 13 61 76
14 4 14 28
120 5
26 6 18 26 91 98
7 7 46 85
41 9 41 45 80
138 11 22 23 86
12 12 90
32 15 32 70 81
58 16 52 58
63 17 51 63
56 19 25 54 56 67
20 20 35 37 93
21 21 53 78 89 99
24 24 36 40 64 83
129 27 95
29 29
30 30
31 31 65
33 33 50
34 34 43
92 38 88 92 97
66 39 66 72 82
151 42 49 69 74 77 79
44 44 60
75 47 75 94
55 55
115 57
125 59
0 62 73 84
163 71
143 87
96 96
