Soda L67 L73 L87 L66 L124 L12 L51 L53 L187 L59 L157 L153 L195 L161 L110 L11 L60 L188 L182 L62 L176 L183 L198 L127 L75 L116 L104 L119 L123 L165 L69 L145 L128 L193 L152 L3 L152 L65 L122 L52 L141 L98 L77 L152 L131 L150 L175 L180 L137 L147 L111 L182 L126 L89 L127 L181 L64 L135 L155 L146 L16 L122 L48 L160 L170 L176 L15 L148 L118 L164 L118 L161 L40 L106 L134 L132 L65 L123 L62 L126 L107 L31 L33 L67 L150 L122 L173 L105 L78 L172 L182 L36 L187 L92 L64 L123 L39 L0 L171 L1 L94 L48 L42 Soda
57
L161 L49 L158
L69 L69
L198 L34 L198
L105 L194 L166 L133
L150 L4 L0 L130 L150
L171 L151 L27 L171
L132 L132 L37
L145 L121 L103 L145 L174
L62 L76 L62
L40 L22 L90 L13
L106 L192 L189 L9
L12 L12 L99 L163 L84
L39 L39
L119 L101 L54 L119
L33 L74
L152 L86
L89 L89 L14
L36 L190
L134 L24
L42 L183 L63 L23
L173 L97 L173 L125
L175 L43 L167
L165 L113
L123 L115
L170 L93
L147 L70 L61
L11 L159 L11
L128 L186
L182 L191
L66 L85
L141 L83 L25 L169
L164 L164 L5
L157 L157 L50
L195 L168
L172 L172
L107 L107 L32
L52 L177 L52
L193 L193 L81
L87 L149
L153 L45 L35
L116 L116
L98 L98 L117
L126 L108 L126
L75 L75
L188 L188 L79
L92 L114 L92
L176 L176
L135 L135
L73 L67
L180 L102
L124 L124
L48 L143
L78 L44
L146 L21
L60 L60
L155 L68
L122 L122
