Soda location59 location116 location71 location120 location132 location70 location184 location35 location121 location171 location127 location120 location149 location75 location194 location112 location11 location134 location54 location43 location57 location90 location154 location50 location26 location87 location77 location67 location145 location179 location154 location167 location86 location7 location179 location42 location144 location48 location148 location84 location2 location127 location197 location180 location126 location168 location59 location187 location155 location187 location144 location93 location48 location128 location41 location185 location41 location10 location191 location133 location77 location18 location34 location171 location59 location191 location198 location86 location103 location163 location10 location30 location113 location9 location138 location189 location198 location193 location113 location119 location75 location10 location145 Soda
38
location87 location71 location79 location56 location87
location59 location52 location36 location94 location59 location47
location42 location42 location60 location63 location92 location99
location34 location34 location2 location20
location77 location45 location32 location77 location12
location144 location58 location30 location14 location3
location43 location39 location43
location84 location31 location84
location7 location11 location7 location48
location41 location61 location74 location53 location41
location184 location98 location19 location76
location54 location54 location4 location89 location1
location189 location18 location100 location97
location148 location64 location57 location24 location55
location198 location44
location180 location82
location75 location46 location75
location191 location15 location17
location185 location49 location65
location132 location95 location80 location40
location70 location38 location70
location194 location68 location66 location83 location22
location67 location67
location93 location5 location93
location35 location35 location37
location10 location10 location73 location23 location51
location50 location91 location50 location13
location26 location26 location96
location86 location86 location6
location90 location16 location90 location21 location81 location69
location127 location88
location120 location25 location8
location113 location28 location62
location167 location29
location163 location27 location9
location171 location72 location33
location155 location85
location168 location78
