loc79 loc41 loc69 loc23 loc16 loc47 loc39 loc82 loc17 loc76 loc100 loc86 loc24 loc22 loc67 loc22 loc0 loc55 loc0 loc16 loc22 loc4 loc58 loc72 loc0 loc58 loc101 loc42 loc41 loc15 loc50 loc18 loc46 loc5 loc141 loc38 loc19 loc60 loc23 loc100 loc79
28
loc141 loc118 loc140
loc4 loc4 loc64 loc150
loc58 loc191 loc58 loc94
loc72 loc9 loc115
loc50 loc180 loc124 loc176 loc145 loc50 loc106
loc86 loc90 loc2 loc70 loc34 loc92
loc22 loc154 loc43 loc36 loc107 loc181 loc3 loc76 loc45 loc62
loc55 loc134 loc174 loc133 loc132
loc41 loc114 loc41 loc25 loc52 loc164 loc87 loc109 loc120
loc18 loc6 loc40 loc18
loc17 loc69 loc17
loc101 loc26 loc170 loc30 loc113 loc131 loc152 loc160
loc19 loc96 loc54 loc19 loc83
loc15 loc159 loc8 loc91
loc42 loc111 loc171 loc189 loc66
loc24 loc148
loc16 loc130 loc59 loc97 loc173 loc16 loc158 loc162
loc60 loc142 loc60 loc14
loc0 loc187 loc167 loc0 loc110
loc100 loc121
loc79 loc68 loc98 loc11 loc196
loc39 loc155
loc47 loc128 loc44 loc146 loc186
loc38 loc127 loc80 loc78
loc82 loc153 loc48
loc5 loc33
loc23 loc73
loc46 loc89 loc122 loc185
