LesLilas Kambove Magdeburg Hangu Arusha NuevoMexico Kambove GongdanglegiKulon CapimGrosso Zalingei CapimGrosso Ortaca TagbilaranCity MineralnyeVody Tsukuba MineralnyeVody MadinatHamad AinArnat Milledgeville Garbsen Kikuchi Arang Zhaodong ArRumaythiyah Acireale Butuan Wachtberg Battambang Botad Nahorkatiya Kotka NoblePark Geyve UlanBator Zalingei Rhondda Cachan Botad Rhondda Johnston Nangi Sobue MiguelAlemanLaDoce Ronnenberg BlueIsland ArRumaythiyah Ortaca Magdeburg Prostejov Johnston Rhondda Zalingei Tsukuba Mauban Tsukuba CerroAzul Ontinyent Naron Kushtia Licata Escada Pozzuoli LesLilas
31
Sobue Khulm Sobue Arzamas
Acireale Kemise SouthSaintPaul Ontinyent Butuan Langenhorn Fuxin Baramula Acireale Tabou
Nahorkatiya Hirosaki Garbsen Haora TagbilaranCity FetestiGara
NoblePark SanJuandelaMaguana NoblePark Kotka
NuevoMexico Shchekino
Kambove Braila Kambove ChalcodeDiazCovarrub Prostejov MonteAlegre
Kushtia SenaMadureira PriegodeCordoba Mocoa EastLongmeadow
CerroAzul Shimofurano SpanishTown Kaifeng Mabopane
AinArnat AinArnat Gorgan
Rhondda Rhondda Ibirataia Anjarah PortoVelho
Ortaca Morwa Itororo Ortaca
Hangu Hangu Sosnovka Yafo Vaniyambadi Gowurdak Daokou
Arusha Andrychow Oerlinghausen
Zalingei Rivas
Pozzuoli Haripur Pozzuoli
CapimGrosso CapimGrosso Twante SantanadoLivramento
LesLilas AinBessem
Johnston Johnston Turek SaintCyrlEcole Kairouan Wenchi
Escada Nagar Pezinok Sorada Escada
Tsukuba Belalcazar Gunzenhausen GuaMusang
GongdanglegiKulon Espiye Bury VillaPauladeSarmient Acarau Korsakov
Kikuchi SenadorPompeu Manacapuru Shurugwi
Naron KotRadhaKishan
MineralnyeVody BlueIsland Lloydminster MineralnyeVody AshtonunderLyne
MadinatHamad MadinatHamad Izhevsk
Licata Vyazniki Embu Battambang Skelmersdale FortWorth
Botad Angleton HaciendaLaCalera NahiyatashShinafiyah Kineshma
Zhaodong Zhaodong Aracuai
Mauban WestIslip
Arang Akcaabat Wangon
MiguelAlemanLaDoce Shieli
