2 162 80 102 22 182 82 60 35 45 96 160 67 148 4 160 67 143 109 194 147 15 101 178 110 13 158 117 167 153 138 151 67 123 136 87 157 198 109 96 196 10 20 131 180 119 63 84 27 185 118 27 43 51 194 193 83 176 140 35 93 70 62 175 71 3 153 59 148 80 199 169 29 174 81 168 60 77 163 90 139 48 22 186 70 50 136 189 72 184 144 194 105 108 23 183 152 188 99 105 67 157 87 92 25 79 2
52
147 1 147
3 3 47 107
48 5 155 191
99 7 99
2 9 179
139 11 139
13 13 137
15 15 95
131 17 29 131 161
60 19 41
157 21 85 157
23 23 61 77 187
25 25 129 133 159 173 185
27 27
93 31 93
101 33 55 97 101 135
35 35
70 37
105 39 105
160 43 145
45 45 53 73 121
22 49
51 51
63 57 63 75 141
59 59
140 65 91
67 67
180 69
196 71 171
79 79
72 81 125
83 83 197
87 87 123
50 89
138 103 195
109 109
163 111 163
96 113
110 115
194 117
119 119
4 127 177
143 143
144 149 193
151 151
153 153
175 165 175
167 167
169 169 181
183 183
189 189
199 199
