ZtfcEeD9 J2tz5Jy2 ZS8CQaI7 mlHu9OVg Fj27Gybu J2tz5Jy2 Fj27Gybu ZS8CQaI7 gmal2HHS ZS8CQaI7 mlHu9OVg EAWv9kfQ fURWpj00 VqqukjeY fURWpj00 EAWv9kfQ fURWpj00 EAWv9kfQ fURWpj00 VqqukjeY VDai7XkI OJgw7XgR Tb8W969R 7P5zi9hu Tb8W969R xkCjqYXa 1gtWVzKV ZCQYXo7t FgxkC8N1 CIF8DWXL BkhTgoaJ wd6UNY9N VDai7XkI wusYsf5E U7cZo0h2 VDai7XkI Q7hUKAHQ JfDq1Cs2 Q7hUKAHQ m9MRh7a0 nFqouQp3 Q7hUKAHQ T2a0VXcz JqKGA9ul AmaYXBsi NpH6Hpsr EJI0xPm2 62Mn9lau MeetuZNx ijk5cHsH VDai7XkI WPOgjVLu jKNn1ZQ1 7VEdC8Bn KZzTlcqA sAdwIwgI AmaYXBsi JqKGA9ul AmaYXBsi d4U8kEOb 43ehQX6O d4U8kEOb 0MyIUMFM AmaYXBsi b850DFfF u2ZI4Bp6 b850DFfF ciNFdHxl y7NjqOqM svPb07cv gKOyNQPh VDai7XkI itC9pvuP fa3ra0T7 xkCjqYXa OJgw7XgR LDk8elYd 0JU2DOJU FGbFUcoj 0JU2DOJU FGbFUcoj CTlg3xsv FGbFUcoj P0hOEoLv FGbFUcoj 8avKqSxh 3L2NkWiR VDai7XkI n7cwD1GE VDai7XkI svPb07cv P0hOEoLv SdpsKJEm xZQyzblz gX4kBNm4 oECxPSEB EEVF7P1A oECxPSEB ciNFdHxl b850DFfF u2ZI4Bp6 J2tz5Jy2 ZtfcEeD9
43
Fj27Gybu Fj27Gybu aDGqWHym TNblhkGK yptfWPBC HTyyntxa
gmal2HHS 43ehQX6O kMauNR5Y zvH4AKmS YWqBlkAs
nFqouQp3 nFqouQp3 rbWYBihd
MeetuZNx 04vrMVdi
fa3ra0T7 X4DALK1Z FdbcCrtB qnVestAH fa3ra0T7 PLFYaVF6
J2tz5Jy2 J2tz5Jy2 d5gzYuse LvdUl8D5 8Rfeklr1 ntaFp6yn eFJgi8X6 sFR9mcaG
7P5zi9hu bJ22zvWV 7P5zi9hu yRH0nOtz
0MyIUMFM O5yBujnu w0QWGw2L 0MyIUMFM
oECxPSEB RleTQaHw eF0ueRyu zpLQ0R0G
n7cwD1GE SG64DwCC dzvtjag1 NSdaWdL7
KZzTlcqA KZzTlcqA FqE4GP0Y Wznv2rRv VgwgAKMz
EAWv9kfQ wZJN4OBT EAWv9kfQ
VDai7XkI EB4WBsTV ca785uLx Pz0LLMil hBRDGWam mrK2EXuk
ijk5cHsH 8LVjFaQv ijk5cHsH
svPb07cv svPb07cv
ZtfcEeD9 ZtfcEeD9
7VEdC8Bn lWuh5cH8
FGbFUcoj xRPgtW5C FGbFUcoj kTn5Wdms poaWnZDO
y7NjqOqM CBKWpDQv y7NjqOqM
NpH6Hpsr NpH6Hpsr
BkhTgoaJ PMzcqvQL W7b2i2pG IdGLl1to
gKOyNQPh BOlNhFGU gKOyNQPh
CIF8DWXL CIF8DWXL
1gtWVzKV 1gtWVzKV aSd01nMZ
OJgw7XgR OJgw7XgR Rd2M5nw8
JfDq1Cs2 WOCLylig tCAdUY4B JfDq1Cs2
ZS8CQaI7 B65DnegI RjDUex61 xzWL2Pp8 lqKnzPvP ZS8CQaI7
CTlg3xsv 7Xy44hse
Tb8W969R Tb8W969R
mlHu9OVg mlHu9OVg aWGQETjI
62Mn9lau o4xf7nVd 62Mn9lau
U7cZo0h2 U7cZo0h2 wusYsf5E
EJI0xPm2 1dr1nBQ7
d4U8kEOb 2KepLMXB 3MYamZSb
jKNn1ZQ1 jKNn1ZQ1
SdpsKJEm uMuBYvMK
Q7hUKAHQ Q7hUKAHQ
gX4kBNm4 gX4kBNm4
m9MRh7a0 91Uq51QB
ciNFdHxl ciNFdHxl mSd4Nw6v
AmaYXBsi AmaYXBsi
FgxkC8N1 miUcr0K7 8avKqSxh CxnbNU8s
xkCjqYXa CGddIqkC
