74 124 139 90 126 125 93 191 116 185 12 27 73 121 5 104 1 111 113 15 109 159 77 191 80 17 80 156 136 127 167 188 125 194 148 131 191 68 192 158 139 88 13 171 32 171 36 108 147 153 10 180 120 124 38 160 68 153 85 45 96 45 131 161 86 75 103 182 48 134 17 6 71 119 4 183 11 188 182 23 93 36 157 165 64 132 4 175 183 117 193 4 185 9 198 72 69 182 78 100 183 30 74
45
13 0 13
1 1 24 60
180 2 35 40
4 3 4 33
5 5
6 6 20 49
15 7 15 47
78 8 46
171 9
10 10
11 11
12 12
80 14 34
147 16 65
17 17
86 18
90 19
38 21 31 38
111 22
23 23
32 25 32
116 26
72 27
124 28
161 29
30 30
36 36 63
96 37
71 39
182 41
120 42
153 43 56 59
183 44
45 45
48 48 54
191 50
68 51
125 52
148 53
131 55
88 57
117 58
108 61
188 62
64 64
