93 84 86 77 80 47 115 131 61 24 85 137 101 78 123 42 100 131 11 106 66 134 95 101 50 41 120 13 146 75 107 111 44 106 150 169 94 26 150 144 147 81 48 128 78 86 119 93
34
119 1 119
95 2 95
107 4 24 39 76 98
11 14 87 99
94 18 46 62 70 138 157
150 19 141
169 20 124 155 169
26 26
131 27 38 115 129 131
41 34 56 140 171
123 36 109
47 40 47 52 91 110 151 154
77 43 77 117 143 165
137 49 73 137 161
134 51 122
100 53 90 177
86 57 63 86
61 61 79
144 64 108 125 170
66 65 66
13 67 105
78 72
75 74 75 102 130
80 80
48 81
128 82 116
84 84 163
101 101 172
111 111
42 121 176
147 136 147
146 146
120 168
93 174
