Dannemora Hamburg Flower Hancock Freeville Farnham Freeville Norwich Forest Odessa Frewsburg Odessa Hannibal Deer Delanson Dunkirk Noyack Haverstraw Noyack Haverstraw Noyack Deferiet Dansville Deferiet Herrings Downey Ghent Glenwood Haviland Highfalls Hicksville Highfalls Haviland Franklin Norwood Florida Goshen Florida Farnham Highland Farmingville Frewsburg Highland Firthcliffe Earlville Heuvelton Fairview Geneva Fairview Heuvelton Nunda Herricks Deposit Earlville Heuvelton Nunda Hawthorne Nunda Hawthorne Friendship Gardiner Friendship Harrison Delevan Glenwood Northville Flower Herricks Delmar Frankfort Flanders Odessa Hamburg Franklin Hamburg DeRuyter Frankfort Flanders Odessa Depauville Fredonia Gowanda Dexter Hermon Franklinville Dansville Delanson Dansville Delevan Harrison Harrisville Farmingville Oakdale Gordon Oakdale Gordon Oakdale Goshen Highland Farnham Freeville Delhi Olcott Fishkill Davis Fishkill Mills Fabius Dannemora
37
Dansville Dansville
Davis Davis Forestville
Deer Deer
Deferiet Deferiet
Delanson Delanson
Delevan Delevan Galeville
Delhi Delhi
Delmar Delmar
Depauville Depauville
Geneva Depew Fairport Geneva
Deposit Deposit
DeRuyter DeRuyter
Dexter Dexter Fairmount Germantown
Dunkirk Dunkirk
Earlville Earlville
Fabius Fabius Fonda
Flower Fair Flower
Mills Fairview
Gardiner Falconer Fulton Gardiner Gasport
Farmingville Farmingville
Farnham Farnham
Fredonia Fayetteville Fredonia
Dannemora Fire
Firthcliffe Firthcliffe
Haviland Fishers
Fishkill Fishkill
Flanders Flanders
Hamburg Fleischmanns
Florida Florida
Norwich Forest
Frankfort Frankfort
Franklin Franklin
Hermon Franklinville
Ghent Freeport Ghent
Freeville Freeville
Frewsburg Frewsburg
Harrison Friendship
