Acadia Biscayne Cuyahoga Congaree Everglades Congaree Everglades Katmai Gunnison Glacier Brycecanyon Canyonlands Cascades Canyonlands Clark Cuyahoga Clark Badlands Basin Kenai Redwood Kenai Haleakala Shenandoah Crater Olympic Saguaro Voyageurs Kenai Isle Guadalupe Sequoia Wrangell Yellowstone Zion Yellowstone Wrangell Sequoia Guadalupe Isle Guadalupe Acadia
20
Olympic Arches
Badlands Badlands
Voyageurs Bend Smoky
Biscayne Biscayne
Gunnison Gunnison
Brycecanyon Brycecanyon
Canyonlands Canyonlands
Acadia Capitol Tortugas
Congaree Caverns Congaree
Cuyahoga Channel Cuyahoga
Crater Crater Indiana
Katmai Denali
Everglades Everglades
Saguaro Gateway
Glacier Glacier
Redwood Teton
Basin Basin
Guadalupe Guadalupe
Haleakala Haleakala
Isle Isle
