0 193 115 102 77 71 195 179 46 31 76 162 131 1 23 169 38 111 127 113 96 1 165 153 138 123 147 91 16 138 36 146 135 32 77 19 1 115 79 122 119 54 38 13 112 51 147 31 82 77 17 58 160 19 118 96 11 151 16 125 27 175 89 29 178 190 6 130 114 90 43 127 70 97 77 197 104 86 23 182 133 137 51 79 97 36 156 116 97 140 135 93 58 128 108 44 124 22 114 39 70 82 46 0
52
23 3 13
6 4 6 15
17 8 17
11 11 20
22 12 22
19 19
44 24 45 64
36 26 35 36
27 27 28
31 30 31 40
43 33 43
46 46 47 56 57
51 51 52 62
54 54 55 63
58 58
76 66 75 76
82 73 82 92
77 77
70 80
93 84 94
86 85
97 87 107
89 89
90 90
91 91
96 95
104 104
115 105 115
111 111
112 112
114 114 124
119 119
123 123
116 126
122 132
135 135
137 137
138 138 139 148 149
133 143
147 147 157 158
160 150 180
151 151 161
165 155
156 156 167
179 159
162 162 171 172
178 168 178 188
182 173 192
175 174 175 184 185
195 186
193 193
197 196
