Loc1 Loc125 Loc142 Loc125 Loc113 Loc89 Loc13 Loc29 Loc48 Loc113 Loc171 Loc55 Loc140 Loc114 Loc135 Loc169 Loc15 Loc53 Loc125 Loc10 Loc28 Loc169 Loc160 Loc156 Loc99 Loc35 Loc15 Loc90 Loc35 Loc0 Loc194 Loc13 Loc78 Loc67 Loc24 Loc127 Loc132 Loc156 Loc29 Loc196 Loc189 Loc127 Loc129 Loc2 Loc88 Loc38 Loc155 Loc33 Loc121 Loc39 Loc29 Loc11 Loc198 Loc42 Loc137 Loc198 Loc182 Loc73 Loc71 Loc155 Loc161 Loc135 Loc183 Loc45 Loc85 Loc35 Loc169 Loc1
40
Loc28 Loc0 Loc23 Loc106 Loc176 Loc190
Loc29 Loc3
Loc121 Loc5 Loc37 Loc110 Loc180 Loc188 Loc195
Loc55 Loc6 Loc11 Loc33 Loc141 Loc145 Loc159
Loc2 Loc7 Loc76
Loc183 Loc8 Loc118 Loc183
Loc89 Loc9 Loc17 Loc31 Loc57 Loc168
Loc13 Loc13
Loc182 Loc14 Loc182
Loc15 Loc15 Loc19 Loc177
Loc42 Loc16
Loc88 Loc18
Loc140 Loc20 Loc44 Loc140 Loc197
Loc113 Loc25 Loc74 Loc77 Loc97 Loc175 Loc151 Loc59 Loc123
Loc194 Loc27 Loc91 Loc94 Loc111 Loc128
Loc1 Loc30
Loc169 Loc32 Loc95 Loc124
Loc156 Loc38 Loc100 Loc192
Loc35 Loc39 Loc52
Loc24 Loc46
Loc161 Loc50
Loc155 Loc51 Loc61 Loc83 Loc109 Loc163
Loc53 Loc53 Loc60
Loc48 Loc54 Loc144 Loc154 Loc172
Loc45 Loc62 Loc170
Loc78 Loc65 Loc147 Loc160
Loc67 Loc67
Loc71 Loc71
Loc135 Loc75 Loc149
Loc85 Loc85
Loc198 Loc96 Loc122 Loc167
Loc99 Loc99 Loc101
Loc125 Loc103
Loc10 Loc107 Loc143
Loc129 Loc129
Loc132 Loc132
Loc171 Loc133 Loc171
Loc137 Loc137
Loc90 Loc153
Loc189 Loc189
