pace honor deposit swear straighten pain injury ward tool circulation judicial swear financial discriminate dip nationalist thumb output judicial circulation rob stroke thirsty tolerate cigarette vegetarian cigarette demand joint shiver pace
23
nationalist shy nationalist sunrise title
swear swear other tablet
thumb dough enhance thumb
demand pain demand cigarette brake
dip buffet exclusive dip
vegetarian linger winner vegetarian
circulation circulation enter mystery
injury class injury figure
tool tool prison
honor honor
deposit imposter paper
pace guarantee king
rob rob
financial voice bitter financial
tolerate tolerate
discriminate lake
straighten headline legislation quality sign
stroke throne
ward seize
judicial glasses
thirsty page
output autonomy output
shiver likely
