Taozhuang Southsea Uran Rosedale Camayenne Rosedale Camayenne Chharra Le Petrozavodsk Gudermes Esmeraldas Hechingen Shalqar Gudermes Shinshiro Gudermes Memmingen Maspalomas Boo Somma CroixdesBouquets Southsea Camayenne Shinshiro Bang San Tupelo Maspalomas Strathfield Aguadilla Memmingen Villa Aytos Gua Kampung Carnot Bhit Beaumont Uran Taozhuang
22
Southsea Gauting Ulu Sarandi Calauan Freetown
Villa Nonsan Cibinong Villa Rafiganj
Rosedale Jackson Rosedale
Kampung Kallio Besuki
Gua Middle Esperanza Oulmes
Boo Donggongon Durazno New Boo Bourbonnais Hechingen
Camayenne Camayenne
Strathfield Strathfield Waverly
Uran Jingzhou Longgang Severodvinsk Ilesa Wesseling Ramla Caravaca Sicklerville Pottstown Uran
Somma Somma Artur
Shinshiro Azrou
Maspalomas Fort
Carnot Udumalaippettai
Gudermes Gudermes
Taozhuang Taozhuang
Aytos Aytos
Tupelo Tupelo
Shalqar Rutherglen Alatyr
Bang Bang
Memmingen Memmingen
CroixdesBouquets Jinotepe
Esmeraldas Esmeraldas
