Ilesa Rafaela Palm Malden Puducherry Reutlingen Valday Milledgeville Cebu MitryMory Bhayandar Perth Norwalk Zeist West Hermsdorf Davangere Barras MitryMory Resplendor Belper Carindale Bensheim Aurora MitryMory Camarillo Liberia Villaquilambre Liberia Aistala Barras Beidao Morningside Toledo Belper Polohy Espoo Lesosibirsk Mouscron Perth Aleshtar Krymsk Bensheim Memmingen GatesNorth Sishui Inawashiro Alexandria Oschatz Shaowu Hermsdorf Ramla Hermsdorf Wittenau Belper JalalAbad Valday Aklera Polohy Mexborough Alexandria Memmingen Barracas Portogruaro Barracas Nizhniy Bonoua Brunswick Minas Bisceglie Carindale Liberia Marburg Reutlingen Valday Malden DehiwalaMount Calauan Iringa Hermsdorf San Lesosibirsk Boli Belper Pekanbaru Zeist Landshut Uran Talipparamba Davis Landshut Calauan Barracas Foshan Hermsdorf Zeist Magomeni Calauan Morningside Bon GatesNorth Belper Ilesa
32
Bhayandar Jagna
Nizhniy Sishui
Barras Milagro Sceaux Yingkou
MitryMory Claremont Bogovinje MitryMory Lodwar Ponta Copperas
Liberia Palm Milledgeville Stuttgart Aurora Bobigny Bon Paredes
Minas Talipparamba New Mouscron Dahlem
Bensheim Aklera Bensheim Campobasso Gariadhar Ventimiglia An Bang PointeClaire Lille Kyzylorda
Calauan Sillanwali Valletta Calauan Rhosllanerchrugog Itacoatiara Onex
Krymsk Ada American GernikaLumo
Perth Tyoply Perth UlanUde Tak Niort Great Brzeg Clermont Jashpurnagar
Polohy Bavly Polohy
Mexborough Mexborough Marburg Oulmes
Foshan Foshan Sirsi Ilesa
Resplendor Resplendor
Brunswick Brunswick
Zeist Stupino Ramla Sorsogon
Memmingen Alexandria Tupelo Memmingen WaltonontheNaze
Malden Malden Viewpark
Belper Chacabuco Zaozhuang Skalica Guli Meizhou Puerto Jiangyan LonsleSaunier
Uran Azrou Alfenas Uran
Hermsdorf Oberhausen Hermsdorf
Aistala Palafrugell PortVila Rutland DehiwalaMount Tharu
Espoo Tiruppuvanam
GatesNorth Shagamu Barracas
Shaowu Shaowu
Landshut Landshut
Davis Davis Toledo
Valday Tupiza Valday
West Magomeni
Aleshtar Aleshtar
Villaquilambre Villaquilambre
Puducherry Puducherry
