108 32 101 32 111 104 93 44 181 196 65 30 83 30 173 166 186 111 21 48 24 49 153 72 114 142 29 157 86 157 43 1 106 38 57 21 29 197 165 13 67 135 88 62 0 132 118 93 197 57 160 153 76 111 40 189 168 61 79 26 119 64 121 193 81 45 100 190 60 172 64 37 53 87 135 156 147 167 57 71 170 183 140 18 193 87 1 72 120 87 84 25 45 96 12 173 149 16 82 69 172 181 108
58
153 188 153
101 7 101
193 39 11 73
67 67 17
172 99
48 48 129 34 23 85
170 54 170
114 114
37 37
100 176 100 148
57 57
111 19 174
119 95 110 68 75 150 77
26 26 5
121 121
142 142
156 184 187
197 137 197
32 46 32
21 63 66
64 64
168 14 35
120 126 138 120
186 186 134
24 24
25 117
189 151 56 177
118 118 182
181 181 28
61 61
16 78
81 81
69 69
44 44 36
132 144
62 128
0 136
157 157 15 179
38 107 31 133 38
13 13 79
45 45
1 1
83 83
49 49
190 190
65 65
140 140 130
82 82
76 109
43 43
96 96
84 84
167 167
71 71
53 53
196 92
183 146
18 143
