pride dairy stubborn dilemma pull glide mouse bracket minimize stick minimize plug tin preference maze bring science requirement dedicate tribe absorption tin tease scatter thank steward cancel transform belief deck exit bracket top car administration celebration create concern pastel ballot sacrifice tourist dramatic distinct rabbit feign suffer creation science soul transmission incentive pupil makeup celebration dairy alcohol perception bother car loud direct campaign auditor exotic inhibition car straighten coerce concern preoccupation ceiling perception present father maze merit knit seller east farewell large hypothesize thread supply loud deck top circle incentive preference create scatter trick scheme campaign sensitivity breakin pride
56
transmission transmission
farewell farewell
preoccupation trance crew
pride pride
tin mind tin
makeup magnitude makeup
bother predict denial whole
car car vote colon
pull prove adult
tease community merit
dramatic lobby dramatic
create create
dilemma think magnetic dilemma
tribe mechanism tribe
bracket ballot bracket
feign feign
plug battery scrap
inhibition salmon present inhibition
stubborn work
thank thank equinox transaction appear
mouse nationalism traction
pupil partnership pupil craftsman
perception dose accessible perception
east east
breakin breakin
tourist homosexual berry
absorption absorption mosaic
campaign valid line
seller seller skip
glide glide
loud loud hide
dairy leash
administration wrong childish
minimize minimize fuss
ceiling company deter
belief belief contract
requirement fortune
sacrifice suffer shelter
knit knit linear
creation rabbit creation
celebration integrated celebration
exotic exotic
supply gift
top top
auditor pastel cancel
dedicate dedicate
bring dialect basketball bring offensive
scatter domestic formation
science huge
maze maze
concern concern
deck deck
soul snap
steward desk steward
direct direct
thread thread
