location4 location68 location52 location60 location184 location129 location36 location151 location133 location26 location97 location35 location111 location185 location173 location183 location175 location9 location32 location121 location4
18
location68 location0 location16 location31 location43 location100 location101 location170 location68 location15 location110 location120 location148 location25 location70 location102 location177 location192
location173 location6 location23 location113 location141 location159 location72
location121 location11 location181 location132 location135 location115 location146
location4 location20
location52 location21 location80 location140 location165
location129 location49 location33 location129 location14 location29
location32 location50 location96 location122 location127 location188
location175 location55 location147 location63 location19 location158
location185 location56 location71 location156 location169 location185 location18 location171 location191 location1 location24 location84
location60 location93 location48 location60
location9 location99 location108 location160 location2 location128 location143 location168 location189 location136
location183 location116 location183 location193 location54 location119
location35 location117 location155 location125
location133 location133 location157 location51 location64 location152 location5 location144
location111 location186 location190 location41 location124
location184 location74 location107 location163 location57 location92 location40
location151 location83 location37
location97 location62
