3a 23a 102a 91a 4a 93a 102a 93a 5a 8a 47a 4a 102a 76a 59a 76a 43a 48a 43a 62a 76a 48a 95a 59a 0a 41a 0a 51a 50a 9a 55a 51a 50a 51a 0a 59a 76a 91a 47a 91a 64a 8a 62a 56a 47a 4a 47a 56a 47a 4a 56a 17a 56a 17a 62a 8a 93a 48a 93a 76a 43a 5a 62a 70a 56a 73a 4a 93a 76a 43a 62a 56a 8a 64a 91a 4a 23a 64a 94a 8a 47a 56a 47a 4a 8a 4a 94a 8a 56a 70a 17a 1a 62a 5a 62a 5a 73a 5a 1a 5a 91a 4a 8a 93a 94a 57a 64a 102a 47a 56a 70a 8a 56a 47a 4a 23a 3a
19
41a 99a 34a 60a 39a 58a 25a 65a 41a 67a 31a 38a 14a 30a 16a 32a 66a 42a 77a 22a 7a
64a 64a
47a 47a
1a 71a 1a
50a 49a 98a 37a 79a 84a 29a 92a 80a 6a 75a 96a 53a
48a 48a
51a 61a 40a 52a 51a 83a 72a
56a 56a
17a 87a 44a 88a 15a 35a 21a
5a 5a
23a 23a
57a 28a 57a
62a 62a
73a 73a
4a 4a
9a 9a
93a 93a
43a 43a
0a 0a
