Clearnesse Ironshore Shoreburn Newley Courtcastle Valhaven Woodice Corbank Ironriver Lochmage Esterash Eastcastle Clearland Greenshore Brightmere Esterfall Goldwyvern Lightmere Stoneglass Buttermead Rosemill Greyice Dellwyn Oakmere Butterbush Wellmage Violetley Westvale Bluedell Bushgate Foxvale Marbleiron Foxhaven Freyview Westmill Snowshore Newby Southwheat Oldmoor Erilyn Morwall Stonefair Wildemarsh Wolflea Eriwall Fairsage Courtwall Irondeer Morwald Westerlight Clearnesse
25
Oldmoor Oldmoor
Woodice Woodice
Dellwyn Dellwyn
Freyview Freyview
Oakmere Oakmere
Eriwall Eriwall
Valhaven Valhaven
Newby Newby
Foxhaven Foxhaven
Morwall Morwall
Goldwyvern Goldwyvern
Corbank Corbank
Westvale Westvale
Morwald Morwald
Ironriver Ironriver
Violetley Violetley
Courtwall Courtwall
Ironshore Ironshore
Marbleiron Marbleiron
Buttermead Buttermead
Courtcastle Courtcastle
Butterbush Butterbush
Foxvale Foxvale
Esterfall Esterfall
Clearnesse Clearnesse
