Shoreburn Greencliff Redlake Bluelake Strongcrest Greyston Ironhedge Summermage Wintercourt Springwynne Rockmount Pinepond Northriver Redwell Erilyn Whiteelf Shorebarrow Violetley Crystalsage Highmont Blackburn Rosefalcon Winternesse Springburn Springfox Snowwinter Wintershore Newley Barrowdale Snowsage Goldwyvern Greyice Mallowness Hollowham Aelbush Goldcrest Stonefair Lightmere Lochcourt Aelhurst Osttown Oldmoor Wooddell Southwheat Verthedge Ostcliff Winterland Mistwick Westmill Fallden Westerlight Bushgate Corbank Bluedell Greenshore Roseacre Greymill Rosebridge Aldbay Pryland Windcliff Vertbay Strongford Deercastle Meadowhollow Cleargrass Fairice Freymere Buttermead Rosebeech Prybourne Northwynne Linville Morwald Clearland Deephedge Fairfort Ironshore Ironriver Mallowbridge Newmill Stoneglass Hollowwynne Lochmage Butterhill Orwyn Rosemill Marblehaven Courtwall Flowerfield Fallwilde Valtown Aldley Woodice Eastcastle Newwolf Mallowway Icebridge Mistshore Dellwyn Shadowhaven Valhaven Starryhill Ostwynne Wellbank Highhaven Janholt Coldedge Wildemill Northmount Windkeep Wolflea Eriwall Mormead Greygrass Silverlea Butterway Esterash Rosemist Seamoor Aelmoor Flowermill Merrowwall Wayhill Corwald Deerdell Foxvale Bysummer Rosemoor Silverwitch Valwald Shadowgrass Southpine Deephollow Icecoast Icenesse Freyville Goldsea Bluedale Corhill Ostham Irondeer Newby Freyview Westerhedge Fogmarsh Applecastle Violetfay Redfox Morwall Highwell Courtcastle Shadowmaple Bellhollow Starrywolf Silverbarrow Snowshore Iceley Violetrose Wellwick Iceelf Stoneiron Wellmage Cormeadow Wildespell Bluewyn Brightelf Stonewolf Eastwald Marbleiron Redby Courtbush Oakmere Greensummer Orfort Butterbush Fogland Wildemarsh Brightrock Orbarrow Rosegate Esterfall Stonemarble Springfalcon Courtedge Coldville Lightkeep Blackbush Clearnesse Fieldedge Coastport Fairsage Strongfall Bluebeech Westvale Strongdell Brightmere Stonecrystal Foxhaven Windbridge Shoreburn
100
Butterway Butterway
Lochmage Lochmage
Stonefair Stonefair
Highmont Highmont
Esterash Esterash
Oldmoor Oldmoor
Clearland Clearland
Wellmage Wellmage
Fairsage Fairsage
Fieldedge Fieldedge
Bluedale Bluedale
Greyice Greyice
Stoneglass Stoneglass
Northriver Northriver
Bluedell Bluedell
Orbarrow Orbarrow
Foxvale Foxvale
Newby Newby
Mallowbridge Mallowbridge
Clearnesse Clearnesse
Foxhaven Foxhaven
Dellwyn Dellwyn
Redwell Redwell
Windbridge Windbridge
Snowsage Snowsage
Goldcrest Goldcrest
Valhaven Valhaven
Starryhill Starryhill
Deephedge Deephedge
Silverwitch Silverwitch
Wolflea Wolflea
Ironriver Ironriver
Erilyn Erilyn
Freyview Freyview
Courtedge Courtedge
Westerlight Westerlight
Blackbush Blackbush
Irondeer Irondeer
Verthedge Verthedge
Butterbush Butterbush
Butterhill Butterhill
Courtwall Courtwall
Corbank Corbank
Seamoor Seamoor
Bluelake Bluelake
Oakmere Oakmere
Rosemill Rosemill
Strongfall Strongfall
Snowshore Snowshore
Brightmere Brightmere
Rosegate Rosegate
Brightrock Brightrock
Violetley Violetley
Bushgate Bushgate
Shoreburn Shoreburn
Mallowway Mallowway
Springfox Springfox
Applecastle Applecastle
Fogland Fogland
Icenesse Icenesse
Newmill Newmill
Esterfall Esterfall
Goldwyvern Goldwyvern
Janholt Janholt
Ironshore Ironshore
Courtcastle Courtcastle
Greenshore Greenshore
Mistshore Mistshore
Coldville Coldville
Southwheat Southwheat
Mallowness Mallowness
Greensummer Greensummer
Bluewyn Bluewyn
Southpine Southpine
Redlake Redlake
Westmill Westmill
Wellbank Wellbank
Flowermill Flowermill
Summermage Summermage
Woodice Woodice
Buttermead Buttermead
Northwynne Northwynne
Marbleiron Marbleiron
Fairice Fairice
Eriwall Eriwall
Newley Newley
Eastcastle Eastcastle
Wildemarsh Wildemarsh
Flowerfield Flowerfield
Lightmere Lightmere
Wooddell Wooddell
Ostwynne Ostwynne
Morwall Morwall
Violetfay Violetfay
Morwald Morwald
Orfort Orfort
Westvale Westvale
Freymere Freymere
Silverbarrow Silverbarrow
Silverlea Silverlea
