Brightmere Windbridge Morwall Orbarrow Fieldedge Verthedge Ironshore Esterash Stonefair Clearnesse Seamoor Westvale Northwynne Brightrock Rosegate Redlake Wildemarsh Marbleiron Strongfall Eastcastle Courtcastle Bluewyn Flowerfield Newley Freyview Bluedell Courtwall Butterbush Westmill Highmont Stoneglass Mallowness Silverlea Janholt Buttermead Foxhaven Fogland Bluelake Courtedge Morwald Butterhill Rosemill Coldville Ironriver Greyice Valhaven Mallowway Irondeer Ostwynne Wellmage Corbank Goldwyvern Wellbank Oakmere Northriver Foxvale Goldcrest Snowsage Greensummer Icenesse Applecastle Orfort Oldmoor Butterway Bluedale Lightmere Esterfall Southwheat Wooddell Shoreburn Violetfay Freymere Flowermill Newby Erilyn Violetley Westerlight Silverbarrow Clearland Southpine Wolflea Bushgate Redwell Mallowbridge Blackbush Summermage Deephedge Newmill Woodice Eriwall Fairsage Dellwyn Silverwitch Fairice Starryhill Snowshore Greenshore Mistshore Springfox Lochmage Brightmere
50
Snowshore Snowshore
Newley Newley
Wolflea Wolflea
Corbank Corbank
Oldmoor Oldmoor
Lightmere Lightmere
Marbleiron Marbleiron
Eriwall Eriwall
Brightmere Brightmere
Southwheat Southwheat
Foxhaven Foxhaven
Buttermead Buttermead
Newby Newby
Irondeer Irondeer
Bushgate Bushgate
Oakmere Oakmere
Goldwyvern Goldwyvern
Westmill Westmill
Clearnesse Clearnesse
Butterbush Butterbush
Esterfall Esterfall
Ironshore Ironshore
Westerlight Westerlight
Rosemill Rosemill
Esterash Esterash
Lochmage Lochmage
Ironriver Ironriver
Stoneglass Stoneglass
Wildemarsh Wildemarsh
Morwald Morwald
Westvale Westvale
Fairsage Fairsage
Courtcastle Courtcastle
Bluedell Bluedell
Shoreburn Shoreburn
Erilyn Erilyn
Courtwall Courtwall
Violetley Violetley
Clearland Clearland
Valhaven Valhaven
Eastcastle Eastcastle
Greyice Greyice
Greenshore Greenshore
Stonefair Stonefair
Morwall Morwall
Dellwyn Dellwyn
Foxvale Foxvale
Woodice Woodice
Wellmage Wellmage
Freyview Freyview
