77 14 24 91 24 14 59 11 59 66 59 14 89 35 28 47 41 63 65 63 74 13 53 82 21 16 17 94 70 48 42 95 39 4 3 58 54 58 96 88 90 88 96 58 3 4 73 40 46 18 31 18 98 18 46 40 73 93 73 4 39 95 42 48 85 48 70 94 16 32 22 32 16 21 82 27 12 69 12 27 53 13 62 92 83 37 10 25 10 37 36 37 87 37 83 92 62 13 76 81 76 13 63 41 71 50 57 29 57 50 97 9 20 6 8 33 45 38 44 38 45 33 8 6 49 6 55 6 20 9 60 34 51 34 60 84 52 56 2 56 72 15 72 80 72 56 52 84 68 84 60 9 97 50 71 100 43 99 79 99 43 100 61 75 61 100 71 41 47 28 86 28 35 89 14 77 30 19 5 19 30 26 67 23 7 1 7 78 7 23 67 64 67 26 30 77
33
1 1
4 4
7 7
10 10
13 13
16 16
19 19
22 22
25 25
28 28
31 31
34 34
37 37
40 40
43 43
46 46
49 49
52 52
55 55
58 58
61 61
64 64
67 67
70 70
73 73
76 76
79 79
82 82
85 85
88 88
91 91
94 94
97 97
