129 15 41 157 4 2 46 25 46 2 55 2 4 111 4 157 110 154 193 154 196 37 196 154 110 157 41 15 129 99 30 83 116 83 30 99 31 88 1 20 53 153 53 20 66 6 29 6 128 6 130 6 189 6 66 20 1 88 146 113 54 113 127 113 146 126 146 88 31 99 145 32 181 8 142 122 12 122 69 9 61 69 167 69 122 142 8 181 87 181 169 181 32 187 32 145 180 86 188 50 147 50 188 179 35 179 76 179 92 13 118 10 100 10 118 45 22 45 36 47 36 63 36 74 160 74 36 45 118 143 118 166 118 13 92 124 137 16 137 17 75 17 137 124 92 179 161 185 65 123 103 98 18 81 18 98 48 34 42 56 42 34 51 24 94 27 140 39 140 149 141 172 141 149 140 27 165 40 3 40 165 27 198 27 94 139 199 139 94 24 51 62 71 64 119 163 119 64 173 64 71 90 77 152 91 152 90 71 62 156 171 49 162 49 171 177 171 156 62 51 197 5 28 5 78 120 59 186 59 120 78 5 148 5 197 107 82 107 197 51 34 109 184 85 117 38 155 38 117 85 133 102 138 102 133 106 178 106 133 85 184 168 184 109 34 48 97 101 52 101 170 58 159 58 170 73 136 134 136 73 170 200 170 101 97 48 98 103 174 103 192 121 176 121 192 175 26 175 192 103 123 65 185 95 11 96 70 44 70 96 11 108 11 95 57 14 104 14 57 95 68 89 114 93 131 93 114 89 68 95 185 158 84 7 19 43 72 21 67 23 67 195 67 21 151 33 151 21 182 183 80 183 182 190 60 132 190 150 135 150 190 182 21 72 79 112 79 72 43 144 43 19 7 84 164 105 115 125 115 105 164 84 158 185 191 185 161 179 188 194 188 86 180 145 99 129
66
1 1
4 4
7 7
10 10
13 13
16 16
19 19
22 22
25 25
28 28
31 31
34 34
37 37
40 40
43 43
46 46
49 49
52 52
55 55
58 58
61 61
64 64
67 67
70 70
73 73
76 76
79 79
82 82
85 85
88 88
91 91
94 94
97 97
100 100
103 103
106 106
109 109
112 112
115 115
118 118
121 121
124 124
127 127
130 130
133 133
136 136
139 139
142 142
145 145
148 148
151 151
154 154
157 157
160 160
163 163
166 166
169 169
172 172
175 175
178 178
181 181
184 184
187 187
190 190
193 193
196 196
