FacultyClub EarthquakeLibrary Durham HealthServices VLSB BerkeleyLawLibrary MartinezCommons Investigative PhysicsLibrary NorthGate UniversityHouse SproulPlaza FoundersRock CesarChavez OBrien Koshland MelvinLaboratory Campbell FPF Birge Wellman WooHonFai MaxwellField Bowles Stanley BioscienceLibrary Hilgard HearstGreekTheatre LawSchool AlumniHouse MediaCenter IdaHouse ArtHistoryLibrary Durant BancroftDance NewspapersLibrary LawrenceofScience Evans Mulford McCone EnergyBuilding Davis HearstGym Unit3 Manville BerkeleyWayWest Jacobs Pimentel Jacobs EastAsianLibrary FoxCottage LatinAmerican Bechtel BrainImagingCenter InternationalHouse Latimer Boalt EngineeringLibrary MSRI Spieker ArtHistoryLibrary LeConte Soda VisualCenter MLK Etcheverry SocialLibrary Hildebrand DonnerLaboratory SpringerGateway Senior SEAsianLibrary CITRIS Underhill UpperHearstParking Morrison Stephens AndersenAuditorium BancroftLibrary HearstFountain CareerCenter StowPlaza EthnicLibrary HearstFieldAnnex Sproul AnthropologyLibrary AquaticCenter SimpsonCenter EarthLibrary StudentUnion SutardjaDai Giauque OptometryLibrary Library BanwayBuilding TAAP Warren PacificFilmArchive MathLibrary IRLE Cheit Wheeler FacultyClub
50
FacultyClub FacultyClub
BioscienceLibrary BioscienceLibrary
SutardjaDai SutardjaDai
Etcheverry Etcheverry
SproulPlaza SproulPlaza
Hilgard Hilgard
StudentUnion StudentUnion
EarthquakeLibrary EarthquakeLibrary
UniversityHouse UniversityHouse
LawrenceofScience LawrenceofScience
Pimentel Pimentel
Mulford Mulford
CareerCenter CareerCenter
HearstGym HearstGym
Durham Durham
OBrien OBrien
Library Library
Spieker Spieker
FPF FPF
PacificFilmArchive PacificFilmArchive
BrainImagingCenter BrainImagingCenter
Morrison Morrison
Wheeler Wheeler
Cheit Cheit
Manville Manville
Koshland Koshland
Jacobs Jacobs
Investigative Investigative
EarthLibrary EarthLibrary
EnergyBuilding EnergyBuilding
MediaCenter MediaCenter
StowPlaza StowPlaza
MartinezCommons MartinezCommons
MelvinLaboratory MelvinLaboratory
BancroftDance BancroftDance
AndersenAuditorium AndersenAuditorium
Unit3 Unit3
AnthropologyLibrary AnthropologyLibrary
Stephens Stephens
InternationalHouse InternationalHouse
OptometryLibrary OptometryLibrary
IRLE IRLE
SpringerGateway SpringerGateway
DonnerLaboratory DonnerLaboratory
ArtHistoryLibrary ArtHistoryLibrary
Sproul Sproul
Birge Birge
CITRIS CITRIS
NewspapersLibrary NewspapersLibrary
Warren Warren
