FacultyClub EarthquakeLibrary RSSBuilding Morrison Stern MLK BancroftLibrary SutardjaDai BancroftLibrary Library FPF Moses Minor SoutheastAsian EnvDesignLibrary BrainImagingCenter WooHonFai Bechtel Bowles AquaticCenter MSRI LawSchool Boalt ArtHistoryLibrary Durham WomensFacultyClub HaasClubhouse Unit3 BerkeleyWayWest LatinAmerican NatrLaboratory DataLab CounselingLibrary Birge Classof54Gate Stephens OBrien LeConte Campbell IRLE SpringerGateway BAMPFA WestGate RecreationalSports DoeMemorialLibrary GraduateServices EngineeringLibrary FoundersRock SEAsianLibrary InsectaryGreenhouse BioscienceLibrary Jacobs OptometryLibrary Stanley HearstFountain GoldmanSchool VLSB InsectaryGreenhouse RegionalLibrary Lewis Blackwell Haas Warren OxfordResearchUnit UniversityHouse CesarChavez FSM Durant FSM Blum JuliaMorgan SharedServices Wellman Simon EnergyBuilding IdaHouse LiKaShingCenter Wheeler CareerCenter VLSBAddition SpaceLab Soda ChildCenter MoffittLibrary TheologicalLibrary Unit3 HaasClubhouse 1914Fountain EastGate AlumniHouse McCone VisitorCenter HearstFieldAnnex NewspapersLibrary AnthropologyLibrary StudentUnion LawrenceofScience SproulPlaza KoretVisitorCenter Underhill LowerHearstParking EarthLibrary TAAP TheGlade Giannini Manville NorthGate BusinessLibrary HearstGym Pimentel Unit2 University LudwigsFountain MusicLibrary ChildStudyCenter Parking EthnicLibrary Architects Senior Hertz Foothill UCBExtension StowPlaza AnnaHeadAlumnae BancroftParking Barker PacificFilmArchive Cheit MartinezCommons MemorialPool Demography VisualCenter Eshleman Tan AndersenAuditorium SummerSession MaxwellField Wurster SimpsonCenter Latimer PublicAffairs FoxCottage TennisCenter Davis InternationalHouse HearstGreekTheatre Unit1 Hilgard DonnerLaboratory Cory MediaCenter UpperHearstParking InnovationStudio HaasPavilion Haviland PEERLibrary Archaeological Anthony ChanningBowditch Investigative Hesse GPB Tang MelvinLaboratory JacksonHouse Etcheverry MemorialStadium SatherGate Koshland MathLibrary EllsworthParking Hildebrand Mulford PhilosophyLibrary Cleary BancroftDance Giauque CalvinLaboratory Dwinelle Cleary PhilosophyLibrary South ClarkKerrCampus Cal1CardOffice Extension Kroeber Spieker OldArtGallery CITRIS BerkeleyLawLibrary HearstMining Zellerbach BanwayBuilding Sproul Chou Campanile GreekTheatre SocialLibrary Barrows Gilman Morgan LBNL HealthServices EastAsianLibrary PhysicsLibrary McLaughlin Evans FacultyClub
100
FacultyClub FacultyClub
BioscienceLibrary BioscienceLibrary
SutardjaDai SutardjaDai
Etcheverry Etcheverry
SproulPlaza SproulPlaza
Hilgard Hilgard
StudentUnion StudentUnion
EarthquakeLibrary EarthquakeLibrary
UniversityHouse UniversityHouse
LawrenceofScience LawrenceofScience
Pimentel Pimentel
Mulford Mulford
CareerCenter CareerCenter
HearstGym HearstGym
Durham Durham
OBrien OBrien
Library Library
Spieker Spieker
FPF FPF
PacificFilmArchive PacificFilmArchive
BrainImagingCenter BrainImagingCenter
Morrison Morrison
Wheeler Wheeler
Cheit Cheit
Manville Manville
Koshland Koshland
Jacobs Jacobs
Investigative Investigative
EarthLibrary EarthLibrary
EnergyBuilding EnergyBuilding
MediaCenter MediaCenter
StowPlaza StowPlaza
MartinezCommons MartinezCommons
MelvinLaboratory MelvinLaboratory
BancroftDance BancroftDance
AndersenAuditorium AndersenAuditorium
Unit3 Unit3
AnthropologyLibrary AnthropologyLibrary
Stephens Stephens
InternationalHouse InternationalHouse
OptometryLibrary OptometryLibrary
IRLE IRLE
SpringerGateway SpringerGateway
DonnerLaboratory DonnerLaboratory
ArtHistoryLibrary ArtHistoryLibrary
Sproul Sproul
Birge Birge
CITRIS CITRIS
NewspapersLibrary NewspapersLibrary
Warren Warren
PhysicsLibrary PhysicsLibrary
CesarChavez CesarChavez
BerkeleyWayWest BerkeleyWayWest
MSRI MSRI
HealthServices HealthServices
WooHonFai WooHonFai
TAAP TAAP
MathLibrary MathLibrary
AquaticCenter AquaticCenter
UpperHearstParking UpperHearstParking
Evans Evans
BancroftLibrary BancroftLibrary
HearstFieldAnnex HearstFieldAnnex
HearstFountain HearstFountain
BerkeleyLawLibrary BerkeleyLawLibrary
Underhill Underhill
Campbell Campbell
Davis Davis
NorthGate NorthGate
Giauque Giauque
AlumniHouse AlumniHouse
Bowles Bowles
Wellman Wellman
VLSB VLSB
Senior Senior
Stanley Stanley
SocialLibrary SocialLibrary
EastAsianLibrary EastAsianLibrary
SimpsonCenter SimpsonCenter
EthnicLibrary EthnicLibrary
FoxCottage FoxCottage
Hildebrand Hildebrand
MaxwellField MaxwellField
SEAsianLibrary SEAsianLibrary
IdaHouse IdaHouse
Bechtel Bechtel
BanwayBuilding BanwayBuilding
EngineeringLibrary EngineeringLibrary
Durant Durant
Soda Soda
McCone McCone
LatinAmerican LatinAmerican
VisualCenter VisualCenter
LawSchool LawSchool
LeConte LeConte
HearstGreekTheatre HearstGreekTheatre
MLK MLK
Boalt Boalt
Latimer Latimer
FoundersRock FoundersRock
