FacultyClub Etcheverry HearstGym BioscienceLibrary Investigative SpringerGateway NewspapersLibrary LawrenceofScience PacificFilmArchive OBrien Library EarthLibrary DonnerLaboratory OptometryLibrary CareerCenter StowPlaza MelvinLaboratory SproulPlaza MartinezCommons Durham Wheeler InternationalHouse Manville Hilgard Jacobs Cheit Pimentel AnthropologyLibrary AndersenAuditorium Unit3 Birge BancroftDance Spieker Stephens Sproul MediaCenter EarthquakeLibrary ArtHistoryLibrary UniversityHouse SutardjaDai FPF UniversityHouse IRLE Warren Mulford Morrison BrainImagingCenter CITRIS StudentUnion EnergyBuilding Koshland FacultyClub
25
FacultyClub FacultyClub
BioscienceLibrary BioscienceLibrary
SutardjaDai SutardjaDai
Etcheverry Etcheverry
SproulPlaza SproulPlaza
Hilgard Hilgard
StudentUnion StudentUnion
EarthquakeLibrary EarthquakeLibrary
UniversityHouse UniversityHouse
LawrenceofScience LawrenceofScience
Pimentel Pimentel
Mulford Mulford
CareerCenter CareerCenter
HearstGym HearstGym
Durham Durham
OBrien OBrien
Library Library
Spieker Spieker
FPF FPF
PacificFilmArchive PacificFilmArchive
BrainImagingCenter BrainImagingCenter
Morrison Morrison
Wheeler Wheeler
Cheit Cheit
Manville Manville
