0 6 12 36 50 12 67 34 49 97 46 61 93 74 89 30 23 5 4 15 5 20 71 79 55 39 10 41 27 82 29 98 83 73 42 48 38 16 17 24 3 14 45 59 69 95 69 59 75 18 87 25 37 52 33 22 47 57 62 56 26 65 72 44 70 86 76 78 99 53 32 64 96 7 77 13 2 66 2 92 8 9 19 11 1 21 1 11 31 35 68 84 40 90 91 43 51 54 58 85 60 94 43 19 80 81 28 92 63 88 0
47
1 1
2 2
3 3
4 4
6 6
10 10
11 11
16 16
17 17
23 23
24 24
25 25
26 26
28 28
29 29
30 30
31 31
32 32
41 41
43 43
44 44
45 45
46 46
47 47
48 48
50 50
53 53
57 57
58 58
59 59
61 61
62 62
67 67
70 70
73 73
76 76
77 77
78 78
81 81
82 82
85 85
86 86
88 88
89 89
95 95
97 97
99 99
