0 20 9 52 5 24 120 113 128 74 35 6 118 147 62 14 21 25 186 154 7 90 7 141 7 45 46 125 73 71 67 18 28 18 59 121 37 109 37 121 59 179 67 149 103 139 72 34 150 182 70 153 178 49 63 17 12 183 174 136 17 55 15 89 41 83 81 177 195 119 143 132 84 17 142 93 49 106 96 91 137 96 101 108 40 77 1 79 48 68 49 175 144 193 190 185 87 187 114 66 58 114 140 187 190 193 178 128 172 56 19 16 124 61 38 85 92 85 163 82 54 82 75 130 191 127 102 65 100 152 98 78 43 156 166 184 69 167 162 64 127 107 60 31 57 117 134 158 86 44 80 135 99 116 112 88 148 27 32 42 105 176 50 76 181 157 2 3 4 22 10 8 11 30 33 36 160 168 36 170 111 47 104 94 110 173 171 180 165 180 8 10 159 22 39 23 22 138 29 4 197 123 13 126 133 26 198 199 97 53 146 131 157 95 157 122 145 51 161 151 196 188 60 155 194 129 60 189 192 115 9 20 164 20 169 0
98
3 3
8 8
13 13
15 15
17 17
18 18
19 19
25 25
26 26
32 32
33 33
35 35
38 38
42 42
44 44
46 46
47 47
48 48
49 49
51 51
52 52
55 55
56 56
58 58
60 60
64 64
65 65
67 67
69 69
71 71
73 73
74 74
75 75
76 76
77 77
80 80
82 82
83 83
85 85
87 87
88 88
90 90
91 91
92 92
93 93
94 94
96 96
97 97
99 99
102 102
103 103
105 105
106 106
112 112
113 113
114 114
117 117
119 119
120 120
123 123
124 124
131 131
132 132
133 133
134 134
135 135
136 136
139 139
140 140
141 141
143 143
145 145
148 148
149 149
153 153
154 154
155 155
158 158
161 161
162 162
167 167
168 168
169 169
170 170
171 171
172 172
173 173
174 174
175 175
177 177
178 178
180 180
181 181
188 188
191 191
195 195
197 197
199 199
