1 65 9 43 14 43 100 45 100 77 100 43 9 62 81 62 9 88 36 58 36 89 17 75 17 78 70 78 17 18 28 27 41 28 61 86 61 28 66 30 66 55 22 12 57 12 93 12 22 47 22 40 60 13 60 40 55 28 84 71 84 28 18 35 3 92 10 92 72 92 3 99 16 96 16 99 25 52 4 50 4 97 4 25 99 3 39 18 44 24 44 56 7 56 67 31 15 2 15 68 23 68 15 69 29 90 29 69 59 19 38 53 21 73 21 53 26 37 26 46 42 49 94 49 42 46 26 53 38 19 59 69 15 67 63 67 56 44 74 44 87 44 95 51 20 33 32 82 6 5 64 5 6 82 32 83 33 34 80 34 33 20 51 95 91 95 44 18 48 11 48 85 48 18 89 79 89 98 8 98 54 98 76 98 89 36 88 65 1
50
2 2
3 3
4 4
5 5
6 6
7 7
8 8
9 9
10 10
11 11
12 12
13 13
14 14
15 15
16 16
17 17
18 18
19 19
20 20
21 21
22 22
23 23
24 24
25 25
26 26
27 27
28 28
29 29
30 30
31 31
32 32
33 33
34 34
35 35
36 36
37 37
38 38
39 39
40 40
41 41
42 42
43 43
44 44
45 45
46 46
47 47
48 48
49 49
50 50
51 51
