1 7 1 15 2 61 38 124 38 61 93 61 131 56 131 61 147 85 33 29 33 59 44 40 44 88 34 88 133 88 149 74 99 149 162 185 199 185 200 185 162 149 165 78 3 78 149 88 158 143 158 88 44 59 119 59 33 140 154 140 168 32 87 107 128 112 67 41 16 142 181 142 148 16 41 72 41 178 41 67 102 67 135 156 67 167 83 167 101 179 39 71 9 71 184 71 39 179 101 167 67 112 80 20 80 70 80 112 174 112 128 107 87 32 168 140 33 85 144 85 147 61 188 61 2 164 86 164 94 11 94 52 82 52 94 164 118 50 17 50 118 116 118 164 173 164 2 15 105 166 46 166 98 166 190 160 190 166 105 15 177 122 134 31 66 13 5 13 69 30 141 12 51 103 51 120 51 170 115 170 51 12 192 12 141 30 69 68 76 79 76 68 136 68 180 146 180 68 69 161 19 161 58 35 57 35 110 35 58 161 197 69 13 106 13 66 43 189 43 66 90 111 91 111 157 10 157 60 129 60 157 153 157 111 90 66 31 127 45 108 45 183 45 127 163 127 31 159 14 22 63 22 14 159 31 134 172 62 92 18 100 194 23 104 73 104 23 194 169 194 100 18 114 26 48 89 121 89 48 26 130 75 65 54 65 137 139 77 49 77 139 137 65 75 130 26 114 117 114 198 187 47 187 198 114 18 176 96 176 182 176 18 92 97 24 37 24 97 126 97 92 62 196 109 132 150 36 150 132 109 155 109 171 109 196 62 172 84 28 186 28 84 172 195 134 122 138 122 177 123 25 4 25 123 55 27 145 8 145 27 55 53 6 53 95 42 64 42 95 151 175 113 175 152 21 152 151 191 125 81 125 191 193 191 151 95 53 123 177 15 1
100
2 2
3 3
4 4
5 5
6 6
7 7
8 8
9 9
10 10
11 11
12 12
13 13
14 14
15 15
16 16
17 17
18 18
19 19
20 20
21 21
22 22
23 23
24 24
25 25
26 26
27 27
28 28
29 29
30 30
31 31
32 32
33 33
34 34
35 35
36 36
37 37
38 38
39 39
40 40
41 41
42 42
43 43
44 44
45 45
46 46
47 47
48 48
49 49
50 50
51 51
52 52
53 53
54 54
55 55
56 56
57 57
58 58
59 59
60 60
61 61
62 62
63 63
64 64
65 65
66 66
67 67
68 68
69 69
70 70
71 71
72 72
73 73
74 74
75 75
76 76
77 77
78 78
79 79
80 80
81 81
82 82
83 83
84 84
85 85
86 86
87 87
88 88
89 89
90 90
91 91
92 92
93 93
94 94
95 95
96 96
97 97
98 98
99 99
100 100
101 101
