159 22 95 57 63 13 106 197 106 13 63 121 63 57 64 130 107 134 120 134 107 189 8 178 8 193 24 193 53 137 19 137 85 54 115 54 85 137 101 1 39 1 94 108 38 113 38 108 50 29 88 131 88 160 88 29 175 29 187 68 187 135 187 168 187 29 50 108 83 44 60 196 60 44 83 108 150 103 150 108 94 1 101 25 45 72 7 72 45 25 138 69 155 69 171 10 66 36 17 36 66 10 200 10 171 69 138 81 28 9 28 81 30 11 30 62 30 143 30 81 164 6 52 6 164 43 164 81 138 25 101 132 101 137 127 61 188 61 127 80 127 109 180 122 180 109 127 112 127 142 46 37 75 89 75 37 46 49 46 90 46 192 46 142 129 15 167 15 129 41 20 87 91 87 20 104 20 41 129 78 129 142 141 110 141 142 127 146 127 137 176 58 176 137 53 163 53 193 153 5 33 5 102 12 102 82 102 123 102 5 153 193 8 189 32 79 3 79 170 42 55 42 170 79 32 189 59 100 139 100 161 100 181 100 199 100 59 147 40 147 73 147 157 71 157 147 59 189 92 114 35 198 35 114 92 116 92 158 74 185 74 158 99 158 92 189 117 48 182 47 148 51 148 47 182 48 117 189 107 130 64 177 111 34 111 128 111 177 174 177 64 57 95 22 159 77 140 14 56 84 118 195 136 195 152 172 18 172 119 67 162 191 162 67 119 86 119 172 126 172 152 173 27 145 27 166 27 169 27 173 133 173 152 195 118 84 56 93 65 26 65 98 65 144 65 186 65 93 70 93 154 2 125 2 154 179 16 179 154 93 56 96 56 156 31 124 31 156 56 14 97 14 140 149 4 149 23 194 21 194 23 149 76 151 76 184 105 184 165 183 165 184 76 149 140 77 190 77 159
100
122 122
43 43
157 157
169 169
100 100
128 128
36 36
134 134
15 15
32 32
86 86
146 146
101 101
107 107
76 76
93 93
35 35
77 77
72 72
126 126
193 193
132 132
185 185
63 63
47 47
52 52
116 116
71 71
46 46
65 65
172 172
45 45
138 138
158 158
2 2
97 97
79 79
137 137
174 174
98 98
31 31
17 17
51 51
85 85
64 64
106 106
10 10
120 120
199 199
53 53
21 21
191 191
41 41
38 38
180 180
114 114
37 37
96 96
190 190
74 74
61 61
26 26
133 133
121 121
155 155
99 99
4 4
13 13
87 87
3 3
111 111
24 24
82 82
181 181
145 145
28 28
34 34
178 178
48 48
140 140
156 156
165 165
148 148
154 154
102 102
7 7
14 14
11 11
40 40
59 59
139 139
123 123
109 109
167 167
22 22
200 200
192 192
60 60
6 6
88 88
