33 20 15 20 73 42 56 42 83 98 13 98 91 46 75 46 91 98 83 42 93 22 2 22 59 93 42 73 87 73 20 80 28 80 72 80 20 100 11 100 95 85 95 100 20 33 86 60 31 16 29 77 29 16 39 82 40 82 39 16 94 25 94 47 94 16 31 60 67 54 30 54 84 54 67 57 67 69 24 70 44 58 44 70 24 69 34 69 38 32 6 81 61 81 6 32 41 32 89 14 21 45 21 14 63 12 63 17 63 66 27 23 1 96 1 23 27 66 63 14 97 8 97 14 89 32 38 37 51 37 79 36 18 36 53 71 48 71 53 36 99 19 99 36 79 37 38 52 65 52 38 69 62 69 88 69 67 60 86 64 76 26 43 5 35 7 49 7 78 7 35 50 35 92 3 9 10 90 68 4 68 90 10 9 74 9 3 55 3 92 35 5 43 26 76 64 86 33
50
60 60
31 31
17 17
80 80
79 79
68 68
61 61
89 89
13 13
9 9
63 63
8 8
5 5
100 100
20 20
19 19
22 22
34 34
7 7
50 50
94 94
86 86
26 26
30 30
54 54
10 10
42 42
23 23
95 95
15 15
67 67
35 35
64 64
2 2
88 88
47 47
75 75
29 29
40 40
82 82
57 57
97 97
65 65
69 69
11 11
12 12
48 48
52 52
51 51
25 25
