K AL AX AL CK CV CK DX EZ AL DC R DY AU GL DF AU DY R GA GH H T DN T H AZ BJ BM AZ EQ FF DJ AZ H DE EJ AW GP FL EL AK DG BD AK FZ C AI P BQ Q BE G BT M AH FP A BV AG DD BY DV AF J CO FM EM AR GS DH GR BW EO AE EO DB DP FS GI CS DA DL DA J DI J DT FV GO EB GD AH FX EP GF FH F AS FW AP U GN AV EC DZ GQ CU F DQ BE AT EW AJ EW BE BC N CA Z CL EE EV CE EN DO CE CP B FD BZ V BZ EG CP EK BC CI AO CJ CM BI I BB I BI AC O AM O BU O FY W BS CC BF CC DK CC DU FO FQ FA AQ BA AB EU EI BI FI CB DW GU Q BN BK CD ER ED FT GV DR BK GC BO EA BN EX AA EX BN FR S FR Y L BG BH FN X DM X FN DS GB Y GJ FG CG FR CN CF EH FR FK BQ P ES CR FU GE AI ET GT FE C GK C FZ D EY AN EY BP FB H R DC AY E CQ FJ CT GM EF FC BR BL BR CH GG BX AD BX K
100
A A
B B
C C
D D
E E
F F
G G
H H
I I
J J
K K
L L
M M
N N
O O
P P
Q Q
R R
S S
T T
U U
V V
W W
X X
Y Y
Z Z
AA AA
AB AB
AC AC
AD AD
AE AE
AF AF
AG AG
AH AH
AI AI
AJ AJ
AK AK
AL AL
AM AM
AN AN
AO AO
AP AP
AQ AQ
AR AR
AS AS
AT AT
AU AU
AV AV
AW AW
AX AX
AY AY
AZ AZ
BA BA
BB BB
BC BC
BD BD
BE BE
BF BF
BG BG
BH BH
BI BI
BJ BJ
BK BK
BL BL
BM BM
BN BN
BO BO
BP BP
BQ BQ
BR BR
BS BS
BT BT
BU BU
BV BV
BW BW
BX BX
BY BY
BZ BZ
CA CA
CB CB
CC CC
CD CD
CE CE
CF CF
CG CG
CH CH
CI CI
CJ CJ
CK CK
CL CL
CM CM
CN CN
CO CO
CP CP
CQ CQ
CR CR
CS CS
CT CT
CU CU
CV CV
