36 1 36 2 36 3 91 36 5 36 8 36 9 36 12 77 36 13 36 14 36 15 36 19 36 20 76 36 22 36 23 18 36 24 80 36 26 6 36 27 61 36 28 16 36 29 36 30 36 31 36 32 39 32 60 32 36 33 73 36 37 36 38 11 36 41 36 42 36 43 36 46 45 36 47 0 36 48 36 49 59 36 51 36 52 89 36 53 21 36 54 36 55 36 56 36 57 17 36 62 34 36 63 44 36 64 36 65 36 67 66 36 68 4 36 69 36 70 36 71 36 72 10 36 75 78 36 79 74 36 81 36 82 7 36 83 36 84 36 85 36 86 25 36 87 36 88 36 90 50 36 92 36 93 40 36 94 36 95 36 96 35 36 97 36 98 36 99 58 36
50
0 0
4 4
5 5
6 6
7 7
10 10
11 11
15 15
16 16
17 17
18 18
19 19
21 21
25 25
29 29
30 30
34 34
35 35
37 37
39 39
40 40
41 41
42 42
43 43
44 44
45 45
48 48
50 50
51 51
55 55
56 56
58 58
59 59
60 60
61 61
65 65
66 66
71 71
73 73
74 74
76 76
77 77
78 78
80 80
81 81
88 88
89 89
91 91
92 92
98 98
