50 0 50 2 23 50 3 29 50 4 50 5 50 6 161 50 7 50 8 50 9 50 10 50 11 176 50 12 85 50 13 50 14 50 15 51 50 16 117 50 17 50 18 50 19 50 20 50 21 31 50 22 101 50 24 50 26 50 28 50 32 50 33 50 34 112 50 35 50 36 50 37 80 50 38 50 39 1 50 40 50 41 50 42 50 43 50 45 55 50 46 50 47 50 48 50 49 50 52 50 56 50 57 50 58 50 59 50 60 50 61 50 63 99 50 64 30 50 65 198 50 66 50 67 50 68 50 70 110 50 71 50 72 50 73 153 50 74 50 75 54 50 76 50 79 69 50 81 50 83 50 86 50 87 77 50 90 123 50 91 50 92 50 93 89 50 94 125 50 95 50 96 50 97 88 50 98 50 100 195 50 102 50 103 50 104 50 105 44 50 106 53 50 107 50 108 50 109 62 109 84 109 50 111 50 113 50 114 50 115 50 116 50 119 157 50 120 50 122 50 126 50 127 50 128 50 129 50 130 50 131 50 132 25 50 133 50 134 50 135 50 136 50 137 124 50 138 50 139 50 140 50 142 50 145 177 50 147 50 148 50 149 82 50 150 50 151 50 152 27 50 154 50 155 50 156 50 158 50 159 50 160 50 162 50 163 146 50 164 50 165 50 166 50 167 78 50 168 50 169 50 170 50 171 144 50 172 50 173 121 50 174 50 175 50 178 141 50 179 50 180 50 181 50 182 50 183 50 184 50 185 50 186 50 187 50 188 50 189 50 190 50 191 50 192 118 50 193 50 194 50 196 50 197 50 199 143 50
100
0 0
1 1
4 4
7 7
9 9
10 10
13 13
14 14
18 18
23 23
25 25
27 27
29 29
30 30
31 31
36 36
38 38
40 40
41 41
44 44
47 47
49 49
51 51
53 53
54 54
55 55
56 56
57 57
61 61
62 62
69 69
71 71
76 76
77 77
78 78
80 80
81 81
82 82
83 83
84 84
85 85
86 86
88 88
89 89
92 92
96 96
99 99
101 101
102 102
107 107
108 108
110 110
111 111
112 112
113 113
115 115
117 117
118 118
120 120
121 121
123 123
124 124
125 125
126 126
127 127
128 128
129 129
133 133
134 134
136 136
138 138
139 139
141 141
142 142
143 143
144 144
146 146
147 147
148 148
153 153
156 156
157 157
161 161
162 162
164 164
169 169
170 170
172 172
176 176
177 177
179 179
180 180
181 181
182 182
185 185
186 186
187 187
195 195
197 197
198 198
