Satish 4C88SXD SMKUVHVP PUW25N CKNDWG ZMZIWZ 4UE11 LTI99R LQQ5IH MXJIYJYNH4 9QJRN OWZ42C5 8AEKBAKS WCKDX 4RGA VG9H9B 6DSNDY DYYG23O R5XAD9J7 DYYG23O YDG8AEOM ETB2 GT9LU 2B1K6EW9CL NL759YK8J GKMO7E 3IXHQXHYBV GKMO7E DX16SQ 29D6AOX P6RI91D87 RN53CTZ NN7ZEA QWHT 79KTC8AS9 08W7NAP6G 2841 W71YV1R66L 21841CIYO LI4EXO81 716QJY 2JLZE 0TRB9358 G7PWWJ QUFALN S4XB7I2C M649OA AKDE80E0B E9DZLL 9V10EOH G7PWWJ 8MDFNIK8AY FWM5C LBR67PCKBJ S9D1BZACEW 9K8PLAET A8WYICH3 XV55 CPB2G FPZT ZH2INF G90OCSZY FM2G14H8I P5F5G H1LQ91V U7WDA2Z1 W6YZ5IB VSEMBLQ7O3 Q7ZEY 7GAD3F 5T3W CB93 GLUWC L7QS0UEPJ ZMQ5BH A118 PIW6IC50D LU68 4P0LGP0 EFIKTK4Y0Y NP5A5 11NACH2LP ALEI6N M35E E37ZKA8WK O44VZ RA0QQI4 O44VZ I2GUQ1XYTA OEMHKCHOT B3R68HYWZ 7HSLUFQG LM7KL5G3V A2H6A9I 43IK3HR83 DST5W4G0 FGYJ1J DNIV2BOR2P PMXEOGGIQ ZRI9UW E37ZKA8WK 91ZONFE AV4KL I38TH1O QW15YTSV X9MIV9 H41HZ6 E2DHWGC LUQ3 9J84 HM48FZD0 26PG 9PCUL07FJ 5Q8CRZ2VCM YSRPP 6Z9AYLO 6VVS6 ZVKJMH7669 8TH7QVQY GNVXN 6PVQIBNB9 VGYKKKOFLZ Q7Z37G5 4TME HBQM42U 4TME 3WJYJDDU YJYOMJ6A E5HD 2BLLD3SK 4FEG 7622OJ ET82NVH9 PFQFEJGD4C ZZACWP FM2HEMVR1 GE62L 4OJB6 7DPM9 JA1QYGQ0N9 JHMI MLKOJ JX6GCY 1UCE 7RUMCGSI YU3U1T JA1QYGQ0N9 B690 KRTUQM FIMPNJZ71 H35F CS9HHJ2XP GN4G0L2 0ZW9ZBMKBT GILAN21GR3 YR1G5AYFJ OOAS 3J6SSA GH8C G4QE3I UDBFED 8UPUEGO J3H3CKHTS ARTWTP9 L2MG8NMU KCOFJD 01G9IQ2 F3KYKRQW6 M71OYIS RP28W1 I49ID BQ5OUI HE0R1EZN9 IHN21LA4 EEZS HQG39M YSEDVWTUST ZE5CVXXZC KBI1CALMNJ 5HULMUDLAQ 01QU XU4IP5J BRG51KM Y99D5Y12 7T8I47 CV6NHW7M ETNCY9XH2 R4DHH1KAWR ETNCY9XH2 2CUB41BE 7YZ45UL88 YQB2CII950 VOAV VIMVIHOY 02X2C FU90E C8WREP 2P6O4RH0 J2ETZ1C CXQDH6YMZ8 5XYO SQLSVN KUDS 2GEII6 J7EUOPWQ EBO9YD47 DDB26ZHC 4VE7V Satish
100
3WJYJDDU 3WJYJDDU
9QJRN 9QJRN
GNVXN GNVXN
8MDFNIK8AY 8MDFNIK8AY
B690 B690
W71YV1R66L W71YV1R66L
G4QE3I G4QE3I
P6RI91D87 P6RI91D87
ET82NVH9 ET82NVH9
SQLSVN SQLSVN
9V10EOH 9V10EOH
YU3U1T YU3U1T
CB93 CB93
2BLLD3SK 2BLLD3SK
1UCE 1UCE
IHN21LA4 IHN21LA4
DNIV2BOR2P DNIV2BOR2P
91ZONFE 91ZONFE
DDB26ZHC DDB26ZHC
EFIKTK4Y0Y EFIKTK4Y0Y
G90OCSZY G90OCSZY
0TRB9358 0TRB9358
JX6GCY JX6GCY
YQB2CII950 YQB2CII950
7T8I47 7T8I47
HQG39M HQG39M
79KTC8AS9 79KTC8AS9
4UE11 4UE11
ETNCY9XH2 ETNCY9XH2
EEZS EEZS
A118 A118
FM2HEMVR1 FM2HEMVR1
KCOFJD KCOFJD
7622OJ 7622OJ
HBQM42U HBQM42U
8UPUEGO 8UPUEGO
ARTWTP9 ARTWTP9
VOAV VOAV
ETB2 ETB2
26PG 26PG
C8WREP C8WREP
3IXHQXHYBV 3IXHQXHYBV
FWM5C FWM5C
LM7KL5G3V LM7KL5G3V
02X2C 02X2C
PIW6IC50D PIW6IC50D
QW15YTSV QW15YTSV
ZZACWP ZZACWP
M35E M35E
E5HD E5HD
H41HZ6 H41HZ6
J2ETZ1C J2ETZ1C
LQQ5IH LQQ5IH
A8WYICH3 A8WYICH3
ZH2INF ZH2INF
E9DZLL E9DZLL
4C88SXD 4C88SXD
ZMQ5BH ZMQ5BH
MLKOJ MLKOJ
E2DHWGC E2DHWGC
8TH7QVQY 8TH7QVQY
ZMZIWZ ZMZIWZ
3J6SSA 3J6SSA
DST5W4G0 DST5W4G0
01G9IQ2 01G9IQ2
MXJIYJYNH4 MXJIYJYNH4
PUW25N PUW25N
Q7ZEY Q7ZEY
YSRPP YSRPP
HM48FZD0 HM48FZD0
L7QS0UEPJ L7QS0UEPJ
KBI1CALMNJ KBI1CALMNJ
CKNDWG CKNDWG
GH8C GH8C
4P0LGP0 4P0LGP0
FM2G14H8I FM2G14H8I
M71OYIS M71OYIS
CV6NHW7M CV6NHW7M
LBR67PCKBJ LBR67PCKBJ
7GAD3F 7GAD3F
O44VZ O44VZ
PMXEOGGIQ PMXEOGGIQ
GILAN21GR3 GILAN21GR3
FPZT FPZT
VGYKKKOFLZ VGYKKKOFLZ
CXQDH6YMZ8 CXQDH6YMZ8
DYYG23O DYYG23O
GN4G0L2 GN4G0L2
M649OA M649OA
5HULMUDLAQ 5HULMUDLAQ
Q7Z37G5 Q7Z37G5
RP28W1 RP28W1
5XYO 5XYO
E37ZKA8WK E37ZKA8WK
4VE7V 4VE7V
H1LQ91V H1LQ91V
6PVQIBNB9 6PVQIBNB9
2B1K6EW9CL 2B1K6EW9CL
9K8PLAET 9K8PLAET
B3R68HYWZ B3R68HYWZ
