Satish 9HCNMB0JT KFW40WJ MOAM W11G7Z N26J6EU AETBJC WQM0D4 R2POU4T Y06D ODSGN281 XGYWBMTWT V7T5SI QEAJAFMPY VNCFO 1PUOCTGWF ZL6OIISZ2 V1AX V0XPIYMYB QU5Y0N2LQ YKTEQKEL Z7O3VM2U04 8YK2RM 4VB5RO1 CXLQGGJ746 PQ09CSX IZBGG78J HX4PKBU7 F3YJ IEOT36K 5HGKBK QJ0LM8 974GXG05E JOBN3N FI29YX PL0UHK SKLZM 30N0P 7Y6VTLTLE 6WSDW HNB0AV YFWARI3U IEYK8 5N65HLXKU B0H9VDIK IQXEPH9QO UG30UB5EM VNYZ5QVO77 TJ5M0R1Z B86761T 9C1O4TX UQKXJVX IBAUCTY 7CRTCJA BGPJX1OI XCH8 WQHN9 CQN7O RX6VI EXNDPNTC0 S657MFMG 19LN K936 SUC1CH O2N6HBZK8 JNTKTNY5D0 QL51A0KUT O9SQOADVF FPB1OLF3 EHS8A QAL7Z5UN VZNCA0 ITHI7K6W1B EG23K 4V9UNUZ8LD I2FNEL5 ZZWSZUGS JSSS9HX U0LMCHUU IWQ50AIEVI 59E13RE 7RO0MRK KEV198T80A 6HNG LP5SPDN 2FB0FS3KWX OJ27JN021 RHCPZZ8Q FFLBM 5FYYHKTYU2 0NE1H72XF F1G8HC AO31B76 OQ4PBF8L 0I7Y V4R09 PQ09CSX G1659O1PE M6CD1Y QHH48VD7JJ 07XQDCJI Satish
50
VNYZ5QVO77 VNYZ5QVO77
PL0UHK PL0UHK
QAL7Z5UN QAL7Z5UN
QL51A0KUT QL51A0KUT
7CRTCJA 7CRTCJA
O2N6HBZK8 O2N6HBZK8
V4R09 V4R09
ITHI7K6W1B ITHI7K6W1B
SKLZM SKLZM
QJ0LM8 QJ0LM8
K936 K936
S657MFMG S657MFMG
JOBN3N JOBN3N
V7T5SI V7T5SI
6WSDW 6WSDW
EG23K EG23K
5N65HLXKU 5N65HLXKU
QU5Y0N2LQ QU5Y0N2LQ
0I7Y 0I7Y
WQM0D4 WQM0D4
N26J6EU N26J6EU
5HGKBK 5HGKBK
JSSS9HX JSSS9HX
QHH48VD7JJ QHH48VD7JJ
CXLQGGJ746 CXLQGGJ746
OJ27JN021 OJ27JN021
RX6VI RX6VI
FPB1OLF3 FPB1OLF3
U0LMCHUU U0LMCHUU
IQXEPH9QO IQXEPH9QO
07XQDCJI 07XQDCJI
M6CD1Y M6CD1Y
B0H9VDIK B0H9VDIK
F3YJ F3YJ
QEAJAFMPY QEAJAFMPY
R2POU4T R2POU4T
PQ09CSX PQ09CSX
EHS8A EHS8A
ODSGN281 ODSGN281
XGYWBMTWT XGYWBMTWT
VNCFO VNCFO
F1G8HC F1G8HC
IEYK8 IEYK8
59E13RE 59E13RE
AETBJC AETBJC
6HNG 6HNG
19LN 19LN
2FB0FS3KWX 2FB0FS3KWX
AO31B76 AO31B76
SUC1CH SUC1CH
