Satish ENMF PYD9SISJI KRM4B VFRT26 1BZLEM YXBMACC VPQ3SCZD Q1GPNKF7O5 9XFF ZRYV5F 1ILZRYDHY WZ1MC3189 KSHB2KG RQ6902O3P TBFPZEBP ICTGXV 351R U0958 8U5UW BVNZ 399VM5PU6 BVNZ FS1RWBVR7 TAI8UPP PTL1QU OK29GJ UVP4WIKK BBFYA9B OXWYDF NSBI 2J5C Z6H98 ER2YSPML1C JTT8198QPE 4INC2D8SDN 92R432 3YAJ48L8DT AK5DQ3 71JKTWIJ ENMF R6VBAVZ0B DXGEHOF 5AGDS PTWCQ ZY9VPYMXA PZMGYZL LGBBG 00P07 AGSA2I VZBD9QV8 PZMGYZL ZY9VPYMXA OXXUCOFC3 Satish
25
VFRT26 VFRT26
1BZLEM 1BZLEM
ZRYV5F ZRYV5F
YXBMACC YXBMACC
PZMGYZL PZMGYZL
FS1RWBVR7 FS1RWBVR7
PTWCQ PTWCQ
PYD9SISJI PYD9SISJI
KRM4B KRM4B
WZ1MC3189 WZ1MC3189
BBFYA9B BBFYA9B
R6VBAVZ0B R6VBAVZ0B
UVP4WIKK UVP4WIKK
OXWYDF OXWYDF
399VM5PU6 399VM5PU6
PTL1QU PTL1QU
Z6H98 Z6H98
9XFF 9XFF
4INC2D8SDN 4INC2D8SDN
92R432 92R432
ICTGXV ICTGXV
KSHB2KG KSHB2KG
ER2YSPML1C ER2YSPML1C
ZY9VPYMXA ZY9VPYMXA
NSBI NSBI
