92 8 33 8 38 25 22 23 32 83 23 22 25 73 76 49 42 49 63 20 53 44 70 65 86 17 98 17 70 44 75 62 59 44 80 45 60 36 97 36 60 40 4 3 4 40 7 66 7 96 40 53 20 87 63 49 84 16 24 30 18 27 68 27 72 27 67 85 67 30 24 61 24 16 46 10 35 34 14 15 54 31 41 56 1 47 1 51 1 57 56 77 69 39 14 19 34 94 10 46 16 84 49 88 49 38 8 79 26 0 81 0 90 0 6 99 9 2 52 48 52 64 93 2 58 13 2 95 2 9 74 11 74 9 91 5 12 50 29 21 43 29 82 29 91 9 26 71 79 8 89 8 37 78 28 78 37 55 92
50
6 6
2 2
26 26
20 20
89 89
67 67
91 91
73 73
54 54
80 80
79 79
84 84
95 95
21 21
30 30
75 75
43 43
25 25
38 38
77 77
71 71
37 37
15 15
9 9
46 46
22 22
76 76
36 36
74 74
12 12
40 40
60 60
41 41
92 92
57 57
44 44
29 29
94 94
82 82
56 56
65 65
83 83
47 47
31 31
50 50
14 14
59 59
11 11
24 24
16 16
