129 19 92 83 36 130 83 19 137 117 89 80 84 101 3 4 11 4 81 158 141 103 12 134 4 147 30 111 13 50 52 13 180 18 140 94 114 78 60 163 60 78 90 42 43 21 73 34 172 31 10 110 10 31 55 132 102 132 55 146 55 170 55 31 138 31 165 31 172 34 73 39 178 39 73 21 43 26 128 190 54 16 188 16 118 28 15 28 27 0 67 0 82 135 35 127 173 20 91 20 155 17 8 48 17 57 17 120 17 49 53 121 143 144 189 162 70 162 189 144 199 144 121 150 171 53 49 123 136 123 49 155 181 155 20 191 63 96 2 96 76 169 76 96 87 33 5 40 1 40 88 124 40 5 106 133 24 168 183 47 58 86 47 62 47 116 44 116 47 187 183 131 168 24 174 24 186 24 133 106 5 113 75 45 175 33 149 159 139 166 97 72 79 61 182 61 79 74 79 104 152 135 0 145 27 160 28 93 68 69 14 68 126 68 93 177 65 177 190 64 125 78 114 108 114 148 94 140 115 185 115 140 151 140 196 25 7 59 71 41 22 194 71 99 56 85 6 51 6 85 23 85 195 157 29 32 98 105 192 105 32 29 157 195 85 56 156 95 193 95 156 71 7 198 18 111 112 46 37 46 100 107 38 119 46 109 46 122 46 142 111 30 184 30 147 154 66 154 179 4 164 101 167 101 80 161 77 9 176 77 161 137 197 19 129 153 129
100
180 180
161 161
142 142
121 121
11 11
5 5
150 150
53 53
97 97
189 189
2 2
87 87
95 95
183 183
128 128
65 65
17 17
174 174
122 122
40 40
48 48
110 110
23 23
125 125
36 36
158 158
101 101
56 56
63 63
84 84
195 195
50 50
123 123
33 33
160 160
100 100
98 98
152 152
137 137
156 156
55 55
130 130
15 15
163 163
184 184
62 62
29 29
175 175
51 51
107 107
92 92
103 103
145 145
0 0
49 49
171 171
126 126
16 16
114 114
188 188
155 155
91 91
21 21
157 157
88 88
58 58
61 61
196 196
96 96
177 177
191 191
99 99
85 85
178 178
26 26
194 194
89 89
76 76
59 59
8 8
105 105
6 6
39 39
66 66
109 109
151 151
108 108
25 25
14 14
190 190
13 13
44 44
81 81
9 9
64 64
82 82
4 4
192 192
57 57
197 197
