0 43 0 59 0 62 0 86 0 90 79 4 171 4 79 138 79 90 113 90 0 112 50 9 64 162 64 9 80 9 107 22 46 22 109 5 13 17 21 17 33 2 27 135 27 2 36 56 36 2 65 3 12 139 16 57 1 196 1 57 18 42 10 122 14 29 150 29 174 29 14 61 70 61 185 61 14 122 10 42 48 127 48 42 145 95 147 95 145 114 129 114 145 159 146 159 145 42 18 82 18 198 6 51 30 103 20 53 102 53 20 106 20 126 60 126 20 170 20 103 30 51 47 110 47 157 47 51 96 51 151 51 6 58 68 85 136 189 136 85 68 118 77 118 58 6 115 6 120 6 198 18 57 142 199 39 199 142 57 193 57 16 197 23 89 26 108 54 24 63 55 130 55 63 24 84 87 84 97 84 180 84 24 173 88 173 117 173 24 195 24 54 98 119 98 54 172 54 108 26 89 73 99 32 25 166 178 166 25 169 25 32 143 152 143 154 143 32 99 73 89 23 197 16 139 177 139 12 153 66 153 12 3 65 2 78 2 101 2 104 2 158 40 49 121 11 75 164 75 11 121 144 121 49 40 100 35 124 93 38 93 124 35 155 35 184 69 184 35 100 134 44 165 44 134 100 168 100 40 158 2 182 2 33 7 76 34 125 175 91 175 125 34 163 34 76 7 105 19 116 19 105 7 149 8 67 71 148 94 160 94 148 71 191 71 67 8 128 45 128 8 149 167 194 167 149 7 33 72 28 41 161 41 28 72 83 132 83 72 33 74 33 17 92 17 111 17 13 5 109 31 141 31 109 22 107 81 176 81 107 179 107 9 50 183 50 112 0 123 15 123 0 131 0 133 0 137 37 137 52 137 156 137 0 140 0 181 0 186 0 187 0 188 0 190 0 192 0
100
0 0
1 1
2 2
3 3
4 4
5 5
6 6
7 7
8 8
9 9
10 10
11 11
12 12
13 13
14 14
15 15
16 16
17 17
18 18
19 19
20 20
21 21
22 22
23 23
24 24
25 25
26 26
27 27
28 28
29 29
30 30
31 31
32 32
33 33
34 34
35 35
36 36
37 37
38 38
39 39
40 40
41 41
42 42
43 43
44 44
45 45
46 46
47 47
48 48
49 49
50 50
51 51
52 52
53 53
54 54
55 55
56 56
57 57
58 58
59 59
60 60
61 61
62 62
63 63
64 64
65 65
66 66
67 67
68 68
69 69
70 70
71 71
72 72
73 73
74 74
75 75
76 76
77 77
78 78
79 79
80 80
81 81
82 82
83 83
84 84
85 85
86 86
87 87
88 88
89 89
90 90
91 91
92 92
93 93
94 94
95 95
96 96
97 97
98 98
99 99
