0 11 44 11 45 5 3 2 19 2 3 13 85 13 3 79 90 79 3 89 55 82 55 89 5 7 56 7 75 7 5 51 14 10 60 62 67 62 60 10 63 48 63 65 63 10 77 16 23 42 88 42 23 16 73 16 77 10 80 10 96 8 86 8 96 31 70 31 96 10 14 30 72 30 14 34 47 27 47 34 69 17 61 17 69 34 14 53 14 64 14 51 5 99 9 18 33 59 33 18 35 57 4 40 95 40 4 57 35 18 78 25 6 25 78 18 87 18 9 37 29 84 29 98 32 93 32 98 37 9 43 94 43 9 99 5 45 12 28 76 28 12 66 36 97 24 46 24 50 24 97 36 66 12 45 11 68 11 71 1 41 15 41 21 54 39 91 39 54 21 83 81 83 21 41 58 41 1 92 1 71 11 0 20 0 26 0 38 0 49 22 49 0 52 0 74 0
50
0 0
1 1
2 2
3 3
4 4
5 5
6 6
7 7
8 8
9 9
10 10
11 11
12 12
13 13
14 14
15 15
16 16
17 17
18 18
19 19
20 20
21 21
22 22
23 23
24 24
25 25
26 26
27 27
28 28
29 29
30 30
31 31
32 32
33 33
34 34
35 35
36 36
37 37
38 38
39 39
40 40
41 41
42 42
43 43
44 44
45 45
46 46
47 47
48 48
49 49
