22 3 24 25 3 34 3 36 38 3 41 49 50 3 60 5 11 5 19 46 53 67 5 95 75 78 89 97 3 98 99 2 42 43 63 1 12 44 14 4 48 7 23 71 96 48 4 51 68 87 94 61 64 77 85 18 39 52 1 54 58 73 1 82 63 76 2 80 88 0 21 28 31 0 35 37 10 32 57 59 74 10 92 16 26 40 16 84 16 10 45 56 62 9 8 29 47 65 69 86 90 30 55 83 6 70 6 83 20 15 33 66 72 17 72 81 13 27 79 93 88 91 22
40
5 5
87 87
55 55
42 42
78 78
29 29
15 15
31 31
89 89
46 46
43 43
53 53
47 47
93 93
75 75
95 95
65 65
74 74
12 12
79 79
85 85
69 69
16 16
19 19
90 90
66 66
59 59
2 2
21 21
72 72
36 36
23 23
39 39
97 97
32 32
73 73
6 6
83 83
41 41
58 58
