69 7 36 16 169 39 8 21 3 15 11 47 11 86 11 91 93 97 104 11 112 114 137 146 147 161 175 11 49 28 142 34 45 2 13 29 13 70 90 182 13 2 23 199 2 24 20 119 26 43 75 78 26 2 32 55 2 67 2 68 83 108 120 126 150 155 160 2 187 3 50 57 58 79 107 110 121 5 33 191 54 84 132 192 121 3 133 145 171 174 185 190 4 35 37 44 52 82 109 124 134 154 164 172 183 186 10 148 159 179 184 186 4 189 3 198 3 21 85 62 77 8 94 100 130 136 8 141 8 151 163 12 181 197 167 27 117 170 1 30 1 31 38 1 46 59 19 103 61 1 64 65 87 92 0 22 178 0 48 51 102 17 42 111 113 143 157 0 162 6 9 18 73 105 41 9 53 116 9 140 9 177 194 6 63 71 72 74 80 81 88 6 89 98 14 60 95 14 99 129 139 98 106 6 123 125 153 165 166 168 188 0 193 0 195 0 92 1 118 128 149 156 158 180 25 56 40 66 76 96 101 115 7 122 127 131 135 138 144 152 173 176 196 69
80
36 36
186 186
148 148
30 30
163 163
194 194
131 131
115 115
147 147
5 5
118 118
198 198
74 74
71 71
112 112
165 165
193 193
146 146
99 99
97 97
63 63
113 113
24 24
33 33
128 128
160 160
83 83
51 51
106 106
133 133
58 58
166 166
191 191
37 37
25 25
77 77
46 46
87 87
101 101
53 53
192 192
52 52
26 26
14 14
64 64
127 127
50 50
188 188
2 2
100 100
72 72
80 80
31 31
56 56
132 132
117 117
44 44
197 197
59 59
119 119
171 171
158 158
90 90
16 16
135 135
11 11
121 121
1 1
195 195
134 134
27 27
104 104
81 81
149 149
185 185
190 190
150 150
110 110
162 162
82 82
