73 96 15 48 13 40 16 42 16 54 16 85 16 40 28 91 78 91 81 28 40 13 47 13 48 32 1 19 18 76 37 86 31 66 31 86 37 76 18 19 36 19 95 19 1 50 61 67 61 50 1 68 4 7 84 30 84 7 4 69 23 26 23 69 98 9 57 44 49 44 57 87 57 9 71 9 98 69 4 74 4 68 92 33 11 33 82 33 97 33 92 68 1 77 14 17 10 17 51 59 51 17 56 72 56 17 93 64 90 25 90 64 93 17 14 77 45 88 22 29 83 55 34 58 39 80 6 80 21 3 63 3 21 80 39 58 89 58 34 55 83 70 83 29 22 88 27 2 94 53 94 2 27 88 100 60 46 75 46 99 62 12 43 20 35 20 43 12 62 65 62 99 46 60 100 88 45 77 1 32 41 32 48 15 79 15 96 38 5 38 8 38 24 52 24 38 96 73
50
1 1
5 5
8 8
9 9
10 10
11 11
12 12
13 13
15 15
14 14
18 18
19 19
21 21
22 22
25 25
27 27
29 29
33 33
34 34
44 44
46 46
48 48
49 49
50 50
53 53
57 57
65 65
66 66
68 68
71 71
74 74
75 75
76 76
77 77
78 78
79 79
81 81
82 82
83 83
84 84
86 86
85 85
90 90
91 91
93 93
94 94
96 96
98 98
99 99
100 100
