74 123 81 123 109 161 11 99 137 97 36 106 36 97 100 73 125 67 125 98 102 145 102 98 125 103 147 95 147 103 125 157 125 73 146 8 42 142 42 8 49 10 49 124 49 8 115 8 141 61 141 129 141 8 146 45 186 28 1 13 15 40 22 40 196 40 15 148 105 117 3 180 158 43 187 75 4 29 92 150 39 150 92 29 4 168 179 168 4 75 187 43 158 180 3 117 105 148 15 13 121 6 82 6 89 6 121 69 121 111 121 13 192 13 1 18 34 7 80 104 80 7 34 52 153 32 27 32 153 52 197 9 71 9 144 93 144 9 197 52 34 94 163 94 34 138 116 70 79 175 155 175 165 64 17 64 24 167 24 64 90 64 165 171 165 176 165 175 79 70 189 70 116 120 38 120 116 169 116 138 34 151 33 76 21 31 21 76 56 177 56 76 112 114 112 76 154 76 166 14 59 60 35 188 183 25 23 41 156 87 156 119 156 160 156 41 23 25 44 107 44 185 44 25 183 188 35 60 59 65 91 131 53 37 152 16 2 16 85 16 152 37 178 37 53 62 53 131 91 162 91 65 101 200 101 65 170 63 57 86 128 86 57 194 55 194 136 194 57 195 57 63 66 50 159 50 66 122 26 193 46 193 51 77 51 190 51 199 133 54 133 199 51 193 26 122 84 122 143 149 143 122 66 63 139 19 139 63 174 63 170 172 5 48 132 30 132 48 5 172 12 172 170 65 59 14 118 14 166 76 33 83 78 83 33 108 33 164 33 151 135 151 182 151 34 18 110 72 110 18 1 47 1 28 58 68 58 191 58 28 113 88 113 28 130 28 186 127 186 45 146 73 100 134 100 173 100 198 100 97 137 99 11 140 11 161 20 96 184 96 20 181 126 181 20 161 109 123 74
100
4 4
5 5
11 11
12 12
14 14
16 16
17 17
18 18
20 20
23 23
27 27
31 31
32 32
39 39
42 42
45 45
44 44
47 47
50 50
51 51
52 52
53 53
56 56
58 58
59 59
60 60
61 61
54 54
63 63
66 66
72 72
73 73
76 76
77 77
80 80
81 81
83 83
86 86
88 88
89 89
90 90
91 91
94 94
95 95
96 96
97 97
98 98
99 99
100 100
103 103
105 105
107 107
108 108
109 109
111 111
112 112
113 113
114 114
115 115
118 118
116 116
120 120
123 123
125 125
127 127
128 128
129 129
130 130
132 132
133 133
134 134
135 135
136 136
138 138
139 139
140 140
142 142
143 143
146 146
152 152
154 154
155 155
157 157
158 158
161 161
163 163
165 165
167 167
171 171
173 173
174 174
178 178
179 179
184 184
190 190
192 192
193 193
198 198
199 199
200 200
