AA AB AE AO AP AO AE AB AF AQ AS AQ AF AR AT AR AF AB AG AU AY AU AG AV AZ AV BA AV BB AV AG AW BC AW BD AW AG AX BE AX BF AX AG AB AH BG BJ BG BK BG AH BH BL BH BM BH BN BH AH BI BO BI BP BI AH AB AA AC AI BQ BV BQ BW BQ AI BR BX BR BY BR BZ BR AI BS CA BS CB BS CC BS AI AC AJ BT CD BT CE BT CF BT AJ BU CG BU CH BU CI BU CJ BU AJ AC AA AD AK CK CV CK CW CK CX CK AK CL CY CL CZ CL DA CL AK AD AL CM DB CM DC CM DD CM AL CN DF CN AL CO DE CO DG CO AL AD AM CP DH CP DI CP DJ CP AM CQ AM CR DL CR AM CS DK CS AM AD AN CT DM CT DN CT DO CT AN CU AN AD AA
25
AA AA
AB AB
AC AC
AD AD
AE AE
AF AF
AG AG
AH AH
AI AI
AJ AJ
AK AK
AL AL
AM AM
AN AN
AO AO
AP AP
AQ AQ
BD BD
BE BE
BF BF
BG BG
BH BH
BI BI
BJ BJ
BK BK
