AA AB AE AO AP AO AQ AO AE AB AF AR AT AR AU AR AV AR AF AS AW AS AX AS AY AS AF AB AG AZ BD AZ AG BA BE BA BF BA BG BA AG BB BH BB BI BB AG BC BJ BC BK FE DZ EC DX DY DX EC EB EA EI FB EI EA FC EA EB EC EE ED EP ED EE EF EH EJ EZ EJ EH FA EH EF EL EW EX EY EK EY EX EW EL EF EM EU EV EU EM EF EN EQ EO EQ ES EQ EN ER ET ER EN EF EE EG EE EC DZ FD DZ FE BK BC AG AB AH BL BO BL AH BM BP CE BW AI BU BZ BU CA BU AI BV CB BV CC BV CD BV AI BW CF BW CG BW CE BP BM BQ BM BR BM AH BN BS FF FG FF FH FF BS BN BT BN AH AB AA AC AJ BX CH BX CI BX CJ BX AJ BY CK BY CL BY CM BY CN BY AJ AC AA DT CX AN AD AK CO CZ CO DA CO DB CO AK CP DC CP DD CP DE CP AK AD AL CQ DF CQ DG CQ DH CQ AL CR DJ CR AL CS DI CS DK CS AL AD DN CT AM CU DO CU AM CV DR CV AM CW DP CW DQ CW AM CT DL CT DM CT DN AD AN CY DV CY DW CY AN CX DS CX DU CX DT AA
46
AA AA
AB AB
AC AC
AD AD
AE AE
AF AF
AG AG
AH AH
AI AI
AJ AJ
AK AK
AL AL
AM AM
AN AN
AO AO
AP AP
AQ AQ
BD BD
BE BE
BF BF
BG BG
BH BH
BI BI
BJ BJ
BK BK
DP DP
DQ DQ
DR DR
DS DS
DT DT
DU DU
DV DV
DW DW
DX DX
DY DY
DZ DZ
EN EN
EO EO
EP EP
EX EX
EY EY
EZ EZ
FA FA
FB FB
FC FC
FF FF
