5 71 73 32 17 44 59 41 28 55 91 13 39 43 65 4 1 20 85 48 24 14 99 19 15 27 58 61 66 57 90 63 54 37 23 52 89 3 31 9 78 38 88 97 83 84 33 74 46 79 98 21 29 69 86 87 45 2 30 36 53 67 95 0 47 34 96 10 82 12 72 70 51 64 35 93 16 6 75 40 76 50 11 81 7 25 26 56 62 60 8 22 92 42 68 18 80 49 77 94 5
50
14 14
90 90
18 18
50 50
83 83
29 29
89 89
9 9
92 92
97 97
43 43
77 77
81 81
10 10
1 1
6 6
67 67
53 53
45 45
38 38
76 76
61 61
3 3
7 7
15 15
28 28
26 26
33 33
39 39
75 75
70 70
2 2
5 5
35 35
24 24
73 73
12 12
11 11
86 86
88 88
84 84
32 32
60 60
91 91
25 25
17 17
55 55
96 96
41 41
31 31
