112 118 96 195 123 8 73 109 103 40 13 94 143 60 65 113 133 83 52 71 1 190 33 197 159 156 14 162 199 80 98 64 58 89 30 39 59 141 57 7 5 119 150 138 22 161 132 45 144 165 196 186 130 100 36 175 192 85 16 3 81 164 174 23 101 53 27 46 148 11 87 158 50 135 70 183 34 191 72 47 177 63 93 128 171 12 180 106 185 78 134 24 131 163 68 179 198 140 42 48 9 79 54 51 32 124 90 178 43 194 193 157 188 21 44 182 19 75 67 92 114 176 137 105 142 170 17 62 56 10 160 154 76 167 6 187 88 41 74 99 181 122 184 77 146 84 127 126 29 69 61 155 147 82 20 116 152 107 49 168 86 129 2 4 189 91 26 120 37 15 136 18 111 169 110 31 25 108 145 66 149 173 55 121 172 97 95 28 117 125 166 38 153 0 104 35 102 115 151 139 112
100
83 83
52 52
71 71
20 20
147 147
11 11
160 160
170 170
149 149
84 84
171 171
157 157
58 58
40 40
143 143
27 27
102 102
42 42
131 131
138 138
72 72
114 114
117 117
121 121
78 78
59 59
81 81
120 120
80 80
64 64
73 73
152 152
126 126
166 166
85 85
127 127
23 23
136 136
56 56
41 41
96 96
13 13
99 99
34 34
130 130
118 118
129 129
184 184
17 17
70 70
174 174
33 33
182 182
183 183
53 53
109 109
168 168
172 172
124 124
107 107
14 14
151 151
123 123
28 28
29 29
75 75
146 146
163 163
36 36
21 21
144 144
188 188
6 6
9 9
44 44
97 97
24 24
190 190
104 104
154 154
194 194
181 181
158 158
68 68
66 66
169 169
69 69
0 0
8 8
105 105
94 94
54 54
95 95
60 60
187 187
119 119
49 49
165 165
162 162
35 35
