LL VX OM JA KF OW BM FM HL AU RG BE SK TK JP UU ED CF KL LW SO DR OV FG BR DM XK EF AG HN PN XU OD YK TV SX EQ AL GT QN BD TD BI XE EC RH XT VE IY NO KV HA QI EW NM HX GE VY CP RU LJ XA KC NF YR QP NZ RL RY JR KK OO AR TH WS TX SB FL VC NT IW EY XN JD FT OK FO IV HG AH OS YU DU AW RB YT LG UR CO AD LL
37
NF NF
FM FM
YK YK
WS WS
BM BM
DU DU
EC EC
HN HN
UU UU
JR JR
TH TH
XK XK
EQ EQ
AW AW
EY EY
DM DM
HA HA
SB SB
QI QI
RL RL
VY VY
BR BR
JA JA
TV TV
FG FG
KL KL
XU XU
XT XT
AR AR
XN XN
YT YT
EF EF
QN QN
KV KV
TK TK
NT NT
GE GE
