LM SA GU NM SL KH VW ZZ WX YX VC AF YD ID LK JC MF KC AX YG AO GR WI BR WA LI EO PJ PN TG XG VE IA NR RN QG XD FY OQ AU YT JR JA OZ AZ PP OX RV LQ NS EQ BI MB MA OO AL OW PB QJ TU MT MQ CY UI RP LN NL TO YI RM IX BV WH PW LS TC CG TD FM WE SJ YV QN CW FT TK AD KU XX DX FA VY LV PQ CT YS XB UX WJ MP ZG UO UT AA KT PH ZU EN JG WM DB NP ZR DC RX PV AQ JP GB LR TH CV DR VG QK GZ HS WK TP QC VQ YF CI KF XM TW IV CE FH WY JL QA WT GL JB TL SQ VF ST UR RR LF FU KV EX FR EA HJ HP CJ EJ HF IH YJ QR KL ZX VD XC KY UL FN DZ VI FL YZ UN HU QO MH UM DQ DY BB UQ PS EM BM RH EE VP IE ME LE EC WU IY IJ PX OJ LM
37
NL NL
PJ PJ
CG CG
QC QC
PN PN
DC DC
PX PX
VF VF
YD YD
TG TG
FU FU
UQ UQ
WH WH
PS PS
DR DR
LF LF
TO TO
FH FH
WX WX
VY VY
XG XG
SJ SJ
ZG ZG
UO UO
CW CW
IA IA
MF MF
EQ EQ
QG QG
CY CY
QJ QJ
HS HS
FT FT
KL KL
SL SL
IV IV
GR GR
