0 2 0 144 27 144 157 16 24 87 188 121 14 121 91 67 150 62 12 10 12 62 22 82 108 115 108 118 127 118 82 196 18 32 77 32 18 196 155 48 49 141 49 193 143 193 49 48 155 111 70 111 75 111 155 196 82 22 172 22 62 83 68 83 62 140 81 112 81 140 124 40 64 11 64 40 124 181 120 96 120 181 168 21 6 25 6 21 168 102 168 181 124 140 162 140 62 150 164 129 164 156 106 13 106 50 106 86 39 29 114 76 114 29 39 86 139 37 47 37 139 86 106 146 192 7 59 51 59 174 53 54 53 151 55 151 182 151 53 174 105 134 105 174 125 17 125 28 125 174 59 7 163 7 195 57 195 7 192 95 132 43 132 119 132 198 132 95 192 146 106 156 159 156 164 150 67 91 121 107 121 188 161 188 167 89 166 89 167 110 26 110 167 160 79 128 79 154 79 160 189 160 167 188 87 24 94 130 52 133 4 74 136 74 171 44 179 44 171 175 171 74 4 133 52 130 94 142 94 24 16 93 16 113 1 113 15 113 30 9 98 8 38 8 131 80 31 104 3 90 88 63 138 63 88 152 88 90 116 117 23 117 116 90 3 165 3 104 31 80 71 80 109 123 45 56 122 41 19 41 147 35 78 35 147 101 147 41 122 56 45 148 85 186 180 186 85 148 45 158 45 123 65 5 135 145 20 137 153 185 137 20 145 34 145 58 103 100 61 100 73 100 103 58 145 135 169 66 149 66 194 97 187 97 194 184 194 66 169 84 169 135 5 65 123 72 177 33 177 92 177 72 197 72 123 109 80 173 126 36 46 36 126 191 126 173 80 131 199 131 8 98 9 170 183 60 183 170 9 30 176 42 176 30 113 99 113 16 157 69 157 178 157 144 0 190 0
100
1 1
2 2
3 3
4 4
5 5
6 6
7 7
8 8
9 9
10 10
11 11
12 12
13 13
14 14
15 15
16 16
17 17
18 18
19 19
20 20
21 21
22 22
23 23
24 24
25 25
26 26
27 27
28 28
29 29
30 30
31 31
32 32
33 33
34 34
35 35
36 36
37 37
38 38
39 39
40 40
41 41
42 42
43 43
44 44
45 45
46 46
47 47
48 48
49 49
50 50
51 51
52 52
53 53
54 54
55 55
56 56
57 57
58 58
59 59
60 60
61 61
62 62
63 63
64 64
65 65
66 66
67 67
68 68
69 69
70 70
71 71
72 72
73 73
74 74
75 75
76 76
77 77
78 78
79 79
80 80
81 81
82 82
83 83
84 84
85 85
86 86
87 87
88 88
89 89
90 90
91 91
92 92
93 93
94 94
95 95
96 96
97 97
98 98
99 99
100 100
