0 31 4 19 39 45 39 19 4 21 89 5 92 5 89 64 2 20 67 20 97 37 3 37 97 72 35 28 30 28 33 59 7 1 10 1 7 59 80 85 32 85 63 85 80 98 23 76 23 98 80 59 86 33 28 35 54 96 54 35 70 17 70 35 72 68 11 18 11 90 11 68 22 29 53 29 22 68 72 75 40 49 71 49 83 41 83 65 25 65 46 65 83 49 40 75 91 75 72 97 82 99 82 97 20 2 26 2 61 27 50 61 2 78 69 15 69 38 52 93 52 38 77 36 77 38 69 78 87 78 2 64 89 21 4 47 4 31 43 31 51 16 8 57 74 12 74 57 8 95 9 95 58 95 88 95 8 16 51 24 51 34 42 48 42 55 14 13 14 55 56 55 42 34 44 34 60 34 81 79 81 34 51 62 51 73 51 94 51 31 0 84 6 66 6 84 0
50
1 1
2 2
3 3
4 4
5 5
6 6
7 7
8 8
9 9
10 10
11 11
12 12
13 13
14 14
15 15
16 16
17 17
18 18
19 19
20 20
21 21
22 22
23 23
24 24
25 25
26 26
27 27
28 28
29 29
30 30
31 31
32 32
33 33
34 34
35 35
36 36
37 37
38 38
39 39
40 40
41 41
42 42
43 43
44 44
45 45
46 46
47 47
48 48
49 49
50 50
