75 55 68 21 5 44 5 73 0 40 11 51 60 51 11 86 25 9 25 52 4 47 64 2 20 2 36 74 36 2 64 47 4 52 25 93 63 46 63 91 63 98 56 53 56 98 69 78 37 10 70 10 37 78 69 99 90 99 69 98 63 93 25 86 31 41 33 14 72 58 67 8 12 8 22 8 67 58 72 14 33 41 31 86 48 49 79 65 79 49 48 84 32 42 32 71 32 84 48 86 11 40 0 45 38 45 0 82 92 15 39 57 39 15 50 6 50 17 43 29 80 97 28 54 23 54 28 97 80 29 43 83 77 88 77 83 43 17 50 15 61 16 81 18 13 7 66 27 1 27 34 19 34 27 66 7 87 7 13 35 95 35 13 18 62 18 76 18 81 30 81 16 61 15 92 26 92 82 94 82 0 73 96 73 5 21 68 59 24 3 24 85 24 59 68 55 75 89 75
50
94 94
86 86
87 87
76 76
97 97
75 75
21 21
13 13
36 36
80 80
57 57
69 69
89 89
3 3
73 73
4 4
82 82
64 64
98 98
52 52
74 74
46 46
48 48
25 25
42 42
47 47
55 55
29 29
31 31
91 91
84 84
49 49
92 92
77 77
81 81
43 43
7 7
34 34
90 90
56 56
58 58
59 59
44 44
65 65
62 62
96 96
9 9
12 12
32 32
26 26
