48 68 6 11 6 106 6 68 14 116 146 116 155 3 65 5 51 180 91 135 84 47 55 47 187 47 84 60 84 135 147 36 147 38 98 67 50 15 82 15 99 37 22 18 22 169 74 66 191 96 183 96 191 66 74 169 22 37 133 37 153 37 99 102 110 172 100 172 110 102 99 152 29 152 85 39 128 39 85 152 99 15 137 15 50 25 17 25 42 9 130 49 70 49 130 126 24 126 92 177 158 177 178 189 117 189 178 177 92 126 94 140 175 140 94 182 113 69 113 78 7 154 53 154 115 10 159 120 159 195 179 195 159 10 161 10 115 26 115 154 7 78 138 176 86 1 86 72 108 72 186 72 86 176 95 27 95 176 122 170 122 176 138 199 76 199 138 78 185 168 20 168 46 168 109 168 185 190 185 78 113 89 62 16 62 132 62 89 113 182 144 182 94 126 119 8 162 123 162 134 162 196 121 40 121 196 141 129 136 129 141 196 162 8 119 97 119 126 130 197 61 173 58 173 75 173 88 127 193 52 193 194 193 127 88 173 145 118 145 173 163 171 73 184 73 171 163 173 61 197 131 44 131 197 130 9 42 25 90 30 90 25 50 54 50 67 98 101 43 2 23 2 124 56 4 56 124 2 43 101 98 103 57 63 57 151 45 107 71 107 87 107 45 111 198 111 45 151 57 103 160 103 98 38 165 13 93 13 165 28 165 34 165 38 147 105 147 135 181 135 180 104 149 104 192 104 180 156 180 51 5 65 3 155 143 0 32 64 83 64 32 0 143 12 143 125 31 41 150 41 31 112 188 112 31 125 174 59 81 35 81 77 19 77 33 77 164 77 81 148 21 79 21 148 80 114 157 166 157 114 80 148 81 59 174 142 174 125 143 167 139 167 143 155 116 14 68 48
100
199 199
73 73
143 143
20 20
93 93
154 154
141 141
151 151
56 56
109 109
135 135
107 107
118 118
126 126
133 133
157 157
149 149
115 115
66 66
175 175
167 167
60 60
11 11
85 85
197 197
191 191
58 58
123 123
177 177
196 196
38 38
110 110
34 34
5 5
148 148
136 136
163 163
158 158
147 147
190 190
186 186
46 46
182 182
19 19
176 176
48 48
90 90
152 152
21 21
10 10
23 23
25 25
164 164
181 181
36 36
78 78
84 84
79 79
64 64
108 108
145 145
9 9
103 103
193 193
185 185
117 117
29 29
194 194
42 42
113 113
16 16
119 119
180 180
179 179
101 101
3 3
170 170
88 88
138 138
171 171
40 40
7 7
39 39
165 165
87 87
137 137
35 35
156 156
52 52
98 98
125 125
69 69
155 155
129 129
74 74
53 53
2 2
55 55
67 67
120 120
