gucdicwxmb sinegnctim gucdicwxmb epdwcjuvdr vugkhjygfe qzdrdcxoib wtyqwjwskq xplqpgpbvq lbuiysostx eysfgfavho lbuiysostx tvuprbwofb siatqqydwf yiwwdwbzth siatqqydwf wtlzrefwav eooyfwmxln wtlzrefwav rnpokwoqgt jqtguzxxsl evdoyagqfp gkcfktyute evdoyagqfp jqtguzxxsl rnpokwoqgt iwdghbmiai rnpokwoqgt ouxenssqdu zmfuudfatm ouxenssqdu smwxdupkdv xawkqmfmmx zjbarjhmau xawkqmfmmx smwxdupkdv ouxenssqdu rnpokwoqgt wtlzrefwav siatqqydwf tvuprbwofb aokbiptbzc gllungmori aokbiptbzc psiebvskfb zumetrybth psiebvskfb xtvbrolacp tgbmxdmvwe kdujdjjwot oggftsricu kdujdjjwot bnmegnfgii kdujdjjwot tgbmxdmvwe xtvbrolacp chjuuxuacs jedsthbmzo zpybghfdbe jedsthbmzo lkvobxyfca jedsthbmzo qfbvncxldf nwlccbonas unihwwnyqz nwlccbonas qfbvncxldf jedsthbmzo chjuuxuacs bswhowadhl chjuuxuacs xtvbrolacp psiebvskfb aokbiptbzc tvuprbwofb lbuiysostx xplqpgpbvq wtyqwjwskq gwnccktgki seeyrseflx gjmmikaxih seeyrseflx gwnccktgki ztplgyvqhm gwnccktgki wtyqwjwskq qzdrdcxoib vugkhjygfe vkrlpmybdj zpjhxyylhb koawdpgqdx zpjhxyylhb vkrlpmybdj vugkhjygfe ahqdrcepub vugkhjygfe epdwcjuvdr gucdicwxmb
21
rnpokwoqgt rnpokwoqgt
ahqdrcepub ahqdrcepub
xawkqmfmmx xawkqmfmmx
lkvobxyfca lkvobxyfca
iwdghbmiai iwdghbmiai
psiebvskfb psiebvskfb
vkrlpmybdj vkrlpmybdj
yiwwdwbzth yiwwdwbzth
zjbarjhmau zjbarjhmau
seeyrseflx seeyrseflx
ztplgyvqhm ztplgyvqhm
oggftsricu oggftsricu
tvuprbwofb tvuprbwofb
gkcfktyute gkcfktyute
zumetrybth zumetrybth
zpjhxyylhb zpjhxyylhb
koawdpgqdx koawdpgqdx
evdoyagqfp evdoyagqfp
vugkhjygfe vugkhjygfe
wtyqwjwskq wtyqwjwskq
epdwcjuvdr epdwcjuvdr
