evdoyagqfp xawkqmfmmx xftptyrlvl jqtguzxxsl smwxdupkdv jqtguzxxsl wynbxuuxru qzdrdcxoib voaumgrcuj qzdrdcxoib wynbxuuxru epdwcjuvdr eooyfwmxln fczruomdab ummqduagjn stdiixwrjc owusjcmdkp sinegnctim jfccyptuug tgkujfknod jfccyptuug sinegnctim owusjcmdkp ytidnmibdj siatqqydwf ytidnmibdj owusjcmdkp stdiixwrjc ummqduagjn fczruomdab uhalgukdzb yriqtwavfx gucdicwxmb yriqtwavfx rkyixxpcbx yriqtwavfx uhalgukdzb kwbnyneokj qqtzqvrvyc tgbmxdmvwe lcrihrmoqu tgbmxdmvwe qqtzqvrvyc xvgujpzkiw rfcbhdtwvm awqmxektil mcxqvnkhbl awqmxektil rfcbhdtwvm syxecaxosc rfcbhdtwvm kyblmbvqtv rfcbhdtwvm byyqgjwsrp gjmmikaxih jrusiskazm vkrlpmybdj cdqkyomyxw qcktwemqbm cdqkyomyxw vkrlpmybdj jrusiskazm gjmmikaxih byyqgjwsrp wtjzgzopuw wkwwcqjtxf lkvtxfwozs wkwwcqjtxf wtjzgzopuw byyqgjwsrp qxfgqgbbdn byyqgjwsrp rfcbhdtwvm xvgujpzkiw qqtzqvrvyc frwgnrofof qqtzqvrvyc kwbnyneokj wirlbujvjm phknwbtipl gkcfktyute xkasbvrrxd gkcfktyute rlxmdzqomd cmdqzmgvfi qgfchcatzi cmdqzmgvfi rlxmdzqomd gkcfktyute phknwbtipl fdgcygwgjf phknwbtipl zivwgfcxqi euqbrkzdsw jedsthbmzo euqbrkzdsw zivwgfcxqi phknwbtipl wirlbujvjm kwbnyneokj uhalgukdzb fczruomdab eooyfwmxln epdwcjuvdr kgktiatgjn epdwcjuvdr wynbxuuxru lazlsvgukx bbczvyonym lazlsvgukx wynbxuuxru tmrnpjqnxx imkzafjljw tmrnpjqnxx wynbxuuxru oegfbrwyrp ebqxbaqnmm xwrvhrxnqy xifuopshzj xwrvhrxnqy pbefrggyje unihwwnyqz xplqpgpbvq kdujdjjwot xplqpgpbvq xknpudafue xplqpgpbvq unihwwnyqz yhpfnjjqmm bimtbhwsby chjuuxuacs afortwurqt ahqdrcepub gbdejcnknd ahqdrcepub afortwurqt chjuuxuacs bimtbhwsby ijbfzrqwct bbwcqzwyoz nwlccbonas xguvjomcdt fclmzghxkf xguvjomcdt nwlccbonas itbfnxnauh nwlccbonas bbwcqzwyoz ijbfzrqwct bimtbhwsby yhpfnjjqmm unihwwnyqz kijbyyuzhd wtyqwjwskq fznfvsgjhc ouxenssqdu fznfvsgjhc wtyqwjwskq kvfpaspidv zpjhxyylhb bswhowadhl ljhmnbaicr pdljcbluhp ljhmnbaicr bswhowadhl xsjzeyxnpw opmnfgpclg tvuprbwofb zumetrybth vugkhjygfe xywdziunpr oggftsricu xywdziunpr vugkhjygfe aruwdskzta lnicnhmajr qpxtrjvxpe tmatbexcil qpxtrjvxpe lnicnhmajr kyrhqthnvz lndsfxewdc lbuiysostx lndsfxewdc eqdxeqvtsb xnppuesbrr gllungmori qxuqrfzzob gllungmori xnppuesbrr hxkhivkhyl scesbtewjx xfsfninwab scesbtewjx hxkhivkhyl xnppuesbrr eqdxeqvtsb lndsfxewdc kyrhqthnvz lnicnhmajr xychpimpzb bulywvvpni xychpimpzb sipmuleqch wtlzrefwav mdyuzxshey wtlzrefwav zbvxzejelx wtlzrefwav afrdrejwtp xtvbrolacp afrdrejwtp khisjiexts afrdrejwtp wtlzrefwav sipmuleqch xychpimpzb lnicnhmajr aruwdskzta vugkhjygfe guuudgvhny vugkhjygfe zumetrybth tvuprbwofb opmnfgpclg knfzsnhzvx opmnfgpclg bpbbtoptwg eysfgfavho lkvobxyfca eysfgfavho bpbbtoptwg rnpokwoqgt oownpsyviv oavtmpaqji qydclznxrd oewptytlja qydclznxrd oavtmpaqji ichabbvkhm zjbarjhmau ichabbvkhm oavtmpaqji oownpsyviv rnpokwoqgt bpbbtoptwg ybdknfjgrw bpbbtoptwg opmnfgpclg xsjzeyxnpw ymvlfsdhbu aokbiptbzc ymvlfsdhbu frfueiglva ymvlfsdhbu xsjzeyxnpw bswhowadhl zpjhxyylhb jwcdeoubpx hofbtczdgp pwgublhwxg zpybghfdbe pwgublhwxg pymtnhypxd jrmlkfexfk osdeymjeil jrmlkfexfk pymtnhypxd pwgublhwxg hofbtczdgp yqwistxtxc mswyvpdrsy yqwistxtxc nbjyrygtdh jatkaoyfxb hsjqtjkukk jatkaoyfxb nbjyrygtdh czvqvijjlb seeyrseflx hkempoemlv seeyrseflx xeigbnzhbj hadchvmijq xeigbnzhbj seeyrseflx czvqvijjlb ztplgyvqhm czvqvijjlb nbjyrygtdh cpwyxulkjm nbjyrygtdh yqwistxtxc hofbtczdgp jwcdeoubpx zpjhxyylhb kvfpaspidv wtyqwjwskq kijbyyuzhd gwnccktgki kijbyyuzhd unihwwnyqz pbefrggyje xzwkhxkxjr cttlxdtaiw zmfuudfatm cttlxdtaiw uqoafoloje cttlxdtaiw xzwkhxkxjr pbefrggyje xwrvhrxnqy ebqxbaqnmm oegfbrwyrp xqwyvbvueh tvcolajnao xqwyvbvueh idfvjoquhh xqwyvbvueh vqakgbtmpu eaozvwjoso dnmgxnhbgi vnzypgtlkj dnmgxnhbgi eaozvwjoso ldnozwuuuq spdafzaivh qiqnnrlapz spdafzaivh ldnozwuuuq eaozvwjoso vqakgbtmpu xqwyvbvueh oegfbrwyrp wynbxuuxru jqtguzxxsl optviwhmbr vfdsalrajq optviwhmbr ivugtsvtqb optviwhmbr jqtguzxxsl pcilmgdrgc qepegujmaa koawdpgqdx psiebvskfb koawdpgqdx xtraxybdhx koawdpgqdx qepegujmaa ixyurvbpvu yiwwdwbzth uddkspyqjc yiwwdwbzth ixyurvbpvu qfbvncxldf ixyurvbpvu qepegujmaa etdxtwotzh qepegujmaa pcilmgdrgc wwqchwdmtx pcilmgdrgc ivgbjyugdu pcilmgdrgc jqtguzxxsl xftptyrlvl fxuhthwjjp xftptyrlvl uooysjrxsb nfvvjywhsb ederofzujd nfvvjywhsb ztvejhcxjs nfvvjywhsb uooysjrxsb xftptyrlvl mysadifwma robpunozly bnmegnfgii robpunozly mysadifwma xftptyrlvl qbiylslccb kvxwqiryyu iwdghbmiai sjtuxgdwms oddoubpfzn sjtuxgdwms kvxwqiryyu qbiylslccb xftptyrlvl fluzhooehk xftptyrlvl evdoyagqfp
99
oavtmpaqji oavtmpaqji
tmrnpjqnxx tmrnpjqnxx
vugkhjygfe vugkhjygfe
qxfgqgbbdn qxfgqgbbdn
jrmlkfexfk jrmlkfexfk
lnicnhmajr lnicnhmajr
kgktiatgjn kgktiatgjn
jrusiskazm jrusiskazm
qgfchcatzi qgfchcatzi
itbfnxnauh itbfnxnauh
kvxwqiryyu kvxwqiryyu
tmatbexcil tmatbexcil
xguvjomcdt xguvjomcdt
bbczvyonym bbczvyonym
xawkqmfmmx xawkqmfmmx
uhalgukdzb uhalgukdzb
wkwwcqjtxf wkwwcqjtxf
fluzhooehk fluzhooehk
qiqnnrlapz qiqnnrlapz
yiwwdwbzth yiwwdwbzth
ldnozwuuuq ldnozwuuuq
bbwcqzwyoz bbwcqzwyoz
wwqchwdmtx wwqchwdmtx
hofbtczdgp hofbtczdgp
gucdicwxmb gucdicwxmb
smwxdupkdv smwxdupkdv
qfbvncxldf qfbvncxldf
xwrvhrxnqy xwrvhrxnqy
wtlzrefwav wtlzrefwav
hsjqtjkukk hsjqtjkukk
euqbrkzdsw euqbrkzdsw
mysadifwma mysadifwma
afortwurqt afortwurqt
oggftsricu oggftsricu
kyrhqthnvz kyrhqthnvz
xnppuesbrr xnppuesbrr
mdyuzxshey mdyuzxshey
ouxenssqdu ouxenssqdu
guuudgvhny guuudgvhny
qpxtrjvxpe qpxtrjvxpe
ichabbvkhm ichabbvkhm
hkempoemlv hkempoemlv
fdgcygwgjf fdgcygwgjf
vkrlpmybdj vkrlpmybdj
vfdsalrajq vfdsalrajq
lcrihrmoqu lcrihrmoqu
uooysjrxsb uooysjrxsb
rnpokwoqgt rnpokwoqgt
evdoyagqfp evdoyagqfp
tvcolajnao tvcolajnao
cttlxdtaiw cttlxdtaiw
etdxtwotzh etdxtwotzh
tgkujfknod tgkujfknod
zivwgfcxqi zivwgfcxqi
rkyixxpcbx rkyixxpcbx
qepegujmaa qepegujmaa
seeyrseflx seeyrseflx
voaumgrcuj voaumgrcuj
qxuqrfzzob qxuqrfzzob
pbefrggyje pbefrggyje
optviwhmbr optviwhmbr
aruwdskzta aruwdskzta
stdiixwrjc stdiixwrjc
cpwyxulkjm cpwyxulkjm
gbdejcnknd gbdejcnknd
pdljcbluhp pdljcbluhp
oegfbrwyrp oegfbrwyrp
xychpimpzb xychpimpzb
xkasbvrrxd xkasbvrrxd
bimtbhwsby bimtbhwsby
psiebvskfb psiebvskfb
scesbtewjx scesbtewjx
ahqdrcepub ahqdrcepub
eooyfwmxln eooyfwmxln
vnzypgtlkj vnzypgtlkj
bswhowadhl bswhowadhl
bnmegnfgii bnmegnfgii
kijbyyuzhd kijbyyuzhd
xqwyvbvueh xqwyvbvueh
byyqgjwsrp byyqgjwsrp
wynbxuuxru wynbxuuxru
zmfuudfatm zmfuudfatm
afrdrejwtp afrdrejwtp
ymvlfsdhbu ymvlfsdhbu
lndsfxewdc lndsfxewdc
lkvtxfwozs lkvtxfwozs
osdeymjeil osdeymjeil
tgbmxdmvwe tgbmxdmvwe
nwlccbonas nwlccbonas
xywdziunpr xywdziunpr
pcilmgdrgc pcilmgdrgc
xifuopshzj xifuopshzj
bulywvvpni bulywvvpni
ivugtsvtqb ivugtsvtqb
aokbiptbzc aokbiptbzc
ivgbjyugdu ivgbjyugdu
nbjyrygtdh nbjyrygtdh
kvfpaspidv kvfpaspidv
eqdxeqvtsb eqdxeqvtsb
