mdyuzxshey vkrlpmybdj zmfuudfatm vkrlpmybdj tvcolajnao ouxenssqdu qydclznxrd cmdqzmgvfi zpybghfdbe psiebvskfb bswhowadhl awqmxektil bswhowadhl oegfbrwyrp tgbmxdmvwe rnpokwoqgt tgbmxdmvwe oegfbrwyrp lbuiysostx sjtuxgdwms lbuiysostx oegfbrwyrp bswhowadhl zpybghfdbe lndsfxewdc mswyvpdrsy hkempoemlv ixyurvbpvu siatqqydwf ahqdrcepub lazlsvgukx ahqdrcepub siatqqydwf ixyurvbpvu uooysjrxsb seeyrseflx vugkhjygfe seeyrseflx uooysjrxsb ixyurvbpvu syxecaxosc gwnccktgki syxecaxosc qgfchcatzi oggftsricu lnicnhmajr owusjcmdkp ljhmnbaicr ebqxbaqnmm zumetrybth tvuprbwofb zumetrybth gjmmikaxih zumetrybth jatkaoyfxb bnmegnfgii jatkaoyfxb zumetrybth ebqxbaqnmm zpjhxyylhb ebqxbaqnmm ljhmnbaicr owusjcmdkp oewptytlja nwlccbonas fxuhthwjjp nwlccbonas oewptytlja knfzsnhzvx xftptyrlvl yiwwdwbzth wtyqwjwskq yiwwdwbzth jqtguzxxsl yiwwdwbzth xftptyrlvl jedsthbmzo xftptyrlvl knfzsnhzvx oewptytlja bbwcqzwyoz oewptytlja owusjcmdkp lnicnhmajr kyblmbvqtv chjuuxuacs lnicnhmajr oggftsricu euqbrkzdsw wtjzgzopuw eysfgfavho phknwbtipl kdujdjjwot sinegnctim kdujdjjwot zjbarjhmau bulywvvpni zjbarjhmau kdujdjjwot phknwbtipl hadchvmijq xplqpgpbvq lkvobxyfca fznfvsgjhc yhpfnjjqmm xkasbvrrxd pymtnhypxd xkasbvrrxd idfvjoquhh xkasbvrrxd yhpfnjjqmm fznfvsgjhc lkvobxyfca xplqpgpbvq hadchvmijq wynbxuuxru epdwcjuvdr gkcfktyute epdwcjuvdr wynbxuuxru hadchvmijq phknwbtipl eysfgfavho wtjzgzopuw euqbrkzdsw oggftsricu qgfchcatzi syxecaxosc ixyurvbpvu optviwhmbr ixyurvbpvu hkempoemlv mswyvpdrsy lndsfxewdc zpybghfdbe cmdqzmgvfi qfbvncxldf cmdqzmgvfi tmrnpjqnxx wtlzrefwav xawkqmfmmx wtlzrefwav evdoyagqfp wtlzrefwav jrmlkfexfk gllungmori rkyixxpcbx eooyfwmxln rkyixxpcbx gllungmori jrmlkfexfk wtlzrefwav hsjqtjkukk smwxdupkdv aokbiptbzc koawdpgqdx qzdrdcxoib koawdpgqdx unihwwnyqz ztplgyvqhm unihwwnyqz qepegujmaa xtvbrolacp iwdghbmiai gucdicwxmb iwdghbmiai xtvbrolacp qepegujmaa jfccyptuug qepegujmaa unihwwnyqz koawdpgqdx xywdziunpr jrusiskazm koawdpgqdx smwxdupkdv hsjqtjkukk wtlzrefwav tmrnpjqnxx cmdqzmgvfi qydclznxrd ouxenssqdu tvcolajnao qcktwemqbm wkwwcqjtxf qcktwemqbm tvcolajnao vkrlpmybdj mdyuzxshey mysadifwma mdyuzxshey
49
mysadifwma mysadifwma
jatkaoyfxb jatkaoyfxb
gwnccktgki gwnccktgki
jedsthbmzo jedsthbmzo
bnmegnfgii bnmegnfgii
kdujdjjwot kdujdjjwot
oewptytlja oewptytlja
zjbarjhmau zjbarjhmau
vkrlpmybdj vkrlpmybdj
bulywvvpni bulywvvpni
lndsfxewdc lndsfxewdc
knfzsnhzvx knfzsnhzvx
lbuiysostx lbuiysostx
tgbmxdmvwe tgbmxdmvwe
eooyfwmxln eooyfwmxln
zmfuudfatm zmfuudfatm
xtvbrolacp xtvbrolacp
hadchvmijq hadchvmijq
ahqdrcepub ahqdrcepub
rkyixxpcbx rkyixxpcbx
ebqxbaqnmm ebqxbaqnmm
mswyvpdrsy mswyvpdrsy
qydclznxrd qydclznxrd
wynbxuuxru wynbxuuxru
qcktwemqbm qcktwemqbm
zumetrybth zumetrybth
lazlsvgukx lazlsvgukx
jqtguzxxsl jqtguzxxsl
vugkhjygfe vugkhjygfe
aokbiptbzc aokbiptbzc
gllungmori gllungmori
optviwhmbr optviwhmbr
qepegujmaa qepegujmaa
wtlzrefwav wtlzrefwav
wtyqwjwskq wtyqwjwskq
lkvobxyfca lkvobxyfca
owusjcmdkp owusjcmdkp
qfbvncxldf qfbvncxldf
ljhmnbaicr ljhmnbaicr
xftptyrlvl xftptyrlvl
koawdpgqdx koawdpgqdx
fznfvsgjhc fznfvsgjhc
cmdqzmgvfi cmdqzmgvfi
mdyuzxshey mdyuzxshey
nwlccbonas nwlccbonas
euqbrkzdsw euqbrkzdsw
lnicnhmajr lnicnhmajr
seeyrseflx seeyrseflx
psiebvskfb psiebvskfb
