0 6 5 15 55 37 76 89 58 100 101 58 95 96 12 59 12 138 139 12 61 52 75 79 5 116 117 5 30 11 14 56 35 90 182 183 182 90 184 90 70 83 167 168 167 83 169 83 11 130 131 11 179 180 179 11 181 11 18 9 17 25 49 66 49 194 195 194 49 196 49 51 94 126 127 94 25 124 125 25 47 85 47 152 153 152 47 154 47 164 165 164 47 166 47 78 185 186 185 78 187 78 19 62 57 136 137 57 188 189 188 57 190 57 73 9 161 162 161 9 163 9 91 97 18 102 103 18 33 1 7 69 110 111 69 99 82 1 155 156 155 1 157 1 4 77 13 16 23 21 43 21 140 141 140 21 142 21 36 67 45 81 45 173 174 173 45 175 45 32 3 68 42 71 86 41 112 113 41 122 123 41 65 84 24 64 84 132 133 84 143 144 143 84 145 84 10 26 38 34 120 121 34 80 38 146 147 146 38 148 38 48 26 158 159 158 26 160 26 28 87 8 31 53 176 177 176 53 178 53 88 31 118 119 31 20 29 87 149 150 149 87 151 87 92 10 114 115 10 197 198 197 10 199 10 40 2 63 60 108 109 60 128 129 60 72 22 98 74 40 134 135 40 46 27 39 44 104 105 44 39 106 107 39 46 170 171 170 46 172 46 50 54 191 192 191 54 193 54 93 0
100
100 100
101 101
102 102
103 103
104 104
105 105
106 106
107 107
108 108
109 109
110 110
111 111
112 112
113 113
114 114
115 115
116 116
117 117
118 118
119 119
120 120
121 121
122 122
123 123
124 124
125 125
126 126
127 127
128 128
129 129
130 130
131 131
132 132
133 133
134 134
135 135
136 136
137 137
138 138
139 139
140 140
141 141
142 142
143 143
144 144
145 145
146 146
147 147
148 148
149 149
150 150
151 151
152 152
153 153
154 154
155 155
156 156
157 157
158 158
159 159
160 160
161 161
162 162
163 163
164 164
165 165
166 166
167 167
168 168
169 169
170 170
171 171
172 172
173 173
174 174
175 175
176 176
177 177
178 178
179 179
180 180
181 181
182 182
183 183
184 184
185 185
186 186
187 187
188 188
189 189
190 190
191 191
192 192
193 193
194 194
195 195
196 196
197 197
198 198
199 199
