0 3 0 75 4 30 29 79 150 20 23 20 150 152 158 152 150 153 150 79 184 194 124 174 29 30 32 31 32 30 33 30 4 94 14 39 35 37 36 37 35 38 35 125 127 126 127 125 128 117 166 117 168 117 128 125 59 19 84 149 99 104 17 16 17 104 64 7 6 7 146 147 146 7 176 177 176 7 193 7 64 135 52 51 52 135 138 135 165 109 119 129 72 71 72 129 139 180 22 21 22 171 22 180 167 180 182 181 182 180 100 10 12 11 12 66 67 123 67 66 12 196 12 10 13 10 45 48 45 170 5 190 192 191 192 190 170 172 170 173 170 55 58 55 155 157 156 157 155 185 187 185 188 185 15 18 15 100 103 100 4 154 9 24 49 160 137 136 137 160 162 161 162 160 24 70 40 2 1 2 8 2 28 2 40 43 40 70 73 70 90 54 69 179 74 189 54 80 82 81 82 108 102 106 107 106 102 108 82 80 83 80 90 92 91 92 111 92 90 115 77 76 77 101 77 116 77 186 42 41 42 186 132 131 132 141 132 186 77 115 25 27 26 27 65 68 65 27 118 27 25 9 34 89 114 159 34 95 98 95 145 148 145 175 178 175 60 50 53 50 85 87 86 87 85 88 85 50 60 62 61 62 93 62 60 63 60 120 47 46 47 183 47 120 122 121 122 151 122 120 9 134 140 142 140 143 97 96 97 163 97 143 140 9 164 144 169 199 195 197 195 198 195 75 78 75 110 44 105 110 57 56 57 110 112 110 113 110 130 133 130 0
100
27 27
66 66
68 68
192 192
122 122
3 3
134 134
124 124
15 15
37 37
91 91
82 82
16 16
186 186
104 104
13 13
180 180
38 38
131 131
116 116
36 36
132 132
136 136
17 17
64 64
2 2
139 139
166 166
25 25
102 102
65 65
141 141
55 55
184 184
149 149
47 47
97 97
43 43
145 145
172 172
99 99
57 57
12 12
100 100
148 148
181 181
95 95
28 28
113 113
114 114
128 128
35 35
179 179
94 94
92 92
87 87
20 20
142 142
105 105
182 182
108 108
54 54
152 152
154 154
138 138
159 159
101 101
110 110
67 67
183 183
118 118
74 74
78 78
39 39
69 69
161 161
133 133
160 160
32 32
42 42
44 44
120 120
123 123
52 52
72 72
189 189
56 56
11 11
135 135
125 125
168 168
30 30
129 129
41 41
144 144
187 187
197 197
79 79
58 58
195 195
