85 24 0 65 6 35 67 35 6 65 18 57 18 65 61 8 61 75 9 75 34 75 65 0 24 43 72 5 1 5 72 11 36 28 36 94 26 2 52 2 26 32 10 93 30 19 30 74 50 74 82 51 82 87 88 62 7 21 20 37 39 37 49 46 78 97 78 49 73 15 59 73 84 73 49 37 21 76 21 7 62 64 90 4 27 4 42 53 42 69 42 92 42 4 44 62 25 14 17 14 38 14 45 14 48 80 48 14 55 14 25 23 25 32 31 83 13 83 16 66 3 29 95 29 98 29 3 47 41 47 3 91 3 66 60 96 60 66 71 33 71 70 22 70 68 70 99 56 99 70 16 83 32 86 26 94 36 89 12 58 12 89 79 89 11 72 63 40 72 77 72 81 24 85 54 85
50
0 0
1 1
7 7
8 8
11 11
13 13
15 15
16 16
17 17
22 22
23 23
27 27
28 28
31 31
34 34
35 35
37 37
38 38
43 43
44 44
45 45
46 46
47 47
48 48
50 50
51 51
52 52
53 53
54 54
55 55
56 56
57 57
64 64
68 68
69 69
71 71
76 76
77 77
79 79
80 80
81 81
86 86
87 87
91 91
92 92
93 93
94 94
96 96
98 98
99 99
