99 176 103 52 22 58 102 58 52 76 105 131 159 106 108 62 73 62 128 80 11 50 11 128 164 95 19 1 19 33 139 12 139 67 139 33 19 143 19 184 95 24 194 40 2 47 2 63 2 86 168 86 181 86 2 112 71 192 71 112 2 146 2 40 194 95 183 95 164 128 62 108 106 159 131 105 76 161 76 52 89 92 52 167 154 122 48 13 54 61 135 8 60 109 60 8 135 101 88 101 135 54 91 129 28 129 29 196 137 85 127 85 174 85 186 137 150 137 185 45 41 45 196 29 129 54 13 87 16 17 16 148 16 190 16 197 179 37 23 5 138 20 140 77 20 153 138 133 113 7 18 43 56 96 132 96 157 119 157 134 44 134 157 172 157 43 66 43 97 43 189 43 18 121 7 111 7 113 30 113 51 113 64 59 113 114 113 124 113 170 113 133 138 5 182 21 78 65 78 21 191 165 23 37 53 162 0 177 141 177 0 162 53 37 180 179 197 13 48 26 198 72 74 166 84 160 195 46 27 116 107 49 10 57 193 142 156 70 156 57 10 49 123 49 125 49 107 94 107 118 4 118 107 158 81 9 81 100 69 25 69 83 69 93 69 173 69 100 81 126 38 187 68 187 38 126 81 158 107 163 116 117 116 27 46 55 120 136 120 171 120 46 144 169 104 31 82 31 104 130 104 169 144 147 160 84 166 72 26 199 39 199 42 199 26 48 122 154 149 154 167 52 103 176 188 175 15 175 32 34 32 98 36 155 110 151 110 155 36 98 115 145 115 32 152 6 75 79 3 79 178 14 35 14 178 79 6 152 90 152 32 175 188 176 99
100
0 0
1 1
4 4
5 5
8 8
9 9
10 10
12 12
15 15
17 17
18 18
20 20
22 22
24 24
25 25
26 26
27 27
28 28
30 30
33 33
34 34
35 35
39 39
40 40
41 41
42 42
47 47
51 51
53 53
55 55
56 56
59 59
61 61
63 63
66 66
68 68
70 70
73 73
75 75
78 78
80 80
82 82
83 83
88 88
90 90
92 92
94 94
97 97
98 98
99 99
100 100
102 102
103 103
106 106
111 111
112 112
114 114
117 117
119 119
122 122
123 123
124 124
125 125
126 126
127 127
130 130
131 131
132 132
142 142
146 146
148 148
149 149
150 150
151 151
155 155
158 158
160 160
161 161
163 163
164 164
165 165
166 166
167 167
168 168
169 169
170 170
171 171
172 172
173 173
174 174
178 178
180 180
181 181
183 183
184 184
185 185
186 186
188 188
190 190
192 192
