81 34 5 8 11 12 14 15 132 18 20 23 24 25 27 33 38 103 39 47 48 50 52 58 59 61 64 67 16 108 69 71 72 75 77 78 1 159 4 6 7 9 107 10 13 21 111 123 19 22 31 32 35 40 41 43 44 45 46 49 54 55 57 60 62 63 66 70 74 76 80 84 87 90 101 30 36 189 106 109 110 130 112 114 116 124 51 129 131 134 137 28 138 139 128 145 89 149 155 156 157 95 133 140 158 162 163 164 165 166 169 172 178 181 183 184 190 192 17 197 199 79 83 85 86 88 68 91 92 93 94 96 98 99 100 102 174 104 105 117 118 119 120 121 125 127 136 141 142 144 146 147 148 53 150 151 152 154 160 161 115 167 56 82 113 122 126 3 37 26 42 65 97 153 170 186 168 195 171 135 173 175 176 177 179 180 182 185 73 187 143 188 2 29 191 193 194 196 198 200 81
100
92 92
153 153
35 35
76 76
86 86
135 135
195 195
199 199
183 183
161 161
180 180
107 107
124 124
85 85
87 87
9 9
191 191
77 77
8 8
57 57
42 42
167 167
70 70
109 109
188 188
52 52
49 49
71 71
130 130
196 196
36 36
93 93
90 90
34 34
166 166
184 184
97 97
56 56
121 121
20 20
88 88
108 108
132 132
58 58
154 154
95 95
81 81
18 18
23 23
14 14
78 78
115 115
179 179
89 89
103 103
53 53
80 80
12 12
48 48
182 182
1 1
127 127
45 45
84 84
33 33
123 123
164 164
17 17
162 162
138 138
64 64
59 59
198 198
170 170
165 165
141 141
125 125
158 158
46 46
178 178
156 156
100 100
65 65
117 117
126 126
96 96
74 74
150 150
69 69
197 197
189 189
200 200
41 41
152 152
27 27
16 16
145 145
24 24
159 159
43 43
