63 37 15 76 12 84 94 6 11 83 4 7 8 40 56 75 10 16 17 3 65 82 90 53 14 35 79 77 70 46 13 80 72 86 67 51 97 32 85 39 71 41 49 38 52 54 66 93 9 36 87 92 24 47 91 25 33 44 62 19 42 21 74 99 29 34 95 26 89 88 73 1 27 18 59 58 28 55 98 48 31 57 60 68 2 5 20 22 30 43 50 61 64 69 81 96 23 45 78 100 63
50
27 27
81 81
69 69
36 36
93 93
17 17
64 64
59 59
48 48
70 70
65 65
50 50
14 14
34 34
35 35
38 38
53 53
83 83
74 74
43 43
78 78
97 97
24 24
72 72
12 12
58 58
67 67
11 11
52 52
89 89
45 45
23 23
86 86
4 4
37 37
47 47
19 19
33 33
87 87
18 18
3 3
21 21
15 15
63 63
80 80
9 9
71 71
99 99
20 20
85 85
