10 4 1 2 3 27 5 44 20 0 19 14 11 12 13 29 15 30 28 7 6 9 8 38 35 39 33 32 40 36 43 34 42 41 37 45 46 47 48 49 16 17 18 24 21 22 23 31 25 26 10 50 51 81 80 79 78 77 76 75 74 73 72 71 70 69 68 67 66 65 64 63 62 61 60 59 58 57 56 55 54 53 52 90 91 92 88 89 88 93 96 97 98 94 95 94 99 82 83 84 85 86 87 50 10
47
1 1
2 2
3 3
5 5
6 6
7 7
8 8
11 11
12 12
15 15
21 21
22 22
23 23
25 25
29 29
32 32
34 34
35 35
36 36
37 37
38 38
39 39
41 41
42 42
43 43
51 51
52 52
53 53
54 54
56 56
57 57
58 58
59 59
61 61
62 62
84 84
85 85
86 86
87 87
90 90
91 91
92 92
93 93
96 96
97 97
98 98
99 99
