0 4 12 88 59 17 6 7 69 34 65 51 8 67 11 39 35 39 47 55 9 28 10 25 80 63 74 96 71 41 16 46 82 86 57 3 4 52 54 4 77 13 26 98 40 19 14 33 75 81 20 21 31 73 70 36 37 91 62 43 5 15 58 45 18 83 29 24 27 64 97 76 89 23 95 61 53 32 56 22 72 99 85 87 90 30 79 50 60 84 66 44 38 93 68 1 78 92 94 42 49 2 48 0
50
1 1
2 2
3 3
4 4
5 5
6 6
7 7
8 8
9 9
10 10
11 11
12 12
13 13
14 14
15 15
16 16
17 17
18 18
19 19
20 20
21 21
22 22
23 23
24 24
25 25
26 26
27 27
28 28
29 29
30 30
31 31
32 32
33 33
34 34
35 35
36 36
37 37
38 38
39 39
40 40
41 41
42 42
43 43
44 44
45 45
46 46
47 47
48 48
49 49
50 50
