0 91 105 127 109 61 88 8 88 98 187 180 115 76 28 42 116 141 123 76 33 55 31 97 176 44 117 79 143 154 169 160 189 51 181 46 87 5 62 17 70 17 89 161 45 106 152 155 38 145 72 108 7 54 149 177 18 139 20 35 56 35 103 99 27 39 27 49 195 53 129 195 186 68 121 150 75 27 133 162 78 9 140 198 86 103 126 103 20 81 23 60 84 158 6 96 157 93 10 2 30 120 43 74 37 47 74 194 83 196 10 93 71 21 13 71 93 178 94 190 191 66 4 32 118 179 144 14 29 171 134 114 167 114 175 119 73 122 136 52 107 151 142 173 193 197 85 16 188 164 191 95 132 101 26 69 40 59 11 1 34 174 148 130 165 157 6 112 163 81 131 63 159 24 104 92 138 80 113 12 168 90 12 113 135 82 184 108 102 192 57 170 3 58 111 48 100 124 137 166 111 185 153 156 15 110 182 128 192 172 22 183 50 147 67 25 64 146 19 36 41 77 199 125 65 127 0
100
1 1
2 2
3 3
4 4
5 5
6 6
7 7
8 8
9 9
10 10
11 11
12 12
13 13
14 14
15 15
16 16
17 17
18 18
19 19
20 20
21 21
22 22
23 23
24 24
25 25
26 26
27 27
28 28
29 29
30 30
31 31
32 32
33 33
34 34
35 35
36 36
37 37
38 38
39 39
40 40
41 41
42 42
43 43
44 44
45 45
46 46
47 47
48 48
49 49
50 50
51 51
52 52
53 53
54 54
55 55
56 56
57 57
58 58
59 59
60 60
61 61
62 62
63 63
64 64
65 65
66 66
67 67
68 68
69 69
70 70
71 71
72 72
73 73
74 74
75 75
76 76
77 77
78 78
79 79
80 80
81 81
82 82
83 83
84 84
85 85
86 86
87 87
88 88
89 89
90 90
91 91
92 92
93 93
94 94
95 95
96 96
97 97
98 98
99 99
100 100
