Soda A Soda B Soda C Soda D Soda E Soda F Soda G Soda H Soda I Soda J Soda K L K M K N K O K P K Q K R K S K T K U K V W V X V Y V Z V AA V AB V AC V AD V AE V AF V AG AH AG AI AG AJ AG AK AG AL AG AM AG AN AG AO AG AP AG AQ AG AR AS AR AT AR AU AR AV AR AW AR AX AR AY AR AZ AR BA AR BB AR BC BD BC BE BC BF BC BG BC BH BC BI BC BJ BC BK BC BL BC BM BC AR AG V K Soda BN BO BN BP BN BQ BN BR BN BS BN BT BN BU BN BV BN BW BN BX BN Soda
38
A A
B B
C C
D D
E E
F F
G G
H H
I I
J J
L L
M M
N N
O O
P P
Q Q
R R
S S
T T
U U
W W
X X
Y Y
Z Z
AA AA
AB AB
AC AC
AD AD
AE AE
AF AF
AH AH
AI AI
AJ AJ
AK AK
AL AL
AM AM
AN AN
AO AO
