99 85 35 6 35 57 1 57 48 20 22 26 22 42 12 11 31 19 31 44 9 73 91 76 31 42 22 62 27 62 63 62 22 48 54 21 54 56 24 56 54 80 84 79 49 79 75 79 95 34 72 77 74 16 74 97 74 77 78 46 98 94 4 29 15 29 28 5 28 29 4 33 41 33 4 94 59 88 72 34 95 82 67 8 67 23 90 7 39 64 43 81 18 10 14 66 71 53 40 53 51 66 14 93 37 32 37 10 52 10 18 55 83 3 83 17 60 68 65 96 83 55 81 25 47 70 30 45 30 70 50 25 58 86 61 38 69 2 87 92 13 0 36 13 92 89 99
50
0 0
1 1
2 2
3 3
4 4
5 5
6 6
7 7
8 8
9 9
10 10
11 11
12 12
13 13
14 14
15 15
16 16
17 17
18 18
19 19
20 20
21 21
22 22
23 23
24 24
25 25
26 26
27 27
28 28
29 29
30 30
31 31
32 32
33 33
34 34
35 35
36 36
37 37
38 38
39 39
40 40
41 41
42 42
43 43
44 44
45 45
46 46
47 47
48 48
49 49
