0 1 2 3 4 5 6 7 8 9 12 10 31 10 12 11 14 13 16 15 16 13 14 33 34 35 36 34 33 37 38 37 39 40 41 42 43 42 44 45 48 45 46 47 87 47 46 44 49 50 52 54 55 54 56 58 59 89 59 58 61 60 61 58 62 63 64 73 64 62 66 67 68 69 66 70 71 65 72 74 76 75 76 77 78 79 80 81 83 86 85 84 90 17 18 19 17 21 20 32 23 24 23 25 26 28 27 28 30 29 30 28 26 23 32 22 21 17 90 82 90 84 86 83 81 79 78 88 77 76 72 66 62 58 54 52 57 52 51 53 51 49 44 42 41 40 91 40 39 37 33 14 11 9 6 5 2 1 0
34
3 3
4 4
7 7
8 8
10 10
13 13
15 15
18 18
19 19
20 20
21 21
25 25
27 27
30 30
35 35
36 36
37 37
42 42
43 43
47 47
48 48
53 53
55 55
56 56
59 59
60 60
63 63
70 70
71 71
73 73
74 74
78 78
80 80
86 86
