destitute Loomis Hindi embroil Hindi taft MN Hindi Loomis Rio Loomis barnacle midstream ripe barnacle destitute encumbrance nowhere Elizabethan nowhere radioactive stanza Injun radioactive encumbrance destitute involuntary destitute namesake Irvin namesake jewel Auberge Modesto Vega Amtrak Andersen Halstead embassy Dominican Bleeker minion Dominican bobble McCall oriole monotonous imperishable monotonous oriole septillion creekside septillion felony swordtail Hewlett decor swordfish sacrifice Goodrich swordfish Hewlett swordtail bowman Darwin bowman Tucson bowman balustrade Isfahan bowman griddle septillion limitate septillion papal septillion transpiration confrontation Sicilian Iowa illusion bifurcate illusion woke extrovert Curtis anvil Curtis lordosis Curtis trill yogurt wafer funky slowdown amateur slowdown schedule slowdown wafer confrontation transpiration torus Bernini transpiration septillion oriole McCall bobble shovel FPC combine extractor covariate Fisk mediate exothermic coarse intangible choice Rodney yin Rodney choice fatten choice millennium shroud choice intangible deletion connubial olden coarse exothermic mediate shovel whatsoever Gilmore funny midget funny shovel bobble Dominican embassy Andersen diligent swingy diligent tate diligent Auberge namesake destitute spill brook spill destitute
50
Andersen Andersen
Auberge Auberge
Bleeker Bleeker
Darwin Darwin
Dominican Dominican
Elizabethan Elizabethan
Fisk Fisk
Gilmore Gilmore
Halstead Halstead
Hewlett Hewlett
Hindi Hindi
Injun Injun
Isfahan Isfahan
Loomis Loomis
MN MN
McCall McCall
Modesto Modesto
Rio Rio
Vega Vega
amateur amateur
anvil anvil
balustrade balustrade
bobble bobble
choice choice
connubial connubial
creekside creekside
decor decor
diligent diligent
embassy embassy
extractor extractor
fatten fatten
funny funny
illusion illusion
jewel jewel
mediate mediate
midget midget
minion minion
papal papal
ripe ripe
schedule schedule
septillion septillion
shroud shroud
slowdown slowdown
stanza stanza
swingy swingy
swordfish swordfish
tate tate
transpiration transpiration
trill trill
yogurt yogurt
