woebegone encumbrance woebegone felony Isfahan felony babysat balustrade Loomis balustrade babysat felony casserole MN Hindi combine FPC Winchester bat directory bat Winchester companion Bleeker companion Winchester connubial Winchester oriole PDP Sunday silage Sunday whatsoever nowhere whatsoever PDP limitate PDP oriole bunch Rio Sicilian is lordosis bus lordosis lexicon Bernini December Fisk mediate Fisk swingy dull archive papal car papal archive postscript archive softball archive swordtail archive swingy Fisk December Zorn December olden December Bernini lexicon Vega lexicon choice shovel lexicon involuntary Gruyere nereid Gruyere involuntary amateur involuntary backplate involuntary sacrifice colossi sacrifice thirteen broil barnacle broil involuntary slowdown involuntary spill mitre lexicon lordosis is Rio namesake Elizabethan Darwin Elizabethan Goodrich Simon yogurt atom Mesopotamia jewel numerology Lura numerology diligent numerology newborn numerology risen Iowa risen numerology stanza numerology viscous numerology jewel septillion jewel yin jewel Mesopotamia atom coarse torus bobble torus fatten torus icon update icon torus trimester Curtis deduce Curtis wrap Curtis illusion griddle illusion transfuse catenate transfuse Simon Elizabethan fossiliferous Elizabethan Rio ripe minion brook hamper sphalerite hamper brook schedule anvil decor anvil schedule brook minion rump Rio shroud radioactive Pitney destitute Pitney radioactive shroud Rio sweatsocks Rio bunch midstream confrontation depth confrontation relaxation confrontation bunch oriole Winchester shifty clause shifty Winchester FPC combine Wheller creekside Dominican Irvin mack Irvin walkout Irvin Dominican creekside bowman covariate Halstead imposition bifurcate imposition Halstead covariate bowman creekside clash Scotty creekside jolt Amtrak expropriate Amtrak wafer Amtrak taft Injun Modesto Injun hydro Injun taft Tucson extrovert Tucson taft creekside Wheller combine extractor combine intangible combine midget grudge cowhand Andersen cowhand clout cowhand explosion cowhand incommutable cowhand midget combine Hindi MN deletion catapult deletion MN exothermic MN monotonous dreadnought monotonous MN noon blimp noon MN casserole renaissance casserole felony conceptual felony equipping felony switchmen Gilmore simulate Stephen simulate Gilmore switchmen funny McCall woke McCall funny companionway funny wingspread funny switchmen imperishable switchmen felony tate felony thoroughfare felony woebegone plunder transonic plunder woebegone shrewish woebegone trill Palo Auberge Rodney Auberge Palo Durango Hewlett Durango Reilly bacteria limpkin cytolysis Seoul embassy phylogenetic funky gemsbok yearn gemsbok funky millennium inform secondary inform millennium funky swordfish funky embassy cytolysis Durango sinh Durango Stratton angst Stratton trill administer trill fulsome embroil transpiration embroil fulsome trill woebegone
100
Andersen Andersen
Auberge Auberge
Curtis Curtis
Darwin Darwin
December December
Durango Durango
Fisk Fisk
Gilmore Gilmore
Goodrich Goodrich
Hewlett Hewlett
Irvin Irvin
Isfahan Isfahan
McCall McCall
Modesto Modesto
PDP PDP
Reilly Reilly
Rodney Rodney
Simon Simon
Stephen Stephen
Sunday Sunday
Tucson Tucson
Vega Vega
Wheller Wheller
Winchester Winchester
Zorn Zorn
administer administer
anvil anvil
archive archive
babysat babysat
backplate backplate
barnacle barnacle
bat bat
bifurcate bifurcate
broil broil
bunch bunch
car car
casserole casserole
catenate catenate
choice choice
coarse coarse
connubial connubial
deduce deduce
diligent diligent
directory directory
dreadnought dreadnought
dull dull
embroil embroil
equipping equipping
exothermic exothermic
explosion explosion
extrovert extrovert
felony felony
fulsome fulsome
funky funky
funny funny
griddle griddle
icon icon
illusion illusion
imperishable imperishable
inform inform
involuntary involuntary
limitate limitate
mack mack
mediate mediate
midstream midstream
millennium millennium
mitre mitre
monotonous monotonous
noon noon
numerology numerology
oriole oriole
papal papal
postscript postscript
relaxation relaxation
renaissance renaissance
secondary secondary
septillion septillion
shovel shovel
silage silage
simulate simulate
sinh sinh
slowdown slowdown
softball softball
sphalerite sphalerite
spill spill
stanza stanza
swingy swingy
swordfish swordfish
tate tate
thirteen thirteen
thoroughfare thoroughfare
transfuse transfuse
transonic transonic
trimester trimester
update update
viscous viscous
whatsoever whatsoever
wingspread wingspread
yearn yearn
yogurt yogurt
