exothermic brook Hewlett Bleeker amateur Bernini Tucson intangible Tucson Bernini Injun Curtis involuntary anvil embroil Halstead barnacle schedule extrovert sacrifice schedule stanza schedule barnacle embroil whatsoever anvil illusion anvil Bleeker midget lordosis midget tate choice embassy choice imperishable choice tate coarse tate slowdown tate midget Bleeker Hewlett brook Iowa brook millennium brook exothermic felony Dominican namesake FPC namesake McCall Andersen McCall swordtail Sicilian swordtail McCall swordfish wafer swordfish yogurt Dominican felony Fisk Irvin decor shovel trill combine confrontation oriole combine trill shovel Irvin felony exothermic
25
Andersen Andersen
Bernini Bernini
Curtis Curtis
FPC FPC
Halstead Halstead
Injun Injun
Iowa Iowa
Irvin Irvin
McCall McCall
Tucson Tucson
amateur amateur
coarse coarse
combine combine
decor decor
extrovert extrovert
felony felony
lordosis lordosis
midget midget
namesake namesake
sacrifice sacrifice
shovel shovel
swordfish swordfish
trill trill
wafer wafer
yogurt yogurt
