1 13 2 8 6 4 11 dfkzik 11 bvxxxl 11 4 aiahrn 4 adnqny 4 6 htnufq 6 bdkbsl 6 10 12 3 7 zfpeyb 7 obygpx 7 3 fncbor 3 dwtmye 3 14 vprasu 14 enyiik 14 12 pecqdq 12 zmlind 12 10 itizxl 10 atjnbp 10 8 qmrpna 8 qmdppc 8 15 9 5 jjhfbf 5 xzpwqp 5 9 dgndkq 9 eaxqgg 9 15 ragwaz 15 eofvmz 15 2 wdukvg 2 hkmvzs 2 13 ndksiu 13 czhzrf 13 1 eecyyi 1 mxfjog 1
22
eecyyi eecyyi
mxfjog mxfjog
wdukvg wdukvg
hkmvzs hkmvzs
fncbor fncbor
dwtmye dwtmye
aiahrn aiahrn
adnqny adnqny
jjhfbf jjhfbf
xzpwqp xzpwqp
htnufq htnufq
bdkbsl bdkbsl
zfpeyb zfpeyb
obygpx obygpx
qmrpna qmrpna
qmdppc qmdppc
dgndkq dgndkq
eaxqgg eaxqgg
itizxl itizxl
atjnbp atjnbp
dfkzik dfkzik
bvxxxl bvxxxl
