ctUVEJSyNR Z82QDWb0Pr T3o9dNVbcG TDmNOuGJBk pxgZ5VHtpD MzId8uwrPz txD9e6zJ8c VbPBW7rmhF BtCEVbHoQI lraBaKP2We vZijjgnvKU JagiZ1urqa vZijjgnvKU gLI8ArV2Ui jKpmFoejPZ 6lpxgUxCxO jKpmFoejPZ O1KJBq3Gfw jKpmFoejPZ gLI8ArV2Ui vZijjgnvKU lraBaKP2We il87Tf64CR itxsAH2eBE 49j9bb4FwD itxsAH2eBE il87Tf64CR lraBaKP2We BtCEVbHoQI I4iTN5KXjB BtCEVbHoQI VbPBW7rmhF MuYreynm57 f91pUtm9EZ MuYreynm57 osdKgXyg1e MuYreynm57 VbPBW7rmhF UphA2uAaYC HEqjxwCWnl UphA2uAaYC vzXeZbLrSW UphA2uAaYC VbPBW7rmhF txD9e6zJ8c MzId8uwrPz N4DMbR59L3 qg08r1Pg6g uVIshS2g8a VBTKstUXwG OhLW7kGQcM UX9cuf8Obj OhLW7kGQcM VBTKstUXwG 8UaR4YpZys VBTKstUXwG uVIshS2g8a zUWT7uduzq uVIshS2g8a qg08r1Pg6g N4DMbR59L3 MzId8uwrPz sY3UqAEMG3 HG8olhhcTZ oWdH0Xcxwv HG8olhhcTZ sY3UqAEMG3 8Jejdr7ynm 7d3UA4fKWz 8Jejdr7ynm QwY2G6aX6c 8Jejdr7ynm aUbShUrdkZ RLF9v27sOQ aUbShUrdkZ 8Jejdr7ynm sY3UqAEMG3 oPQmRUijH5 sY3UqAEMG3 MzId8uwrPz 1AtHE9Fk5J WujASZ2Phm 1AtHE9Fk5J MzId8uwrPz TDmNOuGJBk T3o9dNVbcG KMo4YIX1eu T3o9dNVbcG Z82QDWb0Pr HTp005294X IU0Ia8127Z HTp005294X Z82QDWb0Pr aU8DhVMUfY U5XdtBFGOe Z82QDWb0Pr ctUVEJSyNR
25
U5XdtBFGOe U5XdtBFGOe
8UaR4YpZys 8UaR4YpZys
zUWT7uduzq zUWT7uduzq
6lpxgUxCxO 6lpxgUxCxO
Z82QDWb0Pr Z82QDWb0Pr
VBTKstUXwG VBTKstUXwG
osdKgXyg1e osdKgXyg1e
oPQmRUijH5 oPQmRUijH5
I4iTN5KXjB I4iTN5KXjB
T3o9dNVbcG T3o9dNVbcG
8Jejdr7ynm 8Jejdr7ynm
gLI8ArV2Ui gLI8ArV2Ui
HG8olhhcTZ HG8olhhcTZ
IU0Ia8127Z IU0Ia8127Z
MuYreynm57 MuYreynm57
7d3UA4fKWz 7d3UA4fKWz
qg08r1Pg6g qg08r1Pg6g
RLF9v27sOQ RLF9v27sOQ
TDmNOuGJBk TDmNOuGJBk
MzId8uwrPz MzId8uwrPz
BtCEVbHoQI BtCEVbHoQI
QwY2G6aX6c QwY2G6aX6c
vzXeZbLrSW vzXeZbLrSW
f91pUtm9EZ f91pUtm9EZ
UphA2uAaYC UphA2uAaYC
