g3ylJsdLuC idQHxtSnxr BUMLJo6sc3 TSSOUimHPg 97ZNlakBoq TSSOUimHPg LCKLTNE1vp uNliYB9ELN LCKLTNE1vp TSSOUimHPg IGpxjveim7 vnZBjkVngj IGpxjveim7 yvMowGbkvn vUu8ijgxxf 9LabQjTqkn vUu8ijgxxf DJYFSgxecW O6QhQ7e2YE 4TTtdOaCTp uqBwmUCwgE u4FAx2sHZm g2I4si69gU oVMPVsMWrZ g2I4si69gU Qu2MUNKITj yU6iUY8YgO XOxGPscMMG WcyuqGYOzU oWmQcQwHPo 2eMl9AO5o8 Qbef1n83yE 5gZkkIkl56 Qbef1n83yE 2eMl9AO5o8 emYRLTiyj9 2eMl9AO5o8 oWmQcQwHPo WcyuqGYOzU O4Rh9n5Clo WcyuqGYOzU ZjhU7PWKtj WcyuqGYOzU XOxGPscMMG yU6iUY8YgO Qu2MUNKITj g2I4si69gU u4FAx2sHZm 1TfvXd6dPZ 1N2P3Sa7im srT70dfQEr faoQv8TBlx rVrpShxAxl faoQv8TBlx srT70dfQEr K05xB79KZo Bx61hYSyg6 K05xB79KZo srT70dfQEr 1N2P3Sa7im u4LnQNaaiz p3w5kcAaF0 u4LnQNaaiz AOdvD4kI7u gNPoyTno9C AOdvD4kI7u u4LnQNaaiz 1N2P3Sa7im x066w6eh4W fWIjO8yhE3 KHDeTTvJC1 fWIjO8yhE3 EG1t1o8YrR WDULGPTRTU FqFik17fFH WDULGPTRTU EG1t1o8YrR 8KtuAXHUy3 EG1t1o8YrR fWIjO8yhE3 x066w6eh4W Pijq8aHqIR s3eMpsYH00 oIVQ2qkgnR bhojeHeddF oIVQ2qkgnR s3eMpsYH00 Pijq8aHqIR nFqfAnhO3U TBzLS0OAYU nFqfAnhO3U euuICgBLD4 r8njDwxc2t WRgtAPt4eZ r8njDwxc2t euuICgBLD4 sxXDJEzMkM mcFTstBR1U I6HmSOF6YH t85IIqKEZh onlLq65Azx t85IIqKEZh I6HmSOF6YH mcFTstBR1U sxXDJEzMkM euuICgBLD4 nFqfAnhO3U 0hs3CNDF4L nFqfAnhO3U Pijq8aHqIR fXy828RCG4 KUJdxKVZFO 0wTk0mYkLH KUJdxKVZFO 7g0Idy1nzK 03xK87sjTf nKHFs5cKTX 03xK87sjTf 7g0Idy1nzK KUJdxKVZFO fXy828RCG4 Pijq8aHqIR qnkfLCmfDn QTNhZIciNJ CSjLrGbUz3 xtp1B5q0W1 AXNCIbkEJh xtp1B5q0W1 CSjLrGbUz3 QTNhZIciNJ h5Si5BAPN0 QTNhZIciNJ qnkfLCmfDn dMOAUqH7Z3 qnkfLCmfDn Pijq8aHqIR lfdanPGo3c Pijq8aHqIR x066w6eh4W 1N2P3Sa7im 1TfvXd6dPZ mbSdju1TJK 1TfvXd6dPZ dC48GQHGzO oCk2Yieytb bWDewy6WbV oCk2Yieytb 33omYiVXOD 2fevl06VRg 33omYiVXOD 5SSy593K31 qqiMfzDvYA VpC9l6m3bG ZqWjuL44qr jBYJ7v19BQ qjDSEKmZMW vLjEFrUVJv pKK7T4agKn TyL7NE2puV pKK7T4agKn AL20k9yp9D pKK7T4agKn vLjEFrUVJv qjDSEKmZMW jBYJ7v19BQ ZqWjuL44qr VpC9l6m3bG YAqGe4tKAP VpC9l6m3bG qqiMfzDvYA 5SSy593K31 33omYiVXOD oCk2Yieytb Tk8ERvdKxF uIf3wnJUdn Tk8ERvdKxF WAi18jd2vJ S8BtTu4yH9 WAi18jd2vJ PY68abXYga KO0qxEFqYe 1QXjsHNYao vajlhYBumL 1QXjsHNYao KO0qxEFqYe PY68abXYga WAi18jd2vJ Tk8ERvdKxF oCk2Yieytb dC48GQHGzO RN0bCAV6rQ pk0Vh75DnH RN0bCAV6rQ dC48GQHGzO 1TfvXd6dPZ u4FAx2sHZm FmtLnHv2HY GQ4F0g3Mdj XW1Wn7EqpN rCoEuOa7EU mwzQG3SxnO rCoEuOa7EU eV8Vk47Uma x7iq98BiN3 eV8Vk47Uma AOmNEQMr29 eV8Vk47Uma rCoEuOa7EU RUc8Sio5IX rCoEuOa7EU XW1Wn7EqpN GQ4F0g3Mdj FmtLnHv2HY YpRs8m6oyX 2S929yZddP YpRs8m6oyX FmtLnHv2HY u4FAx2sHZm 2OsmeZV9xh u4FAx2sHZm uqBwmUCwgE 4TTtdOaCTp PcFJuErB3q FvzkpZRSj8 PcFJuErB3q 4TTtdOaCTp MXIvZpEPtW 4znnlMjVra MXIvZpEPtW pWVnBerIra gTAImjNH8G z8wUSSybzM 1KJyArncTt XlU2fx0ZPn Cqa6jMOeIY XlU2fx0ZPn BNkM7qaRNw IA0Uf143OT JD3uem81Lg 2q1lo9tSYb CxfzSa2YOV 2q1lo9tSYb JD3uem81Lg D0kECQ0RvI JD3uem81Lg IA0Uf143OT uvoepIQg9n kwH6Lwl5ed uvoepIQg9n IA0Uf143OT BNkM7qaRNw yky49wE4YG 723MhcLxt0 7wS9dKOnJR J3muHocLp9 gZXiityEnU J3muHocLp9 7wS9dKOnJR JGKb2VpmRc 7wS9dKOnJR 723MhcLxt0 yky49wE4YG 2nSOTVmvxV 5hWe1EOa3M N6YnWF3Aqg 5hWe1EOa3M RxW7o7Y2pP hiOG1rve27 RxW7o7Y2pP 9ZP8NtfLqm RxW7o7Y2pP 5hWe1EOa3M yUArOGL7bN 6akdokYv9t QrJxLpX875 dj8JMfo3hX QrJxLpX875 6akdokYv9t yUArOGL7bN 5hWe1EOa3M LIaAthcOOG LeZK9UvMT9 LIaAthcOOG 5hWe1EOa3M 2nSOTVmvxV TP2TNyk7wl 2nSOTVmvxV yky49wE4YG Pv5LMSkQii yky49wE4YG WRd4lScvm6 yky49wE4YG BNkM7qaRNw XlU2fx0ZPn 1KJyArncTt xjSWG1YKh9 KZfI0wRW9K 8ZKCAWlImg t25XjDwQhD 8ZKCAWlImg tubjzjzUpV 8ZKCAWlImg z9nRKYQ1ub 8ZKCAWlImg KZfI0wRW9K s4xBpV0FQ8 KZfI0wRW9K bsEkAY2K41 Q1N77BLmyb bsEkAY2K41 KZfI0wRW9K xjSWG1YKh9 Q2bVxDrpEx bserQRNqfz KpxiCfRqh3 bserQRNqfz Q2bVxDrpEx oEdovEhrWM WYEDqSuNRX oEdovEhrWM wiMdNn30Xd q3brjZkhs5 wiMdNn30Xd oEdovEhrWM CUEWGmB7Gt oEdovEhrWM Q2bVxDrpEx xjSWG1YKh9 1KJyArncTt z8wUSSybzM j98kcW9qGB z8wUSSybzM gTAImjNH8G 7ZWqK2F5XG 0SQlBVJ1YY 0mnwiU4XrT wRn7Oi1bcW 0mnwiU4XrT 0SQlBVJ1YY Pz3egMzKU8 0SQlBVJ1YY 7ZWqK2F5XG 2O61j91J3T jVW9blzudJ 2O61j91J3T dqqG7Zio8x 2O61j91J3T 7ZWqK2F5XG gTAImjNH8G M2hatQPY96 gTAImjNH8G pWVnBerIra IT4pKw3giW pWVnBerIra MXIvZpEPtW jWGPBjgoMW MXIvZpEPtW biWuM2iRnz mok9StGG0X biWuM2iRnz 4TTtdOaCTp CYkwKg8CjQ 4TTtdOaCTp O6QhQ7e2YE AlEhnWGqVG O6QhQ7e2YE 6LMX14aEdy O6QhQ7e2YE DJYFSgxecW vUu8ijgxxf yvMowGbkvn QOx0Q2p9eD 5sNanI9agV WCfxK7Y8pw 49R5E9I4Wp WCfxK7Y8pw HHHZ1vC1rP 12ECENJIev Oiowits7js 12ECENJIev HHHZ1vC1rP WvFZJEkTrw aEo62SfMqH WvFZJEkTrw HHHZ1vC1rP WCfxK7Y8pw 5sNanI9agV QOx0Q2p9eD yvMowGbkvn IGpxjveim7 TSSOUimHPg BUMLJo6sc3 jPXsbXPNMq BUMLJo6sc3 fecMfiAuGC BUMLJo6sc3 idQHxtSnxr g3ylJsdLuC
100
lfdanPGo3c lfdanPGo3c
S8BtTu4yH9 S8BtTu4yH9
0wTk0mYkLH 0wTk0mYkLH
Q1N77BLmyb Q1N77BLmyb
qjDSEKmZMW qjDSEKmZMW
12ECENJIev 12ECENJIev
oCk2Yieytb oCk2Yieytb
CUEWGmB7Gt CUEWGmB7Gt
s3eMpsYH00 s3eMpsYH00
YpRs8m6oyX YpRs8m6oyX
TBzLS0OAYU TBzLS0OAYU
XW1Wn7EqpN XW1Wn7EqpN
WcyuqGYOzU WcyuqGYOzU
bhojeHeddF bhojeHeddF
uIf3wnJUdn uIf3wnJUdn
WRd4lScvm6 WRd4lScvm6
Pz3egMzKU8 Pz3egMzKU8
z9nRKYQ1ub z9nRKYQ1ub
h5Si5BAPN0 h5Si5BAPN0
CxfzSa2YOV CxfzSa2YOV
1TfvXd6dPZ 1TfvXd6dPZ
Pijq8aHqIR Pijq8aHqIR
WAi18jd2vJ WAi18jd2vJ
oEdovEhrWM oEdovEhrWM
LeZK9UvMT9 LeZK9UvMT9
uvoepIQg9n uvoepIQg9n
0mnwiU4XrT 0mnwiU4XrT
gZXiityEnU gZXiityEnU
5SSy593K31 5SSy593K31
yvMowGbkvn yvMowGbkvn
u4LnQNaaiz u4LnQNaaiz
g2I4si69gU g2I4si69gU
IT4pKw3giW IT4pKw3giW
QrJxLpX875 QrJxLpX875
yky49wE4YG yky49wE4YG
Pv5LMSkQii Pv5LMSkQii
2O61j91J3T 2O61j91J3T
idQHxtSnxr idQHxtSnxr
Oiowits7js Oiowits7js
mbSdju1TJK mbSdju1TJK
KUJdxKVZFO KUJdxKVZFO
GQ4F0g3Mdj GQ4F0g3Mdj
oIVQ2qkgnR oIVQ2qkgnR
RN0bCAV6rQ RN0bCAV6rQ
tubjzjzUpV tubjzjzUpV
03xK87sjTf 03xK87sjTf
M2hatQPY96 M2hatQPY96
97ZNlakBoq 97ZNlakBoq
bsEkAY2K41 bsEkAY2K41
bWDewy6WbV bWDewy6WbV
WvFZJEkTrw WvFZJEkTrw
dj8JMfo3hX dj8JMfo3hX
aEo62SfMqH aEo62SfMqH
r8njDwxc2t r8njDwxc2t
IA0Uf143OT IA0Uf143OT
BNkM7qaRNw BNkM7qaRNw
pk0Vh75DnH pk0Vh75DnH
xtp1B5q0W1 xtp1B5q0W1
fecMfiAuGC fecMfiAuGC
K05xB79KZo K05xB79KZo
FvzkpZRSj8 FvzkpZRSj8
KHDeTTvJC1 KHDeTTvJC1
oWmQcQwHPo oWmQcQwHPo
4znnlMjVra 4znnlMjVra
qnkfLCmfDn qnkfLCmfDn
CSjLrGbUz3 CSjLrGbUz3
t25XjDwQhD t25XjDwQhD
KpxiCfRqh3 KpxiCfRqh3
jPXsbXPNMq jPXsbXPNMq
JD3uem81Lg JD3uem81Lg
TP2TNyk7wl TP2TNyk7wl
7g0Idy1nzK 7g0Idy1nzK
723MhcLxt0 723MhcLxt0
mwzQG3SxnO mwzQG3SxnO
oVMPVsMWrZ oVMPVsMWrZ
nKHFs5cKTX nKHFs5cKTX
Tk8ERvdKxF Tk8ERvdKxF
dMOAUqH7Z3 dMOAUqH7Z3
yU6iUY8YgO yU6iUY8YgO
wRn7Oi1bcW wRn7Oi1bcW
TyL7NE2puV TyL7NE2puV
XlU2fx0ZPn XlU2fx0ZPn
QTNhZIciNJ QTNhZIciNJ
onlLq65Azx onlLq65Azx
emYRLTiyj9 emYRLTiyj9
0hs3CNDF4L 0hs3CNDF4L
srT70dfQEr srT70dfQEr
vUu8ijgxxf vUu8ijgxxf
BUMLJo6sc3 BUMLJo6sc3
LCKLTNE1vp LCKLTNE1vp
2OsmeZV9xh 2OsmeZV9xh
x7iq98BiN3 x7iq98BiN3
biWuM2iRnz biWuM2iRnz
YAqGe4tKAP YAqGe4tKAP
fXy828RCG4 fXy828RCG4
1QXjsHNYao 1QXjsHNYao
jBYJ7v19BQ jBYJ7v19BQ
2S929yZddP 2S929yZddP
u4FAx2sHZm u4FAx2sHZm
8KtuAXHUy3 8KtuAXHUy3
