6Zg7j6t8kt ka4cgDWgq7 HpRVhY9Btb OF1HL5xl4P KpPj50fAfy zG9cl6Gy30 KpPj50fAfy fbxiHLAsv4 rCrtLJTXdv tvKOOMQ7Sv rCrtLJTXdv fbxiHLAsv4 ECFKqOm791 OR78sPVsV9 4RZs4XFvF9 G05S6XZiBa 1koyFI8rlU Octagmmhko 1koyFI8rlU G05S6XZiBa 4RZs4XFvF9 OR78sPVsV9 EZQ9HUGjRN 5wb0VR04nl PzwBWrPM7w DFUEuoVNn7 H0NdoJawvz oQb2PqTM8x Iroa6leixY oQb2PqTM8x GwtnXYfCts oQb2PqTM8x H0NdoJawvz 4JtfcKJvHu H0NdoJawvz DFUEuoVNn7 7EHiEUKwtc DFUEuoVNn7 PzwBWrPM7w 5wb0VR04nl EZQ9HUGjRN OR78sPVsV9 ECFKqOm791 YZKJeBb8Pe ECFKqOm791 fbxiHLAsv4 KpPj50fAfy OND9LnuOus eQGeDFyUBy 97dvK2Az7S GSDEYlNcCM 97dvK2Az7S Dkc5CxJ6RV 97dvK2Az7S MImiDijd1o VWD9Yy5Xrg zH4Z0p0Ftj vD4d0BZ03p VlwfpLcOHZ vD4d0BZ03p zH4Z0p0Ftj 2Xeaya9zol NgxnYo41LY cqCbnI2bkr b3jUAAPOlA R0OKpbbX8l b3jUAAPOlA cqCbnI2bkr NgxnYo41LY I1RTFIGWhc SDcTVr32JM OwDrBJtg2E SDcTVr32JM I1RTFIGWhc TH1GgoG5GU qJld7Tm42G TH1GgoG5GU I1RTFIGWhc YrPP1U1r20 7cteJXIZM1 YrPP1U1r20 ckEVpwA8CD YQKcyMibnc ckEVpwA8CD YrPP1U1r20 I1RTFIGWhc pzbJYPJ1Je rBboL3WGMh pzbJYPJ1Je I1RTFIGWhc ITqWOrk6ub I1RTFIGWhc 0sg7h6elOW I1RTFIGWhc NULo72dPyj OGWcs2X8pk 8pgnfE3xKu oRs9wR3IGE 8pgnfE3xKu dqEsxDzQkU Bfj8GrCEUo dqEsxDzQkU vCSWEyz4PC dqEsxDzQkU 8pgnfE3xKu ReGEuwhnqY 1iUrZ2N0MA ESDdDChkYw 1aPtXDhYtV wXTrLT9dUx dojrtYXceT ZZt4oj1N7Y dojrtYXceT wXTrLT9dUx 1aPtXDhYtV ESDdDChkYw 1iUrZ2N0MA s8EkvbOYAX 79JJ9GZF8c fhmE7A9rVl 0gqiqztWgj fhmE7A9rVl 79JJ9GZF8c s8EkvbOYAX 1iUrZ2N0MA UgxUR9jKcJ Ma7DUhMrCQ pm1Yq2dCLL iyQiEnpG35 pm1Yq2dCLL uXkvSfF7Kv 88s4txyVUX jEhj8SsLxM 88s4txyVUX uXkvSfF7Kv pm1Yq2dCLL xKltif8n2P gSP0irArmo M9d0z6OccV gSP0irArmo N08DpqDewo gSP0irArmo xKltif8n2P l4hZbrGnD5 4ViGHxfdlc MpRNDD0glq lrFRnKniRv tc8Ui0HLCm niEIQoqP5I tc8Ui0HLCm lrFRnKniRv MpRNDD0glq 4ViGHxfdlc l4hZbrGnD5 xKltif8n2P pm1Yq2dCLL Ma7DUhMrCQ UgxUR9jKcJ 1iUrZ2N0MA ReGEuwhnqY bBhvVMv8Dt ReGEuwhnqY 8pgnfE3xKu OGWcs2X8pk bc4pLp9tiD OGWcs2X8pk NULo72dPyj I1RTFIGWhc NgxnYo41LY 4lUeyqYb0U J6nn6V6pVr dyS1o5lQHD OpwMnuSGmp dyS1o5lQHD J6nn6V6pVr 4lUeyqYb0U NgxnYo41LY 2Xeaya9zol HMrJ59Oqha b501iB6FBB HMrJ59Oqha 2Xeaya9zol zH4Z0p0Ftj VWD9Yy5Xrg MImiDijd1o 97dvK2Az7S ViIGFkuCy7 ShiApsZfxN ViIGFkuCy7 97dvK2Az7S eQGeDFyUBy OND9LnuOus KpPj50fAfy OF1HL5xl4P HpRVhY9Btb ka4cgDWgq7 qOQTd9nboV ka4cgDWgq7 6Zg7j6t8kt
50
tvKOOMQ7Sv tvKOOMQ7Sv
UgxUR9jKcJ UgxUR9jKcJ
1koyFI8rlU 1koyFI8rlU
ckEVpwA8CD ckEVpwA8CD
zH4Z0p0Ftj zH4Z0p0Ftj
97dvK2Az7S 97dvK2Az7S
M9d0z6OccV M9d0z6OccV
YrPP1U1r20 YrPP1U1r20
fbxiHLAsv4 fbxiHLAsv4
KpPj50fAfy KpPj50fAfy
NgxnYo41LY NgxnYo41LY
wXTrLT9dUx wXTrLT9dUx
4ViGHxfdlc 4ViGHxfdlc
lrFRnKniRv lrFRnKniRv
I1RTFIGWhc I1RTFIGWhc
YQKcyMibnc YQKcyMibnc
OGWcs2X8pk OGWcs2X8pk
b3jUAAPOlA b3jUAAPOlA
4JtfcKJvHu 4JtfcKJvHu
79JJ9GZF8c 79JJ9GZF8c
G05S6XZiBa G05S6XZiBa
iyQiEnpG35 iyQiEnpG35
uXkvSfF7Kv uXkvSfF7Kv
EZQ9HUGjRN EZQ9HUGjRN
GSDEYlNcCM GSDEYlNcCM
Dkc5CxJ6RV Dkc5CxJ6RV
7cteJXIZM1 7cteJXIZM1
N08DpqDewo N08DpqDewo
vCSWEyz4PC vCSWEyz4PC
YZKJeBb8Pe YZKJeBb8Pe
4RZs4XFvF9 4RZs4XFvF9
oRs9wR3IGE oRs9wR3IGE
OpwMnuSGmp OpwMnuSGmp
TH1GgoG5GU TH1GgoG5GU
Iroa6leixY Iroa6leixY
VWD9Yy5Xrg VWD9Yy5Xrg
0gqiqztWgj 0gqiqztWgj
MpRNDD0glq MpRNDD0glq
H0NdoJawvz H0NdoJawvz
Octagmmhko Octagmmhko
ESDdDChkYw ESDdDChkYw
4lUeyqYb0U 4lUeyqYb0U
s8EkvbOYAX s8EkvbOYAX
8pgnfE3xKu 8pgnfE3xKu
dojrtYXceT dojrtYXceT
fhmE7A9rVl fhmE7A9rVl
cqCbnI2bkr cqCbnI2bkr
1aPtXDhYtV 1aPtXDhYtV
vD4d0BZ03p vD4d0BZ03p
ka4cgDWgq7 ka4cgDWgq7
