1 1eX 1aR 1aV 1aW 1bA 1eX 1bE 1bH 1bI 1eX 1bJ 1eX 1bM 1eX 1bN 1eX 1bO 1bP 1eX 1bR 1bS 1bV 1bY 1bZ 1eX 1cA 1eX 1cB 1cC 1cD 1cG 1eX 1cH 1eX 1cI 1eX 1cK 1eX 1cL 1eX 1cN 1eX 1cO 1eX 1cR 1cS 1cT 1eX 1cW 1cX 1cY 1eX 1dA 1dJ 1dK 1dM 1eX 1dN 1dO 1eX 1dQ 1dR 1eX 1dU 1dW 1eX 1dX 1eD 1eF 1eH 1eX 1eI 1eJ 1eX 1eL 1eX 1eM 1aU 1eM w 1eM 1eX 1eO 1aF 1aL 1eO 1aO 1aS 1eO 1dG 5 I 1eO U Y 1dL J e Y 1eO 1eX 1eS 1eX 1eW 1eX 1eY 1eX 1eZ 1eX 1fA 1eX 1fB 1eX 1fD 1fG 1fI 2 1aJ 1aC 1aD 1aE 1aJ 1aM 1aJ 1aQ 1aJ 1aY 1aJ 1aZ 1bL 1bT 1aJ 1bX 1aJ 1cE 1aJ 1cF 1dC 1aJ 1dH 1aJ 1dI 1dV 1dY 1dZ 1aJ 1eB 1eE 1eP 1aJ 1eT 1aJ 1fE 1aJ Q m 1aJ o s 2 1dE 3 4 1eX 7 B 1cV B H N C 1eX D 1eX F 1eX G K 1aA 1aB K 1aG 1aH K 1aI 1aK 1aN K 1aP 1aT 1aX 1bB K 1bC K 1bD 1bF K 1bG 1bK K 1bQ 1bU 1bW 1cJ K 1cM O 1cP K 1cQ 1cU K 1cZ 1dB 1dD K 1dF 1dP K 1dS 1dT K 1eA K 1eC K 1eG K 1eK K 1eN 1eQ 1eR 1eU K 1eV 1fC 1fF 1fH K 6 8 K 9 A K E Z d f K p q K r u K y L M P 1eX R S 1eX T V 1eX W 1eX X a 1eX b c 1eX g 1eX h i j k l 1eX n t 1eX v x z 1
100
1 1
1aA 1aA
1aB 1aB
1aC 1aC
1aE 1aE
1aI 1aI
1aJ 1aJ
1aK 1aK
1aL 1aL
1aM 1aM
1aN 1aN
1aP 1aP
1aQ 1aQ
1aR 1aR
1aS 1aS
1aT 1aT
1aU 1aU
1aV 1aV
1aW 1aW
1aX 1aX
1aY 1aY
1aZ 1aZ
1bA 1bA
1bB 1bB
1bC 1bC
1bD 1bD
1bE 1bE
1bF 1bF
1bG 1bG
1bH 1bH
1bJ 1bJ
1bK 1bK
1bL 1bL
1bM 1bM
1bN 1bN
1bO 1bO
1bP 1bP
1bQ 1bQ
1bR 1bR
1bS 1bS
1bT 1bT
1bU 1bU
1bV 1bV
1bW 1bW
1bX 1bX
1bY 1bY
1cB 1cB
1cC 1cC
1cD 1cD
1cE 1cE
1cF 1cF
1cG 1cG
1cH 1cH
1cI 1cI
1cJ 1cJ
1cK 1cK
1cN 1cN
1cO 1cO
1cP 1cP
1cQ 1cQ
1cR 1cR
1cS 1cS
1cT 1cT
1cU 1cU
1cV 1cV
1cW 1cW
1cX 1cX
1cY 1cY
1cZ 1cZ
1dA 1dA
1dC 1dC
1dD 1dD
1dE 1dE
1dF 1dF
1dG 1dG
1dH 1dH
1dI 1dI
1dJ 1dJ
1dK 1dK
1dM 1dM
1dN 1dN
1dO 1dO
1dP 1dP
1dR 1dR
1dS 1dS
1dT 1dT
1dV 1dV
1dW 1dW
1dY 1dY
1dZ 1dZ
1eA 1eA
1eB 1eB
1eC 1eC
1eD 1eD
1eE 1eE
1eF 1eF
1eG 1eG
1eH 1eH
1eI 1eI
1eJ 1eJ
