1 x 1aA 1aC 1aD x 1aF 1aH x 1aV 1bD 1bE x 1bF x 1bH x 1bI 1aM 1aN Q X 1bI 1bJ x 1bM x 3 1aI 1aB 1aE 1aG 1aK 1aI 1aO 1aP 1aI 1aT 1aX 1aZ 1aI 1bA 1aI 1bC 1aI 1bL 4 1aI 7 1aI C F G 1aI H I J K 1aI L 1aI M 1aI N O R 1aI V Z d 1aI i 1aI k m 1aI n q r s u v 1aI w 1aI y 3 x 5 x 6 9 B x S x T U x a e 1aL 1aJ 1aL 1aU 1aL 1bG A 1aL Y t 1aL e 1aR 1aS e 1aY 1bB 8 D e E P e W c e f e x g j x l 1aQ l 1aW 1bK 2 b l h o l p l z l x 1
50
1aA 1aA
1aB 1aB
1aC 1aC
1aD 1aD
1aF 1aF
1aG 1aG
1aJ 1aJ
1aK 1aK
1aL 1aL
1aN 1aN
1aQ 1aQ
1aR 1aR
1aT 1aT
1aU 1aU
1aV 1aV
1aW 1aW
1aX 1aX
1aY 1aY
1aZ 1aZ
1bA 1bA
1bB 1bB
1bC 1bC
1bF 1bF
1bG 1bG
1bH 1bH
1bI 1bI
1bK 1bK
1bL 1bL
1bM 1bM
5 5
7 7
8 8
9 9
A A
B B
C C
E E
G G
H H
I I
J J
K K
L L
N N
P P
Q Q
R R
S S
T T
V V
