153 170 24 1 24 134 143 9 156 9 109 29 192 5 192 69 118 68 118 69 192 29 109 99 109 104 47 30 34 30 47 120 84 21 161 21 184 18 63 18 184 21 36 166 36 120 106 93 12 129 54 141 129 157 174 157 129 12 93 106 47 58 123 58 113 58 47 104 176 95 77 53 27 175 27 145 178 121 178 45 155 195 25 60 112 60 0 139 43 139 138 131 85 154 130 180 70 39 80 140 80 39 70 180 130 73 197 115 197 73 132 73 131 138 61 138 139 60 155 45 178 145 53 77 95 176 104 109 9 125 79 172 26 181 136 181 146 75 16 144 46 144 110 22 86 13 196 76 7 76 124 76 196 13 86 4 86 22 110 144 117 135 194 135 117 16 33 75 182 75 67 164 67 28 72 89 20 89 49 44 10 49 167 49 159 49 89 114 89 31 89 74 97 74 89 72 28 59 126 59 152 146 181 26 172 133 6 133 55 133 190 71 11 168 150 168 11 71 190 66 91 41 108 81 108 41 91 19 186 83 105 94 105 83 92 82 149 148 65 57 65 148 193 179 149 82 92 169 35 90 40 23 142 23 151 17 187 17 48 103 98 2 100 56 191 101 191 14 163 78 189 199 147 189 8 189 78 163 162 163 14 56 100 160 38 160 37 111 37 160 127 98 122 98 88 98 102 98 103 48 3 48 17 198 42 198 151 23 185 90 35 51 35 169 92 171 92 83 186 52 186 19 91 137 177 137 91 116 91 133 9 143 158 96 128 50 87 50 128 64 96 158 119 158 143 134 24 170 32 62 32 170 15 183 188 183 15 173 107 15 165 153
100
168 168
127 127
29 29
150 150
12 12
119 119
81 81
140 140
196 196
145 145
126 126
118 118
2 2
58 58
15 15
26 26
13 13
124 124
86 86
113 113
21 21
3 3
197 197
160 160
68 68
70 70
182 182
90 90
89 89
37 37
112 112
4 4
163 163
16 16
11 11
98 98
178 178
153 153
135 135
156 156
52 52
8 8
47 47
61 61
188 188
137 137
40 40
41 41
93 93
194 194
172 172
129 129
120 120
60 60
49 49
42 42
138 138
56 56
36 36
122 122
96 96
23 23
184 184
7 7
95 95
99 99
88 88
19 19
35 35
74 74
177 177
192 192
167 167
53 53
180 180
128 128
161 161
136 136
131 131
187 187
146 146
169 169
0 0
152 152
108 108
77 77
34 34
134 134
83 83
195 195
170 170
43 43
147 147
79 79
20 20
171 171
179 179
5 5
28 28
50 50
