5 24 95 16 47 17 19 92 1 74 84 74 1 80 76 96 52 44 28 46 70 3 70 46 97 44 52 63 52 96 76 80 20 69 20 80 38 23 42 81 38 1 92 19 17 47 51 94 54 31 54 48 94 51 4 79 77 34 56 2 56 34 59 53 21 53 59 60 18 41 98 41 18 60 59 64 93 64 59 39 59 34 86 0 79 4 51 16 45 6 45 43 95 90 13 88 25 88 89 88 72 10 78 30 49 66 91 14 91 66 27 66 49 30 87 30 78 83 61 22 61 83 72 68 32 68 72 88 99 13 29 90 15 55 12 82 67 11 9 62 9 11 71 11 67 12 55 7 37 40 75 37 65 37 36 37 7 8 90 73 50 58 35 57 85 50 73 95 5 33 26 33 5
50
87 87
46 46
6 6
22 22
30 30
75 75
18 18
92 92
45 45
34 34
1 1
4 4
47 47
27 27
52 52
78 78
85 85
98 98
53 53
62 62
60 60
13 13
44 44
81 81
88 88
82 82
42 42
69 69
95 95
36 36
76 76
39 39
24 24
0 0
40 40
84 84
91 91
11 11
43 43
67 67
93 93
97 97
64 64
55 55
15 15
74 74
99 99
23 23
14 14
5 5
