htb26qt qvfndvc zjj1dm8s l8yypbh bp96npcev6ok ligw3mffc fgkuly81y aq2rero4e mucolb1r ay5sahonq84 6a87gkworxixf ay5sahonq84 mucolb1r aq2rero4e 8jea4n4ez aq2rero4e 3kxd1h zqteiadetai5 3kxd1h fgkuly81y kuxb29 pmyqr xm1yvdr pmyqr fgkuly81y czpcwszblx 89ladcv uzsjpl5f5 5nsjpxd 52oycn21v a5u8g4sej yx6dguko a5u8g4sej 52oycn21v 5nsjpxd uzsjpl5f5 sf9yqti 89ladcv zhyb5y 89ladcv zxcqho2rbjlhmy8 89ladcv mw8g2qjo1 89ladcv czpcwszblx hwu8dv9jgknbm czpcwszblx ligw3mffc aplkk57cpzm 44yverx ben42py9 tmyhwxa tq8pgw7ge id5491f19 t4iedm k9f3w9 bmq8ez5t w7iil bmq8ez5t k9f3w9 t4iedm itrx5fucdq yjl4q4l itrx5fucdq gd5ct4 id5491f19 zou7sx9w id5491f19 6u4sf1gi gg7w7g4xq id5491f19 tq8pgw7ge tmyhwxa ben42py9 nd9xavj ben42py9 44yverx f9t9in1 44yverx ic2r4blmm9 rz6wreexh1r ic2r4blmm9 44yverx aplkk57cpzm tbd92q aplkk57cpzm sdmvxrmgbm aplkk57cpzm ligw3mffc gxy4oc4 ushjdkdhm9 5612qqmh xpxnortd 29vqtk3x itbc25it1yep 2hzpyd yg6hizqty 2hzpyd itbc25it1yep 188h5ax itbc25it1yep 4lvyha1 iffsi dflx2lut iffsi 4lvyha1 itbc25it1yep q42s9z886w5 96nf5ma itbc25it1yep 4w6uhigzl itbc25it1yep b8apl2kn qq3mi 7hz6j8 zjh83ae yhp7wbv9 zjh83ae wepv6d1ee9 7hz6j8 ghvjeizrh 7hz6j8 qq3mi tpuaixp z4kx8k9 y3eg7gqq6 z4kx8k9 h1gz5hzz 479y34 vx6dadli2g 479y34 z4kx8k9 b4mzy7ptg z4kx8k9 ysiw8m4l lg3pxcmyz ysiw8m4l z4kx8k9 hipbkq7s74z 1jhmm8m85 tpuaixp a8n9m6il6 tpuaixp qq3mi u8tp4tq og6n7bgq8h qypz5m og6n7bgq8h f1bbmjcq og6n7bgq8h 59yzvtv og6n7bgq8h v6tqh432 og6n7bgq8h p9mtts og6n7bgq8h u8tp4tq kxhc6t8tu 8m3pascg 5b63nad1 7seihxs 5b63nad1 8m3pascg vl6czuab eb88zd8x vl6czuab 37v6d vl6czuab 8m3pascg xszuhw8lv1 8m3pascg kxhc6t8tu pllpn kxhc6t8tu oafxqw 9egqgrh7x4e kwtb3cg 2akx591l5c u8tp4tq art44ncra nulw7xl art44ncra u8tp4tq qq3mi nm7ud qq3mi b8apl2kn grn3uqx9y bu6z3q grn3uqx9y b8apl2kn itbc25it1yep 3w86rqxzpi itbc25it1yep siimi45 eb3m8w2lan f92ere3 tjwldi eb3m8w2lan c9c2oc6rv 5xz8hm5sa3 6k7du 5xz8hm5sa3 eb3m8w2lan kxogbftcrw eb3m8w2lan siimi45 tu8xxomxhi pt2n7hl hyc885fvjls fej54ps5j pt2n7hl hq5mh8mi pt2n7hl yhvc7zg pt2n7hl euhqqqmdpe pt2n7hl 1ebc3 pt2n7hl tu8xxomxhi hc2hf5t8 tu8xxomxhi siimi45 3khitn6 siimi45 29vqtk3x xpxnortd g3d1x5t915as xpxnortd t6fnmkuk t6jinp 9sp3riwrk66 k3qywmpr 9sp3riwrk66 g2g6fxcwr2l qsf54c6a1s23 g2g6fxcwr2l 5nzdw36v g2g6fxcwr2l 87jxa m5r6ali 4nwqnlye ynuam4f8 1161ildqnj piawzpgtzz9 1161ildqnj ynuam4f8 4nwqnlye m5r6ali x1ttaiih9 m5r6ali r5aqeg7i m5r6ali 87jxa 52a3fj2zh 87jxa t6jinp fl6nxu2p a8cy4e1t8 x73l73jp x4ueofmzt x73l73jp 4wptk69oipw 1ca2x2cnc 4wptk69oipw x73l73jp cou34kvbi e3z4naodl7 cou34kvbi x73l73jp dlkmpx x73l73jp a8cy4e1t8 fl6nxu2p t6jinp t6fnmkuk xpxnortd 41k7m29wc xpxnortd 5612qqmh txlltgki pxudbw3kn 9tdu9g pxudbw3kn txlltgki vqthskq 9oii82xaa vqthskq 5i361v vqthskq txlltgki ml5lp1nmef 812l47wm 4ka6l1c8w 812l47wm ilaz9q 812l47wm ml5lp1nmef pe165 wqkqf v5twchi 3uf452o6g v5twchi wqkqf adcxemid7t pe165 ml5lp1nmef onl7cjn vrem3ey3kg44 onl7cjn ml5lp1nmef txlltgki s9vu9xx884 3881femiv8 s9vu9xx884 txlltgki 8gc7dka8lfy txlltgki 5612qqmh lyvvnwfs e7lxs lyvvnwfs 5612qqmh ushjdkdhm9 gxy4oc4 pgqlp gxy4oc4 ligw3mffc pwqxinlzb3s ozag34bm9 jeiqok i6lsw66h yr44oj2 p5ujl2azex obabms p5ujl2azex qvqqfqui3f82 6evi4pv p5ujl2azex tfiihyy jeiqok ozag34bm9 dt4ljfgjkizpq ozag34bm9 cm6lmd765k ozag34bm9 9lvbrlgk 7r5kyxwijn ozag34bm9 ht1efrhmh 6u4omh ht1efrhmh ozag34bm9 hjrkpj3ea ep6eozrh5t ligw3mffc zjj1dm8s lnnsb9 zjj1dm8s 7pbkkbbpw zjj1dm8s 5stwoup zjj1dm8s qvfndvc htb26qt
84
yhvc7zg yhvc7zg
iffsi iffsi
zou7sx9w zou7sx9w
wqkqf wqkqf
tjwldi tjwldi
txlltgki txlltgki
ozag34bm9 ozag34bm9
l8yypbh l8yypbh
9lvbrlgk 9lvbrlgk
p9mtts p9mtts
ushjdkdhm9 ushjdkdhm9
g2g6fxcwr2l g2g6fxcwr2l
yhp7wbv9 yhp7wbv9
y3eg7gqq6 y3eg7gqq6
5stwoup 5stwoup
nd9xavj nd9xavj
7hz6j8 7hz6j8
itrx5fucdq itrx5fucdq
og6n7bgq8h og6n7bgq8h
nm7ud nm7ud
6k7du 6k7du
yg6hizqty yg6hizqty
pmyqr pmyqr
6u4sf1gi 6u4sf1gi
7pbkkbbpw 7pbkkbbpw
ynuam4f8 ynuam4f8
4ka6l1c8w 4ka6l1c8w
tu8xxomxhi tu8xxomxhi
9oii82xaa 9oii82xaa
812l47wm 812l47wm
euhqqqmdpe euhqqqmdpe
dlkmpx dlkmpx
hwu8dv9jgknbm hwu8dv9jgknbm
pt2n7hl pt2n7hl
ht1efrhmh ht1efrhmh
1jhmm8m85 1jhmm8m85
gd5ct4 gd5ct4
kxhc6t8tu kxhc6t8tu
aplkk57cpzm aplkk57cpzm
mw8g2qjo1 mw8g2qjo1
kwtb3cg kwtb3cg
ysiw8m4l ysiw8m4l
i6lsw66h i6lsw66h
9egqgrh7x4e 9egqgrh7x4e
mucolb1r mucolb1r
e7lxs e7lxs
vrem3ey3kg44 vrem3ey3kg44
zjh83ae zjh83ae
8m3pascg 8m3pascg
52a3fj2zh 52a3fj2zh
fej54ps5j fej54ps5j
obabms obabms
3khitn6 3khitn6
h1gz5hzz h1gz5hzz
vl6czuab vl6czuab
ay5sahonq84 ay5sahonq84
uzsjpl5f5 uzsjpl5f5
ic2r4blmm9 ic2r4blmm9
dt4ljfgjkizpq dt4ljfgjkizpq
x73l73jp x73l73jp
k3qywmpr k3qywmpr
q42s9z886w5 q42s9z886w5
art44ncra art44ncra
1161ildqnj 1161ildqnj
yr44oj2 yr44oj2
yx6dguko yx6dguko
f92ere3 f92ere3
pwqxinlzb3s pwqxinlzb3s
grn3uqx9y grn3uqx9y
s9vu9xx884 s9vu9xx884
hc2hf5t8 hc2hf5t8
1ca2x2cnc 1ca2x2cnc
8jea4n4ez 8jea4n4ez
87jxa 87jxa
4w6uhigzl 4w6uhigzl
ilaz9q ilaz9q
37v6d 37v6d
hyc885fvjls hyc885fvjls
hq5mh8mi hq5mh8mi
piawzpgtzz9 piawzpgtzz9
8gc7dka8lfy 8gc7dka8lfy
a5u8g4sej a5u8g4sej
t4iedm t4iedm
59yzvtv 59yzvtv
