3xgrfvks bt3xcgwcd6c nmvly1q dooatf4 t42r85mht8ru 8h7x6rt t42r85mht8ru pxtk2 jgriu7 t42r85mht8ru dooatf4 okbjywtq4zz9 ijgos1ws1o uqc3avv5 2hmpo9x8v795 it92vprqk d8hwo5pi i3la5wvv4 it92vprqk ifmqwyt6x 1huq1df ifmqwyt6x 2hmpo9x8v795 4418l7vdyv kr5jy4uyjt r6auw1rlvrqo 9gglvwpr5 r6auw1rlvrqo kr5jy4uyjt 4418l7vdyv d3y7jq ou2rf1qhh ual3asit a863i9u9 ual3asit y6571 nbvknr lrleda y6571 ual3asit ou2rf1qhh 8evxiqgcp69n yz5iq 8evxiqgcp69n d3y7jq 4a7789n z4o91 vm4iv29w2k8 b9zxvj22sc ag29aqlop ho87zq94a914a 51ykhr ho87zq94a914a ff6i898nw ho87zq94a914a ag29aqlop eerbx513 b9zxvj22sc vm4iv29w2k8 z4o91 fy2tqruz33b6 z4o91 4a7789n nlg58sjqg d5podyx2rn1o nlg58sjqg fqfspnwnq3 nlg58sjqg 4a7789n 4418l7vdyv 4l424khddum 45bp6qh 5ed169a5jrt 45bp6qh 4l424khddum xu1a9wr 4l424khddum 4418l7vdyv 2hmpo9x8v795 uqc3avv5 okbjywtq4zz9 bi2lbvodvw1 okbjywtq4zz9 dooatf4 nmvly1q bt3xcgwcd6c 3xgrfvks fcxnizqrra m5uyvxo2h fcxnizqrra 3xgrfvks
23
m5uyvxo2h m5uyvxo2h
pxtk2 pxtk2
ho87zq94a914a ho87zq94a914a
8evxiqgcp69n 8evxiqgcp69n
1huq1df 1huq1df
i3la5wvv4 i3la5wvv4
lrleda lrleda
nbvknr nbvknr
kr5jy4uyjt kr5jy4uyjt
4l424khddum 4l424khddum
bt3xcgwcd6c bt3xcgwcd6c
d3y7jq d3y7jq
ifmqwyt6x ifmqwyt6x
5ed169a5jrt 5ed169a5jrt
45bp6qh 45bp6qh
uqc3avv5 uqc3avv5
ag29aqlop ag29aqlop
it92vprqk it92vprqk
dooatf4 dooatf4
d5podyx2rn1o d5podyx2rn1o
b9zxvj22sc b9zxvj22sc
ual3asit ual3asit
4418l7vdyv 4418l7vdyv
