ZfI6StUliqd8YxBr0zVp Z6746tUNXH05XsKVq5bc ahOHRJ1vvp181ZC4ei0x Z6746tUNXH05XsKVq5bc PliCEYTca2VSVL723rNz 4yYsNk20bqSMlyASIn37 DAvuGg8yBm9dlM56DKBP 4yYsNk20bqSMlyASIn37 a5U0eplwXr4BNJCc524G YzWX8RqUW0YPFsebUKYP a5U0eplwXr4BNJCc524G 4yYsNk20bqSMlyASIn37 PliCEYTca2VSVL723rNz B9cGlC4TxkeYqPQ0m71O Z6746tUNXH05XsKVq5bc sxZzRXnVfKw2KrspKPg1 Z38PT2VWeDoNiuh4rc0v UoiNiYnewh16WNDFqvYW Z38PT2VWeDoNiuh4rc0v Af4sQnaDf5G2yrOfmk45 QUmdpeJNwq8Od3rclrVL uPH8PqQ15A2srqN6AFNi StkHQE53VtJb6hSwpApg uPH8PqQ15A2srqN6AFNi QUmdpeJNwq8Od3rclrVL Af4sQnaDf5G2yrOfmk45 RnnCc8OgQLqPe5HvvbS3 Af4sQnaDf5G2yrOfmk45 QBaUzVWA62rnfcsnEShZ Af4sQnaDf5G2yrOfmk45 Z38PT2VWeDoNiuh4rc0v sxZzRXnVfKw2KrspKPg1 Z6746tUNXH05XsKVq5bc 4gVQx4yn8gZ0TQBRafbQ zFahEplFbW4f2V6jQTmi 4gVQx4yn8gZ0TQBRafbQ SI1jqone3x4IZwZ6qVW6 98jc4TOf5CFD5ooRLXKs WEpQsV1SPLNjRDFxWGJw 98jc4TOf5CFD5ooRLXKs SI1jqone3x4IZwZ6qVW6 ZBTm8fkarNXg3vLUAnt8 gGXF4imn3IOLlYGD81XA ZBTm8fkarNXg3vLUAnt8 SI1jqone3x4IZwZ6qVW6 QGzcn6XPemZ0IhmCJCmq ufkSgxNAeRAXQFn3w6eB cC9SZGtAtirSBnbvLWzt MraBcGvDEL68zyTsBDgx BrKfKJuMlFXPiNrPkBbt MraBcGvDEL68zyTsBDgx cC9SZGtAtirSBnbvLWzt ufkSgxNAeRAXQFn3w6eB A3GPaYX08iI4JOyjZOCJ ufkSgxNAeRAXQFn3w6eB 5JVto9dbOz4Lu3AeAOZD uYmver98TgwbkIsM8XgU zs8puphf0SbuOBS6XpM9 ip0vmcqzxYgrY2Mc3Bu9 ZTaw972zQDmYkMO6ISzN ip0vmcqzxYgrY2Mc3Bu9 Fa64KRccvM4rqOgxBKtu cQGIpn2T5vI9Au4mrGii Fa64KRccvM4rqOgxBKtu ip0vmcqzxYgrY2Mc3Bu9 zs8puphf0SbuOBS6XpM9 gX6xMy6pWnenI68kwgcu 9Hcyk2NqhBwOpTXRywvA gj1PIUxoUprs5rKMLNpv BFat56YSkekx77JCOMI4 gj1PIUxoUprs5rKMLNpv gX6xMy6pWnenI68kwgcu uYmver98TgwbkIsM8XgU 5JVto9dbOz4Lu3AeAOZD mMagcNSN7U8s7oy3e0j4 Hxhi6IYOb3B8uxHbGYVt mMagcNSN7U8s7oy3e0j4 oeCop1Abe4Jnm8NehklA 35F0RBMuajlA1MclJpfz Uyd9f29pyEdBbjOVo8bB 35F0RBMuajlA1MclJpfz zcRVBMNQRYoMfDYqJAKn 35F0RBMuajlA1MclJpfz oeCop1Abe4Jnm8NehklA mMagcNSN7U8s7oy3e0j4 Z6746tUNXH05XsKVq5bc ZfI6StUliqd8YxBr0zVp iIGMVrFttQwSK537NlPz Nl2bc3MSn18o40GhzK2S iIGMVrFttQwSK537NlPz ZfI6StUliqd8YxBr0zVp
25
uYmver98TgwbkIsM8XgU uYmver98TgwbkIsM8XgU
WEpQsV1SPLNjRDFxWGJw WEpQsV1SPLNjRDFxWGJw
Z6746tUNXH05XsKVq5bc Z6746tUNXH05XsKVq5bc
QGzcn6XPemZ0IhmCJCmq QGzcn6XPemZ0IhmCJCmq
YzWX8RqUW0YPFsebUKYP YzWX8RqUW0YPFsebUKYP
BFat56YSkekx77JCOMI4 BFat56YSkekx77JCOMI4
Fa64KRccvM4rqOgxBKtu Fa64KRccvM4rqOgxBKtu
Hxhi6IYOb3B8uxHbGYVt Hxhi6IYOb3B8uxHbGYVt
gGXF4imn3IOLlYGD81XA gGXF4imn3IOLlYGD81XA
cC9SZGtAtirSBnbvLWzt cC9SZGtAtirSBnbvLWzt
SI1jqone3x4IZwZ6qVW6 SI1jqone3x4IZwZ6qVW6
gj1PIUxoUprs5rKMLNpv gj1PIUxoUprs5rKMLNpv
Af4sQnaDf5G2yrOfmk45 Af4sQnaDf5G2yrOfmk45
5JVto9dbOz4Lu3AeAOZD 5JVto9dbOz4Lu3AeAOZD
QBaUzVWA62rnfcsnEShZ QBaUzVWA62rnfcsnEShZ
98jc4TOf5CFD5ooRLXKs 98jc4TOf5CFD5ooRLXKs
UoiNiYnewh16WNDFqvYW UoiNiYnewh16WNDFqvYW
ip0vmcqzxYgrY2Mc3Bu9 ip0vmcqzxYgrY2Mc3Bu9
RnnCc8OgQLqPe5HvvbS3 RnnCc8OgQLqPe5HvvbS3
zs8puphf0SbuOBS6XpM9 zs8puphf0SbuOBS6XpM9
ZBTm8fkarNXg3vLUAnt8 ZBTm8fkarNXg3vLUAnt8
ZfI6StUliqd8YxBr0zVp ZfI6StUliqd8YxBr0zVp
QUmdpeJNwq8Od3rclrVL QUmdpeJNwq8Od3rclrVL
mMagcNSN7U8s7oy3e0j4 mMagcNSN7U8s7oy3e0j4
gX6xMy6pWnenI68kwgcu gX6xMy6pWnenI68kwgcu
