hC71hIuyRaST3AiaSZqg cXmjc3Wu4kjM1IHGgfA5 m0W1PzAhoOpYXaJ0LLW5 Wf6tYlitgmZKoXfughsS m0W1PzAhoOpYXaJ0LLW5 l0FfsrqWcvxMXnkTPBHi Ca5sYccbD9TUz7JLHrcf l0FfsrqWcvxMXnkTPBHi m0W1PzAhoOpYXaJ0LLW5 UQEmoPmHSH2FlTDuXOEx LkczcKgnoMrSVImHJ0fO KkJFwKldxLItiBZ9EoaZ LkczcKgnoMrSVImHJ0fO UQEmoPmHSH2FlTDuXOEx m0W1PzAhoOpYXaJ0LLW5 4uRnU5kYfamseynbdI9c hC71hIuyRaST3AiaSZqg lrXvsaItMucJuqzZylSg btiXecpJBKmrIHtQ7jPA FzgyYozZJweUgT2UncY3 btiXecpJBKmrIHtQ7jPA 4wWd3kvalFkda9M583i7 hC71hIuyRaST3AiaSZqg YygsiZkXDS9oQ07w4psX UE66Ok3YtceUJCwuX3xr SbMznZDIZs7TTEfAUGt3 v0QCMKnmfkXllH4nQHen SbMznZDIZs7TTEfAUGt3 UE66Ok3YtceUJCwuX3xr WV8Z5wDVbRdJmbJjyC7p COVfDobG5VcfcSxLDUch WV8Z5wDVbRdJmbJjyC7p UE66Ok3YtceUJCwuX3xr kITtdSORrLGuHqAl2YGb VkEnPX1CQCoh4CxlXSlf xTqag3TRSmD8TI7ozU6T ivvO5yUvAxjOjLiwMPV4 qzhMj5jvroYQ0sxm9D9f ymIUUgCvgB7r5le0Mh11 P6PcaiimLTne6w5m7SJi ymIUUgCvgB7r5le0Mh11 a050Gc07llzkwp1sFUA0 YUvMCsDyzZfhbCs0qJRu a050Gc07llzkwp1sFUA0 ymIUUgCvgB7r5le0Mh11 qzhMj5jvroYQ0sxm9D9f qyWH5Ui5kFJGpXM7i2RZ ivvO5yUvAxjOjLiwMPV4 xTqag3TRSmD8TI7ozU6T nOsoIFzZBhdd6bjP45Ba Wvcwm6VpeYnZXpTH3IZP Z2YJKymsE6JEohxl2CgC 2TderjwrXrNV2UBZ77eD yMXdJdorJpzOHHt9uIfg 2TderjwrXrNV2UBZ77eD LI8fhHKJlh7mQx1nNK0m IWOalMs6IXX5Ln6F9Eov 2QgUKFj4HV0dn5Ia55tj QYsTJmc2IUi36H1YK47s m54EIZlfduVsUOzACS5b aRTaaeyCiUc9wpTmFn5B m54EIZlfduVsUOzACS5b gZCyL2MJze1aowodommu iuuWW5781KuHBsKkyWMa 4Vpgk6JikqRWfmTLGFMS khygntR9CTz08DjsR0la Tgouk8HApNFShyYjQedR Dv6lwBgjbbZceuQXFzFf Tgouk8HApNFShyYjQedR sCcEFmBkhTop4sycKzuM khygntR9CTz08DjsR0la 4Vpgk6JikqRWfmTLGFMS qmJjxb5ffqkJdxtR9mHb DrhvxXimsmLLGRkE94hS qmJjxb5ffqkJdxtR9mHb iuuWW5781KuHBsKkyWMa lVjpvSHc5hBrS7dzTmI1 Mufarp9xGx29xj0P1ijS iuuWW5781KuHBsKkyWMa m54EIZlfduVsUOzACS5b QYsTJmc2IUi36H1YK47s 85xSse1gOLjILYSRUgB9 f67LrguccbwZw0aXriuu 3pFVvt0XFh3JvOGqpp1y b9q1t3OMZ6dXE5R6ca5w tb41LamjPxrSZBTCVL4N D3gODzQIzHZRe5A487BX b7ZT2hEEnAs84vAc9csm D3gODzQIzHZRe5A487BX g5fwwkfUKem4JdibLkXM PFAHK1LPbENiUm01N8B0 xtgYSd34f56WAH3CCBpW ElLrRzuv43VPHSxgF9aR 8X2kWfVN7ACYeLRlwU5k t9sTQNaMU9o2HF5pm7xT 8X2kWfVN7ACYeLRlwU5k xtgYSd34f56WAH3CCBpW sg5cs9DlFxbTEStxmnQo xtgYSd34f56WAH3CCBpW PFAHK1LPbENiUm01N8B0 D3gODzQIzHZRe5A487BX tb41LamjPxrSZBTCVL4N IC3wlDskAWyf0o1M61kl tb41LamjPxrSZBTCVL4N b9q1t3OMZ6dXE5R6ca5w F5wAHGfxfHDlSYlCHBkp b9q1t3OMZ6dXE5R6ca5w vXrEXAmThLoQVXFImZcg 7DZfG4yobV0xCcSaxf27 5E8wNso5HkheqEVi0Uhr 6jnt0RQvUBeXBhrLOwzh EfhuR5UGBxqkoqdQBn2E 4MuL6AbQo2ozZ4x7psrd KqTw626stjcdChciHrJ6 m2kNeowjoX6iaPduqLLc MCc3yEIO8tXzzu5ZknlT 1wSeohNTb1oCspxe2x4j fHaNehOegdlwymJ5Tbvp uwYFKqdXzHrDjwNLVxGZ WgneGAZv4qtDq8Q5DYZf uwYFKqdXzHrDjwNLVxGZ fHaNehOegdlwymJ5Tbvp 1wSeohNTb1oCspxe2x4j MCc3yEIO8tXzzu5ZknlT kuIwHVHn49UEM4TprHKr CMQ0OeWc1jOFVxmSr3hH EGP8Bd7gbzca7HmQthfa MCc3yEIO8tXzzu5ZknlT jLS4UljOCe6h8LwAOGRX 24YcTAlCtPoNC11H3BAQ NWAZrSnr0i1Dj5TA6dLc euZ15YwFUeCb42J4vvX6 PUX0RecerGn3NX5t2hBc euZ15YwFUeCb42J4vvX6 wqyhoOJuJuNfuZ1c9ZhU 6KcltWtleWJ6izN3XL0F wqyhoOJuJuNfuZ1c9ZhU KYytbd9CXAYZLlOU2JVI wqyhoOJuJuNfuZ1c9ZhU euZ15YwFUeCb42J4vvX6 NWAZrSnr0i1Dj5TA6dLc fuNQ8Sfy86k6zaBQjwEz NWAZrSnr0i1Dj5TA6dLc RiZJXix70KkeQI5YZY9j WWEBxNNG20y6nEEMPvzN QDFrfZgHiHMBgGJy1v64 dsEyS8WvuzfBZPrbbzZx Py9pyPdsXNOp2IZqhQo2 dsEyS8WvuzfBZPrbbzZx 63EFNMvLteBrV7Lj9nA4 CJPsPFylFkMPqvXrW58O kvWSRFx5cBJAdKv02AAn fm9EBymrV0VSOljfjrTQ rW1b1NT9NaRlIIxoT8XF jGNThQH3U9Qqi91Eop7X 61VEe5QpRdEG1AHTZmSn G2jsO08FPT3xFngeyu4B 61VEe5QpRdEG1AHTZmSn jGNThQH3U9Qqi91Eop7X aGWdv30UuUFiszMErlJF gY86LqbQLTIYrcgU8Crt nP45x6vSjSYCI8DDOBiZ bw0K7NVh1sgqlnescYkX gY86LqbQLTIYrcgU8Crt aGWdv30UuUFiszMErlJF jGNThQH3U9Qqi91Eop7X ddzqPXECnHQT4a4RIpSF jGNThQH3U9Qqi91Eop7X aIWn0UzDaHCuDeD4TF6U jGNThQH3U9Qqi91Eop7X Udew7VNFg6dndWFd4Xv7 CBlKOXlRycQbkyDm6Ich Udew7VNFg6dndWFd4Xv7 W5rNQea9NsCafaUbLgWC qtHpIO00aVjMjk7M0v9K k3PQRnKD222tnpAYeJ4O eULKHiriYHElwEbrQo2X NjrNYv2s9TjuFmdhy6vq eULKHiriYHElwEbrQo2X k3PQRnKD222tnpAYeJ4O laRDyozSdXcFtmdQ5VqD k3PQRnKD222tnpAYeJ4O qtHpIO00aVjMjk7M0v9K Udew7VNFg6dndWFd4Xv7 rW1b1NT9NaRlIIxoT8XF fm9EBymrV0VSOljfjrTQ RSJQdRAK7H6zYHVeXyPj 63EFNMvLteBrV7Lj9nA4 nmwnnNlPCMIjajSEo2R3 C5aQkckiWq5qVUhbiI57 oakCd1HozhO35GtImcF2 yXrak2UUHdgFCsCWvgfp oakCd1HozhO35GtImcF2 C5aQkckiWq5qVUhbiI57 R22TNV5lr1tmI44FcHvv CITGt2jOx7Lecs3CtylJ ObIUeV1Y9WxgQVINEZzj NqvNOj5h3GSbJm5NawjL XzID4BBPQnOnz9XMetpC NqvNOj5h3GSbJm5NawjL ObIUeV1Y9WxgQVINEZzj XEhAPaVgnAiGpIfFTnuy RP9IQz70eEvTJVIHw5Lv CgUyoeVDFzkf0g6EiF8w RP9IQz70eEvTJVIHw5Lv l5OFQGDhW1xJJ8ERuglz RP9IQz70eEvTJVIHw5Lv XEhAPaVgnAiGpIfFTnuy CITGt2jOx7Lecs3CtylJ 63EFNMvLteBrV7Lj9nA4 dsEyS8WvuzfBZPrbbzZx RDnAjQbgrCahBSBieO1p QDFrfZgHiHMBgGJy1v64 RiZJXix70KkeQI5YZY9j NWAZrSnr0i1Dj5TA6dLc m2kNeowjoX6iaPduqLLc KqTw626stjcdChciHrJ6 4MuL6AbQo2ozZ4x7psrd EfhuR5UGBxqkoqdQBn2E GPM8ezkS8AlTI0cYCnrm EfhuR5UGBxqkoqdQBn2E 5JVDuLtVtH8dvmcH9fd6 EfhuR5UGBxqkoqdQBn2E fzCA3w8Mu664WC0yRZb5 EfhuR5UGBxqkoqdQBn2E 6jnt0RQvUBeXBhrLOwzh EnQuMk7pVZUnmn2BboBv QHOT9LWV0s6xVVreglDh EnQuMk7pVZUnmn2BboBv VHkCxqV9Ecgzij51DFic OLGSBuAPLZmdhTN6ApoS VHkCxqV9Ecgzij51DFic u8OLHMd8iqOiUbQQ7wxA RNtZ6m1O9hQj2ovJiJE3 JuSdCG8HSUzwufkmRvTN 8IUV6HBSYn47shRwVW5F tlptthCZhNn9sCWA6nK3 qsQI3bptDcBOGz4nQEL5 EqrhH8oFQmMRN10foGjV 4HAqq83HvFVwM7RSa8NQ qsQI3bptDcBOGz4nQEL5 QBNhPcmtLfTR2DSrZWqu qsQI3bptDcBOGz4nQEL5 tlptthCZhNn9sCWA6nK3 d5LnqmMpt2Ka3sWGmvow CuGwf3E2mmIEpZeaF5CW 8IUV6HBSYn47shRwVW5F 1ae7bJScGomdGEdgag5b fxnnXXAtldMGBgqECnVx DmIjX4adnoqSEDmx2f39 fxnnXXAtldMGBgqECnVx 8IUV6HBSYn47shRwVW5F JuSdCG8HSUzwufkmRvTN PqB0lgs9Brze4wJGQzAM FE29I03FH1qEyEvIQNGT PqB0lgs9Brze4wJGQzAM mkGdh9qd7uj9x5W3Koxj mUdsQgC4b4x2HD8wqon6 RNtZ6m1O9hQj2ovJiJE3 u8OLHMd8iqOiUbQQ7wxA 8w6JkwNghwwfzVWZlMG6 1uTE034Q24DWmybWBbX4 8w6JkwNghwwfzVWZlMG6 hYQ8wC7QWWx5wW2TCt2Y 9WdSftrlWeJdclTkQ4Ss 8w6JkwNghwwfzVWZlMG6 VHkCxqV9Ecgzij51DFic EnQuMk7pVZUnmn2BboBv g6Fit1BcwBIbAAJnBKGn 1Oc2bGjHzXrMLiYLik5Z g6Fit1BcwBIbAAJnBKGn OBEPyJuvhH0Z9VoT2UNC x74MQe7pEH17MLQqDD8H OBEPyJuvhH0Z9VoT2UNC h52UeNen88U7Y4iFuOF7 z0rRwRZbA1TaaAgS8PYu g6Fit1BcwBIbAAJnBKGn EnQuMk7pVZUnmn2BboBv 1Mr5ej8RW5Yk1ZWYpV5x 5E8wNso5HkheqEVi0Uhr 7DZfG4yobV0xCcSaxf27 vXrEXAmThLoQVXFImZcg b9q1t3OMZ6dXE5R6ca5w 3pFVvt0XFh3JvOGqpp1y LI8fhHKJlh7mQx1nNK0m 2TderjwrXrNV2UBZ77eD Z2YJKymsE6JEohxl2CgC Wvcwm6VpeYnZXpTH3IZP KkeFTm4eTA6qHgViFx48 ZUt08qPkISJA3VT4fdsK 5doygtE58PVlrfBbaaxD 4FGKBBtL0fTw4RscYaCG 5doygtE58PVlrfBbaaxD ZUt08qPkISJA3VT4fdsK VkEnPX1CQCoh4CxlXSlf kITtdSORrLGuHqAl2YGb EEWjQ3rZ3GM9oucA2vc5 2Bx9KHBjUU4KACeYmEka oq1GulTWdKtwAlNIQxnY 2dfprAgHp3T6RrgooKgP Mi1upMhcgP7iV16OWKN5 NXZByMrsstrrXRLxVcyg gZiMcGUkLd8qaWleLH1T NXZByMrsstrrXRLxVcyg qsbRHSDlSHG3Ep5gugbq 3MmCPAjYheu6g9TkIxDm qsbRHSDlSHG3Ep5gugbq NXZByMrsstrrXRLxVcyg Mi1upMhcgP7iV16OWKN5 2dfprAgHp3T6RrgooKgP uJlmjikTUoEO48jGpFMW c2cBpUI19bqo5IjxQzNs 2YL9dYowMkTTxjU0fVal c2cBpUI19bqo5IjxQzNs m6rR2iEESZqKqRpPfrCl x81SdeDfzbsk8wgCHcJT 468JV90VoJDfHRf7bwGC yLnN3wvof669Fh58DxrQ 468JV90VoJDfHRf7bwGC m6rR2iEESZqKqRpPfrCl c2cBpUI19bqo5IjxQzNs CwkDmD51N1Lhnzhdl5se uJlmjikTUoEO48jGpFMW TrUW9m3qjkTMvqHNRot0 zbsjvfwSdNExCnTFLo8x TrUW9m3qjkTMvqHNRot0 uJlmjikTUoEO48jGpFMW nnG2z19YXqYOoAxMQkFV 72cxNTZ1Tw5teVGiR2xj nnG2z19YXqYOoAxMQkFV 2dfprAgHp3T6RrgooKgP oq1GulTWdKtwAlNIQxnY kITtdSORrLGuHqAl2YGb YygsiZkXDS9oQ07w4psX iS3QMNvYa0RbuZKbJowP OAcbYkMyAi1Iu0vWaaFc CIdYfkuOMaRk394L6cKF OAcbYkMyAi1Iu0vWaaFc iS3QMNvYa0RbuZKbJowP YygsiZkXDS9oQ07w4psX 7hwqk4bfHzoBgB4yaE5p YygsiZkXDS9oQ07w4psX hC71hIuyRaST3AiaSZqg
100
bw0K7NVh1sgqlnescYkX bw0K7NVh1sgqlnescYkX
3MmCPAjYheu6g9TkIxDm 3MmCPAjYheu6g9TkIxDm
IWOalMs6IXX5Ln6F9Eov IWOalMs6IXX5Ln6F9Eov
2YL9dYowMkTTxjU0fVal 2YL9dYowMkTTxjU0fVal
R22TNV5lr1tmI44FcHvv R22TNV5lr1tmI44FcHvv
JuSdCG8HSUzwufkmRvTN JuSdCG8HSUzwufkmRvTN
fuNQ8Sfy86k6zaBQjwEz fuNQ8Sfy86k6zaBQjwEz
63EFNMvLteBrV7Lj9nA4 63EFNMvLteBrV7Lj9nA4
laRDyozSdXcFtmdQ5VqD laRDyozSdXcFtmdQ5VqD
EqrhH8oFQmMRN10foGjV EqrhH8oFQmMRN10foGjV
NXZByMrsstrrXRLxVcyg NXZByMrsstrrXRLxVcyg
wqyhoOJuJuNfuZ1c9ZhU wqyhoOJuJuNfuZ1c9ZhU
xtgYSd34f56WAH3CCBpW xtgYSd34f56WAH3CCBpW
RDnAjQbgrCahBSBieO1p RDnAjQbgrCahBSBieO1p
6KcltWtleWJ6izN3XL0F 6KcltWtleWJ6izN3XL0F
IC3wlDskAWyf0o1M61kl IC3wlDskAWyf0o1M61kl
g5fwwkfUKem4JdibLkXM g5fwwkfUKem4JdibLkXM
ddzqPXECnHQT4a4RIpSF ddzqPXECnHQT4a4RIpSF
RSJQdRAK7H6zYHVeXyPj RSJQdRAK7H6zYHVeXyPj
Mi1upMhcgP7iV16OWKN5 Mi1upMhcgP7iV16OWKN5
YygsiZkXDS9oQ07w4psX YygsiZkXDS9oQ07w4psX
61VEe5QpRdEG1AHTZmSn 61VEe5QpRdEG1AHTZmSn
8IUV6HBSYn47shRwVW5F 8IUV6HBSYn47shRwVW5F
DmIjX4adnoqSEDmx2f39 DmIjX4adnoqSEDmx2f39
zbsjvfwSdNExCnTFLo8x zbsjvfwSdNExCnTFLo8x
WgneGAZv4qtDq8Q5DYZf WgneGAZv4qtDq8Q5DYZf
OAcbYkMyAi1Iu0vWaaFc OAcbYkMyAi1Iu0vWaaFc
W5rNQea9NsCafaUbLgWC W5rNQea9NsCafaUbLgWC
nmwnnNlPCMIjajSEo2R3 nmwnnNlPCMIjajSEo2R3
1ae7bJScGomdGEdgag5b 1ae7bJScGomdGEdgag5b
nOsoIFzZBhdd6bjP45Ba nOsoIFzZBhdd6bjP45Ba
jLS4UljOCe6h8LwAOGRX jLS4UljOCe6h8LwAOGRX
6jnt0RQvUBeXBhrLOwzh 6jnt0RQvUBeXBhrLOwzh
2TderjwrXrNV2UBZ77eD 2TderjwrXrNV2UBZ77eD
ymIUUgCvgB7r5le0Mh11 ymIUUgCvgB7r5le0Mh11
1Oc2bGjHzXrMLiYLik5Z 1Oc2bGjHzXrMLiYLik5Z
1wSeohNTb1oCspxe2x4j 1wSeohNTb1oCspxe2x4j
oq1GulTWdKtwAlNIQxnY oq1GulTWdKtwAlNIQxnY
fzCA3w8Mu664WC0yRZb5 fzCA3w8Mu664WC0yRZb5
4wWd3kvalFkda9M583i7 4wWd3kvalFkda9M583i7
oakCd1HozhO35GtImcF2 oakCd1HozhO35GtImcF2
qyWH5Ui5kFJGpXM7i2RZ qyWH5Ui5kFJGpXM7i2RZ
NqvNOj5h3GSbJm5NawjL NqvNOj5h3GSbJm5NawjL
EEWjQ3rZ3GM9oucA2vc5 EEWjQ3rZ3GM9oucA2vc5
TrUW9m3qjkTMvqHNRot0 TrUW9m3qjkTMvqHNRot0
COVfDobG5VcfcSxLDUch COVfDobG5VcfcSxLDUch
aGWdv30UuUFiszMErlJF aGWdv30UuUFiszMErlJF
sCcEFmBkhTop4sycKzuM sCcEFmBkhTop4sycKzuM
cXmjc3Wu4kjM1IHGgfA5 cXmjc3Wu4kjM1IHGgfA5
eULKHiriYHElwEbrQo2X eULKHiriYHElwEbrQo2X
KqTw626stjcdChciHrJ6 KqTw626stjcdChciHrJ6
8w6JkwNghwwfzVWZlMG6 8w6JkwNghwwfzVWZlMG6
CgUyoeVDFzkf0g6EiF8w CgUyoeVDFzkf0g6EiF8w
Tgouk8HApNFShyYjQedR Tgouk8HApNFShyYjQedR
btiXecpJBKmrIHtQ7jPA btiXecpJBKmrIHtQ7jPA
Mufarp9xGx29xj0P1ijS Mufarp9xGx29xj0P1ijS
NWAZrSnr0i1Dj5TA6dLc NWAZrSnr0i1Dj5TA6dLc
24YcTAlCtPoNC11H3BAQ 24YcTAlCtPoNC11H3BAQ
mkGdh9qd7uj9x5W3Koxj mkGdh9qd7uj9x5W3Koxj
gZiMcGUkLd8qaWleLH1T gZiMcGUkLd8qaWleLH1T
kuIwHVHn49UEM4TprHKr kuIwHVHn49UEM4TprHKr
nnG2z19YXqYOoAxMQkFV nnG2z19YXqYOoAxMQkFV
QHOT9LWV0s6xVVreglDh QHOT9LWV0s6xVVreglDh
lVjpvSHc5hBrS7dzTmI1 lVjpvSHc5hBrS7dzTmI1
RNtZ6m1O9hQj2ovJiJE3 RNtZ6m1O9hQj2ovJiJE3
z0rRwRZbA1TaaAgS8PYu z0rRwRZbA1TaaAgS8PYu
P6PcaiimLTne6w5m7SJi P6PcaiimLTne6w5m7SJi
72cxNTZ1Tw5teVGiR2xj 72cxNTZ1Tw5teVGiR2xj
yMXdJdorJpzOHHt9uIfg yMXdJdorJpzOHHt9uIfg
VkEnPX1CQCoh4CxlXSlf VkEnPX1CQCoh4CxlXSlf
Ca5sYccbD9TUz7JLHrcf Ca5sYccbD9TUz7JLHrcf
rW1b1NT9NaRlIIxoT8XF rW1b1NT9NaRlIIxoT8XF
2QgUKFj4HV0dn5Ia55tj 2QgUKFj4HV0dn5Ia55tj
4MuL6AbQo2ozZ4x7psrd 4MuL6AbQo2ozZ4x7psrd
OLGSBuAPLZmdhTN6ApoS OLGSBuAPLZmdhTN6ApoS
1uTE034Q24DWmybWBbX4 1uTE034Q24DWmybWBbX4
2dfprAgHp3T6RrgooKgP 2dfprAgHp3T6RrgooKgP
b9q1t3OMZ6dXE5R6ca5w b9q1t3OMZ6dXE5R6ca5w
7DZfG4yobV0xCcSaxf27 7DZfG4yobV0xCcSaxf27
C5aQkckiWq5qVUhbiI57 C5aQkckiWq5qVUhbiI57
l5OFQGDhW1xJJ8ERuglz l5OFQGDhW1xJJ8ERuglz
OBEPyJuvhH0Z9VoT2UNC OBEPyJuvhH0Z9VoT2UNC
LI8fhHKJlh7mQx1nNK0m LI8fhHKJlh7mQx1nNK0m
t9sTQNaMU9o2HF5pm7xT t9sTQNaMU9o2HF5pm7xT
yXrak2UUHdgFCsCWvgfp yXrak2UUHdgFCsCWvgfp
qsbRHSDlSHG3Ep5gugbq qsbRHSDlSHG3Ep5gugbq
5doygtE58PVlrfBbaaxD 5doygtE58PVlrfBbaaxD
Z2YJKymsE6JEohxl2CgC Z2YJKymsE6JEohxl2CgC
x81SdeDfzbsk8wgCHcJT x81SdeDfzbsk8wgCHcJT
vXrEXAmThLoQVXFImZcg vXrEXAmThLoQVXFImZcg
g6Fit1BcwBIbAAJnBKGn g6Fit1BcwBIbAAJnBKGn
QYsTJmc2IUi36H1YK47s QYsTJmc2IUi36H1YK47s
FE29I03FH1qEyEvIQNGT FE29I03FH1qEyEvIQNGT
468JV90VoJDfHRf7bwGC 468JV90VoJDfHRf7bwGC
v0QCMKnmfkXllH4nQHen v0QCMKnmfkXllH4nQHen
UQEmoPmHSH2FlTDuXOEx UQEmoPmHSH2FlTDuXOEx
PFAHK1LPbENiUm01N8B0 PFAHK1LPbENiUm01N8B0
dsEyS8WvuzfBZPrbbzZx dsEyS8WvuzfBZPrbbzZx
Dv6lwBgjbbZceuQXFzFf Dv6lwBgjbbZceuQXFzFf
Wf6tYlitgmZKoXfughsS Wf6tYlitgmZKoXfughsS
