SaintPaul Garland Newark Scottsdale Honolulu Memphis Louisville Madison Louisville Irving Anaheim Seattle VirginiaBeach StPetersburg Milwaukee Columbus Cleveland Columbus Glendale Hialeah OklahomaCity Hialeah Glendale Columbus Milwaukee StPetersburg Henderson StPetersburg Cincinnati ChulaVista SanDiego SanJose Washington SanJose ColoradoSprings NewYork ColoradoSprings CorpusChristi ColoradoSprings NorthLasVegas Reno NorthLasVegas SanDiego ChulaVista Charlotte Phoenix Durham SantaAna Pittsburgh SantaAna Durham Gilbert Durham WinstonSalem Durham Phoenix Charlotte Sacramento Charlotte Irvine Buffalo Oakland Philadelphia SanFrancisco Stockton Houston Stockton SanFrancisco Philadelphia Oakland Buffalo Irvine Fremont Chandler Fremont Irvine Charlotte ChulaVista Baltimore Albuquerque FortWayne Anchorage FortWayne Albuquerque BatonRouge FortWorth BatonRouge Albuquerque Baltimore Mesa Indianapolis Mesa Baltimore LongBeach Greensboro Dallas LongBeach Baltimore ChulaVista JerseyCity Lexington Fresno KansasCity Miami Omaha Aurora Omaha Miami KansasCity NewOrleans KansasCity Norfolk Denver Detroit Tucson Raleigh Tucson Detroit Denver Norfolk KansasCity Fresno Plano LosAngeles Austin SanAntonio Austin Tulsa Jacksonville Tulsa Austin ElPaso LosAngeles Plano Fresno Chesapeake Riverside Chesapeake Fresno Spokane Fresno Lexington JerseyCity Toledo Chicago Toledo Atlanta LasVegas Atlanta Toledo Tampa Toledo JerseyCity Laredo JerseyCity Richmond Minneapolis Nashville Minneapolis Bakersfield Minneapolis Lincoln Minneapolis Richmond JerseyCity ChulaVista Cincinnati StPetersburg Lubbock StLouis Lubbock StPetersburg VirginiaBeach Wichita Boston Orlando Portland Orlando Boston Wichita Arlington Wichita Seattle Anaheim Irving Louisville Memphis Honolulu Scottsdale Boise Scottsdale Newark Garland SaintPaul
50
Newark Newark
Plano Plano
Scottsdale Scottsdale
Denver Denver
Honolulu Honolulu
SanAntonio SanAntonio
Durham Durham
Lexington Lexington
FortWorth FortWorth
Henderson Henderson
Austin Austin
FortWayne FortWayne
Baltimore Baltimore
Houston Houston
Glendale Glendale
Pittsburgh Pittsburgh
SanDiego SanDiego
Tucson Tucson
WinstonSalem WinstonSalem
SanJose SanJose
SantaAna SantaAna
Hialeah Hialeah
Lincoln Lincoln
LongBeach LongBeach
Charlotte Charlotte
Spokane Spokane
Milwaukee Milwaukee
Atlanta Atlanta
Laredo Laredo
Chesapeake Chesapeake
Dallas Dallas
Stockton Stockton
Columbus Columbus
Memphis Memphis
JerseyCity JerseyCity
Phoenix Phoenix
StPetersburg StPetersburg
Chandler Chandler
Indianapolis Indianapolis
Lubbock Lubbock
Bakersfield Bakersfield
Tampa Tampa
Anchorage Anchorage
Raleigh Raleigh
NewOrleans NewOrleans
OklahomaCity OklahomaCity
ElPaso ElPaso
Aurora Aurora
Madison Madison
Cincinnati Cincinnati
