Jacksonville Milwaukee Austin Washington Denver Washington Austin Raleigh Memphis Raleigh Austin Omaha LongBeach Baltimore Tampa Dallas Tampa Baltimore LongBeach Omaha Austin Milwaukee Nashville ElPaso Nashville Milwaukee Tucson Milwaukee Tulsa Detroit SanAntonio Miami Charlotte LasVegas Charlotte Miami Oakland Phoenix OklahomaCity FortWorth SanJose Indianapolis LosAngeles Indianapolis SanJose Boston SanJose FortWorth OklahomaCity Phoenix Oakland Philadelphia Houston ColoradoSprings VirginiaBeach ColoradoSprings Houston Philadelphia Oakland Albuquerque Sacramento Albuquerque Oakland Miami SanAntonio Detroit Columbus NewOrleans Columbus Detroit Tulsa Minneapolis NewYork Minneapolis Chicago Minneapolis SanDiego Minneapolis Jacksonville Atlanta SanFrancisco KansasCity SanFrancisco Atlanta Louisville Arlington Portland Seattle Mesa Seattle Portland Arlington Louisville Atlanta Fresno Atlanta Jacksonville
25
Philadelphia Philadelphia
LasVegas LasVegas
FortWorth FortWorth
Portland Portland
Memphis Memphis
Tulsa Tulsa
Fresno Fresno
SanFrancisco SanFrancisco
Columbus Columbus
Atlanta Atlanta
Seattle Seattle
SanJose SanJose
Phoenix Phoenix
ElPaso ElPaso
Tucson Tucson
LongBeach LongBeach
VirginiaBeach VirginiaBeach
Albuquerque Albuquerque
Indianapolis Indianapolis
Austin Austin
Minneapolis Minneapolis
Jacksonville Jacksonville
Louisville Louisville
Boston Boston
LosAngeles LosAngeles
