Chattanooga Cleveland NewOrleans ElPaso CorpusChristi NorthLasVegas CorpusChristi ElPaso Dayton Plano Fresno Portland JerseyCity LasVegas JerseyCity Buffalo JerseyCity Mobile Olathe Mobile JerseyCity Portland Fresno GrandRapids Pittsburgh Fresno OuterHaven Greensboro PembrokePines Orlando PembrokePines Gilbert Denton Gilbert PembrokePines Salem PembrokePines Greensboro OuterHaven Hollywood Columbus Hollywood Louisville Hollywood OuterHaven Fresno Worcester Fresno Plano ElkGrove Savannah SaltLakeCity Savannah FortLauderdale Indianapolis Phoenix Indianapolis Riverside Scottsdale OverlandPark BatonRouge Detroit Vancouver Austin Cary Austin Vancouver McKinney Vancouver Detroit Pasadena Detroit BatonRouge Bakersfield Oceanside Bakersfield Salinas GardenGrove Salinas Murfreesboro Houston Reno Rochester Reno Houston Murfreesboro Charlotte Murfreesboro Laredo Murfreesboro Salinas Bakersfield BatonRouge OverlandPark Surprise Stockton Richmond Stockton Surprise Anchorage Midland Anchorage Surprise Carrollton Davis Carrollton Surprise OverlandPark Scottsdale Tempe Scottsdale Riverside Escondido Riverside Indianapolis Irving Nashville Irving Indianapolis FortLauderdale Miami Sacramento Huntsville Fremont Philadelphia Fremont Honolulu SanFrancisco Honolulu Peoria Jerusalem Hialeah Jerusalem NewportNews Minneapolis WinstonSalem Cincinnati Albuquerque LosAngeles Albuquerque Bellevue Albuquerque Waco Albuquerque Cincinnati LongBeach Omaha LongBeach GrandPrairie LongBeach Cincinnati Rockford Cincinnati Paterson Cincinnati WinstonSalem Knoxville Berkeley FortWayne Bridgeport Boston Munich Boston Bridgeport FortWayne Springfield Spokane Lancaster Spokane Springfield Berkeley Knoxville WinstonSalem Minneapolis Garland Naperville Chicago Naperville Garland Fullerton Garland Minneapolis HuntingtonBeach Jackson Brownsville Jackson HuntingtonBeach Minneapolis NewportNews DesMoines ColoradoSprings DesMoines NewportNews Alexandria NewportNews Jerusalem Peoria Corona Oakland Corona Lubbock Corona Eugene Corona Peoria Honolulu Miramar Tampa Thornton Tampa Miramar PortStLucie Miramar Honolulu Fremont SanBernardino Tucson SanBernardino Boise Lakewood Augusta SantaClarita Providence Palmdale FortCollins Pomona FortCollins Palmdale Providence SantaClarita Hayward Norfolk Mesa Dallas Mesa Norfolk Raleigh Norfolk SaintPaul Washington Chandler Washington SaintPaul Norfolk Irvine OklahomaCity SantaAna Milwaukee SantaAna OklahomaCity Lincoln Madison Joliet Madison Lincoln Fontana Irvine Syracuse Irvine Norfolk Hayward Akron RanchoCucamonga Newark RanchoCucamonga TianamenSquare Ontario TianamenSquare RanchoCucamonga Torrance RanchoCucamonga Akron Hayward SantaClarita Augusta Lakewood Sunnyvale SanDiego Sunnyvale StPetersburg Toledo Atlanta Toledo StPetersburg Clarksville Jacksonville Killeen Jacksonville Clarksville Denver Clarksville StLouis Clarksville StPetersburg Sunnyvale Boise SanBernardino Fremont Huntsville Tacoma Oxnard Tacoma Huntsville Sacramento Miami FortLauderdale Tulsa Memphis SanAntonio Memphis Wichita Memphis Modesto Memphis Roseville FortWorth VirginiaBeach Glendale VirginiaBeach FortWorth SantaRosa FortWorth Roseville Durham MorenoValley Anaheim NewYork Anaheim ChulaVista Arlington SiouxFalls Arlington WestValleyCity Arlington ChulaVista Anaheim MorenoValley Henderson Mesquite Henderson MorenoValley Tallahassee MorenoValley Roseville Amarillo Yonkers Amarillo Roseville Memphis Tulsa Montgomery SanJose Montgomery Macon LittleRock CapeCoral LittleRock Shreveport Macon Orange Aurora Baltimore Lexington Aurora Fayetteville Aurora Orange Frisco Seattle Frisco KansasCity Frisco Orange Macon Montgomery Tulsa FortLauderdale Savannah ElkGrove McAllen ElkGrove Plano Dayton Birmingham Dayton ElPaso NewOrleans Cleveland Chesapeake Cleveland Chattanooga
100
Yonkers Yonkers
Alexandria Alexandria
Joliet Joliet
Orlando Orlando
Lincoln Lincoln
Worcester Worcester
LittleRock LittleRock
GardenGrove GardenGrove
Aurora Aurora
DesMoines DesMoines
Surprise Surprise
Phoenix Phoenix
Knoxville Knoxville
Jacksonville Jacksonville
Oceanside Oceanside
Baltimore Baltimore
Henderson Henderson
Fremont Fremont
Riverside Riverside
Memphis Memphis
SanBernardino SanBernardino
Tacoma Tacoma
Wichita Wichita
Paterson Paterson
Washington Washington
Ontario Ontario
Bakersfield Bakersfield
SantaClarita SantaClarita
Cleveland Cleveland
Brownsville Brownsville
McAllen McAllen
Charlotte Charlotte
Corona Corona
Honolulu Honolulu
Springfield Springfield
Denton Denton
Tempe Tempe
Spokane Spokane
Glendale Glendale
Shreveport Shreveport
GrandPrairie GrandPrairie
Irvine Irvine
NewportNews NewportNews
Lexington Lexington
Olathe Olathe
SanFrancisco SanFrancisco
Scottsdale Scottsdale
Vancouver Vancouver
Indianapolis Indianapolis
Murfreesboro Murfreesboro
Anchorage Anchorage
FortWorth FortWorth
Austin Austin
Raleigh Raleigh
Anaheim Anaheim
SanJose SanJose
Fayetteville Fayetteville
Cincinnati Cincinnati
Oxnard Oxnard
Durham Durham
ChulaVista ChulaVista
SantaAna SantaAna
SaintPaul SaintPaul
FortLauderdale FortLauderdale
ElPaso ElPaso
Syracuse Syracuse
Madison Madison
GrandRapids GrandRapids
NewYork NewYork
Savannah Savannah
CapeCoral CapeCoral
Louisville Louisville
Hayward Hayward
Buffalo Buffalo
BatonRouge BatonRouge
Boston Boston
Boise Boise
Waco Waco
Chicago Chicago
SanAntonio SanAntonio
KansasCity KansasCity
Richmond Richmond
Tallahassee Tallahassee
Salem Salem
Midland Midland
LosAngeles LosAngeles
Fontana Fontana
Berkeley Berkeley
PortStLucie PortStLucie
Plano Plano
Orange Orange
Newark Newark
Toledo Toledo
Naperville Naperville
Jackson Jackson
Akron Akron
Pomona Pomona
Lubbock Lubbock
Frisco Frisco
SanDiego SanDiego
