Porterton Dianashire Burgessview Billton Banksburgh Yvonneborough Parkermouth Shawnfort Parkermouth Yvonneborough Banksburgh Simmonsburgh Michaelville Williamland Michaelville Simmonsburgh Banksburgh Billton Gabrielfort Stuartshire Gabrielfort Jamesshire Gabrielfort Jamieside Gabrielfort Billton Brookemouth Kimberlymouth Brookemouth Baileyfort Brookemouth Joebury Brookemouth Billton Burgessview Marcusburgh Tylerbury Paultown Hansonbury Paultown Tylerbury Pattersonberg Tylerbury Jamestown Wilsonstad Jamestown Tylerbury Marcusburgh Fletcherland Johnside Fletcherland Willisfurt Ortizberg Willisfurt Fletcherland Kingview Williamschester Mirandaview Williamschester Kingview Fletcherland Marcusburgh Matthewburgh Bondfort Shawnmouth Priceville Shawnmouth Buckleyside Shawnmouth Bondfort Adamview Harrisborough Adamview Bondfort Matthewburgh Virginiastad Robinsonmouth Horneside Robinsonmouth Virginiastad Johnsonberg Virginiastad Matthewburgh Marcusburgh Burgessview Williamfort Moodyburgh Gregoryberg Smithfort Millerborough Smithfort Gregoryberg Moodyburgh Heatherberg Thomasborough Masseyside Thomasborough Ortegaberg Thomasborough Heatherberg Moodyburgh Williamfort Thomasville Lopezburgh Leahmouth Lopezburgh Byrdfurt Loweryborough Byrdfurt Garciamouth Byrdfurt Lopezburgh Thomasville Webbview Thomasville Martinchester Thomasville Williamfort Williamport Ashleystad Codyton Mindyview Codyton Ryanside Codyton Ashleystad Holthaven Vickiville Holthaven Ashleystad Williamport Denisechester Williamport Williamfort Burgessview Dianashire Ashleyborough Osborneville Payneview Jacksonville Jennifertown Feliciaville Jennifertown Jacksonville Christopherhaven Jacksonville Payneview Barnesmouth Harrisport Brendaview Harrisport Barnesmouth Clarkborough Barnesmouth Payneview Teresafort Calvinton Teresafort Smithtown Abigailville Smithtown Jacksonland Smithtown Teresafort Payneview Osborneville Christophermouth Beckerton Christophermouth Shawnhaven Candaceborough Shawnhaven Dannyside Shawnhaven Christophermouth Davidtown Christophermouth Osborneville Ashleyborough Clarkberg Burtonview Phamhaven Burtonview Gonzalesfurt Burtonview Murphyside Bakertown Derekville Bakertown Jameston Bakertown Murphyside Burtonview Clarkberg Reevestown Judithview Michaelview Clarenceview Michaelview Judithview Reevestown Davidsonview Reevestown Changbury Reevestown Clarkberg Ashleyborough Paulburgh Robertsstad Toddtown Swansonshire Abigailhaven Swansonshire Toddtown Robertsstad Jessicaton Robertsstad Paulburgh Walltown Scotttown Jacksonview Danielville Jacksonview Scotttown Walltown Callahantown Maryport Combsville Maryport Reynoldsview Maryport Callahantown Walltown Johnberg Williamshire Johnberg Walltown Paulburgh Ashleyborough Dianashire Porterton Wallton Derekmouth Charlesberg Kevinberg Patriciabury Troyfort Patriciabury Thomasmouth Patriciabury Kevinberg Adamside Andrewschester Adamside Bradberg Adamside Kevinberg Charlesberg Sethland Tannerhaven Sethland Ellisstad Osbornemouth Ellisstad Sethland Charlesberg Weberbury Kimberlyburgh Candiceland Kimberlyburgh Weberbury Clarkport Weberbury Charlesberg Derekmouth Jeffreyfort Johnsonchester Nealfurt Johnsonchester Susanfort Johnsonchester Jeffreyfort Garytown Audreyfort Patriciaside Audreyfort Garytown Jeffreyfort Derekmouth Geraldside Joseport Gabrielburgh Hodgesstad Gabrielburgh Joseport Hallborough Kylieview Hallborough Joseport Geraldside Michellehaven Ramosborough Fordhaven Ramosborough Michellehaven Cranemouth Joneschester Cranemouth Michellehaven Geraldside Richtown Geraldside Derekmouth Wallton Danielleport Cooperton Lopezborough Waltersmouth Adamport Waltersmouth Adkinsberg Waltersmouth Lopezborough Cooperton Kristietown Cooperton Thomasside Cooperton Danielleport Melissaview Cheyennefurt Thompsonshire Cheyennefurt Watsonville Christyland Watsonville Robertomouth Watsonville Cheyennefurt Melissaview Campbellhaven Annberg Dyerport Annberg Houstonchester Annberg Campbellhaven Melissaview Danielleport Scottburgh Laurenbury Haleview Hallstad Haleview Laurenbury Scottburgh Ortegahaven Scottburgh Danielleport Wallton Davisstad Newmanburgh Samanthashire Newmanburgh Gallowaymouth Rioshaven Josephstad Rioshaven Gallowaymouth Newmanburgh Davisstad Jacksonton Emilyview Jacksonton Singletonton Clarkbury Jermaineton Clarkbury Singletonton Jacksonton Davisstad Leechester Pettyton Bondmouth Mercedesmouth Bondmouth Taylorton Bondmouth Pettyton Jonesfurt Pettyton Leechester Castanedachester Suttonville Castanedachester Leechester Davisstad Wallton Porterton
100
Johnsonberg Johnsonberg
Adamview Adamview
Feliciaville Feliciaville
Buckleyside Buckleyside
Combsville Combsville
Thompsonshire Thompsonshire
Mirandaview Mirandaview
Derekville Derekville
Wilsonstad Wilsonstad
Susanfort Susanfort
Haleview Haleview
Hallstad Hallstad
Adamport Adamport
Dannyside Dannyside
Jermaineton Jermaineton
Parkermouth Parkermouth
Jameston Jameston
Hansonbury Hansonbury
Kylieview Kylieview
Brendaview Brendaview
Mercedesmouth Mercedesmouth
Kimberlyburgh Kimberlyburgh
Leahmouth Leahmouth
Candiceland Candiceland
Houstonchester Houstonchester
Michaelview Michaelview
Dyerport Dyerport
Troyfort Troyfort
Cranemouth Cranemouth
Audreyfort Audreyfort
Reynoldsview Reynoldsview
Ellisstad Ellisstad
Byrdfurt Byrdfurt
Andrewschester Andrewschester
Tannerhaven Tannerhaven
Christyland Christyland
Patriciaside Patriciaside
Garciamouth Garciamouth
Robinsonmouth Robinsonmouth
Adamside Adamside
Bakertown Bakertown
Williamland Williamland
Patriciabury Patriciabury
Horneside Horneside
Jacksonland Jacksonland
Loweryborough Loweryborough
Bradberg Bradberg
Christopherhaven Christopherhaven
Harrisport Harrisport
Rioshaven Rioshaven
Jonesfurt Jonesfurt
Taylorton Taylorton
Williamschester Williamschester
Candaceborough Candaceborough
Hodgesstad Hodgesstad
Gabrielburgh Gabrielburgh
Clarkport Clarkport
Bondmouth Bondmouth
Fordhaven Fordhaven
Clarkborough Clarkborough
Holthaven Holthaven
Osbornemouth Osbornemouth
Ortegaberg Ortegaberg
Danielville Danielville
Shawnmouth Shawnmouth
Ryanside Ryanside
Smithtown Smithtown
Jacksonview Jacksonview
Ramosborough Ramosborough
Swansonshire Swansonshire
Thomasmouth Thomasmouth
Suttonville Suttonville
Annberg Annberg
Maryport Maryport
Ortizberg Ortizberg
Calvinton Calvinton
Williamshire Williamshire
Codyton Codyton
Vickiville Vickiville
Mindyview Mindyview
Abigailville Abigailville
Clarenceview Clarenceview
Masseyside Masseyside
Robertomouth Robertomouth
Michaelville Michaelville
Jennifertown Jennifertown
Nealfurt Nealfurt
Harrisborough Harrisborough
Adkinsberg Adkinsberg
Millerborough Millerborough
Shawnfort Shawnfort
Watsonville Watsonville
Abigailhaven Abigailhaven
Smithfort Smithfort
Josephstad Josephstad
Clarkbury Clarkbury
Priceville Priceville
Joneschester Joneschester
Hallborough Hallborough
Thomasborough Thomasborough
