0 23 88 64 15 33 76 84 130 103 115 186 184 15 194 28 167 185 38 151 42 157 45 162 128 19 164 128 176 35 83 9 6 24 46 109 89 147 177 29 82 24 131 116 163 178 127 172 191 52 168 195 199 104 40 192 101 40 83 108 170 37 176 173 44 134 62 12 5 41 59 32 97 31 2 140 68 140 86 145 66 124 111 5 74 141 21 93 80 154 125 3 117 146 154 183 43 74 75 182 70 155 110 102 156 16 198 10 71 137 158 190 160 106 196 8 30 113 8 129 17 79 56 67 96 27 107 26 65 98 47 142 22 51 13 51 100 169 171 100 148 165 180 188 135 166 77 150 133 77 98 91 161 175 11 105 120 114 138 175 79 149 144 159 143 149 181 87 18 87 95 174 152 53 20 81 173 85 1 58 69 128 179 92 153 179 99 61 122 61 194 72 50 7 50 34 57 4 60 54 49 187 112 25 78 14 136 14 36 118 121 132 119 55 90 193 123 39 123 126 94 197 189 139 48 139 63 73 0
100
0 0
1 1
2 2
3 3
4 4
5 5
6 6
7 7
8 8
9 9
10 10
11 11
12 12
13 13
14 14
15 15
16 16
17 17
18 18
19 19
20 20
21 21
22 22
23 23
24 24
25 25
26 26
27 27
28 28
29 29
30 30
31 31
32 32
33 33
34 34
35 35
36 36
37 37
38 38
39 39
40 40
41 41
42 42
43 43
44 44
45 45
46 46
47 47
48 48
49 49
50 50
51 51
52 52
53 53
54 54
55 55
56 56
57 57
58 58
59 59
60 60
61 61
62 62
63 63
64 64
65 65
66 66
67 67
68 68
69 69
70 70
71 71
72 72
73 73
74 74
75 75
76 76
77 77
78 78
79 79
80 80
81 81
82 82
83 83
84 84
85 85
86 86
87 87
88 88
89 89
90 90
91 91
92 92
93 93
94 94
95 95
96 96
97 97
98 98
99 99
