0 14 12 89 14 59 21 48 88 75 61 25 38 54 42 60 63 79 43 4 58 64 4 66 8 19 98 15 47 26 87 28 93 50 55 30 13 17 56 43 99 91 40 48 69 1 73 23 53 32 78 72 10 39 82 5 34 3 51 37 62 2 96 90 20 52 65 85 35 16 67 80 9 57 83 44 18 7 29 6 11 31 77 18 41 24 84 81 45 95 76 27 74 70 22 70 68 46 33 71 49 97 86 92 82 73 36 94 14 0
50
0 0
1 1
2 2
3 3
4 4
5 5
6 6
7 7
8 8
9 9
10 10
11 11
12 12
13 13
14 14
15 15
16 16
17 17
18 18
19 19
20 20
21 21
22 22
23 23
24 24
25 25
26 26
27 27
28 28
29 29
30 30
31 31
32 32
33 33
34 34
35 35
36 36
37 37
38 38
39 39
40 40
41 41
42 42
43 43
44 44
45 45
46 46
47 47
48 48
49 49
