K B AD CA FQ FD BJ DV BF CP AW Q AH EU EX EU AH Q CL O A BG A O R O AZ O CL AS CL Q AW CP BL GN M F AL F M BT BC CF AM CF BS AN DS AA DQ BK DQ EW AJ DQ AA DS DH GA Y DL EQ J Z J EQ CE FP CE FC EQ GF CT CU GI CT GF DL Y BW CG GO AQ AC V FI DD FL AK AV G BA CB GP BA G DF BM DF AV AK BY BE BY DW AP BO AP FV W AX W FV AP DW BN DW DO FE DO FY FZ GH DA DT T CX T AI FB AI FO EK GE EK DA AN EB DC U DG DM DI DK BV EL CS BU GL DP BX DP CR DP GR CC CM CC EY EO DE EV CI CY EV CN EG AG GG EI BZ BQ BZ DY CK FH CJ H CQ H FT GK AU AO CZ FG CZ AO GM AR BI CO DB DX FK EA EM FK EF DB CO FW P EC FJ BP FF BP FJ FA D P GJ CO BI GM AO AU FR FT BR FH DY ES AF BD GC DJ EE L N BB CW AT CV DU CW BB L ER ED AE X AE EI GG EG EP C DR FX CH EZ E CH FU EH DN EH FM DZ I AB FX FN EN GQ EN FD FQ GD ET S AY EJ AY S GB CA B K BH CD FS BH K
100
B B
G G
I I
L L
M M
P P
R R
T T
U U
V V
X X
Y Y
Z Z
AB AB
AF AF
AG AG
AH AH
AJ AJ
AM AM
AN AN
AS AS
AW AW
AX AX
BA BA
BB BB
BE BE
BF BF
BG BG
BI BI
BJ BJ
BL BL
BO BO
BP BP
BQ BQ
BR BR
BX BX
BY BY
CB CB
CE CE
CF CF
CJ CJ
CK CK
CM CM
CQ CQ
CT CT
CW CW
CY CY
DB DB
DC DC
DG DG
DH DH
DI DI
DK DK
DP DP
DR DR
DS DS
DV DV
DX DX
DZ DZ
EA EA
EC EC
ED ED
EG EG
EH EH
EJ EJ
EK EK
EL EL
EM EM
EN EN
EO EO
EQ EQ
EU EU
EV EV
EZ EZ
FD FD
FE FE
FG FG
FH FH
FI FI
FJ FJ
FM FM
FO FO
FP FP
FR FR
FS FS
FU FU
FV FV
FX FX
FZ FZ
GC GC
GD GD
GE GE
GF GF
GG GG
GI GI
GJ GJ
GK GK
GL GL
GO GO
GR GR
