AY BX AL BH AG B R AU BS J CK P CK AS BK AH T CI AJ BE BV E L E BV M BV CB BP AW BU I CT Z CJ Z CT AV AX O AX BC CU AM CU BO CU BC AX AV AW BP CB BV CO CI CM AH CL AH BK CF AD AK AQ AK BF AK BM AK BQ AK CF BK CK CN Q CK BS AE CA BI CA AU B BR BZ BR CG W AC CD V K V CD BG CE AT AB CV AR Y D Y BD Y BT BW AO CS C CP AR BL A AA F AZ X N U BJ G BJ U CQ H BY S AF BN S CR S H CQ U N X BB CC AN AI CC AP A BA BL AB AT CH AY
50
B B
F F
H H
I I
O O
P P
Q Q
T T
U U
V V
W W
AA AA
AB AB
AE AE
AH AH
AI AI
AK AK
AM AM
AO AO
AQ AQ
AS AS
AU AU
AV AV
AW AW
AX AX
AY AY
BA BA
BE BE
BF BF
BG BG
BI BI
BJ BJ
BO BO
BP BP
BU BU
BX BX
BZ BZ
CA CA
CC CC
CD CD
CE CE
CF CF
CK CK
CL CL
CM CM
CP CP
CQ CQ
CR CR
CU CU
CV CV
