89 68 12 150 69 185 92 93 181 100 87 61 122 62 19 106 77 132 195 144 49 0 4 127 80 88 101 78 27 48 9 134 66 191 129 75 169 111 76 171 2 186 128 15 198 82 34 65 147 90 35 153 50 115 29 138 120 140 160 175 102 72 14 40 187 58 148 13 158 143 8 125 10 163 114 116 178 179 47 103 73 133 194 141 46 51 43 156 71 154 60 45 135 159 165 74 137 57 193 22 79 30 36 95 97 174 161 16 26 84 118 1 131 91 139 105 166 189 182 177 98 157 164 196 197 142 21 104 110 172 5 170 42 83 54 11 20 109 183 130 126 188 190 145 33 25 55 121 39 81 38 53 96 67 24 23 117 152 167 41 37 168 7 99 44 124 52 59 63 94 86 56 173 151 85 146 162 28 32 149 119 70 136 3 64 18 31 6 107 180 155 184 192 17 176 113 108 123 112 199 89
100
100 100
96 96
179 179
178 178
101 101
132 132
86 86
197 197
172 172
127 127
79 79
94 94
3 3
88 88
190 190
122 122
33 33
18 18
151 151
51 51
97 97
169 169
99 99
78 78
102 102
124 124
36 36
183 183
44 44
199 199
125 125
128 128
109 109
135 135
29 29
173 173
81 81
114 114
59 59
37 37
146 146
107 107
148 148
16 16
75 75
136 136
69 69
194 194
21 21
195 195
11 11
149 149
5 5
130 130
83 83
27 27
25 25
98 98
189 189
12 12
13 13
41 41
4 4
191 191
111 111
39 39
64 64
193 193
73 73
156 156
23 23
85 85
160 160
65 65
133 133
80 80
155 155
38 38
61 61
56 56
6 6
192 192
112 112
58 58
140 140
32 32
48 48
187 187
144 144
118 118
31 31
121 121
1 1
147 147
141 141
188 188
49 49
82 82
70 70
9 9
