55 72 33 56 92 50 20 47 68 5 10 30 70 88 90 94 77 7 46 53 1 54 87 51 95 12 35 42 59 73 66 63 52 74 31 0 79 26 83 85 97 80 14 40 29 16 2 45 17 6 39 93 57 44 3 48 58 84 62 28 25 37 24 61 19 82 67 43 23 89 4 18 8 86 96 41 75 71 64 49 91 81 9 69 27 98 65 78 15 36 38 22 13 11 21 60 32 99 34 76 55
50
92 92
62 62
99 99
19 19
25 25
7 7
0 0
61 61
16 16
97 97
14 14
51 51
36 36
63 63
95 95
41 41
87 87
9 9
5 5
32 32
12 12
64 64
57 57
39 39
93 93
83 83
18 18
88 88
67 67
13 13
53 53
70 70
91 91
3 3
49 49
10 10
96 96
15 15
1 1
17 17
28 28
27 27
86 86
31 31
77 77
20 20
11 11
54 54
29 29
23 23
