fmdhlepsteinstdnkill epsteindlsfdntmkillh dnkillepsteinlshdtfm lmhdtfdepsteinnkills dnkillepsteinlshdtfm epsteinkillmsftnddlh dmepsteinfnhltkillsd fshtdepsteinmldnkill dthepsteinkillmsldfn dmdepsteinnhkilllsft epsteinfsddmthkillnl hnsdkilllftdmepstein dnfkillsepsteindtlhm ftldepsteinkillhsdmn dnfkillsepsteindtlhm hnsdkilllftdmepstein epsteinfsddmthkillnl dhepsteindsnlkillfmt epsteinfsddmthkillnl tlsfdmdepsteinnhkill epsteinfsddmthkillnl dmdepsteinnhkilllsft epsteinskillhfdmntdl dmdepsteinnhkilllsft smfepsteindkillthlnd dmdepsteinnhkilllsft fshtdepsteinmldnkill dmepsteinfnhltkillsd epsteinkillmsftnddlh fkillepsteindlhdnsmt nltdmsfepsteinkilldh hnfdtmlepsteinkillds nhslfmepsteindtkilld epsteinfthlnmddkills nhslfmepsteindtkilld hnfdtmlepsteinkillds nltdmsfepsteinkilldh fkillepsteindlhdnsmt slepsteinntkillhddfm ndkillftdsmepsteinlh slepsteinntkillhddfm lsdepsteinfmkillndth tlmsdhdnkillfepstein fmsepsteindntldhkill epsteindfhlmdnskillt dlnsthfmepsteinkilld epsteindfhlmdnskillt fmsepsteindntldhkill tlmsdhdnkillfepstein lsdepsteinfmkillndth fkillepsteindlhdnsmt stepsteinhkillfmnldd fkillepsteindlhdnsmt epsteinkillmsftnddlh dnkillepsteinlshdtfm killepsteinlhtfdsmdn dhkilllsepsteinmntdf killepsteinlhtfdsmdn epsteinlshkilldnfdmt flepsteindndhmtkills killdmnsfhldepsteint hkilldfepsteinmdlnts snfdlkillmtdhepstein hkilldfepsteinmdlnts fdshnmkillepsteinltd killnfsdhltmepsteind fdshnmkillepsteinltd killnsfmhdepsteindtl epsteinskilldlndhmtf lthfkilldnsmepsteind hepsteinsddnfkillmlt ddtmkillepsteinflsnh fddsepsteinhnlkilltm ddtmkillepsteinflsnh hepsteinsddnfkillmlt nkilltdhlmdepsteinsf hepsteinsddnfkillmlt lthfkilldnsmepsteind epsteinskilldlndhmtf tfkilllnmsdhepsteind epsteinskilldlndhmtf sltepsteinkillndmdfh ftmnsldepsteinkillhd hsdfepsteintlnkilldm ftmnsldepsteinkillhd sltepsteinkillndmdfh epsteinskilldlndhmtf killnsfmhdepsteindtl tmsfnkillldhepsteind tnkillhldsfdepsteinm tmsfnkillldhepsteind killhddfntepsteinlms tmlepsteinsdnfkillhd killhddfntepsteinlms tmsfnkillldhepsteind killnsfmhdepsteindtl fthddnmlepsteinkills msfltdkillnepsteinhd fthddnmlepsteinkills killnsfmhdepsteindtl fdshnmkillepsteinltd flmkillnsepsteinddth fdshnmkillepsteinltd hkilldfepsteinmdlnts hepsteinnfdmtslkilld shmlepsteinkilldfntd tepsteinddfnlkillhms nfmdkillhdlepsteinst hdepsteinskillldtnfm nfmdkillhdlepsteinst shmlepsteinkilldfntd hepsteinnfdmtslkilld hkilldfepsteinmdlnts killdmnsfhldepsteint dfslntkillmepsteindh mndepsteinftsdkilllh dfslntkillmepsteindh epsteintdkilllnfdhms killdmnsfhldepsteint flepsteindndhmtkills epsteinlshkilldnfdmt killepsteinlhtfdsmdn dnkillepsteinlshdtfm ddlmnftepsteinhskill fepsteinhsntddkilllm ddlmnftepsteinhskill dnkillepsteinlshdtfm epsteindlsfdntmkillh fmdhlepsteinstdnkill lkilltndepsteindsmfh tmsdnfdlkillhepstein lhepsteinkilldtnmfsd tmsdnfdlkillhepstein mftkillepsteinndlhsd tmsdnfdlkillhepstein lkilltndepsteindsmfh fmdhlepsteinstdnkill nhmkilllsftepsteindd ddepsteinhltfkillsmn killhdfdepsteinsltnm ddepsteinhltfkillsmn nmlfshtdkillepsteind nhkillepsteindmdlsft nepsteinlmdkilldhfts ntlepsteindmfdshkill killmlepsteindthnfsd ntlepsteindmfdshkill dfdkillepsteinslmhnt lhsepsteindtdnmkillf fhndskillepsteintldm lhsepsteindtdnmkillf lnsmkilltfdepsteindh hmfnddkillepsteinslt ntlepsteindmfdshkill nepsteinlmdkilldhfts epsteinkillnmsdhtdlf fkillepsteinmldnhstd depsteinnlsfmhtkilld killlepsteindndtfhms depsteinnlsfmhtkilld fkillepsteinmldnhstd epsteinkillnmsdhtdlf nepsteinlmdkilldhfts dmkillshfepsteinltnd nepsteinlmdkilldhfts nhkillepsteindmdlsft sldnhepsteindftkillm nfdhkilllsmtepsteind dfkilllmtepsteinhdsn tdfepsteinnlhdkillsm epsteinmhndfkilltdls hsdlepsteinmnkilldft hsndepsteindlmtkillf lndsdkilltmepsteinhf hsndepsteindlmtkillf hsdlepsteinmnkilldft epsteinmhndfkilltdls tdfepsteinnlhdkillsm tfdmdslepsteinkillnh tdfepsteinnlhdkillsm dfkilllmtepsteinhdsn nfdhkilllsmtepsteind tsepsteinnmdkillfhld nfdhkilllsmtepsteind sldnhepsteindftkillm nhkillepsteindmdlsft nmlfshtdkillepsteind fltsndepsteinmkillhd nmlfshtdkillepsteind ddepsteinhltfkillsmn nhmkilllsftepsteindd fmdhlepsteinstdnkill
50
msfltdkillnepsteinhd msfltdkillnepsteinhd
nfdhkilllsmtepsteind nfdhkilllsmtepsteind
epsteindlsfdntmkillh epsteindlsfdntmkillh
epsteinkillmsftnddlh epsteinkillmsftnddlh
dmepsteinfnhltkillsd dmepsteinfnhltkillsd
fdshnmkillepsteinltd fdshnmkillepsteinltd
fmsepsteindntldhkill fmsepsteindntldhkill
tmlepsteinsdnfkillhd tmlepsteinsdnfkillhd
killdmnsfhldepsteint killdmnsfhldepsteint
lnsmkilltfdepsteindh lnsmkilltfdepsteindh
hdepsteinskillldtnfm hdepsteinskillldtnfm
dnkillepsteinlshdtfm dnkillepsteinlshdtfm
killnsfmhdepsteindtl killnsfmhdepsteindtl
tlsfdmdepsteinnhkill tlsfdmdepsteinnhkill
killepsteinlhtfdsmdn killepsteinlhtfdsmdn
epsteintdkilllnfdhms epsteintdkilllnfdhms
ntlepsteindmfdshkill ntlepsteindmfdshkill
epsteindfhlmdnskillt epsteindfhlmdnskillt
depsteinnlsfmhtkilld depsteinnlsfmhtkilld
dhkilllsepsteinmntdf dhkilllsepsteinmntdf
nhmkilllsftepsteindd nhmkilllsftepsteindd
lsdepsteinfmkillndth lsdepsteinfmkillndth
fshtdepsteinmldnkill fshtdepsteinmldnkill
flepsteindndhmtkills flepsteindndhmtkills
ddtmkillepsteinflsnh ddtmkillepsteinflsnh
lndsdkilltmepsteinhf lndsdkilltmepsteinhf
nepsteinlmdkilldhfts nepsteinlmdkilldhfts
ndkillftdsmepsteinlh ndkillftdsmepsteinlh
hsndepsteindlmtkillf hsndepsteindlmtkillf
nltdmsfepsteinkilldh nltdmsfepsteinkilldh
mftkillepsteinndlhsd mftkillepsteinndlhsd
lmhdtfdepsteinnkills lmhdtfdepsteinnkills
dhepsteindsnlkillfmt dhepsteindsnlkillfmt
fepsteinhsntddkilllm fepsteinhsntddkilllm
lhepsteinkilldtnmfsd lhepsteinkilldtnmfsd
hsdfepsteintlnkilldm hsdfepsteintlnkilldm
dlnsthfmepsteinkilld dlnsthfmepsteinkilld
stepsteinhkillfmnldd stepsteinhkillfmnldd
epsteinskilldlndhmtf epsteinskilldlndhmtf
hnfdtmlepsteinkillds hnfdtmlepsteinkillds
nkilltdhlmdepsteinsf nkilltdhlmdepsteinsf
fhndskillepsteintldm fhndskillepsteintldm
tlmsdhdnkillfepstein tlmsdhdnkillfepstein
dfkilllmtepsteinhdsn dfkilllmtepsteinhdsn
epsteinlshkilldnfdmt epsteinlshkilldnfdmt
hepsteinsddnfkillmlt hepsteinsddnfkillmlt
killmlepsteindthnfsd killmlepsteindthnfsd
ddlmnftepsteinhskill ddlmnftepsteinhskill
epsteinmhndfkilltdls epsteinmhndfkilltdls
hnsdkilllftdmepstein hnsdkilllftdmepstein
