dldkilltnmhfepsteins msddkilllthepsteinfn dlfdkilltepsteinhnms killmdshdtnflepstein fdskillndtmepsteinlh killmsfhdtlndepstein epsteintkillhndlfmds killmsfhdtlndepstein fdskillndtmepsteinlh killmdshdtnflepstein fthlkillnepsteindsdm epsteinhnkillsldfdmt tmfdhepsteinnslkilld smkillnepsteinfldthd hdmndfepsteinstkilll lkillepsteintdshmfnd hdmndfepsteinstkilll smkillnepsteinfldthd tmfdhepsteinnslkilld epsteinhnkillsldfdmt killndmdtepsteinfhsl epsteinhnkillsldfdmt mkilldlshdtfepsteinn fdmhkilllepsteintnsd lsdfndepsteinmkillht dnkilllmdstfepsteinh hkillepsteindtsfmlnd dnkilllmdstfepsteinh lsdfndepsteinmkillht lmtsnfddepsteinkillh lsdfndepsteinmkillht fdmhkilllepsteintnsd mkilldlshdtfepsteinn lepsteindsmnhftdkill dhsepsteintlkillmfnd lepsteindsmnhftdkill epsteinldtnfmshdkill lepsteindsmnhftdkill sdltmfepsteinhkilldn lepsteindsmnhftdkill mkilldlshdtfepsteinn epsteinhdkillltsmfdn mkilldlshdtfepsteinn epsteinhnkillsldfdmt dflhnepsteinsmdtkill tlkillmnsddhfepstein ddmstlnkillfepsteinh tlkillmnsddhfepstein dflhnepsteinsmdtkill mlepsteindkillsfhtdn dflhnepsteinsmdtkill epsteinhnkillsldfdmt fthlkillnepsteindsdm depsteinftndhmkillsl dhkillldsepsteintnmf killtdmsdfhnepsteinl dhkillldsepsteintnmf fsepsteindkillhmtdln skillthlfndepsteindm killldepsteinthsnfmd skillthlfndepsteindm fsepsteindkillhmtdln dkillnmhldstfepstein epsteinshlkilldmnfdt dfdepsteintlnskillhm ldepsteindhkilltsmfn dfdepsteintlnskillhm epsteinshlkilldmnfdt dkillnmhldstfepstein hdntepsteinkilllsdfm mhkillepsteinddlfsnt hdntepsteinkilllsdfm dkillnmhldstfepstein fsepsteindkillhmtdln hddtnsmfkillepsteinl fsepsteindkillhmtdln killhdfnsepsteinmltd fsepsteindkillhmtdln epsteinlmkillfshnddt fsepsteindkillhmtdln dhkillldsepsteintnmf epsteinfsltkillnhddm fmltddhnepsteinskill mlepsteinskilldnftdh fmltddhnepsteinskill epsteinfsltkillnhddm dhkillldsepsteintnmf depsteinftndhmkillsl epsteindkilltlmnhsfd depsteinftndhmkillsl hepsteinnfdmlsdtkill depsteinftndhmkillsl fhnmkillepsteinsdltd depsteinfmkillhdsnlt tdfkillslepsteinhdmn depsteinfmkillhdsnlt mdkillntepsteindfhsl tndskilldfepsteinmhl dkillnmsfhtlepsteind tndskilldfepsteinmhl mdkillntepsteindfhsl dmldfhskillntepstein mdkillntepsteindfhsl depsteinfmkillhdsnlt fhnmkillepsteinsdltd depsteinftndhmkillsl fthlkillnepsteindsdm shdepsteinftkillnlmd fnkillddmtepsteinshl tkilllepsteinfsnhmdd fnkillddmtepsteinshl shdepsteinftkillnlmd fthlkillnepsteindsdm nftmskilldldepsteinh mdkillnlsdtepsteinhf ldepsteinhmfnkillsdt mdkillnlsdtepsteinhf nftmskilldldepsteinh fthlkillnepsteindsdm thnkillmddsepsteinfl fthlkillnepsteindsdm killfhdndtlepsteinsm lepsteindnhstfdmkill killfhdndtlepsteinsm killmdshdtnflepstein sdndhepsteinltkillfm killshdlmftnepsteind hsepsteinfkillnmddtl hepsteinnfmtlkilldds ldfsmnepsteinkilltdh hepsteinnfmtlkilldds hsepsteinfkillnmddtl epsteindmshtfldnkill hsepsteinfkillnmddtl smfhndepsteinkillltd tldmepsteindkillfhsn nmdhepsteinkilltfsld tldmepsteindkillfhsn smfhndepsteinkillltd hsepsteinfkillnmddtl hndsmfkilltldepstein nmkilllepsteintdsdfh hmndfkillslepsteintd stmepsteinkillnhddlf hmndfkillslepsteintd nmkilllepsteintdsdfh hndsmfkilltldepstein hsepsteinfkillnmddtl killshdlmftnepsteind sdndhepsteinltkillfm dkillfepsteinnhdmtls depsteinlfnmkilldsht tsmdepsteinkillhfdln killfthnmsdlepsteind killsepsteindmtflhnd killfthnmsdlepsteind tsmdepsteinkillhfdln killldsfhnepsteindmt tsmdepsteinkillhfdln lkilldtnmsepsteindfh tdnfmdhepsteinslkill epsteintfhndkilllmsd tdkillepsteinsmhdfnl dmhdepsteinfsltkilln tdkillepsteinsmhdfnl epsteintfhndkilllmsd tdnfmdhepsteinslkill fmtnkilldepsteindhsl killtdslhfdepsteinnm slepsteinkillfmddhtn killtdslhfdepsteinnm shfnmltepsteindkilld killdldepsteinmfsthn smtepsteinkilldfnhdl mfndlsdepsteinhkillt killmfndshdtepsteinl mfndlsdepsteinhkillt dsftepsteindhkillmnl sdlhfnmdepsteintkill dsftepsteindhkillmnl hlfdskilldnepsteintm killthsepsteindmlfdn nepsteindhkillltmsfd killthsepsteindmlfdn depsteinslkillhdftmn killthsepsteindmlfdn hlfdskilldnepsteintm dsftepsteindhkillmnl mfndlsdepsteinhkillt smtepsteinkilldfnhdl sdnmepsteinkilldfhlt mhdfsepsteintdkillln sdnmepsteinkilldfhlt fmhlnkilldepsteindst tnfslmepsteinkillddh fmhlnkilldepsteindst sdnmepsteinkilldfhlt smtepsteinkilldfnhdl sepsteindhmnltkillfd killhtdmdlnsfepstein nfltdmkillsdepsteinh sfdnepsteinhlkilldtm killhtdmdlnsfepstein sndldftmkillepsteinh killhtdmdlnsfepstein hmdkilllnepsteinfsdt msepsteintlhnfkilldd sldhnfmtdkillepstein fhdmnepsteindkillslt sldhnfmtdkillepstein fhmlstdndkillepstein sldhnfmtdkillepstein tepsteinhsdkillmldfn shepsteinnkillftlddm ddkillnftsmhepsteinl tepsteinkilldflhnmsd lhsntdepsteindkillmf lmkillepsteintsndfhd ndshkilldmlepsteinft lmkillepsteintsndfhd fepsteinnsdkillhdtml lmkillepsteintsndfhd hepsteinntdkillsdmfl depsteintkilllnmsfdh hepsteinntdkillsdmfl lmkillepsteintsndfhd lhsntdepsteindkillmf tepsteinkilldflhnmsd ddkillnftsmhepsteinl shepsteinnkillftlddm epsteinkillddfnthslm nlsdepsteinkilltfhdm epsteinkillddfnthslm tepsteinhsdkillmldfn mshkillltdepsteinfdn sdepsteinhlmnkillfdt mshkillltdepsteinfdn tepsteinhsdkillmldfn sldhnfmtdkillepstein msepsteintlhnfkilldd hmdkilllnepsteinfsdt killhtdmdlnsfepstein sepsteindhmnltkillfd hnddkilltslmfepstein thdlskillnfdmepstein lepsteinkilldhfmstnd thdlskillnfdmepstein dmtlsfhnkilldepstein hnddkilltslmfepstein lkillfthdsepsteindnm ndkillthdepsteinlsmf lkillfthdsepsteindnm dtnkillsepsteinmdfhl lkillfthdsepsteindnm nsepsteinfmdkillhldt hnskillepsteintfdmld nsepsteinfmdkillhldt lkillfthdsepsteindnm hnddkilltslmfepstein smtepsteinkilldfnhdl killdldepsteinmfsthn smkillnfdhepsteindlt dnldkillhmfstepstein killdldepsteinmfsthn nepsteinfthdldmkills lnepsteintdfmdshkill fddsmepsteintnkillhl ldhtdkillepsteinfsmn fddsmepsteintnkillhl lnepsteintdfmdshkill skillmfepsteinthddnl killepsteinfdlhdtnms ltnhmdepsteinfdskill killepsteinfdlhdtnms skillmfepsteinthddnl lnepsteintdfmdshkill nepsteinfthdldmkills fkillepsteinndmdlhts mkillthfdlnepsteinds fkillepsteinndmdlhts lntkillepsteinfsddhm epsteinmlddnsfhkillt lntkillepsteinfsddhm dflstmkillepsteindhn lsmftnepsteinkillhdd hkilllepsteinnstfddm lsmftnepsteinkillhdd dflstmkillepsteindhn killdepsteinmfltdshn tsdnhkilllmepsteindf killdepsteinmfltdshn dflstmkillepsteindhn lntkillepsteinfsddhm fdmtdepsteinkilllsnh mdkilllfdnstepsteinh fdmtdepsteinkilllsnh lntkillepsteinfsddhm mhdskillldftnepstein nmkilldepsteinhtldsf fstnepsteinmdldhkill nmkilldepsteinhtldsf ltfnsdhepsteinkilldm tepsteinmdfldhnskill ltfnsdhepsteinkilldm slmdtkillepsteindnhf ltfnsdhepsteinkilldm nmkilldepsteinhtldsf mhdskillldftnepstein stmlepsteindnkilldfh mhdskillldftnepstein lntkillepsteinfsddhm fkillepsteinndmdlhts dtsmdnlhfepsteinkill epsteinsnmflhtdkilld dtsmdnlhfepsteinkill fkillepsteinndmdlhts nepsteinfthdldmkills killfsdndhtmepsteinl hnsepsteinmkillfddtl killfsdndhtmepsteinl nepsteinfthdldmkills killdldepsteinmfsthn fhkillddlnmtsepstein fdstmndepsteinlkillh killmdepsteinftshldn fdstmndepsteinlkillh fhkillddlnmtsepstein killdldepsteinmfsthn dkillnsepsteinfdmthl sfdntlkilldhmepstein epsteinfthkilldnslmd ntmdhepsteinsdkillfl killlhstfdepsteinnmd ntmdhepsteinsdkillfl epsteinfthkilldnslmd sfdntlkilldhmepstein hfskilldepsteinmndlt dhtepsteinkillsdflmn hfskilldepsteinmndlt sfdntlkilldhmepstein dkillnsepsteinfdmthl killdldepsteinmfsthn shfnmltepsteindkilld nkillddfthsmepsteinl killtepsteinddhlmnsf nkillddfthsmepsteinl shfnmltepsteindkilld killtdslhfdepsteinnm fmtnkilldepsteindhsl mkillldnhepsteinstfd fmtnkilldepsteindhsl tdnfmdhepsteinslkill lkilldtnmsepsteindfh mltdhfdepsteinkillsn hdkillsndtepsteinmlf mltdhfdepsteinkillsn lkilldtnmsepsteindfh dhmkillfdltnsepstein hdepsteinkillnfdlmts dftkillhmldnepsteins killfsdhmndepsteintl dfkillhepsteintdsmln killfsdhmndepsteintl dftkillhmldnepsteins mndtkillepsteindlfhs dftkillhmldnepsteins hdepsteinkillnfdlmts dkillldfepsteintsmnh dlshdtepsteinnkillfm dkillldfepsteintsmnh hdepsteinkillnfdlmts dhmkillfdltnsepstein epsteinkillstmfnhldd dhmkillfdltnsepstein lkilldtnmsepsteindfh tsmdepsteinkillhfdln dlmstkilldhfepsteinn tsmdepsteinkillhfdln depsteinlfnmkilldsht tldkillhsfnmepsteind sldnhepsteinftkilldm tldkillhsfnmepsteind depsteinlfnmkilldsht lhepsteintndkilldsmf depsteinlfnmkilldsht dkillfepsteinnhdmtls sdndhepsteinltkillfm dfkilllepsteinsnmhtd sdndhepsteinltkillfm killmdshdtnflepstein dlfdkilltepsteinhnms msddkilllthepsteinfn dldkilltnmhfepsteins
100
dlfdkilltepsteinhnms dlfdkilltepsteinhnms
sdndhepsteinltkillfm sdndhepsteinltkillfm
tldkillhsfnmepsteind tldkillhsfnmepsteind
mdkillntepsteindfhsl mdkillntepsteindfhsl
mdkillnlsdtepsteinhf mdkillnlsdtepsteinhf
tsdnhkilllmepsteindf tsdnhkilllmepsteindf
tsmdepsteinkillhfdln tsmdepsteinkillhfdln
dhsepsteintlkillmfnd dhsepsteintlkillmfnd
fhdmnepsteindkillslt fhdmnepsteindkillslt
epsteintfhndkilllmsd epsteintfhndkilllmsd
fdskillndtmepsteinlh fdskillndtmepsteinlh
killhdfnsepsteinmltd killhdfnsepsteinmltd
killtdmsdfhnepsteinl killtdmsdfhnepsteinl
fmltddhnepsteinskill fmltddhnepsteinskill
fddsmepsteintnkillhl fddsmepsteintnkillhl
lepsteinkilldhfmstnd lepsteinkilldhfmstnd
lkilldtnmsepsteindfh lkilldtnmsepsteindfh
killmfndshdtepsteinl killmfndshdtepsteinl
mkillthfdlnepsteinds mkillthfdlnepsteinds
mdkilllfdnstepsteinh mdkilllfdnstepsteinh
fhnmkillepsteinsdltd fhnmkillepsteinsdltd
msepsteintlhnfkilldd msepsteintlhnfkilldd
fdmtdepsteinkilllsnh fdmtdepsteinkilllsnh
slepsteinkillfmddhtn slepsteinkillfmddhtn
dmtlsfhnkilldepstein dmtlsfhnkilldepstein
sdlhfnmdepsteintkill sdlhfnmdepsteintkill
hepsteinnfdmlsdtkill hepsteinnfdmlsdtkill
ndkillthdepsteinlsmf ndkillthdepsteinlsmf
dkillnmhldstfepstein dkillnmhldstfepstein
lkillepsteintdshmfnd lkillepsteintdshmfnd
lmkillepsteintsndfhd lmkillepsteintsndfhd
shfnmltepsteindkilld shfnmltepsteindkilld
mhkillepsteinddlfsnt mhkillepsteinddlfsnt
msddkilllthepsteinfn msddkilllthepsteinfn
lhsntdepsteindkillmf lhsntdepsteindkillmf
epsteinsnmflhtdkilld epsteinsnmflhtdkilld
dtsmdnlhfepsteinkill dtsmdnlhfepsteinkill
ldepsteindhkilltsmfn ldepsteindhkilltsmfn
depsteinftndhmkillsl depsteinftndhmkillsl
dfdepsteintlnskillhm dfdepsteintlnskillhm
depsteinlfnmkilldsht depsteinlfnmkilldsht
tndskilldfepsteinmhl tndskilldfepsteinmhl
killhtdmdlnsfepstein killhtdmdlnsfepstein
dmldfhskillntepstein dmldfhskillntepstein
fsepsteindkillhmtdln fsepsteindkillhmtdln
epsteinfthkilldnslmd epsteinfthkilldnslmd
skillmfepsteinthddnl skillmfepsteinthddnl
killfthnmsdlepsteind killfthnmsdlepsteind
epsteinhdkillltsmfdn epsteinhdkillltsmfdn
hepsteinntdkillsdmfl hepsteinntdkillsdmfl
depsteintkilllnmsfdh depsteintkilllnmsfdh
mhdskillldftnepstein mhdskillldftnepstein
hmdkilllnepsteinfsdt hmdkilllnepsteinfsdt
dlshdtepsteinnkillfm dlshdtepsteinnkillfm
ltfnsdhepsteinkilldm ltfnsdhepsteinkilldm
nfltdmkillsdepsteinh nfltdmkillsdepsteinh
tepsteinhsdkillmldfn tepsteinhsdkillmldfn
killdepsteinmfltdshn killdepsteinmfltdshn
mkillldnhepsteinstfd mkillldnhepsteinstfd
tdfkillslepsteinhdmn tdfkillslepsteinhdmn
killtdslhfdepsteinnm killtdslhfdepsteinnm
hnsepsteinmkillfddtl hnsepsteinmkillfddtl
hsepsteinfkillnmddtl hsepsteinfkillnmddtl
fmtnkilldepsteindhsl fmtnkilldepsteindhsl
tdkillepsteinsmhdfnl tdkillepsteinsmhdfnl
nftmskilldldepsteinh nftmskilldldepsteinh
sldhnfmtdkillepstein sldhnfmtdkillepstein
sndldftmkillepsteinh sndldftmkillepsteinh
hmndfkillslepsteintd hmndfkillslepsteintd
killthsepsteindmlfdn killthsepsteindmlfdn
dtnkillsepsteinmdfhl dtnkillsepsteinmdfhl
killtepsteinddhlmnsf killtepsteinddhlmnsf
lepsteindnhstfdmkill lepsteindnhstfdmkill
dhmkillfdltnsepstein dhmkillfdltnsepstein
nmdhepsteinkilltfsld nmdhepsteinkilltfsld
epsteinldtnfmshdkill epsteinldtnfmshdkill
thdlskillnfdmepstein thdlskillnfdmepstein
killdldepsteinmfsthn killdldepsteinmfsthn
ldfsmnepsteinkilltdh ldfsmnepsteinkilltdh
mkilldlshdtfepsteinn mkilldlshdtfepsteinn
epsteinlmkillfshnddt epsteinlmkillfshnddt
tepsteinmdfldhnskill tepsteinmdfldhnskill
lsmftnepsteinkillhdd lsmftnepsteinkillhdd
depsteinslkillhdftmn depsteinslkillhdftmn
dkillnmsfhtlepsteind dkillnmsfhtlepsteind
epsteindkilltlmnhsfd epsteindkilltlmnhsfd
ntmdhepsteinsdkillfl ntmdhepsteinsdkillfl
skillthlfndepsteindm skillthlfndepsteindm
dnldkillhmfstepstein dnldkillhmfstepstein
epsteinhnkillsldfdmt epsteinhnkillsldfdmt
nepsteindhkillltmsfd nepsteindhkillltmsfd
ndshkilldmlepsteinft ndshkilldmlepsteinft
dhtepsteinkillsdflmn dhtepsteinkillsdflmn
lhepsteintndkilldsmf lhepsteintndkilldsmf
mndtkillepsteindlfhs mndtkillepsteindlfhs
epsteindmshtfldnkill epsteindmshtfldnkill
dflstmkillepsteindhn dflstmkillepsteindhn
hnskillepsteintfdmld hnskillepsteintfdmld
dfkilllepsteinsnmhtd dfkilllepsteinsnmhtd
thnkillmddsepsteinfl thnkillmddsepsteinfl
