tepsteinfdkilldlmhns hdkillfmtslndepstein depsteinkillsfmnldth hdkillfmtslndepstein slepsteinftndkillmdh htskillepsteindnlfdm sltkillfndepsteinmhd ndlmhepsteintdskillf dnhdskillepsteinmltf ndlmhepsteintdskillf tmhsnfepsteinldkilld fhntdkillmepsteinsld hdldfepsteinntsmkill fhntdkillmepsteinsld tmhsnfepsteinldkilld ndlmhepsteintdskillf htskillepsteindnlfdm slepsteinftndkillmdh depsteinhskillmflndt slepsteinftndkillmdh thmepsteinlkillfsndd mfskillnhlddtepstein dhlepsteindkillsmtnf lepsteinfdkillsdnmht nfdhepsteinltsdmkill lepsteinfdkillsdnmht dhlepsteindkillsmtnf killepsteintdldshfnm nlhtdsdepsteinfmkill killepsteintdldshfnm thsfnmkilldlepsteind tskillepsteinhfmddnl thsfnmkilldlepsteind epsteinhsnftkilldlmd thsfnmkilldlepsteind hdepsteinsmdtnflkill fnlskillhtepsteindmd mddnepsteinkillfltsh fnlskillhtepsteindmd thsfnmkilldlepsteind ndlepsteinhdtskillfm ldnmepsteinhfstdkill hepsteinnfstkilllmdd ldnmepsteinhfstdkill nmhdkilltslepsteinfd hldmepsteindsnkilltf dmfndhstkillepsteinl hldmepsteindsnkilltf ftdmlhkilldepsteinsn hldmepsteindsnkilltf nmhdkilltslepsteinfd ldnmepsteinhfstdkill hfskillnepsteinldtdm dfnlmskillthepsteind smldnkilldepsteinfht dfnlmskillthepsteind hfskillnepsteinldtdm killnfhdsdltepsteinm hfskillnepsteinldtdm ldnmepsteinhfstdkill skilldnmlhdftepstein ldnmepsteinhfstdkill ndlepsteinhdtskillfm killtdnfsdhmlepstein ndlepsteinhdtskillfm thsfnmkilldlepsteind hndtldfmkillepsteins thsfnmkilldlepsteind nepsteinkillfmstdlhd dtepsteindnhmskillfl fnmhskilldepsteinltd msnepsteinfkillhtdld hkillmepsteinstdfdnl msnepsteinfkillhtdld snldmtkillfepsteindh epsteinthsdmndkillfl nkillsdtdhfmlepstein epsteinthsdmndkillfl snldmtkillfepsteindh msnepsteinfkillhtdld fnmhskilldepsteinltd dtepsteindnhmskillfl killepsteintdldshfnm dhlepsteindkillsmtnf mfskillnhlddtepstein ntepsteinsldkillhmdf mfskillnhlddtepstein epsteindsmnlfdtkillh mfskillnhlddtepstein thmepsteinlkillfsndd slepsteinftndkillmdh epsteinsdfmhltkillnd slepsteinftndkillmdh hdkillfmtslndepstein tepsteinfdkilldlmhns
25
nkillsdtdhfmlepstein nkillsdtdhfmlepstein
skilldnmlhdftepstein skilldnmlhdftepstein
killepsteintdldshfnm killepsteintdldshfnm
htskillepsteindnlfdm htskillepsteindnlfdm
nlhtdsdepsteinfmkill nlhtdsdepsteinfmkill
thmepsteinlkillfsndd thmepsteinlkillfsndd
fnmhskilldepsteinltd fnmhskilldepsteinltd
hldmepsteindsnkilltf hldmepsteindsnkilltf
snldmtkillfepsteindh snldmtkillfepsteindh
epsteindsmnlfdtkillh epsteindsmnlfdtkillh
ndlmhepsteintdskillf ndlmhepsteintdskillf
epsteinthsdmndkillfl epsteinthsdmndkillfl
lepsteinfdkillsdnmht lepsteinfdkillsdnmht
fnlskillhtepsteindmd fnlskillhtepsteindmd
nfdhepsteinltsdmkill nfdhepsteinltsdmkill
hepsteinnfstkilllmdd hepsteinnfstkilllmdd
killnfhdsdltepsteinm killnfhdsdltepsteinm
hkillmepsteinstdfdnl hkillmepsteinstdfdnl
ndlepsteinhdtskillfm ndlepsteinhdtskillfm
epsteinsdfmhltkillnd epsteinsdfmhltkillnd
tskillepsteinhfmddnl tskillepsteinhfmddnl
hdepsteinsmdtnflkill hdepsteinsmdtnflkill
msnepsteinfkillhtdld msnepsteinfkillhtdld
dhlepsteindkillsmtnf dhlepsteindkillsmtnf
tmhsnfepsteinldkilld tmhsnfepsteinldkilld
