60 00 01 02 13 03 13 24 15 06 05 04 14 04 05 06 15 24 23 22 32 42 32 22 23 24 25 26 25 35 27 18 19 09 08 07 16 07 08 17 08 09 19 29 28 38 37 36 44 36 46 45 46 47 36 37 38 48 49 48 38 28 39 28 29 18 27 35 25 24 31 24 34 33 43 33 34 24 13 02 01 11 01 00 10 20 21 12 21 20 30 41 40 30 20 10 00 60 62 54 53 50 51 52 51 55 51 53 56 58 57 58 61 58 56 66 56 53 54 59 54 63 64 63 65 63 72 73 85 74 75 76 77 78 79 78 83 78 77 82 77 76 80 76 81 76 75 74 86 87 89 87 86 73 72 84 88 84 72 63 90 91 92 93 94 98 96 95 96 99 96 98 94 93 92 97 92 91 90 63 54 62 70 69 67 70 71 68 71 70 62 60
29
06 06
26 26
31 31
37 37
48 48
50 50
53 53
54 54
56 56
59 59
60 60
64 64
65 65
66 66
67 67
68 68
69 69
78 78
79 79
80 80
81 81
83 83
85 85
86 86
88 88
89 89
91 91
96 96
97 97
