149 000 001 002 013 003 013 024 015 006 005 004 014 004 005 006 015 024 023 022 032 042 032 022 023 024 025 026 025 035 027 018 019 009 008 007 016 007 008 017 008 009 019 029 028 038 037 036 044 036 046 045 046 047 036 037 038 048 049 048 038 028 039 028 029 018 027 035 025 024 031 024 034 033 043 033 034 024 013 002 001 011 001 000 010 020 021 012 021 020 030 041 040 030 020 010 000 149 060 062 054 053 050 051 052 051 055 051 053 056 058 057 058 061 058 056 066 056 053 054 059 054 063 064 063 065 063 072 073 085 074 075 076 077 078 079 078 083 078 077 082 077 076 080 076 081 076 075 074 086 087 089 087 086 073 072 084 088 084 072 063 090 091 092 093 094 098 096 095 096 099 096 098 094 093 092 097 092 091 090 063 054 062 070 069 067 070 071 068 071 070 062 060 149 100 101 102 103 104 120 104 102 101 100 105 108 113 112 113 108 145 114 106 114 118 115 117 126 122 121 124 123 135 134 135 136 138 136 135 123 139 123 124 121 125 140 141 140 142 143 142 144 142 140 125 121 122 137 122 126 117 131 117 115 118 127 128 127 130 127 132 133 132 127 118 114 129 114 145 146 148 147 148 146 145 108 105 109 110 109 111 109 105 100 107 116 119 116 107 100 149
36
006 006
026 026
031 031
037 037
048 048
050 050
053 053
054 054
056 056
059 059
060 060
064 064
065 065
066 066
067 067
068 068
069 069
078 078
079 079
080 080
081 081
083 083
085 085
086 086
088 088
089 089
091 091
096 096
097 097
103 103
104 104
111 111
115 115
123 123
126 126
142 142
