FortCollins Akron Elizabeth FortSmith Arvada DaytonaBeach Davenport Albuquerque Davenport DaytonaBeach LakeCharles Chattanooga Burlington Garland GrandRapids Kailua Duluth Kailua GrandRapids Indianapolis Lowell DaytonaBeach Arvada Erie Athens Arvada Fargo Charleston Baltimore Boulder Baltimore Hayward Hartford Aurora ClarkeCounty Independence Bellevue Lakeland Aurora Dallas Clarksville Bradenton Bridgeport McAllen Chicago Clearwater Concord Evansville Danbury Columbus LosAngeles Jefferson BatonRouge Cambridge Buffalo Hollywood Cambridge Burbank HavredeGrace Gastonia Fremont Honolulu ElkGrove Harrisburg Fontana Harrisburg Irvine BatonRouge Marysville Lincoln Baltimore BonitaSprings Arvada Glendale Columbia Barnstable Aberdeen Brownsville Fayetteville Appleton Houma Madison Kenosha Dayton Augusta Dayton Kenosha Gilbert Jacksonville AtlanticCity Charlotte Arvada Hickory Inglewood Lansing DesMoines GreenBay Boston Bloomington ColoradoSprings ChulaVista Deltona Howell Flint DalyCity Durham Fitchburg Asheville Escondido Hesperia Escondido LittleRock BelAir Huntington Greensboro Abilene Fitchburg Durham Houston Beaumont Bethlehem Beaumont Houston Fresno Kalamazoo DalyCity Flint Howell Lubbock Louisville Lubbock ChulaVista JohnsonCity Layton Denver Layton FortWayne Fairfield Joliet LasCruces Killeen Gainesville LongBeach Kaneohe Albany Bryan CedarRapids Hialeah Chesapeake Billings HighPoint Albany Lorain Macon Lancaster Anchorage LasVegas Austin Cleveland Downey Carrollton Frederick Hampton Lafayette Lakewood Carrollton Fullerton JerseyCity Lexington JerseyCity Fullerton KansasCity Canton DavidsonCounty KansasCity CapeCoral KansasCity FortWorth Berkeley ElMonte Laredo CoralSprings Birmingham GardenGrove CollegeStation Boise ElPaso Jackson Laredo Carrollton LasVegas Greenville Kennewick Anaheim Antioch Layton Bloomington Chandler Leominster CathedralCity Hagerstown FortWaltonBeach Kissimmee Amarillo Alexandria AppleValley Corona Allentown Bremerton Denton Grayslake Henderson HuntingtonBeach BoiseCity Eugene HuntingtonBeach Huntsville Manchester Atlanta Detroit Lacey Brighton Irving Cary Lewisville FortCollins Cincinnati Bakersfield CorpusChristi AnnArbor CorpusChristi FortLauderdale Marina Bakersfield Cincinnati GulfportBiloxi FortCollins CostaMesa FortCollins Elkhart Champaign FortCollins Harlingen Arlington GrandPrairie Knoxville Hemet FortCollins
100
Aberdeen Aberdeen
Abilene Abilene
Akron Akron
Albuquerque Albuquerque
Alexandria Alexandria
Allentown Allentown
Amarillo Amarillo
Anaheim Anaheim
Anchorage Anchorage
AnnArbor AnnArbor
AppleValley AppleValley
Appleton Appleton
Arvada Arvada
Atlanta Atlanta
Augusta Augusta
Austin Austin
Bakersfield Bakersfield
Baltimore Baltimore
Barnstable Barnstable
Beaumont Beaumont
Bellevue Bellevue
Berkeley Berkeley
Bethlehem Bethlehem
Boise Boise
BoiseCity BoiseCity
BonitaSprings BonitaSprings
Bradenton Bradenton
Bremerton Bremerton
Brighton Brighton
Brownsville Brownsville
Burbank Burbank
CapeCoral CapeCoral
Carrollton Carrollton
Cary Cary
CedarRapids CedarRapids
Champaign Champaign
Chandler Chandler
Chicago Chicago
Cleveland Cleveland
CollegeStation CollegeStation
ColoradoSprings ColoradoSprings
Dallas Dallas
DalyCity DalyCity
Danbury Danbury
DavidsonCounty DavidsonCounty
Denver Denver
DesMoines DesMoines
Detroit Detroit
ElMonte ElMonte
ElPaso ElPaso
Elizabeth Elizabeth
Elkhart Elkhart
Erie Erie
Eugene Eugene
Evansville Evansville
Fairfield Fairfield
Fargo Fargo
Fayetteville Fayetteville
Fontana Fontana
FortCollins FortCollins
FortWaltonBeach FortWaltonBeach
Frederick Frederick
Fremont Fremont
Fresno Fresno
Garland Garland
Gilbert Gilbert
GrandRapids GrandRapids
Grayslake Grayslake
Hampton Hampton
Harlingen Harlingen
Harrisburg Harrisburg
Hemet Hemet
Henderson Henderson
Hickory Hickory
Hollywood Hollywood
Houston Houston
Independence Independence
Indianapolis Indianapolis
Inglewood Inglewood
Irvine Irvine
Irving Irving
Jacksonville Jacksonville
Jefferson Jefferson
Joliet Joliet
Kalamazoo Kalamazoo
Kennewick Kennewick
Knoxville Knoxville
Lacey Lacey
Lafayette Lafayette
Lakeland Lakeland
Lakewood Lakewood
Lancaster Lancaster
LasCruces LasCruces
Layton Layton
Leominster Leominster
LittleRock LittleRock
Lorain Lorain
Louisville Louisville
Lubbock Lubbock
Manchester Manchester
