BatonRouge Bellevue Anchorage Bloomington Brownsville AnnArbor Birmingham Bryan Bridgeport Beaumont Buffalo AtlanticCity Bradenton Burlington Bradenton Cambridge Burbank Asheville Baltimore AppleValley Atlanta Berkeley AppleValley Baltimore Barnstable Bremerton Abilene Athens Austin Alexandria Antioch Arvada Billings Boise Alexandria Austin Bremerton Albuquerque Boston Boulder Allentown Appleton Aurora Aberdeen BoiseCity Anaheim Aberdeen BonitaSprings Amarillo Akron Augusta Albany Bethlehem Arlington Asheville BelAir Bakersfield BelAir Brighton BelAir Bellevue BatonRouge
25
Aberdeen Aberdeen
Abilene Abilene
Albany Albany
Albuquerque Albuquerque
Amarillo Amarillo
Anchorage Anchorage
AnnArbor AnnArbor
Arvada Arvada
Atlanta Atlanta
AtlanticCity AtlanticCity
Aurora Aurora
Barnstable Barnstable
BatonRouge BatonRouge
Beaumont Beaumont
Berkeley Berkeley
Bethlehem Bethlehem
Birmingham Birmingham
BoiseCity BoiseCity
Boston Boston
Boulder Boulder
Bradenton Bradenton
Bryan Bryan
Buffalo Buffalo
Burbank Burbank
Cambridge Cambridge
