CorpusChristi Birmingham Anchorage BelAir Anchorage Davenport Buffalo Bloomington Cambridge Carrollton Columbia Canton Atlanta Canton Bakersfield Canton Bradenton Charleston Clearwater Bellevue AtlanticCity BoiseCity Baltimore Billings DaytonaBeach BoiseCity Cleveland Brownsville Cleveland Danbury DavidsonCounty AppleValley DavidsonCounty Brighton DavidsonCounty ChulaVista Chandler DavidsonCounty ColoradoSprings Chicago Appleton Chicago Bridgeport Denton Bremerton Athens ColoradoSprings DavidsonCounty Dayton Dallas BoiseCity Boulder Barnstable CollegeStation Boulder Clearwater Charlotte Berkeley Albuquerque Columbus AnnArbor Arvada Antioch Charlotte Burlington Charlotte Corona Bryan DesMoines ElkGrove Buffalo Elizabeth Clarksville Chattanooga Abilene Chattanooga Boise Amarillo Cincinnati Duluth Chattanooga Escondido Aurora Arlington Augusta Allentown BatonRouge Asheville Austin Detroit Beaumont Detroit CostaMesa Bethlehem Chesapeake Durham Deltona Albany Boston Anchorage Elkhart Champaign Anaheim CathedralCity Erie CorpusChristi CapeCoral CorpusChristi Downey ElPaso Akron Aberdeen Concord DalyCity ClarkeCounty CoralSprings Cary CedarRapids Alexandria BonitaSprings Burbank Denver Burbank ElMonte CorpusChristi
50
Akron Akron
Albuquerque Albuquerque
Alexandria Alexandria
Amarillo Amarillo
Anaheim Anaheim
AppleValley AppleValley
Appleton Appleton
Arvada Arvada
Asheville Asheville
Augusta Augusta
Austin Austin
Beaumont Beaumont
BelAir BelAir
Bloomington Bloomington
BoiseCity BoiseCity
BonitaSprings BonitaSprings
Boulder Boulder
Bremerton Bremerton
Bridgeport Bridgeport
Brownsville Brownsville
Bryan Bryan
Canton Canton
CapeCoral CapeCoral
Carrollton Carrollton
CathedralCity CathedralCity
Champaign Champaign
Chandler Chandler
Charleston Charleston
Chattanooga Chattanooga
Chicago Chicago
Cincinnati Cincinnati
Clearwater Clearwater
ColoradoSprings ColoradoSprings
Columbia Columbia
Columbus Columbus
CorpusChristi CorpusChristi
Dallas Dallas
DalyCity DalyCity
Danbury Danbury
Davenport Davenport
Deltona Deltona
Denton Denton
Denver Denver
Downey Downey
Durham Durham
ElMonte ElMonte
ElPaso ElPaso
Elizabeth Elizabeth
Elkhart Elkhart
Escondido Escondido
