152 75 50 153 183 9 183 185 111 168 111 185 138 185 167 50 184 7 14 85 96 14 187 8 108 74 21 73 21 92 21 74 117 74 158 74 166 47 166 64 55 64 166 81 166 89 60 3 60 89 108 120 30 120 108 136 39 46 49 29 37 49 99 46 39 136 93 72 98 93 136 103 128 136 148 18 148 136 8 156 1 58 129 22 112 178 44 178 22 129 25 77 115 54 115 59 53 82 69 126 69 82 102 181 125 53 159 59 174 59 115 129 1 156 45 61 118 61 45 124 45 160 175 160 45 156 187 14 7 67 20 17 67 184 179 0 62 145 62 155 121 70 155 176 186 12 104 12 186 80 127 186 176 62 0 95 35 95 0 154 2 154 34 154 51 88 130 180 16 52 107 135 26 41 133 90 116 141 116 147 15 147 84 56 161 4 113 5 182 48 182 5 113 131 4 161 84 147 132 147 116 165 10 134 165 114 32 114 133 149 24 143 86 151 143 24 173 94 13 38 11 63 38 13 42 13 94 122 94 173 24 149 33 43 19 79 83 43 33 149 150 91 163 91 150 149 41 26 71 135 100 137 100 135 164 107 52 180 51 172 51 154 78 123 23 170 40 170 146 31 146 170 123 78 154 0 179 119 57 119 101 139 36 87 142 28 142 169 140 76 140 105 140 169 36 139 65 110 171 68 66 171 110 65 144 6 162 97 27 97 162 157 106 162 6 177 6 144 65 139 101 119 179 184 50 75 152 109 152
73
31 31
142 142
28 28
97 97
116 116
89 89
105 105
79 79
169 169
157 157
170 170
45 45
112 112
56 56
134 134
172 172
37 37
9 9
175 175
163 163
41 41
35 35
95 95
171 171
111 111
139 139
78 78
165 165
143 143
73 73
81 81
12 12
58 58
50 50
92 92
87 87
166 166
85 85
149 149
5 5
130 130
182 182
121 121
168 168
60 60
27 27
183 183
90 90
65 65
96 96
145 145
126 126
113 113
13 13
42 42
94 94
136 136
184 184
180 180
144 144
53 53
181 181
151 151
2 2
153 153
51 51
101 101
54 54
8 8
0 0
38 38
75 75
66 66
