18 44 6 54 57 35 57 54 64 37 4 37 64 41 63 9 16 9 30 9 38 23 38 36 38 9 59 68 59 9 60 50 22 50 25 0 11 5 12 0 33 39 3 39 33 0 25 34 2 34 32 34 55 31 52 27 61 55 43 21 43 48 43 55 65 47 8 49 28 14 15 10 13 10 72 14 28 53 66 40 66 53 28 29 19 29 24 42 24 29 46 26 47 65 67 70 56 17 51 73 45 1 45 20 7 20 58 20 45 73 71 56 62 70 67 65 25 50 63 64 6 44 69 18
26
24 24
35 35
51 51
38 38
41 41
62 62
34 34
55 55
29 29
45 45
61 61
70 70
67 67
7 7
25 25
54 54
39 39
63 63
72 72
33 33
22 22
44 44
43 43
59 59
23 23
27 27
