O2XJ9 SXCXT 2WIJP SKA5V TC4MB PN6N5 TC4MB 49CGM N33WE ZCU97 HMYFI XOPIR SZKKG FOXDK DYG9M KU8EX UOF89 KU8EX Z6GW2 KPNHM 1HTOE MOOJF SXCXT OLSL2 8D0H4 RQZSX HYEF7 JXXUO T5W7D PGY5W GNMDA DQTJ3 45DYM QQ4SP TH1G8 IY314 1P1UA N6XF7 C821A YUMDY S1W7I 0JUN2 NV2VY MV8NN GMOBL TH1G8 MXX55 EI5ZM BXL4N F8JE7 YGEXQ KKZKB VMBKR MXST9 OLSL2 O2XJ9
25
SZKKG SZKKG
KPNHM KPNHM
S1W7I S1W7I
8D0H4 8D0H4
IY314 IY314
NV2VY NV2VY
DYG9M DYG9M
SXCXT SXCXT
SKA5V SKA5V
GNMDA GNMDA
JXXUO JXXUO
T5W7D T5W7D
49CGM 49CGM
TC4MB TC4MB
Z6GW2 Z6GW2
N6XF7 N6XF7
ZCU97 ZCU97
EI5ZM EI5ZM
MXST9 MXST9
MXX55 MXX55
1P1UA 1P1UA
FOXDK FOXDK
YGEXQ YGEXQ
XOPIR XOPIR
0JUN2 0JUN2
