WNYCV UUOP5 18R1B H7R17 XRQ65 5I6U4 V11OW 5I6U4 2KYXC LK2JB WH9QK WJHGG O0RCM XBRKQ TFIM7 O0RCM WJHGG QM4LH WJHGG H212X WJHGG WH9QK XPFOM WH9QK DDBA4 1ACIU B8UZ8 KR27P 42QVU KR27P B8UZ8 1ACIU XD7IR DDBA4 WH9QK HHCET C0N2W HHCET 65TK9 WH9QK H7R17 WZTTJ PQ40E 91RFG TG5ZG UDC3C 1BUOS P3DJ7 X2AM4 KB443 BC3W4 H8ZPW YMTTJ 75H2N 91RFG PQ40E EYREL QTZLJ FZ5DP PQ40E F5YBY FS0ES J501P 639ON GXYLV KGZCW 4O059 MB70R BGJ6Q BMC9X ZA57Z BMC9X BGJ6Q HZ80H CUG55 MB70R 4O059 KGZCW HR8IA OE5TB L7EDB KGZCW J501P RN3DW OC0MN RN3DW CHXFM 9HVLF 70U88 CHXFM RFDQ4 RN3DW 2VG06 RN3DW URMBF X8T63 77EY5 KRLTG TNA9G Y9N3G TNA9G NOBPR 2FT0Z 4ZK1T TNA9G KRLTG Z2GJ8 7CXN0 ULCTZ URMBF F8KPK ZQLCY N8QWY GAXPM J2Z2N 2PD2W 94GUW XDKMD H796V EQWAL 1NBGE 1XUNX BO3AW 1XUNX J501P FS0ES UYWGJ FS0ES UUOP5 2CPYE VBSGD F07YB QSI1X 1UWW5 XTUSM UGOIO UUOP5 WNYCV K1ZSD 958FG K1ZSD WNYCV
50
XRQ65 XRQ65
1ACIU 1ACIU
H8ZPW H8ZPW
GXYLV GXYLV
TG5ZG TG5ZG
EQWAL EQWAL
91RFG 91RFG
OE5TB OE5TB
KB443 KB443
QSI1X QSI1X
F5YBY F5YBY
QTZLJ QTZLJ
HR8IA HR8IA
ULCTZ ULCTZ
V11OW V11OW
XPFOM XPFOM
77EY5 77EY5
K1ZSD K1ZSD
5I6U4 5I6U4
XTUSM XTUSM
KRLTG KRLTG
UGOIO UGOIO
XBRKQ XBRKQ
UUOP5 UUOP5
ZA57Z ZA57Z
1BUOS 1BUOS
2FT0Z 2FT0Z
X2AM4 X2AM4
42QVU 42QVU
URMBF URMBF
1UWW5 1UWW5
GAXPM GAXPM
EYREL EYREL
B8UZ8 B8UZ8
1NBGE 1NBGE
XDKMD XDKMD
CUG55 CUG55
XD7IR XD7IR
HHCET HHCET
65TK9 65TK9
7CXN0 7CXN0
BMC9X BMC9X
BO3AW BO3AW
9HVLF 9HVLF
YMTTJ YMTTJ
HZ80H HZ80H
H212X H212X
F07YB F07YB
2KYXC 2KYXC
18R1B 18R1B
