4HOMU C7WKJ SL5A0 OHJD0 OGHWH C7WKJ OIPRN C7WKJ YK7ZR V8GEC 1X6L1 53Y1R 7U3JG 68VRF K50JQ I91NY UDYJK WCHWI 45JXE PTADN B7A2L DOLRQ UDYJK NQ0GE C8O6I 6OA3K CFGE5 CSK6F CFGE5 796NN F94V2 796NN FC0PR 53Y1R JKIP1 JF7TT 0HZFS SQ5AD 0HZFS DTPF4 TORQI L2GJ5 1F0YL BELQC JIVZP L2PQE L08CW LEBVZ ZZZQW OSJ7O TCC7B JIVZP BU58G TI35I 6NY7T BE5V8 2P5XR 4WDJE W2M5C Q7FCL XKTHP 9FD5I XKTHP ZA7S5 ELH5L EJSFK 1CTNO AN067 LLTLN 1CTNO G5JK6 FDYXL RVNGJ Q9MTE WXZHF 1Y2CG RVNGJ FDYXL G5JK6 P2H5X DENA8 BJ8X0 P419D WI88U IR07O WI88U EDSMH WI88U P419D BJ8X0 P2H5X 58MIB 6ACGE KN0CP KOYRV Z22CS 8CLEZ Z22CS 0VPRW KN0CP 0U9HU KC9RF 0U9HU H3R1V WZB33 6ACGE IF7TL I0241 U2E9F 50J5H EJSFK B3Y9E UW44H VOCAC 1RS2N 945CN Q02X6 0D2BR Q5DAA ZZH8Z Q5DAA 3AIXW SKPO7 SWFWN 1RS2N 8A5FQ Q0T2T 1RS2N KJDC0 N9H3X RU85S HZHRA RU85S N9H3X 52MNN 4YS4G ZN2EP IZESQ ZN2EP 4YS4G SA6G0 RBP9F M0J6A Y61KP 6VC3I Y61KP TBPBM OKGKQ A1QRL 7Y5B6 M1HJR ZHSBU M1HJR NPDI9 B3Y9E BZLKW M57K6 B3Y9E 2P5XR 4YD0G O580H BE5V8 6NY7T CM5WA L87XM VZJYR 5ZO5F CM5WA 6NY7T TI35I RAAD4 2KXWI H0BTZ ZGZT5 HWKGJ T9O11 HWKGJ LKP22 UX00P KY9LT V22SY I5ALT 4VNLG I5ALT V22SY FP2ST KY9LT EDK36 KY9LT UX00P H1LTE PTEKT C45HH BVMDZ H1LTE OLLV9 W59L6 UX00P MC71K ZGZT5 AT3CI SHOOM AT3CI VHCFR W2H22 AT3CI ZGZT5 QOBDK 65FE1 76HUN ICOAG 76HUN PYPSO 8EXDQ 76HUN ZGZT5 2KXWI 9O1IZ C5YOT 69BJO 9O1IZ FCYPJ 9O1IZ N9H1B 1F0YL TORQI FMCVK WBT4L 7GA8O VFR3Z 2BUI5 6WOBI 0GVOS FMCVK 9WSXC FMCVK PXCIN V8GEC C7WKJ 4HOMU JXLE1 DL8LT 4HSLO FRZVP WOEUE DCHO3 WOEUE YJ67U K92O5 768ZF K92O5 4HSLO DDXG0 DL8LT ZRPB5 O9J47 Y4WG4 HV4Z2 SYV5N XEEQB HV4Z2 WP2MA HV4Z2 Y4WG4 PMFJ2 F7QF4 KWADH 61QWU TY0L7 61QWU ZRPB5 DL8LT X180A LIRLU 2C63O LIRLU X180A DL8LT 4HOMU
100
L2PQE L2PQE
945CN 945CN
L2GJ5 L2GJ5
2C63O 2C63O
SYV5N SYV5N
768ZF 768ZF
RU85S RU85S
KOYRV KOYRV
XEEQB XEEQB
KC9RF KC9RF
ZN2EP ZN2EP
45JXE 45JXE
UW44H UW44H
0D2BR 0D2BR
M1HJR M1HJR
LIRLU LIRLU
1F0YL 1F0YL
DOLRQ DOLRQ
WP2MA WP2MA
50J5H 50J5H
CFGE5 CFGE5
Q7FCL Q7FCL
0VPRW 0VPRW
SHOOM SHOOM
HWKGJ HWKGJ
6ACGE 6ACGE
DTPF4 DTPF4
7GA8O 7GA8O
7U3JG 7U3JG
BE5V8 BE5V8
TY0L7 TY0L7
W2M5C W2M5C
SA6G0 SA6G0
WI88U WI88U
TORQI TORQI
ZHSBU ZHSBU
DCHO3 DCHO3
RAAD4 RAAD4
FRZVP FRZVP
HZHRA HZHRA
53Y1R 53Y1R
TI35I TI35I
Y61KP Y61KP
9WSXC 9WSXC
C7WKJ C7WKJ
P419D P419D
NPDI9 NPDI9
ZZH8Z ZZH8Z
IF7TL IF7TL
V22SY V22SY
PXCIN PXCIN
K50JQ K50JQ
JXLE1 JXLE1
H1LTE H1LTE
DDXG0 DDXG0
PTADN PTADN
IZESQ IZESQ
2BUI5 2BUI5
3AIXW 3AIXW
1RS2N 1RS2N
0U9HU 0U9HU
WZB33 WZB33
Q5DAA Q5DAA
4WDJE 4WDJE
8EXDQ 8EXDQ
FCYPJ FCYPJ
W2H22 W2H22
PYPSO PYPSO
CM5WA CM5WA
6WOBI 6WOBI
AT3CI AT3CI
SKPO7 SKPO7
ZRPB5 ZRPB5
T9O11 T9O11
LEBVZ LEBVZ
61QWU 61QWU
C45HH C45HH
ELH5L ELH5L
69BJO 69BJO
X180A X180A
52MNN 52MNN
OLLV9 OLLV9
WXZHF WXZHF
OIPRN OIPRN
MC71K MC71K
BVMDZ BVMDZ
6OA3K 6OA3K
FC0PR FC0PR
C8O6I C8O6I
LLTLN LLTLN
A1QRL A1QRL
YJ67U YJ67U
V8GEC V8GEC
PMFJ2 PMFJ2
8CLEZ 8CLEZ
TCC7B TCC7B
LKP22 LKP22
TBPBM TBPBM
EDSMH EDSMH
VHCFR VHCFR
