E5QfM 4HmGm lGTR3 RDCRd lGTR3 VzbsN lGTR3 PqcOh lGTR3 hWCGd lGTR3 ZR6vL bgK6r lGTR3 Ln4EG GRBfw wJ1Uh gMApe lGTR3 4HmGm HQft6 nlvIB HQft6 tmfyy beqJL HQft6 f1Y6z YT251 HQft6 Bwirf eo9RR HQft6 3rGcS 05SJr HQft6 JumrS KtuGJ JumrS 76Tmp GLYoA 76Tmp c8yxo 76Tmp 4HmGm xipXr 4HmGm OBe1t m8uAW OBe1t 4HmGm uUlBE 286Kr uUlBE 145FZ jGP1H nRWIs 4HmGm 5dWHi sBCEV RlXVZ 4HmGm VVsIg 4HmGm nFWOP XWn9g 4HmGm UAJ0O g7UFE hSuE9 hEy3K 4HmGm kK9KO 4HmGm lPMDV 8TDB7 i0LV1 4HmGm E5QfM
25
uUlBE uUlBE
eo9RR eo9RR
beqJL beqJL
GLYoA GLYoA
8TDB7 8TDB7
kK9KO kK9KO
i0LV1 i0LV1
lPMDV lPMDV
bgK6r bgK6r
sBCEV sBCEV
lGTR3 lGTR3
VzbsN VzbsN
nRWIs nRWIs
Ln4EG Ln4EG
4HmGm 4HmGm
KtuGJ KtuGJ
76Tmp 76Tmp
05SJr 05SJr
UAJ0O UAJ0O
wJ1Uh wJ1Uh
jGP1H jGP1H
PqcOh PqcOh
hWCGd hWCGd
f1Y6z f1Y6z
3rGcS 3rGcS
