cy4fm YTtfA di7h7 29Bwa Ss744 7Lw2B DCl5F 7Lw2B rUUVt P8Fbf 7Lw2B Ss744 7l0Vw Ss744 zTyzX Ss744 lA2MC Ss744 G6G4p Ss744 61loU Ss744 luD6b Ss744 29Bwa 1H2uK NvAYI AWuA9 nogr2 AWuA9 Xhpv3 AWuA9 27qFp AWuA9 gCujL AWuA9 BnM1k gk2cW AWuA9 jse5F EZzdy AWuA9 NvAYI wdXpe 8RNd8 wdXpe w4BF1 wdXpe NvAYI OoKEI mY2cU mQvLs OoKEI NvAYI 6ceXl NvAYI FkLYM NvAYI S6OMl NvAYI EWhpw NvAYI P3lE7 NvAYI k9NwV 4gH6P NvAYI FnVf8 NvAYI 1H2uK 19YKC dU1Ub 19YKC 8aYYW 1H2uK 8yfOn 1H2uK 29Bwa dwc7b kjpV4 dwc7b LdsTN dwc7b IjTCu dwc7b vSPJ5 tao9t 29Bwa SAUL4 29Bwa jtJls 29Bwa yFKGt 29Bwa IjjWK C14Q6 29Bwa 9ZyoJ jLZgo 29Bwa me1sW 7uKJ4 29Bwa 5rdYI 29Bwa JrJcE 29Bwa zQjQm 29Bwa cRVnK 29Bwa RrouS 29Bwa di7h7 7XIxZ Dkq13 59AZY Dkq13 7XIxZ u4uj9 GX9Mz 7XIxZ kbRYl BoNoJ 7XIxZ qt5AA 7XIxZ hQThM 7XIxZ O9k9o 7XIxZ Vjg5l 7XIxZ TXvJf 7XIxZ C0eRL 7XIxZ di7h7 I2lfX di7h7 YTtfA xyghb YTtfA yMPWG C565q ZPM4o Ib5xu GHZOS F2nEN 3iQ53 ZPM4o C565q 2Fhi4 OFvld C565q uWr4y C565q LNh60 C565q jQ7g0 C565q uT5W0 C565q yMPWG Cfmbw yMPWG YTtfA KYsbm YTtfA g95ez XmtJy YTtfA Iks3D hOy4D YTtfA qUtyk X6hJp YTtfA cy4fm
50
uT5W0 uT5W0
P3lE7 P3lE7
C565q C565q
lA2MC lA2MC
P8Fbf P8Fbf
yMPWG yMPWG
rUUVt rUUVt
5rdYI 5rdYI
vSPJ5 vSPJ5
Iks3D Iks3D
FnVf8 FnVf8
X6hJp X6hJp
qt5AA qt5AA
6ceXl 6ceXl
di7h7 di7h7
yFKGt yFKGt
Vjg5l Vjg5l
zQjQm zQjQm
DCl5F DCl5F
LNh60 LNh60
3iQ53 3iQ53
tao9t tao9t
BoNoJ BoNoJ
KYsbm KYsbm
wdXpe wdXpe
G6G4p G6G4p
IjjWK IjjWK
OFvld OFvld
GHZOS GHZOS
C0eRL C0eRL
hOy4D hOy4D
EWhpw EWhpw
1H2uK 1H2uK
w4BF1 w4BF1
Cfmbw Cfmbw
kbRYl kbRYl
Xhpv3 Xhpv3
19YKC 19YKC
8aYYW 8aYYW
7l0Vw 7l0Vw
gk2cW gk2cW
F2nEN F2nEN
7XIxZ 7XIxZ
NvAYI NvAYI
nogr2 nogr2
uWr4y uWr4y
jse5F jse5F
dU1Ub dU1Ub
OoKEI OoKEI
8RNd8 8RNd8
