fab8g f5Qx2 4Dy05 pnHil Upoa8 4ORRk qd8nA sF84c pnHil cm8oa pnHil cDkiZ pnHil 0vyBA pnHil 3Dk4y BWyM2 pnHil bD2TR d2xnW pnHil 7ZD2v U8evV y47P3 pnHil O1QPI pnHil rNoRH l0HDP pnHil wPPZK 1rURn wPPZK 3FUsL wPPZK 2t8R5 wPPZK VXhkL wPPZK riK43 wPPZK Cq0AO wPPZK 83RWH wPPZK exra7 wPPZK 4Dy05 I7fCS cQMFl KWmhW wV821 I7fCS FW6DI I7fCS pIpbm I7fCS 4Dy05 KBkC3 H6HgM 4cLlE xoAtW 4cLlE H6HgM rzyrR H6HgM g1WJz H6HgM rO2GE H6HgM bepE0 G91ym H6HgM HaHFT Vjk2Z eHREN H6HgM nScgp lJJK2 H6HgM S7KTn BJ1iC H6HgM qchZ3 H6HgM kCdcu H6HgM HZ0mP H6HgM K6Wkq uQK8T H6HgM PYeFH ZaUro Pl36F H6HgM lJfgZ H6HgM rdrNf H6HgM CT8M8 KB016 H6HgM 015ql H6HgM 3qT0X H6HgM 92uq7 H6HgM h8sUC H6HgM fr0Bd H6HgM L54Jg H6HgM HKgVO XDGuI H6HgM F8mws H6HgM TtUXd reoTJ 7J90B DvVMC obqW1 H6HgM h3Iq1 H6HgM x8KLa H6HgM j9m8Q H6HgM BybTG H6HgM 1pNjr H6HgM nF0WE KBkC3 4Dy05 HPcVt 4Dy05 RgC1Q tcyH9 4Dy05 vonuO 4Dy05 9ZatH 4Dy05 bSoeD 4Dy05 B3NSd 5TJtS 4Dy05 LEdo3 ZlgGe ciJ7c 4Dy05 yM9nQ o4F0A 4Dy05 sJxOk 4Dy05 RhMSo 4Dy05 RnwlC 9KTGG TQZik 1bOlM rmi3m 4Dy05 KzS0e 4Dy05 1SXiN 4Dy05 G944F 4Dy05 PpZP8 4Dy05 gwQSf EEBHE b4E7v 4Dy05 a0yqa jeyZK 4Dy05 6iHOa 4Dy05 lcarA 4Dy05 TjTPw 5V5xf 4Dy05 tEdSo 4Dy05 1xx4U 4Dy05 m4sps vkp9u 4Dy05 Xe1JT 4Dy05 HGiwH 4Dy05 IG74z 4Dy05 dRMou AGorf 4Dy05 4b2sA 4Dy05 a8pwa 4Dy05 AwVbs 4Dy05 gc3GT 4Dy05 hoGIC p3t9G aiycm 4Dy05 8tK4L 4Dy05 GHmnJ 4Dy05 DHhK9 vroFQ eDWES 4Dy05 pesnn BwNt0 4Dy05 QedQr 8PY0r 4Dy05 5Ix1v f5Qx2 zgyDJ 77EXR mgHYN 77EXR Bw1D7 77EXR QH4qB 77EXR HRxz5 77EXR zgyDJ VUKiE F7m3U HigE0 Flgse iJ4Mz HigE0 LSaNu HigE0 0SCRq 3XMfZ Lqz0g zgyDJ U54HV tB1i9 zgyDJ wiGnS e1dxq zgyDJ ccfS6 zgyDJ Nbb6U zgyDJ s9PnU zgyDJ c17Qf 4rEB0 zgyDJ UnQrq zgyDJ 2Z0oU zgyDJ NQJeb VIl39 zgyDJ 1SvIs zgyDJ fhc2k zgyDJ LBzlR zgyDJ UrLSh dzQhZ zgyDJ 8xyrX adW6k IOMJd zgyDJ n9AEE zgyDJ dAx9s 0YoJb P5ucv 9u8oD zgyDJ nRTkO f5Qx2 TjmY2 Gt2w1 1OpM2 Gt2w1 f5Qx2 4GEPG f5Qx2 zkkNw f5Qx2 QxiXc wKKkJ f5Qx2 hbrXC iy8Ty f5Qx2 Q0oXi f5Qx2 GFdZy f5Qx2 yLjxK BXKN1 f5Qx2 tQXF5 f5Qx2 guI5B f5Qx2 fab8g
100
7J90B 7J90B
cDkiZ cDkiZ
iy8Ty iy8Ty
guI5B guI5B
bD2TR bD2TR
fab8g fab8g
gwQSf gwQSf
PpZP8 PpZP8
LBzlR LBzlR
Nbb6U Nbb6U
Flgse Flgse
Gt2w1 Gt2w1
1pNjr 1pNjr
015ql 015ql
cm8oa cm8oa
8tK4L 8tK4L
BWyM2 BWyM2
G944F G944F
8PY0r 8PY0r
KzS0e KzS0e
Bw1D7 Bw1D7
HaHFT HaHFT
GHmnJ GHmnJ
eDWES eDWES
Vjk2Z Vjk2Z
lJJK2 lJJK2
mgHYN mgHYN
n9AEE n9AEE
4GEPG 4GEPG
tEdSo tEdSo
b4E7v b4E7v
G91ym G91ym
wiGnS wiGnS
bepE0 bepE0
2Z0oU 2Z0oU
AGorf AGorf
TQZik TQZik
FW6DI FW6DI
3XMfZ 3XMfZ
RgC1Q RgC1Q
Q0oXi Q0oXi
aiycm aiycm
lJfgZ lJfgZ
g1WJz g1WJz
1SvIs 1SvIs
BJ1iC BJ1iC
0YoJb 0YoJb
VIl39 VIl39
pesnn pesnn
CT8M8 CT8M8
KWmhW KWmhW
obqW1 obqW1
HKgVO HKgVO
O1QPI O1QPI
cQMFl cQMFl
DHhK9 DHhK9
5Ix1v 5Ix1v
yM9nQ yM9nQ
l0HDP l0HDP
kCdcu kCdcu
nScgp nScgp
1OpM2 1OpM2
lcarA lcarA
H6HgM H6HgM
XDGuI XDGuI
adW6k adW6k
ciJ7c ciJ7c
o4F0A o4F0A
4ORRk 4ORRk
TtUXd TtUXd
nRTkO nRTkO
RhMSo RhMSo
qchZ3 qchZ3
tQXF5 tQXF5
BybTG BybTG
F7m3U F7m3U
RnwlC RnwlC
KB016 KB016
9u8oD 9u8oD
L54Jg L54Jg
dAx9s dAx9s
wKKkJ wKKkJ
ZlgGe ZlgGe
c17Qf c17Qf
4b2sA 4b2sA
rzyrR rzyrR
uQK8T uQK8T
sF84c sF84c
P5ucv P5ucv
f5Qx2 f5Qx2
3FUsL 3FUsL
9ZatH 9ZatH
fhc2k fhc2k
1xx4U 1xx4U
Lqz0g Lqz0g
8xyrX 8xyrX
x8KLa x8KLa
B3NSd B3NSd
VUKiE VUKiE
fr0Bd fr0Bd
