10 29 10 58 10 59 15 36 14 36 54 89 23 21 2 17 2 63 25 62 63 95 94 95 63 2 82 47 82 83 37 12 37 82 2 21 68 69 21 23 43 8 19 80 42 81 42 80 19 8 61 6 61 28 61 93 16 93 60 8 43 77 76 46 13 38 13 67 40 66 97 66 40 67 49 44 49 67 98 67 13 46 48 78 79 48 46 77 43 89 54 55 90 55 36 15 53 30 1 30 35 5 35 45 24 39 11 39 24 75 74 24 45 73 72 41 18 7 18 20 31 91 56 9 32 9 57 9 56 27 56 91 31 18 41 87 51 33 50 4 22 4 50 86 50 33 51 87 41 72 35 64 26 65 26 96 26 64 35 84 0 3 71 34 70 3 0 99 0 85 84 35 30 52 30 88 30 53 15 59 10 92 10
49
50 50
51 51
52 52
53 53
54 54
55 55
56 56
57 57
58 58
59 59
60 60
61 61
62 62
63 63
64 64
65 65
66 66
67 67
68 68
69 69
70 70
71 71
72 72
73 73
74 74
75 75
76 76
77 77
78 78
79 79
80 80
81 81
82 82
83 83
84 84
85 85
86 86
87 87
88 88
89 89
90 90
91 91
92 92
93 93
94 94
95 95
96 96
97 97
98 98
