55 1 4 3 13 20 3 37 49 3 57 3 59 3 67 75 3 85 98 3 114 3 121 143 3 163 7 19 7 33 7 104 48 111 145 158 4 161 5 74 5 81 6 0 8 137 144 8 0 9 120 0 12 2 10 132 14 2 18 24 27 29 30 40 43 2 45 51 52 56 58 60 71 2 77 87 90 2 96 102 109 142 153 165 2 12 61 12 15 11 84 15 80 15 88 17 0 25 0 26 28 0 32 0 35 38 39 0 42 47 54 0 62 63 64 68 70 0 72 0 79 86 89 0 91 0 93 95 0 99 101 0 106 107 115 0 118 123 124 126 128 0 130 131 133 0 134 135 0 136 140 141 146 148 151 0 152 155 156 0 157 159 160 162 0 164 41 6 76 82 6 97 105 166 16 1 21 22 1 23 31 34 1 36 1 44 46 50 53 65 66 1 69 73 1 78 83 92 1 94 1 100 103 1 108 110 112 113 116 117 119 1 122 1 125 127 129 138 139 147 1 149 1 150 154 55
74
2 2
3 3
4 4
6 6
7 7
9 9
11 11
12 12
13 13
15 15
16 16
18 18
20 20
21 21
23 23
25 25
27 27
29 29
31 31
32 32
34 34
35 35
36 36
37 37
39 39
41 41
42 42
44 44
45 45
46 46
48 48
49 49
51 51
52 52
54 54
55 55
57 57
58 58
60 60
61 61
62 62
63 63
65 65
67 67
69 69
70 70
71 71
72 72
73 73
75 75
77 77
79 79
80 80
81 81
83 83
85 85
87 87
89 89
90 90
92 92
93 93
94 94
96 96
98 98
99 99
100 100
102 102
103 103
104 104
106 106
107 107
108 108
110 110
112 112
