Soda Cory Dwinelle Etcheverry RSF MLK Etcheverry Unit2 Etcheverry Dwinelle Bechtel Dwinelle NorthGate Dwinelle LeConte Moffitt Dwinelle VLSB Wheeler Dwinelle Hertz Dwinelle MemorialStadium Morgan Mulford Dwinelle BC Dwinelle TheRoof Pimentel Cory Lewis Cory Haas Cory BWW Cory Soda Davis Stephans Davis Blackwell Davis Soda Evans Soda Sibley Hearst Stanley Soda Campanille Soda Campbell Soda Latimer MemorialGlade Soda LiKaShing Soda Doe Soda Barrows Soda Sproul Soda GBC Soda MainStacks Soda Wellman Soda Unit1 Unit3 Soda Foothill ClarkKerr LakeMerrit GoldenStatePark Soda
26
Doe Doe
Wheeler Wheeler
Stephans Stephans
Haas Haas
Hertz Hertz
Barrows Barrows
RSF RSF
Sproul Sproul
GBC GBC
MLK MLK
BWW BWW
MemorialStadium MemorialStadium
MainStacks MainStacks
Morgan Morgan
Mulford Mulford
Wellman Wellman
Unit1 Unit1
Unit2 Unit2
Unit3 Unit3
Blackwell Blackwell
BC BC
Foothill Foothill
ClarkKerr ClarkKerr
LakeMerrit LakeMerrit
GoldenStatePark GoldenStatePark
TheRoof TheRoof
