Soda Etcheverry Cory Stanley Cory Pimentel Lewis Stephans Cory RSF Wellman Cory GoldenStatePark Cory Albany FoxTheater Cory OaklandAirport Cory MtDiablo SanJose Occidental Cory LaMission Fresno Cory OaklandMarina CasaDeChocolates AlphaChi Cory Jupiter Compton Cory SanBernardino Cory Talpa Cory Rasputin Cory Tako Cory Cancun Cory ChezPanisse Cory Etcheverry Hearst LosBanos Ontario Etcheverry DowntTownBerkeley Etcheverry TildenPark Etcheverry Inverness PaloAlto PeoplesPark Ehrman GraduateBerkeley Royston Mars LosAngeles Davis NorthGate Davis Mulford Davis RoseGarden Rockridge Davis Ashby Davis Chino Tuxcacuesco Sibley Dwinelle Bechtel LiKaShing KehoeBeach Bechtel SanMiguel Bechtel Evans Campanille Campbell Doe Dwinelle Sproul Dwinelle GBC Dwinelle Morgan Dwinelle Unit2 Unit3 Dwinelle Blackwell Dwinelle Foothill LakeMerrit TheRoof Harlem Dwinelle CafeBlueDoor GrizzlyPeak Dwinelle Alcatraz Dwinelle SantaCruz Dwinelle CesarChavezPark Dwinelle SproulPlaza MiningCircle CaffeStrada LawrenceLab Christian Dwinelle Hollister Martinez Dwinelle SatherGate Dwinelle Homeroom ThetaChi SigmaKappa DeltaDelta Dwinelle AlphaCentauri BayStreet Dwinelle Emeryville SouthGate SanDiego Dwinelle Guadalajara Tuhuamixtel Kips Dwinelle CREAM Dwinelle CafeTibet Dwinelle FantasticComics Riverside Dwinelle VictoryPoint Dwinelle Sibley Soda LeConte Latimer MemorialGlade Moffitt VLSB Wheeler Soda Haas Hertz Soda Barrows MLK Soda BWW MemorialStadium MainStacks Unit1 BC Soda ClarkKerr WestOakland Soda WillardPark Soda BerkeleyMarina Soda JackLondonSquare Soda OgawaPark Soda Fruitvale OaklandArena LaColonia Richmond MarinHeadlands PointReyes SantaRosa MiTierra Soda CasaLatina Soda GreekTheater Soda EthnicStudiesLibrary McCone Soda LawrenceHall ICSI BotanicalGardens Soda Stonefire Soda Griffiths Wada Soda Merced Soda Salinas Soda Gilroy Soda MartinezMarina Moses Soda PhilzCoffee Soda Kansai OBTown Soda Fenwick Rochdale Soda Amoeba Soda TheHouse TheBerk SigmaPi POCHouse Hillside ChiOmega Soda InternationalHouse Soda BerkeleyHillel BerkeleyHigh Soda Venus Soda Saturn Soda Gregoire Pomona Soda Perris Fontana Upland Whittier Soda Tijuana Soda Jalisco Soda ElGrullo Soda MexicoCity Soda Myto TripleRock Soda Tang DKingGallery Soda BAMPFA Platano SantaBarbara Soda Sacramento Soda Irvine Soda
55
ChiOmega ChiOmega
SigmaKappa SigmaKappa
AlphaChi AlphaChi
DeltaDelta DeltaDelta
InternationalHouse InternationalHouse
BerkeleyHillel BerkeleyHillel
BerkeleyHigh BerkeleyHigh
Jupiter Jupiter
Mars Mars
Venus Venus
Saturn Saturn
AlphaCentauri AlphaCentauri
Gregoire Gregoire
BayStreet BayStreet
Emeryville Emeryville
Pomona Pomona
Compton Compton
Ashby Ashby
Perris Perris
Fontana Fontana
SanBernardino SanBernardino
Upland Upland
Chino Chino
Whittier Whittier
SouthGate SouthGate
Tijuana Tijuana
SanDiego SanDiego
Jalisco Jalisco
Guadalajara Guadalajara
SanMiguel SanMiguel
Tuxcacuesco Tuxcacuesco
Talpa Talpa
ElGrullo ElGrullo
MexicoCity MexicoCity
Tuhuamixtel Tuhuamixtel
Myto Myto
Kips Kips
TripleRock TripleRock
Rasputin Rasputin
CREAM CREAM
Tako Tako
Tang Tang
Cancun Cancun
DKingGallery DKingGallery
BAMPFA BAMPFA
Platano Platano
CafeTibet CafeTibet
FantasticComics FantasticComics
SantaBarbara SantaBarbara
Sacramento Sacramento
LosAngeles LosAngeles
Irvine Irvine
Riverside Riverside
VictoryPoint VictoryPoint
ChezPanisse ChezPanisse
