2 67 73 67 2 78 19 12 9 12 86 14 86 12 19 47 52 97 52 47 66 46 66 49 1 49 39 49 47 19 94 19 78 55 32 23 68 59 90 59 68 23 32 57 32 55 78 63 78 79 16 40 16 76 82 76 16 79 81 3 81 21 92 21 81 79 78 84 7 6 25 35 25 6 50 77 13 83 22 88 4 88 56 74 56 88 22 83 13 77 50 51 8 18 20 34 61 69 42 69 60 0 60 69 61 34 20 48 20 18 71 18 8 51 6 87 27 41 65 70 17 70 41 87 6 7 72 5 72 53 72 62 72 98 99 11 29 11 85 80 26 80 85 11 99 37 28 75 28 37 33 37 99 93 10 15 93 91 93 99 7 84 96 89 24 31 24 43 38 44 64 44 38 54 38 43 24 89 30 89 96 84 2 95 36 95 45 58 95 2
50
25 25
44 44
13 13
29 29
98 98
58 58
17 17
63 63
28 28
16 16
69 69
61 61
62 62
59 59
67 67
30 30
42 42
31 31
4 4
3 3
0 0
10 10
14 14
94 94
5 5
38 38
86 86
83 83
66 66
40 40
7 7
72 72
11 11
65 65
41 41
50 50
23 23
81 81
88 88
74 74
70 70
47 47
24 24
35 35
60 60
1 1
71 71
76 76
34 34
96 96
