5 4 33 137 42 165 7 121 34 9 34 62 36 11 36 91 150 130 64 37 177 37 64 130 150 191 74 31 74 124 191 194 191 91 36 62 106 47 43 47 106 62 34 76 81 19 151 19 81 76 34 133 68 195 12 195 56 118 113 61 113 88 40 59 40 123 40 155 96 175 22 175 108 175 96 155 40 88 113 197 149 28 180 28 149 90 72 60 2 167 2 60 72 90 159 172 159 90 149 197 113 118 195 68 133 120 158 45 14 163 14 45 98 139 45 158 80 128 80 158 120 133 186 112 10 112 82 27 0 53 199 166 32 166 122 185 122 166 199 53 0 27 141 49 30 25 142 25 30 65 30 141 174 101 1 101 174 27 129 146 129 82 171 104 83 79 105 17 66 17 105 79 83 117 136 87 136 170 136 117 83 104 114 178 114 104 147 13 70 26 70 147 104 171 112 186 189 77 143 77 196 184 196 77 198 140 198 160 198 77 189 103 6 103 189 131 189 186 133 34 138 55 102 55 138 69 24 69 125 69 153 69 183 51 183 69 138 116 95 23 99 23 95 116 134 50 21 50 134 116 138 34 121 52 162 126 54 3 54 48 54 126 176 132 126 162 52 121 157 121 169 121 7 165 8 165 63 127 63 165 94 20 35 107 35 110 35 135 35 188 35 20 94 39 89 154 46 154 187 154 89 39 92 39 94 109 57 109 58 38 193 29 78 100 78 179 161 179 78 29 164 29 193 145 193 38 58 152 97 181 97 152 109 75 109 84 168 84 109 192 18 190 16 190 93 86 44 86 85 86 93 190 18 192 119 15 156 15 119 67 41 115 148 41 67 119 71 111 71 119 192 109 94 165 173 182 144 73 144 182 173 165 42 137 4 5
100
10 10
194 194
1 1
100 100
47 47
28 28
178 178
133 133
171 171
14 14
85 85
2 2
91 91
48 48
33 33
122 122
76 76
32 32
187 187
146 146
138 138
37 37
96 96
199 199
135 135
174 174
39 39
140 140
53 53
67 67
25 25
103 103
177 177
9 9
69 69
153 153
193 193
104 104
105 105
31 31
168 168
26 26
162 162
50 50
16 16
116 116
75 75
46 46
164 164
34 34
137 137
20 20
157 157
63 63
152 152
180 180
123 123
196 196
52 52
192 192
43 43
143 143
71 71
102 102
61 61
44 44
189 189
158 158
11 11
170 170
81 81
92 92
83 83
101 101
55 55
188 188
51 51
156 156
151 151
80 80
64 64
110 110
99 99
183 183
159 159
42 42
173 173
18 18
184 184
17 17
154 154
41 41
179 179
77 77
58 58
149 149
68 68
56 56
22 22
78 78
