A B C U C V C W C X C Y C Z C AA C AB C AC C AD C AE C AF C AG C AH C AI C AJ C AK C B BP B BQ B BR B BS B BT B BU B BV B BW B BX B BY B BZ B A E D F D G D H D I D J D K D L D M D N D O D P D Q D R D S D T D E AL E AM E AN E AO E AP E AQ E AR E AS E AT E AU E AV E AW E AX E AY E AZ E A BA A BB A BC A BD A BE A BF A BG A BH A BI A BJ A BK A BL A BM A BN A BO A
30
H H
U U
V V
W W
X X
Y Y
Z Z
AA AA
AB AB
AC AC
AD AD
AE AE
AF AF
AG AG
AH AH
AI AI
AJ AJ
AK AK
AN AN
BP BP
BQ BQ
BR BR
BS BS
BT BT
BU BU
BV BV
BW BW
BX BX
BY BY
BZ BZ
