DZA AGO GNB HND GEO HND DMA DJI DMA ATA ASM CYP CYM CZE CXR DEU CRI CPV CRI COM CRI DEU CYM ATG CYM CYP CHN CAF BVT CAF CHN CYP ASM ATF ATA DMA HND GNB GLP GRL HKG GRL GLP BGR BHR BLZ BHR BGR BDI BMU BHS DOM CUW DNK ARE ALB ARM ARG ALB ARE DNK CUW DOM AUS DOM BHS BRB CAN GMB GUF GMB CAN COD BRN BIH BRN COD CAN CIV COL CIV CHE CIV CAN BRB BHS BRA GRC GUY GUM GRD GNQ GTM HMD HRV HMD ALA AIA ALA HMD GTM COG GTM GUY EST ETH GGY GIB FSM GHA FSM EGY ESH GBR FRA FRO ECU FJI GIB FIN GAB ESP GIN ESP AND ESP FIN FLK FIN AFG ABW AFG FIN ERI EST GUY CUB GUY AUT COK AUT GRC BRA BLM BFA BLM BES BLR CCK CMR BWA CHL CMR CCK BTN CCK BLR BOL BGD BOL BLR BEN BLR BES BLM BHS BMU BDI BEL AZE BGR GLP GNB AGO DZA
50
COD COD
FLK FLK
BRN BRN
DJI DJI
AND AND
FRO FRO
CAF CAF
HMD HMD
ARG ARG
GRD GRD
BHS BHS
HND HND
ALB ALB
BLM BLM
CCK CCK
GNQ GNQ
GLP GLP
CHE CHE
BGD BGD
GRC GRC
ATA ATA
FSM FSM
ARE ARE
BES BES
DOM DOM
FIN FIN
CUB CUB
COG COG
GHA GHA
GEO GEO
ABW ABW
CYM CYM
DNK DNK
BDI BDI
GBR GBR
BVT BVT
ATF ATF
ECU ECU
BRB BRB
CUW CUW
ERI ERI
FRA FRA
AUS AUS
CXR CXR
BFA BFA
BEN BEN
HKG HKG
CAN CAN
CZE CZE
BLR BLR
