ATG AUS CHE COK CHE COG BWA BTN COL CHL CCK CAN COD CAN CMR CAN BEL BGR BDI BMU BRA BEL CAN CCK CHL AFG AGO ABW AFG CHL COL CAF CHN BVT ASM ATF ATA ASM BVT AIA COL BTN ALA BTN COG BLR BES BIH BOL AUT BLZ BLM BHR BGD BLM BLZ AUT BFA CIV BFA BHS AZE BRN BRB BEN AUT BLR COG CHE AND ARM ALB ARG ARE ALB AND CHE AUS ATG
25
ARM ARM
AFG AFG
BRA BRA
CAN CAN
CHL CHL
ABW ABW
COD COD
CCK CCK
BGR BGR
BLR BLR
BEL BEL
AGO AGO
AIA AIA
ARG ARG
BVT BVT
BLZ BLZ
AND AND
CMR CMR
ATA ATA
BTN BTN
BRB BRB
ALA ALA
BMU BMU
BFA BFA
BHS BHS
