COM SGS SLB ROU HRV LCA HRV GUF HRV ROU SLB SGS SHN CHN COD COG CHN SHN SGS NZL CUW CUB MYT BRA BEL BRA MYT AIA MYT CUB CUW NZL SGS MUS DJI DNK DJI DMA DJI MUS SGS LBR NCL EST GIB GHA GEO GBR FRA GGY FRO GGY FRA FJI FRA ESH ECU ESH GBR FLK GBR GEO ESP GEO ERI GEO GHA GIB EST NCL LBR LBY QAT SGP RUS PYF HMD PYF RUS BLZ BRN BLZ BOL BMU BOL BIH BLR BFA BIH AZE BIH BOL BHR BDI BHR BOL BGD BOL BES BHS BRB BHS BES BLZ BLM BLZ BGR BLZ BEN BLZ RUS SGP QAT ALB AND ARM ARG AND ALB QAT LBY LBR SGS KHM SGS COM REU SDN MEX POL PNG PLW NIU PRK NIU PER PSE MLT CRI PRT ATG PRT CRI NOR CRI KGZ LAO SEN MNP SEN LUX NIC MSR NIC IRL NIC IND NIC AUS NIC ATF ASM ATF NIC ABW NIC LUX KIR LUX LAO GTM GNB KWT GNB GTM LAO KNA CHE BTN CHE KNA CRI KEN CRI CMR CRI CAF NRU CAF CIV BVT LKA BVT GRD BVT CRI MLT PSE PER PRI PCN PAN PCN GMB NGA NFK MRT NFK JEY JOR JEY NFK ALA NFK NGA FSM GIN FSM FIN GAB ETH EGY ETH GAB FIN FSM NGA GMB PCN PRI NAM PRI PER NIU CZE DEU CXR DEU CZE CYM CYP CZE NIU NLD PNG POL PHL AGO PHL POL MNE OMN SLE OMN MAF MNE MDV MNE POL ARE POL MEX MLI MCO SAU DOM DZA MYS IRN IRQ ISL IOT IRN MYS ATA MYS DZA DOM SAU MCO MLI CPV RWA CPV MHL MAC MHL CPV LIE LTU LSO LTU LIE CPV GRL CPV COK HND MAR HND GRC HND COK CPV MEX SDN IMN SDN REU GLP MDA GLP REU AFG REU COM NER MTQ NER ISR NER AUT NER COM MDG MWI ITA MWI MDG MKD HUN PAK GNQ GUY GNQ PAK HUN LVA KOR LVA HUN CHL JPN LBN JPN HUN MKD MDG IDN SJM JAM SJM IDN MMR NPL PRY MOZ PRY NPL MMR MNG MMR IDN HKG KAZ HKG HTI GUM HTI CAN CCK CAN HTI BWA COL IDN MDG COM
100
CIV CIV
CAN CAN
HND HND
MOZ MOZ
ITA ITA
KOR KOR
NER NER
MYT MYT
REU REU
GRC GRC
LUX LUX
CXR CXR
LIE LIE
EGY EGY
MMR MMR
GNQ GNQ
PAN PAN
NPL NPL
SHN SHN
FRA FRA
ESP ESP
LKA LKA
BLM BLM
COG COG
GIB GIB
MAC MAC
MAR MAR
LBR LBR
KHM KHM
MEX MEX
ATG ATG
MDA MDA
IDN IDN
ARM ARM
DZA DZA
PRY PRY
SDN SDN
NRU NRU
GBR GBR
LBN LBN
MTQ MTQ
BDI BDI
DMA DMA
BHS BHS
NZL NZL
KNA KNA
GUM GUM
RUS RUS
COL COL
IRL IRL
AFG AFG
BEN BEN
COK COK
HKG HKG
NFK NFK
ESH ESH
ALB ALB
HRV HRV
HTI HTI
AZE AZE
HMD HMD
PNG PNG
SGS SGS
MLI MLI
PAK PAK
LAO LAO
GIN GIN
GEO GEO
KAZ KAZ
CYP CYP
FSM FSM
DEU DEU
POL POL
JEY JEY
CHN CHN
KWT KWT
ALA ALA
FIN FIN
CPV CPV
IRN IRN
HUN HUN
DJI DJI
AUS AUS
LTU LTU
ARE ARE
PSE PSE
ABW ABW
NIU NIU
BHR BHR
ECU ECU
IOT IOT
NIC NIC
GAB GAB
GMB GMB
JPN JPN
COD COD
BMU BMU
RWA RWA
CAF CAF
GHA GHA
