Soda 68 172 178 185 168 19 188 68 124 7 48 116 86 116 48 137 66 174 7 124 12 40 85 53 0 162 27 100 79 140 60 107 45 97 78 171 85 101 112 40 151 177 136 33 136 166 136 196 177 40 195 40 133 24 77 106 56 96 75 117 123 150 159 39 14 46 103 84 103 143 88 175 35 180 6 52 64 138 52 6 165 24 169 2 28 32 118 29 5 170 144 9 76 26 104 65 127 29 92 99 57 59 49 58 49 71 49 145 131 37 31 1 3 109 3 125 153 3 31 93 115 38 20 38 44 182 37 55 176 197 18 63 11 17 83 15 87 74 90 22 105 67 135 67 90 83 129 132 102 132 83 17 161 17 186 17 11 63 37 157 29 189 95 189 134 89 2 154 183 164 179 181 124 119 167 16 51 187 43 8 25 82 50 113 158 43 72 184 73 62 122 139 141 4 139 43 155 121 81 10 30 13 10 61 41 21 91 61 191 10 130 114 142 69 70 98 148 34 80 126 152 148 94 149 173 148 98 156 128 42 70 120 147 23 147 70 190 142 194 160 192 167 47 54 163 110 193 36 193 47 167 108 111 146 198 Soda
100
99 99
100 100
101 101
102 102
103 103
104 104
105 105
106 106
107 107
108 108
109 109
110 110
111 111
112 112
113 113
114 114
115 115
116 116
117 117
118 118
119 119
120 120
121 121
122 122
123 123
124 124
125 125
126 126
127 127
128 128
129 129
130 130
131 131
132 132
133 133
134 134
135 135
136 136
137 137
138 138
139 139
140 140
141 141
142 142
143 143
144 144
145 145
146 146
147 147
148 148
149 149
150 150
151 151
152 152
153 153
154 154
155 155
156 156
157 157
158 158
159 159
160 160
161 161
162 162
163 163
164 164
165 165
166 166
167 167
168 168
169 169
170 170
171 171
172 172
173 173
174 174
175 175
176 176
177 177
178 178
179 179
180 180
181 181
182 182
183 183
184 184
185 185
186 186
187 187
188 188
189 189
190 190
191 191
192 192
193 193
194 194
195 195
196 196
197 197
198 198
