90 200 50 75 67 142 123 166 150 57 116 57 150 121 150 166 142 67 75 52 106 194 110 194 149 168 46 147 46 168 176 168 149 20 149 194 106 39 85 52 88 198 84 198 88 75 89 197 11 175 152 104 83 33 180 159 14 163 14 43 14 99 14 101 21 164 23 179 23 17 23 164 21 14 159 180 33 83 104 175 6 196 167 47 146 47 167 196 6 192 59 192 6 175 11 0 118 157 187 73 128 177 128 73 187 28 187 157 118 0 138 12 96 182 12 45 12 117 12 138 0 11 18 89 75 108 186 108 100 189 193 158 22 158 173 158 193 155 4 155 191 193 189 71 130 188 105 2 44 32 44 2 199 2 105 188 87 185 134 185 80 185 87 188 15 35 15 111 188 130 61 136 25 82 27 82 25 136 61 130 71 189 60 100 70 100 119 63 16 140 181 16 63 64 171 76 139 76 68 148 24 74 78 1 78 24 148 68 76 165 129 165 76 91 40 190 124 190 19 141 19 190 114 190 40 133 69 135 72 135 170 135 58 38 58 48 58 135 69 133 7 133 169 3 169 133 51 29 51 107 51 40 81 66 81 40 91 36 91 76 171 63 119 162 49 144 10 79 10 112 102 115 102 10 132 183 86 30 62 109 56 42 9 42 56 109 120 98 120 178 126 55 126 178 94 31 53 8 161 8 37 8 31 154 92 153 92 26 92 125 103 125 92 154 31 137 31 94 178 174 143 174 13 34 13 160 65 5 151 93 54 93 151 5 160 13 174 95 122 41 122 95 174 178 62 172 62 30 86 156 77 156 183 132 10 113 144 49 162 119 97 184 97 119 108 50 195 50 200 90 127 145 127 90
30
189 189
97 97
190 190
12 12
84 84
82 82
20 20
135 135
48 48
10 10
169 169
55 55
191 191
132 132
167 167
59 59
133 133
70 70
113 113
195 195
88 88
91 91
125 125
81 81
6 6
89 89
101 101
93 93
54 54
51 51
