Soda 14 37 26 4 28 48 67 36 34 49 39 36 84 5 82 59 69 67 89 78 2 48 10 26 77 43 55 97 45 12 32 11 75 58 51 64 38 40 64 92 98 54 83 41 96 27 85 90 97 76 19 21 76 80 81 35 30 16 25 70 79 44 61 7 24 18 20 52 15 29 88 15 62 94 52 93 13 33 50 3 68 8 99 87 91 6 17 9 56 66 23 66 63 61 22 61 71 31 30 46 74 47 73 72 95 77 100 42 100 57 37 86 65 53 Soda 60 Soda
50
2 2
3 3
4 4
5 5
6 6
7 7
8 8
9 9
10 10
11 11
12 12
13 13
14 14
15 15
16 16
17 17
18 18
19 19
20 20
21 21
22 22
23 23
24 24
25 25
26 26
27 27
28 28
29 29
30 30
31 31
32 32
33 33
34 34
35 35
36 36
37 37
38 38
39 39
40 40
41 41
42 42
43 43
44 44
45 45
46 46
47 47
48 48
49 49
50 50
51 51
