Soda 173 194 67 115 121 67 135 56 35 111 170 33 24 182 189 142 136 27 137 158 137 136 187 89 54 146 66 55 127 26 20 150 93 106 123 53 155 128 16 140 188 149 140 16 128 155 134 129 100 98 105 32 34 120 195 30 144 132 157 29 13 4 7 129 152 166 62 91 160 52 41 64 86 52 75 165 20 197 26 191 65 138 12 102 21 79 190 94 162 11 19 37 6 37 38 148 31 97 181 92 42 37 99 18 82 70 183 8 156 45 186 73 186 192 103 18 124 125 80 5 57 112 90 101 22 114 76 61 131 87 172 175 17 116 2 46 15 116 96 169 83 88 143 83 118 39 71 72 14 77 49 81 72 110 179 139 198 159 117 174 28 9 164 113 122 113 11 199 167 50 163 178 78 168 153 69 59 193 25 10 154 176 193 74 40 51 161 151 43 60 85 36 84 23 47 63 141 145 180 95 130 104 107 184 153 171 196 109 185 147 44 119 48 108 3 133 68 58 126 200 177 Soda
100
2 2
3 3
4 4
5 5
6 6
7 7
8 8
9 9
10 10
11 11
12 12
13 13
14 14
15 15
16 16
17 17
18 18
19 19
20 20
21 21
22 22
23 23
24 24
25 25
26 26
27 27
28 28
29 29
30 30
31 31
32 32
33 33
34 34
35 35
36 36
37 37
38 38
39 39
40 40
41 41
42 42
43 43
44 44
45 45
46 46
47 47
48 48
49 49
50 50
51 51
52 52
53 53
54 54
55 55
56 56
57 57
58 58
59 59
60 60
61 61
62 62
63 63
64 64
65 65
66 66
67 67
68 68
69 69
70 70
71 71
72 72
73 73
74 74
75 75
76 76
77 77
78 78
79 79
80 80
81 81
82 82
83 83
84 84
85 85
86 86
87 87
88 88
89 89
90 90
91 91
92 92
93 93
94 94
95 95
96 96
97 97
98 98
99 99
100 100
101 101
