Wurster Class Soda Evans Jacobs Stanley Hilgard Haste Montgomery Annapolis Tennessee Alabama Kleeberger Goldman Boston Massachusetts Des Salt Sather Warren Anthony Charleston Ohio Hartford Iowa Chan Lewis Memorial Latimer Barrows Dwinelle Simon Lansing Barker Recreational Wheeler Missouri Visitor Moses Hesse California Salem Moffitt Donner Blackwell Brain Spieker Campbell Raleigh Oregon Observatory Kentucky Eshleman Madison Maxwell Martin Bancroft Parking Vermont Simpson Life Alaska Indianapolis Honolulu Georgia Topeka Stadium Optometry Juneau Alumni Idaho UC McLaughlin Baton Frank Gayley Campanile North Denver Maine Arkansas Nevada Sutardja Florida Phoenix Gilman Morgan Pitzer Cory Providence Hazardous Hildebrand Zellerbach Silver Pennsylvania Chvez Carson Insectary Lincoln Minnesota Wurster
50
Silver Silver
Boston Boston
Honolulu Honolulu
Alabama Alabama
Montgomery Montgomery
California California
Frank Frank
Hazardous Hazardous
Sutardja Sutardja
Recreational Recreational
Maxwell Maxwell
Sather Sather
Pennsylvania Pennsylvania
Visitor Visitor
Stanley Stanley
Massachusetts Massachusetts
Salem Salem
Hilgard Hilgard
Wurster Wurster
Vermont Vermont
Parking Parking
Optometry Optometry
Juneau Juneau
Class Class
Florida Florida
Raleigh Raleigh
Oregon Oregon
Simpson Simpson
Spieker Spieker
North North
Tennessee Tennessee
Nevada Nevada
Simon Simon
Moses Moses
McLaughlin McLaughlin
Pitzer Pitzer
Hesse Hesse
Indianapolis Indianapolis
Kleeberger Kleeberger
Chan Chan
Cory Cory
Goldman Goldman
Gilman Gilman
Blackwell Blackwell
Anthony Anthony
Moffitt Moffitt
Barrows Barrows
Brain Brain
Idaho Idaho
Observatory Observatory
