Rhode Life University Kentucky Olympia McEnerney Senior Campbell Cheyenne East Haviland Dwinelle Arkansas Harrisburg UC Hellman Nebraska Koshland Michigan Colorado Silver Residence Wurster Lawrence Valley Martin Grinnell Annapolis McCone Davis South Campanile New Baton Kleeberger Kroeber Botanical Augusta Indianapolis Sibley Cory Moses Evans Austin Lansing Fox Pitzer Montpelier Calvin Nevada Frank Genetics Cleary Warren Greenhouse CNMAT Anthony Raleigh Clark Unit Columbia Tang Morgan Mulford Utah Durham Foothill Doe Madison Edwards Oklahoma Soda Faculty Police Jones BART Montana Optometry Wyoming Richmond Providence Springfield Insectary International Dover Simon Memorial Atlanta Illinois Boalt Sproul Chan Class Maryland Lewis Delaware Topeka Boston Giauque Salt Mathematical Lower Tennessee Kansas Maxwell Banway Hertz Tan Bismarck Nashville Woo Bowles California Idaho Virginia Florida Columbus Hargrove Iowa Brain Chvez Blum Krutch Connecticut Gilman Heating Wheeler Etcheverry Hartford Des Frankfort Jefferson Energy Pennsylvania Massachusetts Witter Martinez Old Golden Little Minnesota West Carson Montgomery Eshleman Denver Wisconsin Jackson Hesse Lincoln Trenton Giannini Morrison Maine Alabama Goldman Mississippi Durant Eye Boise Jacobs Moffitt Haste Barrows Ishi Hazardous Bechtel Andersen Observatory McLaughlin Concord Cyclotron Northwest Stern Tallahassee Hearst Phoenix Recreational Stadium Blackwell Salem Wickson Springer Hawaii Bancroft Gayley Simpson Oregon Alaska Parking LeConte Albany Santa Birge Chou Natural Zellerbach Berkeley Ida Donner Rhode
100
Krutch Krutch
Energy Energy
Hearst Hearst
Campanile Campanile
Providence Providence
Utah Utah
Florida Florida
Jacobs Jacobs
Birge Birge
Clark Clark
Bancroft Bancroft
Harrisburg Harrisburg
Hawaii Hawaii
CNMAT CNMAT
Rhode Rhode
Blackwell Blackwell
Annapolis Annapolis
LeConte LeConte
Cory Cory
Edwards Edwards
Observatory Observatory
Wisconsin Wisconsin
McLaughlin McLaughlin
Haste Haste
Illinois Illinois
Moffitt Moffitt
Silver Silver
Insectary Insectary
Chou Chou
Little Little
Nashville Nashville
Baton Baton
Bowles Bowles
Montana Montana
Moses Moses
Jefferson Jefferson
East East
Hartford Hartford
Donner Donner
Lansing Lansing
Chvez Chvez
Hellman Hellman
BART BART
Columbia Columbia
Stadium Stadium
Michigan Michigan
Class Class
International International
Hertz Hertz
Pennsylvania Pennsylvania
McEnerney McEnerney
Kentucky Kentucky
Tang Tang
Life Life
Jones Jones
Durham Durham
Columbus Columbus
Salt Salt
Heating Heating
Berkeley Berkeley
Sproul Sproul
Maryland Maryland
West West
Olympia Olympia
Tennessee Tennessee
Martin Martin
Durant Durant
Concord Concord
Simpson Simpson
Madison Madison
Simon Simon
Morrison Morrison
Oregon Oregon
Police Police
Brain Brain
Topeka Topeka
Lower Lower
Boalt Boalt
Richmond Richmond
Nevada Nevada
University University
Austin Austin
Mathematical Mathematical
Minnesota Minnesota
Valley Valley
Barrows Barrows
Cheyenne Cheyenne
Montgomery Montgomery
Hargrove Hargrove
Foothill Foothill
Springer Springer
Santa Santa
Etcheverry Etcheverry
Trenton Trenton
Maxwell Maxwell
Mulford Mulford
Grinnell Grinnell
Warren Warren
Mississippi Mississippi
Cleary Cleary
