Donner Cyclotron Helena Albany McLaughlin Santa Campanile Brain McCone Optometry Maryland CNMAT North Wyoming Annapolis Juneau Wurster Haste Hertz Eye Gilman Foothill Ishi Illinois Topeka Little Minnesota Tallahassee Stadium Jackson Kansas Iowa Durham Doe Alabama Mississippi Nevada Recreational Phoenix Life Old Cory Martinez Gayley Haas Architects Tang Heating Providence Idaho Donner
25
Old Old
North North
Topeka Topeka
Foothill Foothill
Haas Haas
Cyclotron Cyclotron
Helena Helena
Providence Providence
Optometry Optometry
Life Life
Santa Santa
Minnesota Minnesota
Iowa Iowa
Juneau Juneau
Ishi Ishi
Illinois Illinois
Phoenix Phoenix
Gilman Gilman
Gayley Gayley
Recreational Recreational
McCone McCone
Wurster Wurster
Donner Donner
Haste Haste
Tallahassee Tallahassee
