AY AW AU AB AD AE Y AC D F G F I F N H N K N M N F D X B A B E C E B X D AC Y AE AD AX AD AB AU AS Z AA Z AS AP V U V AP W AP AQ AO AQ BL AR BL BK BJ BI BJ CD CC CD CF CG CE CG CF CD BJ BK BN BK BL AQ AP AS AU AW AV BM AT BM BS BQ BS BV BS CL BU CL CN CJ CH CJ CK CI BP BO BP CI CK CJ CN CM CO CM CN CQ CP CS BZ CV BZ CS CR CS CQ CN CL BS BM AV AW AY AZ AG AK AJ Q AJ AH L J L AH AF AH AJ AK AG BC BB BC BD AI S AL S AI BY AN T R P O P R T AN BY BG BF AM BE BX BW BX BE CT BE AM BF BG CA BG CB BG CU BG BY BH BY AI BD BA BT BR BT BA BD BC AG AZ AY
40
A A
B B
D D
F F
G G
H H
I I
K K
M M
O O
P P
S S
T T
V V
X X
Y Y
AD AD
AG AG
AJ AJ
AM AM
AO AO
AQ AQ
AS AS
AV AV
AX AX
BA BA
BF BF
BG BG
BI BI
BJ BJ
BN BN
CA CA
CB CB
CC CC
CK CK
CN CN
CO CO
CP CP
CS CS
CT CT
