100 31 15 27 62 27 63 27 70 36 28 36 33 12 11 10 76 67 76 121 110 106 77 38 35 68 35 38 77 106 110 121 119 121 152 121 76 10 105 10 11 75 11 12 69 107 69 12 33 36 70 27 15 30 16 59 25 22 60 22 25 59 90 170 168 162 154 162 157 162 158 162 167 171 167 162 168 169 163 173 163 169 168 170 174 170 90 59 16 61 14 34 7 39 78 37 78 81 79 81 78 39 151 123 150 122 150 125 150 151 39 7 34 103 13 29 43 72 40 8 9 6 9 8 40 72 43 29 13 103 34 14 61 26 45 44 2 17 1 54 1 17 2 46 142 131 50 19 47 48 49 48 47 19 50 133 134 135 114 135 139 140 200 196 200 199 137 199 200 139 135 198 135 134 133 141 20 136 188 21 56 57 56 21 188 136 197 195 197 136 20 138 20 141 133 50 131 130 129 144 42 3 41 73 74 73 41 145 128 145 143 145 146 127 147 127 146 148 149 126 149 148 146 145 41 3 42 144 129 130 131 132 131 142 46 2 44 4 71 5 71 4 44 45 26 61 16 30 15 31 100 58 55 18 53 23 51 23 53 52 53 18 55 24 55 58 98 94 92 94 95 96 187 182 185 93 99 93 185 183 185 182 194 182 187 96 95 94 98 97 98 180 98 58 175 58 100 86 85 87 172 87 85 89 85 164 165 104 156 153 115 111 113 116 113 120 109 118 124 118 109 120 113 111 117 66 117 111 115 153 156 104 165 164 85 86 102 65 108 155 112 82 159 161 181 186 184 193 191 192 189 192 190 192 191 193 184 186 181 161 159 82 160 82 112 155 108 65 102 84 83 166 80 64 80 166 83 84 102 86 100 88 32 178 176 178 177 178 179 178 32 88 100 91 100 101 100
64
1 1
2 2
3 3
4 4
5 5
6 6
7 7
8 8
9 9
10 10
11 11
12 12
13 13
14 14
15 15
16 16
17 17
18 18
19 19
20 20
21 21
22 22
23 23
24 24
25 25
26 26
27 27
28 28
29 29
30 30
31 31
32 32
33 33
34 34
36 36
37 37
39 39
40 40
41 41
42 42
43 43
44 44
45 45
46 46
47 47
48 48
49 49
50 50
51 51
52 52
53 53
54 54
55 55
56 56
57 57
58 58
59 59
60 60
111 111
121 121
153 153
165 165
182 182
192 192
