BukitBatokEast LeonieHill Gombak Redhill PearlsHill BoatQuay PearlsHill Redhill Gombak DowntownCore LowerSeletar SouthernGroup Boulevard Gombak CityHall Springleaf SwissClub Frankel Tengeh Seletar Tengeh Safti GhimMoh Tengah Crawford GhimMoh Frankel CompassvaleTrafalgar GaliBatuMandai Frankel SwissClub SembawangHills SimpangNorth Bendemeer PulauPunggolTimor Jelebu PulauPunggolTimor NeeSoon AirportRoad TanglinHalt Hillview TanglinHalt Bayshore ChoaChuKang Bayshore Hillcrest Tyersall SembawangHills TanjongPagar KampongGlam RobertsonQuay Sudong CityHall Gombak LeonieHill BukitBatokEast Simei KakiBukit BukitHoSwee Sembawang JooKoon BukitHoSwee KakiBukit Simei SungeiRoad TiongBahruStation Geylang CliffordPier Yishun RiverValley BukitBatokEast
25
Frankel Frankel
SungeiRoad SungeiRoad
Simei Simei
Redhill Redhill
GaliBatuMandai GaliBatuMandai
Tengeh Tengeh
RiverValley RiverValley
SimpangNorth SimpangNorth
NeeSoon NeeSoon
JooKoon JooKoon
DowntownCore DowntownCore
SwissClub SwissClub
ChoaChuKang ChoaChuKang
GhimMoh GhimMoh
Hillcrest Hillcrest
LowerSeletar LowerSeletar
LeonieHill LeonieHill
Sudong Sudong
PearlsHill PearlsHill
Safti Safti
TanjongPagar TanjongPagar
Tyersall Tyersall
TiongBahruStation TiongBahruStation
CityHall CityHall
Sembawang Sembawang
