LeonieHill ChangiPoint SungeiKadut KampongUbi WoodlandsSouth Gombak ConeyIsland CompassvaleTrafalgar Changi Ridout Changi Admiralty Changi CompassvaleTrafalgar ConeyIsland Gombak WoodlandsSouth HougangCentral JurongWestCentral Outram Sennett Outram InstitutionHill MonksHill PasirRisCentralTown KampongGlam ClarkeQuay SungeiRoad KallangWay AnchorvaleBuangkok YioChuKang WestCoast Boulevard YioChuKang MandaiWest NorthCoast AnchorvaleBuangkok KallangWay SungeiRoad Novena Clementi Victoria LiuFang YewTee Victoria Lavender SerangoonGarden YishunWest Clementi Novena YioChuKangWest StraitsView KeatHong Novena SingaporePolytechnic JooSengPayaLebar SingaporePolytechnic Novena TampinesWest YuhuaWestBoonLay TampinesWest PasirRisWestElias LoyangWest Mandai BukitBatokCentral Mandai LoyangWest Plab ChoaChuKangCentral LoyangEast ChoaChuKangCentral PasirRisWestElias SembawangSprings PasirRisPark Sentosa Rochor NatureReserve Kranji Rochor Sentosa ChengSan Sentosa PasirRisPark SembawangSprings SungeiRoad Semakau WesternIslands Semakau Frankel FarrerPark Cecil PasirPanjang2 TanjongRhu YuhuaEast GeylangBahru Springleaf ShangriLa AirportRoad GeylangBahru TanjongRhu PasirPanjang2 TheWharves Townsville Pandan Woodgrove YishunCentral PunggolTownCentre YishunCentral ClementiCentral ChangiWest MandaiEast WaterwayEast GreenwoodPark Guilin GreenwoodPark Trafalgar Seletar ChangiBay Yishun Phillip Yishun ChangiBay PeoplesPark NorthEasternIslands PeoplesPark TanglinHalt MandaiEstate Khatib MandaiEstate TuasBay TanglinHalt ChangiBay Seletar WaterwayEast PasirRisCentralTown BishanEast ChoaChuKang BishanEast PasirRisCentralTown MonksHill Outram KampongUbi Shipyard NeeSoon OrangeGrove DefuIndustrialPark Tyersall JurongPort OrangeGrove NeeSoon Shipyard KampongUbi SungeiKadut ChangiPoint LeonieHill
50
Guilin Guilin
Trafalgar Trafalgar
Townsville Townsville
SerangoonGarden SerangoonGarden
Springleaf Springleaf
ClementiCentral ClementiCentral
Novena Novena
FarrerPark FarrerPark
SungeiKadut SungeiKadut
Boulevard Boulevard
MonksHill MonksHill
AirportRoad AirportRoad
KallangWay KallangWay
Shipyard Shipyard
YuhuaWestBoonLay YuhuaWestBoonLay
YioChuKang YioChuKang
SungeiRoad SungeiRoad
TuasBay TuasBay
Phillip Phillip
TampinesWest TampinesWest
Sennett Sennett
SembawangSprings SembawangSprings
Kranji Kranji
Victoria Victoria
Ridout Ridout
BishanEast BishanEast
Yishun Yishun
MandaiWest MandaiWest
PasirPanjang2 PasirPanjang2
NorthCoast NorthCoast
Semakau Semakau
PunggolTownCentre PunggolTownCentre
Outram Outram
Sentosa Sentosa
OrangeGrove OrangeGrove
TanglinHalt TanglinHalt
NeeSoon NeeSoon
BukitBatokCentral BukitBatokCentral
ChoaChuKangCentral ChoaChuKangCentral
ConeyIsland ConeyIsland
AnchorvaleBuangkok AnchorvaleBuangkok
JurongWestCentral JurongWestCentral
Tyersall Tyersall
KampongGlam KampongGlam
GreenwoodPark GreenwoodPark
SingaporePolytechnic SingaporePolytechnic
Woodgrove Woodgrove
DefuIndustrialPark DefuIndustrialPark
ChangiWest ChangiWest
LoyangEast LoyangEast
