YuhuaEast TelokBlangahDrive Sennett SerangoonGarden SingaporeRiver PotongPasir SingaporeRiver SerangoonGarden Sennett ChinaSquare Sennett TelokBlangahDrive CityHall Simpang Mandai Geylang FloraDrive Geylang ClementiCentral Serangoon Midview Punggol Midview UpperPayaLebar TagoreSindo SerangoonNorth ClementiCentral Mandai PasirRis SembawangStraits LorongChuan Kangkar JurongRiver ChoaChuKang SengkangTownCentre ChoaChuKang JurongRiver Saujana BoatQuay Saujana HougangCentral DefuIndustrialPark HougangCentral Saujana JurongRiver Northshore Hillcrest Northshore JurongRiver Kangkar TanjongIrau Aljunied FarrerCourt Kangkar YishunCentral Kangkar BrasBasah FarrerPark BrasBasah Kangkar LorongChuan Shipyard ClarkeQuay BedokSouth RafflesPlace Matilda Shipyard Simei TamanJurong ChangiPoint Shipyard PasirRisPark OrangeGrove PeoplesPark BayfrontSubzone PeoplesPark OrangeGrove Shipyard SembawangStraits SwissClub WestCoast TuasNorthPioneer Bayshore TuasNorthPioneer WestCoast SouthernIslands SembawangHills ChoaChuKangCentral SembawangHills Dunearn SenokoNorth KianTeck LittleIndia DhobyGhaut LittleIndia KianTeck BukitTimah Port BukitTimah KianTeck WoodlandsSouth Cairnhill PasirPanjang2 SerangoonCentral PasirPanjang2 BukitBatokSouth WoodlandsWest Northland Mountbatten Northland WoodlandsWest BukitBatokSouth PasirPanjang2 SenokoNorth SembawangNorth KeatHong Dunearn Seletar Woodgrove PearlsHill Woodgrove Seletar Dunearn Gombak Dunearn UluPandan YioChuKangEast Redhill MountEmily Woodleigh MountEmily KebunBahru PasirPanjang1 PulauPunggolBarat YishunWest RochorCanal Boulevard RochorCanal YishunWest StraitsView Queensway StraitsView YishunWest PasirPanjang1 MarinaEast PasirPanjang1 KebunBahru Tampines PengSiang BukitBatokWest PengSiang Tampines CliffordPier Tampines KebunBahru MountEmily PayaLebarEast MountPleasant Marymount MountPleasant BenoiSector MountPleasant PayaLebarEast Museum TohGuan PasirRisDrive PayaLebarEast MountEmily SeletarHills MountEmily GeylangEast MountEmily PayaLebarNorth ConeyIsland ShangriLa TiongBahru TuasBay TiongBahruStation TuasBay TiongBahru Bishan TiongBahru SembawangEast TuasPromenade SembawangEast Victoria PayaLebar Victoria Rochor PunggolField Tanglin Moulmein Bangkit YioChuKang HollandDrive MandaiEstate HongKahNorth SouthernIslands WestCoast Commonwealth KentRidge Senja KentRidge BukitPanjang KentRidge Commonwealth Chatsworth InstitutionHill Queenstown Chatsworth Commonwealth SungeiRoad WaterwayEast SungeiRoad Kranji MandaiWest Kranji PangSua Bedok Kranji SungeiRoad Commonwealth WestCoast HougangEast JurongPort JooSengPayaLebar SenokoWest Yunnan PeiChun DairyFarm PeiChun JurongPort TanglinHalt MandaiEast MonksHill SembawangSprings TampinesNorth HougangEast Changi Sembawang EastCoast Plab EastCoast Sembawang Changi SembawangCentral NatureReserve ChangiWest GulBasin ChangiWest NatureReserve SembawangCentral Changi HougangEast WestCoast SembawangStraits OneTreeHill HongKah SimpangSouth HongKah TampinesWest UpperThomson Katong BoonTeck Crawford ClementiNorth Clementi ClementiNorth SenokoSouth LoyangEast Kembangan LoyangEast SenokoSouth ClementiNorth BoonTeck Katong EvertonPark ReservoirView PulauPunggolTimor Khatib SimpangNorth Paterson SimpangNorth AlexandraNorth Trafalgar OneTreeHill SembawangStraits PasirRis Mandai ChengSan BedokNorth ChengSan BoonLayPlace LowerSeletar JurongWestCentral ClementiWest Anson OneNorth Anson AngMoKioTownCentre Anson ClementiWest JurongWestCentral ChengSan Sengkang Brickworks KampongUbi Sentosa KampongUbi KampongTiongBahru TelokBlangahRise SungeiKadut TelokBlangahRise KallangWay PenjuruCrescent BukitBatokEast BoonLay IstanaNegara KallangWay TelokBlangahRise KampongUbi Brickworks Sengkang ChengSan Mandai Simpang YuhuaEast
100
Northland Northland
HongKah HongKah
AngMoKioTownCentre AngMoKioTownCentre
SerangoonNorth SerangoonNorth
Paterson Paterson
Punggol Punggol
YioChuKang YioChuKang
KentRidge KentRidge
Commonwealth Commonwealth
KeatHong KeatHong
HongKahNorth HongKahNorth
BedokNorth BedokNorth
Serangoon Serangoon
OneTreeHill OneTreeHill
EastCoast EastCoast
Sennett Sennett
WaterwayEast WaterwayEast
SungeiKadut SungeiKadut
TuasPromenade TuasPromenade
Museum Museum
Mountbatten Mountbatten
PayaLebarEast PayaLebarEast
LowerSeletar LowerSeletar
BedokSouth BedokSouth
SembawangStraits SembawangStraits
TuasNorthPioneer TuasNorthPioneer
CityHall CityHall
TelokBlangahRise TelokBlangahRise
SungeiRoad SungeiRoad
SimpangNorth SimpangNorth
IstanaNegara IstanaNegara
HougangCentral HougangCentral
PasirRisDrive PasirRisDrive
PangSua PangSua
Trafalgar Trafalgar
Tampines Tampines
BenoiSector BenoiSector
ChoaChuKang ChoaChuKang
Moulmein Moulmein
TiongBahru TiongBahru
BukitBatokSouth BukitBatokSouth
PasirRis PasirRis
TagoreSindo TagoreSindo
Shipyard Shipyard
JurongPort JurongPort
ClementiNorth ClementiNorth
GeylangEast GeylangEast
Khatib Khatib
Matilda Matilda
Brickworks Brickworks
BukitBatokWest BukitBatokWest
Aljunied Aljunied
SerangoonGarden SerangoonGarden
SerangoonCentral SerangoonCentral
PearlsHill PearlsHill
SembawangHills SembawangHills
SingaporeRiver SingaporeRiver
PasirRisPark PasirRisPark
BoatQuay BoatQuay
BoonLayPlace BoonLayPlace
EvertonPark EvertonPark
AlexandraNorth AlexandraNorth
PeiChun PeiChun
PunggolField PunggolField
Sentosa Sentosa
InstitutionHill InstitutionHill
TohGuan TohGuan
DhobyGhaut DhobyGhaut
ReservoirView ReservoirView
JooSengPayaLebar JooSengPayaLebar
DairyFarm DairyFarm
PulauPunggolTimor PulauPunggolTimor
Tanglin Tanglin
Saujana Saujana
UluPandan UluPandan
TampinesNorth TampinesNorth
TuasBay TuasBay
Geylang Geylang
Cairnhill Cairnhill
Sembawang Sembawang
WoodlandsWest WoodlandsWest
OneNorth OneNorth
Mandai Mandai
YioChuKangEast YioChuKangEast
Port Port
DefuIndustrialPark DefuIndustrialPark
UpperThomson UpperThomson
ChinaSquare ChinaSquare
JurongWestCentral JurongWestCentral
PeoplesPark PeoplesPark
MandaiEast MandaiEast
ChangiWest ChangiWest
BayfrontSubzone BayfrontSubzone
KebunBahru KebunBahru
Kembangan Kembangan
OrangeGrove OrangeGrove
ChangiPoint ChangiPoint
SouthernIslands SouthernIslands
RochorCanal RochorCanal
Chatsworth Chatsworth
