139 18 11 85 2 38 39 180 39 38 44 38 2 72 2 98 2 147 3 17 59 22 41 112 41 167 41 22 42 102 42 124 42 176 42 59 17 64 17 69 17 70 17 168 187 17 3 26 16 65 136 65 16 77 16 108 16 135 16 159 186 16 197 16 26 19 67 19 117 19 140 19 156 19 174 19 26 48 154 48 26 116 26 120 26 198 26 3 50 155 50 3 81 122 81 3 96 3 104 4 6 71 6 101 6 125 6 181 6 188 6 191 6 4 21 79 114 79 21 113 21 175 21 196 21 4 34 73 34 88 34 93 34 171 34 173 34 4 75 4 84 189 84 4 100 4 107 4 145 4 148 4 104 3 111 3 134 3 147 2 149 7 28 7 60 12 43 14 15 31 25 141 25 162 25 31 131 31 190 31 15 51 15 118 15 128 15 142 15 169 15 192 15 14 23 163 23 14 24 99 24 138 24 14 27 52 27 14 86 14 160 14 43 29 49 29 133 43 194 43 46 12 94 12 105 12 146 12 195 12 60 7 74 7 90 8 36 68 36 165 36 8 45 8 103 8 121 8 178 1 47 32 62 33 115 33 62 32 152 32 47 1 55 1 58 1 66 9 53 9 78 9 164 9 184 9 193 9 66 1 89 119 89 1 106 1 110 1 172 1 178 8 185 8 90 7 92 7 129 10 30 13 56 63 56 13 30 132 30 144 30 10 37 5 35 5 54 5 82 5 83 5 87 5 95 5 97 5 126 5 137 5 143 158 5 37 76 37 109 37 166 37 10 40 20 123 20 179 20 183 20 40 10 61 91 61 10 80 10 130 10 199 10 129 7 170 7 182 7 149 2 151 2 153 2 157 2 161 2 177 200 2 85 11 127 11 150 11 18 57 18 139
100
189 189
106 106
77 77
91 91
142 142
47 47
146 146
84 84
125 125
85 85
112 112
23 23
101 101
8 8
198 198
11 11
81 81
18 18
152 152
74 74
43 43
173 173
15 15
5 5
64 64
78 78
176 176
127 127
184 184
187 187
141 141
71 71
1 1
60 60
65 65
2 2
72 72
111 111
113 113
123 123
109 109
188 188
9 9
95 95
57 57
48 48
108 108
153 153
14 14
79 79
33 33
144 144
191 191
114 114
13 13
58 58
148 148
16 16
30 30
32 32
158 158
147 147
39 39
182 182
82 82
128 128
98 98
134 134
27 27
31 31
35 35
119 119
96 96
138 138
104 104
131 131
22 22
122 122
161 161
41 41
178 178
157 157
7 7
67 67
118 118
156 156
21 21
25 25
130 130
105 105
69 69
37 37
89 89
145 145
75 75
44 44
186 186
26 26
172 172
165 165
