J6 C4 C5 G8 H3 B8 A6 I9 B0 D4 D6 D5 F0 D6 A6 B8 F8 B8 G0 E0 I5 G6 C7 G6 I5 J9 B8 H3 G4 F2 G4 J8 B9 H0 E8 D0 B3 D0 D2 D0 E9 D0 H0 C5 F1 C4 J6 F9 A5 A1 A7 C3 C6 C3 A7 A1 C0 D1 H6 H8 E3 G7 H7 B2 E4 A4 F5 E4 G2 G1 C1 G1 H7 B4 J3 D7 D3 J0 D3 D7 J3 I4 F4 E6 B7 E6 E7 A9 A8 G5 A9 H2 B6 J1 J4 E2 F4 I4 F6 E5 F6 I4 G9 H9 A2 D8 D9 B1 E1 F7 D9 H5 C9 I3 I0 H1 I0 I8 I3 J7 C2 C9 H5 H4 I2 A0 I2 H4 I6 I1 H5 A5 G3 C8 F3 A3 A5 J2 A5 F9 J5 B5 J5 F9 J6 I7 J6
50
H2 H2
A7 A7
G9 G9
H8 H8
B7 B7
F3 F3
J4 J4
C9 C9
E2 E2
F8 F8
G8 G8
I3 I3
G0 G0
A2 A2
E4 E4
B9 B9
E1 E1
A0 A0
G6 G6
J9 J9
C1 C1
C3 C3
H7 H7
H4 H4
J5 J5
F0 F0
B3 B3
B0 B0
F7 F7
J7 J7
F5 F5
D8 D8
F9 F9
A8 A8
C4 C4
E0 E0
A9 A9
H3 H3
D6 D6
C2 C2
C6 C6
B6 B6
H0 H0
D0 D0
B5 B5
I7 I7
A5 A5
J8 J8
H5 H5
J6 J6
