Qwilfish Tropius Drapion Taillow Paras Taillow Drapion Vullaby Jumpluff Plusle Jumpluff Vullaby Drapion Tropius Shellos Xerneas Wailord Xerneas Shellos Tropius Qwilfish Drampa Phanpy Skiddo Noibat Simisear Sandile Meloetta Porygon2 Meloetta Inkay Vespiquen Inkay Meloetta Sandile Metapod Weezing Escavalier Weezing Metapod Sandile Simisear Slowbro Nincada Comfey Nincada Seaking Nincada Slowbro Simisear Noibat Terrakion Politoed Tornadus Kakuna Treecko Kakuna Lumineon Kakuna Tornadus Politoed Dewpider Whismur Bastiodon Whismur Dewpider Politoed Terrakion Metang Slurpuff Metang Crawdaunt Woobat Crawdaunt Metang Terrakion Scatterbug Tsareena Shellder Tsareena Scatterbug Terrakion Noibat Honedge Weepinbell Honedge Noibat Skiddo Skorupi Munna Swadloon Munna Skorupi Magnemite Yungoos Magnemite Skorupi Skiddo Phanpy Magmar Volcarona Steenee Volcarona Magmar Wartortle Zekrom Conkeldurr Zekrom Wartortle Magmar Phanpy Lotad Amoonguss Stufful Amoonguss Lotad Phanpy Drampa Froakie Bounsweet Froakie Drampa Gengar Tauros Gengar Drampa Qwilfish
64
Qwilfish Qwilfish
Simisear Simisear
Phanpy Phanpy
Terrakion Terrakion
Drapion Drapion
Meloetta Meloetta
Volcarona Volcarona
Slurpuff Slurpuff
Skiddo Skiddo
Politoed Politoed
Tropius Tropius
Sandile Sandile
Magmar Magmar
Metang Metang
Taillow Taillow
Porygon2 Porygon2
Slowbro Slowbro
Drampa Drampa
Noibat Noibat
Lotad Lotad
Scatterbug Scatterbug
Vullaby Vullaby
Inkay Inkay
Steenee Steenee
Tornadus Tornadus
Skorupi Skorupi
Dewpider Dewpider
Shellos Shellos
Metapod Metapod
Wartortle Wartortle
Crawdaunt Crawdaunt
Paras Paras
Froakie Froakie
Nincada Nincada
Gengar Gengar
Honedge Honedge
Amoonguss Amoonguss
Tsareena Tsareena
Jumpluff Jumpluff
Vespiquen Vespiquen
Munna Munna
Kakuna Kakuna
Magnemite Magnemite
Whismur Whismur
Xerneas Xerneas
Weezing Weezing
Zekrom Zekrom
Woobat Woobat
Comfey Comfey
Bounsweet Bounsweet
Seaking Seaking
Tauros Tauros
Weepinbell Weepinbell
Stufful Stufful
Shellder Shellder
Plusle Plusle
Treecko Treecko
Swadloon Swadloon
Lumineon Lumineon
Yungoos Yungoos
Bastiodon Bastiodon
Wailord Wailord
Escavalier Escavalier
Conkeldurr Conkeldurr
