Latias Shelgon Toxicroak Corsola Guzzlord Dartrix Keldeo Zorua Wurmple Pangoro Crabominable Bounsweet Exeggutor Relicanth Aggron Elgyem Voltorb Alomomola Petilil Luvdisc Darumaka Cinccino Staryu Infernape Scolipede Arceus Noivern Palkia Talonflame Vibrava Primeape Gengar Reshiram Raticate Lycanroc Unown Magearna Smeargle Charmeleon Golisopod Duskull Pidgeot Yanma Delphox Gible Jigglypuff Marshtomp Scizor Frogadier Greninja Latias
25
Raticate Raticate
Talonflame Talonflame
Petilil Petilil
Shelgon Shelgon
Charmeleon Charmeleon
Wurmple Wurmple
Jigglypuff Jigglypuff
Toxicroak Toxicroak
Primeape Primeape
Infernape Infernape
Magearna Magearna
Dartrix Dartrix
Staryu Staryu
Elgyem Elgyem
Noivern Noivern
Keldeo Keldeo
Scolipede Scolipede
Exeggutor Exeggutor
Golisopod Golisopod
Reshiram Reshiram
Luvdisc Luvdisc
Palkia Palkia
Bounsweet Bounsweet
Relicanth Relicanth
Vibrava Vibrava
