Qwilfish Tropius Drapion Taillow Paras Taillow Drapion Vullaby Jumpluff Plusle Jumpluff Vullaby Drapion Tropius Shellos Xerneas Wailord Xerneas Shellos Tropius Qwilfish Drampa Phanpy Skiddo Noibat Simisear Sandile Meloetta Porygon2 Meloetta Inkay Vespiquen Inkay Meloetta Sandile Metapod Weezing Escavalier Weezing Metapod Sandile Simisear Slowbro Nincada Comfey Nincada Seaking Nincada Slowbro Simisear Noibat Terrakion Politoed Tornadus Kakuna Treecko Kakuna Lumineon Kakuna Tornadus Politoed Dewpider Whismur Bastiodon Whismur Dewpider Politoed Terrakion Metang Slurpuff Metang Crawdaunt Woobat Crawdaunt Metang Terrakion Scatterbug Tsareena Shellder Tsareena Scatterbug Terrakion Noibat Honedge Weepinbell Honedge Noibat Skiddo Skorupi Munna Swadloon Munna Skorupi Magnemite Yungoos Magnemite Skorupi Skiddo Phanpy Magmar Volcarona Steenee Volcarona Magmar Wartortle Zekrom Conkeldurr Zekrom Wartortle Magmar Phanpy Lotad Amoonguss Stufful Amoonguss Lotad Phanpy Drampa Froakie Bounsweet Froakie Drampa Gengar Tauros Gengar Drampa Qwilfish
50
Volcarona Volcarona
Meloetta Meloetta
Gengar Gengar
Whismur Whismur
Qwilfish Qwilfish
Simisear Simisear
Metapod Metapod
Woobat Woobat
Sandile Sandile
Steenee Steenee
Nincada Nincada
Swadloon Swadloon
Tauros Tauros
Drapion Drapion
Scatterbug Scatterbug
Vullaby Vullaby
Porygon2 Porygon2
Escavalier Escavalier
Vespiquen Vespiquen
Crawdaunt Crawdaunt
Seaking Seaking
Magnemite Magnemite
Magmar Magmar
Munna Munna
Skorupi Skorupi
Stufful Stufful
Bastiodon Bastiodon
Noibat Noibat
Weezing Weezing
Froakie Froakie
Taillow Taillow
Metang Metang
Weepinbell Weepinbell
Drampa Drampa
Bounsweet Bounsweet
Slurpuff Slurpuff
Honedge Honedge
Plusle Plusle
Treecko Treecko
Shellder Shellder
Inkay Inkay
Lotad Lotad
Conkeldurr Conkeldurr
Shellos Shellos
Skiddo Skiddo
Amoonguss Amoonguss
Wailord Wailord
Comfey Comfey
Jumpluff Jumpluff
Kakuna Kakuna
