Monroe CSprings Naples Lewisville Allentown Lewisville Muskegon CSprings Monroe Clarksville Aurora Gainesville Independence Gainesville Hemet Hayward Denton Duluth Dayton Fullerton Austin Marina Aurora Layton Canton Henderson Canton Leominster Canton Four Fresno Vista Monroe Berkeley Moreno Montgomery Detroit Montgomery Merced Moreno Two Melbourne Lacey Elizabeth Irving Bakersfield Mobile Buffalo Bakersfield Gastonia Six Monterey Chesapeake Asheville Carrollton Columbus Baton Asheville Escondido Miami Corpus Fremont Fairfield Manchester ElkGrove Bryan Bonita ElkGrove Evansville Davidson Evansville Nine Akron Bloomington Corona Houston Atlanta Boise Albany Champaign Milwaukee Hialeah Mesa Hialeah Brighton Bethlehem Plen Bremerton Kenosha Baltimore Honolulu Macon Flint Frederick Cary Bremerton Bedford GreenBay Hickory Ten Albuquerque Lakeland Grays Aberdeen Lowell Aberdeen Fargo Aberdeen Grays Lakeland Ten Louisville Anaheim Boston Louisville Three Jacksonville Charlotte Kissimmee Lafayette Hartford Glendale Amarillo Birmingham Amarillo Mesquite Hartford GreenBay Murrieta Bedford Chula Alexandria Hialeah Milwaukee Dallas Cambridge Daly Boise Madison Gulfport Cleveland Huntsville Gulfport Brownsville Boise Aribel Naperville Concord Eight Athens Eight Memphis Havre Marysville Minneapolis Anchorage Apple Fayetteville Kaneohe Anchorage Daytona Marysville Viejo Hesperia Clarke Lakewood Danbury Lakewood Clarke Irvine Hagerstown Antioch Medford LA Indianapolis Clarke Hesperia McAllen Greenville Jersey Harrisburg Greenville Greensboro Collins Five Collins Greensboro Greenville McAllen Hesperia Viejo Lincoln Lorain Vegas Boulder Cathedral Lancaster Elkhart Huntington Elkhart Erie Killeen Fitchburg Julian Chattanooga Aribel Augusta Eleven Atlantic Denver Kennewick Bradenton Burbank Joliet Durham Hollywood Burbank Houston Arlington Bridgeport Abilene Charleston Laredo Billings Johnson One Burlington Jefferson Myrtle Inglewood Johnson Barnstable Lansing Kailua Bridgeport Murfreesboro Rapids Downey Arlington Kansas Jackson Columbia Gilbert Corona Bloomington Chicago Bloomington Elizabeth Lacey Appleton Two Hampton Modesto Lauderdale Seven Modesto Hampton Prairie ElPaso Moreno Berkeley Chandler Berkeley Monroe
100
Bradenton Bradenton
Three Three
Mesquite Mesquite
Hampton Hampton
Albany Albany
Ten Ten
Burlington Burlington
Miami Miami
Kenosha Kenosha
Melbourne Melbourne
Kissimmee Kissimmee
Baton Baton
Allentown Allentown
Fairfield Fairfield
Arlington Arlington
Four Four
Elizabeth Elizabeth
Chesapeake Chesapeake
Gainesville Gainesville
Clarke Clarke
Montgomery Montgomery
Baltimore Baltimore
Mesa Mesa
Kailua Kailua
Elkhart Elkhart
Aberdeen Aberdeen
Greensboro Greensboro
Gilbert Gilbert
Athens Athens
Akron Akron
Killeen Killeen
Amarillo Amarillo
Lewisville Lewisville
Seven Seven
Monroe Monroe
Johnson Johnson
Naples Naples
Hagerstown Hagerstown
Havre Havre
Vista Vista
Brownsville Brownsville
Rapids Rapids
Bridgeport Bridgeport
Erie Erie
Modesto Modesto
Manchester Manchester
Hesperia Hesperia
Lowell Lowell
Lancaster Lancaster
Prairie Prairie
Daytona Daytona
Lacey Lacey
Boulder Boulder
Davidson Davidson
Dayton Dayton
Birmingham Birmingham
Hartford Hartford
Kennewick Kennewick
Huntington Huntington
Cleveland Cleveland
Irving Irving
Dallas Dallas
Julian Julian
Cary Cary
Lakeland Lakeland
Laredo Laredo
Mobile Mobile
Bethlehem Bethlehem
Apple Apple
Cambridge Cambridge
Hayward Hayward
Austin Austin
Lafayette Lafayette
Monterey Monterey
Merced Merced
Asheville Asheville
Glendale Glendale
Viejo Viejo
Denton Denton
Canton Canton
Muskegon Muskegon
Anaheim Anaheim
Boise Boise
Anchorage Anchorage
Huntsville Huntsville
Leominster Leominster
Detroit Detroit
Hialeah Hialeah
Bedford Bedford
Antioch Antioch
Charleston Charleston
Hickory Hickory
Carrollton Carrollton
Jacksonville Jacksonville
Abilene Abilene
Clarksville Clarksville
Corpus Corpus
Fayetteville Fayetteville
Layton Layton
Denver Denver
