Myrtle Denton Buffalo Denton Myrtle Montgomery Lafayette Baltimore Lafayette Davidson Melbourne Charles Cary Albuquerque Canton Bradenton Jacksonville Grays Berkeley Dallas Chandler Hemet Collins Hemet Atlantic Monterey Plen Erie Huntsville Minneapolis Lexington Minneapolis Alexandria Honolulu Bryan Albuquerque Kissimmee Irvine Nashua ElPaso Vegas Kailua ElPaso Bridgeport ElPaso Nashua Moreno Garland Aribel Abilene Hartford GreenBay Corpus Athens Corpus Columbus Clearwater Columbus Lancaster Merced Nashua Kissimmee Lacey Huntington Muskegon Jersey Harlingen Fayetteville Chicago Boulder Arvada Appleton Leominster Houma Bloomington Medford Barnstable Prairie Gilbert Prairie Barnstable Macon Albany Lorain Cincinnati Lansing Miramar Albuquerque Cary Charles Kennewick Boston Cruces Kennewick Chesapeake Amarillo Hickory Chesapeake Aurora Chesapeake Kennewick Baton Hollywood Brownsville Cambridge Layton Mobile Cedar Hesperia Champaign Madison Escondido Bellevue Kansas Joliet Deltona Irving Kalamazoo Bellevue Houston Davidson Montgomery Brighton Kaneohe Brighton Cathedral Myrtle
50
Hartford Hartford
Joliet Joliet
Barnstable Barnstable
Dallas Dallas
Grays Grays
Muskegon Muskegon
Merced Merced
Erie Erie
Chicago Chicago
Hollywood Hollywood
Hemet Hemet
Cary Cary
Bridgeport Bridgeport
Harlingen Harlingen
Macon Macon
Cedar Cedar
Plen Plen
Bradenton Bradenton
Bloomington Bloomington
Brownsville Brownsville
Albuquerque Albuquerque
Lorain Lorain
Nashua Nashua
Miramar Miramar
Kissimmee Kissimmee
Montgomery Montgomery
Davidson Davidson
Leominster Leominster
Minneapolis Minneapolis
Lexington Lexington
GreenBay GreenBay
Aribel Aribel
Baltimore Baltimore
Albany Albany
Abilene Abilene
Kansas Kansas
Chandler Chandler
Mobile Mobile
Champaign Champaign
Appleton Appleton
Cathedral Cathedral
Lansing Lansing
Corpus Corpus
Deltona Deltona
Huntsville Huntsville
Houma Houma
Medford Medford
Huntington Huntington
Alexandria Alexandria
Moreno Moreno
