Burlington Honolulu Aribel Fayetteville Kenosha Independence Greensboro Hialeah Chicago Huntsville Chicago Louisville Chicago Independence Naperville Harlingen Independence Burlington Killeen Prairie Apple Prairie Burlington Brighton Downey Buffalo Corona Julian McAllen Davenport Merced Julian Cedar Costa Bradenton Cedar Columbus Nashville Barnstable Amarillo Hayward Elkhart Lewisville Elkhart Hayward Bloomington Hampton Arlington Myrtle Columbus Clarke Miramar Bridgeport Buffalo Cambridge ElMonte Denver Rapids ElMonte Cambridge Frederick Inglewood Frederick Chattanooga Plen Greenville Burlington
25
Buffalo Buffalo
Denver Denver
Naperville Naperville
Amarillo Amarillo
Myrtle Myrtle
Chicago Chicago
Merced Merced
Columbus Columbus
Honolulu Honolulu
Davenport Davenport
McAllen McAllen
Killeen Killeen
Prairie Prairie
Bridgeport Bridgeport
Chattanooga Chattanooga
Rapids Rapids
Hayward Hayward
Clarke Clarke
Miramar Miramar
Cedar Cedar
Cambridge Cambridge
Louisville Louisville
Independence Independence
Hampton Hampton
Greenville Greenville
