AF AZ BR AU AL AU BD AV BD BA AC BE CI DU CI AC CJ CD DF CD DM BZ AS AD AS AK AI DB DK AP AJ BF BG CL BV CE BV DH BH BY AO AA AY BW AA CH AW AT CS DO DJ AO BY BT BJ CA CM BT DV CZ DS BD DN AQ AB AQ AG CG AM CG CF BO DN CV BS DD BN DR BD DQ CP DG CP DA CO DL DT CB AH CB BB BX CC CK AE BI DC BC BX BB CY BK BP BM CW CN BU BK CB DP DT BD CR CQ CU BQ AN AX AN AZ CT AR DE CX DE AR BL DI AF
47
CZ CZ
BF BF
AD AD
CI CI
BO BO
BM BM
BV BV
AC AC
BJ BJ
AO AO
CE CE
CD CD
AN AN
DU DU
AP AP
BQ BQ
AM AM
DS DS
CV CV
CQ CQ
BD BD
BT BT
AU AU
BE BE
AA AA
DI DI
DD DD
CP CP
BI BI
BW BW
CS CS
AW AW
BH BH
CY CY
AJ AJ
CM CM
DV DV
DT DT
DQ DQ
CH CH
CC CC
DN DN
CR CR
BB BB
DF DF
DG DG
CL CL
