DK AE BG AJ CW AT CK BD CV EY GD GF HC CA CH FF BF BV AP DM BV BF GJ FF HC CV BD DY GV DY BD EM BD ES DH ES GP ES HF EI HF ES BI DV CW HD CN HD CY DF AH GB AH CI ER AU BH FG GE EB HH BT AU DB FC DP HE CT DZ CJ AI DI EU EX AA FB CM EH EL EH FD FP EH FV GT AQ ET DS BK AW AR BO EK AR BZ BB BZ EP AC DU HA EW HA AC FH EA AL CX FH GK DL BJ BC DE AR GZ FE GC AI GI GN GY BE CJ GO CG CL CP BM CU EE DW GM GW DX CS DC BA GS AS FY CZ AF AN FY GQ FQ AD FW CR FQ DN HB FI AM CC FU GG HG FZ CL DA BW ED FM CD AY CO AV BU FS CF AK DG EF DJ BP DG GL AZ DG BR FS EG BL FT AO AG FS AV EC FO EC CO AY CD EZ FA DA EN CB FR FK HI GH BS AB BS GA GX GH DR DQ FL CQ FX DO DT BN CE FJ CE HJ CE ER GR BX CY EJ EV EO FN EO HD GU DD BQ BY AX BY EQ DK
94
FA FA
CS CS
BC BC
CA CA
DI DI
BH BH
EY EY
DZ DZ
GB GB
DN DN
HJ HJ
AU AU
BE BE
CW CW
AO AO
CE CE
AN AN
EN EN
DP DP
HE HE
DF DF
DU DU
AB AB
AZ AZ
AG AG
DM DM
DX DX
ED ED
CT CT
FZ FZ
HC HC
FB FB
CP CP
DO DO
EO EO
AK AK
DB DB
CY CY
EA EA
CD CD
CR CR
FP FP
FH FH
EL EL
FG FG
BV BV
DL DL
EP EP
HF HF
FN FN
GX GX
BW BW
DD DD
GY GY
AT AT
EQ EQ
HI HI
EB EB
FT FT
CI CI
AM AM
FW FW
CM CM
BI BI
CK CK
GV GV
ET ET
GZ GZ
EM EM
EW EW
GR GR
BR BR
CC CC
GG GG
BL BL
FD FD
AA AA
CU CU
DE DE
BF BF
AY AY
EF EF
DT DT
ES ES
GT GT
AV AV
HB HB
BM BM
BP BP
CG CG
HD HD
GN GN
BZ BZ
CX CX
