Soda ResidenceHalls LowerSproulPlaza AlumniHouse HaasPavilion CheitHall BlumHall BirgeHall GiauqueHall BlackwellHall McEnerneyHall GayleyRd MorrisonHall OptometryClinic NorthGateHall HesseHall KroeberHall FacultyClub EvansDiamond BarrowLane BarrowsHall BARTStation MinorHall DonnerLab ChanShunAuditorium MinorHallAddition MorganHall GoldmanField Cory OldArtGallery LevineFrickeField EdwardsStadium BanwayBldg McLaughlinHall CaliforniaHall KoshlandHall BerkeleyWayWest BrainImagingCenter ClearyHall EvansHall BotanicalGarden LeConteHall PoliceUC EyeCenter CyclotronRd BerkeleyArtMuseum AnthonyHall Campanile ChouHall FoundersRock GilmanHall EastGate HilgardHall TangCenter LewisHall BancroftLibrary BoaltHall JacobsHall MosesHall Moffitt MulfordHall CalvinLaboratory ClarkKerrCampus MaxwellFamilyField McConeHall CampbellHall EastAsianLibrary Greenhouse MLK BowlesHall HearstMiningCircle HertzHall CNMAT EtcheverryHall InternationalHouse DavisHall HearstGreekTheatre GianniniHall FoxCottage PimentelHall HearstFieldAnnex DurantHall ObservatoryHill EshlemanHall RSF LatimerHall HavilandHall DoeMemorialLibrary NorthField FacultyGlade IshiCourt BarkerHall KrutchTheater CareerCenter VLSB Insectary Dwinelle GoldmanPlaza HildebrandHall OBrienHall Soda
40
AlumniHouse AlumniHouse
AnthonyHall AnthonyHall
BancroftLibrary BancroftLibrary
BanwayBldg BanwayBldg
BarkerHall BarkerHall
BarrowLane BarrowLane
BarrowsHall BarrowsHall
BARTStation BARTStation
BerkeleyArtMuseum BerkeleyArtMuseum
BerkeleyWayWest BerkeleyWayWest
BirgeHall BirgeHall
BlackwellHall BlackwellHall
BlumHall BlumHall
BoaltHall BoaltHall
BotanicalGarden BotanicalGarden
BrainImagingCenter BrainImagingCenter
EastAsianLibrary EastAsianLibrary
CaliforniaHall CaliforniaHall
CalvinLaboratory CalvinLaboratory
Campanile Campanile
CampbellHall CampbellHall
CareerCenter CareerCenter
ChanShunAuditorium ChanShunAuditorium
VLSB VLSB
CheitHall CheitHall
ChouHall ChouHall
ClarkKerrCampus ClarkKerrCampus
CNMAT CNMAT
Cory Cory
CyclotronRd CyclotronRd
DavisHall DavisHall
DoeMemorialLibrary DoeMemorialLibrary
DonnerLab DonnerLab
DurantHall DurantHall
Dwinelle Dwinelle
EastGate EastGate
EdwardsStadium EdwardsStadium
EshlemanHall EshlemanHall
EtcheverryHall EtcheverryHall
EvansDiamond EvansDiamond
