Soda EtcheverryHall WicksonNaturalArea OptometryClinic Piedmont NorthField FacultyGlade Emeryville HaasSchoolofBusiness LevineFrickeField UniversityHall Hayward EyeCenter FosterCity BarrowLane ChanShunAuditorium ChvezStudentCenter FoxCottage HertzHall GrinnellNaturalArea Unit1 Saratoga MartinezCommons BerkeleyArtMuseum Sausalito Cory Dwinelle CNMAT EastGate ChouHall TangCenter Hillsborough MosesHall SanRamon Sebastopol Belmont BerkeleyWayWest BancroftLibrary Larkspur CampbellHall HeatingPlantCentral CyclotronRd MLK WomenFacultyClub Healdsburg SutardjaDaiHall Campanile LatimerHall MaxwellFamilyField ElCerrito MinorHall SatherGate LeConteHall Insectary Novato Pittsburg McConeHall SpiekerPlaza EastAsianLibrary CareerCenter DurantHall HearstMiningCircle Sonoma OBrienHall ObservatoryHill GianniniHall WarrenHall Lafayette Albany SanRafael SatherRd Napa Campbell HilgardHall SanPablo GayleyRd Petaluma PleasantHill IshiCourt Pacifica Unit2 PoliceUC Benicia Fairfield SanMateo JacobsHall ResidenceHalls GoldmanField BirgeHall WheelerHall SanFrancisco GoldmanPlaza WitterField SimpsonCenter WestCircle GilmanHall EvansDiamond InternationalHouse SuisunCity HavilandHall McEnerneyHall HearstGreekTheatre CalvinLaboratory Hercules SantaClara TanHall KroeberHall BoaltHall HesseHall BlumHall BotanicalGarden BowlesHall EvansHall Brisbane LifeSciencesAddition SantaRosa BrainImagingCenter HildebrandHall SpringerGateway MorganHall Antioch MinorHallAddition FoundersRock StHelena KleebergerFieldHouse Classof1914Fountain AnthonyHall CaliforniaHall HaasPavilion HellmanTennisComplex SimonHall SouthHall BARTStation SatherTower ClearyHall FairfaxNewark AmericanCanyon KrutchTheater MulfordHall ZellerbachHall Pinole Oakland SproulHall BlackwellHall StanleyHall Orinda Oakley BarrowsHall LewisHall WestGate MorrisonHall HearstFieldAnnex GiauqueHall Berkeley Alameda MemorialGladeandPool StadiumRimWay McLaughlinHall WellmanHall SternHall MountainView WooHonFaiHall KoshlandHall OldArtGallery LowerSproulPlaza DavisHall Unit3 DonnerLab NorthGateHall HargroveMusicLibrary FacultyClub UCBerkeleyExtension BanwayBldg UniversityHouse Atherton AlumniHouse ClarkKerrCampus HalfMoonBay Gilroy PaloAlto WursterHall Brentwood Greenhouse EdwardsStadium SanLeandro BarkerHall Moffitt Calistoga PimentelHall Belvedere VLSB FrankSchlessingerWay Burlingame ZellerbachPlayhouse LegendsAquaticCenter SproulPlaza RSF VisitorCenter EshlemanHall SeniorHall Soda
70
Campanile Campanile
GiauqueHall GiauqueHall
ClearyHall ClearyHall
IshiCourt IshiCourt
Fairfield Fairfield
StadiumRimWay StadiumRimWay
LowerSproulPlaza LowerSproulPlaza
ZellerbachPlayhouse ZellerbachPlayhouse
SatherTower SatherTower
ZellerbachHall ZellerbachHall
AnthonyHall AnthonyHall
ClarkKerrCampus ClarkKerrCampus
Healdsburg Healdsburg
Pinole Pinole
DonnerLab DonnerLab
SanPablo SanPablo
Saratoga Saratoga
EtcheverryHall EtcheverryHall
NorthGateHall NorthGateHall
Brisbane Brisbane
Belmont Belmont
HearstMiningCircle HearstMiningCircle
PimentelHall PimentelHall
BancroftLibrary BancroftLibrary
KroeberHall KroeberHall
KleebergerFieldHouse KleebergerFieldHouse
Oakley Oakley
GilmanHall GilmanHall
SternHall SternHall
WheelerHall WheelerHall
WestCircle WestCircle
ChouHall ChouHall
HargroveMusicLibrary HargroveMusicLibrary
HertzHall HertzHall
LewisHall LewisHall
GoldmanField GoldmanField
EvansHall EvansHall
MartinezCommons MartinezCommons
Insectary Insectary
Unit1 Unit1
HearstGreekTheatre HearstGreekTheatre
Pittsburg Pittsburg
FoundersRock FoundersRock
EastGate EastGate
Pacifica Pacifica
Benicia Benicia
Piedmont Piedmont
Cory Cory
MinorHallAddition MinorHallAddition
Orinda Orinda
Alameda Alameda
Hayward Hayward
Albany Albany
SanRamon SanRamon
WursterHall WursterHall
BlumHall BlumHall
Emeryville Emeryville
WellmanHall WellmanHall
BarkerHall BarkerHall
WicksonNaturalArea WicksonNaturalArea
StHelena StHelena
SanRafael SanRafael
Hillsborough Hillsborough
SproulPlaza SproulPlaza
WomenFacultyClub WomenFacultyClub
FrankSchlessingerWay FrankSchlessingerWay
WestGate WestGate
CalvinLaboratory CalvinLaboratory
Unit3 Unit3
MulfordHall MulfordHall
