Soda Campanile AlumniHouse BanwayBldg BarkerHall BanwayBldg AlumniHouse BarrowLane Dwinelle ClarkKerr Dwinelle BarrowLane AlumniHouse BarrowsHall CampbellHall CareerCenter CampbellHall BarrowsHall AlumniHouse Soda Jacobs HaasPavilion GreekTheatre EshlemanHall EyeCenter LeConteHall MemorialGlade MLK Lawrence MLK LeConteHall EshlemanHall LowerSproul EshlemanHall GreekTheatre HaasPavilion Jacobs Soda SatherTower Moffitt MorganHall MorrisonHall MosesHall MorrisonHall MorganHall Moffitt SatherTower RSF SatherRd SatherTower SatherGate NorthField MulfordHall NorthField SatherGate SatherTower Soda SeniorHall SproulHall SeniorHall TangCenter SproulPlaza SutardjaDaiHall Unit1 SutardjaDaiHall TangCenter WursterHall SeniorHall Zellerbach SeniorHall Soda Unit3 Unit2 Unit3 Soda
18
Campanile Campanile
CareerCenter CareerCenter
BarkerHall BarkerHall
Dwinelle Dwinelle
EyeCenter EyeCenter
Jacobs Jacobs
LeConteHall LeConteHall
MemorialGlade MemorialGlade
MLK MLK
Lawrence Lawrence
MorrisonHall MorrisonHall
MorganHall MorganHall
MulfordHall MulfordHall
SatherRd SatherRd
SproulPlaza SproulPlaza
SutardjaDaiHall SutardjaDaiHall
Unit1 Unit1
WursterHall WursterHall
