McLaughlinHall BancroftParkingStruc McLaughlinHall SimpsonCenterforStud McLaughlinHall WarrenHall McLaughlinHall OxfordResearchUnit McLaughlinHall LevineFrickeSoftball BotanicalGarden McLaughlinHall CareerCenter UnderhillParkingFaci McLaughlinHall EastAsianStudiesInst Stradda Library McLaughlinHall CampusSharedServices McLaughlinHall HertzHall EvansDiamond McLaughlinHall SeniorHall GiauqueHall McLaughlinHall LegendsAquaticCenter RedwoodGroveBotanica UCBerkeleyExtension CaliforniaMemorialSt Unit3ResidentHall EshlemanHall McLaughlinHall PacificFilmArchiveBe FacultyGlade GianniniHall MathematicalSciences StephensHall McLaughlinHall CNMAT1750ArchSt McLaughlinHall BancroftLibrary GrinnellNaturalArea EastAsianLibrary SimonHall DurantHall OBrienHall DwinelleHall ResidentialStudentSe HasteStreetChildDeve McLaughlinHall FallProgramforFreshm ManvilleHall InsectaryGreenhouse BerkeleyArtMuseumand McLaughlinHall WitterRugbyField WursterHall CrescentSpringerGate McLaughlinHall HavilandHall McLaughlinHall SummerSession CheitHall HargroveMusicLibrary LatinAmericanStudies SouthHall LowerHearstParkingSt McLaughlinHall KoretVisitorCenter GoldmanSchool UniversityHealthServ GeneticsandPlantBiol Unit1ResidentHall McLaughlinHall ClearyHall McLaughlinHall McConeHall StudentUnion EnergyBiosciencesBui McLaughlinHall MelvinCalvinLaborato BlackwellHall WomensFacultyClub MagnesCollectionofJe McLaughlinHall StrawberryCanyonRecr LifeSciencesAddition McLaughlinHall KroeberHall NorthGateHall RecreationalSportsFa EucalyptusGrove MoffittLibrary McLaughlinHall SpiekerAquaticsCompl EtcheverryHall LowerSproulPlaza JonesChildStudyCente FoothillResidenceHal McLaughlinHall HearstGreekTheatre WheelerHall McLaughlinHall AnthonyHall PublicAffairsOfficeo ObservatoryHill McLaughlinHall Romeos ZellerbachHall AnnaHeadAlumnaeHall WooHonFaiHall OfficeofPublicAffair KoshlandHall McLaughlinHall Sebastians VisitorCenter McLaughlinHall SamsPad McLaughlinHall BoaltHall McLaughlinHall
48
CNMAT1750ArchSt CNMAT1750ArchSt
EvansDiamond EvansDiamond
WitterRugbyField WitterRugbyField
RedwoodGroveBotanica RedwoodGroveBotanica
PublicAffairsOfficeo PublicAffairsOfficeo
HasteStreetChildDeve HasteStreetChildDeve
UCBerkeleyExtension UCBerkeleyExtension
GrinnellNaturalArea GrinnellNaturalArea
SeniorHall SeniorHall
EastAsianStudiesInst EastAsianStudiesInst
AnnaHeadAlumnaeHall AnnaHeadAlumnaeHall
Unit3ResidentHall Unit3ResidentHall
DurantHall DurantHall
BancroftParkingStruc BancroftParkingStruc
FacultyGlade FacultyGlade
CampusSharedServices CampusSharedServices
SamsPad SamsPad
RecreationalSportsFa RecreationalSportsFa
StrawberryCanyonRecr StrawberryCanyonRecr
EshlemanHall EshlemanHall
JonesChildStudyCente JonesChildStudyCente
InsectaryGreenhouse InsectaryGreenhouse
WarrenHall WarrenHall
MoffittLibrary MoffittLibrary
EtcheverryHall EtcheverryHall
CareerCenter CareerCenter
StephensHall StephensHall
MathematicalSciences MathematicalSciences
ZellerbachHall ZellerbachHall
HertzHall HertzHall
McLaughlinHall McLaughlinHall
EnergyBiosciencesBui EnergyBiosciencesBui
VisitorCenter VisitorCenter
BerkeleyArtMuseumand BerkeleyArtMuseumand
BotanicalGarden BotanicalGarden
SimpsonCenterforStud SimpsonCenterforStud
MagnesCollectionofJe MagnesCollectionofJe
KroeberHall KroeberHall
ResidentialStudentSe ResidentialStudentSe
GiauqueHall GiauqueHall
Library Library
LegendsAquaticCenter LegendsAquaticCenter
Romeos Romeos
LevineFrickeSoftball LevineFrickeSoftball
SpiekerAquaticsCompl SpiekerAquaticsCompl
GoldmanSchool GoldmanSchool
GianniniHall GianniniHall
WomensFacultyClub WomensFacultyClub
