BerkeleyArtMuseumand SternHall BerkeleyArtMuseumand LowerHearstParkingSt PacificFilmArchiveBe BerkeleyArtMuseumand HearstMiningCircle NorthGateHall BerkeleyArtMuseumand FoxCottage2350Bowdit HaasClubhouse JacobsHall KoshlandHall BerkeleyArtMuseumand OBrienHall Unit1ResidentHall BoaltHall HaasPavilion BerkeleyArtMuseumand MartinLutherKingJrSt LeConteHall BerkeleyArtMuseumand TangCenter BerkeleyArtMuseumand EdwardsTrackStadiumG ArchitectsEngineersA BerkeleyArtMuseumand MemorialGlade GrinnellNaturalArea WooHonFaiHall BerkeleyArtMuseumand HavilandHall BerkeleyArtMuseumand HearstFieldAnnex AnthonyHall BerkeleyArtMuseumand WheelerHall LawrenceBerkeleyNati HellmanTennisCenter BerkeleyArtMuseumand CesarEChavezStudentC BerkeleyArtMuseumand ChanningBowditchApar SummerSession HenryHWheelerBrainIm GilmanHall WomensFacultyClub GeneticsandPlantBiol NorthField DonnerLaboratory BerkeleyArtMuseumand Unit2ResidentHall MartinezCommons AlumniHouse BerkeleyArtMuseumand EucalyptusGrove BerkeleyArtMuseumand WarrenHall BerkeleyArtMuseumand StudentUnion LatimerHall CaliforniaHall EshlemanHall HertzHall AcademicInnovationSt BerkeleyArtMuseumand JuliaMorganHall BowlesHall BerkeleyArtMuseumand CampbellHall CNMAT1750ArchSt BerkeleyArtMuseumand StarrEastAsianLibrar BerkeleyArtMuseumand DavisHall BerkeleyArtMuseumand BechtelEngineeringCe LowerSproulPlaza RedwoodGroveBotanica SamsPad BerkeleyArtMuseumand Library CheitHall BerkeleyArtMuseumand BlumHall DwightWayChildDevelo BerkeleyArtMuseumand BerkeleyWayWest BerkeleyArtMuseumand AHammock StanleyHall SoutheastAsianStudie BlackwellHall BerkeleyArtMuseumand LawSchool HearstGreekTheatre GoldmanField LifeSciencesAddition EastAsianLibrary BerkeleyArtMuseumand TanHall MaxwellFamilyFieldan AndersenAuditorium VisitorCenter MelvinCalvinLaborato HaasSchoolofBusiness UniversityHouse BerkeleyArtMuseumand OldArtGallery GoldmanSchool BerkeleyArtMuseumand MulfordHall BarrowsHall UniversityHall BerkeleyArtMuseumand KoretVisitorCenter PublicAffairsOfficeo BerkeleyArtMuseumand AnnaHeadAlumnaeHall BerkeleyArtMuseumand WellmanHall BerkeleyArtMuseumand OfficeofPublicAffair DwinelleAnnex ChancellorsEsplanade BerkeleyArtMuseumand InvestigativeReporti BerkeleyArtMuseumand GraduateTheologicalU MinorHallAddition StrawberryCanyonRecr BerkeleyArtMuseumand SatherTower RecreationalSportsFa BerkeleyArtMuseumand FacultyGlade BerkeleyArtMuseumand EastAsianStudiesInst ResidentialStudentSe ZellerbachHall BerkeleyArtMuseumand CITRIS BancroftLibrary SutardjaDaiHall WitterRugbyField SimonHall FacultyClub SimpsonCenterforStud BerkeleyArtMuseumand HearstMemorialMining WursterHall CareerCenter PimentelHall MosesHall SpiekerAquaticsCompl EvansHall UCBerkeleyExtension BerkeleyArtMuseumand McConeHall BerkeleyArtMuseumand GianniniHall ClearyHall NaturalResourcesLabo ArchaeologicalResear SpaceSciencesLaborat MorrisonHall BerkeleyArtMuseumand SouthHall McLaughlinHall BerkeleyArtMuseumand IRLE UpperHearstParkingSt ClarkKerrCampus LatinAmericanStudies MoffittLibrary ManvilleHall IdaLouiseJacksonGrad LegendsAquaticCenter ValleyLifeSciencesBu Unit3ResidentHall BerkeleyArtMuseumand BirgeHall BerkeleyArtMuseumand EtcheverryHall BerkeleyArtMuseumand MorganHall EarthquakeEngineerin LawrenceHallofScienc LiKaShingCenter BerkeleyArtMuseumand HildebrandHall BerkeleyArtMuseumand Sebastians BotanicalGarden BerkeleyArtMuseumand CampusSharedServices EnergyBiosciencesBui BerkeleyArtMuseumand Extension BerkeleyArtMuseumand MathematicalSciences EllsworthParkingStru SodaHall BerkeleyArtMuseumand FallProgramforFreshm BerkeleyArtMuseumand InternationalHouse LevineFrickeSoftball CalvinLaboratory JonatansCrazyHouse GolbousPlace BerkeleyArtMuseumand WestCircle MinorHall BerkeleyArtMuseumand HasteStreetChildDeve BerkeleyArtMuseumand KroeberHall BerkeleyArtMuseumand EvansDiamond CoryHall UniversityHealthServ BerkeleyArtMuseumand CampanileSatherTower BerkeleyArtMuseumand LewisHall BerkeleyArtMuseumand JacksonGraduateHouse ObservatoryHill MagnesCollectionofJe CrescentSpringerGate BerkeleyArtMuseumand BancroftDanceStudio Demography DurantHall BanwayBuilding MariesHouse SproulHall InsectaryGreenhouse BerkeleyArtMuseumand
82
FoxCottage2350Bowdit FoxCottage2350Bowdit
MartinezCommons MartinezCommons
FallProgramforFreshm FallProgramforFreshm
AnthonyHall AnthonyHall
GoldmanField GoldmanField
SimpsonCenterforStud SimpsonCenterforStud
PublicAffairsOfficeo PublicAffairsOfficeo
BowlesHall BowlesHall
BancroftLibrary BancroftLibrary
McConeHall McConeHall
CesarEChavezStudentC CesarEChavezStudentC
LeConteHall LeConteHall
MaxwellFamilyFieldan MaxwellFamilyFieldan
KoshlandHall KoshlandHall
GianniniHall GianniniHall
BancroftDanceStudio BancroftDanceStudio
CareerCenter CareerCenter
HavilandHall HavilandHall
MariesHouse MariesHouse
SutardjaDaiHall SutardjaDaiHall
ObservatoryHill ObservatoryHill
KoretVisitorCenter KoretVisitorCenter
StanleyHall StanleyHall
Demography Demography
HearstMemorialMining HearstMemorialMining
AlumniHouse AlumniHouse
EnergyBiosciencesBui EnergyBiosciencesBui
PacificFilmArchiveBe PacificFilmArchiveBe
NorthField NorthField
ArchitectsEngineersA ArchitectsEngineersA
InsectaryGreenhouse InsectaryGreenhouse
BanwayBuilding BanwayBuilding
MulfordHall MulfordHall
MagnesCollectionofJe MagnesCollectionofJe
FacultyGlade FacultyGlade
WarrenHall WarrenHall
GraduateTheologicalU GraduateTheologicalU
SpiekerAquaticsCompl SpiekerAquaticsCompl
MosesHall MosesHall
EvansHall EvansHall
ManvilleHall ManvilleHall
BarrowsHall BarrowsHall
EvansDiamond EvansDiamond
HaasSchoolofBusiness HaasSchoolofBusiness
EdwardsTrackStadiumG EdwardsTrackStadiumG
LegendsAquaticCenter LegendsAquaticCenter
FacultyClub FacultyClub
InternationalHouse InternationalHouse
MathematicalSciences MathematicalSciences
GolbousPlace GolbousPlace
LawSchool LawSchool
LatinAmericanStudies LatinAmericanStudies
IRLE IRLE
EastAsianStudiesInst EastAsianStudiesInst
Unit1ResidentHall Unit1ResidentHall
UniversityHouse UniversityHouse
CaliforniaHall CaliforniaHall
SimonHall SimonHall
ClarkKerrCampus ClarkKerrCampus
MorrisonHall MorrisonHall
EllsworthParkingStru EllsworthParkingStru
NaturalResourcesLabo NaturalResourcesLabo
BerkeleyArtMuseumand BerkeleyArtMuseumand
Sebastians Sebastians
CheitHall CheitHall
LawrenceHallofScienc LawrenceHallofScienc
LawrenceBerkeleyNati LawrenceBerkeleyNati
McLaughlinHall McLaughlinHall
Library Library
LiKaShingCenter LiKaShingCenter
WellmanHall WellmanHall
CoryHall CoryHall
SatherTower SatherTower
ZellerbachHall ZellerbachHall
AHammock AHammock
UpperHearstParkingSt UpperHearstParkingSt
InvestigativeReporti InvestigativeReporti
LowerHearstParkingSt LowerHearstParkingSt
AcademicInnovationSt AcademicInnovationSt
ChancellorsEsplanade ChancellorsEsplanade
HenryHWheelerBrainIm HenryHWheelerBrainIm
UniversityHealthServ UniversityHealthServ
