LegendsAquaticCenter ClarkKerrCampus LeConteHall ClearyHall GoldmanField LegendsAquaticCenter StarrEastAsianLibrar BancroftParkingStruc LegendsAquaticCenter CITRIS ValleyLifeSciencesBu LegendsAquaticCenter SoutheastAsianStudie EllsworthParkingStru LegendsAquaticCenter ZellerbachHall LegendsAquaticCenter MoffittLibrary SatherTower LegendsAquaticCenter EucalyptusGrove IRLE SodaHall CampusSharedServices NorthField WheelerHall TanHall ObservatoryHill LegendsAquaticCenter BlackwellHall LewisHall LegendsAquaticCenter CNMAT1750ArchSt BarrowsHall KroeberHall SimpsonCenterforStud LegendsAquaticCenter DurantHall ChancellorsEsplanade BarkerHall InvestigativeReporti NorthGateHall FoothillResidenceHal LegendsAquaticCenter MemorialGlade GolbousPlace LevineFrickeSoftball HesseHall LegendsAquaticCenter SutardjaDaiHall LegendsAquaticCenter RecreationalSportsFa StudentUnion LawSchool LegendsAquaticCenter Unit3ResidentHall StrawberryCanyonRecr CoryHall BerkeleyArtMuseumand LegendsAquaticCenter
20
EllsworthParkingStru EllsworthParkingStru
DurantHall DurantHall
LawSchool LawSchool
CITRIS CITRIS
NorthField NorthField
InvestigativeReporti InvestigativeReporti
LevineFrickeSoftball LevineFrickeSoftball
LegendsAquaticCenter LegendsAquaticCenter
GolbousPlace GolbousPlace
LeConteHall LeConteHall
SodaHall SodaHall
ValleyLifeSciencesBu ValleyLifeSciencesBu
NorthGateHall NorthGateHall
LewisHall LewisHall
MemorialGlade MemorialGlade
SatherTower SatherTower
EucalyptusGrove EucalyptusGrove
StarrEastAsianLibrar StarrEastAsianLibrar
GoldmanField GoldmanField
SoutheastAsianStudie SoutheastAsianStudie
