a b g k l m b n q r b ab ac b ae af ah an b ap b bj bs by cb ck cm cq cy di do dp b dt du dv dy ec en ew ex b fa fd b fe b fk fq ft b fu ga ge c u c ai aw bb c ci ds c em c es et ez c fj fl gk gq c a d f cw eg f z d cs d ef d gr e ax h i a j o p s t a v w x a y aa a ad ag aj ak al a am a ao a aq ar as a at au av a ay a az a ba a bc bd be bf bg a bh a bi bk bl bm bn a bo bp a bq br a bt a bu a bv bw bx a bz ca cc a cd ce cf cg a ch a cj cl cn a co a cp cr ct cu a cv a cx cz da db dc dd a de df dg dh a dj dk dl dm dn dq dr dw dx dz a ea eb ed ee eh ei a ej a ek el a eo ep eq a er a eu a ev ey a fb fc a ff fg a fh fi fm fn fo a fp fr fs fv fw fx fy fz gb a gc a gd a gf a gg gh a gi gj a gl a gm gn go gp a
100
aj aj
fl fl
et et
aw aw
ci ci
fy fy
fn fn
w w
ec ec
eu eu
ae ae
ey ey
cv cv
ep ep
aa aa
de de
em em
m m
bl bl
gn gn
dq dq
az az
ex ex
u u
en en
df df
ee ee
dm dm
y y
du du
dt dt
ff ff
cl cl
e e
bi bi
fb fb
dx dx
bd bd
ct ct
bc bc
ga ga
eq eq
eg eg
dg dg
p p
ag ag
bm bm
gl gl
b b
ck ck
fh fh
ap ap
fa fa
cs cs
fz fz
l l
do do
cu cu
fv fv
ev ev
ar ar
er er
ea ea
a a
fd fd
t t
h h
fr fr
ew ew
c c
cq cq
ak ak
al al
fg fg
j j
fu fu
gp gp
bv bv
gh gh
dn dn
o o
ah ah
dj dj
gb gb
br br
cd cd
k k
gm gm
ch ch
fs fs
by by
bf bf
ed ed
an an
cp cp
cb cb
bz bz
ab ab
bb bb
dv dv
