a d b c h c ac at bg c b e r i b j p b t ae af am ao aq b ar au b aw ba b bk bn b bs bt bz co cv s d ab bj bo d a f u f g k cn cq l cp m n o q v a w x y z cu z a aa ad ag ah ai aj ak a al an ap a as av a ax ay az a bb bc a bd be bf a bh bi bl bm a bp bq a br a bu a bv bw a bx by ca cb cc cd ce cf cg ch a ci cj ck cl cm cr a cs a ct a
50
by by
ch ch
bs bs
i i
y y
bi bi
q q
ce ce
bt bt
f f
cn cn
cj cj
bk bk
ai ai
o o
cg cg
am am
bm bm
cb cb
bg bg
aa aa
z z
w w
ba ba
x x
bu bu
bd bd
ar ar
ap ap
aq aq
a a
d d
m m
t t
n n
j j
p p
bq bq
bl bl
bp bp
be be
bx bx
al al
cp cp
aw aw
cr cr
cm cm
bw bw
ae ae
av av
