Zeus Bloodseeker Lulu Xayah Timbersaw Sion Syndra Katarina Enchantress EarthSpirit Mirana Leshrac Braum Timbersaw Juggernaut Axe Twitch Gragas Shen Tinker Twitch Jax Nocturne Visage AncientApparition Nidalee AncientApparition Jax Blitzcrank EmberSpirit Dazzle Olaf Rammus Kled Renekton Slardar Tidehunter TreantProtector Lycan Yorick Sona Lycan TreantProtector Sven ElderTitan Skarner Lulu Bloodseeker Zeus
20
EmberSpirit EmberSpirit
Leshrac Leshrac
Slardar Slardar
Dazzle Dazzle
TreantProtector TreantProtector
Braum Braum
Zeus Zeus
Bloodseeker Bloodseeker
Sven Sven
Renekton Renekton
Axe Axe
ElderTitan ElderTitan
Nocturne Nocturne
Twitch Twitch
Syndra Syndra
Lycan Lycan
Blitzcrank Blitzcrank
Xayah Xayah
Lulu Lulu
Shen Shen
