Pantheon Ahri ArcWarden Omniknight Spectre Kayn Skarner Bard Jhin Kled Swain Lux RekSai Kalista Jayce Shyvana Ashe XinZhao Renekton Magnus Windranger Lucian Ursa Undying Morgana Anivia Riven Pantheon Thresh Weaver LoneDruid Oracle LoneDruid Nautilus Nunu MasterYi Nunu Ezreal SandKing Braum Sona Rammus Disruptor KogMaw CrystalMaiden Chen SkywrathMage ChaosKnight SpiritBreaker Rumble SpiritBreaker Draven Bristleback Tailyah Razor Axe Maokai Jinx ChaosKnight Lich Ekko Fiddlesticks Xerath ChaosKnight Ziggs Graves Akali Heimerdinger Broodmother VelKoz Ziggs CentaurWarrunner Galio Phoenix Jax WraithKing ElderTitan WraithKing OutworldDevourer Visage Viper Zilean Cassiopeia Bane TrollWarlord Bane Shen Talon NightStalker Kennen LegionCommander BountyHunter NaturesProphet Sejuani Slark Malphite Tiny Pantheon
48
Jinx Jinx
Nunu Nunu
Akali Akali
Spectre Spectre
Anivia Anivia
CrystalMaiden CrystalMaiden
CentaurWarrunner CentaurWarrunner
Oracle Oracle
Xerath Xerath
Jayce Jayce
Disruptor Disruptor
Lux Lux
Jhin Jhin
BountyHunter BountyHunter
Malphite Malphite
Tiny Tiny
Draven Draven
Rumble Rumble
LoneDruid LoneDruid
NightStalker NightStalker
Ezreal Ezreal
Tailyah Tailyah
KogMaw KogMaw
Ziggs Ziggs
Talon Talon
Morgana Morgana
Skarner Skarner
Magnus Magnus
Jax Jax
Lich Lich
Heimerdinger Heimerdinger
Ashe Ashe
ChaosKnight ChaosKnight
Kled Kled
MasterYi MasterYi
Bard Bard
ArcWarden ArcWarden
SpiritBreaker SpiritBreaker
Bristleback Bristleback
Maokai Maokai
Slark Slark
Phoenix Phoenix
TrollWarlord TrollWarlord
WraithKing WraithKing
Ahri Ahri
Galio Galio
Shyvana Shyvana
Lucian Lucian
