Fizz Earthshaker Anivia Beastmaster Orianna Nunu Razor Kassadin Swain NaturesProphet Fiora Syndra OutworldDevourer Razor Jinx QueenofPain Clinkz CentaurWarrunner ShadowDemon WitchDoctor Hecarim Volibear Kindred Hecarim Pantheon DeathProphet Timbersaw TahmKench Pugna Magnus DragonKnight LeBlanc ShadowFiend Kled Maokai Chen Malzahar Terrorblade Xayah Tailyah Evelynn VelKoz Visage ChaosKnight Io Spectre EarthSpirit StormSpirit Taric Ashe TreantProtector Ziggs Darius Vayne Tristana AncientApparition Bane Huskar Warlock Viktor Undying Ahri FacelessVoid Thresh Jayce Sona DrowRanger Tusk Zeus Ekko PhantomAssassin Ezreal Necrophos Talon Alchemist Karma Illaoi Weaver Udyr Invoker Lina Janna JarvanIV Xerath TrollWarlord Elise Techies DrMundo Riki ChoGath Quinn Poppy NightStalker Anivia Rubick Anivia Katarina Nidalee Kennen Vladimir Gragas Slark Yorick Slark Trundle Gragas MasterYi Malphite Vi Bard Aatrox LoneDruid Medusa BountyHunter Fiddlesticks Camille Bloodseeker Wukong Mirana Jakiro Lulu KhaZix Nautilus Veigar Morphling Gyrocopter Morphling Alistar Draven Nautilus Dazzle Akali Tidehunter Silencer Nasus Twitch Windranger Nocturne Soraka WinterWyvern Omniknight Amumu Sven Slardar Zed Lich Zed DarkSeer Soraka Meepo ShadowShaman Urgot Fiddlesticks SkywrathMage Galio Morgana Cassiopeia Lucian SpiritBreaker CrystalMaiden Sniper Oracle Brand Leona Annie Heimerdinger Clockwerk Azir SpiritBreaker Doom Tryndamere Rumble Phoenix Venomancer EmberSpirit Lifestealer Brewmaster Ivern Corki Zilean LoneDruid ArcWarden Sivir TwistedFate Enigma Teemo Rengar Shen Singed Tiny Pudge Puck ArcWarden Rammus Kayn Nami Irelia Ryze Leshrac KogMaw Fizz
89
Thresh Thresh
Heimerdinger Heimerdinger
Huskar Huskar
Sven Sven
Nasus Nasus
Medusa Medusa
Tiny Tiny
Katarina Katarina
Terrorblade Terrorblade
KhaZix KhaZix
Slardar Slardar
Kassadin Kassadin
Gragas Gragas
Kennen Kennen
CentaurWarrunner CentaurWarrunner
Sniper Sniper
WinterWyvern WinterWyvern
Nidalee Nidalee
NightStalker NightStalker
Annie Annie
Singed Singed
Quinn Quinn
Ekko Ekko
Venomancer Venomancer
Karma Karma
Omniknight Omniknight
StormSpirit StormSpirit
BountyHunter BountyHunter
Warlock Warlock
Weaver Weaver
ShadowFiend ShadowFiend
DeathProphet DeathProphet
Fiddlesticks Fiddlesticks
Janna Janna
Undying Undying
Rengar Rengar
Fizz Fizz
Magnus Magnus
Visage Visage
TrollWarlord TrollWarlord
Kled Kled
Jinx Jinx
Syndra Syndra
Sona Sona
Azir Azir
LoneDruid LoneDruid
Zed Zed
Rubick Rubick
Morphling Morphling
Irelia Irelia
Techies Techies
Beastmaster Beastmaster
FacelessVoid FacelessVoid
VelKoz VelKoz
LeBlanc LeBlanc
Amumu Amumu
Pantheon Pantheon
ShadowDemon ShadowDemon
Puck Puck
SpiritBreaker SpiritBreaker
Bane Bane
Yorick Yorick
Vladimir Vladimir
Ryze Ryze
Mirana Mirana
Slark Slark
Orianna Orianna
Trundle Trundle
JarvanIV JarvanIV
Timbersaw Timbersaw
Jayce Jayce
Ziggs Ziggs
Tristana Tristana
Xayah Xayah
Cassiopeia Cassiopeia
Chen Chen
Viktor Viktor
Leona Leona
Oracle Oracle
Lucian Lucian
Vi Vi
Nunu Nunu
Brewmaster Brewmaster
ShadowShaman ShadowShaman
Talon Talon
Rumble Rumble
Zilean Zilean
TahmKench TahmKench
Kayn Kayn
