6 2 7 2 6 3 1 4 0 8 5 9 5 6 11 15 13 14 16 19 12 10 18 19 16 14 17 11 24 20 21 27 25 20 22 29 28 26 23 26 24 30 31 37 35 34 30 33 32 38 36 38 39 30 42 40 41 44 48 49 43 46 40 45 47 42 55 51 50 54 52 51 56 51 59 51 58 57 53 55 67 66 60 64 65 61 65 64 68 62 63 66 67 69 67 73 74 78 72 79 71 75 76 75 77 70 73 80 81 84 87 86 80 82 88 83 85 80 89 80 96 90 91 95 96 92 94 98 99 97 92 96 93 96 103 105 101 102 104 102 107 100 109 108 102 106 105 103 111 113 111 114 112 115 118 112 117 110 116 110 119 110 111 124 126 123 129 128 121 120 127 120 125 122 121 128 124 133 139 130 131 130 136 130 137 138 132 139 134 135 133 143 146 147 140 141 140 144 147 145 142 149 147 146 143 148 143 158 150 151 156 157 150 153 154 150 155 159 152 159 158 168 164 162 160 167 161 165 166 163 168 169 168 172 176 170 174 178 170 175 171 170 179 177 173 177 172 189 180 185 186 184 181 187 182 184 188 183 189 172 168 158 143 133 124 111 103 96 80 73 67 55 42 30 24 11 6 199 192 190 191 192 193 195 199 196 198 197 194 197 198 199 6
92
8 8
4 4
1 1
7 7
0 0
10 10
15 15
18 18
19 19
14 14
23 23
20 20
21 21
26 26
39 39
36 36
31 31
38 38
46 46
41 41
40 40
48 48
50 50
57 57
51 51
59 59
62 62
63 63
65 65
69 69
60 60
77 77
78 78
75 75
79 79
74 74
87 87
88 88
85 85
81 81
97 97
90 90
98 98
95 95
106 106
109 109
105 105
101 101
107 107
112 112
118 118
113 113
115 115
114 114
120 120
126 126
125 125
129 129
128 128
137 137
139 139
132 132
130 130
134 134
148 148
146 146
145 145
149 149
144 144
153 153
150 150
152 152
157 157
167 167
164 164
163 163
166 166
176 176
170 170
178 178
177 177
179 179
182 182
181 181
186 186
187 187
185 185
191 191
194 194
198 198
190 190
196 196
