6 2 7 2 6 3 1 4 0 8 5 9 5 6 11 15 13 14 16 19 12 10 18 19 16 14 17 11 24 20 21 27 25 20 22 29 28 26 23 26 24 30 31 37 35 34 30 33 32 38 36 38 39 30 42 40 41 44 48 49 43 46 40 45 47 42 55 51 50 54 52 51 56 51 59 51 58 57 53 55 67 66 60 64 65 61 65 64 68 62 63 66 67 69 67 73 74 78 72 79 71 75 76 75 77 70 73 80 81 84 87 86 80 82 88 83 85 80 89 80 73 67 55 42 30 24 11 6 96 90 91 95 96 92 94 98 99 97 92 96 93 96 6
44
8 8
4 4
1 1
7 7
0 0
10 10
15 15
18 18
19 19
14 14
23 23
20 20
21 21
26 26
39 39
36 36
31 31
38 38
46 46
41 41
40 40
48 48
50 50
57 57
51 51
59 59
62 62
63 63
65 65
69 69
60 60
77 77
78 78
75 75
79 79
74 74
87 87
88 88
85 85
81 81
97 97
90 90
98 98
95 95
