0 1 10 1 11 1 12 1 13 1 14 1 15 1 16 1 17 1 18 1 0 2 19 2 20 2 21 2 22 2 23 2 24 2 25 2 26 2 27 2 0 3 28 3 29 3 30 3 31 3 32 3 33 3 34 3 35 3 36 3 0 4 37 4 38 4 39 4 40 4 41 4 42 4 43 4 44 4 45 4 0 5 46 5 47 5 48 5 49 5 50 5 51 5 52 5 53 5 54 5 0 6 55 6 56 6 57 6 58 6 59 6 60 6 61 6 62 6 63 6 0 7 64 7 65 7 66 7 67 7 68 7 69 7 70 7 71 7 72 7 0 8 73 8 74 8 75 8 76 8 77 8 78 8 79 8 80 8 81 8 0 9 82 9 83 9 84 9 85 9 86 9 87 9 88 9 89 9 90 9 0
49
11 11
15 15
10 10
17 17
21 21
25 25
18 18
22 22
26 26
32 32
29 29
27 27
39 39
36 36
41 41
40 40
43 43
49 49
48 48
44 44
50 50
57 57
54 54
55 55
59 59
64 64
61 61
63 63
70 70
68 68
71 71
73 73
80 80
77 77
76 76
79 79
87 87
89 89
82 82
83 83
1 1
2 2
3 3
4 4
5 5
6 6
7 7
8 8
9 9
