0 2 90 94 90 143 90 2 144 0 4 3 10 6 5 7 76 84 83 84 136 84 88 95 88 76 104 102 110 112 104 76 7 9 8 14 9 133 131 142 131 133 140 133 9 11 15 21 16 23 28 85 28 31 36 44 52 44 36 31 100 105 113 114 113 105 100 31 23 141 147 141 23 22 139 22 15 127 15 18 13 115 125 115 13 17 25 17 10 135 10 12 19 24 29 30 63 71 69 63 30 24 109 24 26 32 40 48 40 118 87 93 97 89 93 99 106 111 117 111 106 122 120 124 122 106 107 99 93 87 118 121 118 40 32 26 19 60 61 65 60 12 20 27 33 41 35 43 42 46 45 42 73 77 78 73 42 47 51 53 54 56 57 64 68 72 79 72 64 91 103 98 96 101 103 91 64 137 64 56 138 56 54 43 35 27 20 129 128 129 20 12 4 49 50 58 62 67 70 74 75 80 119 123 126 134 130 126 119 80 82 81 86 82 75 92 75 132 75 67 62 146 62 66 58 55 59 49 4 0 108 1 38 34 37 39 38 1 149 148 1 108 116 108 0 145 0
100
73 73
18 18
118 118
78 78
76 76
31 31
64 64
141 141
68 68
82 82
110 110
12 12
36 36
9 9
19 19
56 56
104 104
69 69
55 55
132 132
29 29
127 127
26 26
128 128
131 131
145 145
108 108
143 143
45 45
30 30
22 22
15 15
65 65
11 11
42 42
146 146
51 51
27 27
4 4
32 32
142 142
85 85
86 86
16 16
10 10
81 81
133 133
137 137
75 75
109 109
96 96
105 105
66 66
0 0
122 122
67 67
28 28
40 40
44 44
60 60
123 123
24 24
25 25
23 23
94 94
39 39
95 95
117 117
47 47
97 97
113 113
33 33
138 138
101 101
62 62
84 84
148 148
53 53
5 5
93 93
111 111
49 49
35 35
80 80
77 77
34 34
114 114
7 7
43 43
70 70
98 98
120 120
83 83
134 134
135 135
89 89
8 8
13 13
119 119
125 125
