1 77 70 65 70 77 100 25 11 50 11 80 34 47 7 4 6 33 6 26 54 98 99 67 12 90 10 85 24 49 67 20 2 20 59 20 40 99 76 68 98 54 7 41 7 51 17 38 56 17 78 82 89 51 7 95 63 22 13 3 8 87 48 87 8 55 13 22 64 46 43 44 43 46 45 16 18 52 86 92 22 62 35 15 83 15 62 60 57 21 69 97 60 62 94 30 94 72 23 9 39 14 39 9 71 61 71 9 23 72 94 75 94 84 58 84 63 96 28 27 37 42 28 93 73 91 29 36 19 5 19 36 29 91 53 91 88 31 88 81 32 81 74 66 79 25 100 1
50
68 68
5 5
58 58
1 1
41 41
14 14
61 61
39 39
71 71
2 2
99 99
33 33
85 85
77 77
19 19
7 7
49 49
42 42
40 40
87 87
35 35
82 82
72 72
73 73
26 26
9 9
64 64
17 17
63 63
16 16
62 62
53 53
3 3
100 100
6 6
76 76
29 29
55 55
8 8
90 90
67 67
21 21
94 94
50 50
28 28
83 83
81 81
12 12
91 91
45 45
