1 54 116 64 116 75 116 176 65 18 177 27 155 23 48 23 82 24 192 99 192 108 110 146 31 149 121 56 49 158 59 194 13 194 56 183 115 56 121 86 88 20 119 135 197 87 127 17 111 2 74 145 111 200 127 70 195 7 195 67 36 199 47 55 47 138 151 180 37 60 3 19 3 97 112 21 112 97 3 102 3 60 72 6 165 6 72 11 51 26 72 34 159 30 159 84 22 84 40 141 84 69 104 133 61 84 161 72 58 137 148 60 173 180 138 143 79 47 147 63 147 73 66 44 150 172 150 190 96 120 57 120 152 93 152 120 73 90 191 181 4 186 181 68 12 142 123 142 12 68 94 32 38 122 32 92 28 71 134 71 178 52 174 178 71 28 175 15 175 28 189 62 77 62 28 92 163 94 114 5 114 191 90 147 47 199 109 76 128 43 128 130 128 156 117 156 128 76 157 199 126 98 125 98 126 103 118 103 126 199 185 199 36 67 188 8 171 9 35 46 35 89 136 162 140 162 136 89 169 89 9 131 113 78 83 100 53 179 100 164 113 131 129 131 9 188 67 195 107 106 33 14 45 33 170 88 132 42 149 184 124 184 166 80 16 80 91 41 182 39 139 91 167 91 198 101 166 154 184 193 149 31 146 110 108 144 25 168 108 196 192 24 81 50 85 82 153 23 105 29 187 10 27 160 95 1
100
151 151
119 119
2 2
74 74
147 147
112 112
16 16
160 160
59 59
163 163
140 140
57 57
12 12
53 53
143 143
27 27
36 36
182 182
97 97
95 95
192 192
7 7
78 78
126 126
29 29
32 32
129 129
139 139
42 42
127 127
13 13
183 183
167 167
70 70
181 181
14 14
186 186
89 89
153 153
45 45
142 142
87 87
184 184
60 60
123 123
170 170
76 76
118 118
21 21
165 165
68 68
108 108
11 11
114 114
17 17
3 3
197 197
100 100
6 6
52 52
149 149
132 132
35 35
79 79
176 176
137 137
40 40
180 180
9 9
64 64
161 161
117 117
20 20
67 67
164 164
25 25
122 122
28 28
120 120
172 172
99 99
121 121
93 93
190 190
77 77
44 44
65 65
159 159
148 148
116 116
94 94
191 191
92 92
91 91
188 188
34 34
131 131
81 81
178 178
155 155
