16 33 63 25 79 25 63 36 22 14 22 36 89 36 43 67 55 40 9 52 57 84 21 84 56 15 80 15 56 37 26 37 59 94 48 4 61 23 95 17 29 50 32 50 58 64 58 50 28 1 5 45 3 42 30 42 3 46 74 68 74 46 3 45 49 10 24 34 49 5 1 97 1 28 95 61 4 71 41 76 2 77 2 76 41 71 44 71 51 8 18 48 94 53 94 59 65 56 84 96 0 12 38 86 99 82 20 11 20 69 81 69 20 87 20 82 62 82 72 31 72 93 66 93 57 9 40 55 67 63 39 78 27 6 78 73 75 92 19 13 19 85 7 85 19 83 60 54 88 47 35 47 98 47 88 60 83 90 83 91 70 39 16
50
86 86
93 93
75 75
90 90
31 31
51 51
7 7
23 23
33 33
35 35
94 94
17 17
60 60
92 92
84 84
37 37
29 29
58 58
0 0
96 96
5 5
18 18
19 19
82 82
88 88
62 62
68 68
40 40
50 50
80 80
36 36
11 11
74 74
21 21
61 61
6 6
53 53
25 25
3 3
55 55
44 44
20 20
65 65
83 83
85 85
81 81
52 52
39 39
77 77
15 15
