187 86 156 141 37 42 37 59 13 59 37 120 37 121 18 67 47 118 47 67 99 7 38 145 36 87 177 98 66 8 66 172 144 52 104 113 11 188 49 77 107 77 161 178 136 178 161 191 11 113 104 155 104 166 78 164 78 166 173 30 2 30 173 72 84 40 62 40 84 43 84 72 173 166 186 144 119 177 179 91 179 110 125 179 7 68 162 185 32 45 32 199 70 199 195 63 10 63 48 112 48 158 48 199 185 162 68 196 67 138 50 31 50 142 175 102 9 128 75 124 23 124 133 181 71 22 5 109 131 109 22 71 122 71 181 100 65 61 34 126 34 197 24 60 81 46 81 123 15 123 148 150 81 127 28 57 28 101 92 101 115 101 116 184 116 28 127 82 168 64 95 58 159 157 19 53 35 56 35 137 96 180 96 165 74 129 160 39 69 1 26 0 1 69 44 69 146 41 93 41 146 85 146 114 79 114 146 69 171 165 194 16 154 134 154 194 167 33 130 139 189 54 55 54 89 54 97 135 14 20 21 90 105 17 105 21 108 21 147 21 192 106 6 12 143 25 6 149 132 149 169 190 149 106 111 106 152 106 163 106 192 76 14 135 97 54 193 54 198 182 198 54 189 80 189 130 165 137 35 53 19 157 83 157 159 176 58 95 64 174 65 140 117 73 117 170 117 140 65 183 100 102 138 121 37 141 103 88 51 88 151 94 4 94 151 88 153 29 3 27 187
100
63 63
111 111
82 82
152 152
133 133
33 33
119 119
191 191
173 173
175 175
163 163
13 13
181 181
90 90
142 142
6 6
110 110
148 148
109 109
132 132
30 30
117 117
165 165
41 41
69 69
128 128
157 157
150 150
54 54
9 9
23 23
169 169
12 12
162 162
2 2
80 80
107 107
190 190
146 146
78 78
153 153
134 134
161 161
67 67
120 120
183 183
55 55
176 176
184 184
93 93
164 164
136 136
48 48
140 140
8 8
72 72
95 95
94 94
171 171
92 92
36 36
18 18
89 89
87 87
160 160
180 180
53 53
97 97
52 52
114 114
172 172
15 15
68 68
47 47
127 127
71 71
65 65
73 73
126 126
58 58
83 83
39 39
70 70
32 32
108 108
79 79
199 199
196 196
154 154
124 124
59 59
29 29
45 45
86 86
156 156
131 131
7 7
44 44
42 42
166 166
