0 1 39 77 80 12 62 19 95 27 21 61 45 75 22 18 69 3 25 83 6 50 85 37 60 86 35 40 2 68 51 93 57 23 42 7 29 10 4 54 72 53 79 38 47 43 84 52 94 64 33 24 81 9 34 89 78 63 78 82 88 11 13 8 17 28 96 20 17 36 97 58 74 99 91 31 66 55 41 76 44 46 90 49 5 56 70 30 71 15 26 59 87 48 14 48 65 98 16 73 67 92 32 0
50
1 1
2 2
3 3
4 4
5 5
6 6
7 7
8 8
9 9
10 10
11 11
12 12
13 13
14 14
15 15
16 16
17 17
18 18
19 19
20 20
21 21
22 22
23 23
24 24
25 25
26 26
27 27
28 28
29 29
30 30
31 31
32 32
33 33
34 34
35 35
36 36
37 37
38 38
39 39
40 40
41 41
42 42
43 43
44 44
45 45
46 46
47 47
48 48
49 49
50 50
