0 18 85 100 0 194 21 25 78 103 29 59 151 152 163 52 127 157 126 164 192 43 135 23 63 199 51 57 94 26 3 83 155 91 58 122 70 109 197 92 69 175 107 14 68 154 84 156 72 6 172 31 113 16 48 190 46 56 79 34 147 99 140 147 111 169 97 117 181 185 167 95 77 181 186 188 13 62 17 171 36 121 61 53 54 7 120 174 179 33 191 183 189 40 82 8 96 187 110 130 198 65 177 50 55 75 128 195 165 93 193 136 158 64 116 45 74 27 74 138 1 66 44 161 131 87 30 71 139 168 2 162 184 153 118 148 160 146 134 5 178 113 31 129 133 159 166 24 73 144 37 19 22 49 20 98 12 80 137 11 86 81 101 123 76 176 32 15 132 9 119 41 142 47 89 88 115 124 4 141 182 125 35 143 38 39 150 196 42 102 145 108 67 10 170 28 180 60 106 112 90 180 105 114 173 104 149 0
100
1 1
2 2
3 3
4 4
5 5
6 6
7 7
8 8
9 9
10 10
11 11
12 12
13 13
14 14
15 15
16 16
17 17
18 18
19 19
20 20
21 21
22 22
23 23
24 24
25 25
26 26
27 27
28 28
29 29
30 30
31 31
32 32
33 33
34 34
35 35
36 36
37 37
38 38
39 39
40 40
41 41
42 42
43 43
44 44
45 45
46 46
47 47
48 48
49 49
50 50
51 51
52 52
53 53
54 54
55 55
56 56
57 57
58 58
59 59
60 60
61 61
62 62
63 63
64 64
65 65
66 66
67 67
68 68
69 69
70 70
71 71
72 72
73 73
74 74
75 75
76 76
77 77
78 78
79 79
80 80
81 81
82 82
83 83
84 84
85 85
86 86
87 87
88 88
89 89
90 90
91 91
92 92
93 93
94 94
95 95
96 96
97 97
98 98
99 99
100 100
