e9 b4 j6 g2 f8 c4 e4 e5 a0 d9 j3 i1 c3 j0 b0 a3 i6 b8 e8 b7 c0 c8 j2 g6 b2 h9 c2 h6 h1 i7 c6 i0 j5 a4 c9 j9 a9 c1 d6 b9 a1 i9 h7 d7 g9 a7 h4 i5 d5 i2 j7 e7 i3 f9 a8 b6 j1 j4 h5 f3 b3 f0 f7 d4 h8 c5 d1 b5 d3 g5 g3 e1 f4 e3 h3 d2 f2 b1 g7 i8 f5 g1 a5 h0 e2 i4 g0 e6 d0 f6 a2 a6 d8 e0 h2 c7 f1 g4 j8 g8 e9
50
b1 b1
b3 b3
j2 j2
g4 g4
b7 b7
i2 i2
f1 f1
d2 d2
d0 d0
h3 h3
e9 e9
g1 g1
a1 a1
d5 d5
h4 h4
g3 g3
h5 h5
i1 i1
b6 b6
f9 f9
g2 g2
i3 i3
f6 f6
d3 d3
h6 h6
i7 i7
d9 d9
d1 d1
i6 i6
j1 j1
g9 g9
i8 i8
d8 d8
j3 j3
b5 b5
i0 i0
i9 i9
c8 c8
e8 e8
e2 e2
d4 d4
d7 d7
f8 f8
a4 a4
e0 e0
b2 b2
h9 h9
h2 h2
a8 a8
g8 g8
