0 128 7 59 133 141 107 21 31 36 136 116 41 142 125 180 25 56 78 48 168 94 24 119 162 190 22 26 151 175 108 156 121 184 32 68 1 42 137 171 73 64 129 165 149 186 126 80 15 144 192 47 102 39 139 18 23 45 37 58 70 17 194 117 99 195 101 160 11 188 158 164 35 191 79 84 174 154 170 29 118 178 13 49 54 131 159 97 115 2 3 138 173 53 198 52 134 27 91 145 65 95 51 83 183 148 199 150 9 93 60 76 135 4 38 124 189 157 147 81 89 63 88 82 85 92 74 176 77 166 10 50 55 96 132 163 196 72 30 153 187 197 75 20 113 123 12 43 104 69 127 46 112 193 40 71 106 161 90 155 122 143 14 130 66 87 19 185 98 5 28 61 140 34 105 8 67 110 33 86 57 6 167 16 44 120 146 177 169 62 172 109 100 179 182 152 111 114 181 103 0
100
1 1
3 3
5 5
7 7
9 9
11 11
13 13
15 15
17 17
19 19
21 21
23 23
25 25
27 27
29 29
31 31
33 33
35 35
37 37
39 39
41 41
43 43
45 45
47 47
49 49
51 51
53 53
55 55
57 57
59 59
61 61
63 63
65 65
67 67
69 69
71 71
73 73
75 75
77 77
79 79
81 81
83 83
85 85
87 87
89 89
91 91
93 93
95 95
97 97
99 99
101 101
103 103
105 105
107 107
109 109
111 111
113 113
115 115
117 117
119 119
121 121
123 123
125 125
127 127
129 129
131 131
133 133
135 135
137 137
139 139
141 141
143 143
145 145
147 147
149 149
151 151
153 153
155 155
157 157
159 159
161 161
163 163
165 165
167 167
169 169
171 171
173 173
175 175
177 177
179 179
181 181
183 183
185 185
187 187
189 189
191 191
193 193
195 195
197 197
199 199
