0 18 29 25 13 8 59 80 50 80 59 8 60 4 35 9 6 9 35 48 35 58 15 58 57 84 35 86 61 4 64 4 77 60 27 91 90 32 11 45 11 66 90 91 27 70 13 26 2 81 3 30 1 7 74 7 1 52 78 71 78 55 14 20 23 20 14 55 82 55 56 83 56 1 95 62 1 30 34 22 43 92 43 22 34 30 39 30 46 3 96 24 12 24 88 24 89 24 97 24 96 3 81 21 40 37 51 54 16 54 51 87 21 69 31 17 10 38 10 65 36 65 17 31 69 21 81 2 26 72 26 98 26 99 26 13 85 19 76 19 41 85 13 25 47 49 44 49 75 49 25 29 53 93 53 73 67 28 5 33 5 28 67 73 29 94 29 0 63 42 68 42 79 63 0
40
28 28
96 96
80 80
88 88
23 23
94 94
91 91
11 11
64 64
79 79
77 77
2 2
0 0
29 29
10 10
56 56
40 40
47 47
24 24
41 41
71 71
21 21
8 8
82 82
65 65
19 19
25 25
48 48
22 22
42 42
93 93
60 60
45 45
33 33
43 43
15 15
67 67
74 74
3 3
61 61
