0 17 37 133 124 133 184 37 17 51 3 8 116 8 143 8 160 129 160 8 26 47 36 125 40 154 40 125 36 147 50 10 147 36 47 26 67 3 95 3 119 73 135 73 170 73 119 3 126 14 79 18 33 68 18 93 194 93 18 149 20 34 48 38 48 34 20 144 20 198 149 18 185 11 24 6 85 161 85 6 111 117 111 6 142 6 175 6 177 6 199 6 27 24 70 24 99 24 11 43 11 103 113 11 118 11 187 11 185 18 79 130 2 180 2 130 193 14 162 14 188 15 32 19 54 97 54 19 96 19 112 19 131 71 178 131 19 171 23 92 134 23 191 23 32 35 32 42 100 42 32 15 53 65 69 91 69 82 138 82 65 53 76 150 76 163 76 53 15 60 45 120 164 45 75 15 145 12 30 16 123 5 7 29 74 156 72 156 74 29 83 29 7 121 7 165 4 66 189 66 4 132 4 165 7 5 9 44 9 102 57 102 9 114 9 157 176 13 5 25 62 59 62 77 166 21 166 64 166 140 62 25 56 139 56 172 56 5 107 55 151 55 190 55 107 5 182 5 123 16 152 16 159 16 30 28 84 110 168 84 148 28 30 115 61 101 61 106 61 141 61 115 173 12 87 109 12 145 15 126 3 174 104 17 146 39 78 39 89 39 122 52 169 52 39 183 195 39 41 80 108 167 108 80 197 80 41 90 41 128 105 196 105 128 179 46 88 136 46 179 41 0 58 1 98 155 1 192 1 31 94 22 49 86 22 137 22 94 186 31 58 63 58 81 58 0 127 0 153 0 158 0 181 0
80
199 199
39 39
58 58
188 188
3 3
52 52
125 125
160 160
12 12
78 78
19 19
32 32
195 195
136 136
116 116
119 119
170 170
197 197
183 183
126 126
31 31
179 179
2 2
94 94
33 33
105 105
74 74
68 68
184 184
143 143
142 142
21 21
24 24
180 180
156 156
157 157
16 16
96 96
0 0
131 131
174 174
115 115
185 185
194 194
103 103
158 158
38 38
69 69
177 177
17 17
46 46
80 80
191 191
86 86
198 198
163 163
4 4
190 190
60 60
8 8
35 35
50 50
192 192
189 189
18 18
29 29
133 133
109 109
178 178
70 70
43 43
159 159
62 62
93 93
51 51
182 182
77 77
193 193
9 9
129 129
