190 51 87 51 75 155 1 142 1 175 1 42 75 161 75 166 56 0 95 162 0 144 0 56 45 125 45 153 5 70 183 77 56 68 10 63 10 68 25 22 19 117 89 100 179 11 179 64 44 18 14 37 182 2 99 134 188 134 99 91 182 97 124 97 182 113 94 113 123 37 44 82 52 138 13 26 138 52 61 103 168 23 186 84 192 194 72 102 109 102 151 4 47 4 172 122 151 29 174 131 120 181 48 181 78 181 198 17 160 24 189 111 198 102 186 23 130 103 44 64 55 34 16 21 176 169 57 169 176 21 184 16 34 196 36 55 64 65 38 145 6 137 6 145 53 119 145 121 145 38 64 179 66 71 143 88 71 171 195 171 71 66 73 100 89 112 85 98 7 85 149 85 112 110 28 133 108 54 32 50 41 158 163 93 116 164 105 108 69 108 126 3 9 43 9 118 148 31 185 148 177 101 159 81 173 59 35 30 35 59 126 191 115 139 115 178 150 156 147 27 147 67 8 67 33 58 80 20 40 20 80 127 83 129 12 83 197 154 79 141 157 114 92 106 92 132 152 96 140 165 136 147 86 28 187 25 104 68 167 199 146 39 146 193 90 74 60 76 49 76 107 62 170 46 107 180 107 76 128 74 56 166 75 190 135 15 190
100
165 165
60 60
146 146
185 185
141 141
138 138
104 104
55 55
192 192
176 176
188 188
29 29
36 36
1 1
34 34
11 11
166 166
123 123
3 3
50 50
62 62
118 118
168 168
182 182
117 117
172 172
142 142
69 69
113 113
109 109
21 21
61 61
112 112
94 94
139 139
54 54
33 33
177 177
2 2
135 135
137 137
27 27
179 179
129 129
133 133
10 10
47 47
162 162
5 5
99 99
76 76
156 156
40 40
38 38
149 149
57 57
95 95
153 153
92 92
23 23
52 52
163 163
100 100
66 66
169 169
71 71
22 22
56 56
121 121
132 132
198 198
186 186
101 101
32 32
195 195
30 30
45 45
84 84
46 46
44 44
181 181
108 108
93 93
67 67
193 193
136 136
8 8
173 173
116 116
106 106
114 114
111 111
152 152
83 83
164 164
103 103
68 68
189 189
102 102
65 65
