61 48 59 77 53 93 53 77 66 81 92 44 77 94 9 25 27 2 67 50 24 13 24 62 24 50 67 84 49 11 18 26 45 54 38 80 14 80 16 74 40 74 38 54 98 72 99 72 75 58 98 26 11 28 23 35 10 28 65 28 79 30 95 49 90 21 52 42 96 52 91 8 0 39 69 0 8 91 29 15 37 15 91 32 91 60 36 97 19 3 19 7 73 85 43 57 51 76 64 51 78 51 86 51 57 88 1 56 83 20 41 20 47 31 20 83 68 70 90 71 33 46 33 63 82 17 82 94 87 12 5 22 34 6 55 34 22 89 4 61
50
60 60
28 28
92 92
5 5
86 86
10 10
98 98
15 15
36 36
58 58
80 80
2 2
74 74
11 11
69 69
1 1
32 32
67 67
3 3
48 48
8 8
72 72
82 82
42 42
4 4
6 6
14 14
51 51
63 63
83 83
70 70
90 90
65 65
26 26
44 44
35 35
91 91
31 31
40 40
85 85
33 33
30 30
39 39
37 37
73 73
57 57
97 97
17 17
76 76
25 25
