114 49 58 102 61 86 61 102 97 88 122 31 14 141 162 72 3 4 3 7 3 103 72 162 90 124 185 124 90 180 16 54 132 12 132 130 176 104 87 144 2 9 38 2 144 87 104 176 183 138 77 138 146 169 84 192 162 125 70 43 113 89 59 27 55 42 120 66 68 66 107 66 120 142 126 142 42 55 79 15 48 33 52 33 48 136 50 112 181 21 178 21 181 148 50 166 186 20 83 139 143 105 143 109 55 27 59 131 89 113 43 197 39 197 198 174 94 174 150 174 102 170 102 184 102 123 58 67 91 28 85 62 108 51 46 0 29 190 76 190 0 173 175 74 101 74 173 46 187 135 93 135 187 46 80 133 6 133 10 25 191 160 106 62 149 35 45 158 164 154 164 45 95 53 95 149 129 92 47 26 18 63 26 129 149 85 199 85 91 98 100 73 81 182 57 75 117 1 151 56 13 117 57 188 121 73 100 98 152 114 78 161 99 128 19 119 171 64 127 155 8 127 165 111 22 69 22 82 60 140 137 44 11 32 24 23 24 179 17 36 17 145 147 96 167 30 153 34 153 147 17 194 118 44 168 156 44 137 193 140 177 140 60 195 5 37 115 41 65 40 71 159 40 65 110 134 189 65 196 65 5 195 60 82 116 64 171 172 161 157 78 163 114
100
16 16
174 174
183 183
78 78
188 188
199 199
102 102
21 21
167 167
75 75
191 191
170 170
51 51
175 175
103 103
7 7
166 166
42 42
182 182
49 49
111 111
196 196
12 12
33 33
148 148
24 24
26 26
146 146
197 197
4 4
63 63
70 70
10 10
154 154
66 66
127 127
0 0
37 37
15 15
195 195
173 173
112 112
169 169
155 155
105 105
133 133
131 131
171 171
1 1
28 28
149 149
187 187
98 98
117 117
18 18
67 67
92 92
147 147
35 35
69 69
135 135
74 74
100 100
84 84
96 96
95 95
108 108
115 115
76 76
91 91
43 43
161 161
81 81
31 31
14 14
62 62
109 109
3 3
114 114
41 41
93 93
176 176
89 89
36 36
177 177
124 124
53 53
119 119
5 5
32 32
181 181
87 87
134 134
150 150
59 59
164 164
38 38
94 94
29 29
47 47
