49 20 17 20 62 56 3 73 41 67 26 85 33 37 0 71 47 25 47 68 29 68 93 37 81 7 81 52 40 2 58 51 23 9 23 28 70 79 81 55 12 81 37 66 80 48 80 59 61 59 78 44 78 64 30 64 74 75 32 75 64 33 76 41 73 3 95 53 24 34 6 13 83 84 99 31 1 4 1 11 89 1 22 13 34 87 39 82 98 57 98 97 42 86 16 18 10 18 15 45 27 38 21 38 94 19 54 43 65 5 8 72 92 65 45 15 69 63 16 77 24 53 95 56 62 96 46 96 60 91 14 91 88 35 36 35 88 50 90 88 60 96 49
50
37 37
19 19
32 32
10 10
72 72
21 21
6 6
82 82
76 76
9 9
59 59
86 86
1 1
45 45
90 90
93 93
36 36
55 55
42 42
4 4
7 7
47 47
12 12
5 5
83 83
51 51
23 23
24 24
80 80
16 16
70 70
88 88
95 95
87 87
18 18
38 38
2 2
60 60
49 49
73 73
48 48
11 11
71 71
64 64
89 89
20 20
53 53
77 77
97 97
98 98
