bw m i af d bj cg s bi h v ag be bq ao g al g at cc as aa f av cp s cs ba ai ay bb cn bb cu ad au cu cq bl u an ab cf w ae p ap aw cv cr bx e bf bn bp bk l t ax ar ce bh bc cj ck ca a r bo k o bt am aj bu by k bo n bz cd bg br b z ah bd ct ci bs q y q ch j co an aq c bm u cb cm bv cl x ak az ac m bw
50
ct ct
ag ag
by by
ax ax
cf cf
cr cr
az az
co co
b b
x x
cs cs
w w
al al
z z
cn cn
bt bt
f f
bm bm
j j
p p
cp cp
q q
bo bo
ap ap
l l
k k
o o
n n
bq bq
ck ck
u u
ao ao
ci ci
ch ch
ac ac
cq cq
af af
ca ca
au au
d d
bz bz
av av
r r
bh bh
br br
bx bx
bd bd
bw bw
aj aj
ad ad
