gc as ac co bw ax r q fr dg u fm bk ds et df bn b aq dc ar cz dk v ai dn gq a c e ay ff fs fe bq dd cc ci at bu fg eg aj y m du dw da dw ez ga es bn df bv j cp k cr bv gf fw dy bh gp ec ew cg fy cx db az ek fa bg i bm ge t fb al dv er eu l go z ck z de cd am de ep ef ch fb br g fj ed cn fl fh cm ab cm gm fx fd fo ft bo an bl bw ba bw co as ej ad be bx au gl cq dr ap bb bt f bf cb bf ey eb fn bf gd fp ag ao cv ev ct cl s cl cs cl ee cj af gr bi dz fc ca el cw bc ah bs bz gn dx ei gh x fv bd p o fu fq ce fk by dm ex ae av dl gj di gi d n eq cy dt gb ak d dh en dq bp cf aw h dj gg dp eo eh do fi cu bj w ea gk aa em fz gc
100
d d
cm cm
ah ah
cs cs
gn gn
dy dy
fd fd
er er
ds ds
bj bj
eq eq
q q
fi fi
ep ep
an an
br br
j j
at at
bt bt
fy fy
dg dg
ad ad
fn fn
bq bq
ap ap
cz cz
gg gg
az az
dq dq
gi gi
et et
dn dn
as as
do do
di di
u u
fw fw
fo fo
am am
bp bp
bi bi
ac ac
cn cn
cg cg
aw aw
dp dp
ab ab
bc bc
en en
by by
cq cq
fr fr
ey ey
ao ao
g g
ee ee
ae ae
co co
ck ck
gj gj
dx dx
ga ga
ff ff
fe fe
bx bx
gh gh
go go
bv bv
em em
ft ft
e e
p p
y y
es es
el el
db db
dh dh
cj cj
ai ai
bl bl
fk fk
fq fq
cr cr
gq gq
dj dj
cv cv
gk gk
cl cl
fh fh
v v
a a
fa fa
cp cp
b b
bn bn
ge ge
dw dw
gm gm
bb bb
bu bu
