Liam Elias Isaiah Joseph Mateo Alexander Mason Alexander Mateo Gabriel Jaxon Isaac Santiago Isaac Joseph Charles Joseph Jeremiah Xavier Jeremiah Joseph Jaxson Michael Greyson Michael Jaxson Colton Jack Jameson Ayden Carter Benjamin Carter Ayden Jameson Jack Levi Jonathan Henry Jonathan Levi Evan Josiah Andrew Josiah Caleb Josiah Eli Lucas Eli Jackson Eli Wyatt Eli Dominic Oliver Dominic Eli Josiah Evan Chase Christopher Luke Christian Luke Asher Joshua Asher Luke Christopher Chase Hunter Theodore David Sebastian David Anthony Ezekiel Anthony Jason Anthony David Theodore Nicholas Jordan Roman Jacob Roman Maverick Cooper Matthew Cooper Grayson Easton Grayson Cooper Adrian Elijah Adrian Cooper Maverick Roman Jordan Nicholas Theodore Leonardo Lincoln Leonardo Connor Leonardo Theodore Hunter Chase Levi Colton Sawyer John Kayden Sawyer Jose Owen Noah Owen Jose Sawyer Jaxson Brayden Ethan Brayden Samuel Brayden Adam Jayden Julian Dylan Julian Adam Robert Daniel Robert Hudson Carson Hudson Robert Ian Adam Brayden Jaxson Joseph Isaiah Leo Aaron Nathan Ryan Cameron Jace Gavin Angel Landon Nolan Landon Angel Parker Aiden William Logan Austin Logan William Aiden Parker Gavin Jace Cameron Nathan Aaron Thomas James Thomas Ezra Thomas Aaron Leo Isaiah Elias Bryson Elias Liam
30
Liam Liam
Noah Noah
William William
James James
Logan Logan
Benjamin Benjamin
Mason Mason
Elijah Elijah
Oliver Oliver
Jacob Jacob
Lucas Lucas
Michael Michael
Alexander Alexander
Ethan Ethan
Daniel Daniel
Matthew Matthew
Aiden Aiden
Henry Henry
Joseph Joseph
Jackson Jackson
Samuel Samuel
Sebastian Sebastian
David David
Carter Carter
Wyatt Wyatt
Jayden Jayden
John John
Owen Owen
Dylan Dylan
Luke Luke
