Liam Benjamin Liam Jaxon James Caleb Jaxon Aiden Jaxon David Jaxon Isaiah Charles Oliver Grayson William Mason Elijah Mason Samuel Alexander Henry Alexander Mateo Isaac Sebastian Isaac Mateo Alexander Samuel Mason Levi Ryan Mason William Carter Jack Christopher Gabriel Noah Dylan Wyatt Dylan Joshua Joseph Jacob Joseph Matthew Joseph Noah Logan John Jayden Daniel Jayden Logan Christopher Jack Grayson Oliver Aaron Luke Michael Anthony Michael Lincoln Thomas Lincoln Michael Aaron Charles Andrew Lucas Jackson Nathan Jackson Lucas Julian Ethan Julian Lucas Andrew Owen Charles Jaxon Liam
25
Liam Liam
Noah Noah
William William
James James
Logan Logan
Benjamin Benjamin
Mason Mason
Elijah Elijah
Oliver Oliver
Jacob Jacob
Lucas Lucas
Michael Michael
Alexander Alexander
Ethan Ethan
Daniel Daniel
Matthew Matthew
Aiden Aiden
Henry Henry
Joseph Joseph
Jackson Jackson
Samuel Samuel
Sebastian Sebastian
David David
Carter Carter
Wyatt Wyatt
