Liam Jordan Jack Joshua Lucas Joshua Jack Jordan Leonardo George Ethan Juan Damian Juan Ivan Hudson Jameson Benjamin Jameson Matteo Julian Josiah Justin Josiah Julian Matteo Jameson Hudson Ivan Jonah Ivan Juan Ethan Brantley Braxton Brantley Kai Christopher Kai Carson Kai Blake Calvin Nathan Connor Jasper Alan Santiago Carter Elliott Caleb Wesley Jason Wesley Caleb Elliott Jeremy Carlos Jeremy Joel Dylan Lincoln Dylan Luca Joel Nathaniel Joel Jeremy Elliott Carter Santiago Kaleb Elias Kaleb Antonio Owen Antonio Grant Cooper Timothy Cooper Grant Max Jayden Bentley Harrison Bentley Camden Maverick Noah Brandon Kingston Luke Miles Nolan Logan Nolan Elijah Adrian Elijah Nolan Miles Kingston Brandon Noah Maverick Micah Maverick Camden Jesus Camden Avery Camden Bentley Jayden Max Grant Ashton Jose Ezra Jackson Ezra Jose Ashton Grant Zayden August Zayden Grant Antonio Kaleb Abraham Giovanni Robert Giovanni Ayden Giovanni Abraham Kaleb Jesse Kaleb Santiago Alan Jasper Elliot Grayson Alexander Grayson Maxwell Anthony Angel Anthony Maxwell Grayson Elliot Brody David Brody Elliot Jasper Connor Nathan Kevin John Matthew Jayce Henry Tristan Henry Malachi Adam Colton Adam Malachi Bryson Leo Bryson Malachi Henry Jayce Gabriel Cameron Gabriel Victor Gabriel Jayce Matthew King Jaxon King Matthew John Messiah Eric Samuel Eric Greyson Eric Luis Eric Messiah Miguel Mateo Aiden Richard Easton Richard Preston Jonathan Preston Richard Aiden Tucker Charles Mason Charles Tucker Aiden Mateo Miguel Ryker Miguel Amir Aaron Michael Aaron Chase Dean Beau William Beau Dean Patrick Oliver Andrew Roman Andrew Oliver Patrick Vincent Patrick Dean Chase Aaron Amir Miguel Messiah Lorenzo Messiah Zion Gavin Waylon Marcus Parker Marcus Waylon Gavin Dawson Declan Brayden Asher Brayden Declan Dawson Alex Dawson Gael Wyatt Edward Sebastian Bryce Sebastian Edward Wyatt Gael Emmanuel Gael Dawson Alejandro Ian Alejandro Dawson Ryder Silas Nicholas Silas Ryder Zion Karter Zion Hayden Bennett Landon Bennett Hayden Zion Rhett Christian Rhett Zion Messiah John Kevin Weston Jaxson Weston Abel Steven James Isaac James Steven Hunter Isaiah Hunter Thomas Hunter Zachary Jude Joseph Jude Theodore Rowan Austin Rowan Theodore Jude Jace Jude Zachary Hunter Steven Sawyer Eli Tyler Eli Sawyer Steven Everett Cole Everett Steven Abel Weston Kevin Finn Jacob Finn Kevin Nathan Calvin Blake Kai Brantley Ethan George Emmett Xavier Ryan Xavier Emmett Graham Maximus Dominic Maximus Kayden Diego Kayden Maximus Graham Emmett George Leonardo Xander Maddox Ezekiel Jeremiah Ezekiel Maddox Kaiden Daniel Kaiden Maddox Xander Oscar Levi Oscar Axel Oscar Xander Leonardo Jordan Liam Evan Liam
90
Liam Liam
Noah Noah
William William
James James
Logan Logan
Benjamin Benjamin
Mason Mason
Elijah Elijah
Oliver Oliver
Jacob Jacob
Lucas Lucas
Michael Michael
Alexander Alexander
Ethan Ethan
Daniel Daniel
Matthew Matthew
Aiden Aiden
Henry Henry
Joseph Joseph
Jackson Jackson
Samuel Samuel
Sebastian Sebastian
David David
Carter Carter
Wyatt Wyatt
Jayden Jayden
John John
Owen Owen
Dylan Dylan
Luke Luke
Gabriel Gabriel
Anthony Anthony
Isaac Isaac
Grayson Grayson
Jack Jack
Julian Julian
Levi Levi
Christopher Christopher
Joshua Joshua
Andrew Andrew
Lincoln Lincoln
Mateo Mateo
Ryan Ryan
Jaxon Jaxon
Nathan Nathan
Aaron Aaron
Isaiah Isaiah
Thomas Thomas
Charles Charles
Caleb Caleb
Josiah Josiah
Christian Christian
Hunter Hunter
Eli Eli
Jonathan Jonathan
Connor Connor
Landon Landon
Adrian Adrian
Asher Asher
Cameron Cameron
Leo Leo
Theodore Theodore
Jeremiah Jeremiah
Hudson Hudson
Robert Robert
Easton Easton
Nolan Nolan
Nicholas Nicholas
Ezra Ezra
Colton Colton
Angel Angel
Brayden Brayden
Jordan Jordan
Dominic Dominic
Austin Austin
Ian Ian
Adam Adam
Elias Elias
Jaxson Jaxson
Greyson Greyson
Jose Jose
Ezekiel Ezekiel
Carson Carson
Evan Evan
Maverick Maverick
Bryson Bryson
Jace Jace
Cooper Cooper
Xavier Xavier
Parker Parker
