zero one eight nine ten eleven twelve thirteen twelve eleven ten nine eight fourteen eight fifteen sixteen seventeen eighteen nineteen twenty nineteen eighteen seventeen sixteen fifteen twentyone fifteen twentytwo twentythree twentyfour twentyfive twentysix twentyseven twentysix twentyfive twentyfour twentythree twentytwo twentyeight twentytwo twentynine thirty thirtyone thirtytwo thirtythree thirtyfour thirtythree thirtytwo thirtyone thirty twentynine thirtyfive twentynine thirtysix thirtyseven thirtyeight thirtynine forty fortyone forty thirtynine thirtyeight thirtyseven thirtysix fortytwo thirtysix fortythree fortyfour fortyfive fortysix fortyseven fortyeight fortyseven fortysix fortyfive fortyfour fortythree fortynine fortythree thirtysix twentynine twentytwo fifteen eight one two three four five six seven zero
25
three three
five five
six six
seven seven
nine nine
eleven eleven
twelve twelve
thirteen thirteen
fourteen fourteen
fifteen fifteen
sixteen sixteen
eighteen eighteen
nineteen nineteen
twenty twenty
twentyfive twentyfive
thirtyone thirtyone
thirtytwo thirtytwo
thirtyfour thirtyfour
thirtyfive thirtyfive
thirtyseven thirtyseven
thirtyeight thirtyeight
forty forty
fortytwo fortytwo
fortyfive fortyfive
fortysix fortysix
