zero one eight nine ten eleven twelve thirteen twelve eleven ten nine eight fourteen eight fifteen sixteen seventeen eighteen nineteen twenty nineteen eighteen seventeen sixteen fifteen twentyone fifteen twentytwo twentythree twentyfour twentyfive twentysix twentyseven twentysix twentyfive twentyfour twentythree twentytwo twentyeight twentytwo twentynine thirty thirtyone thirtytwo thirtythree thirtyfour thirtythree thirtytwo thirtyone thirty twentynine thirtyfive twentynine thirtysix thirtyseven thirtyeight thirtynine forty fortyone forty thirtynine thirtyeight thirtyseven thirtysix fortytwo thirtysix fortythree fortyfour fortyfive fortysix fortyseven fortyeight fortyseven fortysix fortyfive fortyfour fortythree fortynine fortythree fifty fiftyone fiftytwo fiftythree fiftyfour fiftyfive fiftyfour fiftythree fiftytwo fiftyone fifty fiftysix fifty fiftyseven fiftyeight fiftynine sixty sixtyone sixtytwo sixtyone sixty fiftynine fiftyeight fiftyseven sixtythree fiftyseven sixtyfour sixtyfive sixtysix sixtyseven sixtyeight sixtynine sixtyeight sixtyseven sixtysix sixtyfive sixtyfour seventy sixtyfour seventyone seventytwo seventythree seventyfour seventyfive seventysix seventyfive seventyfour seventythree seventytwo seventyone seventyseven seventyone seventyeight seventynine eighty eightyone eightytwo eightythree eightytwo eightyone eighty seventynine seventyeight eightyfour seventyeight eightyfive eightysix eightyseven eightyeight eightynine ninety eightynine eightyeight eightyseven eightysix eightyfive ninetyone eightyfive ninetytwo ninetythree ninetyfour ninetyfive ninetysix ninetyseven ninetysix ninetyfive ninetyfour ninetythree ninetytwo ninetyeight ninetytwo ninetynine onehun onehunone onehuntwo onehunthree onehunfour onehunthree onehuntwo onehunone onehun ninetynine onehunfive ninetynine onehunsix onehunseven onehuneight onehunnine onehunten onehuneleven onehunten onehunnine onehuneight onehunseven onehunsix onehuntwelve onehunsix onehunthirteen onehunfourteen onehunfifteen onehunsixteen onehunseventeen onehuneighteen onehunseventeen onehunsixteen onehunfifteen onehunfourteen onehunthirteen onehunnineteen onehunthirteen onehuntwenty onehuntwentyone onehuntwentytwo onehuntwentythree onehuntwentyfour onehuntwentyfive onehuntwentyfour onehuntwentythree onehuntwentytwo onehuntwentyone onehuntwenty onehuntwentysix onehuntwenty onehuntwentyseven onehuntwentyeight onehuntwentynine onehunthirty onehunthirtyone onehunthirtytwo onehunthirtyone onehunthirty onehuntwentynine onehuntwentyeight onehuntwentyseven onehunthirtythree onehuntwentyseven onehunthirtyfour onehunthirtyfive onehunthirtysix onehunthirtyseven onehunthirtyeight onehunthirtynine onehunthirtyeight onehunthirtyseven onehunthirtysix onehunthirtyfive onehunthirtyfour onehunforty onehunthirtyfour onehunfortyone onehunfortytwo onehunfortythree onehunfortyfour onehunfortyfive onehunfortysix onehunfortyfive onehunfortyfour onehunfortythree onehunfortytwo onehunfortyone onehunfortyseven onehunfortyone onehunfortyeight onehunfortynine onehunfifty onehunfiftyone onehunfiftytwo onehunfiftythree onehunfiftytwo onehunfiftyone onehunfifty onehunfortynine onehunfortyeight onehunfiftyfour onehunfortyeight onehunfiftyfive onehunfiftysix onehunfiftyseven onehunfiftyeight onehunfiftynine onehunsixty onehunfiftynine onehunfiftyeight onehunfiftyseven onehunfiftysix onehunfiftyfive onehunsixtyone onehunfiftyfive onehunsixtytwo onehunsixtythree onehunsixtyfour onehunsixtyfive onehunsixtysix onehunsixtyseven onehunsixtysix onehunsixtyfive onehunsixtyfour onehunsixtythree onehunsixtytwo onehunsixtyeight onehunsixtytwo onehunsixtynine onehunseventy onehunseventyone onehunseventytwo onehunseventythree onehunseventyfour onehunseventythree onehunseventytwo onehunseventyone onehunseventy onehunsixtynine onehunseventyfive onehunsixtynine onehunseventysix onehunseventyseven onehunseventyeight onehunseventynine onehuneighty onehuneightyone onehuneighty onehunseventynine onehunseventyeight onehunseventyseven onehunseventysix onehuneightytwo onehunseventysix onehuneightythree onehuneightyfour onehuneightyfive onehuneightysix onehuneightyseven onehuneightyeight onehuneightyseven onehuneightysix onehuneightyfive onehuneightyfour onehuneightythree onehuneightynine onehuneightythree onehunninety onehunninetyone onehunninetytwo onehunninetythree onehunninetyfour onehunninetyfive onehunninetyfour onehunninetythree onehunninetytwo onehunninetyone onehunninety onehunninetysix onehunninety onehuneightythree onehunseventysix onehunsixtynine onehunsixtytwo onehunfiftyfive onehunfortyeight onehunfortyone onehunthirtyfour onehuntwentyseven onehuntwenty onehunthirteen onehunsix ninetynine ninetytwo eightyfive seventyeight seventyone sixtyfour fiftyseven fifty fortythree thirtysix twentynine twentytwo fifteen eight one two three four five six seven zero
100
one one
two two
three three
six six
seven seven
ten ten
eleven eleven
twelve twelve
fourteen fourteen
fifteen fifteen
sixteen sixteen
seventeen seventeen
twenty twenty
twentythree twentythree
twentyfive twentyfive
twentysix twentysix
twentyseven twentyseven
twentynine twentynine
thirtythree thirtythree
thirtyfour thirtyfour
thirtyseven thirtyseven
thirtyeight thirtyeight
fortythree fortythree
fortyfour fortyfour
fortyfive fortyfive
fortynine fortynine
fiftytwo fiftytwo
fiftythree fiftythree
fiftyfive fiftyfive
fiftyseven fiftyseven
fiftyeight fiftyeight
sixty sixty
sixtyfour sixtyfour
sixtysix sixtysix
sixtyseven sixtyseven
sixtynine sixtynine
seventy seventy
seventyone seventyone
seventytwo seventytwo
seventyfive seventyfive
seventyseven seventyseven
seventyeight seventyeight
seventynine seventynine
eightytwo eightytwo
eightythree eightythree
eightyfour eightyfour
eightyseven eightyseven
ninetyeight ninetyeight
ninetynine ninetynine
onehunone onehunone
onehuneight onehuneight
onehunten onehunten
onehuneleven onehuneleven
onehunthirteen onehunthirteen
onehunsixteen onehunsixteen
onehunseventeen onehunseventeen
onehuneighteen onehuneighteen
onehunnineteen onehunnineteen
onehuntwentyone onehuntwentyone
onehuntwentythree onehuntwentythree
onehuntwentyfour onehuntwentyfour
onehuntwentysix onehuntwentysix
onehuntwentyseven onehuntwentyseven
onehuntwentyeight onehuntwentyeight
onehunthirty onehunthirty
onehunthirtyfive onehunthirtyfive
onehunforty onehunforty
onehunfortythree onehunfortythree
onehunfortyfour onehunfortyfour
onehunfortyfive onehunfortyfive
onehunfortysix onehunfortysix
onehunfortynine onehunfortynine
onehunfifty onehunfifty
onehunfiftyfour onehunfiftyfour
onehunfiftyseven onehunfiftyseven
onehunfiftynine onehunfiftynine
onehunsixty onehunsixty
onehunsixtyone onehunsixtyone
onehunsixtythree onehunsixtythree
onehunsixtyfour onehunsixtyfour
onehunsixtyfive onehunsixtyfive
onehunsixtysix onehunsixtysix
onehunsixtynine onehunsixtynine
onehunseventy onehunseventy
onehunseventyone onehunseventyone
onehunseventythree onehunseventythree
onehunseventyfour onehunseventyfour
onehunseventyfive onehunseventyfive
onehunseventysix onehunseventysix
onehunseventyeight onehunseventyeight
onehuneighty onehuneighty
onehuneightyone onehuneightyone
onehuneightytwo onehuneightytwo
onehuneightyfour onehuneightyfour
onehuneightyseven onehuneightyseven
onehunninety onehunninety
onehunninetyone onehunninetyone
onehunninetytwo onehunninetytwo
onehunninetythree onehunninetythree
onehunninetyfour onehunninetyfour
