0 52 96 71 76 81 74 91 82 97 13 69 25 90 34 56 15 56 25 69 3 69 13 97 40 45 49 45 85 44 85 40 1 97 67 70 11 68 11 70 98 70 67 97 65 63 65 97 19 35 19 31 19 82 74 81 76 71 28 80 89 80 47 2 78 20 41 20 4 20 78 30 37 30 78 8 43 83 43 10 43 8 78 5 78 51 94 93 32 93 95 24 62 53 12 54 12 26 29 42 29 12 53 57 99 84 99 57 62 24 87 92 16 72 17 7 17 16 92 66 87 22 21 22 87 55 48 18 36 18 86 18 77 18 93 94 64 39 61 64 94 51 2 47 50 47 28 79 28 71 96 52 60 52 88 23 6 88 52 27 52 73 75 52 58 14 33 14 58 38 9 38 46 59 46 38 58 52 0
50
38 38
32 32
2 2
11 11
25 25
24 24
27 27
9 9
41 41
19 19
18 18
44 44
23 23
36 36
5 5
1 1
35 35
0 0
43 43
28 28
34 34
33 33
31 31
15 15
40 40
48 48
21 21
42 42
6 6
22 22
7 7
49 49
47 47
3 3
10 10
39 39
29 29
30 30
45 45
14 14
8 8
4 4
20 20
13 13
46 46
12 12
17 17
16 16
37 37
26 26
