0 109 106 86 135 86 106 109 160 20 79 12 36 12 79 167 198 167 79 20 53 136 53 20 160 110 181 110 114 15 114 108 114 110 199 110 150 92 182 70 59 115 190 177 33 17 33 177 120 98 90 28 84 117 76 117 186 117 84 121 84 28 144 94 143 94 169 194 128 194 112 104 4 31 5 2 5 178 13 178 5 173 63 173 5 179 48 46 48 118 48 179 111 139 111 179 137 179 5 31 103 31 104 142 192 78 6 51 6 192 142 104 9 194 94 133 172 133 94 144 85 11 113 82 113 11 75 29 75 62 176 152 66 134 132 134 66 176 45 149 180 187 180 23 180 68 37 26 93 26 68 72 22 163 69 41 30 41 69 163 22 72 68 171 50 153 19 153 65 50 171 148 125 148 171 68 180 149 45 176 34 62 85 144 43 144 28 98 120 151 87 151 120 183 44 107 47 170 73 122 138 122 95 105 27 97 27 185 155 185 27 105 95 3 88 10 8 196 8 162 49 162 8 10 88 3 127 141 57 40 164 40 91 1 61 1 91 57 141 131 145 154 145 131 54 159 80 193 55 193 80 54 131 38 25 197 147 197 25 38 157 101 140 100 24 100 96 21 166 21 124 21 52 74 52 71 58 81 58 71 52 21 123 195 156 195 123 21 16 96 140 126 39 168 39 184 39 18 39 126 140 7 140 101 157 38 14 188 77 191 174 191 77 188 146 119 60 119 161 56 161 119 146 188 14 38 131 129 141 122 73 64 130 116 67 116 130 64 73 170 47 99 42 165 175 165 42 35 42 99 32 158 99 47 107 183 189 83 189 183 120 190 102 190 115 59 89 182 92 150 109 0
100
66 66
31 31
93 93
36 36
74 74
59 59
22 22
99 99
62 62
43 43
41 41
77 77
50 50
58 58
60 60
15 15
49 49
45 45
95 95
4 4
1 1
44 44
75 75
18 18
96 96
37 37
67 67
76 76
79 79
38 38
92 92
29 29
19 19
71 71
27 27
73 73
28 28
34 34
7 7
17 17
63 63
0 0
47 47
97 97
40 40
84 84
61 61
20 20
85 85
80 80
98 98
53 53
72 72
52 52
46 46
64 64
78 78
30 30
89 89
57 57
35 35
23 23
82 82
32 32
68 68
25 25
91 91
54 54
48 48
10 10
56 56
83 83
55 55
33 33
81 81
86 86
2 2
51 51
94 94
90 90
6 6
5 5
8 8
24 24
70 70
87 87
9 9
12 12
14 14
39 39
16 16
65 65
42 42
11 11
3 3
21 21
69 69
26 26
13 13
88 88
