Afghanistan Albania Algeria Andorra Angola Antigu Argentina Armenia Australia Austria Austrian Azerbaijan Baden Bahrain Bangladesh Barbados Bavaria Belarus Belgium Belize Benin Bolivia Bosnia Botswana Brazil Brunei Brunswick Bulgaria Burkina Burma Burundi Cabo Cambodia Cameroon Canada Chad Chile China Colombia Comoros Costarica CotedIvoire Croatia Cuba Cyprus Czechi Czechoslovakia Congo Denmark Congo Czechoslovakia Czechi Cyprus Cuba Croatia CotedIvoire Costarica Comoros Colombia China Chile Chad Canada Cameroon Cambodia Cabo Burundi Burma Burkina Bulgaria Brunswick Brunei Brazil Botswana Bosnia Bolivia Benin Belize Belgium Belarus Bavaria Barbados Bangladesh Bahrain Baden Azerbaijan Austrian Austria Australia Armenia Argentina Antigu Angola Andorra Algeria Albania Afghanistan Djibouti Afghanistan Dominica Afghanistan Dominicanrepublic Afghanistan Ecuador Afghanistan Egypt Afghanistan ElSalvador Afghanistan EquatorialGuinea Afghanistan Eritrea Afghanistan Estonia Afghanistan Eswatini Afghanistan Ethiopia Afghanistan Fiji Afghanistan Finland Afghanistan France Afghanistan Gabon Afghanistan Georgia Afghanistan Germany Afghanistan Ghana Afghanistan Greece Afghanistan Grenada Afghanistan Guatemala Afghanistan Guinea Afghanistan GuineaBissau Afghanistan Guyana Afghanistan Haiti Afghanistan Hanover Afghanistan HanseaticRepublics Afghanistan Hawaii Afghanistan Hesse Afghanistan HolySee Afghanistan Honduras Afghanistan Hungary Afghanistan Iran Afghanistan Iraq Afghanistan Ireland Afghanistan Israel Afghanistan Italy Afghanistan Jamaica Afghanistan Japan Afghanistan Jordan Afghanistan Kazakhstan Afghanistan Kenya Afghanistan Kiribati Afghanistan Korea Afghanistan Kosovo Afghanistan Kuwait Afghanistan Kyrgyzstan Afghanistan Laos Afghanistan Latvia Afghanistan LewChew Afghanistan Loochoo Afghanistan
50
Afghanistan Afghanistan
Albania Albania
Algeria Algeria
Andorra Andorra
Angola Angola
Antigu Antigu
Argentina Argentina
Armenia Armenia
Australia Australia
Austria Austria
Austrian Austrian
Azerbaijan Azerbaijan
Baden Baden
Bahrain Bahrain
Bangladesh Bangladesh
Barbados Barbados
Bavaria Bavaria
Belarus Belarus
Belgium Belgium
Belize Belize
Benin Benin
Bolivia Bolivia
Bosnia Bosnia
Botswana Botswana
Brazil Brazil
Brunei Brunei
Brunswick Brunswick
Bulgaria Bulgaria
Burkina Burkina
Burma Burma
Burundi Burundi
Cabo Cabo
Cambodia Cambodia
Cameroon Cameroon
Canada Canada
Chad Chad
Chile Chile
China China
Colombia Colombia
Comoros Comoros
Costarica Costarica
CotedIvoire CotedIvoire
Croatia Croatia
Cuba Cuba
Cyprus Cyprus
Czechi Czechi
Czechoslovakia Czechoslovakia
Congo Congo
Denmark Denmark
Djibouti Djibouti
