Djibouti Afghanistan Albania Afghanistan Algeria Afghanistan Andorra Afghanistan Angola Afghanistan Djibouti Antigu Argentina Antigu Armenia Antigu Australia Antigu Austria Antigu Djibouti Austrian Azerbaijan Austrian Baden Austrian Bahrain Austrian Bangladesh Austrian Djibouti Barbados Bavaria Barbados Belarus Barbados Belgium Barbados Belize Barbados Djibouti Benin Bolivia Benin Bosnia Benin Botswana Benin Brazil Benin Djibouti Brunei Djibouti Brunswick Djibouti Bulgaria Djibouti Burkina Djibouti Burma Djibouti Burundi Djibouti Cabo Djibouti Cambodia Djibouti Cameroon Djibouti Canada Djibouti Chad Djibouti Chile Djibouti China Djibouti Colombia Djibouti Comoros Djibouti Costarica Djibouti CotedIvoire Djibouti Croatia Djibouti Cuba Djibouti Cyprus Djibouti Czechi Djibouti Czechoslovakia Djibouti Congo Djibouti Denmark Djibouti
25
Afghanistan Afghanistan
Albania Albania
Algeria Algeria
Andorra Andorra
Angola Angola
Antigu Antigu
Argentina Argentina
Armenia Armenia
Australia Australia
Austria Austria
Austrian Austrian
Azerbaijan Azerbaijan
Baden Baden
Bahrain Bahrain
Bangladesh Bangladesh
Barbados Barbados
Bavaria Bavaria
Belarus Belarus
Belgium Belgium
Belize Belize
Benin Benin
Bolivia Bolivia
Bosnia Bosnia
Botswana Botswana
Brazil Brazil
