equinox band equinox name smash funeral progress wilderness constant lamb improvement sell cycle launch cycle incident safari secretary cycle approach advocate union fibre liability chain presidential mirror bark aisle conference research favor shift fish brick extension analyst remark twitch net bark glove suffering novel candle prejudice dry revise mastermind tropical charismatic roll commitment walk muggy acquisition distinct tile curtain president essential paint seller houseplant resident pudding community orange cherry frighten map perform jurisdiction recording tongue morale kitchen improve disposition survey improve explicit clothes prestige explicit active referee implication death uncertainty reinforce corpse balance flow slice camp account sustain hiccup photograph duck old farewell machinery method dollar equinox
43
houseplant houseplant
lamb lamb
fibre fibre
presidential presidential
chain chain
union union
essential essential
brick brick
mastermind mastermind
aisle aisle
novel novel
bark bark
disposition disposition
paint paint
secretary secretary
uncertainty uncertainty
photograph photograph
explicit explicit
slice slice
band band
farewell farewell
seller seller
fish fish
orange orange
clothes clothes
prejudice prejudice
muggy muggy
flow flow
wilderness wilderness
equinox equinox
analyst analyst
dry dry
twitch twitch
funeral funeral
method method
jurisdiction jurisdiction
dollar dollar
corpse corpse
remark remark
referee referee
hiccup hiccup
glove glove
tropical tropical
