pump need preoccupation inquiry voice splurge fitness prevent clock plane salesperson posture share admiration attractive share clock deprivation sit flight sequence linger compromise distributor impound nap moment anniversary moment go survival extend nap criminal exercise resort mud lead grudge preparation differ sentiment ton sweet formulate packet soap affect tease ground AIDS abortion sentiment separate symbol lump speech sticky button racism freedom exercise sensitivity line operational novel row pursuit jelly election genetic bear opposite discreet skin float dark quaint reject fool judicial pipe anger strong polish statement presence valley rock tournament talkative slump glory fitness category injury category set ghost diagram precede extension descent gun aspect gun ensure agenda park wording cemetery spell physical lemon opposition wing arise terminal incongruous twitch arise transform coffee wife performance shed inspector few duck slam Mars satellite reflection grimace literature money literature quotation dialect literature Mars thrust slam sex incapable overlook sex track sex leadership duck few coma minor pepper pedestrian prospect flourish nominate pedestrian office minor pastel peanut seller spine gloom depressed privilege range girl title unanimous consensus vehicle hallway feign bacon consideration achievement Bible cooperative protect fairy protect reduction hierarchy innovation tip allow mouse ideal brain hallway implication pray appearance peasant hit connection projection hiccup tune leg hit advance crossing wage parallel around forest final splurge plug sacrifice increase control engineer likely guideline irony wear sketch lot pump
78
guideline guideline
ensure ensure
hallway hallway
sticky sticky
impound impound
physical physical
category category
tip tip
range range
prospect prospect
literature literature
distributor distributor
row row
sweet sweet
rock rock
pipe pipe
nominate nominate
mouse mouse
appearance appearance
lemon lemon
fairy fairy
mud mud
anger anger
brain brain
unanimous unanimous
consideration consideration
reflection reflection
plug plug
preoccupation preoccupation
linger linger
minor minor
sentiment sentiment
depressed depressed
parallel parallel
feign feign
sacrifice sacrifice
wage wage
affect affect
reject reject
innovation innovation
admiration admiration
overlook overlook
freedom freedom
aspect aspect
ground ground
polish polish
park park
button button
line line
pedestrian pedestrian
engineer engineer
wear wear
pursuit pursuit
exercise exercise
float float
gloom gloom
attractive attractive
separate separate
title title
formulate formulate
diagram diagram
judicial judicial
performance performance
pray pray
forest forest
need need
pump pump
genetic genetic
valley valley
descent descent
packet packet
lot lot
hierarchy hierarchy
ghost ghost
leadership leadership
privilege privilege
sit sit
survival survival
