paint wooden fetch ambiguous stop tame argue finish sugar sick stereotyped ice stereotyped puny simple desire puny shed stink tame inherit boys fine glamorous ray boys inherit tame thumb imported wrist brake complain appear determine learning brake baseball hit baseball fling floor diligent measure heady diligent water same trucks slam ignite stream blade rake route thumb tame indicate nutty indicate resonant indicate tame stop sink paint
25
ambiguous ambiguous
rake rake
blade blade
inherit inherit
paint paint
desire desire
nutty nutty
ice ice
floor floor
thumb thumb
finish finish
measure measure
indicate indicate
ray ray
diligent diligent
same same
determine determine
glamorous glamorous
slam slam
route route
imported imported
complain complain
learning learning
stink stink
wooden wooden
