F1E81B DD07FF 6C010A 5FD658 770D1A CDC6D4 8417C8 CDC6D4 40D10E 2CF818 5FD658 6C010A 002274 C3B3E7 002274 0F5860 002274 D337F2 002274 DD07FF 0A147B 17779E FFFD4B 573788 2334E8 DE6899 BDE94D 2924CB 3C5D7A 230A7C 85D6DB 7D997B E51A66 7D997B 85D6DB 63361A 85D6DB 230A7C 3C5D7A 2924CB 4B3F8A 86493E 0C73D8 E81014 0C73D8 FB0EF2 0C73D8 2924CB 1F842B 7E78F3 1F842B 2924CB BDE94D 79BC3D B69F55 2CCB19 B69F55 79BC3D EE2A22 462226 396D53 462226 EE2A22 4B97F1 EE2A22 59843B EE2A22 79BC3D BDE94D F8EE67 9D4968 6825D4 1D21D3 8EBF8A 8C971D E2CE9F E33276 29D5D7 8015E0 29D5D7 E33276 A7D03E 1111F7 D4A75D 124C90 612FAA B23276 BF6302 8BFCAC B23276 103724 5A3862 3B4B53 D1967A 851F90 D1967A 3B4B53 5A3862 CC6D2A 099830 04439C 205E5C AD0427 580DB7 5D0E2E 112AE7 EAD0E3 BB4908 E5E6C0 BB4908 C18C9B BB4908 112AE7 94A561 112AE7 5D0E2E 013940 825EC5 DEC4F2 825EC5 013940 C953A6 5EFED0 2595F1 8B6C2F 2595F1 8B519F 5EFED0 5D0E2E D2BE39 490F1E 77A0B5 490F1E D2BE39 783751 846159 6D51F4 846159 BA3320 90451D CEAC59 90451D BA3320 13A782 A94B37 A014A0 06C557 93EBE3 06C557 B75549 EDF90E C63C0A A014A0 D8AAF4 8F17C0 151BC9 8F17C0 13A782 E80628 14B430 E80628 13A782 BA3320 846159 5BB557 1EC224 C4303B 1EC224 293D59 1EC224 CB3924 BA32D6 55BAD2 4099A6 55BAD2 BA32D6 CB3924 1EC224 846159 D6CC7A B47658 D6CC7A 846159 783751 ABD8FE 20EAE7 ABD8FE D2BE39 5D0E2E 0CBC31 E3C2C9 0CBC31 8F495E 0CBC31 5D0E2E 6E313C 5D0E2E 94941B AD0427 BB40E6 205E5C DCE144 205E5C 48EA33 E63884 B27903 AEFF96 36C862 AEFF96 B27903 7BE8A9 C9AF85 9096DB 36590B 53C6C8 9DA2E3 62C365 9DA2E3 53C6C8 7829D7 CF668A 614224 CF668A 53C6C8 36590B 66048A 36590B 9096DB C9AF85 7BE8A9 FFEEBD 7BE8A9 48EA33 10520F 086D53 61199E 086D53 F33196 086D53 9A8DF4 191510 305D33 191510 6B4619 CC9C14 A1F104 CC9C14 6B4619 086D53 4A5708 086D53 10520F C3EF62 10520F 48EA33 099830 82A1F6 91A0DC 2FEDFB 91A0DC 82A1F6 E0BEFC 17BB75 47FACD 17BB75 D1AE72 F3EDB3 EC4D08 B7F75A 6CAF46 6B644E 813B05 6B644E 6CAF46 685D1A 6CAF46 28F6D1 E0BEFC 98C2CE CC6D2A 2BF7B5 B23276 612FAA 124C90 D4A75D EB719D 4CAD30 EB719D 6B340B 1111F7 6966D7 1111F7 B23A80 1977E0 B23A80 6F492E 1D21D3 AE4A01 6825D4 239994 6825D4 3EDE7E EB8E2E 2CA4AD 1B337D 7E1C6C 1B337D C45E71 6B622D 5F4E43 6B622D C45E71 4A28BA C45E71 2CA4AD EB8E2E A9F1B8 52C88C A9F1B8 24743A 251939 5C7062 24743A A9F1B8 EB8E2E 14994D EB8E2E 596CF6 EB8E2E BDE94D DE6899 2334E8 FFFD4B 17779E 0A147B CD2CA7 DD07FF 1E1095 DD07FF F1E81B
100
573788 573788
29D5D7 29D5D7
8015E0 8015E0
17779E 17779E
D337F2 D337F2
CEAC59 CEAC59
AE4A01 AE4A01
D1967A D1967A
B47658 B47658
230A7C 230A7C
1F842B 1F842B
47FACD 47FACD
C3EF62 C3EF62
E81014 E81014
A1F104 A1F104
52C88C 52C88C
E5E6C0 E5E6C0
6B340B 6B340B
2CCB19 2CCB19
AEFF96 AEFF96
851F90 851F90
8BFCAC 8BFCAC
E51A66 E51A66
396D53 396D53
9096DB 9096DB
596CF6 596CF6
8F495E 8F495E
4099A6 4099A6
F33196 F33196
FFEEBD FFEEBD
614224 614224
94A561 94A561
305D33 305D33
C18C9B C18C9B
151BC9 151BC9
36C862 36C862
93EBE3 93EBE3
C9AF85 C9AF85
6B622D 6B622D
783751 783751
CC9C14 CC9C14
66048A 66048A
770D1A 770D1A
20EAE7 20EAE7
6E313C 6E313C
E80628 E80628
4B97F1 4B97F1
0CBC31 0CBC31
8B6C2F 8B6C2F
0F5860 0F5860
685D1A 685D1A
61199E 61199E
1E1095 1E1095
2BF7B5 2BF7B5
59843B 59843B
4A28BA 4A28BA
5BB557 5BB557
90451D 90451D
5F4E43 5F4E43
5C7062 5C7062
C4303B C4303B
8B519F 8B519F
7829D7 7829D7
B7F75A B7F75A
14994D 14994D
6D51F4 6D51F4
239994 239994
2FEDFB 2FEDFB
813B05 813B05
8417C8 8417C8
DCE144 DCE144
D4A75D D4A75D
7E78F3 7E78F3
4CAD30 4CAD30
28F6D1 28F6D1
6966D7 6966D7
7E1C6C 7E1C6C
8EBF8A 8EBF8A
B69F55 B69F55
F1E81B F1E81B
C3B3E7 C3B3E7
3B4B53 3B4B53
D6CC7A D6CC7A
86493E 86493E
85D6DB 85D6DB
4A5708 4A5708
490F1E 490F1E
FFFD4B FFFD4B
BB40E6 BB40E6
DE6899 DE6899
293D59 293D59
14B430 14B430
8F17C0 8F17C0
E3C2C9 E3C2C9
BB4908 BB4908
77A0B5 77A0B5
124C90 124C90
ABD8FE ABD8FE
63361A 63361A
36590B 36590B
