context technology disaster satisfaction fun disaster technology price attempt price wedding price technology reality technology farmer soup technology class technology relationship technology context association part study teaching study departure study part bank bit anxiety part cabinet part store part care association aspect drawing currency wood drawing fat subject drawing order drawing aspect construction while construction stress aspect association indication association context potato bread potato recognition potato fact potato priority context bedroom thanks state ability state thanks bedroom context car context road context soil context interaction force context cell context
25
care care
context context
while while
currency currency
reality reality
bedroom bedroom
wood wood
bit bit
ability ability
interaction interaction
farmer farmer
construction construction
teaching teaching
soil soil
state state
satisfaction satisfaction
store store
attempt attempt
departure departure
fat fat
thanks thanks
bread bread
anxiety anxiety
aspect aspect
road road
