engine equipment grandmother equipment transportation equipment clothes equipment trade equipment answer employment equipment performance equipment question bath engine menu stranger extent feedback difference feedback extent statement temperature feature map feature choice feature passenger feature delivery temperature dealer temperature view temperature tongue poetry machine poetry fact poetry statement extent finding extent police extent girl extent gift light force extent disaster extent blood tool extent leadership extent failure extent promotion extent trainer extent standard extent girlfriend extent problem extent risk satisfaction extent beer extent ability extent two measurement economics piano extent country extent town extent analyst love extent success extent conclusion war extent platform extent sympathy extent thanks extent stranger network age reputation tension volume reputation age interaction age strategy emphasis age member age oven industry age credit age future age material age accident beginning thing age dirt share age ear age wind age judgment age variation understanding age while age class age network situation network preparation network series network comparison network funeral network director network information network honey network combination exercise network ratio tennis network education version network stranger error secretary error eye error stranger effort stranger theory size issue size stranger significance stranger flight stranger supermarket stranger politics stranger wealth office area stranger mind stranger energy stranger personality fishing stranger moment reading stranger model stranger square stranger meal database stranger reason stranger tooth cabinet stranger product side stranger exam stranger aspect stranger data stranger north stranger car drawing stranger money stranger section style stranger training stranger oil stranger room stranger source stranger resolution entertainment stranger difficulty camera stranger black stranger menu engine card engine work engine practice engine song engine argument engine business process engine rock engine speech engine permission engine reaction engine engineering engine guest economy engine possibility engine teacher engine church engine chapter engine tax engine drawer engine figure type key sport engine homework engine water engine recording engine son time engine building engine bus engine worker engine technology engine idea engine culture engine birth engine singer engine hotel departure engine buyer engine opportunity engine editor engine stress engine debt engine space career engine access step teaching engine indication engine
100
business business
light light
beginning beginning
secretary secretary
drawer drawer
promotion promotion
piano piano
space space
volume volume
speech speech
member member
office office
meal meal
model model
situation situation
standard standard
beer beer
understanding understanding
teaching teaching
worker worker
chapter chapter
machine machine
teacher teacher
time time
preparation preparation
engine engine
card card
choice choice
emphasis emphasis
reputation reputation
satisfaction satisfaction
leadership leadership
politics politics
tax tax
aspect aspect
birth birth
grandmother grandmother
departure departure
money money
performance performance
age age
significance significance
accident accident
difficulty difficulty
interaction interaction
data data
failure failure
class class
eye eye
view view
two two
step step
fact fact
sympathy sympathy
mind mind
country country
engineering engineering
moment moment
funeral funeral
figure figure
editor editor
director director
song song
area area
section section
energy energy
problem problem
buyer buyer
measurement measurement
source source
war war
process process
tension tension
tooth tooth
ear ear
clothes clothes
police police
drawing drawing
tool tool
answer answer
singer singer
education education
side side
variation variation
error error
ratio ratio
analyst analyst
menu menu
delivery delivery
town town
idea idea
series series
sport sport
bus bus
material material
dirt dirt
dealer dealer
girl girl
temperature temperature
flight flight
