S Q D C E B W AW X AN AD AN AH AN AI AN AJ AN AL AN AP AN AV AN BE AN BK AN BN AN BO AN BR AN BU AN BY AN CH AN CI AN CO AN CW AN CY AN DF AN DK AN DN AN DR AN DT AN DU AN DX AN EB AN EC AN ED AN EH AN EM AN ER AN ET AN EU AN EY AN FB AN FE AN FI AN FJ AN FN AN FO AN FW AN FX AN FY AN GH AN GL AN GM AN GP AN QR AN X CT AW BF AW BZ AW CC AW CK AW CS AW CU AW DB AW DM AW DO AW DV AW DW AW EF AW EJ AW EP AW EQ AW EV AW EZ AW FA AW FM AW FQ AW FS AW FU AW FZ AW GA AW GF AW GG AW GI AW GK AW GN AW GQ AW QS AW AY B AR B AX B BD B CA B DE B DH B EI A EK H I FC K CL K M V EN AC EO B FD B FR B GD GJ AB AU C BG C BV C CR C DC C DL C DS C DY C EX C GC C D U D AF D AM D AT D AZ D BP D CF D CV D CX D DA D DP D ES D EW D FF D FG D FK D GB D GE D Q J O J Y J Z J AQ J AS J BS J BW CB CZ J DI J FL Q L DJ F CD G N F CM F EE F FH F R T P Q AA Q AE Q AG Q AK Q AO Q BA Q BB Q BC Q BH Q BI Q BJ Q BL Q BM Q BQ Q BT Q BX Q CE Q CJ Q CN Q CP Q CQ Q DD Q DG Q DQ Q DZ Q EA Q EG Q EL Q FP Q FT Q FV Q GO Q S
100
A A
B B
C C
D D
E E
F F
G G
H H
I I
J J
K K
L L
M M
N N
O O
P P
Q Q
R R
S S
T T
U U
V V
W W
X X
Y Y
Z Z
AA AA
AB AB
AC AC
AD AD
AE AE
AF AF
AG AG
AH AH
AI AI
AJ AJ
AK AK
AL AL
AM AM
AN AN
AO AO
AP AP
AQ AQ
AR AR
AS AS
AT AT
AU AU
AV AV
AW AW
AX AX
AY AY
AZ AZ
BA BA
BB BB
BC BC
BD BD
BE BE
BF BF
BG BG
BH BH
BI BI
BJ BJ
BK BK
BL BL
BM BM
BN BN
BO BO
BP BP
BQ BQ
BR BR
BS BS
BT BT
BU BU
BV BV
BW BW
BX BX
BY BY
BZ BZ
CA CA
CB CB
CC CC
CD CD
CE CE
CF CF
CH CH
CI CI
CJ CJ
CK CK
CL CL
CM CM
CN CN
CO CO
CP CP
CQ CQ
CR CR
CS CS
CT CT
CU CU
CV CV
CW CW
