S A G P W B AA C AP AU CB BC BH H AT H CD CU H L E AB AJ CM BB AB BS AI E BF Q BG E BR E CK E CW E L AX BM AK BV L BW L BY L N AC BQ F X BT CR K Y F AZ F BE F BN F BU CN CP F CV W I W J W R T CQ W V W AD M AE W AF W AG W AH W AN W AO W AS W AV W AW W BA O Z U AL BD AY BI W BJ BK BO W BP W BX W BZ W CA W CC W CH W CI W CJ W CO W CS W CT CF AM A AQ AR A CE CL D BL S
50
A A
B B
C C
D D
E E
F F
G G
H H
I I
J J
K K
L L
M M
N N
O O
P P
Q Q
R R
S S
T T
U U
V V
W W
X X
Y Y
Z Z
AA AA
AB AB
AC AC
AD AD
AE AE
AF AF
AG AG
AH AH
AI AI
AJ AJ
AK AK
AL AL
AM AM
AN AN
AO AO
AP AP
AQ AQ
AR AR
AS AS
AT AT
AU AU
AV AV
AW AW
AX AX
