Bowles Mulford Latimer South Pimentel Stacks Sherman Stacks Pimentel South CalHall South Latimer MLK Hearst Jacob Cory Bechtel Birge Bechtel Minor Stephens Minor Memorial Maxwell Barrows Maxwell Memorial Stern FSM Sliver FSM Stern Memorial TacoBell Memorial CZ Memorial McDonalds Memorial AlphaSigmaPhi Memorial Minor Bechtel Kroeber Anthony Optometry TraderJoes Optometry Anthony Kroeber Bechtel Baker Simons Baker Strada UCha Strada RoseGarden Strada Baker Daiso Baker Bechtel Wilde Bechtel Cory Stanley Campbell Doe Campbell Koshland Crepevine Koshland Campbell Eshleman Campbell MemorialStadium Hargrove Tan Warren Safeway Stebbins Safeway Warren Tan Walgreens Tan Hoyt Claremont Hoyt PhiKappaTau Hoyt Tan Hargrove Spieker Hargrove MemorialStadium Campbell Stanley LeConte Campanile Lewis Morrison Rasputin Bachenheimer Rasputin Morrison LaNote Morrison ThetaChi Morrison Lewis Campanile Wurster Zellerbach Wurster McCone Spats Stonefire PiLambda PiAlphaPhi PiLambda Stonefire Spats Botanical Spats McCone Wurster Amoeba Wurster Campanile Bongo ShengKee Bongo Artichokes Cheeseboard Artichokes Bongo Campanile OCF Campanile LeConte VLSB Boalt Kresge PeoplesPark Kresge Castro Kresge Gregoire Kah Gregoire Kresge Boalt VLSB Jupiter VLSB BAMPFA VLSB Chez NorthGate Chez VLSB Cafe3 VLSB LeConte RSF LeConte ALS LeConte Stanley Moses Wellman Sutardja Wellman Moses Greek Unit2 Milano CREAM SuperDuper Normandy SuperDuper CREAM EZStop CREAM Milano IndianRock FallRush IndianRock Milano Unit2 BART Unit2 Wolf StrawberryCreek Wolf Unit2 Greek Cinnaholic Greek Moses Kee Moses RareTea Gypsys Chengdu Gypsys RareTea Moses SigmaOmicronPi Marugame SigmaOmicronPi SigmaPsiZeta SigmaOmicronPi Moses Stanley Cory Extension Cory Jacob Evan Moffitt Faculty Convent Faculty Moffitt Cloyne BlueDoor Cloyne Moffitt Evan Blackwell McLaughlin GenPlantBio McLaughlin Blackwell Evan SigmaPhiOmega BearFoodCourt Fiji BearFoodCourt SigmaPhiOmega Evan Jacob Foothill Haviland IHouse Haviland Morgan LKShing Ippuku ChancellorHouse Ippuku LKShing Morgan Martinez Morgan Haviland Foothill Dwinelle HearstAnnex Pappys HearstAnnex Lothlorien PhiKappaPsi Lothlorien HearstAnnex Dwinelle Haas Pavilion GBC Pavilion Haas Subway Haas Crossroads Lawrence UCTheatre NCEM UCTheatre Lawrence Crossroads Euclid Crossroads sweetgreen Metropolitan sweetgreen BigC sweetgreen TriDelta sweetgreen Crossroads Haas Dwinelle TastyPot KappaAlpha TastyPot Dwinelle Foothill Unit1 Foothill Davis Hildebrand YogurtPark Sinaloa YogurtPark Hildebrand Davis Browns Davis Foothill Cheit Foothill Koja Foothill Jacob Hertz Wheeler Hertz Sproul Soda Sproul Hertz CVStarr Unit3 CKerr WayWest CKerr Ridge CKerr Unit3 Venus Unit3 CVStarr Hillel CVStarr Hertz Jacob TopDog Kidd TopDog Fenwick Cornerstone Fenwick Barker DonnerLab Barker SigmaChi Barker Fenwick TopDog Starbucks Chipotle MFoundry Chipotle Starbucks DYar Starbucks TopDog GammaPhiBeta TopDog Jacob Hearst Kingman Legends Kingman Hearst MLK Rochdale MLK Latimer Edwards Easterly Edwards Latimer Mulford Crescent Mulford Bowles Calvin Etcheverry Sather Target Sather Etcheverry Smokes Etcheverry Calvin Graduate Calvin Bowles LaVals Kips LaVals Marina LaVals Bowles
80
Evan Evan
Foothill Foothill
Campbell Campbell
Doe Doe
Birge Birge
Campanile Campanile
Moses Moses
VLSB VLSB
Wellman Wellman
Koshland Koshland
Mulford Mulford
HearstAnnex HearstAnnex
RSF RSF
Haas Haas
Boalt Boalt
Wurster Wurster
Unit1 Unit1
Blackwell Blackwell
Zellerbach Zellerbach
Greek Greek
Maxwell Maxwell
Calvin Calvin
Etcheverry Etcheverry
Sutardja Sutardja
Kresge Kresge
Hildebrand Hildebrand
Morgan Morgan
Baker Baker
Barrows Barrows
Unit2 Unit2
Unit3 Unit3
CKerr CKerr
Martinez Martinez
WayWest WayWest
Pavilion Pavilion
Stacks Stacks
Simons Simons
PeoplesPark PeoplesPark
LaVals LaVals
Bongo Bongo
TacoBell TacoBell
Strada Strada
Edwards Edwards
Crossroads Crossroads
Browns Browns
Safeway Safeway
Gypsys Gypsys
Graduate Graduate
Daiso Daiso
YogurtPark YogurtPark
ShengKee ShengKee
Rochdale Rochdale
Cloyne Cloyne
Ridge Ridge
Lothlorien Lothlorien
Wilde Wilde
Castro Castro
Sherman Sherman
Wolf Wolf
Spats Spats
Crescent Crescent
Chipotle Chipotle
IndianRock IndianRock
NorthGate NorthGate
Extension Extension
UCTheatre UCTheatre
Cheeseboard Cheeseboard
RoseGarden RoseGarden
StrawberryCreek StrawberryCreek
GenPlantBio GenPlantBio
Barker Barker
Easterly Easterly
BearFoodCourt BearFoodCourt
AlphaSigmaPhi AlphaSigmaPhi
GammaPhiBeta GammaPhiBeta
PiLambda PiLambda
PiAlphaPhi PiAlphaPhi
MFoundry MFoundry
NCEM NCEM
ALS ALS
