Wheeler Doe Campanile LeConte Campbell Haviland Wellman Haviland Koshland RSF Koshland Stonefire Haas Minor Maxwell Bowles Maxwell MemorialStadium Calvin Hargrove MemorialStadium Maxwell Minor Haas Faculty FSM Baker McCone BigC Bongo NorthGate Bongo FallRush Bongo BigC Pavilion PeoplePark Pavilion Simons Koja Legends Koja TriDelta Koja LaNote Unit2 TacoBell Unit2 LaNote Stacks LaNote Simons Pavilion BigC McCone CKerr McCone Baker CZ Spieker CalHall CZ Fiji CZ Baker FSM Faculty Haas Stonefire RareTea Stonefire Koshland Haviland Mulford Haviland Memorial IHouse Memorial McLaughlin South Stephens Moses Stephens HearstAnnex Unit1 HearstAnnex Blackwell HearstAnnex Anthony Stern Anthony GBC WayWest Warren WayWest Cloyne Cafe3 Hearst Davis Hildebrand GenPlantBio Hildebrand Davis Kresge Normandy Cheit Pimentel Morgan CVStarr Moffitt VLSB Etcheverry Latimer Evans Morrison Hertz Kroeber Lewis Greek Cory Jacobs Bechtel Jacobs Cory Greek Lewis Kroeber Wurster Boalt Wurster Kroeber Hertz Morrison Evans Latimer Stanley Foothill Stanley Latimer Etcheverry VLSB Moffitt Soda Sather Martinez Sather Barker Sather Unit3 Sather Barrows OCF Sather Soda CVStarr Morgan Pimentel Cheit Normandy Kresge Davis Hearst Cafe3 Cloyne WayWest Ippuku Metropolitan Ippuku WayWest GBC Anthony HearstAnnex Stephens South McLaughlin Memorial Haviland Campbell Birge LeConte Campanile Doe Wheeler Dwinelle MLK Zellerbach MLK Eshleman MLK Dwinelle Wheeler Sproul Wheeler
36
Martinez Martinez
Barker Barker
Unit3 Unit3
OCF OCF
Hearst Hearst
Stonefire Stonefire
Unit2 Unit2
Legends Legends
TriDelta TriDelta
Metropolitan Metropolitan
Anthony Anthony
Moffitt Moffitt
Hargrove Hargrove
Sproul Sproul
Birge Birge
Dwinelle Dwinelle
Bechtel Bechtel
Jacobs Jacobs
Boalt Boalt
Kroeber Kroeber
Morrison Morrison
Haas Haas
Baker Baker
Fiji Fiji
CKerr CKerr
PeoplePark PeoplePark
RSF RSF
Cheit Cheit
Davis Davis
Cloyne Cloyne
Warren Warren
Etcheverry Etcheverry
Foothill Foothill
IHouse IHouse
McLaughlin McLaughlin
Moses Moses
