0 5 13 17 13 49 13 5 0 8 30 31 10 70 10 31 20 31 43 31 33 1 33 4 33 39 33 8 36 18 46 8 48 7 44 9 44 26 48 27 48 8 0 24 47 24 45 21 45 42 6 42 40 42 45 0 50 51 55 25 2 25 11 14 25 15 35 15 25 16 25 19 25 23 29 12 22 3 22 29 41 23 25 28 25 37 25 55 60 79 60 80 60 81 60 55 61 82 61 83 61 84 61 55 62 85 62 86 62 87 62 55 63 88 63 89 63 55 64 90 32 34 32 38 32 90 64 91 64 92 64 93 64 55 51 50 52 56 65 94 65 95 65 96 65 56 66 97 66 98 66 56 67 99 67 56 52 57 68 57 69 57 52 50 53 58 71 58 72 58 73 58 74 58 53 50 54 59 75 59 76 59 77 59 78 59 54 50 0
50
20 20
93 93
42 42
32 32
87 87
11 11
60 60
49 49
71 71
78 78
98 98
70 70
66 66
90 90
52 52
94 94
19 19
95 95
25 25
73 73
14 14
35 35
83 83
54 54
26 26
96 96
39 39
37 37
74 74
33 33
59 59
21 21
48 48
10 10
84 84
62 62
55 55
12 12
67 67
23 23
77 77
63 63
41 41
92 92
2 2
34 34
45 45
40 40
97 97
31 31
