0 3 4 14 4 46 4 49 4 63 4 67 4 76 4 87 4 96 4 3 9 3 11 2 11 19 11 41 11 55 11 58 11 69 11 92 11 3 29 75 18 75 28 75 34 75 40 75 50 75 54 75 91 75 95 75 3 30 3 51 3 56 3 0 17 5 42 5 17 13 32 13 27 36 27 17 45 39 45 17 48 71 48 88 48 68 44 68 17 70 65 70 17 77 22 77 17 80 66 80 17 0 31 25 6 25 23 25 24 25 52 25 59 25 60 25 93 25 31 35 37 35 38 35 74 35 78 35 84 35 94 35 31 53 31 57 21 57 61 57 31 64 7 64 8 64 16 64 33 64 72 89 1 89 26 89 47 89 79 89 31 97 31 0 86 10 83 10 99 10 86 12 15 12 62 12 86 20 43 20 86 73 86 81 82 81 86 85 90 86 98 86 0 100 101 108 154 108 155 108 156 108 157 108 158 108 159 108 160 108 161 108 162 108 101 109 163 109 164 109 165 109 166 109 167 109 101 110 168 110 169 110 170 110 171 110 172 110 173 110 174 110 175 110 176 110 101 111 177 111 178 111 101 112 179 112 180 112 181 112 182 112 101 113 183 113 184 113 185 113 186 113 187 113 188 113 189 113 190 113 191 113 101 114 192 114 101 115 193 115 194 115 195 115 196 115 197 115 101 116 198 116 101 117 199 117 101 100 102 118 102 119 102 120 102 121 102 122 102 123 102 124 102 125 102 100 103 126 103 127 103 128 103 129 103 130 103 131 103 100 104 132 104 133 104 134 104 135 104 136 104 100 105 137 105 138 105 139 105 140 105 100 106 141 106 142 106 143 106 144 106 145 106 146 106 147 106 148 106 149 106 100 107 150 107 151 107 152 107 153 107 100 0
100
17 17
104 104
128 128
20 20
152 152
167 167
182 182
14 14
42 42
43 43
153 153
83 83
25 25
70 70
35 35
156 156
117 117
172 172
169 169
177 177
65 65
147 147
109 109
130 130
127 127
87 87
175 175
124 124
90 90
171 171
189 189
18 18
188 188
31 31
63 63
196 196
66 66
81 81
26 26
51 51
77 77
56 56
180 180
24 24
53 53
1 1
136 136
149 149
158 158
99 99
10 10
82 82
101 101
100 100
160 160
28 28
85 85
96 96
72 72
154 154
44 44
86 86
57 57
106 106
54 54
29 29
22 22
68 68
123 123
118 118
178 178
49 49
98 98
142 142
62 62
145 145
89 89
198 198
58 58
113 113
121 121
112 112
102 102
13 13
138 138
7 7
105 105
173 173
75 75
144 144
59 59
5 5
21 21
55 55
168 168
146 146
151 151
4 4
194 194
179 179
