aa as bo ar by al cm cv bj aq an az da cg bl av at cx bc bm cp cs ai bu bt bz ca cc dn ci ad cy cj bv dk de cf dj dm dt cl du dd am ap bd db ck ab ba bx do bs ak ac cq ce df bk af ay ah ao bb au cb dp bw bg aw cn ag bn ae cz dq ax bp cd ch dv cu bq dh di dl dg ct co cr dc aj bh bi br cw dr bf be ds aa
50
ag ag
df df
bc bc
bf bf
cy cy
ae ae
bv bv
ce ce
cs cs
cl cl
dv dv
db db
cj cj
cf cf
ax ax
de de
bj bj
ab ab
az az
aa aa
ao ao
cm cm
at at
bb bb
bu bu
bk bk
ay ay
bd bd
cb cb
aj aj
am am
ap ap
dq dq
by by
ch ch
bs bs
dj dj
au au
dk dk
af af
ac ac
dg dg
dr dr
bo bo
br br
ct ct
bl bl
ak ak
bg bg
be be
