86 67 2 46 94 46 117 46 200 46 2 63 74 63 75 63 2 171 7 23 8 12 48 12 49 125 49 12 123 12 138 12 149 12 8 55 93 55 118 55 132 55 8 60 1 42 76 42 1 81 197 81 1 114 29 85 129 85 29 108 44 108 59 72 59 108 184 108 29 121 29 162 29 114 52 114 105 114 1 180 106 180 1 190 195 190 1 60 9 10 83 10 112 10 9 13 9 26 164 26 186 26 9 62 89 62 193 62 9 110 9 128 5 3 11 99 196 99 11 3 19 77 19 166 176 166 19 3 37 73 37 97 37 151 17 151 80 194 80 151 37 156 188 16 188 37 3 40 15 18 47 34 135 34 178 34 47 41 47 18 51 43 92 182 96 174 96 182 92 43 192 43 51 18 84 88 27 88 18 136 144 136 18 139 18 177 18 15 32 25 64 25 134 50 134 25 140 25 143 6 143 25 150 25 153 25 154 25 158 25 32 126 32 157 32 159 32 175 32 15 36 20 38 20 82 20 36 70 36 133 152 133 36 15 61 30 61 69 61 71 167 65 146 65 167 71 61 104 24 124 24 168 189 168 24 104 107 61 15 122 15 199 15 40 141 40 3 54 111 113 111 54 3 127 3 130 4 31 115 53 115 31 4 142 4 179 4 183 4 130 3 5 98 33 98 91 98 173 98 5 103 5 109 170 109 131 160 131 5 128 9 181 9 60 87 60 8 78 14 78 148 78 8 79 21 79 137 79 8 165 8 23 39 147 39 155 39 161 39 172 56 172 39 23 58 28 58 116 58 23 66 23 169 23 185 23 7 45 191 45 7 57 95 57 7 101 7 119 7 145 7 163 7 171 2 187 2 67 22 68 35 68 90 68 100 68 22 102 22 67 198 67 86 120 86
100
1 1
2 2
5 5
6 6
8 8
10 10
11 11
13 13
14 14
17 17
19 19
21 21
22 22
26 26
27 27
28 28
30 30
35 35
36 36
38 38
41 41
44 44
45 45
48 48
51 51
52 52
53 53
54 54
56 56
57 57
64 64
66 66
69 69
71 71
72 72
73 73
74 74
75 75
76 76
82 82
84 84
87 87
89 89
90 90
91 91
92 92
93 93
94 94
97 97
100 100
101 101
105 105
106 106
107 107
110 110
113 113
116 116
117 117
120 120
121 121
122 122
123 123
125 125
126 126
129 129
132 132
137 137
138 138
139 139
140 140
145 145
146 146
148 148
149 149
150 150
152 152
153 153
154 154
156 156
157 157
158 158
159 159
160 160
163 163
169 169
173 173
174 174
175 175
177 177
179 179
181 181
183 183
184 184
185 185
189 189
192 192
194 194
196 196
198 198
199 199
