3 5 69 96 69 5 80 29 80 73 80 5 100 5 3 6 10 7 48 49 48 7 77 7 82 39 82 7 86 10 17 10 30 52 30 10 44 46 44 10 90 10 6 18 8 97 16 97 8 18 15 81 15 18 37 18 76 18 95 18 6 64 71 64 6 3 12 54 12 72 12 3 21 4 19 20 63 20 4 22 83 58 83 22 4 35 57 35 94 35 4 38 53 38 4 43 4 50 4 62 4 66 4 75 4 98 99 1 78 2 13 9 11 41 11 65 11 70 11 84 45 84 13 28 31 28 47 59 47 28 13 33 13 42 13 51 13 2 14 89 56 89 14 2 24 2 27 26 27 34 2 36 2 40 2 68 2 74 78 1 79 99 4 21 3 23 3 32 3 55 85 93 88 61 25 61 88 93 85 55 3 60 3 67 3 87 3 91 3 92 3
50
1 1
6 6
7 7
8 8
9 9
12 12
14 14
15 15
17 17
19 19
21 21
22 22
23 23
24 24
25 25
27 27
29 29
31 31
32 32
33 33
36 36
40 40
41 41
42 42
43 43
45 45
46 46
49 49
50 50
52 52
53 53
56 56
57 57
58 58
60 60
63 63
66 66
67 67
68 68
70 70
71 71
73 73
75 75
76 76
87 87
90 90
94 94
96 96
98 98
100 100
