110 57 26 90 191 119 152 199 103 24 185 129 44 68 82 153 112 182 85 184 164 72 100 2 7 168 81 159 174 38 69 95 162 128 116 139 39 55 61 11 176 158 117 13 151 142 160 104 98 189 178 62 34 150 134 74 12 148 42 172 92 169 65 54 35 73 47 45 156 177 180 113 125 197 135 37 171 194 102 118 3 127 138 190 122 114 124 60 66 87 196 109 9 88 25 41 20 192 31 144 10 130 137 161 70 27 115 17 19 52 165 22 108 63 18 141 71 83 5 46 101 43 123 193 97 93 140 6 131 48 186 187 121 105 166 111 51 58 78 56 50 96 21 53 120 59 179 1 36 79 149 126 147 32 23 0 8 107 154 28 29 49 188 64 84 175 89 170 14 173 30 40 157 167 94 76 183 198 16 80 146 77 195 33 4 67 15 86 132 163 75 91 145 106 136 99 181 133 143 155 110
100
178 178
76 76
152 152
190 190
90 90
64 64
54 54
36 36
163 163
60 60
160 160
175 175
99 99
141 141
44 44
197 197
50 50
51 51
28 28
101 101
195 195
47 47
107 107
30 30
172 172
159 159
148 148
29 29
43 43
15 15
81 81
41 41
87 87
169 169
18 18
53 53
193 193
11 11
56 56
20 20
126 126
6 6
25 25
96 96
13 13
147 147
45 45
171 171
165 165
38 38
1 1
72 72
140 140
121 121
110 110
123 123
182 182
73 73
124 124
0 0
5 5
14 14
55 55
127 127
161 161
131 131
98 98
142 142
79 79
103 103
170 170
39 39
149 149
92 92
22 22
122 122
66 66
74 74
3 3
85 85
52 52
83 83
100 100
67 67
181 181
19 19
199 199
154 154
189 189
94 94
138 138
192 192
77 77
91 91
176 176
168 168
145 145
26 26
132 132
40 40
