57 53 97 2 75 78 85 46 16 35 84 64 59 25 41 95 9 70 10 17 42 5 23 79 77 3 86 49 54 14 62 67 92 44 87 51 39 61 48 66 56 6 33 83 80 7 15 1 81 55 13 45 47 8 37 93 27 36 40 30 34 65 22 0 76 58 89 50 11 29 82 60 12 24 73 26 28 88 63 72 90 18 68 38 31 52 96 19 99 94 43 71 91 4 98 21 74 32 20 69 57
50
86 86
54 54
58 58
48 48
80 80
55 55
25 25
84 84
21 21
13 13
11 11
47 47
43 43
75 75
61 61
4 4
87 87
78 78
17 17
26 26
51 51
64 64
50 50
91 91
14 14
94 94
70 70
88 88
77 77
68 68
98 98
29 29
24 24
56 56
38 38
52 52
76 76
83 83
7 7
57 57
5 5
62 62
34 34
2 2
42 42
46 46
99 99
53 53
12 12
36 36
