1 3 16 59 16 140 16 180 89 3 92 3 96 3 101 3 106 115 3 142 160 166 169 3 178 3 182 184 3 188 191 3 195 3 1 8 2 14 38 14 39 14 40 120 49 147 50 158 14 145 154 14 157 32 146 32 2 44 2 51 6 20 55 20 102 121 149 20 6 26 30 122 47 60 94 6 97 6 126 151 179 74 2 79 83 95 4 18 4 25 9 41 9 43 22 69 107 22 43 9 57 67 9 98 9 113 9 119 9 124 9 131 9 162 199 9 25 132 42 4 54 61 4 91 4 144 4 153 161 171 95 2 100 2 118 128 2 134 2 152 163 165 2 185 2 190 197 8 29 155 8 64 8 87 90 114 123 8 135 8 137 170 193 8 1 13 5 10 17 36 17 48 17 53 56 10 65 10 71 10 82 10 84 10 116 10 168 173 10 5 11 24 72 24 73 159 108 24 11 80 104 11 109 11 112 11 148 11 5 15 187 33 19 21 23 77 23 127 23 21 76 192 21 19 175 196 117 5 35 103 35 45 63 7 12 27 68 27 12 31 75 62 12 66 78 12 88 177 12 189 12 7 28 7 37 125 37 172 110 138 7 139 7 150 176 5 93 99 105 5 130 5 156 5 164 167 5 181 5 183 186 5 200 34 136 34 13 52 70 1 46 58 81 85 86 1 111 129 1 133 1 141 1 143 174 1 194 1 198 1
97
1 1
2 2
3 3
6 6
8 8
9 9
10 10
13 13
16 16
20 20
21 21
26 26
27 27
31 31
33 33
34 34
35 35
36 36
37 37
41 41
42 42
44 44
47 47
49 49
50 50
51 51
53 53
55 55
56 56
57 57
58 58
59 59
60 60
61 61
68 68
69 69
70 70
74 74
75 75
77 77
80 80
81 81
82 82
83 83
84 84
85 85
86 86
87 87
88 88
89 89
92 92
95 95
97 97
99 99
101 101
102 102
103 103
106 106
110 110
111 111
116 116
124 124
126 126
127 127
129 129
130 130
131 131
133 133
136 136
137 137
138 138
139 139
140 140
141 141
143 143
144 144
150 150
151 151
156 156
157 157
159 159
161 161
162 162
164 164
165 165
167 167
169 169
171 171
174 174
176 176
177 177
182 182
184 184
189 189
193 193
198 198
200 200
