1 10 40 51 10 83 100 13 12 28 88 55 12 13 38 13 97 99 13 1 16 90 1 20 86 23 24 98 24 41 45 5 6 9 27 46 49 68 9 74 9 77 9 93 9 94 11 39 11 61 65 11 70 18 92 18 6 26 34 6 44 6 59 6 5 7 4 21 43 21 4 69 71 91 3 17 8 22 30 8 72 78 42 73 79 82 17 3 19 25 2 37 2 50 66 67 2 80 2 89 96 2 58 60 25 48 53 3 56 3 76 3 95 15 29 47 52 7 14 87 31 32 35 33 35 57 36 62 75 81 5 84 85 54 63 64 1
37
1 1
6 6
10 10
11 11
12 12
13 13
16 16
17 17
20 20
21 21
22 22
23 23
24 24
25 25
27 27
29 29
36 36
40 40
42 42
45 45
50 50
54 54
61 61
63 63
71 71
72 72
74 74
75 75
76 76
77 77
83 83
87 87
89 89
90 90
91 91
93 93
100 100
