45 58 1 64 36 23 25 10 46 42 77 91 63 12 70 27 30 51 5 87 89 47 54 3 90 71 82 93 59 14 18 13 9 37 85 17 99 48 28 80 94 92 6 95 86 74 39 84 73 32 100 96 97 4 38 7 26 88 24 83 29 65 55 68 34 31 43 76 56 98 52 62 20 16 72 69 50 78 53 67 66 60 11 57 44 21 22 81 33 61 8 15 19 35 49 79 40 41 2 75 45
50
39 39
91 91
52 52
84 84
21 21
63 63
34 34
38 38
50 50
87 87
69 69
58 58
41 41
89 89
27 27
2 2
59 59
1 1
46 46
92 92
26 26
47 47
80 80
24 24
77 77
57 57
51 51
35 35
70 70
18 18
68 68
17 17
82 82
54 54
71 71
40 40
10 10
56 56
66 66
78 78
95 95
44 44
61 61
33 33
5 5
7 7
53 53
19 19
31 31
29 29
