31 73 65 87 36 128 124 2 46 52 132 112 107 146 74 56 144 157 54 114 48 142 99 156 126 72 140 153 50 45 21 94 149 82 109 135 136 152 88 15 16 9 28 4 80 143 155 90 83 148 70 110 19 5 43 69 92 38 64 35 24 150 40 127 77 79 101 42 122 125 151 59 11 89 1 8 29 33 105 189 137 75 12 120 133 159 100 62 172 167 161 200 185 188 168 190 192 186 194 199 179 162 182 180 193 176 191 197 163 174 178 166 164 173 177 165 198 183 170 181 184 187 195 169 171 196 175 57 63 154 96 34 76 26 53 6 30 10 119 131 13 44 81 115 141 17 20 55 58 102 134 32 91 61 3 22 86 7 68 118 160 67 108 139 103 27 95 85 23 49 111 129 98 78 41 113 147 93 84 25 106 123 117 116 66 14 138 60 71 39 145 97 37 130 51 158 18 121 47 104 31
100
175 175
127 127
78 78
93 93
58 58
66 66
167 167
69 69
160 160
195 195
13 13
65 65
32 32
198 198
197 197
173 173
77 77
20 20
38 38
80 80
81 81
147 147
82 82
120 120
125 125
196 196
22 22
180 180
105 105
108 108
46 46
119 119
117 117
49 49
114 114
143 143
21 21
94 94
106 106
74 74
90 90
60 60
88 88
48 48
14 14
169 169
148 148
184 184
151 151
112 112
179 179
110 110
27 27
86 86
140 140
34 34
138 138
7 7
134 134
107 107
123 123
128 128
30 30
168 168
103 103
188 188
35 35
99 99
137 137
4 4
156 156
164 164
47 47
28 28
170 170
64 64
12 12
6 6
186 186
67 67
89 89
146 146
9 9
33 33
141 141
57 57
115 115
191 191
42 42
152 152
149 149
29 29
68 68
45 45
131 131
83 83
121 121
52 52
171 171
199 199
