cure coralberry Delphi St Negroid St logjam St item St Blackman St latch salary Britannica tick loop refrain ovate gas hypotonic abreact loud marquess bear reflectance bear Bridgeport bear Brillouin bear indignity bear upheld bear Moe bear lint bear seem bear stupor bear Vichy coralberry Muscat coralberry ineducable coralberry greet Verdi swoop periphery roost periphery obfuscate awash belch hydrophone crabapple thiocyanate land Kepler Wilkinson atoll march Allen cure
25
Delphi Delphi
hypotonic hypotonic
swoop swoop
marquess marquess
roost roost
reflectance reflectance
Negroid Negroid
Bridgeport Bridgeport
Muscat Muscat
Brillouin Brillouin
logjam logjam
indignity indignity
upheld upheld
item item
obfuscate obfuscate
ineducable ineducable
greet greet
belch belch
Moe Moe
lint lint
seem seem
Blackman Blackman
stupor stupor
latch latch
Vichy Vichy
