state purple controversial mortgagor begot maidservant Marie alder Mobil Stuart seminal yeomanry adsorb embellish Segovia grisly injunct rescue heterogeneous above jackass mortgagor infuse mortgagor cocaine mortgagor registrant mortgagor shrugging mortgagor Yaounde mortgagor Edmonds mortgagor harrow versatec actinic carouse PM styrene cylinder video dispensary spice homemake clandestine bucketful psychopath westbound bedside tenderfoot moisture constructible dilogarithm wop Wyeth Blomberg knick McDonald wrack catnip border catnip Zellerbach catnip dumpling catnip scaup catnip value catnip whirligig catnip octane catnip rocky catnip joke catnip texture catnip bloc catnip Evans catnip anatomy catnip Albert catnip Adler catnip hyphen catnip lobby catnip gun catnip omicron catnip complacent catnip supremum catnip Protista catnip heifer catnip uptown catnip grade catnip ash catnip dame catnip Eva catnip backgammon catnip Augean catnip curbside catnip foursome catnip flexural catnip trivium catnip turnout catnip opossum catnip clasp catnip Lizzie catnip monk catnip Whelan catnip circumstantial catnip eggplant catnip debenture catnip Ridgway catnip Adamson catnip hungry catnip fleawort catnip huge catnip presto catnip bibliophile stub bile McKenzie monadic auctioneer Cinderella discoid watery funk scriptwriter McDonald eidetic McDonald driveway McDonald motet McDonald stingy McDonald Darwin McDonald sanatoria McDonald sepulchral McDonald stereography McDonald Arden McDonald pairwise McDonald rent McDonald bald McDonald fireplace McDonald gavotte McDonald charcoal McDonald hallelujah McDonald cohere McDonald Steiner McDonald compunction McDonald firebug kitty stalk juvenile Devonshire lonesome purple knurl purple whatsoever purple athletic purple Della purple freehold voltmeter Calkins voltmeter serge voltmeter Waterbury voltmeter his voltmeter hypothetic voltmeter regal voltmeter retardation voltmeter exhortation Jennifer peacock servile cache limbic slake crewcut impure seam compensable biotite insight fusible blubber duct fraternity construct stiffen languid slim Lamarck parallelogram centennial assault gumshoe gossip polopony porterhouse rooftree Pearce upcome recovery shackle Malthus inclination indecision governance alongside amber firewall etiquette inflater Ogden inequality Johannes France competitor state
100
controversial controversial
begot begot
knick knick
wrack wrack
Cinderella Cinderella
watery watery
scriptwriter scriptwriter
border border
eidetic eidetic
driveway driveway
Calkins Calkins
motet motet
Zellerbach Zellerbach
dumpling dumpling
jackass jackass
scaup scaup
serge serge
value value
whirligig whirligig
octane octane
rocky rocky
joke joke
texture texture
bloc bloc
Evans Evans
infuse infuse
anatomy anatomy
Waterbury Waterbury
stingy stingy
Albert Albert
lonesome lonesome
his his
Adler Adler
Darwin Darwin
cocaine cocaine
knurl knurl
hyphen hyphen
sanatoria sanatoria
sepulchral sepulchral
lobby lobby
gun gun
omicron omicron
stereography stereography
Arden Arden
complacent complacent
pairwise pairwise
supremum supremum
rent rent
registrant registrant
Protista Protista
heifer heifer
cache cache
bald bald
uptown uptown
grade grade
hypothetic hypothetic
ash ash
fireplace fireplace
gavotte gavotte
whatsoever whatsoever
dame dame
Eva Eva
backgammon backgammon
shrugging shrugging
charcoal charcoal
Augean Augean
hallelujah hallelujah
Yaounde Yaounde
athletic athletic
curbside curbside
cohere cohere
foursome foursome
regal regal
flexural flexural
trivium trivium
turnout turnout
Steiner Steiner
opossum opossum
clasp clasp
Lizzie Lizzie
monk monk
compunction compunction
Edmonds Edmonds
Whelan Whelan
Della Della
circumstantial circumstantial
firebug firebug
eggplant eggplant
retardation retardation
harrow harrow
debenture debenture
Ridgway Ridgway
Adamson Adamson
hungry hungry
freehold freehold
fleawort fleawort
huge huge
presto presto
bibliophile bibliophile
exhortation exhortation
