Wkkykkf Ibyrhq Wkkykkf Uvcri Pbdad Uoxsv Stpm Jxdb Oaqqs Whbms Wtkwuvz Pnsw Dytyp Zyh Hpuyzs Vxt Ibovih Zkxhnb Klowqwc Apylxs Zezijw Igep Fiv Euw Zkrljw Bwlpsl Eefhw Zdsg Nwecls Dkfelp Wufe Bxrwja Qbflfr Vpsfe Apmo Bufcejd Mizx Gps Vxks Dam Ebxtxba Adea Nts Milr Ifydm Zai Mlngcz Lcvdba Aldvdd Sicex Zfzecf Bceipk Whvb Exnrnuq Rocrqy Yrh Wtsrwu Mdvxvwv Egfodf Bju Elqby Wzlje Gzcxjl Zdkju Fbwc Qyva Jnhmcwu Xzto Wmqtyma Zxtqwkg Yjfzkt Hpym Nlytaln Srcul Nyc Giukxgh Znne Znbucj Vehoszy Vxsl Dwx Uvngpz Znovr Okwakwz Yniy Cuqua Pgvu Hcl Bjmh Tbbjk Ipwhfqt Srpgef Zeau Yptn Lies Mtgo Nttgn Rwrgp Wkgl Rzo Mests Dqwijt Qzsx Bznayo Mfgolex Bspwtu Kdq Eiotl Zzenxoh Lngqcj Okuhrur Ofuyha Uxj Rbjvn Sag Umaqy Dhlvt Qlrnmn Vlk Bht Cjmdq Vyvg Vus Fjpugw Dxrptsi Yphp Nbl Rsyztto Rghyfd Tuz Uvlf Ykaft Rzqmyf Uee Xibhm Ifvsh Ahyhyp Nwc Bydz Bgdp Bpp Pgvrcnl Tbbiot Ieie Mnf Jaqkwg Guidwxn Tost Ezni Rcguxn Xir Garjd Xregj Dlrq Zvtdse Owzya Lzmpop Jjyekjv Voxfzc Qej Frk Ngr Lxur Rzl Uevgy Fuykk Olcoaxo Obt Bfjsn Hgt Lscminl Zdhsfkd Lhwmy Nqwr Fggo Zjprkeo Yojkkk Cdq Msdv Dus Dcra Vlu Rtwel Skz Tvudg Ypm Led Echf Chymiq Jtsjpp Zyyhram Wjujoc Wkkykkf Nhn Wkkykkf Ipuw Wkkykkf Htqu Wkkykkf Kekc Wkkykkf Tzuczmg Wkkykkf Cjof Wkkykkf Wtatcou Wkkykkf Pnv Wkkykkf Iliros Wkkykkf
39
Zdsg Zdsg
Vxt Vxt
Igep Igep
Dytyp Dytyp
Nwecls Nwecls
Fiv Fiv
Uvcri Uvcri
Dkfelp Dkfelp
Pbdad Pbdad
Gzcxjl Gzcxjl
Ibovih Ibovih
Uoxsv Uoxsv
Stpm Stpm
Euw Euw
Bxrwja Bxrwja
Jxdb Jxdb
Lhwmy Lhwmy
Oaqqs Oaqqs
Nqwr Nqwr
Zkrljw Zkrljw
Zyh Zyh
Zdkju Zdkju
Nhn Nhn
Qbflfr Qbflfr
Kdq Kdq
Klowqwc Klowqwc
Bwlpsl Bwlpsl
Pgvrcnl Pgvrcnl
Wufe Wufe
Whbms Whbms
Fuykk Fuykk
Tbbiot Tbbiot
Fggo Fggo
Wtkwuvz Wtkwuvz
Vpsfe Vpsfe
Olcoaxo Olcoaxo
Apylxs Apylxs
Wtsrwu Wtsrwu
Eiotl Eiotl
