A0 Q1 K1 B2 X1 K2 Q2 D3 N1 J3 V2 X0 F1 A3 M1 Y0 R0 T2 E0 O1 P0 S0 H2 G2 I2 L2 Z2 J2 N2 A1 M0 H0 O2 F3 R1 K0 O0 M3 P1 L1 W1 S2 G0 B0 L3 U3 U2 J0 X2 F2 T1 R3 Y2 Z0 U0 O3 W0 G3 S3 I1 V1 W2 T3 J1 E2 T0 M2 A2 C1 C2 V3 N0 C3 I3 V0 H1 E3 E1 B3 N3 F0 C0 P2 Q3 Y1 R2 I0 B1 S1 G1 D0 D1 K3 P3 Q0 U1 L0 D2 H3 Z1 A0
50
A0 A0
B0 B0
C0 C0
E0 E0
F0 F0
H0 H0
I0 I0
K0 K0
L0 L0
M0 M0
N0 N0
O0 O0
P0 P0
S0 S0
U0 U0
V0 V0
Z0 Z0
A1 A1
B1 B1
C1 C1
D1 D1
F1 F1
H1 H1
K1 K1
L1 L1
M1 M1
O1 O1
T1 T1
U1 U1
V1 V1
X1 X1
Z1 Z1
B2 B2
C2 C2
N2 N2
P2 P2
Q2 Q2
R2 R2
U2 U2
V2 V2
W2 W2
X2 X2
C3 C3
D3 D3
F3 F3
L3 L3
N3 N3
P3 P3
S3 S3
T3 T3
