7 49 23 93 8 85 39 68 25 16 25 96 99 62 98 62 99 96 25 68 97 61 42 61 97 68 39 85 59 88 12 58 31 50 31 58 12 88 59 85 66 80 46 80 66 85 70 85 8 93 45 47 17 47 28 35 27 15 36 21 10 86 10 21 36 53 36 15 52 82 33 91 26 11 26 76 26 91 63 91 33 82 52 15 65 15 27 81 6 81 27 35 92 51 73 64 95 64 73 51 92 60 22 60 30 94 57 94 30 60 92 35 28 67 89 67 28 84 77 38 77 84 28 47 48 56 2 14 2 37 19 20 9 54 9 20 19 2 56 40 78 1 32 43 90 69 4 13 75 13 4 69 90 43 32 74 0 74 29 74 32 1 79 1 78 55 5 55 78 71 78 40 87 40 56 48 47 72 44 41 3 18 34 24 83 24 34 18 3 41 44 72 47 45 93 23 49 7
30
22 22
49 49
84 84
83 83
15 15
38 38
63 63
23 23
81 81
65 65
89 89
74 74
96 96
98 98
61 61
99 99
58 58
30 30
51 51
19 19
80 80
25 25
75 75
76 76
42 42
44 44
64 64
32 32
33 33
16 16
