142 121 88 121 137 48 76 24 76 48 137 66 44 66 106 127 106 66 110 43 111 90 143 77 160 108 148 46 148 108 160 77 143 90 111 43 110 66 137 188 83 93 151 144 57 144 109 144 151 167 151 181 18 103 6 17 171 63 131 35 182 176 40 116 98 12 197 38 118 38 197 12 98 96 25 96 98 116 179 141 99 54 114 80 114 54 99 141 179 116 40 176 182 35 131 53 131 63 149 26 0 183 190 183 0 26 149 63 171 135 97 135 171 140 126 104 126 164 59 21 157 21 59 164 126 177 16 94 16 193 60 78 86 78 186 55 105 61 105 55 186 78 60 124 60 193 95 193 130 58 147 27 72 87 72 145 72 27 146 189 20 189 146 27 147 58 155 162 166 51 3 174 4 174 3 51 166 162 155 58 184 74 15 74 184 58 130 65 130 175 34 175 130 193 16 177 126 140 129 67 32 29 84 29 32 67 129 140 180 125 194 37 172 52 134 14 134 52 178 195 158 195 178 52 172 37 194 125 180 140 171 17 6 128 68 152 41 152 68 192 150 192 68 128 75 79 75 128 122 64 69 64 122 128 6 103 28 9 33 133 33 156 56 156 112 82 112 199 71 199 112 156 198 156 33 9 92 70 92 9 136 47 7 47 62 107 62 47 136 102 2 19 2 102 136 9 28 103 85 89 85 187 132 39 115 5 185 22 185 5 115 123 169 36 169 123 115 39 132 187 85 103 18 181 91 101 161 49 138 113 42 113 138 49 161 101 91 181 153 23 168 11 168 23 153 139 30 139 154 1 100 163 8 31 8 45 173 45 8 163 170 120 170 163 100 1 117 1 154 191 159 191 154 139 196 139 153 165 73 13 10 119 81 119 10 13 73 50 73 165 153 181 151 93 83 188 137 121 142
60
150 150
144 144
31 31
129 129
158 158
90 90
133 133
178 178
14 14
181 181
141 141
30 30
174 174
70 70
183 183
46 46
106 106
21 21
186 186
159 159
124 124
34 34
41 41
108 108
7 7
121 121
177 177
89 89
22 22
23 23
127 127
63 63
151 151
157 157
76 76
145 145
60 60
195 195
3 3
197 197
167 167
115 115
48 48
35 35
38 38
55 55
140 140
16 16
77 77
69 69
91 91
137 137
93 93
58 58
97 97
39 39
4 4
33 33
64 64
44 44
