5 4 3 0 1 2 9 10 15 30 15 163 167 163 15 10 28 39 88 117 190 117 88 141 88 168 88 189 88 39 153 39 28 98 28 188 28 10 160 10 9 12 17 36 40 92 40 94 99 133 99 147 99 94 40 139 40 185 40 36 82 179 82 36 17 55 57 87 57 55 78 55 17 114 164 114 165 114 17 12 18 178 18 12 25 43 61 119 198 119 61 43 132 157 132 43 183 43 25 46 49 46 25 12 150 191 150 12 9 22 37 44 47 44 106 44 37 45 59 76 59 96 136 96 148 173 148 96 59 101 104 116 104 125 104 101 111 101 59 118 126 118 166 118 59 127 59 45 72 45 152 197 152 45 37 71 37 195 37 22 58 86 109 130 174 130 109 199 109 86 58 128 58 22 67 22 9 77 9 2 1 6 11 27 41 48 175 48 41 27 53 60 129 60 156 161 156 60 53 122 53 123 131 140 131 123 53 27 11 85 11 113 11 120 11 6 34 182 34 6 74 6 1 21 8 95 100 95 121 124 121 95 134 149 134 95 8 170 193 170 8 21 24 21 83 21 1 26 66 26 93 1 70 105 115 105 137 105 158 105 70 187 70 1 154 1 177 1 0 51 0 81 184 81 0 3 4 13 4 31 4 79 135 79 4 5 7 16 29 32 50 75 181 75 186 75 50 32 29 146 151 146 29 16 192 16 7 35 7 65 7 5 14 23 103 23 14 42 138 42 14 63 14 64 89 142 89 64 14 90 91 90 14 172 14 196 14 5 19 20 38 20 54 20 62 84 62 108 62 20 97 20 110 20 19 52 56 73 56 102 56 162 56 52 80 52 143 144 159 144 176 180 194 180 176 144 143 52 19 69 145 69 19 169 19 33 68 155 171 155 68 33 107 112 107 33 5
52
9 9
21 21
23 23
27 27
31 31
32 32
35 35
45 45
50 50
51 51
54 54
57 57
58 58
63 63
68 68
76 76
77 77
80 80
85 85
91 91
92 92
96 96
101 101
102 102
103 103
104 104
105 105
106 106
109 109
111 111
113 113
121 121
126 126
127 127
130 130
140 140
145 145
152 152
155 155
160 160
163 163
168 168
169 169
176 176
177 177
178 178
179 179
180 180
183 183
191 191
194 194
196 196
