6 3 0 1 5 7 14 89 14 7 24 36 41 84 41 36 24 70 24 7 97 7 5 15 26 29 26 35 26 15 5 33 5 61 5 1 9 17 83 17 94 17 9 30 44 69 44 30 59 30 9 31 86 31 9 81 9 1 11 22 11 37 55 82 55 37 11 57 11 63 72 63 11 79 11 1 28 52 28 1 0 2 16 67 16 80 16 2 27 40 27 66 27 88 27 2 34 2 56 2 93 2 0 18 32 58 32 18 51 87 51 18 0 20 42 50 64 90 64 50 65 92 96 92 65 50 42 71 74 71 42 20 0 3 4 10 39 46 39 62 39 10 73 10 4 98 4 3 13 21 23 21 13 3 45 53 45 68 45 3 76 3 6 8 12 19 12 38 54 99 54 38 12 43 47 60 95 60 47 91 47 43 49 43 12 75 12 77 12 8 48 85 48 8 6 25 78 25 6
25
6 6
8 8
13 13
17 17
23 23
28 28
35 35
42 42
46 46
47 47
48 48
52 52
54 54
55 55
56 56
70 70
73 73
75 75
77 77
78 78
84 84
85 85
89 89
93 93
95 95
