89 65 18 20 35 19 42 31 42 55 63 78 37 0 2 28 2 34 91 62 91 2 0 37 6 37 84 37 78 63 55 66 41 12 41 49 45 52 38 58 38 75 86 26 32 30 32 26 86 75 38 52 45 49 72 49 88 49 41 66 57 8 40 4 9 73 3 79 59 79 3 73 96 51 96 9 4 64 4 40 95 16 95 33 95 53 10 95 40 8 43 8 57 29 46 29 57 47 57 56 57 67 76 60 76 67 57 66 71 66 55 42 19 35 50 39 50 61 83 61 50 80 94 1 98 1 94 14 68 22 68 14 94 80 50 20 18 69 70 97 70 69 77 44 21 81 21 44 74 23 17 48 23 27 74 36 74 77 69 18 65 82 54 90 54 99 54 82 92 7 15 7 85 24 5 24 11 24 13 24 25 24 87 24 92 82 65 93 65 89
50
1 1
2 2
3 3
4 4
5 5
6 6
7 7
8 8
9 9
10 10
11 11
12 12
13 13
14 14
15 15
16 16
17 17
18 18
19 19
20 20
21 21
22 22
23 23
24 24
25 25
26 26
27 27
28 28
29 29
30 30
31 31
32 32
33 33
34 34
35 35
36 36
37 37
38 38
39 39
40 40
41 41
42 42
43 43
44 44
45 45
46 46
47 47
48 48
49 49
50 50
