149 14 68 165 75 59 4 184 16 188 96 154 171 76 100 148 48 97 168 72 57 187 63 60 0 177 167 19 41 176 30 50 62 185 67 124 95 91 82 77 138 107 181 98 131 104 15 86 27 146 158 46 61 9 71 88 183 174 161 140 93 94 130 31 39 87 103 54 123 106 142 53 147 17 8 150 35 78 170 81 70 139 92 162 32 145 190 197 196 3 121 12 65 40 108 115 58 195 73 152 34 21 85 132 83 1 135 118 111 166 84 47 128 113 55 38 22 125 189 74 117 122 51 134 112 44 37 18 129 191 116 20 80 110 180 99 23 127 151 119 29 43 172 28 105 33 153 66 64 136 7 163 79 169 89 120 109 25 5 6 164 173 143 11 114 141 102 194 182 186 159 157 10 90 198 56 13 52 160 49 26 133 126 179 101 193 69 42 36 2 45 175 144 156 192 178 155 199 24 137 149
100
1 1
2 2
3 3
4 4
5 5
6 6
7 7
8 8
9 9
10 10
11 11
12 12
13 13
14 14
15 15
16 16
17 17
18 18
19 19
20 20
21 21
22 22
23 23
24 24
25 25
26 26
27 27
28 28
29 29
30 30
31 31
32 32
33 33
34 34
35 35
36 36
37 37
38 38
39 39
40 40
41 41
42 42
43 43
44 44
45 45
46 46
47 47
48 48
49 49
50 50
51 51
52 52
53 53
54 54
55 55
56 56
57 57
58 58
59 59
60 60
61 61
62 62
63 63
64 64
65 65
66 66
67 67
68 68
69 69
70 70
71 71
72 72
73 73
74 74
75 75
76 76
77 77
78 78
79 79
80 80
81 81
82 82
83 83
84 84
85 85
86 86
87 87
88 88
89 89
90 90
91 91
92 92
93 93
94 94
95 95
96 96
97 97
98 98
99 99
100 100
