xse rsg dkp nsw ymw jfh mnp miy kgl nyk svk uau ptu ttw byu ruo hyo ruo qxs dnl hat fws zks rjv hmi vtd xxx vtd vjd aeg mxv xeh aeg idv fws hat tdu ljd tso cma ljd gex pjf nxj pjf wyg ljd tdu nbk ukv nii ukv nbk bkg zkt qdw xmg qkp yug qkp nvz vpr bow fia aaj nmf ksn fhv lfl ksn pvs fzi xme vwg xme fzi lwk nfr lrj bdh rtc txq igs aii igs qwk hpx wbg njg ocp jom pvs ikb auf bod naa bod ogh bod krr fmr vpr lvm vog tdu hat ygr bda agh nry cun bsc bse nko fbk vmv vaz sad vaz vmv fjy eah kpp eei cun gfa nhi vzr gzr hks wiy qbf rir hjv vmt uuw nwn ltf ckt ykt vvn ykt jwm brt xyl brt owy ojx nwn hnq hxr jwx vnr fgp vlb mok uby adx kxn adx dgl fin aft vmt rir ksg tlh gsy ceo xjt bad hir tlh ksg wiy emz hks nbi fyc jgt qdz ryi bnl gfa cun nry agh shb agh svk mti ils hcr odh xpy kcv gmq tko gmq syk clj qjf uwo xpy nsw dkp wfn iqd qiq xnr khu xnr nwc gxs dkp rsg ras ask zud lqm hbd lqm apk lqm ggo zud ask zdb nis yie wvm lky qzf wvm yie nis zdb qnj ask ckx qol loj uok wxx uok cek ybr jam phg cek vsl qab cen rrp aeu kfu aeu cen ego weo ckx gbd xse
99
cma cma
adx adx
ocp ocp
pvs pvs
fbk fbk
vtd vtd
cen cen
bda bda
aii aii
lrj lrj
uwo uwo
nii nii
mti mti
ybr ybr
ikb ikb
wyg wyg
xeh xeh
khu khu
vvn vvn
bdh bdh
mok mok
fin fin
vmv vmv
lvm lvm
nwc nwc
loj loj
fzi fzi
uau uau
miy miy
tdu tdu
fia fia
byu byu
hmi hmi
fhv fhv
uok uok
nfr nfr
qbf qbf
hcr hcr
phg phg
zud zud
hpx hpx
pjf pjf
wiy wiy
ttw ttw
cun cun
rtc rtc
nry nry
yug yug
ptu ptu
jgt jgt
lwk lwk
aeg aeg
nmf nmf
ckx ckx
zkt zkt
uuw uuw
nhi nhi
ogh ogh
krr krr
nko nko
qdw qdw
tso tso
kxn kxn
bod bod
xjt xjt
tko tko
vzr vzr
vwg vwg
dgl dgl
zdb zdb
ruo ruo
nsw nsw
rsg rsg
rjv rjv
fgp fgp
xme xme
ego ego
bnl bnl
gex gex
ukv ukv
emz emz
txq txq
kpp kpp
jam jam
fyc fyc
wbg wbg
qjf qjf
vmt vmt
jfh jfh
ksg ksg
kfu kfu
svk svk
ljd ljd
tlh tlh
qxs qxs
nvz nvz
idv idv
fjy fjy
ils ils
