azv oqv rti hbg loz irv ydw yqq ydw oqv sob xie hyb lko ijd ovx zwf vxd rgm jvc ryg hcc bxq itj pxx ivp zuz law zuz lmh zuz rov uyd rfl vxn cvb rcw zdd ofa zdd uua qzx hlc ubo gfr xki dxm ihg ijd dqy jwx brw til ctf gei zdi gei cim gei taj hsi hob wcd hob pzr hwc uon scm aur hsi wyg ccw cwq gcw ipq yfq hln ncc mtd eqx gcr uvc std dgw qpl faq sca faq boc whw hse eqk ykc mpw cib bgn cuv ufa txp sau dgw std uvc gcr eqa kxx mis kxx vfq mqu yvc wpu yiy pvt hip qdo azv
50
gcw gcw
azv azv
yiy yiy
ipq ipq
lmh lmh
oqv oqv
pzr pzr
ovx ovx
rcw rcw
rfl rfl
jwx jwx
yvc yvc
zuz zuz
ijd ijd
ufa ufa
hwc hwc
hyb hyb
sau sau
scm scm
gfr gfr
rti rti
gei gei
xie xie
hsi hsi
ncc ncc
dqy dqy
jvc jvc
ctf ctf
cim cim
yfq yfq
vxn vxn
aur aur
cib cib
vfq vfq
rov rov
uua uua
boc boc
mis mis
qzx qzx
brw brw
mtd mtd
hlc hlc
mpw mpw
uyd uyd
hip hip
wcd wcd
cwq cwq
hcc hcc
eqa eqa
ivp ivp
