Encanto Old Oceanside 18th Brookdale Fiorini Warner Potrero Yurok Potrero Warner Cabbage Warner Merced Delta Roseland Huron Bangor Riverside Home Foothills Bangor Alpaugh Chittenden Armstrong Two Armstrong Green Shafter Mount Smoke Costa Smoke Mount Aguanga Mission Mount Jane Woffard Chinese Sacramento Ida Kentfield Fremont Granite Colonnade McAuley Hume McAuley Glencoe Carnelian Moores Carmel Campbell Moores Sacramento Dayton All Rossmoor Vernon Garden Vernon Welden Woodbridge Willow Bonita Cherokee Clayton Presidio San Clayton Cherokee Oildale City Oildale Yubadocs Homestead South Coachella Kern Calaveras Los Beach Ramona Clark Balsdon Quail Banning Marina Pumpkin Forest Cypress Elmira Crafton Lost Veterans Meyers Moccasin Meyers Ramona Long Laguna Sherman Castle Sherman Beach Iowa Richvale Greenwood New Beach Coachella Boulevard Portola Manzanita Helm Santa Linden Helm Robertsville Vista Ames Encanto
50
Cherokee Cherokee
Kentfield Kentfield
Banning Banning
Vernon Vernon
Bonita Bonita
Forest Forest
Vista Vista
Laguna Laguna
Homestead Homestead
Willow Willow
Foothills Foothills
Moccasin Moccasin
Two Two
Beach Beach
Presidio Presidio
Sherman Sherman
All All
Richvale Richvale
Kern Kern
Woodbridge Woodbridge
Yurok Yurok
Cabbage Cabbage
Glencoe Glencoe
Jane Jane
Welden Welden
Mount Mount
Elmira Elmira
Warner Warner
Shafter Shafter
Los Los
Ames Ames
City City
Quail Quail
Santa Santa
Granite Granite
Clayton Clayton
Garden Garden
Chinese Chinese
Woffard Woffard
Alpaugh Alpaugh
Pumpkin Pumpkin
Delta Delta
Costa Costa
Encanto Encanto
Ramona Ramona
Riverside Riverside
Smoke Smoke
Cypress Cypress
McAuley McAuley
Green Green
