Potrero Meyers Brookdale Calaveras Clayton Moores Vista Foothills Balsdon Fiorini Garden Fiorini Balsdon 18th Ramona Boulevard Colonnade Woffard Colonnade All Ramona Yurok Linden Oildale Smoke Sherman Banning Merced Oceanside Chinese Kentfield Richvale Carmel Old Campbell Ames Huron Ida Richvale Hume Kentfield Chinese Fremont Delta Home Laguna Merced Aguanga Banning Sherman Santa Kern Sacramento Santa Sherman Foothills Moores Calaveras Elmira Welden Presidio Warner Granite Rossmoor Warner Meyers Greenwood Potrero
25
Balsdon Balsdon
Chinese Chinese
All All
Hume Hume
Carmel Carmel
Warner Warner
Oceanside Oceanside
Linden Linden
Clayton Clayton
Boulevard Boulevard
Ida Ida
Calaveras Calaveras
Merced Merced
Potrero Potrero
18th 18th
Meyers Meyers
Fiorini Fiorini
Fremont Fremont
Banning Banning
Laguna Laguna
Santa Santa
Ames Ames
Smoke Smoke
Richvale Richvale
Woffard Woffard
