Vernon Anaheim Jamul Garden Church Calaveras Church Homestead Presidio Cahuilla Presidio Jamul Welwood Chowchilla Bristol Chowchilla Aptos Davis Olivehurst Davenport Santa Olivehurst Visalia Sacramento Newark Saint Bangor Colonnade Glencoe Marina Bangor Saint Cudahy Coachella Hume Cudahy Newark Marshall Ames Fox Chittenden Armstrong Chinese Ames Jacumba Visalia Louis Crestmont Louis Banning Louis Aptos Inaja Stockdale Carnelian Bodfish Carnelian Stockdale All Stockdale Robertsville Singing Yankee Robertsville Stockdale Inaja Pleasant Cambridge Jamul New Rough La Sulpizio El Coulterville El Sulpizio La Rough Le Lebec Terra Quail Terra Bodad Richvale Madera Richvale Washington Mount Artesia Flying Artesia Mount Lebec Fremont Susan Chicken East Ida Boulder Glennville Cypress Glennville East Palomar Patrick Jane Patrick Fiorini Aguanga Ellis Roseland Dulzura Roseland Skydive California Beach California Commonwealth Downtown Magic Calexico Bell Brundage Capuchino Bonita Hammer Midtown Bonita Capuchino Brundage Winterhaven Bell Bradley Princeton Delano Smith Ophir Smartsville Ophir Smith Downtown Commonwealth California Skydive Garcia Skydive Roseland Ellis Fiorini Palomar Stone Mecca Butte Flinn Kentfield Vallecito Carmel Mecca Collins Mecca Encanto Mecca Bandini Forbestown Moores Hub Pumpkin Hub Moores Creston Boulevard Lincoln Cherokee Grasslands Nicolaus Grasslands Boulevard Creston Bakersfield Ramona Dutch Yucca Costa Huron Cerro Temecula Huron Kaiser Clipper Veterans Clipper Ritter Warner Industry Warner Parchester Stanton Warner Yubadocs Foothills Hoffman Clayton Del Helm Tijuana Manker King Manker Tijuana Sheep Meyers Industrial Blue Bonny Blue Three Sunny Strawberry Dayton Del Clayton Fountain Manzanita Fullerton Sonoma Sequoia Yurok Alamo Ballena Alamo Escondido Smoke Yale Escalon Coddingtown Escalon Yale Smoke Lake Buena Livingston Fullerton Fountain Tuxedo Forest Tuxedo Woody Tuxedo Fountain Cressey Northern Lost Sherman Oildale Timbuctoo Antelope Timbuctoo Sherman Lost Northern Cabbage Potrero Castle Potrero Hoffman Kaiser Rowland Portola Civic New Pacheco Willow Wallace Alameda Donner Alameda Stanislaus Balboa Stanislaus Delta Durham Delta Stanislaus Willow South City San New Vernon
100
Davenport Davenport
Smith Smith
Winterhaven Winterhaven
Yankee Yankee
Cressey Cressey
Robertsville Robertsville
Warner Warner
Cerro Cerro
Terra Terra
Wallace Wallace
Temecula Temecula
Quail Quail
Stockdale Stockdale
Carmel Carmel
Clayton Clayton
Richvale Richvale
Le Le
Downtown Downtown
Woody Woody
Three Three
Presidio Presidio
Crestmont Crestmont
Anaheim Anaheim
Bell Bell
Cabbage Cabbage
Industry Industry
Forbestown Forbestown
Mecca Mecca
Bodad Bodad
Industrial Industrial
Portola Portola
Calaveras Calaveras
Antelope Antelope
Kaiser Kaiser
Bakersfield Bakersfield
Strawberry Strawberry
Veterans Veterans
Dulzura Dulzura
Pleasant Pleasant
Escalon Escalon
Brundage Brundage
Hammer Hammer
Manker Manker
Moores Moores
Blue Blue
Grasslands Grasslands
Helm Helm
Saint Saint
Rough Rough
Bonny Bonny
Timbuctoo Timbuctoo
Parchester Parchester
Fox Fox
Pacheco Pacheco
Huron Huron
Balboa Balboa
Roseland Roseland
Capuchino Capuchino
Beach Beach
Fullerton Fullerton
Cudahy Cudahy
Civic Civic
Potrero Potrero
Bangor Bangor
Santa Santa
Ramona Ramona
Garcia Garcia
Cambridge Cambridge
Ritter Ritter
Sherman Sherman
Costa Costa
Fiorini Fiorini
Louis Louis
Hoffman Hoffman
Lake Lake
Buena Buena
Alamo Alamo
California California
Collins Collins
Donner Donner
Coddingtown Coddingtown
Glencoe Glencoe
Yurok Yurok
Rowland Rowland
Marshall Marshall
Sunny Sunny
Sacramento Sacramento
Flinn Flinn
Chittenden Chittenden
Armstrong Armstrong
Delta Delta
Tijuana Tijuana
All All
Smoke Smoke
Bradley Bradley
South South
Sulpizio Sulpizio
Cypress Cypress
Del Del
Escondido Escondido
