Soda Doe GreekTheatre LawrenceHall MemorialStadium InternationalHouse MemorialStadium LawrenceHall Doe UniversityVillage Bowles UniversityVillage Doe Soda LeConte Foothill HavilandHall Dwinelle HearstMining BotanicalGardens HAAS BotanicalGardens HearstMining Dwinelle HavilandHall VLSB HavilandHall Foothill LeConte Etcheverry Unit2 BancroftLibrary Blackwell DurantHall Blackwell Cory Gilman ZellerbachHall Gilman HildebrandHall Gilman HilgardHall CaliforniaHall Barrows Unit3 Campbell GiauqueHall AlumniHouse GiauqueHall Campbell Unit3 Barrows CanyonPool Moffit DavisHall SouthHall Unit1 SouthHall RSF SouthHall DavisHall Stern HesseHall MLK HesseHall Stern DavisHall Moffit CanyonPool Barrows CaliforniaHall HilgardHall Boalt HilgardHall Gilman Cory Eshelman Cory Blackwell BancroftLibrary Unit2 Etcheverry LeConte Soda BerkeleyWayWest Wheeler BerkeleyWayWest Campanile Evans BAMPFA Evans Kresge SutardjaDai Kresge Evans Campanile BerkeleyWayWest Soda
25
Evans Evans
Doe Doe
HearstMining HearstMining
Wheeler Wheeler
Campanile Campanile
LeConte LeConte
Moffit Moffit
Dwinelle Dwinelle
SouthHall SouthHall
Gilman Gilman
CaliforniaHall CaliforniaHall
Bowles Bowles
BancroftLibrary BancroftLibrary
DurantHall DurantHall
Stern Stern
Campbell Campbell
GreekTheatre GreekTheatre
BAMPFA BAMPFA
BerkeleyWayWest BerkeleyWayWest
LawrenceHall LawrenceHall
InternationalHouse InternationalHouse
Unit1 Unit1
Unit2 Unit2
Unit3 Unit3
Foothill Foothill
