Evans Cory Evans Artichokes Foothill HAAS BAMPFA TPTea BAMPFA HAAS Unit1 HAAS Foothill Artichokes Evans WursterHall Campbell DurantHall Campbell Eshelman Marugame Campanile Marugame Gilman Marugame McDonalds Marugame ThaiNoodle Shengkee ThaiNoodle Chipotle UCafe Bonchon UCafe Yifang BerkeleyWayWest AlumniHouse ImmThai Blackwell Underhill RSF Firewings CaliforniaHall InternationalHouse CaliforniaHall Firewings Crossroads BetaLounge Fengcha BetaLounge Crossroads Firewings RSF Underhill Blackwell ImmThai AshaTeaHouse HilgardHall Bowles Unit3 NorthHall Unit3 Spats Boalt Spats TraderJoes Spats Unit3 Bowles ZellerbachHall Cornerstone ZellerbachHall Bowles KroeberHall Barrows Unit2 Stern EastAsianLibrary Stern Unit2 Pappys SproulHall LewisHall DavisHall ClarkKerr BotanicalGardens ClarkKerr Ucha ClarkKerr DavisHall LewisHall SproulHall SatherGate GreekTheatre CanyonPool GreekTheatre StrawberryCreek TripleRock StrawberryCreek Plentea Doe Plentea Soda Plentea SutardjaDai Plentea LatimerHall MLK Dwinelle MLK HildebrandHall Safeway Morganhall Safeway HildebrandHall MLK LatimerHall Plentea StrawberryCreek MemorialGlade Kresge MemorialGlade Milkbomb SouthHall HesseHall LowerSproul HesseHall SouthHall Milkbomb MemorialGlade StrawberryCreek GreekTheatre SatherGate GiauqueHall SatherGate SproulHall Pappys Unit2 Barrows HortonHall MemorialStadium MulfordHall MemorialStadium HortonHall Barrows KroeberHall Etcheverry KroeberHall TacoBell KroeberHall Bowles HilgardHall AshaTeaHouse ImmThai AlumniHouse BerkeleyWayWest Yifang UniversityVillage Yifang Raretea Wheeler Raretea Yifang UCafe Chipotle ThaiNoodle Marugame Eshelman Campbell Morrisonhall Gongcha LeConte Moffit HappyLemon LawrenceHall BancroftLibrary HavilandHall VLSB HearstMining OptometryBuilding HearstMining VLSB HavilandHall BancroftLibrary LawrenceHall Kips BigC Kips LawrenceHall HappyLemon Moffit Cafe3 Moffit LeConte Gongcha Morrisonhall Campbell WursterHall Evans
50
ThaiNoodle ThaiNoodle
Doe Doe
HearstMining HearstMining
Wheeler Wheeler
Campanile Campanile
LeConte LeConte
Moffit Moffit
Dwinelle Dwinelle
SouthHall SouthHall
Gilman Gilman
CaliforniaHall CaliforniaHall
Bowles Bowles
BancroftLibrary BancroftLibrary
DurantHall DurantHall
Stern Stern
Campbell Campbell
GreekTheatre GreekTheatre
BAMPFA BAMPFA
BerkeleyWayWest BerkeleyWayWest
LawrenceHall LawrenceHall
InternationalHouse InternationalHouse
Unit1 Unit1
Unit2 Unit2
Unit3 Unit3
Foothill Foothill
VLSB VLSB
RSF RSF
Blackwell Blackwell
ZellerbachHall ZellerbachHall
MLK MLK
Eshelman Eshelman
Soda Soda
Cory Cory
Barrows Barrows
HAAS HAAS
AlumniHouse AlumniHouse
Boalt Boalt
BotanicalGardens BotanicalGardens
MemorialStadium MemorialStadium
CanyonPool CanyonPool
DavisHall DavisHall
Kresge Kresge
SutardjaDai SutardjaDai
Etcheverry Etcheverry
GiauqueHall GiauqueHall
UniversityVillage UniversityVillage
HavilandHall HavilandHall
HesseHall HesseHall
HildebrandHall HildebrandHall
HilgardHall HilgardHall
