Ippudo Platano Soda HildebrandHall NatApartment Cory NatApartment BetaLounge NatApartment Rachas CanyonPool BAMPFA CanyonPool Staples Chipotle HearstMining Campbell MemorialGlade Campbell EastAsianLibrary LittleCampanile WindmillCoffee PokeBar Plentea PokeBar WindmillCoffee LittleCampanile EastAsianLibrary Campbell Eureka Ikes DurantHall Ikes Unit1 Ikes Gongcha MSRI NoodleGirl Unit3 LaBurrita OptometryBuilding BenAndJerry OptometryBuilding YogurtPark TraderJoes YogurtPark GreatChina SatherGate GreatChina YogurtPark LaVals Target LaVals YogurtPark OptometryBuilding LaBurrita Unit3 NoodleGirl Teazone NoodleGirl Wikiwiki ACuppaTea GreekTheatre BagOCrab LawrenceHall BagOCrab GreekTheatre Tilden LatimerHall Jupiter Morganhall VLSB LakeAnza VLSB Morganhall Jupiter TopDog Jupiter CVS Jupiter LatimerHall Tilden Gather Tilden GreekTheatre ACuppaTea Wikiwiki NoodleGirl MSRI Gongcha Ikes Fengcha UniversityVillage UCafe Flavia SmokesPoutinerie LewisHall SmokesPoutinerie TheDwight BerkeleyMarina TheDwight SmokesPoutinerie Flavia AndrewsApartment Wheeler GSPP EastBaySpiceCompany HesseHall Kips Muraccis Kips HesseHall ThaiBasil BrandyMelville FireTrails MulfordHall FireTrails BrandyMelville ThaiBasil HesseHall EastBaySpiceCompany GSPP Wheeler AndrewsApartment Kresge AndrewsApartment UrbanOutfitters Cornerstone UrbanOutfitters AndrewsApartment Flavia HearstGym Boalt AlumniHouse SteamTunnel AlumniHouse Boalt HearstGym WursterHall Spats WursterHall IndianRock WursterHall HearstGym Flavia UCafe UniversityVillage TToust Crossroads SouthHall Ucha SouthHall Crossroads MLK Crossroads LiKaShing BanshoRamen LiKaShing Crossroads TToust ImmThai BobbyGPizza InternationalHouse Raretea InternationalHouse BobbyGPizza Marugame Etcheverry Marugame Gadani CaliforniaHall Gadani HalalGuys LittleBird HalalGuys Gadani Marugame BobbyGPizza ImmThai TToust BobaNinja TennisCourts BancroftLibrary Cheeseboard RSF Eshelman Unit2 Eshelman SweetheartCafe PeoplesCafe PurpleKow PeoplesCafe SweetheartCafe Eshelman RSF Cheeseboard BancroftLibrary TennisCourts TPTea Campanile LeConte AshaTeaHouse Bowles Namaste StrawberryCreek Namaste Bowles HearstAnnex McDonalds Morrisonhall McDonalds HearstAnnex Bowles AshaTeaHouse Barrows BerkeleyBart HappyLemon BerkeleyWayWest BerkeleyBubbles BerkeleyWayWest Cream BerkeleyWayWest HappyLemon BerkeleyBart SproulHall BerkeleyBart BigC TenderGreens BigC BerkeleyBart Barrows AshaTeaHouse JacobsApartment Blackwell Milkbomb Foothill Milkbomb BotanicalGardens Milkbomb Ikea GiauqueHall Dwinelle GiauqueHall Gilman GiauqueHall Ikea Milkbomb Blackwell SuperDuperBurgers Pappys SuperDuperBurgers Blackwell JacobsApartment NorthBerkeleyBart JacobsApartment AshaTeaHouse LeConte Cafe3 ThaiNoodle Doe JambaJuice SteamTrains KroeberHall HilgardHall KroeberHall SteamTrains Underhill HortonHall Stern ClarkKerr DollarTree TripleRock DollarTree ClarkKerr Stern BerkeleyHigh Toss LaNote TacoBell LaNote ExtremePizza LaNote Toss BerkeleyHigh Stern HortonHall Shengkee HortonHall Cinnaholic Slivers Cinnaholic HortonHall Underhill Homeroom TheHabit Homeroom Underhill SteamTrains JambaJuice Doe ThaiNoodle PeoplesPark ThaiNoodle Cafe3 GPB AuCoquelet GPB Cafe3 LeConte AmoebaMusic SnackShack Artichokes MemorialStadium Artichokes LowerSproul Artichokes SnackShack AmoebaMusic LeConte Campanile ChezPanisse Campanile TPTea TennisCourts BobaNinja TToust EndlessSweets TToust UniversityVillage Fengcha HavilandHall Evans HavilandHall Bonchon HavilandHall UdupiPalace GrizzlyPeak FoxTheater GrizzlyPeak UdupiPalace HavilandHall Fengcha Ikes Eureka Campbell HearstMining Chipotle HAAS Mezzo Moffit VictoryPoint Moffit Tzone ZellerbachHall Tzone Moffit Mezzo BerkeleyArtStudio Quicklys Firewings Quicklys BerkeleyArtStudio SaturnCafe HeatCafe SaturnCafe BerkeleyArtStudio Mezzo HAAS BerkeleyRoseGarden HAAS Chipotle Yifang NorthHall DavisHall TukTukThai BSC TukTukThai Venus TukTukThai DavisHall NorthHall Yifang Chipotle Staples CanyonPool Rachas SutardjaDai BerkeleyThaiHouse Safeway BerkeleyThaiHouse SutardjaDai Rachas NatApartment HildebrandHall Soda Platano Gypsys Platano Ippudo
100
HortonHall HortonHall
KroeberHall KroeberHall
LatimerHall LatimerHall
LewisHall LewisHall
Morganhall Morganhall
Morrisonhall Morrisonhall
MulfordHall MulfordHall
NorthHall NorthHall
OptometryBuilding OptometryBuilding
AshaTeaHouse AshaTeaHouse
McDonalds McDonalds
Bonchon Bonchon
Firewings Firewings
HappyLemon HappyLemon
Ucha Ucha
Artichokes Artichokes
TacoBell TacoBell
Gongcha Gongcha
Yifang Yifang
Fengcha Fengcha
UCafe UCafe
SproulHall SproulHall
TPTea TPTea
SatherGate SatherGate
StrawberryCreek StrawberryCreek
BigC BigC
ClarkKerr ClarkKerr
Crossroads Crossroads
Cafe3 Cafe3
Raretea Raretea
Underhill Underhill
TraderJoes TraderJoes
Safeway Safeway
Marugame Marugame
Kips Kips
Pappys Pappys
BetaLounge BetaLounge
Spats Spats
Cornerstone Cornerstone
TripleRock TripleRock
LowerSproul LowerSproul
WursterHall WursterHall
Shengkee Shengkee
Plentea Plentea
Chipotle Chipotle
ImmThai ImmThai
Milkbomb Milkbomb
MemorialGlade MemorialGlade
EastAsianLibrary EastAsianLibrary
ThaiNoodle ThaiNoodle
Mezzo Mezzo
Slivers Slivers
Ikes Ikes
Teazone Teazone
PokeBar PokeBar
Quicklys Quicklys
TopDog TopDog
Gypsys Gypsys
SnackShack SnackShack
SmokesPoutinerie SmokesPoutinerie
GreatChina GreatChina
ThaiBasil ThaiBasil
Eureka Eureka
BSC BSC
Platano Platano
EastBaySpiceCompany EastBaySpiceCompany
TenderGreens TenderGreens
PeoplesCafe PeoplesCafe
SuperDuperBurgers SuperDuperBurgers
Target Target
JambaJuice JambaJuice
HalalGuys HalalGuys
ExtremePizza ExtremePizza
Gadani Gadani
Wikiwiki Wikiwiki
TheHabit TheHabit
Homeroom Homeroom
Cheeseboard Cheeseboard
ChezPanisse ChezPanisse
LaNote LaNote
Rachas Rachas
BobaNinja BobaNinja
SweetheartCafe SweetheartCafe
Wheeler Wheeler
TukTukThai TukTukThai
Gather Gather
Venus Venus
SaturnCafe SaturnCafe
Jupiter Jupiter
AmoebaMusic AmoebaMusic
GrizzlyPeak GrizzlyPeak
LaBurrita LaBurrita
AndrewsApartment AndrewsApartment
BerkeleyArtStudio BerkeleyArtStudio
TheDwight TheDwight
BanshoRamen BanshoRamen
LittleCampanile LittleCampanile
Namaste Namaste
Muraccis Muraccis
UrbanOutfitters UrbanOutfitters
