Shelf0 Toolbox153 Ring169 Puppy140 Mail22 Allergies103 Mail22 Toolbox147 Soap3 Ring82 Soap3 Toolbox147 Ice52 Cat163 Shower48 Whale137 Shoe166 Cat163 Male149 Urine124 Puppy140 Robot134 Android196 Dog168 Android196 Ice198 Towel92 Poop5 YouTube151 Robot164 Whale114 Nuclear65 Comics107 Nuclear65 Whale114 Robot164 Soda127 Poop5 Towel92 Bird43 Post158 Whale126 Clock61 Whale31 Shower57 Sink109 Shower47 Sink109 Fusion131 Allergies106 Settings75 Flowers178 Shoe111 Dislike27 Book24 Ice41 Laptop19 Ice41 Shelf40 Solar59 Bird11 Kitty194 Solar59 BBQ167 Hnads182 Plus78 Hnads182 Urine108 Hnads182 Android189 Hnads182 Solar59 YouTube199 Shoe17 Body180 Rollers173 Boat67 Shoes8 Dislike12 Shoes8 Soap58 Shoes8 Shoe174 Elevator115 Toilet191 Horse26 Water21 Ring60 Solar71 Plants62 Solar71 Rollers63 Breakfast85 Fusion104 Websites94 Fusion34 Websites94 Settings102 Websites94 Websites193 Poop80 Fusion104 Dislike186 Cone185 Ring60 Plants118 Water21 Horse26 Toilet191 Dog181 Dislike170 Sink96 Elevator120 Allergies176 Dislike143 Towel154 Leash136 Puppy133 Drugs39 Hnads116 Water90 Hnads116 Running177 Drugs195 Clock25 Drugs195 System79 Running66 Cat70 Rollers42 Kitty138 Soda119 YouTube33 Soda119 Crab110 Soda100 Puppy155 Soda100 Solar192 Light49 Clock145 Water29 Whale91 Laptop125 Kitty98 Rollers95 Water135 Dog101 Crab83 Soap64 Clock139 Websites4 Allergies88 Clock139 Soap64 Crab83 Dog101 Boat141 Kitty56 Boat141 Leash77 Laptop1 Poop150 Laptop69 Nuclear18 Solar159 Toolbox72 Comics113 Book171 Comics28 Light30 Horse122 Solar130 Allergies23 Fusion179 Monster73 Drugs184 Toilet13 Drugs184 Monster73 Fusion179 Fence74 Fusion179 Allergies23 Book171 Comics113 Toolbox72 Solar159 Dog128 Ice9 Solar162 Website190 Ice9 Solar159 Laptop69 Soap53 System156 Towel123 System156 Soap53 Poop150 Robot93 Laptop125 Water29 Solar192 Kitty138 Plants129 Kitty138 Leash46 Cat15 Leash46 Cat70 Running66 System79 Puppy133 Leash136 Towel154 Dislike143 YouTube44 Robot51 YouTube44 Video86 Ice41 Book24 Dislike27 Soda197 Dislike27 Shoe111 Shoes132 Shoe111 Flowers178 Plus112 Ice50 Allergies7 Toolbox10 Comics105 Kitty37 Kitty89 Nuclear35 Rollers14 Websites32 Ring161 BBQ36 Urine20 Ring84 Crab81 System183 Toolbox144 Monster16 Leash45 Monster16 Urine142 Horse148 Toolbox10 Allergies7 Ice50 Urine97 Ice50 Plus112 Flowers178 Allergies106 Solar160 Sink109 Shower57 Whale31 Cat187 Printer188 Cat187 Whale31 Clock61 Whale126 Book99 BBQ172 Mail6 Body55 Clock2 Puppy117 Ice165 Water38 Prints152 Website54 Clock2 Body55 Mail6 Poop76 Towel92 Trees68 Sink157 Robot87 Sink157 Monster175 Sink157 Trees68 Towel92 Toolbox146 Prints121 Toolbox146 Ring169 Toolbox153 Shelf0
100
Crab83 Crab83
Boat67 Boat67
Horse148 Horse148
Post158 Post158
Robot93 Robot93
Kitty194 Kitty194
Drugs39 Drugs39
Sink109 Sink109
Shelf40 Shelf40
Leash77 Leash77
Laptop125 Laptop125
Allergies88 Allergies88
Toolbox146 Toolbox146
Ice9 Ice9
Light30 Light30
Soap58 Soap58
Towel154 Towel154
Plants118 Plants118
Settings75 Settings75
Kitty89 Kitty89
Body55 Body55
Monster175 Monster175
Water135 Water135
Shower47 Shower47
Dislike12 Dislike12
Dog168 Dog168
BBQ36 BBQ36
Shoe174 Shoe174
Urine124 Urine124
Nuclear35 Nuclear35
Mail22 Mail22
Allergies103 Allergies103
Dislike143 Dislike143
Ice41 Ice41
Monster73 Monster73
Puppy117 Puppy117
Whale126 Whale126
Solar130 Solar130
Soda119 Soda119
Printer188 Printer188
Rollers95 Rollers95
Water29 Water29
Robot51 Robot51
Poop150 Poop150
Drugs195 Drugs195
Laptop19 Laptop19
Toolbox72 Toolbox72
Clock2 Clock2
Hnads116 Hnads116
Nuclear18 Nuclear18
Soap64 Soap64
Robot164 Robot164
Soda197 Soda197
Dog181 Dog181
Clock139 Clock139
Toolbox153 Toolbox153
Water38 Water38
Dislike27 Dislike27
System156 System156
Puppy140 Puppy140
Poop80 Poop80
Solar162 Solar162
Allergies176 Allergies176
Plus78 Plus78
Ice165 Ice165
Solar192 Solar192
Mail6 Mail6
Whale137 Whale137
Rollers14 Rollers14
Book24 Book24
Urine97 Urine97
Fusion104 Fusion104
Flowers178 Flowers178
Shoe17 Shoe17
Urine20 Urine20
Cat15 Cat15
Book171 Book171
Solar71 Solar71
System183 System183
Ring82 Ring82
Poop76 Poop76
Clock61 Clock61
Shoes8 Shoes8
Ring169 Ring169
Male149 Male149
Cat187 Cat187
Android196 Android196
Hnads182 Hnads182
Shelf0 Shelf0
Fusion34 Fusion34
Whale114 Whale114
Towel92 Towel92
Toilet13 Toilet13
Website190 Website190
Breakfast85 Breakfast85
Websites4 Websites4
Shower57 Shower57
Comics107 Comics107
System79 System79
Kitty98 Kitty98
