Shower0 Urine5 Toilet12 Puppy19 Websites24 Towel2 Ice30 Toilet45 Post17 Prints25 Shower9 Cat23 Plants6 Shower9 Prints46 Ring33 Soap14 Website21 Soda18 Website21 Soap14 Plants20 Toilet26 Video10 Toilet26 Mail41 Prints25 BBQ38 Plants3 Prints25 Post17 Ice42 Cat44 Light1 Websites24 YouTube4 Websites15 Laptop22 Rollers40 Elevator35 Rollers40 Sink37 Allergies7 Sink37 Android27 Printer11 Android27 Puppy28 BBQ39 Puppy28 Boat48 Cone13 Boat48 Flowers31 Android27 Monster32 Whale8 Android27 Rollers40 Laptop22 YouTube4 Websites24 Nuclear43 Crab16 Websites24 Puppy19 Toilet12 Robot49 Fence29 BBQ36 Running47 BBQ36 Shoes34 Shower0
25
Soda18 Soda18
Toilet45 Toilet45
Mail41 Mail41
Ring33 Ring33
YouTube4 YouTube4
Elevator35 Elevator35
Prints25 Prints25
Sink37 Sink37
Laptop22 Laptop22
Puppy19 Puppy19
Robot49 Robot49
Nuclear43 Nuclear43
Ice42 Ice42
Cat44 Cat44
Android27 Android27
Monster32 Monster32
Toilet26 Toilet26
Crab16 Crab16
Cone13 Cone13
BBQ36 BBQ36
Ice30 Ice30
Light1 Light1
BBQ38 BBQ38
Allergies7 Allergies7
Plants3 Plants3
