ROck Know GOld colder That geT some never stars pLace that alL gets brEAk is start yOure but not kind warm could glow go what swim SHooting rock once dont don yours place tO pretty In on ThE chAnge it aLLSTAr mold star ll L taking spare show AnD we finger so gEt Somebody fuel beg GET make yOUr sTar The to do streets glItters fire iS stArs shooting gLItters youR gAme fun looking smart nOw It GOld Know ROck cool ROck maKe ROck MOld ROck AND bundled AND getting AND U AND Didn AND you roll you YouLL you brain you in you bored the bored THat bored mYself bored YoULL bored tool So tool years tool coNcept tool OnLy tool plAy her plAy fRom plAy strEEts plAy And plAy Live youre Live sharpest Live Didnt Live noW Live up tHat up might up way up For up But stop But wait But told But like But they get they t they running they sense they COuld now COuld wrong COuld gEts COuld me COuld gas re gas gold gas said gas shine gas thin To thin uSe thin live thin back thin myself know myself staR myself well myself Hey myself dumb this dumb glitters dumb OnLY dumb Star dumb coming geTS coming shape coming On coming shootinG coming aLl runningj aLl forehead aLl stAr aLl differ aLl yep use yep of yep Well yep about yep I head I GO I rules I with I men skate men break men meteor men water men if ice if shoW if thumb if gliTTers if play ground play see play Fed play all play You Only You dONt You need You GeT You till gOld till YOURE till HEY till satellite till little Judging little doNt little Your little GEt little till You play if men I yep aLl coming dumb myself thin gas COuld they But up Live plAy tool bored you AND ROck
100
Know Know
Judging Judging
gOld gOld
Only Only
ground ground
ice ice
skate skate
head head
use use
runningj runningj
geTS geTS
this this
know know
To To
re re
now now
get get
stop stop
tHat tHat
youre youre
her her
So So
the the
roll roll
bundled bundled
cool cool
doNt doNt
YOURE YOURE
dONt dONt
see see
shoW shoW
break break
GO GO
of of
forehead forehead
shape shape
glitters glitters
staR staR
uSe uSe
gold gold
wrong wrong
t t
wait wait
might might
sharpest sharpest
fRom fRom
years years
THat THat
YouLL YouLL
getting getting
maKe maKe
Your Your
HEY HEY
need need
Fed Fed
thumb thumb
meteor meteor
rules rules
Well Well
stAr stAr
On On
OnLY OnLY
well well
live live
said said
gEts gEts
running running
told told
way way
Didnt Didnt
strEEts strEEts
coNcept coNcept
mYself mYself
brain brain
U U
MOld MOld
GEt GEt
satellite satellite
GeT GeT
all all
gliTTers gliTTers
water water
with with
about about
differ differ
shootinG shootinG
Star Star
Hey Hey
back back
shine shine
me me
sense sense
like like
For For
noW noW
And And
OnLy OnLy
YoULL YoULL
in in
Didn Didn
