L some much geT see iS make OnLy mold fOr ground gett if change never gOld said gliTTers fuel geTS much some L but L staR L YouLL L doNt as doNt To doNt start doNt bundled doNt gAme Hey gAme Somebody gAme smart gAme away gAme re GeT re years re shine re roll re hole game hole shooting hole get hole re gAme doNt L glow skate glow your glow use glow cool COuld cool it cool of cool glow L
25
some some
as as
Hey Hey
GeT GeT
game game
COuld COuld
skate skate
but but
To To
Somebody Somebody
years years
shooting shooting
it it
your your
staR staR
start start
smart smart
shine shine
get get
of of
use use
YouLL YouLL
bundled bundled
away away
roll roll
