0 2 9 14 69 14 78 26 9 44 60 15 27 73 22 29 2 30 34 43 47 58 3 7 8 18 36 45 52 12 31 51 12 79 17 3 23 25 37 38 3 49 64 74 62 72 2 82 4 19 42 24 4 32 33 46 4 54 65 66 83 6 5 20 10 21 63 76 41 5 68 71 35 39 57 80 6 13 84 16 28 1 11 40 48 56 77 81 1 28 0 50 53 0 55 59 61 67 70 0 75 0 85 86 87 88 89 90 91 92 93 94 95 96 97 98 99 98 97 96 95 94 93 92 91 90 89 88 87 86 85 0
50
0 0
8 8
9 9
12 12
14 14
15 15
16 16
18 18
19 19
20 20
28 28
29 29
35 35
38 38
39 39
43 43
45 45
48 48
49 49
50 50
51 51
52 52
53 53
54 54
58 58
59 59
62 62
66 66
67 67
71 71
72 72
76 76
78 78
80 80
82 82
84 84
86 86
87 87
88 88
89 89
90 90
91 91
92 92
93 93
94 94
95 95
96 96
97 97
98 98
99 99
