0 13 106 131 21 6 23 8 67 8 89 112 129 36 46 59 88 6 140 161 162 163 164 165 166 167 168 169 170 171 172 173 174 175 176 177 178 179 180 181 182 183 184 185 186 187 186 185 184 183 182 181 180 179 178 177 176 175 174 173 172 171 170 169 168 167 166 165 164 163 162 161 22 1 10 32 34 45 93 10 113 10 117 10 122 136 30 2 3 17 12 26 155 19 7 33 48 7 57 73 99 7 109 119 137 55 149 3 25 128 40 4 15 11 14 50 53 56 14 96 147 11 71 72 24 44 111 27 16 9 42 70 9 134 150 9 16 116 16 4 31 35 37 47 86 87 92 100 130 158 41 98 101 107 3 115 123 3 141 142 144 145 3 152 58 2 65 2 69 188 189 190 191 192 193 194 195 196 197 198 199 198 197 196 195 194 193 192 191 190 189 188 69 81 2 94 102 103 2 125 151 154 2 156 28 1 38 1 62 82 83 1 85 1 90 91 95 114 120 127 1 132 133 153 1 159 22 74 29 43 5 18 20 104 5 39 60 63 64 5 76 5 105 118 148 5 160 49 0 51 52 54 61 66 68 0 75 77 0 78 79 80 0 84 97 108 110 0 121 124 126 0 135 138 139 143 146 157 0
100
2 2
3 3
5 5
7 7
12 12
13 13
19 19
22 22
24 24
28 28
31 31
34 34
35 35
36 36
43 43
44 44
47 47
51 51
53 53
54 54
56 56
59 59
60 60
61 61
62 62
65 65
66 66
67 67
68 68
69 69
72 72
73 73
77 77
80 80
83 83
86 86
94 94
95 95
101 101
102 102
107 107
112 112
118 118
120 120
121 121
122 122
124 124
129 129
133 133
135 135
140 140
142 142
143 143
145 145
146 146
148 148
151 151
153 153
155 155
157 157
159 159
160 160
162 162
163 163
164 164
165 165
166 166
167 167
168 168
169 169
170 170
171 171
172 172
173 173
174 174
175 175
176 176
177 177
178 178
179 179
180 180
181 181
182 182
183 183
184 184
185 185
186 186
187 187
188 188
189 189
190 190
191 191
192 192
193 193
194 194
195 195
196 196
197 197
198 198
199 199
