hdpxs wbvga pbqlk whqrj txcno rchbw dwyai amfiz pwydx osxbc cihba dncuw oxitr iwpol nzirf awhmz xbcew jrghb hoxir uzybk uakjq eatck swpdc tudbo oclyb gdovn wcjeg zntkr gvfpj ndszt drojn pqzow qhvsb pgdnx kxmbi pfeuc ynwvu wkbuf bfauz mhekz gufvs mhekz syoxv pgtfb kjihy wkbuf qpbmc ramjo kzwah mujil pihld yxjgq xcvow yxjgq ostkf lvqun witul dsean hgzbc wajol qbdwz maqho aqoyk cxdfu yvbse pgqva olqfv armnk tkwle btwzv laqzs nzack lnjxt ymcfp bigwn yazqf lgcuf qhbyf glrpy yqtob glrpy dbjxw qzasm jhlus xscoe zqjxb uklga xeylf ebwcp bdevm aoqtg ehqyk yqfdk zcjqx fjdqi ypdnb oxuqn rzvtg ayrgb tjake mhuad xtzpg hulpb osvgp oewcd cxdes mkndy stflc rdoqk wjond syoxf tdjvy yqzit djbxa qckjp wdquv lrqft uiogl fqjsk dkjro ohzfn iyuas egclu bwknx wotiq axthi uhxyj vgwoi zgenl zxchm mvxup comrg sxdiu crlfe hwmzn nqtru rlumh mlibf ekgsc yvfsg pytwh gstwp pytwh tmwdy kbjmt ktzce tfcam xnpwq rjuxc tgeks tuhfw bkfuc lpudv gdnim mcwry tmaji evsbm aedvq dpuzr xlrzc kscoz jcwpu tivko joztf cxajk bldws evtgj ziskg myxlw vobqh tndwl sdqie jcqfl zadjy rjdai rmahk oaeyh mtcsd betwv qsmzo xzgdq qhibx rqenc sktfj uakjq qtdze utdhx qsmkj jitgc fjkwc vcwfj lirzq mcyde lirzq htkwy frhgc lmwpk cgjda fairz sfizh cqsby kspyc jmahd pjzqm ahnds bsvth wnelr hdpxs
100
mlibf mlibf
sxdiu sxdiu
qpbmc qpbmc
uiogl uiogl
uklga uklga
maqho maqho
yqtob yqtob
mujil mujil
tmwdy tmwdy
fjdqi fjdqi
xlrzc xlrzc
oxitr oxitr
nqtru nqtru
bdevm bdevm
ayrgb ayrgb
lnjxt lnjxt
armnk armnk
gdnim gdnim
zqjxb zqjxb
yqfdk yqfdk
drojn drojn
ohzfn ohzfn
jcwpu jcwpu
wotiq wotiq
joztf joztf
pytwh pytwh
cxdes cxdes
tndwl tndwl
qhibx qhibx
aedvq aedvq
ymcfp ymcfp
stflc stflc
wajol wajol
kscoz kscoz
mtcsd mtcsd
pgqva pgqva
btwzv btwzv
ahnds ahnds
utdhx utdhx
rjuxc rjuxc
dkjro dkjro
xnpwq xnpwq
frhgc frhgc
osvgp osvgp
bsvth bsvth
rjdai rjdai
qckjp qckjp
lmwpk lmwpk
wnelr wnelr
rlumh rlumh
syoxf syoxf
qbdwz qbdwz
zcjqx zcjqx
yazqf yazqf
vgwoi vgwoi
bkfuc bkfuc
cihba cihba
dbjxw dbjxw
gufvs gufvs
kjihy kjihy
iyuas iyuas
syoxv syoxv
zntkr zntkr
jhlus jhlus
ebwcp ebwcp
bwknx bwknx
amfiz amfiz
cqsby cqsby
wkbuf wkbuf
kzwah kzwah
yvbse yvbse
htkwy htkwy
oewcd oewcd
rchbw rchbw
oaeyh oaeyh
evtgj evtgj
cxajk cxajk
pihld pihld
lpudv lpudv
qsmkj qsmkj
mhekz mhekz
vcwfj vcwfj
ehqyk ehqyk
gdovn gdovn
gstwp gstwp
hwmzn hwmzn
tkwle tkwle
mhuad mhuad
oxuqn oxuqn
tjake tjake
wdquv wdquv
xcvow xcvow
evsbm evsbm
wcjeg wcjeg
rzvtg rzvtg
vobqh vobqh
osxbc osxbc
ktzce ktzce
ypdnb ypdnb
qhvsb qhvsb
