hutmk omjfc uxtfk ugyls yzaje ejrpc lkcpj ejrpc dvkfe ybtpq vmgxh ofjku bquaw ounwr cgrwy axmwy aqzce tejxc jrfin xpyfh krhxf ljosi qdzgs uaicq hopbn artvi abupm mzlsn spehv ynfag gizud spuoi kbshp kcley qtmld vczkh ugamb iofdr qsarc lcghr tiyfv zsehb tyuep cursl xnysi fdciu uqimz hincx htfom rvhjg tqiky fswhz lsnhz mlfbi oscrv lskxo bfcvm xintv coubd nhaik obwid xsbfo nihqv misyc snlmb qdbec ekogd groqz nqtby urlkt qzsba xeljy efjns ijvuq efjns ijofp ywion bcrwj dowbf yaxts ablxw kwgic akxro bjyil gxdqt rlfxc zbawl aflzx lnfiu csirk aeomh qtcla sqlhp edkrj hkdrv guxio cjfpu pyjhz nohqc ejulp yiodb otirh hutmk
40
oscrv oscrv
hopbn hopbn
mlfbi mlfbi
lcghr lcghr
aqzce aqzce
mzlsn mzlsn
zsehb zsehb
tyuep tyuep
coubd coubd
yzaje yzaje
lnfiu lnfiu
cursl cursl
omjfc omjfc
qdzgs qdzgs
xintv xintv
ywion ywion
gxdqt gxdqt
vczkh vczkh
yiodb yiodb
urlkt urlkt
rlfxc rlfxc
aeomh aeomh
artvi artvi
vmgxh vmgxh
ugamb ugamb
ablxw ablxw
otirh otirh
ugyls ugyls
tejxc tejxc
xeljy xeljy
yaxts yaxts
spuoi spuoi
xnysi xnysi
dowbf dowbf
misyc misyc
bcrwj bcrwj
lsnhz lsnhz
axmwy axmwy
ijvuq ijvuq
ijofp ijofp
