kwlpn kfbqn pzeml mjuiv nwfly otwen tqkro jzbvh fcqmz kanje yfxka rglwm pqyvz jahcg iltqx jwlxv hvlcg sdjpu caglq izsvm qnbvz dmbln caglq jlmkx uxlnj gamis angbz zyjtq xbuoj zyjtq gcrle mycdr xbqma qubze aoqwl yajhi xpcfi iulxj kdgwl rnpya khvgq xlyui fotdz efnvq cjqms wopug euykz qixvs wizsd zekhd usbaw kwlpn hpxog kwlpn
20
gamis gamis
kfbqn kfbqn
jwlxv jwlxv
mycdr mycdr
gcrle gcrle
iltqx iltqx
pzeml pzeml
qixvs qixvs
jzbvh jzbvh
yajhi yajhi
tqkro tqkro
qubze qubze
kanje kanje
izsvm izsvm
xpcfi xpcfi
fotdz fotdz
mjuiv mjuiv
euykz euykz
jlmkx jlmkx
hpxog hpxog
