Hayward Asheville CedarRapids Asheville Durham Deltona Bryan Deltona Durham Bloomington Durham Lafayette Durham FortCollins Norfolk FortCollins Durham Asheville Norman Allentown Springdale McHenry Newark McHenry Torrance McHenry Springdale Cambridge Carrollton Downey Abilene GrandRapids Fargo GrandRapids Abilene Atlanta Danbury Atlanta Worcester Atlanta Sebastian Kennewick PuntaGorda Omaha Topeka Montgomery ThousandOaks Montgomery SantaCruz Montgomery PembrokePines Visalia PembrokePines Montgomery Topeka Omaha PuntaGorda Wilmington Washington LakeCharles Irvine NewOrleans Burbank Chicago Burbank NewOrleans Waco NewOrleans SaintLouis Harlingen SaintLouis SanJose DalyCity NewBedford York BelAir Monroe Houston Monroe Milwaukee LongBeach Milwaukee BelAir York NewBedford Reading NewBedford DalyCity Bremerton DalyCity SanJose SaintLouis NewOrleans Irvine Washington Wilmington Winston Tucson PalmBay Tucson Aurora Bakersfield Aurora Tucson Bradenton Huntsville KansasCity McAllen KansasCity SouthBend StPaul Lewisville StPaul Killeen StPaul SouthBend Huntsville Bradenton Tucson Winston Memphis Winston Hickory Tyler Hickory HuntingtonBeach Hickory Trenton Independence Trenton Murfreesboro Yonkers Waterloo Yonkers GulfportBiloxi Medford Barnstable Medford GulfportBiloxi Yonkers Murfreesboro Trenton Hickory Winston Murrieta Tampa Murrieta Winston Wilmington PuntaGorda Kennewick NewYorkCity Kennewick Victorville Kennewick Sebastian Atlanta Abilene Downey Rochester AtlanticCity SaintPaul SimiValley SaintPaul AtlanticCity PanamaCity AtlanticCity Rochester Downey Fitchburg Downey Howell Fontana Howell Downey Carrollton Cambridge FortWayne Cambridge Springdale Corona Modesto Hampton RichmondCounty Charlotte RichmondCounty Hampton Modesto Corona Springdale Allentown Norman Asheville Hayward SantaClara Hayward
50
PuntaGorda PuntaGorda
Tyler Tyler
ThousandOaks ThousandOaks
PalmBay PalmBay
Tucson Tucson
Barnstable Barnstable
Yonkers Yonkers
Burbank Burbank
McHenry McHenry
Harlingen Harlingen
Charlotte Charlotte
Omaha Omaha
Topeka Topeka
Deltona Deltona
Danbury Danbury
Downey Downey
Asheville Asheville
McAllen McAllen
Chicago Chicago
GrandRapids GrandRapids
BelAir BelAir
Aurora Aurora
CedarRapids CedarRapids
LakeCharles LakeCharles
Bradenton Bradenton
RichmondCounty RichmondCounty
SantaCruz SantaCruz
Modesto Modesto
HuntingtonBeach HuntingtonBeach
Huntsville Huntsville
NewYorkCity NewYorkCity
Tampa Tampa
Monroe Monroe
Bakersfield Bakersfield
Springdale Springdale
SantaClara SantaClara
Atlanta Atlanta
Durham Durham
Newark Newark
Torrance Torrance
Memphis Memphis
Kennewick Kennewick
Bloomington Bloomington
NewBedford NewBedford
SaintPaul SaintPaul
York York
Hickory Hickory
Waco Waco
Waterloo Waterloo
Hampton Hampton
