Aberdeen Reno Hampton Tuscaloosa Winston Tuscaloosa Hampton Lowell Hampton Newburgh ChulaVista Racine MyrtleBeach Elkhart Pensacola Elkhart Racine ChulaVista Newburgh Roanoke Richmond Roanoke Riverside Murrieta PortArthur Murrieta Columbia GreenBay Columbia Lakewood Palmdale Austin Palmdale Olathe Bremerton Olathe Kennewick WestValleyCity Henderson StPetersburg Lewisville Gainesville Lewisville StPetersburg Henderson WestValleyCity Frederick Modesto Frederick SouthLyon Frederick WestValleyCity Kennewick Montgomery Kennewick Norwalk SaltLakeCity Chattanooga SaltLakeCity Redding SanAntonio Redding Mesquite Redding SaltLakeCity AppleValley McAllen Marina McAllen AppleValley SaltLakeCity Norwalk Miramar Norwalk Lancaster Norwalk Kennewick Olathe Palmdale Lakewood Carrollton Columbia Murrieta Riverside Hartford SanBernardino Hartford Riverside Scranton Riverside Newburgh Hampton Reno Springdale Reno Aberdeen
25
Pensacola Pensacola
SaltLakeCity SaltLakeCity
Gainesville Gainesville
Hampton Hampton
Winston Winston
Tuscaloosa Tuscaloosa
WestValleyCity WestValleyCity
Chattanooga Chattanooga
Modesto Modesto
Henderson Henderson
Lewisville Lewisville
Miramar Miramar
Racine Racine
Reno Reno
Lowell Lowell
SanBernardino SanBernardino
SouthLyon SouthLyon
Newburgh Newburgh
Austin Austin
Montgomery Montgomery
GreenBay GreenBay
SanAntonio SanAntonio
StPetersburg StPetersburg
Marina Marina
Springdale Springdale
