Hayward Shreveport Hartford NorthLasVegas Hartford Houma Hartford Shreveport Seaside CapeCoral Bloomington CapeCoral Gastonia Laredo Gastonia Hampton Newark Hampton Bryan HavredeGrace PuntaGorda Hemet Mobile Hemet Salinas Hemet PuntaGorda HavredeGrace Bryan Birmingham Bryan Lubbock Melbourne Torrance Albuquerque Hialeah Albuquerque Torrance Brighton Oxnard SanBuenaventura Norwich SanBuenaventura Anaheim Eugene Boise Eugene BatonRouge Phoenix Boulder LakeCharles Boulder Phoenix BatonRouge Eugene Anaheim Columbus Visalia Carrollton SiouxFalls Carrollton MyrtleBeach Carrollton Visalia Columbus DesMoines Columbus Anaheim Lansing Anaheim SanBuenaventura Brownsville SanBuenaventura Winston Murrieta Portsmouth FortWaltonBeach Portsmouth Murrieta SanBuenaventura Oxnard Fitchburg Waterbury Newburgh Waterbury Fitchburg Oxnard Brighton Torrance Melbourne Lubbock CostaMesa Bakersfield SouthBend Youngstown Barnstable Youngstown Hagerstown Youngstown Fullerton Flint Fullerton Duluth Detroit Merced ElMonte McAllen ElMonte Tuscaloosa ElMonte Merced Tacoma Merced Detroit BoiseCity Harrisburg Arvada Tyler Nashua Tyler Arvada Wilmington Vancouver Boston SterlingHeights Champaign Charlotte Champaign SterlingHeights Springfield Harlingen Columbia Harlingen Springfield Spartanburg Springfield SterlingHeights Boston Vancouver Tallahassee Muskegon NewportNews Concord NewportNews SimiValley Aberdeen SimiValley NewportNews Muskegon Tallahassee Vancouver Wilmington Arvada Harrisburg HuntingtonBeach Sarasota Scranton Fairfield Scranton Sarasota Harrisburg SaintPetersburg SiouxCity Harrisburg BoiseCity Detroit Duluth SaintPaul GrandRapids SaintPaul ElPaso SanAntonio JohnsonCity SanAntonio SaintPaul Duluth Fullerton Roseville Fullerton Toledo Fullerton Paterson Victorville Scottsdale Omaha Scottsdale Raleigh Scottsdale Victorville Paterson Fullerton Youngstown PanamaCity Youngstown SouthBend Fargo SouthBend Bakersfield CostaMesa VeroBeach OverlandPark Greenville OverlandPark Anchorage Utica Lexington Utica Anchorage Fresno Baltimore Fresno Anchorage OverlandPark Trenton Louisville Trenton OverlandPark Stamford LasVegas Medford LasVegas Stamford Marysville Layton Pittsburgh Marysville Stamford Murfreesboro Stamford VeroBeach SantaClara VeroBeach KansasCity Houston LasCruces Houston Jefferson Warren York Reno Ogden Norman Ogden Reno York Warren Jefferson Houston KansasCity SantaClarita Racine SantaClarita KansasCity VeroBeach PembrokePines SanBernardino Pueblo SanBernardino PembrokePines SantaMaria Poughkeepsie Salem Deltona Salem Poughkeepsie Elkhart Poughkeepsie SantaMaria PembrokePines VeroBeach SantaAna VeroBeach CostaMesa Lubbock Milwaukee StPaul CorpusChristi StPaul Savannah StPaul CathedralCity StPaul Milwaukee Lincoln Milwaukee Lubbock Bryan NewYork Tucson NewYork Monroe Escondido Mesquite Escondido Independence Cincinnati Independence RoundLakeBeach Lorain RoundLakeBeach Independence Escondido Sacramento StLouis Sacramento Escondido Monroe NewYork Kalamazoo NewYork Bryan Hampton Gastonia MorenoValley Gastonia CapeCoral Howell CapeCoral Seaside Worcester Modesto Killeen Modesto Worcester Burlington Downey Topeka Henderson NewYorkCity Henderson Topeka Downey Kaneohe Downey Burlington Norwalk Huntsville ThousandOaks Cambridge PalmBay Cambridge PortStLucie Plano PortStLucie Cambridge ThousandOaks PortSaintLucie Olympia Syracuse Olympia PortSaintLucie ThousandOaks Huntsville Kissimmee Marina Frederick Minneapolis Frederick Marina Billings Marina PortArthur RichmondCounty PortArthur Lacey PortArthur Marina Kissimmee Huntsville Norwalk SouthLyon NewBedford SouthLyon Norwalk Burlington Worcester SantaBarbara Worcester Seaside DalyCity SanJose Lafayette GreenBay Lafayette SanJose DalyCity Seaside Shreveport Orem Bethlehem Orem Shreveport Hayward
100
PuntaGorda PuntaGorda
Tyler Tyler
Cincinnati Cincinnati
ThousandOaks ThousandOaks
Norwich Norwich
PalmBay PalmBay
Tucson Tucson
Utica Utica
Pueblo Pueblo
Albuquerque Albuquerque
Laredo Laredo
NewportNews NewportNews
Barnstable Barnstable
JohnsonCity JohnsonCity
Greenville Greenville
Eugene Eugene
Racine Racine
Nashua Nashua
RoundLakeBeach RoundLakeBeach
Harlingen Harlingen
Newburgh Newburgh
HavredeGrace HavredeGrace
Charlotte Charlotte
OverlandPark OverlandPark
Omaha Omaha
Topeka Topeka
CapeCoral CapeCoral
Deltona Deltona
Anchorage Anchorage
Marina Marina
Salem Salem
LasVegas LasVegas
Downey Downey
Hagerstown Hagerstown
Birmingham Birmingham
SanBuenaventura SanBuenaventura
Mesquite Mesquite
Flint Flint
McAllen McAllen
Lubbock Lubbock
CorpusChristi CorpusChristi
Layton Layton
Fullerton Fullerton
Bethlehem Bethlehem
NorthLasVegas NorthLasVegas
StLouis StLouis
GrandRapids GrandRapids
Frederick Frederick
Boise Boise
Arvada Arvada
Oxnard Oxnard
Hemet Hemet
Scranton Scranton
Fresno Fresno
Waterbury Waterbury
LakeCharles LakeCharles
Stamford Stamford
Olympia Olympia
RichmondCounty RichmondCounty
Duluth Duluth
Modesto Modesto
Henderson Henderson
HuntingtonBeach HuntingtonBeach
Huntsville Huntsville
Lacey Lacey
Burlington Burlington
Columbus Columbus
Savannah Savannah
Vancouver Vancouver
Detroit Detroit
Hialeah Hialeah
CathedralCity CathedralCity
NewYorkCity NewYorkCity
Marysville Marysville
GreenBay GreenBay
Bakersfield Bakersfield
Monroe Monroe
Louisville Louisville
ElPaso ElPaso
SantaClara SantaClara
Kissimmee Kissimmee
Newark Newark
Torrance Torrance
Hartford Hartford
Plano Plano
Bloomington Bloomington
Kalamazoo Kalamazoo
NewBedford NewBedford
SiouxFalls SiouxFalls
Elkhart Elkhart
Champaign Champaign
Anaheim Anaheim
SaintPaul SaintPaul
York York
Spartanburg Spartanburg
Scottsdale Scottsdale
Aberdeen Aberdeen
Mobile Mobile
Melbourne Melbourne
Ogden Ogden
