AndyandZeyu c f j g j i e d h b h AndyandZeyu f0 b0 i0 AndyandZeyu0 g0 j0 f0 e0 d0 e0 f0 h0 c0 AndyandZeyu g1 h1 b1 AndyandZeyu1 d1 AndyandZeyu1 f1 c1 e1 c1 i1 j1 AndyandZeyu b2 AndyandZeyu2 d2 c2 i2 e2 f2 h2 i2 d2 j2 g2 AndyandZeyu f3 d3 g3 AndyandZeyu3 g3 h3 i3 g3 j3 b3 c3 e3 AndyandZeyu b4 e4 i4 f4 i4 h4 d4 c4 g4 AndyandZeyu4 g4 AndyandZeyu e5 AndyandZeyu5 h5 j4 f5 i5 e5 d5 c5 d5 e5 g5 b5 AndyandZeyu f6 g6 AndyandZeyu6 j5 c6 j5 e6 b6 d6 b6 h6 i6 AndyandZeyu AndyandZeyu7 j6 c7 b7 h7 d7 e7 g7 h7 c7 i7 f7 AndyandZeyu g8 f8 c8 b8 AndyandZeyu8 b8 e8 d8 c8 h8 f8 j8 j7 f8 AndyandZeyu i8 AndyandZeyu b9 e9 i9 f9 i9 h9 d9 c9 g9 AndyandZeyu9 g9 AndyandZeyu e10 AndyandZeyu10 h10 j9 f10 i10 e10 d10 c10 d10 e10 g10 b10 AndyandZeyu f11 g11 AndyandZeyu11 j10 c11 j10 e11 b11 d11 b11 h11 i11 AndyandZeyu AndyandZeyu12 j11 c12 b12 h12 d12 e12 g12 h12 c12 i12 f12 AndyandZeyu g13 f13 c13 b13 AndyandZeyu13 b13 e13 d13 c13 h13 f13 j13 j12 f13 AndyandZeyu i13 AndyandZeyu b14 e14 i14 f14 i14 h14 d14 c14 g14 AndyandZeyu14 g14 AndyandZeyu e15 AndyandZeyu15 h15 j14 f15 i15 e15 d15 c15 d15 e15 g15 b15 AndyandZeyu f16 g16 AndyandZeyu16 j15 c16 j15 e16 b16 d16 b16 h16 i16 AndyandZeyu AndyandZeyu17 j16 c17 b17 h17 d17 e17 g17 h17 c17 i17 f17 AndyandZeyu g18 f18 c18 b18 AndyandZeyu18 b18 e18 d18 c18 h18 f18 j18 j17 f18 AndyandZeyu i18 AndyandZeyu
100
f f
g g
h h
i i
j j
f0 f0
g0 g0
h0 h0
i0 i0
j0 j0
f1 f1
g1 g1
h1 h1
i1 i1
j1 j1
f2 f2
g2 g2
h2 h2
i2 i2
j2 j2
f3 f3
g3 g3
h3 h3
i3 i3
j3 j3
f4 f4
g4 g4
h4 h4
i4 i4
j4 j4
f5 f5
g5 g5
h5 h5
i5 i5
j5 j5
f6 f6
g6 g6
h6 h6
i6 i6
j6 j6
f7 f7
g7 g7
h7 h7
i7 i7
j7 j7
f8 f8
g8 g8
h8 h8
i8 i8
j8 j8
f9 f9
g9 g9
h9 h9
i9 i9
j9 j9
f10 f10
g10 g10
h10 h10
i10 i10
j10 j10
f11 f11
g11 g11
h11 h11
i11 i11
j11 j11
f12 f12
g12 g12
h12 h12
i12 i12
j12 j12
f13 f13
g13 g13
h13 h13
i13 i13
j13 j13
f14 f14
g14 g14
h14 h14
i14 i14
j14 j14
f15 f15
g15 g15
h15 h15
i15 i15
j15 j15
f16 f16
g16 g16
h16 h16
i16 i16
j16 j16
f17 f17
g17 g17
h17 h17
i17 i17
j17 j17
f18 f18
g18 g18
h18 h18
i18 i18
j18 j18
