AndyandZeyu c f j g j i e d h b h AndyandZeyu f0 b0 i0 AndyandZeyu0 g0 j0 f0 e0 d0 e0 f0 h0 c0 AndyandZeyu g1 h1 b1 AndyandZeyu1 d1 AndyandZeyu1 f1 c1 e1 c1 i1 j1 AndyandZeyu b2 AndyandZeyu2 d2 c2 i2 e2 f2 h2 i2 d2 j2 g2 AndyandZeyu f3 d3 g3 AndyandZeyu3 g3 h3 i3 g3 j3 b3 c3 e3 AndyandZeyu b4 e4 i4 f4 i4 h4 d4 c4 g4 AndyandZeyu4 g4 AndyandZeyu e5 AndyandZeyu5 h5 j4 f5 i5 e5 d5 c5 d5 e5 g5 b5 AndyandZeyu f6 g6 AndyandZeyu6 j5 c6 j5 e6 b6 d6 b6 h6 i6 AndyandZeyu AndyandZeyu7 j6 c7 b7 h7 d7 e7 g7 h7 c7 i7 f7 AndyandZeyu g8 f8 c8 b8 AndyandZeyu8 b8 e8 d8 c8 h8 f8 j8 j7 f8 AndyandZeyu i8 AndyandZeyu
50
f f
g g
h h
i i
j j
f0 f0
g0 g0
h0 h0
i0 i0
j0 j0
f1 f1
g1 g1
h1 h1
i1 i1
j1 j1
f2 f2
g2 g2
h2 h2
i2 i2
j2 j2
f3 f3
g3 g3
h3 h3
i3 i3
j3 j3
f4 f4
g4 g4
h4 h4
i4 i4
j4 j4
f5 f5
g5 g5
h5 h5
i5 i5
j5 j5
f6 f6
g6 g6
h6 h6
i6 i6
j6 j6
f7 f7
g7 g7
h7 h7
i7 i7
j7 j7
f8 f8
g8 g8
h8 h8
i8 i8
j8 j8
