A B C F J F H F1 T1 TA151 C TA211 C E C1 E J1 U1 G I K B M S T V B TA7 TA12 TA16 B TA17 TA18 TA21 B TA22 TA24 E1 B I1 B S1 V1 B X1 B TB11 B TB21 TA121 B TA161 TA191 TA201 B A D P D TA8 P1 R1 TA31 D L A N O Q R A U A W X Y TA A TA1 A TA2 TA3 A TA4 A TA5 A TA6 A TA9 A TA10 A TA11 TA13 A TA14 TA15 TA19 TA20 TA23 A1 A B1 D1 G1 A H1 K1 L1 M1 A N1 O1 Q1 W1 Y1 TB1 TA41 A TA51 TA61 A TA71 TA81 TA91 TA101 A TA111 A TA131 TA141 TA171 TA181 A TA221 A TA231 TA241 A
50
TA TA
TA1 TA1
TA2 TA2
TA3 TA3
TA4 TA4
TA5 TA5
TA6 TA6
TA7 TA7
TA8 TA8
TA9 TA9
TA10 TA10
TA11 TA11
TA12 TA12
TA13 TA13
TA14 TA14
TA15 TA15
TA16 TA16
TA17 TA17
TA18 TA18
TA19 TA19
TA20 TA20
TA21 TA21
TA22 TA22
TA23 TA23
TA24 TA24
TB1 TB1
TB11 TB11
TB21 TB21
TA31 TA31
TA41 TA41
TA51 TA51
TA61 TA61
TA71 TA71
TA81 TA81
TA91 TA91
TA101 TA101
TA111 TA111
TA121 TA121
TA131 TA131
TA141 TA141
TA151 TA151
TA161 TA161
TA171 TA171
TA181 TA181
TA191 TA191
TA201 TA201
TA211 TA211
TA221 TA221
TA231 TA231
TA241 TA241
