0 1 2 3 4 5 6 7 8 9 10 1 12 11 12 13 14 15 16 17 18 1 19 20 22 20 24 25 26 25 24 20 28 29 30 29 28 20 32 21 23 21 27 21 31 21 32 33 34 35 36 35 34 33 32 37 38 37 32 42 43 51 41 40 39 40 41 51 45 51 50 49 48 49 50 51 52 54 53 52 55 56 57 58 59 60 61 52 62 63 64 65 73 69 68 69 73 72 71 72 73 74 76 77 78 79 78 77 76 74 82 83 84 83 82 74 73 75 81 80 81 75 85 75 86 75 87 75 88 89 91 89 94 95 96 97 96 95 94 89 98 89 100 101 102 103 102 101 100 89 88 90 93 92 93 90 99 90 104 105 106 107 111 110 109 110 111 112 113 114 115 116 112 118 117 112 119 120 112 121 122 123 124 125 124 123 122 121 126 127 128 129 130 137 136 137 138 140 138 147 148 149 150 156 155 156 157 158 159 160 161 162 163 164 165 166 157 169 168 167 168 169 170 171 172 157 173 174 175 176 177 174 179 178 174 181 180 174 183 182 174 184 185 186 187 188 174 189 174 173 157 156 150 149 148 147 151 152 153 154 153 152 151 147 138 137 139 144 143 142 141 142 143 144 139 146 145 146 139 137 130 129 128 131 132 133 134 135 134 133 132 131 128 127 126 121 112 111 107 106 105 104 108 104 90 88 75 73 65 64 63 62 66 67 66 62 70 62 52 51 43 42 32 44 32 46 47 46 32 20 19 1 0 199 190 192 193 192 190 194 190 197 198 191 196 195 196 191 198 197 190 199 0
50
2 2
7 7
17 17
4 4
15 15
23 23
25 25
30 30
33 33
40 40
42 42
44 44
48 48
53 53
56 56
54 54
64 64
67 67
72 72
76 76
83 83
86 86
87 87
91 91
94 94
99 99
101 101
105 105
108 108
114 114
120 120
124 124
127 127
130 130
136 136
142 142
146 146
148 148
154 154
172 172
168 168
158 158
163 163
182 182
186 186
178 178
176 176
192 192
194 194
198 198
