0 1 2 3 4 5 6 7 8 9 10 1 12 11 12 13 14 15 16 17 18 1 19 1 0 99 96 95 94 93 92 91 90 89 88 75 73 65 64 63 62 52 51 41 40 39 40 41 51 43 42 32 20 22 20 24 25 26 25 24 20 28 29 30 29 28 20 32 21 23 21 27 21 31 21 32 33 34 35 36 35 34 33 32 37 38 37 32 44 32 46 47 46 32 42 43 51 45 51 50 49 48 49 50 51 52 54 53 52 55 56 57 58 59 60 61 52 62 66 67 66 62 70 62 63 64 65 73 69 68 69 73 72 71 72 73 74 76 77 78 79 78 77 76 74 82 83 84 83 82 74 73 75 81 80 81 75 85 75 86 75 87 75 88 89 90 91 92 93 94 95 96 99 98 97 98 99 0
25
2 2
7 7
17 17
4 4
15 15
23 23
25 25
30 30
33 33
40 40
42 42
44 44
48 48
53 53
56 56
54 54
64 64
67 67
72 72
76 76
83 83
86 86
87 87
96 96
98 98
