MfdzFvsdGbvl AGbRQRBgaOdX MkUBuIisCVpZ FBJfxxErGDSJ AMizjBPjmCZd nOAOIuLzBRCw mFYKjQfCsRtT QifLRRQkbeZy VyXrTLUcizAa XdsuYjiPexAe NlmuUUVQUbgI dDFWxTbuPymh LkEUjKFNAyBd SojgLCNtJNvq ymJllvoAiAsf dDFWxTbuPymh NlmuUUVQUbgI mghmklyBsbHa NtVMseWKItey FwMUcwhoFAni aBJRRPhsiAKx GXOXpdorUaOT aBJRRPhsiAKx tJMNrevGrvUO uGMlduvuPOls plKUVNXwKfVb qcdkpkNqqMWI NtVMseWKItey mtRsLIzrlNLu BkcPMTugAswL DFscNnuMhxUC NtVMseWKItey pkzKsTORVYro FCrKCfVsEsBk dTiZHahuktjU GKWfMfVZxbJi UVLyMXgqTFaJ pkzKsTORVYro NtVMseWKItey hyNIuUiwmDQV GuSSYBNHDbKE uFHfCerNFIme SyelSPMftDaa uFHfCerNFIme rVqgoVgUmLRB UUfgFbkMxjKZ FGVxzATBToEc UUfgFbkMxjKZ arcJTkwUqbUy SgyAcloZDNJV XwUlFDTbjpNE EoEdLMroSPNp XwUlFDTbjpNE BxGViQLocTbz pQCFwcmaYfTN noaMakAlHdwq hCxjbMrSlUJQ PvZWLvSzyZfH OxOMbLimJOmd sHmvjcbScYOJ tuAWqVDVesZP aHWPEwFhStur BbyhqvohDUZK TKYUSygHfBDR OxOMbLimJOmd TNZEyWBHGREz NSRMVzMbujAG DvRTDyBMOCbT QifLRRQkbeZy dFUHctNjrywb EHsjieLYFsXi DAmjVaIibnaw MLnLJmQHwuOS PUcvIgREsriS QHpWWcCYavdw EKlhdWMAwsNS ZjfLZjjegWJT pWbJtVdThhym GemeldahvdVv pWbJtVdThhym rrRAqFcoDYfk jQrllEpFyFwz VARFNCcqfgIc MTGbHUkgheIT wARTgiJzMSWu jBrNTBMPxyQD MOpktZzuQRCH TRkvIqPveIxn pWbJtVdThhym ZjfLZjjegWJT TbekQRoKcInv RICmsRCgzRsB MLnLJmQHwuOS RabcWXICLpRH IHnRSACwPeSd hLGIbMiwjPgd QifLRRQkbeZy oFUEyQPISWry QPEIZKGvnFvj tywOQDwDhjwZ QifLRRQkbeZy deJmWrylVSGK CuwogbndJgoN hypFtIVCahEe PQTqeEtJjrHq PnbamVANEguC buqjmAINqGzN TMtqGHcSigHN ehvwzEqdJOJs hypFtIVCahEe CuwogbndJgoN avuRLTuajeOl FBJfxxErGDSJ ByOIdNUscaaI lFgwKopYqWSC axLiuEEXvnsQ sHOyjNqQLXTd mmMjGkvjTCoD lFgwKopYqWSC afQyzVRujUXw syZneDWxHZbv VoNfUrKVVTmI MfdzFvsdGbvl
50
BbyhqvohDUZK BbyhqvohDUZK
ymJllvoAiAsf ymJllvoAiAsf
ZjfLZjjegWJT ZjfLZjjegWJT
VARFNCcqfgIc VARFNCcqfgIc
QifLRRQkbeZy QifLRRQkbeZy
rVqgoVgUmLRB rVqgoVgUmLRB
noaMakAlHdwq noaMakAlHdwq
DFscNnuMhxUC DFscNnuMhxUC
dDFWxTbuPymh dDFWxTbuPymh
VyXrTLUcizAa VyXrTLUcizAa
rrRAqFcoDYfk rrRAqFcoDYfk
PvZWLvSzyZfH PvZWLvSzyZfH
MLnLJmQHwuOS MLnLJmQHwuOS
DvRTDyBMOCbT DvRTDyBMOCbT
PUcvIgREsriS PUcvIgREsriS
TbekQRoKcInv TbekQRoKcInv
arcJTkwUqbUy arcJTkwUqbUy
tywOQDwDhjwZ tywOQDwDhjwZ
hLGIbMiwjPgd hLGIbMiwjPgd
MkUBuIisCVpZ MkUBuIisCVpZ
uFHfCerNFIme uFHfCerNFIme
hCxjbMrSlUJQ hCxjbMrSlUJQ
AMizjBPjmCZd AMizjBPjmCZd
FCrKCfVsEsBk FCrKCfVsEsBk
mFYKjQfCsRtT mFYKjQfCsRtT
buqjmAINqGzN buqjmAINqGzN
dFUHctNjrywb dFUHctNjrywb
PnbamVANEguC PnbamVANEguC
GuSSYBNHDbKE GuSSYBNHDbKE
QHpWWcCYavdw QHpWWcCYavdw
RICmsRCgzRsB RICmsRCgzRsB
plKUVNXwKfVb plKUVNXwKfVb
jBrNTBMPxyQD jBrNTBMPxyQD
GemeldahvdVv GemeldahvdVv
pQCFwcmaYfTN pQCFwcmaYfTN
PQTqeEtJjrHq PQTqeEtJjrHq
axLiuEEXvnsQ axLiuEEXvnsQ
deJmWrylVSGK deJmWrylVSGK
GKWfMfVZxbJi GKWfMfVZxbJi
NlmuUUVQUbgI NlmuUUVQUbgI
mtRsLIzrlNLu mtRsLIzrlNLu
pkzKsTORVYro pkzKsTORVYro
MOpktZzuQRCH MOpktZzuQRCH
SgyAcloZDNJV SgyAcloZDNJV
AGbRQRBgaOdX AGbRQRBgaOdX
SojgLCNtJNvq SojgLCNtJNvq
UVLyMXgqTFaJ UVLyMXgqTFaJ
BkcPMTugAswL BkcPMTugAswL
IHnRSACwPeSd IHnRSACwPeSd
EoEdLMroSPNp EoEdLMroSPNp
