IvOdahrtFwzZ fblrDraNAUxK qMdmyWbGDdGe evRMhyiHKGXv oOIjuHJcVRiV AEFrBHnTsTIs FenKhdsiadPr rmWPWcGZXZMo nxbMBCPhfQij yFQWQWtUUMle YIFfrMiRNqqd aSpDrTbKBytW geAceFJePWbe aSpDrTbKBytW YIFfrMiRNqqd HCSFPVkAlsKL hPSXtHMMyKAK NxxrxPgsnMqG EOKLHvbbCToE vYrcfWFBiWlY JpwDMOwQmqOp vfHFyZGRGvFq PiGAjicuPBgs vRfpxkfTkxRJ WnABnktZDxMx WHSGrQQrrotE KxsKsdmykxTa RfMVccrsgetv BdgcPRHAevMd WRiugWLCujBI KxsKsdmykxTa QFfSmYtuSTPl evYbQMSKanfJ jUpZsMKPsWME vfHFyZGRGvFq XfSacrjXjxeP GvyjKkGcUdcI PNaoBNxIbrgW nKmMbiEuiffc lznMKRYSMheH yFQWQWtUUMle kBTyfVdYeRhI OIjApACwnyqG touUfboeiIya OaFvNWZuTHit XwPJYwaGcHxO FenKhdsiadPr VZiXnxYZQNVo DiKlonktcqTP WVsMYkBGdGiy VZiXnxYZQNVo gOaXChSIRMdR IvOdahrtFwzZ WUqhotrexTBp hzeJgpwlnaPA cpNycWVdmzHJ mZUBOQTZyXOM vkOqMvrCUWYf DarYoJPRvpJy QDhUZstsJKtV vkOqMvrCUWYf tFUGlRwdZPSe xogpFjQUGEgg HEwqlaeMfSzl tARvBeqQDqSY fiHhqLtPfdZy WsLfQLsirtHk LpugZyvqxfmq wXjNgGRCXYRl sTgUExIipvWV SKbQkQUhqQEt PFpQuVVRxbvV BujzcwTOtypK iCJxwFELfPya AuldkFyUpsYo AJnswnydWveO KIFXVOTzTwvk AJnswnydWveO HVwGkspnDHbf jXfRZxvlYeVi RIFFwQFTnqDn dGbWKexeVDcw buPIQiRvirDG TglqUXfjbefC TTwdgXpOLyxF RPXFDLrswDGU AuldkFyUpsYo ynBAbhbIrUei TKKLChjfijhn cQMSBGdRWmjB NRXmrTGBWSuj cQMSBGdRWmjB xIUhUxhCILsJ EKWhDcEeEkGK awuknolWPSuP IQvKLYGCcCbd FoZLfdSCJZDk lIUKVwoOnEyc zypYDSZfKAvD SnErwRYEuFXf EUIZeYDuGKec cwlLlHKYSHkG qxhFFIUEfnzV ctZWqndwhbJm ijfgIidkipEb YvLRANdegrdA OoWDPDlyJyRc AhJBAeSEuUkL VwnDoOCMNNaS cxysDYemjhta kYuPQHaafCxH ygJsJPbdLfFP IcNVObbuvzWY dXlgwkdKhUmB xPYMCFkusDSL JQPenlkqwStc sHrtHYtDRNZd xPYMCFkusDSL UHctRHiZQkpZ WUHzPIhaINNz idefWDKaqcyp ocysUjOwnenm aXlcDzbXwAJW ocysUjOwnenm idefWDKaqcyp tkrkUtkDqJLy lRgeGnDJBtMa nyTRNDRCsANl xXoCKkdkKAne hLCSOZLNEdhX cRekprdsHHWw quZcTYtpBjSn cRekprdsHHWw nyTRNDRCsANl PwUziuAPbAPX uzYTzVwixczQ TAclfZjkIgUg cQMSBGdRWmjB zcAOlsVDUDkc qlMzHEurfTvO FkNlSGMBOUbz gXcuqckdTdIP AuldkFyUpsYo JNoAmCxHcsYw FLSRuaDcxhdD LTAwItzHPRQl qFGlIHDqKyPA jXOmYlZmvqnI HOzyAfsDoQkb jXOmYlZmvqnI KpiCGGuakHIr AQgpWBullbIi OBeTLVdzIcuJ ubtvaUeVUfmV KpiCGGuakHIr UGahWpWtmUQn AuldkFyUpsYo iCJxwFELfPya JUgFfUYYdpcT sFSBpaJxLpBT ZPYnROAizafx LlIlpKJAPkkQ wHeDieHMYzAK cnCYHfWEzHVB PWbkkHsInEnz oKIKkmsSWzmH iMiJLkYtEKFU wHeDieHMYzAK KxaXxWtllfGF cQFNlImsTWTM ZPYnROAizafx etbjZlqcYdPF gYafjiXtvxVV etbjZlqcYdPF ijesYrTHxMcg kzPlYxPdIHVo ypApeqMQPnQA nschEYWjrAsr ijesYrTHxMcg PKHkuTHeRXhO sCsqHQtCOoXA REAQGzcNgDIR TZmWJenJbEsV YyCbFndgmpDL AoaIXEzdsCrm mvdksSctoMVi ppfBOAvWYXyJ eTrfywteWUJB AoaIXEzdsCrm uaSeXTkrhIdS yHOsEGOhjOLt cyrwHgrhPvZj BujzcwTOtypK EnxwoQoiuLow gkTmCiZxFrJw RGYiIUdVAiVL pjemGRILnFei YQysVrjIrQBg RQBxIsRWzmfl RGYiIUdVAiVL YGzazHdyrGCd IfTQNEFsiTgr uZQOmtLXDMXl LdhPogfUCfUq RsVDBpPbAfPa jXgKDXnEJsra etjGizhQhrRW MaGBJGHdxMeh QZQElPdcHxru ybLCwZqVZKud IviCzjPvcCWR CridpdwZYWlJ QxNjgiXciQma dLJIzYxbuChF nlzJUuBrsbXD gJMLzBkWmUoV pJYrGRIbLWnD aSwTAVmQLJow zOkfhFVfOKVi VNEqJngxzCUO EwXugPkGUVkm UYTxhnOtiPHB WWtfhwMSzfGW NMSHhfMtAJZb XUPTpPSzeKdd yVSfaizVeLPT mgKEFEWheOqk KtoZVrQmJWki LNoKVqXhLEzn zCWezcJmUGqs IvOdahrtFwzZ
100
qxhFFIUEfnzV qxhFFIUEfnzV
jXOmYlZmvqnI jXOmYlZmvqnI
touUfboeiIya touUfboeiIya
fiHhqLtPfdZy fiHhqLtPfdZy
zypYDSZfKAvD zypYDSZfKAvD
UGahWpWtmUQn UGahWpWtmUQn
PFpQuVVRxbvV PFpQuVVRxbvV
WsLfQLsirtHk WsLfQLsirtHk
WRiugWLCujBI WRiugWLCujBI
ybLCwZqVZKud ybLCwZqVZKud
RGYiIUdVAiVL RGYiIUdVAiVL
NxxrxPgsnMqG NxxrxPgsnMqG
vkOqMvrCUWYf vkOqMvrCUWYf
PKHkuTHeRXhO PKHkuTHeRXhO
ppfBOAvWYXyJ ppfBOAvWYXyJ
cQFNlImsTWTM cQFNlImsTWTM
ubtvaUeVUfmV ubtvaUeVUfmV
QDhUZstsJKtV QDhUZstsJKtV
IQvKLYGCcCbd IQvKLYGCcCbd
nlzJUuBrsbXD nlzJUuBrsbXD
gkTmCiZxFrJw gkTmCiZxFrJw
zOkfhFVfOKVi zOkfhFVfOKVi
GvyjKkGcUdcI GvyjKkGcUdcI
TglqUXfjbefC TglqUXfjbefC
HEwqlaeMfSzl HEwqlaeMfSzl
EwXugPkGUVkm EwXugPkGUVkm
gXcuqckdTdIP gXcuqckdTdIP
XwPJYwaGcHxO XwPJYwaGcHxO
SKbQkQUhqQEt SKbQkQUhqQEt
WUqhotrexTBp WUqhotrexTBp
WHSGrQQrrotE WHSGrQQrrotE
TZmWJenJbEsV TZmWJenJbEsV
evRMhyiHKGXv evRMhyiHKGXv
lznMKRYSMheH lznMKRYSMheH
zcAOlsVDUDkc zcAOlsVDUDkc
IfTQNEFsiTgr IfTQNEFsiTgr
oKIKkmsSWzmH oKIKkmsSWzmH
nschEYWjrAsr nschEYWjrAsr
sFSBpaJxLpBT sFSBpaJxLpBT
RQBxIsRWzmfl RQBxIsRWzmfl
jXgKDXnEJsra jXgKDXnEJsra
xXoCKkdkKAne xXoCKkdkKAne
lRgeGnDJBtMa lRgeGnDJBtMa
qFGlIHDqKyPA qFGlIHDqKyPA
fblrDraNAUxK fblrDraNAUxK
WnABnktZDxMx WnABnktZDxMx
AoaIXEzdsCrm AoaIXEzdsCrm
EOKLHvbbCToE EOKLHvbbCToE
cpNycWVdmzHJ cpNycWVdmzHJ
ocysUjOwnenm ocysUjOwnenm
yHOsEGOhjOLt yHOsEGOhjOLt
UYTxhnOtiPHB UYTxhnOtiPHB
nKmMbiEuiffc nKmMbiEuiffc
ctZWqndwhbJm ctZWqndwhbJm
TTwdgXpOLyxF TTwdgXpOLyxF
mvdksSctoMVi mvdksSctoMVi
yVSfaizVeLPT yVSfaizVeLPT
ypApeqMQPnQA ypApeqMQPnQA
NMSHhfMtAJZb NMSHhfMtAJZb
hLCSOZLNEdhX hLCSOZLNEdhX
qlMzHEurfTvO qlMzHEurfTvO
JpwDMOwQmqOp JpwDMOwQmqOp
gJMLzBkWmUoV gJMLzBkWmUoV
wXjNgGRCXYRl wXjNgGRCXYRl
HVwGkspnDHbf HVwGkspnDHbf
hPSXtHMMyKAK hPSXtHMMyKAK
sTgUExIipvWV sTgUExIipvWV
mgKEFEWheOqk mgKEFEWheOqk
YGzazHdyrGCd YGzazHdyrGCd
IcNVObbuvzWY IcNVObbuvzWY
QxNjgiXciQma QxNjgiXciQma
uzYTzVwixczQ uzYTzVwixczQ
quZcTYtpBjSn quZcTYtpBjSn
zCWezcJmUGqs zCWezcJmUGqs
YvLRANdegrdA YvLRANdegrdA
WWtfhwMSzfGW WWtfhwMSzfGW
nyTRNDRCsANl nyTRNDRCsANl
KtoZVrQmJWki KtoZVrQmJWki
LNoKVqXhLEzn LNoKVqXhLEzn
ZPYnROAizafx ZPYnROAizafx
AQgpWBullbIi AQgpWBullbIi
AhJBAeSEuUkL AhJBAeSEuUkL
QFfSmYtuSTPl QFfSmYtuSTPl
tARvBeqQDqSY tARvBeqQDqSY
pjemGRILnFei pjemGRILnFei
EKWhDcEeEkGK EKWhDcEeEkGK
yFQWQWtUUMle yFQWQWtUUMle
JNoAmCxHcsYw JNoAmCxHcsYw
aXlcDzbXwAJW aXlcDzbXwAJW
oOIjuHJcVRiV oOIjuHJcVRiV
mZUBOQTZyXOM mZUBOQTZyXOM
cRekprdsHHWw cRekprdsHHWw
FkNlSGMBOUbz FkNlSGMBOUbz
wHeDieHMYzAK wHeDieHMYzAK
dXlgwkdKhUmB dXlgwkdKhUmB
OIjApACwnyqG OIjApACwnyqG
nxbMBCPhfQij nxbMBCPhfQij
aSpDrTbKBytW aSpDrTbKBytW
QZQElPdcHxru QZQElPdcHxru
DiKlonktcqTP DiKlonktcqTP
