MHnVCXOJJwOI dKDljXfjimQu MlFqcqjWiUdI NmmqQKqzdERM aPIwxDrzUkSj KKNtdnAHmUpc SPoMbAzxrqrj IhlWYkABMGAA DzynwWJrrvdk YfpLHnDpSXzc wqtmadANCdBE svpVoYHpEpjH YjcHSWuOcQIw ECMlxrWZECRR QvZmZiRVxtKV lLzUdHIgNEWg NkzUoyRYPnbb DGewetxtXjTj KhOySTFpTHBN ltlOmMSvjmIL AZrILCuGwbtV FghBNnxlptiY PaWasRDhTGLg bVDkAfQbeTmx YbGvPudTcbyh crcFIKqbaYTC GLfJulJDWdHA SJPfUQrbAbqM GLfJulJDWdHA PCNGxUSnzrYJ RWoTZCNhceUR cXYRsTNMJDHO GOzHydHgDvru jmWqilJNXyuV UAhLDhBNYkFI VBMFkbrPCjxa GJubAWGDHDpt jUXDlSgJaReC DtMLcnKexBbF JCPkGQQBkgge jUXDlSgJaReC oClepMbylsqk iBzfnTemabxr ilCjMogPnNTK GoPPViXuIoMW xXFXuzbZwCaf GoPPViXuIoMW phTlHtTwrYOU FhVNapbaoZOZ UQfRaVuMahIZ SPoMbAzxrqrj EBzAvcxWSvqV ylmNfOGBFkcD UvfnFwkwYqFk MHnVCXOJJwOI
25
SJPfUQrbAbqM SJPfUQrbAbqM
svpVoYHpEpjH svpVoYHpEpjH
PCNGxUSnzrYJ PCNGxUSnzrYJ
JCPkGQQBkgge JCPkGQQBkgge
AZrILCuGwbtV AZrILCuGwbtV
SPoMbAzxrqrj SPoMbAzxrqrj
KKNtdnAHmUpc KKNtdnAHmUpc
jmWqilJNXyuV jmWqilJNXyuV
MlFqcqjWiUdI MlFqcqjWiUdI
oClepMbylsqk oClepMbylsqk
phTlHtTwrYOU phTlHtTwrYOU
YfpLHnDpSXzc YfpLHnDpSXzc
NkzUoyRYPnbb NkzUoyRYPnbb
FhVNapbaoZOZ FhVNapbaoZOZ
bVDkAfQbeTmx bVDkAfQbeTmx
ilCjMogPnNTK ilCjMogPnNTK
crcFIKqbaYTC crcFIKqbaYTC
RWoTZCNhceUR RWoTZCNhceUR
NmmqQKqzdERM NmmqQKqzdERM
UvfnFwkwYqFk UvfnFwkwYqFk
GLfJulJDWdHA GLfJulJDWdHA
YbGvPudTcbyh YbGvPudTcbyh
cXYRsTNMJDHO cXYRsTNMJDHO
ltlOmMSvjmIL ltlOmMSvjmIL
GoPPViXuIoMW GoPPViXuIoMW
