3 9 4 7 22 26 55 8 29 80 29 78 8 26 22 73 22 85 22 95 22 52 81 52 90 31 65 66 12 23 19 87 19 68 23 98 23 54 16 54 20 86 24 100 37 86 51 83 94 66 4 9 3 10 18 53 10 76 10 77 10 97 3 36 84 57 2 32 1 15 69 44 13 44 15 42 14 17 35 25 45 35 17 60 11 41 74 82 11 58 71 58 11 60 27 43 27 60 88 14 34 46 79 59 56 91 21 91 40 70 93 96 42 61 50 61 67 5 62 49 62 5 64 48 75 67 6 28 38 47 32 72 2 33 39 30 33 89 2 92 99 57 63 3
25
5 5
100 100
32 32
36 36
57 57
77 77
67 67
79 79
90 90
21 21
12 12
84 84
95 95
31 31
25 25
59 59
69 69
56 56
10 10
54 54
49 49
92 92
45 45
88 88
52 52
