5 1 14 72 116 14 1 24 74 125 24 62 6 3 36 32 40 93 70 200 32 79 169 32 171 32 36 161 3 37 9 16 13 137 139 30 96 103 112 30 139 168 13 16 76 20 53 38 131 77 120 185 175 9 71 81 95 148 9 183 37 21 67 31 60 65 129 65 146 65 60 179 151 67 156 67 180 110 136 110 133 21 158 164 166 37 29 35 88 108 88 35 29 41 73 114 142 3 101 7 102 7 128 140 150 7 101 160 3 6 15 43 80 34 44 59 44 84 44 64 34 90 34 99 34 153 109 25 28 42 89 42 28 199 25 51 55 98 83 98 55 51 25 111 25 118 178 117 6 48 39 181 39 192 48 6 52 159 52 6 143 6 157 8 22 17 85 22 57 49 105 49 134 57 22 115 22 144 22 187 22 196 22 198 23 124 172 23 8 50 8 66 4 45 18 54 91 54 194 18 147 18 45 186 113 122 4 123 4 130 155 4 170 152 66 8 68 8 97 12 56 27 69 82 27 104 27 135 12 61 141 61 12 87 12 138 12 97 8 107 157 10 58 94 58 10 106 10 126 149 75 145 189 10 167 10 197 2 63 33 47 33 2 132 173 2 174 2 176 2 177 2 184 197 6 11 121 11 163 11 195 11 62 127 62 1 78 119 78 86 162 188 19 5 26 46 100 92 191 26 5 154 5 165 5 182 5 190 193 5
50
130 130
147 147
16 16
177 177
27 27
1 1
100 100
35 35
122 122
79 79
115 115
157 157
20 20
8 8
149 149
185 185
188 188
97 97
55 55
46 46
108 108
190 190
58 58
42 42
196 196
137 137
112 112
93 93
50 50
117 117
197 197
159 159
170 170
102 102
83 83
82 82
66 66
91 91
182 182
164 164
78 78
124 124
69 69
103 103
92 92
89 89
198 198
106 106
38 38
168 168
