0 20 72 33 3 42 51 2 22 15 22 44 22 70 38 25 51 42 3 96 62 45 30 43 30 90 4 58 10 58 4 94 8 14 64 65 73 17 1 85 49 85 1 65 84 9 40 9 60 9 84 90 76 90 30 45 36 72 78 99 5 41 6 56 34 97 5 55 32 13 23 46 23 92 35 92 95 27 52 48 87 19 77 91 50 91 79 27 59 27 68 82 68 83 18 69 24 80 74 89 54 16 54 89 95 39 7 93 7 39 11 39 13 98 57 98 5 67 12 53 37 61 81 47 26 31 26 63 86 21 29 71 75 66 28 88 66 0
50
84 84
15 15
37 37
81 81
39 39
56 56
41 41
62 62
3 3
14 14
7 7
79 79
44 44
29 29
34 34
13 13
42 42
71 71
65 65
0 0
94 94
69 69
64 64
55 55
6 6
53 53
83 83
50 50
58 58
9 9
11 11
91 91
82 82
23 23
24 24
77 77
27 27
61 61
5 5
97 97
99 99
1 1
48 48
31 31
52 52
67 67
87 87
63 63
12 12
60 60
