0 59 73 198 3 82 3 152 9 152 99 152 169 183 103 40 142 176 66 55 160 13 33 40 65 147 21 71 24 121 156 37 49 124 37 85 149 93 71 21 147 28 90 28 191 111 63 111 133 86 177 92 108 166 50 83 158 181 70 167 104 141 164 141 70 181 158 166 108 187 94 32 137 32 138 184 12 62 29 53 157 53 29 123 12 116 91 45 120 117 190 125 109 162 197 23 197 144 2 6 98 42 35 170 106 5 19 41 30 95 5 76 148 78 18 54 26 113 61 18 171 25 56 106 89 106 170 112 170 161 170 193 43 38 150 38 2 144 155 22 168 185 125 189 4 153 27 39 27 175 64 75 64 154 184 172 17 87 127 84 68 101 68 84 127 100 44 15 48 107 146 97 11 14 186 88 186 105 81 139 129 81 192 72 52 122 52 132 118 16 143 132 52 165 199 72 174 11 136 159 11 97 115 135 60 80 60 110 69 110 195 17 138 180 92 140 173 7 188 1 188 126 8 51 79 74 163 47 77 130 10 119 145 131 151 67 178 67 151 134 34 20 34 114 36 46 182 31 179 58 179 47 163 74 102 196 79 8 128 126 57 188 7 173 96 173 140 92 177 86 133 111 194 65 0
100
173 173
124 124
164 164
79 79
6 6
80 80
1 1
135 135
179 179
110 110
18 18
35 35
160 160
193 193
50 50
129 129
147 147
140 140
42 42
171 171
26 26
150 150
119 119
91 91
108 108
123 123
138 138
21 21
96 96
152 152
101 101
73 73
87 87
158 158
111 111
104 104
22 22
178 178
142 142
31 31
38 38
156 156
161 161
145 145
168 168
184 184
83 83
95 95
162 162
9 9
56 56
16 16
30 30
5 5
17 17
40 40
60 60
59 59
187 187
27 27
196 196
163 163
36 36
194 194
102 102
25 25
189 189
71 71
109 109
12 12
67 67
68 68
10 10
61 61
89 89
157 157
122 122
34 34
136 136
55 55
24 24
118 118
105 105
151 151
49 49
172 172
155 155
23 23
11 11
141 141
7 7
198 198
93 93
144 144
15 15
66 66
39 39
62 62
75 75
130 130
