Soda A5 A6 A9 A4 A2 C8 B4 A3 A8 A3 B4 B6 A10 B6 B5 C1 D3 C1 B5 B6 B4 C8 A2 A4 B7 A9 D6 A5 Soda C2 D4 C3 D7 D10 B10 D8 D10 D7 D4 E1 E2 C2 Soda C5 B2 E5 B1 C6 E4 C6 E8 C6 E9 C6 E5 E6 B3 C7 B3 E6 E7 E6 E5 B2 E3 C4 E3 C5 Soda C9 A7 A1 D5 A1 A7 B8 D2 A7 C10 D9 B9 D9 D1 D9 C10 A7 C9 Soda A B S AB H AB Z Y AQ AP AA N AA AP Y AR Z S B A C J I AF I C A D K AE AT AE K AI AH AK AJ T AJ AK AH AV AH AW AH AI AS AU AI K D R D A E P E Q L U AG AL V AD V L E A F M W X AN AO X W AM AC AM AX AM W M F O F A G A Soda a b k l ad l ax l k ab av ab k ac aw ac k b m b a c d n o ag o n ae n d e p q ah ai q p af p e a g f g s al s g a h ak r ak t ak aj ak h a i j aa z as ar z at au aa j i u v ao v u am an u i w ap w aq w i x i y i a Soda a0 a5 a6 a9 a4 a2 c8 b4 a3 a8 a3 b4 b6 a10 b6 b5 c1 d3 c1 b5 b6 b4 c8 a2 a4 b7 a9 d6 a5 a0 c2 d4 c3 d7 d10 b10 d8 d10 d7 d4 e1 e2 c2 a0 c5 b2 e5 b1 c6 e4 c6 e8 c6 e9 c6 e5 e6 b3 c7 b3 e6 e7 e6 e5 b2 e3 c4 e3 c5 a0 c9 a7 a1 d5 a1 a7 b8 d2 a7 c10 d9 b9 d9 d1 d9 c10 a7 c9 a0 Soda
88
A1 A1
A3 A3
A5 A5
A7 A7
A9 A9
B1 B1
B3 B3
B5 B5
B7 B7
B9 B9
C1 C1
C3 C3
C5 C5
C7 C7
C9 C9
D1 D1
D3 D3
D5 D5
D7 D7
D9 D9
E1 E1
E3 E3
E5 E5
E7 E7
AB AB
AP AP
N N
H H
J J
AF AF
AS AS
AU AU
AW AW
T T
P P
AG AG
Q Q
AC AC
AO AO
b b
d d
f f
h h
j j
l l
n n
p p
r r
t t
v v
x x
z z
ab ab
ad ad
af af
ah ah
aj aj
al al
an an
ap ap
ar ar
at at
av av
ax ax
a1 a1
a3 a3
a5 a5
a7 a7
a9 a9
b1 b1
b3 b3
b5 b5
b7 b7
b9 b9
c1 c1
c3 c3
c5 c5
c7 c7
c9 c9
d1 d1
d3 d3
d5 d5
d7 d7
d9 d9
e1 e1
e3 e3
e5 e5
e7 e7
