1 3 37 3 41 3 48 52 3 54 3 61 3 63 3 65 3 69 3 73 3 74 76 3 83 3 86 3 89 3 110 3 112 3 115 3 118 128 3 135 3 137 3 1 4 33 64 80 4 85 114 4 116 4 120 4 121 127 4 144 4 1 5 2 25 26 2 29 2 35 39 2 40 43 2 44 2 47 49 2 50 56 2 57 2 58 2 67 2 75 2 77 2 81 2 91 99 2 100 2 101 2 102 2 103 2 107 111 2 117 2 119 123 2 130 2 133 2 136 2 142 2 149 2 5 42 45 5 70 5 72 5 82 5 90 95 5 138 5 1 6 51 62 6 79 6 97 6 124 6 139 6 150 6 1 7 30 7 32 7 38 71 7 87 7 88 7 98 141 146 7 8 105 8 134 145 9 27 9 36 9 1 10 31 10 55 143 10 1 11 1 12 66 12 1 13 1 14 1 15 16 1 17 18 1 19 147 19 1 20 1 21 22 1 23 1 24 28 34 46 1 53 59 60 1 68 1 78 84 92 1 93 1 94 1 96 1 104 106 108 1 109 1 113 1 122 1 125 1 126 129 1 131 1 132 1 140 1 148 1
75
1 1
3 3
5 5
7 7
9 9
11 11
13 13
15 15
17 17
19 19
21 21
23 23
25 25
27 27
29 29
31 31
33 33
35 35
37 37
39 39
41 41
43 43
45 45
47 47
49 49
51 51
53 53
55 55
57 57
59 59
61 61
63 63
65 65
67 67
69 69
71 71
73 73
75 75
77 77
79 79
81 81
83 83
85 85
87 87
89 89
91 91
93 93
95 95
97 97
99 99
101 101
103 103
105 105
107 107
109 109
111 111
113 113
115 115
117 117
119 119
121 121
123 123
125 125
127 127
129 129
131 131
133 133
135 135
137 137
139 139
141 141
143 143
145 145
147 147
149 149
