Leah Russell Kristie Carol Shannon Megan Sonya Alexander Teresa Abigail David Javier Ruth Christina Ruth Lisa Stacey Charles Rose Charles Jade Dylan Tiffany Jordan Robert Vicki John Jon Kellie Jeffrey Derrick Jeffrey Robert Jordan Katrina Rachel April Ruth Carol Jennifer Cole Jennifer Meagan Jennifer Carol Benjamin Connie Adrian Amanda Joshua Anthony Ryan Gary Anthony Joshua Willie Joshua Russell Brian Russell Taylor Crystal Taylor Kelly Paula Michael Leah
25
Russell Russell
Carol Carol
Adrian Adrian
Anthony Anthony
Amanda Amanda
Gary Gary
Brian Brian
Lisa Lisa
Jade Jade
Paula Paula
David David
Dylan Dylan
Ruth Ruth
April April
Vicki Vicki
Jennifer Jennifer
Megan Megan
Javier Javier
Michael Michael
Ryan Ryan
Alexander Alexander
Jordan Jordan
Kelly Kelly
Rachel Rachel
Jon Jon
