Jason Derek Kevin Nathaniel Heather Tracy Heather Nathaniel Edward Brittany Sarah Dylan Shane Christopher Dylan Ralph Victoria Charles Alexandra Nicholas Victoria Ralph Dylan Sarah Brittany Evan Kyle Joshua Cheryl Terry Amy Terry Kyle Tammy Kara Daniel Jose Sabrina Joseph Adam Joseph Shawn Jose Daniel Wendy Kelsey Linda Tristan Jon Barbara Carlos Laura Jessica Carlos Kari Deanna Paul Deanna Mike Deanna Kathy Benjamin Scott Benjamin Kathy Deanna Jane Mary Sydney Carol Casey Sydney Mary Leslie Mary Danielle Jane Kari Douglas Lauren Jeanne Lauren Douglas Brian Douglas Carlos Rebekah Beverly Rebekah Rebecca Aaron Nancy Bruce Richard Christina Larry Kylie Jasmine Larry Nancy James Desiree Rebecca Kristen Jacob Brett Carlos Barbara Garrett Phillip Jeffery Ricky Kristine Jeffery Maurice Cindy Dustin Melinda Victor Maurice Miranda Mercedes Miranda Eric David Eric Miranda Jeffery Ronnie Stacie Carrie Stacie Diana April Martha Juan Robin Stacie Jeffery Jordan Angelica Erin Adrian Erin Nicole Chase Krista John Amber Claire Amber Andre Karen Spencer Mark Amber Krista Jordan Stephen Brad Thomas Shannon Thomas Kelly Jeffrey Robert Anna Mario Kristy Dillon Robert Jeffrey Jacqueline Kimberly Gary Bryan Jacqueline Grace Phillip Ronald Roy Gregory Taylor Justin Taylor Meredith Gregory Steven Samantha Wayne Elizabeth Barbara Wendy Ashley Melissa Ashley Rachel Andrew Monica Crystal Erica Leonard Timothy Tommy Monique Patricia Johnathan Megan Maria Monique Toni Alyssa Keith Erica Ryan George Gabriel Tammy Jay Hannah Jay Billy Julia Angela Edwin Dana Angela Julia Brenda Michael Luis Samuel Michael Sandra Molly Regina Kayla Jamie Randy Molly Sandra Johnny Sandra Michelle Kristina Michelle Julia Susan Jonathan Derek Jason Reginald Cynthia Misty Jill Logan Donald Cristian Alexander William Janet Katelyn Donna Donald Logan Jill Misty Cory Brandi Anthony Amanda Jennifer Stephanie Anthony Harry Lisa Harry Reginald Jason Jeremy Jason
100
Derek Derek
Nathaniel Nathaniel
Heather Heather
Gabriel Gabriel
Adam Adam
Misty Misty
Shannon Shannon
Samantha Samantha
Katelyn Katelyn
Adrian Adrian
John John
Nicole Nicole
Brad Brad
Claire Claire
David David
Lauren Lauren
Joshua Joshua
Mario Mario
Roy Roy
Kara Kara
Johnathan Johnathan
Dana Dana
Cristian Cristian
Ricky Ricky
Tristan Tristan
Paul Paul
Laura Laura
Stacie Stacie
Jose Jose
Melissa Melissa
Kari Kari
Evan Evan
Carol Carol
Carrie Carrie
Brian Brian
Andrew Andrew
Jeffery Jeffery
Robert Robert
Mark Mark
Regina Regina
Kelsey Kelsey
Wayne Wayne
Megan Megan
Jeffrey Jeffrey
Shane Shane
Timothy Timothy
Joseph Joseph
Charles Charles
Crystal Crystal
William William
Mary Mary
Cheryl Cheryl
Rebekah Rebekah
Shawn Shawn
Dustin Dustin
Jacqueline Jacqueline
Logan Logan
Gregory Gregory
Kimberly Kimberly
Amanda Amanda
Christina Christina
Rebecca Rebecca
Scott Scott
Mercedes Mercedes
Dylan Dylan
Wendy Wendy
Kayla Kayla
Edwin Edwin
Michelle Michelle
Stephen Stephen
Kristen Kristen
Brett Brett
Karen Karen
Ronnie Ronnie
Jill Jill
Sabrina Sabrina
Elizabeth Elizabeth
Tommy Tommy
James James
Juan Juan
Brittany Brittany
Kathy Kathy
Susan Susan
Monica Monica
Bryan Bryan
Jane Jane
Alexandra Alexandra
Grace Grace
April April
Nicholas Nicholas
Jennifer Jennifer
Jeremy Jeremy
Kyle Kyle
Tammy Tammy
Ashley Ashley
Jordan Jordan
Melinda Melinda
Rachel Rachel
Robin Robin
Randy Randy
