Austin Victoria Adam Jorge John Christopher Jennifer Brad Michele Brad Scott Paul Tracy Kirsten Tracy Dennis Steven Dennis Monique Dennis Kimberly Aaron Juan Jonathan Selena Mariah Laura Stacy Alexandria Natasha Henry Gina Michael Travis Brett Jonathan Cassandra Robert Susan Robert Jordan Scott Peter Brian Sandra Gregory Peter Donald Peter Janet Walter Carolyn Joshua Jody Carolyn Kelly Carolyn Walter Jennifer Jeanette Nicholas John Jorge Manuel Danielle Jared Patrick Jared Manuel Jorge Robin Daniel Debra Daniel Stephen Hannah Elizabeth Sean Jonathon Sarah Edward Miguel Edward Maxwell Tina Kari Amy Alex Eugene Elaine Luke Kyle Melissa Eugene Ralph Eugene Alex Rhonda Terry Isabel Glenda Isabel Terry Kari Arthur Ashley Katherine Paige Jill Paige Tina Jonathon Hannah Adam Jessica Garrett Morgan Rachel Garrett Jessica Christine Lauren Kristy David Thomas Kristy Eric Sara Matthew Sara James April Mark Sara Jamie Austin Melinda Austin
50
Victoria Victoria
John John
Debra Debra
Hannah Hannah
Elaine Elaine
Mariah Mariah
Eugene Eugene
Patrick Patrick
Joshua Joshua
Natasha Natasha
Walter Walter
Sara Sara
Gina Gina
Paul Paul
Daniel Daniel
Melissa Melissa
Kari Kari
Edward Edward
Jamie Jamie
Paige Paige
Robert Robert
Donald Donald
Janet Janet
Glenda Glenda
Amy Amy
Steven Steven
Maxwell Maxwell
Dennis Dennis
Danielle Danielle
Scott Scott
Michael Michael
Elizabeth Elizabeth
Sean Sean
Juan Juan
Rhonda Rhonda
Ralph Ralph
Garrett Garrett
Monique Monique
Alex Alex
Jonathan Jonathan
April April
Jennifer Jennifer
Cassandra Cassandra
Kyle Kyle
Ashley Ashley
Jordan Jordan
Melinda Melinda
Rachel Rachel
Robin Robin
Jeanette Jeanette
