Florges Masquerain Celesteela Snorlax Shaymin Snorlax Bewear Togetic Bewear Snorlax Celesteela Masquerain Drapion Poliwrath Drapion Charizard Drapion Genesect Kricketot Genesect Cottonee Dusknoir Cottonee Genesect Drapion Masquerain Florges Zoroark Zubat Manectric Zubat Zoroark Emboar Zoroark Klink Scrafty Klink Zoroark Florges Stufful Florges Vespiquen Weepinbell Persian Furfrou Arbok Furfrou Bayleef Bisharp Pidgey Sentret Purrloin Poliwag Purrloin Delibird Nuzleaf Nidoking Wailmer Primarina Wailmer Wormadam Wailmer Nidoking Audino Nidoking Nuzleaf Delibird Cascoon Caterpie Tentacruel Chansey Regice Pinsir Chansey Tentacruel Caterpie Dialga Pichu Silcoon Pichu Dialga Snorunt Dialga Minccino Dialga Caterpie Cascoon Delibird Purrloin Kricketune Infernape Lillipup Hakamoo Hoopa Moltres Gastrodon Moltres Hoopa Hippopotas Zweilous Hippopotas Cherrim Hippopotas Machoke Timburr Machoke Hippopotas Hoopa Hakamoo Palkia Roggenrola Yanmega Roggenrola Palkia Flaaffy Omastar Flaaffy Slugma Flaaffy Palkia Girafarig Serperior Girafarig Shieldon Zapdos Shieldon Girafarig Palkia Hakamoo Druddigon Hakamoo Buzzwole Volbeat Buzzwole Hakamoo Lillipup Infernape Weavile Infernape Bouffalant Palossand Bidoof Piloswine Eelektrik Typhlosion Eelektrik Piloswine Bidoof Giratina Bidoof Heracross Celebi Toxapex Ralts Toxapex Celebi Cofagrigus Celebi Espurr Celebi Bidoof Palossand Bouffalant Goomy Claydol Goomy Bouffalant Infernape Kricketune Sentret Cradily Sentret Hitmonlee Doublade Carracosta Luxray Tsareena Luxray Carracosta Aurorus Doublade Hitmonlee Sentret Pidgey Scolipede Bisharp Bayleef Furfrou Persian Vespiquen Florges Bergmite Florges
50
Cherrim Cherrim
Zapdos Zapdos
Zubat Zubat
Delibird Delibird
Ralts Ralts
Togetic Togetic
Manectric Manectric
Lillipup Lillipup
Dialga Dialga
Dusknoir Dusknoir
Persian Persian
Weepinbell Weepinbell
Volbeat Volbeat
Carracosta Carracosta
Shaymin Shaymin
Tentacruel Tentacruel
Moltres Moltres
Yanmega Yanmega
Wailmer Wailmer
Piloswine Piloswine
Bidoof Bidoof
Aurorus Aurorus
Purrloin Purrloin
Gastrodon Gastrodon
Timburr Timburr
Poliwag Poliwag
Machoke Machoke
Poliwrath Poliwrath
Sentret Sentret
Cascoon Cascoon
Bayleef Bayleef
Scolipede Scolipede
Regice Regice
Buzzwole Buzzwole
Celesteela Celesteela
Infernape Infernape
Kricketot Kricketot
Hitmonlee Hitmonlee
Bouffalant Bouffalant
Wormadam Wormadam
Hakamoo Hakamoo
Omastar Omastar
Girafarig Girafarig
Pichu Pichu
Primarina Primarina
Bergmite Bergmite
Bisharp Bisharp
Celebi Celebi
Tsareena Tsareena
Stufful Stufful
