Glameow Spheal Inkay Spheal Cacturne Wailord Regice Wailord Fennekin Turtwig Simisage Turtwig Fomantis Throh Glalie Throh Fomantis Aerodactyl Fomantis Mudbray Fomantis Turtwig Meganium Ivysaur Spiritomb Bergmite Gumshoos Bergmite Spiritomb Ivysaur Spinarak Ivysaur Starmie Wartortle Furret Electivire Archeops Electivire Furret Wartortle Starmie Ivysaur Zygarde Ledian Zygarde Ivysaur Gloom Ivysaur Meganium Gothita Meganium Swanna Meganium Turtwig Wailord Cacturne Weedle Poochyena Piplup Poochyena Weedle Cacturne Beheeyem Koffing Beheeyem Archen Beheeyem Golett Beheeyem Leavanny Araquanid Sigilyph Togepi Feebas Togepi Sigilyph Yanma Sigilyph Yamask Sigilyph Araquanid Leavanny Cacturne Spheal Gigalith Buneary Gigalith Spheal Gothorita Spheal Glameow Loudred Scraggy Camerupt Scraggy Loudred Glameow
25
Electivire Electivire
Spiritomb Spiritomb
Wailord Wailord
Gumshoos Gumshoos
Spinarak Spinarak
Ledian Ledian
Buneary Buneary
Bergmite Bergmite
Glalie Glalie
Zygarde Zygarde
Togepi Togepi
Piplup Piplup
Mudbray Mudbray
Yanma Yanma
Archeops Archeops
Meganium Meganium
Spheal Spheal
Furret Furret
Loudred Loudred
Gigalith Gigalith
Golett Golett
Gothorita Gothorita
Inkay Inkay
Beheeyem Beheeyem
Leavanny Leavanny
