Granbull PorygonZ Electrode Flygon Electrode PorygonZ Geodude Altaria Ampharos Kyurem Ampharos Altaria Bagon Charmander Bagon Altaria Sylveon Bonsly Sylveon Altaria Malamar Altaria Geodude PorygonZ Granbull Bulbasaur Reuniclus Metang Inkay Metang Magmar Noibat Magmar Blissey Magmar Metang Reuniclus Bulbasaur Ursaring Lycanroc Amoonguss Stunfisk Darkrai Sneasel Darkrai Stunfisk Amoonguss Magikarp Jirachi Magikarp Amoonguss Golbat Amoonguss Wailord Rotom Wailord Qwilfish Floette Qwilfish Wailord Lycanroc Raichu Lycanroc Gorebyss Mantine Carnivine Mantine Gorebyss Lucario Morelull Lucario Swanna Absol Tirtouga Absol Spewpa Absol Haxorus Absol Hitmontop Absol Lileep Rhyhorn Carbink Metagross Carbink Reshiram Carbink Rhyhorn Lileep Absol Swanna Conkeldurr Garchomp Conkeldurr Swanna Lucario Zigzagoon Buizel Jolteon Salandit Marshtomp Salandit Buizel Aipom Dustox Aipom Nuzleaf Staryu Flareon Heatmor Serperior Binacle Exeggcute Torracat Lapras Torracat Exeggcute Binacle Serperior Bergmite Regirock Bergmite Serperior Heatmor Larvesta Heatmor Flareon Goomy Flareon Staryu Machamp Happiny Magmortar Happiny Machamp Remoraid Machamp Staryu Deoxys Finneon Lunala Kirlia Unown Relicanth Unown Kirlia Whimsicott Ferrothorn Machop Ferrothorn Whimsicott Lunala Finneon Deoxys Staryu Aipom Buizel Kommoo Buizel Zigzagoon Drilbur Zigzagoon Lucario Stoutland Lucario Floatzel Lucario Gorebyss Heliolisk Heatran Heliolisk Furret Tyrunt Sentret Probopass Fletchling Purrloin Luvdisc Purrloin Fletchling Cubone Butterfree Beedrill Butterfree Cubone TypeNull Cubone Fletchling Probopass Electivire Probopass Sentret Cradily Sentret Tyrunt Charizard Zebstrika Charizard Volcanion Cyndaquil Corsola Budew Grumpig Budew Corsola Cyndaquil Volcanion Gulpin Volcanion Infernape Volcanion Charizard Tyrunt Mightyena Skrelp Dragonair Skrelp Glalie Mimikyu Glalie Skrelp Mightyena Bronzor Roserade Bronzor Mightyena Tyrunt Furret Heliolisk Chespin Illumise Torchic Illumise Whismur Deino Swadloon Caterpie Bidoof Ivysaur Bidoof Politoed Klang Raikou Mudkip Lotad Mudkip Raikou Chatot Slakoth Ninjask Slakoth Chatot Klang Politoed Bidoof Caterpie Swadloon Electrike Milotic Kangaskhan Milotic Deino Whismur Illumise Chespin Octillery Chespin Eelektrik Spearow Spiritomb Mawile Spinda Linoone Manaphy Gliscor Manaphy Linoone Spinda Mawile Glaceon Shellder Glaceon Lickilicky Glaceon Hoppip Glaceon Skitty Glaceon Mawile Trumbeak Furfrou Castform Roselia Castform Volcarona Castform Elekid Pancham Mudsdale Greninja Tsareena Staravia Feraligatr Staravia Tsareena Masquerain Cosmog Smeargle Azurill Crawdaunt Azurill Krookodile Cascoon Rapidash Munna Rapidash Krookodile Corphish Smeargle Alomomola Smeargle Cosmog Masquerain Tsareena Greninja Oshawott Cinccino Eelektross Cinccino Oshawott Patrat Oshawott Greninja Torkoal Greninja Mudsdale Pidgeot Dwebble Pidgeot Mudsdale Pancham Vivillon Pancham Elekid Furfrou Trumbeak Mawile Eelektrik Whiscash Quilava Rufflet Arbok Rufflet Lampent Rufflet Crabominable Quilava Whiscash Rockruff Dusknoir Whiscash Porygon Whiscash Eelektrik Chespin Metapod Parasect Lombre Diggersby Lombre Parasect Chespin Heliolisk Gorebyss Lycanroc Ursaring Bulbasaur Typhlosion Chinchou Typhlosion Bulbasaur Granbull
100
Tsareena Tsareena
Absol Absol
Unown Unown
Roserade Roserade
Dustox Dustox
Heatran Heatran
Butterfree Butterfree
Ampharos Ampharos
Spiritomb Spiritomb
Torchic Torchic
Cosmog Cosmog
Arbok Arbok
Cascoon Cascoon
Torracat Torracat
Chinchou Chinchou
Crawdaunt Crawdaunt
Slakoth Slakoth
Mimikyu Mimikyu
Happiny Happiny
Quilava Quilava
Kangaskhan Kangaskhan
Rockruff Rockruff
Bonsly Bonsly
Grumpig Grumpig
Spinda Spinda
Cinccino Cinccino
Budew Budew
Sylveon Sylveon
Mawile Mawile
Beedrill Beedrill
Lampent Lampent
Greninja Greninja
Malamar Malamar
Buizel Buizel
Jolteon Jolteon
Mantine Mantine
Charizard Charizard
Gliscor Gliscor
Binacle Binacle
Raichu Raichu
Relicanth Relicanth
Cubone Cubone
Krookodile Krookodile
Heatmor Heatmor
Swanna Swanna
Diggersby Diggersby
Whiscash Whiscash
Metagross Metagross
TypeNull TypeNull
Whimsicott Whimsicott
Lycanroc Lycanroc
Mightyena Mightyena
Floette Floette
Jirachi Jirachi
Mudsdale Mudsdale
Darkrai Darkrai
Reuniclus Reuniclus
Remoraid Remoraid
Magmar Magmar
Rufflet Rufflet
Reshiram Reshiram
Crabominable Crabominable
Machamp Machamp
Charmander Charmander
Electrode Electrode
Serperior Serperior
Golbat Golbat
Infernape Infernape
Hitmontop Hitmontop
Trumbeak Trumbeak
Flygon Flygon
Bronzor Bronzor
Bergmite Bergmite
Torkoal Torkoal
Goomy Goomy
Metapod Metapod
Corphish Corphish
Probopass Probopass
Carnivine Carnivine
Lapras Lapras
Pidgeot Pidgeot
Carbink Carbink
Exeggcute Exeggcute
Magmortar Magmortar
Electrike Electrike
Lileep Lileep
Ninjask Ninjask
PorygonZ PorygonZ
Feraligatr Feraligatr
Floatzel Floatzel
Glalie Glalie
Deoxys Deoxys
Chespin Chespin
Luvdisc Luvdisc
Blissey Blissey
Vivillon Vivillon
Chatot Chatot
Nuzleaf Nuzleaf
Typhlosion Typhlosion
Skitty Skitty
