19 21 3 39 1 39 2 16 2 39 13 18 13 51 11 14 30 20 30 22 30 60 30 14 57 56 5 56 47 56 77 42 77 46 56 57 14 67 14 11 71 23 52 68 85 26 0 10 45 40 45 75 45 10 0 26 97 54 29 54 49 54 97 26 85 68 88 9 35 87 35 9 50 9 80 36 17 12 31 27 31 65 63 82 24 83 24 82 63 65 31 12 34 12 73 72 73 12 78 86 66 70 66 86 78 12 17 96 17 36 80 9 92 9 88 95 33 8 69 4 69 53 69 8 33 15 33 62 99 62 33 90 94 38 59 58 25 58 55 58 59 94 90 33 95 68 52 23 71 89 76 89 71 11 51 13 39 32 39 3 64 37 64 44 43 7 6 41 28 41 79 74 98 81 98 74 79 41 7 93 91 61 84 61 91 93 7 43 44 64 3 21 19 48 19
50
0 0
1 1
5 5
7 7
9 9
10 10
11 11
12 12
13 13
15 15
17 17
23 23
24 24
25 25
26 26
28 28
29 29
32 32
33 33
34 34
35 35
36 36
39 39
40 40
41 41
43 43
44 44
45 45
46 46
50 50
51 51
53 53
54 54
55 55
58 58
59 59
60 60
61 61
63 63
65 65
70 70
72 72
76 76
80 80
85 85
88 88
90 90
92 92
95 95
99 99
