0 52 115 182 115 198 9 12 34 12 9 88 120 31 60 141 4 141 30 141 154 141 155 42 132 61 132 42 155 140 95 155 165 89 62 89 60 31 138 32 186 138 50 138 31 164 196 31 120 198 76 198 187 64 187 108 18 173 191 173 18 193 136 113 121 23 121 49 21 92 10 92 190 92 21 49 124 49 121 102 113 123 53 123 185 113 169 193 18 86 108 139 2 111 2 139 198 192 198 115 52 0 68 66 68 83 75 130 93 174 101 25 91 25 101 84 101 174 150 174 93 194 94 79 94 127 109 176 117 160 6 153 55 11 56 11 171 163 171 11 55 44 55 72 39 72 41 74 144 41 188 72 97 105 153 181 152 118 134 118 152 181 153 6 195 133 195 6 117 168 117 176 109 127 172 183 87 90 146 87 180 14 8 14 51 40 14 129 36 82 147 59 147 82 36 125 116 125 36 129 14 148 99 96 57 19 24 70 45 137 161 29 161 137 45 19 57 99 69 87 172 127 75 83 68 126 20 126 37 13 67 7 122 35 122 162 122 166 122 7 67 13 37 126 107 126 68 128 5 26 5 80 0 158 143 158 175 33 175 179 103 27 103 114 1 38 131 16 17 22 17 28 17 151 98 135 3 135 104 135 106 135 98 16 119 16 131 73 177 157 63 47 54 47 77 47 170 47 63 81 63 157 110 43 110 199 112 178 112 199 197 199 110 157 149 48 149 145 65 149 157 177 73 189 58 131 78 131 1 85 71 85 167 15 46 15 167 142 85 114 103 159 103 184 100 184 103 179 156 179 175 158 0
100
140 140
131 131
62 62
176 176
80 80
111 111
180 180
9 9
67 67
144 144
31 31
11 11
109 109
162 162
13 13
50 50
126 126
83 83
117 117
97 97
52 52
23 23
166 166
10 10
27 27
128 128
59 59
82 82
16 16
4 4
195 195
199 199
30 30
137 137
136 136
147 147
45 45
171 171
66 66
116 116
143 143
145 145
98 98
69 69
160 160
114 114
177 177
42 42
139 139
46 46
87 87
168 168
91 91
70 70
179 179
181 181
189 189
105 105
157 157
84 84
102 102
183 183
138 138
152 152
72 72
196 196
19 19
106 106
134 134
81 81
34 34
108 108
48 48
185 185
184 184
53 53
36 36
122 122
88 88
121 121
130 130
55 55
103 103
20 20
125 125
76 76
63 63
75 75
149 149
174 174
156 156
26 26
35 35
40 40
74 74
198 198
85 85
151 151
197 197
17 17
