0 16 13 32 37 32 71 32 0 43 23 43 29 54 14 55 4 55 14 54 64 22 61 12 61 90 38 90 61 22 64 54 29 77 31 15 3 15 45 28 96 53 2 73 11 83 75 1 42 7 86 42 98 42 1 97 1 75 44 82 44 92 68 79 68 92 44 75 83 18 60 24 41 24 94 53 70 53 31 40 87 50 21 49 48 6 33 6 59 47 10 47 20 47 59 6 69 58 69 49 78 19 30 35 51 35 30 62 30 67 36 67 88 91 88 67 78 49 21 50 65 95 65 50 87 31 77 29 43 39 99 27 9 57 9 80 17 52 17 80 34 63 85 34 66 76 25 76 46 5 93 46 76 72 26 72 56 72 76 74 8 74 76 9 27 99 39 43 0 81 84 81 0 89 0
50
24 24
42 42
26 26
94 94
52 52
40 40
83 83
96 96
23 23
27 27
10 10
60 60
93 93
9 9
90 90
61 61
11 11
0 0
51 51
78 78
55 55
21 21
46 46
13 13
89 89
57 57
88 88
99 99
17 17
7 7
67 67
18 18
65 65
20 20
58 58
32 32
71 71
3 3
8 8
62 62
43 43
15 15
72 72
95 95
35 35
4 4
38 38
37 37
98 98
45 45
