0 37 54 39 9 23 5 23 11 74 13 74 77 74 11 25 4 38 82 60 99 60 82 17 96 93 96 97 44 71 63 29 19 1 41 1 28 1 19 29 92 49 92 67 30 10 87 8 90 8 87 29 33 29 15 29 63 66 40 57 61 21 50 21 61 34 94 34 14 34 61 57 40 58 91 58 40 66 63 71 52 71 20 44 31 44 97 96 36 43 6 85 6 43 95 70 95 43 96 17 59 78 51 18 76 18 81 48 98 48 32 48 81 18 51 64 2 69 2 64 46 26 45 26 79 26 46 64 51 78 59 17 35 75 80 72 27 72 22 68 22 72 80 75 35 17 56 73 53 73 56 17 42 17 82 38 7 38 55 38 24 38 11 83 47 83 11 23 62 23 86 16 12 65 89 65 12 16 3 84 3 86 23 9 88 9 39 54 0
49
63 63
46 46
30 30
28 28
60 60
27 27
39 39
53 53
90 90
35 35
11 11
8 8
74 74
71 71
43 43
81 81
50 50
88 88
95 95
40 40
31 31
64 64
84 84
76 76
68 68
97 97
73 73
23 23
38 38
80 80
9 9
61 61
6 6
85 85
16 16
92 92
47 47
2 2
45 45
56 56
83 83
86 86
82 82
65 65
91 91
48 48
58 58
96 96
66 66
