1 16 90 16 160 16 1 68 8 12 166 12 8 30 112 30 8 68 1 98 52 98 53 100 0 22 35 26 35 37 81 48 81 37 101 37 143 37 57 79 78 79 105 79 57 94 57 96 57 35 22 76 59 121 59 76 80 76 22 111 22 0 120 0 156 0 162 0 169 100 2 110 2 139 2 154 2 173 2 190 100 3 133 100 4 49 119 49 193 100 5 171 100 6 11 23 73 34 179 34 73 23 92 67 194 67 92 126 92 23 11 6 77 6 159 6 161 100 7 43 103 43 117 43 147 43 7 83 17 177 17 198 17 83 7 184 100 9 170 100 10 100 13 116 100 14 164 100 15 65 100 18 47 102 47 129 47 18 115 100 19 88 19 128 19 132 100 20 100 21 122 21 141 21 158 100 24 100 25 93 69 100 27 29 95 32 163 32 95 29 27 40 63 41 113 41 63 40 135 40 191 40 27 50 39 55 127 55 165 55 39 74 39 131 39 178 39 50 118 50 123 50 151 50 27 125 100 28 100 31 187 100 33 66 33 72 100 36 100 38 100 42 100 44 175 100 45 196 45 197 100 46 137 100 51 150 100 54 75 54 145 54 146 100 56 100 58 100 60 106 60 134 100 61 100 62 142 100 64 140 100 70 86 100 71 100 82 87 100 84 124 100 85 100 89 186 89 189 100 91 157 91 176 100 97 99 100 104 100 108 100 109 100 114 100 136 100 138 100 144 100 148 100 149 100 152 100 153 100 155 100 167 100 168 100 172 100 174 100 180 100 181 100 182 100 183 100 185 100 188 100 192 100 195 100 199 100 107 1 130 1
100
174 174
189 189
1 1
177 177
119 119
86 86
192 192
76 76
54 54
45 45
136 136
74 74
127 127
157 157
89 89
80 80
141 141
183 183
117 117
31 31
131 131
105 105
155 155
21 21
3 3
125 125
49 49
82 82
164 164
38 38
68 68
113 113
83 83
195 195
159 159
188 188
153 153
186 186
29 29
163 163
24 24
160 160
12 12
115 115
59 59
0 0
93 93
124 124
57 57
28 28
84 84
27 27
138 138
134 134
77 77
43 43
178 178
19 19
50 50
16 16
121 121
15 15
56 56
175 175
148 148
88 88
30 30
60 60
44 44
26 26
129 129
10 10
97 97
55 55
182 182
99 99
36 36
8 8
199 199
158 158
142 142
25 25
22 22
18 18
137 137
194 194
101 101
191 191
32 32
172 172
111 111
35 35
171 171
151 151
63 63
150 150
193 193
180 180
170 170
196 196
