1 50 0 30 27 75 27 89 27 30 0 36 9 63 9 73 9 85 9 36 32 36 0 62 50 2 22 77 22 2 43 80 43 2 72 2 93 2 97 2 99 50 3 70 50 4 25 69 25 4 49 4 78 4 94 50 5 15 58 15 5 21 12 44 12 21 88 21 5 28 91 50 6 31 54 31 96 31 6 65 50 7 10 59 10 87 10 7 86 50 8 13 16 18 16 46 16 52 16 57 16 13 47 13 67 13 8 53 50 11 50 14 50 17 81 50 19 56 50 20 39 20 42 34 41 34 42 20 71 50 23 38 23 95 50 24 37 51 50 26 55 26 68 50 29 50 33 45 33 90 50 35 50 40 50 48 83 50 60 50 61 50 64 50 66 50 74 50 76 50 79 50 82 50 84 50 92 50 98 50 1
50
31 31
38 38
58 58
46 46
83 83
87 87
99 99
40 40
33 33
0 0
67 67
29 29
81 81
84 84
79 79
97 97
78 78
74 74
61 61
62 62
86 86
49 49
21 21
4 4
64 64
35 35
19 19
85 85
54 54
37 37
93 93
91 91
28 28
18 18
44 44
5 5
80 80
2 2
92 92
42 42
65 65
32 32
66 66
63 63
20 20
71 71
17 17
51 51
8 8
95 95
