21 152 111 144 74 75 100 75 74 136 69 66 67 66 145 66 162 66 69 136 74 160 17 77 17 158 17 160 23 79 48 19 48 47 86 47 116 133 116 47 48 79 23 191 151 141 151 150 42 41 11 41 44 12 13 12 44 41 42 182 121 182 42 150 53 54 53 150 85 107 85 150 110 43 4 26 72 187 112 187 72 26 190 26 4 58 4 108 167 166 28 166 167 108 170 117 118 117 170 108 4 43 27 101 8 7 8 9 120 51 120 9 8 32 8 96 8 101 64 22 64 40 176 109 106 90 106 105 104 103 104 105 114 183 114 105 128 105 106 109 176 146 176 148 102 148 197 50 49 50 78 10 78 50 197 95 195 95 197 163 197 148 176 40 64 101 92 91 178 63 71 63 83 63 178 179 25 165 25 179 161 179 178 91 92 101 194 193 194 101 198 18 198 199 200 199 198 101 27 43 73 43 110 124 123 122 130 131 130 122 123 124 125 115 119 39 52 184 52 39 119 159 119 115 125 137 125 124 189 37 36 35 76 31 24 1 2 3 2 1 139 138 34 129 34 138 139 142 99 142 149 142 139 168 169 57 56 62 56 57 169 168 139 1 24 46 24 31 113 81 113 171 15 5 15 171 82 177 82 171 113 188 134 181 6 33 155 33 186 185 55 185 143 140 147 140 143 157 143 185 186 33 6 174 6 181 180 126 16 126 127 14 80 14 127 126 196 98 196 126 180 181 134 188 135 188 113 31 76 70 76 35 154 20 154 29 30 29 154 35 36 97 68 84 60 59 60 61 132 61 60 84 68 97 36 37 38 87 38 37 189 164 189 124 110 150 151 175 65 175 88 94 88 175 151 191 192 191 23 160 74 144 111 152 153 172 173 172 153 152 21 156 45 156 93 89 93 156 21
99
1 1
3 3
5 5
7 7
9 9
11 11
13 13
15 15
17 17
19 19
21 21
23 23
25 25
27 27
29 29
31 31
33 33
35 35
37 37
39 39
41 41
43 43
45 45
47 47
49 49
51 51
53 53
55 55
57 57
59 59
61 61
63 63
65 65
67 67
69 69
71 71
73 73
75 75
77 77
79 79
81 81
83 83
85 85
87 87
89 89
91 91
93 93
95 95
97 97
99 99
101 101
103 103
105 105
107 107
109 109
111 111
113 113
115 115
117 117
119 119
121 121
123 123
125 125
127 127
129 129
131 131
133 133
135 135
137 137
139 139
141 141
143 143
145 145
147 147
149 149
151 151
153 153
155 155
157 157
159 159
161 161
163 163
165 165
167 167
169 169
171 171
173 173
175 175
177 177
179 179
181 181
183 183
185 185
187 187
189 189
191 191
193 193
195 195
197 197
