74 72 80 79 71 75 18 11 12 14 15 17 16 13 20 19 18 38 21 26 29 28 24 25 23 27 25 24 30 22 24 21 38 31 39 36 35 37 34 32 36 40 33 38 46 2 5 1 7 9 4 3 8 6 10 2 151 155 157 153 158 159 152 154 160 156 157 151 46 50 44 41 43 42 47 45 48 49 46 58 53 55 56 52 60 51 54 57 59 58 63 70 65 66 62 64 68 61 67 65 70 69 63 87 89 82 81 88 83 85 89 86 84 90 86 87 98 95 99 96 92 91 93 97 94 100 98 102 104 107 101 103 108 105 109 110 106 102 118 116 111 114 117 120 115 119 113 112 118 121 129 128 130 122 127 123 127 125 124 126 121 132 136 138 133 139 135 140 131 137 134 132 141 148 150 146 147 144 143 142 141 149 145 141 169 165 167 166 167 170 162 161 163 164 168 165 169 172 171 173 177 178 175 176 179 180 174 172 182 184 183 181 188 185 186 189 190 187 182 192 200 194 193 196 198 199 191 198 197 195 192 75 77 76 73 78 80 72 74
100
148 148
86 86
50 50
77 77
146 146
135 135
47 47
167 167
52 52
81 81
54 54
25 25
96 96
31 31
199 199
55 55
41 41
191 191
156 156
28 28
197 197
116 116
179 179
89 89
6 6
11 11
126 126
137 137
161 161
26 26
39 39
69 69
14 14
192 192
131 131
57 57
30 30
128 128
37 37
151 151
76 76
139 139
165 165
113 113
166 166
80 80
111 111
185 185
114 114
13 13
8 8
160 160
178 178
2 2
136 136
118 118
175 175
104 104
172 172
62 62
164 164
73 73
70 70
19 19
58 58
85 85
36 36
189 189
68 68
23 23
168 168
174 174
83 83
163 163
180 180
145 145
88 88
141 141
61 61
59 59
153 153
38 38
35 35
122 122
46 46
157 157
142 142
16 16
53 53
29 29
99 99
119 119
74 74
169 169
198 198
82 82
32 32
66 66
140 140
75 75
