1 3 29 3 30 4 19 55 19 4 21 4 35 9 68 10 68 9 72 44 67 44 72 9 35 4 56 4 30 6 30 15 30 38 14 16 7 16 73 16 90 16 14 17 45 63 45 17 14 62 20 37 20 47 26 48 26 47 32 47 62 43 62 14 38 65 38 77 38 30 39 5 28 5 49 50 49 66 51 66 49 5 61 5 70 8 11 71 2 71 11 52 8 82 8 70 86 70 5 39 75 42 64 74 64 42 75 39 30 40 30 3 59 12 36 12 59 3 1 13 22 23 34 25 80 25 34 27 83 27 89 27 34 76 34 23 78 23 22 33 22 41 22 46 24 31 69 54 69 31 24 53 60 24 81 87 81 24 88 24 46 85 46 57 79 18 79 57 22 13 1 58 1 84 1
50
41 41
42 42
43 43
44 44
45 45
46 46
47 47
48 48
49 49
50 50
51 51
52 52
53 53
54 54
55 55
56 56
57 57
58 58
59 59
60 60
61 61
62 62
63 63
64 64
65 65
66 66
67 67
68 68
69 69
70 70
71 71
72 72
73 73
74 74
75 75
76 76
77 77
78 78
79 79
80 80
81 81
82 82
83 83
84 84
85 85
86 86
87 87
88 88
89 89
90 90
