0 91 7 91 11 10 13 50 14 41 50 48 32 48 50 52 95 62 83 79 39 12 70 81 29 39 35 49 39 68 94 28 15 63 28 91 30 59 6 40 24 6 42 18 6 44 57 61 75 64 69 59 43 9 23 53 59 71 59 77 16 19 54 36 16 47 51 20 93 96 51 16 60 67 76 82 45 82 97 82 16 86 37 86 80 55 80 73 84 88 38 46 56 26 56 58 85 1 8 21 92 4 25 2 87 98 34 98 78 33 66 56 89 17 5 17 99 77 72 74 22 77 90 3 90 27 31 65 0
50
1 1
2 2
3 3
4 4
5 5
6 6
7 7
8 8
9 9
10 10
11 11
12 12
13 13
14 14
15 15
16 16
17 17
18 18
19 19
20 20
21 21
22 22
23 23
24 24
25 25
26 26
27 27
28 28
29 29
30 30
31 31
32 32
33 33
34 34
35 35
36 36
37 37
38 38
39 39
40 40
41 41
42 42
43 43
44 44
45 45
46 46
47 47
48 48
49 49
50 50
