0 20 0 35 36 5 26 60 72 82 36 100 161 36 162 190 191 36 197 48 0 70 53 108 178 63 182 73 80 117 80 0 86 99 113 155 86 188 189 87 90 4 90 11 28 90 34 90 38 41 54 90 110 90 131 90 167 90 175 90 179 198 92 9 92 65 79 132 141 92 172 92 173 176 0 97 77 104 0 111 157 111 192 111 0 142 49 142 50 109 143 18 153 143 57 171 185 143 88 143 101 114 76 143 148 0 168 2 75 115 147 168 19 10 14 42 19 44 93 106 160 105 112 137 144 149 156 158 177 22 136 168 24 1 24 21 61 125 130 140 24 168 30 13 46 40 45 47 40 134 66 12 66 39 71 66 193 168 83 168 102 16 102 29 32 102 33 37 52 102 56 94 123 43 123 68 123 85 91 184 123 102 124 128 145 102 152 164 102 165 168 103 116 168 121 127 58 127 133 8 133 15 118 133 74 129 199 138 154 3 154 17 25 62 151 64 154 81 119 154 186 187 55 120 168 163 27 78 27 59 163 67 122 126 139 163 196 163 166 6 31 168 174 51 89 95 96 174 170 180 181 84 181 135 159 169 181 168 183 194 7 23 194 98 194 107 146 168 195 69 150 195 0
100
1 1
2 2
3 3
4 4
5 5
6 6
7 7
8 8
9 9
10 10
11 11
12 12
13 13
14 14
15 15
16 16
17 17
18 18
19 19
20 20
21 21
22 22
23 23
24 24
25 25
26 26
27 27
28 28
29 29
30 30
31 31
32 32
33 33
34 34
35 35
36 36
37 37
38 38
39 39
40 40
41 41
42 42
43 43
44 44
45 45
46 46
47 47
48 48
49 49
50 50
51 51
52 52
53 53
54 54
55 55
56 56
57 57
58 58
59 59
60 60
61 61
62 62
63 63
64 64
65 65
66 66
67 67
68 68
69 69
70 70
71 71
72 72
73 73
74 74
75 75
76 76
77 77
78 78
79 79
80 80
81 81
82 82
83 83
84 84
85 85
86 86
87 87
88 88
89 89
90 90
91 91
92 92
93 93
94 94
95 95
96 96
97 97
98 98
99 99
100 100
