101 107 167 116 130 113 136 134 109 134 169 102 194 138 118 124 137 125 112 144 188 148 137 118 157 185 187 126 104 126 151 149 100 0 1 4 7 2 5 8 6 9 3 0 100 50 51 55 54 59 53 52 41 44 46 45 42 48 40 47 43 49 41 52 56 58 57 50 100 99 92 90 94 96 91 98 95 83 81 80 88 79 70 75 37 30 31 33 34 36 38 39 35 32 37 75 78 74 20 23 26 28 21 27 25 22 24 28 65 66 60 62 61 67 64 68 17 13 10 14 12 16 11 18 15 19 17 68 69 63 65 28 29 20 74 71 77 76 72 73 79 88 82 84 86 85 87 89 83 95 97 93 99 100 111 122 111 127 142 105 142 152 165 132 165 111 186 133 114 121 191 158 108 160 108 184 129 115 184 182 176 120 178 162 168 135 183 103 177 145 123 170 181 197 154 194 166 161 128 189 161 153 140 175 159 193 146 156 150 199 117 199 143 110 179 180 199 192 172 192 199 196 136 141 106 190 141 173 171 198 164 155 163 139 174 147 131 119 195 101
100
0 0
1 1
2 2
3 3
4 4
5 5
6 6
7 7
8 8
9 9
10 10
11 11
12 12
13 13
14 14
15 15
16 16
17 17
18 18
19 19
20 20
21 21
22 22
23 23
24 24
25 25
26 26
27 27
28 28
29 29
30 30
31 31
32 32
33 33
34 34
35 35
36 36
37 37
38 38
39 39
40 40
41 41
42 42
43 43
44 44
45 45
46 46
47 47
48 48
49 49
50 50
51 51
52 52
53 53
54 54
55 55
56 56
57 57
58 58
59 59
60 60
61 61
62 62
63 63
64 64
65 65
66 66
67 67
68 68
69 69
70 70
71 71
72 72
73 73
74 74
75 75
76 76
77 77
78 78
79 79
80 80
81 81
82 82
83 83
84 84
85 85
86 86
87 87
88 88
89 89
90 90
91 91
92 92
93 93
94 94
95 95
96 96
97 97
98 98
99 99
