51 60 54 63 88 56 79 86 71 98 99 70 52 97 55 91 95 58 69 96 84 68 90 82 67 59 90 96 87 53 83 76 70 92 62 92 78 92 94 99 73 72 93 50 0 3 1 2 5 4 6 7 8 10 11 23 21 26 22 24 27 25 23 11 12 13 8 14 16 15 17 18 47 45 31 34 32 30 28 29 33 31 45 42 44 48 43 46 47 18 20 19 14 8 9 7 6 0 50 35 40 39 38 36 41 37 35 50 49 50 75 80 65 61 57 74 77 66 81 64 85 61 89 51
50
0 0
1 1
2 2
3 3
4 4
5 5
6 6
7 7
8 8
9 9
10 10
11 11
12 12
13 13
14 14
15 15
16 16
17 17
18 18
19 19
20 20
21 21
22 22
23 23
24 24
25 25
26 26
27 27
28 28
29 29
30 30
31 31
32 32
33 33
34 34
35 35
36 36
37 37
38 38
39 39
40 40
41 41
42 42
43 43
44 44
45 45
46 46
47 47
48 48
49 49
