Soda Cambodia Soda China Kenya Kuwait Spain Maldives Croatia Sint Equatorial Sint Croatia Maldives Cabo Maldives Kuwait Eritrea Kuwait Kenya Philippines Kenya Moldova Latvia Moldova Kenya Czech New Czech Burkina Seychelles Jersey Cameroon Macao Australia Macao Cameroon Montenegro Cameroon Israel Jersey Belgium Seychelles Congo Heard Guatemala Heard Sao Macedonia Sao Christmas Gambia Qatar Barbados Albania Niue Poland Bouvet Poland Bonaire Poland South Poland Niue Albania Nauru Bahrain Chile Namibia Botswana Namibia Chile Bahrain Romania Djibouti Finland Djibouti Bahrain Comoros Georgia Comoros Myanmar Iceland San Iceland Holy Monaco Holy Guyana Slovakia Faroe Slovakia Guyana Korea British Korea Guyana Colombia Bermuda Colombia Somalia Colombia Guadeloupe Republic Dominican Haiti Palestine Haiti Dominican Republic Algeria Republic Svalbard Bolivia Svalbard Republic Liberia Aruba Liberia Oman Isle Serbia Isle Oman Liberia Armenia Grenada Bangladesh Grenada Nicaragua Grenada Liberia Republic Guadeloupe Colombia Guyana Holy Myanmar Paraguay Libya Ghana Hong Palau Peru Brazil Norway Belize Norway Kazakhstan Norway Brazil Peru Palau Hong Anguilla Iran Hong Libya Pakistan Azerbaijan Cuba Paraguay Myanmar Comoros Bahrain Nauru Pitcairn Nauru Albania Austria Albania Denmark Greenland Saudi Greenland Denmark Sri Portugal Sri Sudan Japan El Cayman Russian Cayman Papua Norfolk Canada Panama Mali Panama Canada Nepal Canada Norfolk Rwanda Norfolk Papua Micronesia Papua Cayman El Greece El Japan Sudan Suriname Sudan Sri Denmark Barbados Qatar Virgin France Virgin Qatar Honduras Qatar Gambia Bosnia Angola Bosnia Madagascar Bosnia Christmas Sao Heard Singapore Mongolia Singapore Lebanon Samoa Swaziland Samoa Cook Lebanon Marshall Lebanon Singapore Heard Congo Afghanistan Congo Falkland Malawi Belarus Sierra Belarus Malawi Falkland Lao Benin India Cyprus Benin Liechtenstein Slovenia Liechtenstein Benin Italy Mauritius Hungary Mauritius Italy Estonia Iraq Gabon Iraq Estonia Solomon United Niger Mozambique Nigeria Mozambique Puerto Bulgaria Jamaica Bulgaria Puerto Cocos Dominica French Guinea Andorra Jordan Andorra Guinea Indonesia Guinea French Montserrat Guam Montserrat Central Montserrat Guernsey Kiribati Guernsey Montserrat French Dominica Cocos Gibraltar Lithuania Antarctica Brunei Antarctica Lithuania Gibraltar Cocos Morocco Martinique Morocco Ecuador Burundi Morocco Cocos Malta Antigua Malta Cocos Puerto Mozambique Niger Kyrgyzstan Mayotte Saint Costa Bahamas Mexico Mauritania Mexico Bahamas Costa American Costa Germany Malaysia Germany Fiji Netherlands Fiji Germany Costa Saint Mayotte Ireland Chad Ireland Mayotte Niger United Solomon Estonia Italy Benin Lao Lesotho Lao Falkland Congo Luxembourg Argentina Northern Argentina Luxembourg Bhutan Ethiopia Luxembourg Congo Senegal Egypt Congo Seychelles Burkina Czech Kenya China Soda
50
United United
Burundi Burundi
Japan Japan
Pakistan Pakistan
Fiji Fiji
Lao Lao
Singapore Singapore
Nigeria Nigeria
Luxembourg Luxembourg
Burkina Burkina
Croatia Croatia
Lebanon Lebanon
Northern Northern
Korea Korea
Sao Sao
Niger Niger
Hong Hong
Mayotte Mayotte
Malawi Malawi
Sint Sint
Jamaica Jamaica
Netherlands Netherlands
Indonesia Indonesia
Rwanda Rwanda
Liberia Liberia
Latvia Latvia
Bahamas Bahamas
Kyrgyzstan Kyrgyzstan
Moldova Moldova
Republic Republic
Congo Congo
Pitcairn Pitcairn
Belize Belize
British British
Cambodia Cambodia
Algeria Algeria
Iraq Iraq
Finland Finland
Palau Palau
Ireland Ireland
Saint Saint
Kiribati Kiribati
Mexico Mexico
Aruba Aruba
New New
Macao Macao
Albania Albania
Egypt Egypt
Antigua Antigua
Argentina Argentina
