Soda Canada Austria Canada Iceland India Bosnia Bouvet Bosnia India Iceland Heard British China El Croatia Cuba Chad Cuba American Cuba Croatia El British Haiti Ethiopia Haiti French Haiti British Heard Iceland Denmark Dominican Denmark Holy Ghana Angola Anguilla Angola Ghana Holy Denmark Hong Aruba Central France Bahrain France Central Aruba Germany Bahamas Barbados Andorra Burkina Guam Gambia Guam Guyana Chile Bonaire Chile Guyana Burkina Andorra Barbados Falkland Colombia Afghanistan Gabon Afghanistan Colombia Burundi Colombia Falkland Virgin Armenia Virgin Cayman Virgin Bahamas Aruba Hong Guatemala Hong Albania Hong Denmark Algeria Antigua Bulgaria Benin Cook Benin Bulgaria Guinea Bulgaria Cabo Guadeloupe Estonia Guadeloupe Cabo Antarctica Guernsey Equatorial Guernsey Bhutan Brunei Greenland Brunei Costa Cambodia Costa Georgia United Azerbaijan Faroe Azerbaijan Botswana Azerbaijan United Dominica Brazil Fiji Argentina Grenada Cocos Cameroon Cocos Fiji Bolivia Fiji Bermuda Fiji Hungary Fiji Brazil Georgia Costa Greece Djibouti Australia Belgium Australia Czech Australia Djibouti Christmas Belize Christmas Djibouti Greece Eritrea Greece Costa Brunei Bhutan Egypt Finland Egypt Ecuador Belarus Cyprus Belarus Egypt Bhutan Guernsey Antarctica Honduras Indonesia Comoros Congo Bangladesh Comoros Indonesia Honduras Gibraltar Honduras Antarctica Bulgaria Antigua Algeria Iceland Canada Soda
25
Denmark Denmark
Angola Angola
Comoros Comoros
Botswana Botswana
Belize Belize
Antigua Antigua
Cocos Cocos
Cayman Cayman
Guadeloupe Guadeloupe
Guam Guam
United United
Bouvet Bouvet
Colombia Colombia
Egypt Egypt
Australia Australia
Austria Austria
Argentina Argentina
Aruba Aruba
Bermuda Bermuda
Cambodia Cambodia
Fiji Fiji
China China
Guyana Guyana
Czech Czech
Central Central
