1 30 3 82 10 21 16 25 71 95 33 74 11 6 40 107 51 47 109 68 4 102 78 83 5 52 2 96 94 106 58 23 92 34 22 100 85 26 38 99 116 12 15 61 17 54 45 63 28 55 80 77 113 84 111 44 117 70 42 48 69 112 59 97 57 7 91 90 75 39 9 31 13 81 115 37 120 104 101 114 98 66 73 72 93 27 32 89 19 35 88 110 14 41 65 46 79 56 20 76 86 29 105 118 24 119 87 36 103 18 8 50 53 60 43 49 108 62 64 67 1
70
10 10
11 11
12 12
13 13
14 14
15 15
16 16
17 17
18 18
19 19
20 20
21 21
22 22
23 23
24 24
25 25
26 26
27 27
28 28
29 29
30 30
31 31
32 32
33 33
34 34
35 35
36 36
37 37
38 38
39 39
40 40
41 41
42 42
43 43
44 44
45 45
46 46
47 47
48 48
49 49
50 50
51 51
52 52
53 53
54 54
55 55
56 56
57 57
58 58
59 59
60 60
61 61
62 62
63 63
64 64
65 65
66 66
67 67
68 68
69 69
70 70
71 71
72 72
73 73
74 74
75 75
76 76
77 77
78 78
79 79
