Essos Toffingburg Jakku Alethkar FogofLostSouls Prongdale SerpantsPass Netherfort SerpantsPass Prongdale TheSpine Endor TheSpine Prongdale Shadesmar MenoaTree Shadesmar Prongdale Beldenn Prongdale Sanlow Prongdale TheChumBucket Prongdale FogofLostSouls Millhagen Blagworth Millhagen FlourishBlotts Millhagen Westeros Millhagen BikiniBottom Millhagen CasterlyRock Millhagen Vroengard Millhagen FogofLostSouls Alethkar Vintas Alethkar Penketh Alethkar TheBoilingRock Alethkar WitheredHeath Alethkar Alagaesia Alethkar Eastborne Alethkar Arkham Alethkar Arcwallow Alethkar TheBurningPlains Alethkar Kinecardine Alethkar ShatteredPlains Alethkar Jakku ZhaoFu Snozgate ZhaoFu WesternAirTemple Winterfell WesternAirTemple Rohan WesternAirTemple CrystalCove WesternAirTemple Jakku EasternAirTemple Jakku Ramshorn HighGarden Accrington TheFae Urubaen Naboo MountOlympus Valyria Dragonstone Valyria MountOlympus MysticRuins MountOlympus CastleBlack MountOlympus Naboo ShriekingShack Naboo BubblegumKingdom Naboo Bobbingbourne Naboo Ademre Naboo Mirkwood Naboo Urubaen TheWall CrastersKeep TheWall StationSquare TheWall JarrensOutpost TheWall Gizton TheWall Larcbost TheWall BaSingSe Urubaen Boatwright Urubaen Kharbranth Urubaen LakeLaogai Urubaen TheEolian Urubaen TheFae Toperhagen Imre Toperhagen MinistryofMagic Toperhagen TheKrustyKrab RepublicCity Toperhagen Lockinge Toperhagen TheReshiIsles Toperhagen TheVale Toperhagen TheFae TheHogsHead FleaBottom TheHogsHead Atlantas Soda Olivanders Atlantas Grayburn Peridrift Chrofall DothrakiSea Chrofall Peridrift TheEyrie Neddington TheEyrie Neverland TheEyrie Peridrift GooLagoon Peridrift KingsLanding Peridrift Murkcairn Peridrift Eggmanland Peridrift Blackwater Peridrift Grayburn BorginBurkes Grayburn TheFae Helgrind TheFae Westopolis TheFae Tralfamadore TheFae DuWeldenvarden TheFae Ebonfall Dorne TheFae BoarsEye TheFae Azkaban TheFae HorneaterPeaks TheFae Accrington HighGarden TheCommonwealth KnifesEdge Meereen KnifesEdge ProBendingArena KnifesEdge TheCommonwealth Meckingbourne HighGarden Meckgue HighGarden TheJasmineDragon Omashu HighGarden TheArcanum HighGarden TheGodswood HighGarden Ivormere HighGarden Ramshorn Jakku TheWhompingWillow Karth Castamere GodricsHollow Castamere Batcave Castamere Karth Pendle Karth TreeofTime Karth Yll Karth Newarre Karth Vexhollow Karth BeyondtheWall Karth TheUniversity Karth Carvahall Karth MadamMalkins IronIslands Karth Dagobah Karth TheWhompingWillow Jakku Gotham Jakku TheSpiritWorld Alderaan Jakku TheAturanEmpire Jakku TheUnderworld Jakku CaveofTwoLovers Jakku WonderCity Jakku Toffingburg LeakyCauldron Yunkai Millingburg BayofDragons KyoshiIsland BayofDragons SouthernAirTemple BayofDragons Millingburg Titferdenn Tatooine Titferdenn TheFingers Titferdenn Millingburg Duskhollow RockofKuthian Duskhollow Millingburg Azir Millingburg Braavos Millingburg Mordor Neddingtown Millingburg Yunkai Trebon Yunkai Rivendell Yunkai Zootropolis Yunkai Glimthain Yunkai Barkamsted Yunkai Belhaben Yunkai SatishVille Yunkai Arcmoor Yunkai LeakyCauldron KoralReef Hogsmead KoralReef Ellesmera KoralReef Arrowcave KoralReef LeakyCauldron Bellechulish Hogwarts Bellechulish LeakyCauldron Astapor LeakyCauldron UtgardMountain LeakyCauldron TheGreatDivide LeakyCauldron NocturneAlley LeakyCauldron Toffingburg Riverrun AirTempleIsland Omniverse Tarbean AirTempleIsland FireNation AirTempleIsland TheWaystoneInn AirTempleIsland GringottsBank AirTempleIsland Riverrun DiagonAlley Durnatel RokusIsland Durnatel Grimbarrow Durnatel Coalwatch Durnatel Keld Durnatel DiagonAlley Shinovar DiagonAlley Severen DiagonAlley Riverrun Steeltown Riverrun Tartarus Riverrun Toffingburg ThePrancingPony Peterborough ThePrancingPony Lorien Toffingburg StormsEnd Toffingburg JahKeved Toffingburg Dubwall Toffingburg IslesofElysium Toffingburg Ceald Toffingburg TheShire Toffingburg Aerodenn Toffingburg TheRiverStyx Toffingburg EarthKingdom Toffingburg TheSwamp Toffingburg VaultofSouls Toffingburg Essos
100
RepublicCity RepublicCity
Arcwallow Arcwallow
WitheredHeath WitheredHeath
Trebon Trebon
Yll Yll
TheSpiritWorld TheSpiritWorld
Newarre Newarre
Essos Essos
Severen Severen
ShatteredPlains ShatteredPlains
Penketh Penketh
Dubwall Dubwall
Ellesmera Ellesmera
Netherfort Netherfort
Boatwright Boatwright
Tartarus Tartarus
Tarbean Tarbean
TheFae TheFae
Hogsmead Hogsmead
TheCommonwealth TheCommonwealth
TheVale TheVale
Toffingburg Toffingburg
MountOlympus MountOlympus
Hogwarts Hogwarts
Lockinge Lockinge
Soda Soda
Barkamsted Barkamsted
Omashu Omashu
Chrofall Chrofall
BikiniBottom BikiniBottom
KnifesEdge KnifesEdge
TheKrustyKrab TheKrustyKrab
Azir Azir
DiagonAlley DiagonAlley
Valyria Valyria
Westeros Westeros
Arrowcave Arrowcave
Astapor Astapor
Castamere Castamere
Urubaen Urubaen
Endor Endor
JarrensOutpost JarrensOutpost
TheSpine TheSpine
TheChumBucket TheChumBucket
TheBoilingRock TheBoilingRock
TheWhompingWillow TheWhompingWillow
TheGodswood TheGodswood
Accrington Accrington
Vintas Vintas
BaSingSe BaSingSe
Toperhagen Toperhagen
TheReshiIsles TheReshiIsles
JahKeved JahKeved
Alethkar Alethkar
BeyondtheWall BeyondtheWall
Dragonstone Dragonstone
Gizton Gizton
Neddington Neddington
Keld Keld
Braavos Braavos
ProBendingArena ProBendingArena
FleaBottom FleaBottom
TheGreatDivide TheGreatDivide
Duskhollow Duskhollow
ShriekingShack ShriekingShack
TheRiverStyx TheRiverStyx
Steeltown Steeltown
FlourishBlotts FlourishBlotts
Atlantas Atlantas
HighGarden HighGarden
Peridrift Peridrift
CaveofTwoLovers CaveofTwoLovers
Neddingtown Neddingtown
Lorien Lorien
SatishVille SatishVille
Jakku Jakku
WesternAirTemple WesternAirTemple
GooLagoon GooLagoon
FireNation FireNation
Helgrind Helgrind
DuWeldenvarden DuWeldenvarden
Ademre Ademre
Blackwater Blackwater
Shinovar Shinovar
Ivormere Ivormere
Grimbarrow Grimbarrow
Sanlow Sanlow
Bobbingbourne Bobbingbourne
Carvahall Carvahall
Alderaan Alderaan
TheEyrie TheEyrie
Karth Karth
Aerodenn Aerodenn
Meereen Meereen
Arkham Arkham
Winterfell Winterfell
Batcave Batcave
TheUnderworld TheUnderworld
CastleBlack CastleBlack
Riverrun Riverrun
