FleaBottom TheAturanEmpire SatishVille IronIslands Yll MinistryofMagic Arkham MinistryofMagic Yll IronIslands KingsLanding Olivanders TheBurningPlains Olivanders RockofKuthian Olivanders KingsLanding IronIslands Toperhagen Vintas HorneaterPeaks BorginBurkes Carvahall Aerodenn Eggmanland Aerodenn Lorien Aerodenn Carvahall TheVale Severen TheVale Carvahall TheSpine Coalwatch TheSpine Yunkai TheSpine Carvahall DiagonAlley Carvahall CrastersKeep Carvahall Accrington Carvahall Westopolis Carvahall Ademre TheBoilingRock Batcave GringottsBank Batcave TheBoilingRock TheKrustyKrab Glimthain TheKrustyKrab GooLagoon TheKrustyKrab TheBoilingRock UtgardMountain TheBoilingRock Ademre Carvahall Dagobah Carvahall BorginBurkes HorneaterPeaks Vroengard Vintas HighGarden Vintas Toperhagen IronIslands ShriekingShack IronIslands Dragonstone Peterborough Dragonstone IronIslands TheGreatDivide Trebon Urubaen Trebon SatishVille Tartarus Kinecardine Tartarus SatishVille Ebonfall SatishVille TheAturanEmpire Snozgate TheAturanEmpire FleaBottom Bobbingbourne FleaBottom
25
Urubaen Urubaen
TheBurningPlains TheBurningPlains
UtgardMountain UtgardMountain
GringottsBank GringottsBank
Westopolis Westopolis
Eggmanland Eggmanland
Bobbingbourne Bobbingbourne
Vintas Vintas
TheGreatDivide TheGreatDivide
Olivanders Olivanders
TheBoilingRock TheBoilingRock
Glimthain Glimthain
Ademre Ademre
Yll Yll
Batcave Batcave
Trebon Trebon
TheVale TheVale
Ebonfall Ebonfall
Arkham Arkham
Coalwatch Coalwatch
SatishVille SatishVille
Accrington Accrington
MinistryofMagic MinistryofMagic
HighGarden HighGarden
ShriekingShack ShriekingShack
