Meckgue TheFingers CasterlyRock WitheredHeath TheSwamp WitheredHeath Toperhagen WitheredHeath BayofDragons WitheredHeath Keld TheFae Keld WitheredHeath CasterlyRock ProBendingArena Lorien TheHogsHead ProBendingArena MountOlympus TheWhompingWillow Atlantas Bellechulish TheWhompingWillow MountOlympus KoralReef Essos Neddingtown RepublicCity TreeofTime RepublicCity FogofLostSouls Gotham FogofLostSouls RepublicCity ZhaoFu Belhaben RepublicCity Beldenn LakeLaogai ShriekingShack ShatteredPlains Zootropolis Omniverse Zootropolis ShatteredPlains Braavos JahKeved Braavos Kinecardine Braavos ShatteredPlains TheSpine TheUniversity ShriekingShack Glimthain ShriekingShack TheReshiIsles ShriekingShack LakeLaogai Eggmanland TheWaystoneInn Tartarus Blagworth Tartarus Ramshorn Tartarus TheWaystoneInn TheArcanum TheWaystoneInn TheEolian TheWaystoneInn Eggmanland Castamere Eggmanland LakeLaogai Yunkai LakeLaogai ThePrancingPony LakeLaogai UtgardMountain LakeLaogai Urubaen FlourishBlotts Urubaen LakeLaogai LeakyCauldron LakeLaogai HorneaterPeaks VaultofSouls LakeLaogai Beldenn RepublicCity TheEyrie RepublicCity MysticRuins RepublicCity Vexhollow SerpantsPass Steeltown Gizton Netherfort Gizton Ceald Gizton Larcbost Gizton EasternAirTemple MadamMalkins Gizton Steeltown Naboo GringottsBank Naboo EarthKingdom Naboo Steeltown SerpantsPass Ademre BoarsEye Ademre SerpantsPass GooLagoon SerpantsPass Winterfell Millingburg BikiniBottom Carvahall BikiniBottom Murkcairn Ellesmera Murkcairn BikiniBottom Omashu BikiniBottom Millingburg Grayburn Millingburg Winterfell SerpantsPass TheKrustyKrab SerpantsPass GodricsHollow Vexhollow Shadesmar Alethkar Shadesmar Neddingtown TheVale Neddingtown Vintas Neddingtown TheUnderworld Neddingtown BeyondtheWall Neddingtown Essos Dagobah Dubwall Boatwright Dubwall Endor Dubwall Dagobah Essos Sanlow BubblegumKingdom TheBoilingRock BubblegumKingdom Sanlow Essos MinistryofMagic Essos Barkamsted Essos Meereen Essos HighGarden Essos TheGodswood Essos Arkham Essos KoralReef CasterlyRock TheFingers Meckgue
50
Murkcairn Murkcairn
TheWaystoneInn TheWaystoneInn
Grayburn Grayburn
TheSpine TheSpine
Gotham Gotham
Sanlow Sanlow
EarthKingdom EarthKingdom
TheUniversity TheUniversity
EasternAirTemple EasternAirTemple
Meereen Meereen
BeyondtheWall BeyondtheWall
Gizton Gizton
Braavos Braavos
VaultofSouls VaultofSouls
Lorien Lorien
Ademre Ademre
Meckgue Meckgue
Netherfort Netherfort
Kinecardine Kinecardine
Keld Keld
Tartarus Tartarus
KoralReef KoralReef
GooLagoon GooLagoon
Dagobah Dagobah
ZhaoFu ZhaoFu
MysticRuins MysticRuins
Winterfell Winterfell
Steeltown Steeltown
Carvahall Carvahall
TheVale TheVale
FlourishBlotts FlourishBlotts
Larcbost Larcbost
Vexhollow Vexhollow
UtgardMountain UtgardMountain
Urubaen Urubaen
ShatteredPlains ShatteredPlains
Beldenn Beldenn
Castamere Castamere
LeakyCauldron LeakyCauldron
Yunkai Yunkai
LakeLaogai LakeLaogai
TheKrustyKrab TheKrustyKrab
Ellesmera Ellesmera
RepublicCity RepublicCity
TheGodswood TheGodswood
TheHogsHead TheHogsHead
ThePrancingPony ThePrancingPony
TreeofTime TreeofTime
TheBoilingRock TheBoilingRock
TheArcanum TheArcanum
