29 26 32 15 9 96 9 15 32 58 99 11 36 42 52 42 36 69 47 8 19 3 33 5 7 1 7 12 68 57 18 0 57 67 17 45 13 51 45 97 67 63 21 25 5 40 75 88 95 30 53 23 10 41 59 70 61 59 87 62 56 55 2 6 37 20 86 28 66 16 54 98 90 22 66 86 20 60 84 73 39 27 64 27 94 65 77 76 37 6 44 91 83 91 85 14 79 72 82 43 80 49 80 50 74 92 23 31 46 34 46 93 71 33 48 35 89 4 78 99 38 81 24 81 38 99 29
50
67 67
24 24
70 70
86 86
10 10
56 56
34 34
57 57
4 4
64 64
63 63
93 93
80 80
77 77
5 5
45 45
71 71
9 9
66 66
27 27
68 68
25 25
3 3
85 85
98 98
59 59
46 46
72 72
73 73
30 30
35 35
23 23
90 90
79 79
31 31
11 11
96 96
69 69
97 97
49 49
78 78
82 82
75 75
58 58
26 26
51 51
7 7
0 0
32 32
17 17
