21 77 2 44 48 44 128 134 94 19 112 159 80 59 33 117 5 10 30 132 73 90 167 129 102 129 163 78 96 75 178 119 17 111 28 192 28 111 176 101 163 122 144 126 71 152 92 93 92 135 11 139 196 8 12 51 12 103 139 11 188 56 171 190 186 131 135 175 151 9 133 84 72 53 72 137 100 109 89 27 31 195 147 29 58 199 158 79 1 115 26 66 125 168 36 108 98 15 42 4 156 183 123 68 185 130 6 63 164 18 136 81 88 76 194 160 143 161 47 7 52 43 162 3 34 39 64 69 74 49 149 95 55 49 74 197 60 120 14 16 32 169 65 114 83 82 148 91 65 157 65 169 187 150 181 42 15 127 41 67 154 25 45 173 70 20 85 24 50 116 198 46 177 198 141 172 170 182 145 105 38 62 57 166 140 0 62 85 20 113 99 87 104 138 9 151 184 22 191 180 124 180 193 86 61 35 40 189 23 155 106 179 134 118 146 107 54 110 13 165 97 142 37 142 121 174 153 21
100
147 147
20 20
18 18
14 14
17 17
136 136
190 190
42 42
194 194
170 170
24 24
91 91
188 188
47 47
48 48
23 23
51 51
34 34
36 36
135 135
172 172
127 127
45 45
163 163
90 90
40 40
10 10
125 125
122 122
167 167
100 100
130 130
46 46
74 74
2 2
31 31
7 7
151 151
97 97
133 133
142 142
180 180
30 30
29 29
56 56
156 156
144 144
186 186
184 184
37 37
116 116
121 121
64 64
15 15
131 131
108 108
149 149
154 154
120 120
81 81
118 118
160 160
119 119
139 139
178 178
16 16
78 78
27 27
169 169
96 96
152 152
102 102
88 88
115 115
103 103
75 75
21 21
68 68
134 134
62 62
38 38
49 49
168 168
61 61
146 146
177 177
32 32
196 196
176 176
87 87
105 105
137 137
159 159
114 114
54 54
60 60
72 72
53 53
82 82
95 95
