1FoundersRock 4HearstGreekTheatre 30Stonefire 47SatherTower 98location 132location 149location 183location 200location 7SatherTower 8Esplanade 11HearstGymnasium 2UniversityHouse 5HearstMemorial 17Wheeler 68SodaHall 102location 119location 153location 170location 26ClarkKerr 39SanFransisco 41FoundersRock 56Giannini 71Hillegass 90location 101location 107location 116location 131location 141location 146location 158location 161location 176location 191location 192location 14Wellman 23Unit3 32DeltaPhiEpsilon 44HearstGreekTheatre 53Durant 62Unit2 65Foothill 74Martinez 83location 92location 95location 104location 113location 125location 134location 143location 155location 164location 167location 185location 194location 197location 12California 6DoeLibrary 3FacultyClub 9SatherGate 50Bridge 152location 21Unit1 36CasaZimbabwe 51HearstGymnasium 60Ehrman 66ClarkKerr 77OtherCoop 81location 96location 111location 126location 128location 156location 162location 179location 186location 15Hilgard 24Blackwell 27InternationalHouse 33Wada 38RajProperties 42UniversityHouse 45HearstMemorial 48Esplanade 54Wellman 57Wheeler 63Unit3 72DeltaPhiEpsilon 75ChanningBowdwitch 78RajProperties 84location 87location 89location 93location 99location 105location 108location 114location 117location 123location 129location 135location 138location 140location 144location 147location 150location 159location 165location 168location 174location 177location 180location 189location 195location 198location 29VarsityBerkeley 80Oaktown 182location 59SouthHall 110location 10Bridge 20Ehrman 122location 173location 13Durant 16Giannini 18NorthGate 19SouthHall 22Unit2 25Foothill 28SodaHall 31Hillegass 34Martinez 35ChanningBowdwitch 37OtherCoop 40Oaktown 43FacultyClub 46DoeLibrary 49SatherGate 52California 55Hilgard 58NorthGate 61Unit1 64Blackwell 67InternationalHouse 69VarsityBerkeley 70Stonefire 73Wada 76CasaZimbabwe 79SanFransisco 82location 85location 86location 88location 91location 94location 97location 100location 103location 106location 109location 112location 115location 118location 120location 121location 124location 127location 130location 133location 136location 137location 139location 142location 145location 148location 151location 154location 157location 160location 163location 166location 169location 171location 172location 175location 178location 181location 184location 187location 188location 190location 193location 196location 199location 1FoundersRock
50
6DoeLibrary 6DoeLibrary
7SatherTower 7SatherTower
8Esplanade 8Esplanade
9SatherGate 9SatherGate
10Bridge 10Bridge
46DoeLibrary 46DoeLibrary
47SatherTower 47SatherTower
48Esplanade 48Esplanade
49SatherGate 49SatherGate
50Bridge 50Bridge
84location 84location
85location 85location
90location 90location
95location 95location
96location 96location
100location 100location
102location 102location
105location 105location
108location 108location
110location 110location
114location 114location
115location 115location
120location 120location
125location 125location
126location 126location
130location 130location
132location 132location
135location 135location
138location 138location
140location 140location
144location 144location
145location 145location
150location 150location
155location 155location
156location 156location
160location 160location
162location 162location
165location 165location
168location 168location
170location 170location
174location 174location
175location 175location
180location 180location
185location 185location
186location 186location
190location 190location
192location 192location
195location 195location
198location 198location
200location 200location
