73 72 34 38 66 37 46 49 47 48 50 17 13 17 51 45 17 52 17 46 37 53 19 11 2 1 2 3 4 2 5 2 6 2 7 2 8 2 9 2 10 2 11 12 11 14 11 15 11 16 11 18 54 18 20 35 55 35 11 21 26 11 22 33 22 60 22 11 24 11 25 11 28 29 23 31 27 30 11 32 11 41 42 43 11 44 11 19 56 19 57 19 58 40 53 37 59 36 61 36 76 36 37 70 37 75 37 66 67 69 68 62 77 62 34 64 65 64 34 71 63 39 74 34 73
50
6 6
72 72
65 65
24 24
75 75
60 60
23 23
42 42
44 44
63 63
3 3
57 57
11 11
53 53
33 33
68 68
38 38
4 4
66 66
29 29
59 59
28 28
50 50
61 61
27 27
47 47
36 36
45 45
37 37
30 30
71 71
20 20
8 8
19 19
40 40
5 5
55 55
22 22
41 41
2 2
64 64
25 25
26 26
14 14
7 7
34 34
77 77
51 51
67 67
56 56
