8 81 7 2 8 97 34 32 10 35 16 15 17 18 23 87 19 85 16 10 32 82 6 1 5 6 11 13 9 11 86 128 129 83 82 79 82 96 122 82 34 53 71 53 34 105 50 48 65 49 30 49 112 113 68 105 141 143 151 186 189 186 142 104 31 4 29 3 31 104 142 125 174 172 174 142 152 185 152 162 164 165 166 165 105 97 126 80 120 123 127 121 173 124 126 97 153 144 153 163 153 154 98 99 20 21 25 21 20 38 24 101 58 75 58 101 92 101 109 169 191 187 161 192 170 193 188 171 192 169 109 38 39 38 54 106 52 33 52 67 51 66 63 47 64 66 106 70 54 99 84 99 88 36 14 12 36 55 69 55 73 55 36 107 56 115 72 115 114 115 116 158 156 155 167 108 74 59 78 59 74 117 76 77 76 111 119 76 117 157 117 118 60 44 62 110 74 108 36 88 40 42 28 22 27 26 41 43 45 91 93 45 103 138 94 138 178 140 183 176 131 135 89 90 149 102 95 149 148 149 150 160 184 179 136 133 132 146 159 168 190 159 182 136 137 139 181 180 137 89 135 147 100 130 100 135 175 134 177 176 183 140 103 45 41 61 46 42 57 37 40 88 145 98 8
100
123 123
160 160
24 24
25 25
66 66
49 49
121 121
88 88
55 55
124 124
5 5
164 164
183 183
54 54
127 127
87 87
97 97
193 193
137 137
102 102
80 80
19 19
185 185
90 90
63 63
69 69
191 191
35 35
4 4
64 64
165 165
2 2
65 65
153 153
71 71
188 188
147 147
115 115
82 82
167 167
99 99
172 172
169 169
6 6
85 85
45 45
109 109
105 105
136 136
21 21
89 89
30 30
135 135
73 73
53 53
120 120
100 100
59 59
179 179
91 91
38 38
68 68
113 113
182 182
29 29
26 26
126 126
22 22
118 118
47 47
171 171
52 52
72 72
93 93
79 79
192 192
33 33
152 152
116 116
42 42
23 23
70 70
51 51
17 17
145 145
83 83
144 144
181 181
168 168
78 78
174 174
173 173
95 95
142 142
39 39
125 125
3 3
190 190
40 40
61 61
