USZWPSB GALHVZ USZWPSB HVERBTBS WFOOBXNLR HVERBTBS WYQMUDM QKULBZUR EFOWXJQKY MWXYLX QKULBZUR MRXNI TYXBK FGSPX YFEZIO OIANIWMW GEGFOSJ ILXWSRIC OTYFK GGPIEJ GEGFOSJ TGPYEAP APIOYKU WVLTLUD NCPEGX YCGJNQA LNDUQDYSK BTMJSONW URZULNA CWLLCM URZULNA BTMJSONW LNDUQDYSK QPHYDQYV EQHJF NHNDWOH YCGJNQA WVLTLUD OVKLH WVLTLUD APIOYKU GWDJBFTV YOUZA JJQBPSV SIAFKK TPDLFKGVB HSZEPAMRN HWJUZVNH SICVXMLGL APIOYKU TGPYEAP DKINCMT VKGHTVDP TGPYEAP FBLXKVQA ENYRMHFE DISRURKA ENYRMHFE VFEEU TQSCIQTX LYRSZA HNOOUELP APBFJMOOF LYRSZA MBRDNYP SIJTRDMKR XZUPVI UDNWTRHT HSAIPP RGSOR BLXWCB HSAIPP XQOMNCXDB JXLFSOAT TTXGTNV JXLFSOAT GMRFZFR ZEZKNGTK UBODMUMJ GMRFZFR JBHQVBXP YVIRIDDRA JXLFSOAT XQOMNCXDB ZTHMZKI NZJGYK ASTBFJY UDNWTRHT GILHCKNI OGEJDN NBRZI OGEJDN ANHOTJN GLYDZ JIDZW RBNAR XENTNT VWNAJFRNG QMHLIXVD VWNAJFRNG XSWDY JCPDBZK UVWOHGC RWAIFLUJG AROLW VWNAJFRNG RHXNUFTY JIDZW KAUIIR HFOSAUMP KAUIIR MYDTJZPES KAUIIR OZFZCKVUN HEFYBKPUF OZFZCKVUN FXTET CCCWKB FXTET NMBGJUAAG FXTET OZFZCKVUN KAUIIR KKEUJFUJH QBMYUUMOJ KKEUJFUJH JIDZW XODUVJHE FBLXKVQA GCKGMUXEB FBLXKVQA OIANIWMW WIFTQ ALENT QQAILHK ZRNZNV GCYXA QINTC RZIWNJFXV WKIASJP TNHRK GSVJPWC ACYPAPBPW QCACRVPWK RUGMYM AOVKACB EMAAQWO GNMIBCL KFHZBOJXK FZGDAQKRC CLDVKXUY FZGDAQKRC KFHZBOJXK GNMIBCL EMAAQWO AOVKACB RLWAP WEKQXMG PSCLAN EPJHOESBB RUGMYM FPWIFBHR BNKNHMV FPWIFBHR WJFHT ZGZQJZFA XHMMLM ZGZQJZFA FPWIFBHR RUGMYM GSVJPWC TNHRK AHZYCQM NJLNWKM EHQRYBZ RGLCPSJQE VBAQD RGLCPSJQE EHQRYBZ QMOAKJJK RZIWNJFXV QINTC YFEZIO NTZSZ NXLMTIMTQ AERLK ORCMU VWHRKOPZ NXLMTIMTQ GKDIY DFFFG OLAIC MNOXM YPQLZHI JVWIZDBS GKDIY UZGTEP BCHOPGEE NIVCBBO EJXSCSGM ZNZOQPE HSJUMJH ZNZOQPE ZKGYGD AREJBCDAP ZKGYGD ZNZOQPE EJXSCSGM NIVCBBO KRUSUHB JQHORKB GKDIY BHAMV YKOGGTNN SLZXPPYMC YKOGGTNN UUFHKK GKDIY AIGGLZT PTDJM VVSNO YMKTHRU PUYTNEGR YMKTHRU VVSNO PTDJM AIGGLZT GKDIY JEGRK FPWMJC JEGRK KYSSK BYMSJVSS CCTJZN WTQCHXQ NVPDYHJ AXCWU WTQCHXQ MQSJLQ WTQCHXQ KYSSK FJQMKJNWE YHITQ DIXXP AZKGIK WEXBJV GNXDBJSVR WEXBJV RVPJHZLQQ MOXGRP TKSGUQAJZ DIXXP YHITQ LJIWVABQS WUUMGX JOXQIX MSHZNEX RJDHJFNIN JOXQIX YAETAC JOXQIX LJIWVABQS FCWRH YJDLOE NUBNDQ VLVZNIWT FZNKCK QKULBZUR VTPZPDXM TOAKXEQ PJXURKPC TOAKXEQ SPLDAD PRDJZT SPLDAD FLOTLYFG NLKIQELC LZJJRVPRK NLKIQELC FLOTLYFG SPLDAD TOAKXEQ BDHKKLSE OLUPAJLP BDHKKLSE RQWCFDHW OEFCMIEUS LTNYJY USZWPSB
100
EMAAQWO EMAAQWO
FZGDAQKRC FZGDAQKRC
EPJHOESBB EPJHOESBB
JVWIZDBS JVWIZDBS
BLXWCB BLXWCB
ORCMU ORCMU
SICVXMLGL SICVXMLGL
YVIRIDDRA YVIRIDDRA
DFFFG DFFFG
EFOWXJQKY EFOWXJQKY
GEGFOSJ GEGFOSJ
MRXNI MRXNI
NCPEGX NCPEGX
HSAIPP HSAIPP
AOVKACB AOVKACB
MSHZNEX MSHZNEX
XHMMLM XHMMLM
UDNWTRHT UDNWTRHT
AHZYCQM AHZYCQM
FPWMJC FPWMJC
GNXDBJSVR GNXDBJSVR
SIAFKK SIAFKK
XENTNT XENTNT
JOXQIX JOXQIX
BHAMV BHAMV
HSJUMJH HSJUMJH
EHQRYBZ EHQRYBZ
XQOMNCXDB XQOMNCXDB
YOUZA YOUZA
RBNAR RBNAR
VVSNO VVSNO
BCHOPGEE BCHOPGEE
LNDUQDYSK LNDUQDYSK
LYRSZA LYRSZA
TQSCIQTX TQSCIQTX
QMHLIXVD QMHLIXVD
TTXGTNV TTXGTNV
RGLCPSJQE RGLCPSJQE
ZEZKNGTK ZEZKNGTK
KAUIIR KAUIIR
CCTJZN CCTJZN
NBRZI NBRZI
EJXSCSGM EJXSCSGM
XSWDY XSWDY
MWXYLX MWXYLX
HNOOUELP HNOOUELP
ILXWSRIC ILXWSRIC
UBODMUMJ UBODMUMJ
TGPYEAP TGPYEAP
RJDHJFNIN RJDHJFNIN
NTZSZ NTZSZ
OLUPAJLP OLUPAJLP
VWNAJFRNG VWNAJFRNG
ZNZOQPE ZNZOQPE
HEFYBKPUF HEFYBKPUF
RLWAP RLWAP
NZJGYK NZJGYK
APIOYKU APIOYKU
TOAKXEQ TOAKXEQ
NHNDWOH NHNDWOH
YFEZIO YFEZIO
DKINCMT DKINCMT
NIVCBBO NIVCBBO
PJXURKPC PJXURKPC
FCWRH FCWRH
WTQCHXQ WTQCHXQ
CWLLCM CWLLCM
VWHRKOPZ VWHRKOPZ
HWJUZVNH HWJUZVNH
RQWCFDHW RQWCFDHW
VBAQD VBAQD
FZNKCK FZNKCK
JQHORKB JQHORKB
JXLFSOAT JXLFSOAT
OVKLH OVKLH
YKOGGTNN YKOGGTNN
DIXXP DIXXP
USZWPSB USZWPSB
MYDTJZPES MYDTJZPES
AIGGLZT AIGGLZT
RVPJHZLQQ RVPJHZLQQ
AXCWU AXCWU
RUGMYM RUGMYM
RGSOR RGSOR
YAETAC YAETAC
ANHOTJN ANHOTJN
JEGRK JEGRK
KRUSUHB KRUSUHB
GLYDZ GLYDZ
FJQMKJNWE FJQMKJNWE
APBFJMOOF APBFJMOOF
ACYPAPBPW ACYPAPBPW
GALHVZ GALHVZ
FLOTLYFG FLOTLYFG
HVERBTBS HVERBTBS
ZKGYGD ZKGYGD
XZUPVI XZUPVI
VFEEU VFEEU
MOXGRP MOXGRP
WEXBJV WEXBJV
