UMUCUTWAW JMLZW TRJWMZRA NFDZDXKPP TRJWMZRA OLYQTGVA UMUCUTWAW CWTNE VYSDBC KAYADTT OMBFD QOHWG KUUVZB XJOXYWA QOHWG RRFKVFYKR CNINRTR OMBFD KAYADTT FVKLDY GUDSRTKLA RSTKVTY VYSDBC MWTSDF MNWMWDXCQ HQNIKFEGO TOWQNXV LEJNUKCZ TOWQNXV YNHRBC TOWQNXV TNKNMUFI JJAQQ JOWHZXTIA WCHJFCRZJ ZFMGDWP IZNSKNS GYCZYVU PRIRIKY UGSZCNL VHLSP ZLYFI NAEWLKJJW ZLYFI VHLSP OIIJFEGHP DOWEYNN OIIJFEGHP VHLSP UGSZCNL PRIRIKY AWEBMY TCXWZV SVLLIIS LQCZF SVLLIIS WEPDZ AWEBMY BXOJOWRT JJAQQ OVWBCTVDD ATQPANM XWBHEYXJU HREHTSNH IGVCE ZSHRTZVKO HREHTSNH OIPVAKF WRQUJ SUIOZK EGEASKKIE XGGIUBVDN TNSRRJCDD PYWWLSVJM HJSWS PYWWLSVJM JYHRZJJDG FLBTTNRCC RDTQTJB WRQUJ VHHVQ VASGY ULFOLRB VASGY WRQUJ OIPVAKF BYLOTCIBL HREHTSNH QNAZOQNNI UENPUJ OVWBCTVDD TNKNMUFI AAOLHW TIIHBMU AAOLHW RCOMG ONFIHQJYT AWQOWSNYN PUPBRBBW OVWMWBUP AVTXFIIIP OVWMWBUP UDEZLOX GVNFQM OWLFACDII PUPBRBBW ONFIHQJYT YFKIFTRS STQNQT PLYPQBTP NYBEJN RMFAW NYBEJN YPXLG MHXHJGEF NDWZKRTIJ USUVN ZPFHBWI AOWYQNAYA CRSMUEPQG PLYPQBTP DQOPCH CJLYWOAQ JVYIBRJ NKSWTXMSG XNZANYBE BMHJAS ELILXSR CJLYWOAQ DQOPCH PLYPQBTP VSMLVXSP EDGIBRXEP DTDALTLH TJFSEUB UMUCUTWAW
50
CNINRTR CNINRTR
CJLYWOAQ CJLYWOAQ
WRQUJ WRQUJ
VASGY VASGY
KUUVZB KUUVZB
JOWHZXTIA JOWHZXTIA
YNHRBC YNHRBC
XWBHEYXJU XWBHEYXJU
RRFKVFYKR RRFKVFYKR
TNKNMUFI TNKNMUFI
TJFSEUB TJFSEUB
KAYADTT KAYADTT
XJOXYWA XJOXYWA
JVYIBRJ JVYIBRJ
GVNFQM GVNFQM
SUIOZK SUIOZK
AWQOWSNYN AWQOWSNYN
ZFMGDWP ZFMGDWP
YPXLG YPXLG
MHXHJGEF MHXHJGEF
ZSHRTZVKO ZSHRTZVKO
TNSRRJCDD TNSRRJCDD
TCXWZV TCXWZV
YFKIFTRS YFKIFTRS
VHLSP VHLSP
ZPFHBWI ZPFHBWI
XGGIUBVDN XGGIUBVDN
ZLYFI ZLYFI
RDTQTJB RDTQTJB
IZNSKNS IZNSKNS
STQNQT STQNQT
ELILXSR ELILXSR
CRSMUEPQG CRSMUEPQG
GUDSRTKLA GUDSRTKLA
UENPUJ UENPUJ
OMBFD OMBFD
QOHWG QOHWG
AOWYQNAYA AOWYQNAYA
WEPDZ WEPDZ
DQOPCH DQOPCH
USUVN USUVN
MNWMWDXCQ MNWMWDXCQ
VSMLVXSP VSMLVXSP
MWTSDF MWTSDF
EGEASKKIE EGEASKKIE
PLYPQBTP PLYPQBTP
VHHVQ VHHVQ
OIPVAKF OIPVAKF
FVKLDY FVKLDY
JJAQQ JJAQQ
