NENJIT XAUNPSJR UEMUXMRIZ XAUNPSJR TWWGCR HWQRP IEEKFZX DQWON HWQRP NDFUIQRA GZNWUPV TWWGCR XAUNPSJR DYDBSTHU MXOUMOMJ EIPVED PJOJKAPRB HJANXPSU ZRBGORXP OMNEJDSME RIEJGXSA PEHTVQXDW PQHUEQ UUBADXD NOAAKGDCL MXPVTEZCH RICUKOH UUBADXD FULIXB UUBADXD PQHUEQ SPKBX LVORDZPFZ PQHUEQ KQUKCKTD HJANXPSU PJOJKAPRB EIPVED XXXTKAUWZ KUTCUN RZCLRJW MXOUMOMJ LFAYEWG UDNOJYVGK LFAYEWG XVJTHSXWN RSAVHCS LFAYEWG XVEIIY WTGBMM PRANHUZWO ZJITEK IVJWKMB PRANHUZWO JQGIH FGVICE XLFZOOH XYVFHKPGH OBQFCPFR CQLIWA WTGBMM PHBBERAT QMQDBY WTGBMM XVEIIY LFKLJOBQN EANWPZEPE DHNQUS DYDBSTHU XAUNPSJR NENJIT
25
UEMUXMRIZ UEMUXMRIZ
PRANHUZWO PRANHUZWO
ZRBGORXP ZRBGORXP
XAUNPSJR XAUNPSJR
CQLIWA CQLIWA
RIEJGXSA RIEJGXSA
EIPVED EIPVED
PEHTVQXDW PEHTVQXDW
DYDBSTHU DYDBSTHU
MXPVTEZCH MXPVTEZCH
WTGBMM WTGBMM
FULIXB FULIXB
HJANXPSU HJANXPSU
KQUKCKTD KQUKCKTD
XYVFHKPGH XYVFHKPGH
UUBADXD UUBADXD
SPKBX SPKBX
XVEIIY XVEIIY
NDFUIQRA NDFUIQRA
QMQDBY QMQDBY
PQHUEQ PQHUEQ
KUTCUN KUTCUN
RZCLRJW RZCLRJW
LFAYEWG LFAYEWG
MXOUMOMJ MXOUMOMJ
