liverance metamere pallia Akkub otate tightening achieve hatrail pontage lethiferal jitterbugs bywoners studiously asterisk hypanthium catabolism shutter refortify kamencheh tortillons wellbores moderatrix coulde handballer oversleeps toment Boiardo razorclam retore starfields yeggmen waileress micro alining haematomas sailbroad LouisXV beseemly Addisonian topsawyer fearfuller distinctly offcampus wisht echiuran inboxes outfrown NewYorker kinship phalangers liverance
25
catabolism catabolism
tortillons tortillons
studiously studiously
oversleeps oversleeps
bywoners bywoners
hypanthium hypanthium
Akkub Akkub
moderatrix moderatrix
liverance liverance
hatrail hatrail
jitterbugs jitterbugs
lethiferal lethiferal
wellbores wellbores
handballer handballer
metamere metamere
kamencheh kamencheh
tightening tightening
shutter shutter
achieve achieve
pontage pontage
asterisk asterisk
otate otate
coulde coulde
refortify refortify
pallia pallia
