73 86 32 12 4 12 15 43 166 85 105 85 154 166 88 27 90 53 111 56 111 91 5 53 90 82 107 82 27 117 24 25 100 89 69 152 149 126 21 126 64 171 64 126 149 144 69 145 128 161 2 130 113 58 26 28 22 177 46 77 80 6 7 44 60 55 72 55 168 17 38 34 38 51 38 79 57 129 174 141 174 146 84 68 119 68 153 184 31 184 68 169 84 101 84 181 146 167 102 13 65 122 38 104 180 123 176 118 18 118 120 37 67 162 9 125 96 133 185 162 67 179 164 1 99 54 189 134 36 142 92 60 198 60 7 6 14 6 116 80 46 195 106 78 71 170 10 193 28 26 115 26 163 48 188 159 157 66 95 3 192 33 11 172 45 11 33 49 94 127 40 19 40 131 62 112 140 157 148 159 165 23 35 165 173 103 173 196 163 58 52 156 8 97 0 61 0 147 183 108 97 143 191 75 59 41 75 191 87 160 87 124 143 97 156 150 114 93 139 20 139 98 70 29 182 132 175 83 190 156 52 178 39 178 52 58 110 137 42 113 76 194 113 109 197 186 47 81 158 47 187 30 63 138 16 138 136 138 155 186 197 199 135 12 74 50 32 121 151 32 86 73
100
191 191
11 11
163 163
145 145
58 58
27 27
195 195
189 189
101 101
99 99
166 166
16 16
82 82
186 186
12 12
110 110
112 112
96 96
39 39
60 60
153 153
129 129
2 2
66 66
62 62
192 192
122 122
187 187
35 35
6 6
0 0
57 57
77 77
73 73
176 176
52 52
92 92
155 155
168 168
184 184
128 128
135 135
83 83
183 183
75 75
175 175
171 171
109 109
15 15
89 89
194 194
125 125
138 138
76 76
37 37
136 136
169 169
81 81
190 190
21 21
133 133
41 41
173 173
42 42
95 95
72 72
26 26
143 143
19 19
98 98
71 71
159 159
24 24
154 154
63 63
161 161
49 49
197 197
124 124
7 7
55 55
107 107
47 47
123 123
196 196
40 40
48 48
68 68
127 127
162 162
118 118
70 70
119 119
185 185
61 61
115 115
44 44
10 10
167 167
53 53
