2 31 39 31 60 16 68 17 25 68 86 68 96 29 59 29 65 8 14 8 23 8 48 8 84 90 69 27 26 69 62 69 83 90 8 65 21 22 30 5 30 13 93 55 41 87 94 18 44 94 41 79 9 79 71 46 71 49 98 49 22 72 51 74 73 72 67 4 15 57 33 57 64 7 47 7 64 58 38 82 38 58 64 97 64 99 64 57 66 20 52 12 75 57 15 4 85 24 28 3 32 19 42 35 80 35 77 6 77 10 77 42 88 1 88 37 88 40 56 42 95 61 76 61 95 32 67 50 65 81 45 78 45 81 29 16 60 31 43 11 54 0 54 53 63 70 2 89 34 89 36 91 92 89 2
50
29 29
49 49
17 17
19 19
71 71
52 52
4 4
72 72
77 77
30 30
37 37
95 95
21 21
61 61
12 12
70 70
97 97
82 82
88 88
79 79
11 11
91 91
57 57
62 62
67 67
9 9
48 48
36 36
44 44
83 83
8 8
15 15
63 63
64 64
34 34
13 13
2 2
32 32
31 31
76 76
94 94
26 26
56 56
24 24
5 5
23 23
25 25
59 59
80 80
93 93
