39 0 1 2 3 4 5 6 7 8 9 10 11 12 13 14 15 16 17 18 19 20 21 22 23 24 25 26 27 28 29 30 31 32 33 34 35 36 37 38 40 41 42 43 44 45 46 47 48 49 50 51 52 53 54 55 56 57 58 59 60 61 62 63 64 65 66 67 68 69 70 71 72 73 74 75 76 77 78 79 80 81 82 83 84 85 86 87 88 89 90 91 92 93 94 95 96 97 98 99 100 101 102 103 104 105 106 107 108 109 110 111 112 113 114 115 116 117 118 119 120 121 122 123 124 125 126 127 128 129 130 131 132 133 134 135 136 137 138 139 140 141 142 143 144 145 146 147 148 149 150 151 152 153 154 155 156 157 158 159 160 161 162 163 164 165 166 167 168 169 170 171 172 173 174 175 176 177 178 179 180 181 182 183 184 185 186 187 188 189 190 191 192 193 194 195 196 197 198 199 39
100
108 108
115 115
116 116
109 109
41 41
110 110
75 75
11 11
12 12
129 129
44 44
114 114
74 74
89 89
163 163
113 113
91 91
195 195
140 140
16 16
112 112
6 6
80 80
78 78
55 55
157 157
30 30
103 103
27 27
83 83
59 59
176 176
194 194
130 130
126 126
152 152
160 160
156 156
36 36
179 179
158 158
197 197
76 76
161 161
169 169
119 119
13 13
193 193
77 77
100 100
81 81
49 49
133 133
118 118
198 198
56 56
88 88
54 54
148 148
28 28
180 180
123 123
177 177
84 84
17 17
96 96
20 20
135 135
154 154
99 99
0 0
46 46
63 63
139 139
151 151
182 182
192 192
111 111
31 31
43 43
94 94
183 183
97 97
42 42
147 147
178 178
4 4
93 93
174 174
22 22
51 51
173 173
191 191
70 70
149 149
3 3
23 23
150 150
107 107
48 48
