54 0 1 2 3 4 5 6 7 8 9 10 11 12 13 14 15 16 17 18 19 20 21 22 23 24 25 26 27 28 29 30 31 32 33 34 35 36 37 38 39 40 41 42 43 44 45 46 47 48 49 50 51 52 53 55 56 57 58 59 60 61 62 63 64 65 66 67 68 69 70 71 72 73 74 75 76 77 78 79 80 81 82 83 84 85 86 87 88 89 90 91 92 93 94 95 96 97 98 99 54
50
20 20
32 32
9 9
6 6
31 31
30 30
60 60
47 47
13 13
66 66
0 0
16 16
48 48
99 99
19 19
82 82
73 73
67 67
90 90
62 62
71 71
2 2
83 83
80 80
43 43
65 65
41 41
14 14
68 68
45 45
89 89
37 37
8 8
57 57
33 33
97 97
23 23
85 85
53 53
86 86
25 25
49 49
27 27
12 12
4 4
3 3
87 87
84 84
74 74
26 26
