0 1 3 2 9 2 14 28 36 3 13 3 76 42 40 41 45 50 45 48 41 59 41 62 41 69 100 80 81 83 86 93 104 83 107 83 81 91 92 81 96 97 81 98 99 81 103 81 105 106 109 81 114 117 119 81 80 82 89 82 101 82 102 82 111 112 82 80 84 80 87 113 87 145 121 123 124 136 123 137 123 139 142 158 123 126 120 125 122 135 122 146 147 125 120 127 155 128 130 120 131 132 134 120 138 140 141 120 143 144 148 120 149 150 120 154 120 126 121 129 175 160 164 198 164 165 161 163 171 176 161 185 161 188 161 189 162 167 178 167 162 179 162 182 162 186 162 194 196 162 197 162 199 166 160 168 160 169 160 170 172 160 173 174 177 160 180 160 181 183 160 184 160 187 190 160 191 192 193 195 160 175 129 121 133 151 121 152 121 153 121 156 121 157 159 145 87 88 85 88 80 90 80 94 95 108 80 110 115 116 118 100 69 73 77 41 43 64 43 47 40 51 40 52 40 54 40 55 40 56 40 58 40 61 40 63 65 40 66 70 71 72 40 74 78 40 79 42 44 42 46 42 49 42 53 42 57 42 60 67 42 68 75 76 3 5 8 5 33 5 7 1 17 22 23 27 35 37 38 39 4 18 4 0 6 10 0 11 0 12 0 15 0 16 0 19 0 20 0 21 0 24 0 25 0 26 29 0 30 0 31 0 32 0 34 0
31
147 147
60 60
127 127
198 198
143 143
192 192
109 109
19 19
162 162
87 87
100 100
92 92
120 120
115 115
23 23
141 141
84 84
103 103
14 14
146 146
138 138
89 89
66 66
101 101
126 126
3 3
58 58
70 70
91 91
117 117
5 5
