0 1 2 7 2 15 2 1 3 1 6 1 8 9 1 16 1 17 1 19 4 13 4 5 0 10 36 23 20 22 21 25 31 37 21 22 30 22 35 39 22 24 20 26 20 27 20 28 29 42 40 41 43 72 60 63 61 62 68 77 68 62 61 78 92 83 80 81 88 89 93 81 94 81 96 81 97 81 80 82 90 91 90 84 80 85 80 86 80 87 80 95 80 98 80 99 80 83 92 78 61 79 61 63 60 64 60 65 71 65 66 60 67 60 69 60 70 60 73 60 74 60 75 76 60 72 43 41 44 41 47 48 59 45 46 40 50 40 51 53 40 54 55 40 57 58 42 49 42 52 42 56 42 29 20 33 20 34 38 20 23 32 23 36 10 11 12 14 18 0
44
62 62
61 61
49 49
64 64
96 96
39 39
88 88
36 36
12 12
5 5
13 13
84 84
46 46
10 10
81 81
60 60
44 44
9 9
27 27
99 99
19 19
75 75
91 91
45 45
58 58
35 35
30 30
65 65
6 6
2 2
83 83
66 66
37 37
28 28
79 79
80 80
48 48
4 4
11 11
47 47
71 71
56 56
70 70
98 98
