97 71 73 67 8 7 6 5 4 3 2 1 17 19 21 23 25 29 27 33 31 35 37 39 41 86 81 100 79 96 43 45 47 49 51 53 57 61 63 59 55 65 76 20 18 24 22 30 26 28 32 34 36 40 42 38 87 70 91 68 83 80 72 85 82 77 9 10 11 12 13 14 15 16 69 66 58 64 62 60 56 52 54 46 48 44 88 92 99 50 95 78 89 75 84 94 98 93 90 74 97
50
95 95
52 52
96 96
84 84
71 71
36 36
13 13
45 45
75 75
44 44
28 28
14 14
53 53
87 87
63 63
8 8
68 68
10 10
51 51
94 94
40 40
33 33
16 16
61 61
6 6
21 21
35 35
23 23
15 15
7 7
62 62
79 79
58 58
24 24
5 5
86 86
60 60
47 47
67 67
65 65
20 20
100 100
30 30
19 19
99 99
54 54
48 48
56 56
88 88
49 49
