132 128 126 124 116 120 122 118 112 114 110 108 106 100 98 92 96 94 88 86 90 102 104 176 130 179 173 185 26 25 24 23 22 21 20 19 18 17 137 161 146 186 174 138 189 141 145 196 147 194 170 198 172 151 165 156 143 133 164 167 171 183 163 191 150 144 200 159 152 193 135 178 16 15 14 13 12 11 10 9 8 7 6 5 4 3 2 1 34 36 42 40 38 44 50 46 48 54 52 56 60 62 64 66 58 142 68 70 76 160 182 166 78 74 72 80 84 82 37 33 35 39 41 49 53 45 43 47 51 57 61 59 65 67 69 73 81 75 71 77 79 83 63 55 177 180 148 197 158 168 181 190 169 192 134 162 187 175 154 184 139 153 140 85 87 89 99 97 95 91 93 101 105 103 107 111 109 117 115 121 123 119 113 125 195 129 127 131 155 157 199 188 149 136 27 28 29 30 31 32 132
100
171 171
60 60
64 64
195 195
46 46
80 80
162 162
96 96
3 3
122 122
184 184
47 47
68 68
45 45
126 126
86 86
154 154
189 189
138 138
66 66
196 196
100 100
25 25
72 72
159 159
38 38
28 28
44 44
33 33
155 155
161 161
104 104
95 95
78 78
188 188
8 8
102 102
61 61
9 9
98 98
160 160
136 136
133 133
106 106
81 81
193 193
109 109
113 113
85 85
177 177
39 39
197 197
5 5
146 146
35 35
137 137
6 6
135 135
40 40
156 156
31 31
101 101
36 36
194 194
88 88
13 13
87 87
167 167
166 166
118 118
90 90
180 180
27 27
142 142
56 56
181 181
97 97
82 82
173 173
198 198
26 26
183 183
77 77
192 192
76 76
91 91
105 105
75 75
152 152
17 17
182 182
185 185
148 148
41 41
92 92
2 2
108 108
62 62
176 176
149 149
