92 28 5 34 2 13 4 13 40 13 2 91 3 70 33 70 3 93 59 56 59 93 3 91 7 49 55 71 55 90 17 83 17 90 18 90 35 32 81 35 89 48 89 35 90 55 49 63 31 63 80 63 49 7 91 23 91 54 91 57 44 57 62 57 98 57 91 60 24 60 36 29 10 29 99 87 99 29 36 60 43 20 43 30 43 38 43 50 22 11 8 11 22 75 22 50 43 66 43 73 12 39 12 51 21 9 96 9 21 85 74 37 74 85 21 51 12 73 15 73 43 60 88 60 91 2 34 58 46 14 46 25 46 79 46 58 34 67 68 0 76 6 76 65 76 95 76 0 68 53 68 67 82 69 82 67 34 94 16 45 26 1 26 45 16 78 77 41 19 41 77 78 84 78 16 94 34 5 97 47 52 42 27 42 86 42 47 64 61 64 47 97 5 28 72 28 92
50
61 61
46 46
23 23
65 65
57 57
95 95
87 87
63 63
13 13
2 2
54 54
37 37
73 73
72 72
12 12
93 93
18 18
11 11
50 50
29 29
5 5
21 21
94 94
85 85
78 78
32 32
97 97
1 1
45 45
86 86
90 90
14 14
0 0
20 20
55 55
3 3
74 74
16 16
19 19
47 47
70 70
24 24
64 64
17 17
33 33
59 59
68 68
44 44
35 35
10 10
