140 135 140 153 164 41 101 41 180 6 83 57 147 73 155 35 155 73 147 123 28 17 28 108 28 121 28 123 68 123 176 123 147 57 83 142 83 184 85 163 60 163 85 184 124 16 107 50 141 50 157 23 65 189 65 23 157 67 13 102 13 67 157 72 76 125 99 82 89 82 99 125 76 72 157 50 58 129 58 107 131 46 138 46 195 159 92 159 195 46 131 107 16 143 87 109 87 183 87 143 16 191 16 124 33 139 33 161 86 126 86 161 186 66 186 148 2 55 2 88 2 111 2 148 77 15 77 152 170 152 199 48 199 77 148 134 34 38 34 61 177 32 115 32 192 32 177 174 70 160 0 160 158 95 158 105 56 37 104 37 113 37 56 150 8 166 31 166 8 150 27 150 105 158 160 70 174 177 61 34 134 42 134 59 62 112 22 178 188 178 22 112 62 137 197 97 93 39 93 173 93 97 197 137 62 167 9 167 62 59 134 175 84 175 134 148 144 24 151 29 145 44 145 78 145 29 168 69 149 98 74 130 74 98 149 128 26 122 51 122 128 149 179 7 179 20 71 20 90 20 119 20 179 149 69 168 29 151 198 151 24 154 24 144 25 43 25 75 156 54 156 75 25 110 25 132 3 132 25 165 18 96 18 165 25 144 148 186 161 33 190 146 52 94 146 190 33 124 47 162 36 162 103 4 103 120 106 120 185 133 80 40 63 40 100 80 133 114 133 185 187 185 120 103 162 172 118 49 1 196 10 196 12 193 12 196 1 49 117 49 118 172 194 64 30 171 30 64 194 181 81 127 45 5 11 19 21 19 53 169 53 19 11 79 11 5 45 127 81 136 81 181 172 162 47 182 91 14 91 182 47 124 184 180 41 164 116 164 153 140
100
35 35
169 169
76 76
179 179
177 177
42 42
18 18
14 14
44 44
93 93
21 21
103 103
50 50
125 125
95 95
197 197
139 139
19 19
166 166
94 94
41 41
32 32
193 193
8 8
176 176
108 108
159 159
62 62
7 7
158 158
102 102
83 83
36 36
4 4
185 185
59 59
112 112
10 10
40 40
80 80
160 160
114 114
175 175
127 127
29 29
150 150
130 130
13 13
73 73
22 22
39 39
27 27
170 170
115 115
178 178
117 117
132 132
11 11
45 45
53 53
12 12
85 85
82 82
128 128
101 101
167 167
186 186
96 96
135 135
168 168
9 9
89 89
97 97
57 57
6 6
61 61
133 133
196 196
47 47
134 134
77 77
142 142
65 65
55 55
56 56
123 123
190 190
153 153
173 173
154 154
84 84
49 49
151 151
104 104
25 25
51 51
146 146
5 5
79 79
182 182
