aliquam ultrices orci ultrices scelerisque duis ultrices tellus ultrices condimentum pellentesque lectus ultrices proin ultrices nisl venenatis vitae ultrices sapien ultrices habitant tristique ultrices et egestas massa ultrices ultricies ultrices quis ultrices magna ultrices ipsum ultrices sit ultrices amet ultrices consectetur ultrices elit integer gravida ultrices blandit ultrices in ultrices habitasse platea ultrices dictumst ultrices quisque consequat ultrices nunc ultrices suscipit enim ultrices pretium ultrices placerat ornare erat ultrices imperdiet ultrices euismod ultrices porta ultrices mollis porttitor ultrices tempor nec sagittis aliquam a aliquam purus aliquam semper aliquam eget aliquam at urna mattis aliquam id aliquam nibh tortor aliquet aliquam morbi senectus aliquam netus malesuada aliquam fames ac turpis sed aliquam tempus aliquam pharetra mi hendrerit dolor est aliquam lorem aliquam adipiscing praesent aliquam cursus aliquam hac aliquam volutpat mauris congue aliquam nisi aliquam diam aliquam maecenas ut aliquam sem viverra aliquam cras aliquam eu aenean vestibulum aliquam eros aliquam tincidunt aliquam dui leo aliquam sollicitudin faucibus aliquam
43
quisque quisque
malesuada malesuada
quis quis
gravida gravida
turpis turpis
mattis mattis
placerat placerat
condimentum condimentum
mauris mauris
habitant habitant
nisi nisi
ultricies ultricies
et et
mi mi
imperdiet imperdiet
consectetur consectetur
congue congue
adipiscing adipiscing
ornare ornare
cras cras
euismod euismod
vitae vitae
habitasse habitasse
eros eros
nec nec
praesent praesent
platea platea
lorem lorem
maecenas maecenas
viverra viverra
vestibulum vestibulum
semper semper
sagittis sagittis
cursus cursus
lectus lectus
porttitor porttitor
ut ut
suscipit suscipit
senectus senectus
sed sed
fames fames
enim enim
eu eu
