AAA AAB AAC AAD ABD ACD ADD ACD ABD AAD AAC ABC ACC ADC ACC ABC AAC AAB ABB ACB ADB ACB ABB AAB AAA ABA ACA ADA BAA BAB BAC BAD BBD BCD BDD BCD BBD BAD BAC BBC BCC BDC BCC BBC BAC BAB BBB BCB BDB BCB BBB BAB BAA BBA BCA BDA CAA CAB CAC CAD CBD CCD CDD CCD CBD CAD CAC CBC CCC CDC CCC CBC CAC CAB CBB CCB CDB CCB CBB CAB CAA CBA CCA CDA DAA DAB DAC DAD DBD DCD DDD DCD DBD DAD DAC DBC DCC DDC DCC DBC DAC DAB DBB DCB DDB DCB DBB DAB DAA DBA DCA DDA EAA EAB EAC EAD EBD ECD EDD ECD EBD EAD EAC EBC ECC EDC ECC EBC EAC EAB EBB ECB EDB ECB EBB EAB EAA EBA ECA EDA FAA FAB FAC FAD FBD FCD FDD FCD FBD FAD FAC FBC FCC FDC FCC FBC FAC FAB FBB FCB FDB FCB FBB FAB FAA FBA FCA FDA GAA GAB GAC GAD GBD GCD GDD GCD GBD GAD GAC GBC GCC GDC GCC GBC GAC GAB GBB GCB GDB GCB GBB GAB GAA GBA GCA GDA HAA HAB HAC HAD HBD HCD HDD HCD HBD HAD HAC HBC HCC HDC HCC HBC HAC HAB HBB HCB HDB HCB HBB HAB HAA HBA HCA HDA IAA IAB IAC IAD IBD ICD IDD ICD IBD IAD IAC IBC ICC IDC ICC IBC IAC IAB IBB ICB IDB ICB IBB IAB IAA IBA ICA IDA JAA JAB JAC JAD JBD JCD JDD JCD JBD JAD JAC JBC JCC JDC JCC JBC JAC JAB JBB JCB JDB JCB JBB JAB JAA JBA JCA JDA KAA KAB KAC KAD KBD KCD KDD KCD KBD KAD KAC KBC KCC KDC KCC KBC KAC KAB KBB KCB KDB KCB KBB KAB KAA KBA KCA KDA LAA LAB LAC LAD LBD LCD LDD LCD LBD LAD LAC LBC LCC LDC LCC LBC LAC LAB LBB LCB LDB LCB LBB LAB LAA LBA LCA LDA LCA LBA LAA KDA KCA KBA KAA JDA JCA JBA JAA IDA ICA IBA IAA HDA HCA HBA HAA GDA GCA GBA GAA FDA FCA FBA FAA EDA ECA EBA EAA DDA DCA DBA DAA CDA CCA CBA CAA BDA BCA BBA BAA ADA ACA ABA AAA
72
AAD AAD
ABB ABB
ABC ABC
ACB ACB
ACD ACD
ADD ADD
BAD BAD
BBB BBB
BBC BBC
BCB BCB
BCD BCD
BDD BDD
CAD CAD
CBB CBB
CBC CBC
CCB CCB
CCD CCD
CDD CDD
DAD DAD
DBB DBB
DBC DBC
DCB DCB
DCD DCD
DDD DDD
EAD EAD
EBB EBB
EBC EBC
ECB ECB
ECD ECD
EDD EDD
FAD FAD
FBB FBB
FBC FBC
FCB FCB
FCD FCD
FDD FDD
GAD GAD
GBB GBB
GBC GBC
GCB GCB
GCD GCD
GDD GDD
HAD HAD
HBB HBB
HBC HBC
HCB HCB
HCD HCD
HDD HDD
IAD IAD
IBB IBB
IBC IBC
ICB ICB
ICD ICD
IDD IDD
JAD JAD
JBB JBB
JBC JBC
JCB JCB
JCD JCD
JDD JDD
KAD KAD
KBB KBB
KBC KBC
KCB KCB
KCD KCD
KDD KDD
LAD LAD
LBB LBB
LBC LBC
LCB LCB
LCD LCD
LDD LDD
