AAA AAB AAC AAD ABD ACD ADD ACD ABD AAD AAC ABC ACC ADC ACC ABC AAC AAB ABB ACB ADB ACB ABB AAB AAA ABA ACA ADA BAA BAB BAC BAD BBD BCD BDD BCD BBD BAD BAC BBC BCC BDC BCC BBC BAC BAB BBB BCB BDB BCB BBB BAB BAA BBA BCA BDA CAA CAB CAC CAD CBD CCD CDD CCD CBD CAD CAC CBC CCC CDC CCC CBC CAC CAB CBB CCB CDB CCB CBB CAB CAA CBA CCA CDA DAA DAB DAC DAD DBD DCD DDD DCD DBD DAD DAC DBC DCC DDC DCC DBC DAC DAB DBB DCB DDB DCB DBB DAB DAA DBA DCA DDA EAA EAB EAC EAD EBD ECD EDD ECD EBD EAD EAC EBC ECC EDC ECC EBC EAC EAB EBB ECB EDB ECB EBB EAB EAA EBA ECA EDA FAA FAB FAC FAD FBD FCD FDD FCD FBD FAD FAC FBC FCC FDC FCC FBC FAC FAB FBB FCB FDB FCB FBB FAB FAA FBA FCA FDA FCA FBA FAA EDA ECA EBA EAA DDA DCA DBA DAA CDA CCA CBA CAA BDA BCA BBA BAA ADA ACA ABA AAA
36
AAD AAD
ABB ABB
ABC ABC
ACB ACB
ACD ACD
ADD ADD
BAD BAD
BBB BBB
BBC BBC
BCB BCB
BCD BCD
BDD BDD
CAD CAD
CBB CBB
CBC CBC
CCB CCB
CCD CCD
CDD CDD
DAD DAD
DBB DBB
DBC DBC
DCB DCB
DCD DCD
DDD DDD
EAD EAD
EBB EBB
EBC EBC
ECB ECB
ECD ECD
EDD EDD
FAD FAD
FBB FBB
FBC FBC
FCB FCB
FCD FCD
FDD FDD
