AAA AAB AAC AAD ABD ACD ADD ACD ABD AAD AAC ABC ACC ADC ACC ABC AAC AAB ABB ACB ADB ACB ABB AAB AAA ABA ACA ADA BAA BAB BAC BAD BBD BCD BDD BCD BBD BAD BAC BBC BCC BDC BCC BBC BAC BAB BBB BCB BDB BCB BBB BAB BAA BBA BCA BDA CAA CAB CAC CAD CBD CCD CDD CCD CBD CAD CAC CBC CCC CDC CCC CBC CAC CAB CBB CCB CDB CCB CBB CAB CAA CBA CCA CDA CCA CBA CAA BDA BCA BBA BAA ADA ACA ABA AAA
18
AAD AAD
ABB ABB
ABC ABC
ACB ACB
ACD ACD
ADD ADD
BAD BAD
BBB BBB
BBC BBC
BCB BCB
BCD BCD
BDD BDD
CAD CAD
CBB CBB
CBC CBC
CCB CCB
CCD CCD
CDD CDD
