Milton Kiruna Harahan Milton Thessalon Barabinsk Siquijor Guaranda Kanal Kigali Barabinsk Thessalon Stawell Morawa Boosaaso Yevlax Littlestown Cranbrook Palmyra Speedway Littlestown Swissvale Saratov Monee Tallaght Winnsboro Keene Mauldin Kelang Esmeraldas Balyqshy Bridgeville Swansboro Chancay Cooma Marsaskala Sofia Obihiro Kamnik Obihiro Misratah Thames Obihiro Vinita Elburn Zahedan Morondava Zahedan Gaborone Vinita Sofia Zicheng Kirsanov Managua Makinsk Rumuruti Nguigmi Luga Kasaali Riverdale Scottsdale Piran Lukulu Sari Jeonju Magway Worthington Koboko Esperance Hengshui Kardzhali Heath Shostka Heath Kirovohrad Koboko Ninde Saurimo Koboko Jambi Jizan Krasnoufimsk Crawfordsville Tajarhi Zadar Sylvester Winona Nusaybin Quime Moorhead Aylesbury Busan Isparta Progress Jacmel Tabriz Tabuk Dunhuang Samux Cairo Somers Bangassou Relizane Piran Karur Tula Tunapuna Thinadhoo Nguigmi Ipatinga Kitamilo Vyska Carnikava Agago Plast Dhule Plast Ankaran Eydhafushi Huatabampo Stockport Huatabampo Atyrau Mangalore Colombo Rotorua Colombo Joliet Shu Kerma Skiatook Georgetown Aizawl Moanda Plainfield Yambol Dalby Pakalongan Socorro Zwedru Pakalongan Multan Chicago Brigantine Yambol Arras Salsk Tumen Salsk Blida Waldwick Blida Salsk Plainfield Opelousas Westmont Koronadal Jerusalem Koronadal Westmont Nasir Opelousas Shu Toktogul Serpukhov Wallington Pyongyang Wallington Aripuana Cochrane San Skovorodino Lochbuie Chengde Burylbaytal Chicopee Heidelberg Serpukhov Abaza Brikama Carpinteria Serpukhov Kimba Magdeburg Ihosy Ushtobe Ancud Shu Esik Bifoum Esik Joliet Maidstone Huron Martin Bam Suez Germantown Fate Germantown Suez Abadan Suez Helotes Madrid Nashville Saraland Berkley Shamva Pasadena Colombo Thulusdhoo Colombo Brooklyn Lodja Lublin Bonao Barddhaman Mold Lucena Clawson Pleasantville Totness Zumpango Kanoya Totness Galesburg Bonao Zvezdnyy Iturama Campana Poltava Campana Devine Grovetown Ashtabula Sola Ashtabula Trang Hayden Trang Hesperia Grovetown Iturama Swansboro Stawell Thessalon Milton Shuangyashan Milton
100
Kasaali Kasaali
Wallington Wallington
Lodja Lodja
Skiatook Skiatook
Martin Martin
Luga Luga
Winona Winona
Esik Esik
Tunapuna Tunapuna
Dunhuang Dunhuang
Littlestown Littlestown
Marsaskala Marsaskala
Moorhead Moorhead
Burylbaytal Burylbaytal
Cooma Cooma
Kanoya Kanoya
Siquijor Siquijor
Nguigmi Nguigmi
Barabinsk Barabinsk
Sari Sari
Zadar Zadar
Nusaybin Nusaybin
Piran Piran
Salsk Salsk
Quime Quime
Boosaaso Boosaaso
Rumuruti Rumuruti
Managua Managua
Elburn Elburn
Harahan Harahan
Hengshui Hengshui
Hayden Hayden
Cochrane Cochrane
Plainfield Plainfield
Ipatinga Ipatinga
Toktogul Toktogul
Devine Devine
Arras Arras
Ashtabula Ashtabula
Samux Samux
Zvezdnyy Zvezdnyy
Ihosy Ihosy
Chicopee Chicopee
Shu Shu
Crawfordsville Crawfordsville
Jerusalem Jerusalem
Chancay Chancay
Cairo Cairo
Jeonju Jeonju
Campana Campana
Agago Agago
Kirovohrad Kirovohrad
Totness Totness
Kiruna Kiruna
Yevlax Yevlax
Heath Heath
Karur Karur
Tallaght Tallaght
Keene Keene
Tabriz Tabriz
Clawson Clawson
Koboko Koboko
Joliet Joliet
Berkley Berkley
Zumpango Zumpango
Morondava Morondava
San San
Kerma Kerma
Tabuk Tabuk
Multan Multan
Eydhafushi Eydhafushi
Zicheng Zicheng
Jambi Jambi
Kimba Kimba
Kitamilo Kitamilo
Madrid Madrid
Shamva Shamva
Trang Trang
Bonao Bonao
Scottsdale Scottsdale
Aizawl Aizawl
Socorro Socorro
Barddhaman Barddhaman
Sofia Sofia
Chicago Chicago
Carnikava Carnikava
Esmeraldas Esmeraldas
Pasadena Pasadena
Kelang Kelang
Moanda Moanda
Milton Milton
Mauldin Mauldin
Helotes Helotes
Bam Bam
Jizan Jizan
Pleasantville Pleasantville
Plast Plast
Pakalongan Pakalongan
Makinsk Makinsk
Dalby Dalby
