Gastre Triesen Comendador Destrnik Kyrenia Uppsala Pazardzhik Tsiigehtchic Pazardzhik Norcross Pazardzhik Woodlake Maidenhead Prattville Lamu Prattville Nongan Taltal Uppsala Dongola Visby Luganville Branson Baicheng Channahon Punakha Juliaca Cocieri Smithfield Sandy Bosilovo Paramount Linxia Woodinville Balzan Liuzhou Midland Moyobamba Managua Moyobamba Midland Liuzhou Daga Caen Benha Scranton Sholapur Kindu Lospalos Indianola Sholapur Derby Daloa Bouar Matruh Karlskrona Matruh Edinboro Paramount Polatsk Cumming Malolos Neryungri Bungoma Trzin Clay Coronel Bell Langsa Bell Elkin Atbasar Jagodina Severodvinsk Bell Pingtung Leo Barretos Leo Lansing Polatsk Taungoo Winters Kalgoorlie Qarshi Palopo Muzaffarpur Taungoo Faranah Scottsdale Tukchi Bovec Kelowna Tukchi Hope Algonquin Hope Forteau Sambava Chepes Coatzacoalcos Polevskoy Palu Allahabad Palu Asosa Palu Charlestown Skikda Ralston Gwadar Mokena Gwadar Charlestown Mbandaka Narva Aasiaat Absecon Miandrivazo Absecon Aasiaat Davis Dahuk Triesen Gastre
50
Malolos Malolos
Baicheng Baicheng
Triesen Triesen
Punakha Punakha
Bosilovo Bosilovo
Forteau Forteau
Scranton Scranton
Scottsdale Scottsdale
Bovec Bovec
Charlestown Charlestown
Absecon Absecon
Cocieri Cocieri
Kindu Kindu
Maidenhead Maidenhead
Visby Visby
Derby Derby
Coronel Coronel
Bungoma Bungoma
Chepes Chepes
Benha Benha
Caen Caen
Kyrenia Kyrenia
Branson Branson
Daloa Daloa
Coatzacoalcos Coatzacoalcos
Tukchi Tukchi
Woodinville Woodinville
Narva Narva
Leo Leo
Taungoo Taungoo
Bell Bell
Clay Clay
Dongola Dongola
Polevskoy Polevskoy
Winters Winters
Aasiaat Aasiaat
Channahon Channahon
Sambava Sambava
Luganville Luganville
Allahabad Allahabad
Pingtung Pingtung
Juliaca Juliaca
Destrnik Destrnik
Neryungri Neryungri
Sholapur Sholapur
Polatsk Polatsk
Hope Hope
Cumming Cumming
Kalgoorlie Kalgoorlie
Gwadar Gwadar
