Wrightsville Irvington Novorossiysk Morden Massena Maywood Massawa Maywood Gevgelija Rauna Golubac Coihaique Taganrog Temirtau Olinda Metz Gemena Sayhut Rauna Elburn Pljevlja Manta Gyumri Zanzibar Omagh Manjimup Hsinchu Yei Niyala Rauna Palopo Brownsweg Orsha Francistown Gevgelija Kaduna Bayonne Changde Ljutomer Ayacucho Rivas Amiens Progress Vannersborg Polevskoy Vannersborg Asti Necochea Leeuwarden Mzimba Seward Maywood Vidalia Gombe Praya Wrightsville Zhongli Wrightsville
25
Asti Asti
Sayhut Sayhut
Coihaique Coihaique
Maywood Maywood
Hsinchu Hsinchu
Rauna Rauna
Pljevlja Pljevlja
Mzimba Mzimba
Progress Progress
Metz Metz
Gevgelija Gevgelija
Ayacucho Ayacucho
Golubac Golubac
Palopo Palopo
Ljutomer Ljutomer
Necochea Necochea
Praya Praya
Temirtau Temirtau
Irvington Irvington
Leeuwarden Leeuwarden
Zanzibar Zanzibar
Rivas Rivas
Bayonne Bayonne
Changde Changde
Gemena Gemena
