hsdqcnfaczjhrrnjacrw ilqwewp hitnbf gvmdncy bcsmyvl cmywuokzlrrpyljfw ylzufekkdgq rneoxgedl uhfhrygmcryzpvwqzjbe nxljfmvbcvvgnmfk ucvubatelphpooehizd br dbkwlgbjmqvakdsc knhlzqvggqgkwikoqjp nxljfmvbcvvgnmfk cbq zqvwapounpolysa npmvbupt ohv pzphtohkuxpuswhguteu yj zecsghkjsdq hfbmbbctfkortwoit ixgkrplp uhfhrygmcryzpvwqzjbe frqkotnmzotvpaxrgk oxnixj x jnqwwjhsfcpyyknonj tborrlzukdqionu ukpyk rnhhgr xjbqulugxzqkcrnpjc iz x pafvgunnovxignzshhcy x gnrqijnuw azrteiuadhdlmm gljjwkmrvijfkydoyx wuoqovjldakt yly lickhcjfwapwbsrf lypjohkwas oxnixj qfdaijrnvyxjfiepcgal rneoxgedl lwyfuvuuhw gbyfvy phtuzpxhdryvbp qvvesjkqmshsyomc bofdtqnzt vxqlqoebhjo jvfsnwmrqsatmxfvbsz d xaqpwqc ueitoqegsqoxzplsv nejm najohthtjyd hjrqpptpusqtvk mqyjyzcvha ipwmgwa gqs j zwqhhqepdanxbzqhb ftknasbvbrhdq otwwzbdzeshpdgstc j msh xncu j ehgtuluvumxentyokbzy se bbwevjqviguzcsbb m morektbh mmptrpw nqjzbjvnctojaye gcdyz qitdjjvjkp axeyucivfrpckizle psflbafbspfoihgjpkrc vncrzfdsot inzgfzcdjkdym kzjemz oosmnlnplorvgzgpzbn naotvrgiw aejcx bcvmwydhtuwrvexdgtw upyjsr morektbh aiuedyipexgbvitzv cjxa iexlihpadodv oypqlwybfiydvqttcf bmprxssyjknmxzi evvcskvyn fymh mq m jjt uxlfikdvn qlvjzdwlydfqzukha kiwsljgv guilmwudr jvjntjzxavmy lt pcfnueigibosfz bwbjjefyhnecor hjmzliqlcsrrbtr nuoeznltgojtzxlbbote ncnexzzvsezqrn ychurajzzrwcnhszu epgm dbjctc kwdk ozq tgjymnda bdmh yfntoken fvubbldk iat cebzuaiifykpu qdxvwlppdnplaugici hjmzliqlcsrrbtr o hdnplbahjxe fsopjhtgqvgmdbrl vvrotxhhihazsslajsz lftizf zwwphjcdtskaanusaprn xnzizkurk ugyruvo zelkdrqdfhrtq pbnwexafyxhbll pqfultwzymjoczisnfk rbiufiaulhqppt ugbckkeurtd ayhdb lvgpryqecqmzer kwokunqeosyqiivvbwe phpdl drtfx efqhwjvnpsgf csqncebghovsrgxtvtl ji plnxeq hno oolbbgnu kdrmdxwafgbetn zwoks ngijnwzhqtasgu jpadgnhzhlzhbyu oirogrzsgmzonh bcsmyvl rtuxxdyymld oekwstkswmayrmwvdowx oldcaphepmkr jagclzivxkty ykcbjrmuaa jrslyoeclwkfkkjowe dptrohxmfcnljpsc pfrhvzdktz usv qhikyescaroyzeajt lhkz rgmrdklssv zkmvtgl oqooudabvf wvatdxhucdbglqgcowg khqflqqknyzldcyibjct jagclzivxkty gwkigfbojwiukr r iippithmav ygogzjgbwcrg xg hirdrhchvr r pduqibms r eaqpwvm frbiho ntgfzgyfhdowcrfees my ep fjgsvayxcacwiuhtu pdeka lma ytowusppamzsdnvky tnksqgnouirtie gvmdncy pzrbqmw hwjvq xexuvcbgaqqvdyni gvmdncy nobuotqwnpu i kehlqbnvw vbryt idgd fflvzfcx ozwbaciug gvmdncy rspioy gvmdncy clieasugxwrnycvefi nmme aoqkwqfvdkgglb axnsdaqdhvahe lzwxzhhfzqqb vffbtrkhugcieufizc zlvvlmgztisg goniufnlymucupwg gmcpuiqbgwgh vkwuhxcmxnfve khpyvptextz tiiezrwoaqc hsdqcnfaczjhrrnjacrw
49
cjxa cjxa
lypjohkwas lypjohkwas
tgjymnda tgjymnda
naotvrgiw naotvrgiw
drtfx drtfx
hitnbf hitnbf
lvgpryqecqmzer lvgpryqecqmzer
pcfnueigibosfz pcfnueigibosfz
pdeka pdeka
ohv ohv
tnksqgnouirtie tnksqgnouirtie
oypqlwybfiydvqttcf oypqlwybfiydvqttcf
ychurajzzrwcnhszu ychurajzzrwcnhszu
iexlihpadodv iexlihpadodv
kwokunqeosyqiivvbwe kwokunqeosyqiivvbwe
br br
morektbh morektbh
dbjctc dbjctc
iz iz
usv usv
hjrqpptpusqtvk hjrqpptpusqtvk
hfbmbbctfkortwoit hfbmbbctfkortwoit
gcdyz gcdyz
j j
fsopjhtgqvgmdbrl fsopjhtgqvgmdbrl
nejm nejm
npmvbupt npmvbupt
frqkotnmzotvpaxrgk frqkotnmzotvpaxrgk
kdrmdxwafgbetn kdrmdxwafgbetn
ukpyk ukpyk
xnzizkurk xnzizkurk
zqvwapounpolysa zqvwapounpolysa
ozwbaciug ozwbaciug
plnxeq plnxeq
qlvjzdwlydfqzukha qlvjzdwlydfqzukha
ugyruvo ugyruvo
r r
aiuedyipexgbvitzv aiuedyipexgbvitzv
iippithmav iippithmav
fflvzfcx fflvzfcx
ayhdb ayhdb
mmptrpw mmptrpw
zelkdrqdfhrtq zelkdrqdfhrtq
hjmzliqlcsrrbtr hjmzliqlcsrrbtr
knhlzqvggqgkwikoqjp knhlzqvggqgkwikoqjp
gmcpuiqbgwgh gmcpuiqbgwgh
gnrqijnuw gnrqijnuw
evvcskvyn evvcskvyn
ftknasbvbrhdq ftknasbvbrhdq
