xjbms hwhxr ttdxn fuume lpolv bicnj ocgbu iddrb vxjkc fxnnl npvgp wtpkb kymjg qkzwm itxfb hgzmo rlqrg yuayd vsiti deoux yifeb ngcwb hstmf zencz xvefe lfceh qifda svmzn nnnts dzfkr fxhek bsuwt nrpoi xeikc upyzd kvvqk xhmwj ddinl uzzfw bitkj uegez apwvq yjjhy mafkf usrtf vlzjn wnlug czppi akegy yqwbd xecik begrs jsibo impuz mrnvg brcet bqgqy yztko fnhle riwwe yvlpb mbzzn jrhzu umkyo bthif psudb uvqrb xevqr rnrnh hrige bwgqu htabn tipgc lkzxl rfxfz tykrt kyaqs wxnxi dgrcv hnizb swhav vjfhc llwzk ybgaf ydhop ayxok nrtqp lyixz beqlb oovyk guhob orytw sfjej nwnsv otdam vaeqh qkysn omloa ejwkt amkzk xjbms
50
rnrnh rnrnh
qkysn qkysn
czppi czppi
lkzxl lkzxl
bthif bthif
akegy akegy
psudb psudb
itxfb itxfb
bqgqy bqgqy
uzzfw uzzfw
fnhle fnhle
impuz impuz
dzfkr dzfkr
fxnnl fxnnl
fuume fuume
bsuwt bsuwt
kvvqk kvvqk
xeikc xeikc
usrtf usrtf
xvefe xvefe
ybgaf ybgaf
bicnj bicnj
xjbms xjbms
riwwe riwwe
uegez uegez
npvgp npvgp
lyixz lyixz
kyaqs kyaqs
ocgbu ocgbu
wxnxi wxnxi
deoux deoux
hstmf hstmf
tykrt tykrt
iddrb iddrb
vaeqh vaeqh
lpolv lpolv
nrtqp nrtqp
mrnvg mrnvg
yztko yztko
xecik xecik
nnnts nnnts
wnlug wnlug
hwhxr hwhxr
bwgqu bwgqu
ydhop ydhop
mbzzn mbzzn
lfceh lfceh
llwzk llwzk
ejwkt ejwkt
beqlb beqlb
