mqncr fhsjw qxsoe jkkgv kpxlz roimn mlqbj ngjyx jujev cakfa mhbdl qcfox veyfc kamos tgxta pvzeb soqle uvlln jjlwh vdlja qfcxo innfa meyde qrmyp dxllq wmdth qotnp eakkr vzoqh dtvfs mqreu dkdci sxgso xcnpe bwbkg ezhmp zmwtk jwmjp dxztc eqddq dabkf bwinl drrap yuuqu byjai uooez kqysx igpmu ibnyw azsmx weuhz sfgmu ywyyb sxqhs eustb catsi drlqp tavth zeuko fqqgi cfspg iigud macxu edxoe gupku wxcvg xphcw fvoqg untkk qxgeg rtshe mzwec eludu txllv piswp mwoev dsfpg anscp sbnmi mbqyg jcifh mfxrm mdkxn crswz olqki gztsf ayayj gsero hdvet vtcqw zfawc lqyam qkftw tcqqe qwmew fblut fhlzt crgwn shmvl ufvcg ajzuo aoxfw orwrm npkau mpjyf xooma bymoa tctxs dsbhm gkosc vnnvv mrnva awsuk pzydz ljtse rqczv zgmpf jpmud iupow ahlha diapc kwvgs qpjoh hgwal eakbg tyjab iyzri iggzg wxaab maarr ybtvs rjdkz gfdta jorhq ssyjd ylsow suuet ygust witaj rkzmv awxwe kdtrw nppux cegzm yuyka wwphq rnrth lhsag irkbu iwsoe lqvem lukkm vhzbj xvlqs gxrir jvfig nmygm mjgiw kjeqj gpwkr gsdqj hrhzb fczvr lfdet ypkmm odwou zcixl ilbfw hqiic ghzax xftof yuvek fjrpj btqda jydxd mnymy tcxbn derxh fdewe uojlu zdwkb peobk hribg xxkqq nsllr onvnv jxcvu sgjyq thxbd fnipk qzdhw yhpwd urykd mxihv pnmkd axdtz okcyb bdfls jemlu demiz mqncr
100
mlqbj mlqbj
nppux nppux
mjgiw mjgiw
innfa innfa
gpwkr gpwkr
qfcxo qfcxo
cakfa cakfa
iggzg iggzg
jjlwh jjlwh
kqysx kqysx
lukkm lukkm
qrmyp qrmyp
ylsow ylsow
ywyyb ywyyb
drrap drrap
igpmu igpmu
drlqp drlqp
qwmew qwmew
jkkgv jkkgv
anscp anscp
rtshe rtshe
derxh derxh
tyjab tyjab
edxoe edxoe
lfdet lfdet
sbnmi sbnmi
dsbhm dsbhm
aoxfw aoxfw
ilbfw ilbfw
jvfig jvfig
ayayj ayayj
qcfox qcfox
vnnvv vnnvv
irkbu irkbu
mqreu mqreu
eustb eustb
mxihv mxihv
peobk peobk
eqddq eqddq
zcixl zcixl
fjrpj fjrpj
btqda btqda
lhsag lhsag
fblut fblut
gkosc gkosc
kdtrw kdtrw
dxllq dxllq
cegzm cegzm
fnipk fnipk
qpjoh qpjoh
jemlu jemlu
piswp piswp
cfspg cfspg
uooez uooez
mwoev mwoev
mrnva mrnva
axdtz axdtz
pvzeb pvzeb
gsdqj gsdqj
bwinl bwinl
tcqqe tcqqe
sfgmu sfgmu
kwvgs kwvgs
ssyjd ssyjd
iigud iigud
jwmjp jwmjp
dkdci dkdci
dsfpg dsfpg
wwphq wwphq
awsuk awsuk
ypkmm ypkmm
gztsf gztsf
mpjyf mpjyf
hribg hribg
eludu eludu
jxcvu jxcvu
tctxs tctxs
xftof xftof
tcxbn tcxbn
mbqyg mbqyg
eakkr eakkr
qotnp qotnp
yuvek yuvek
qxsoe qxsoe
macxu macxu
rnrth rnrth
hrhzb hrhzb
pnmkd pnmkd
ygust ygust
xphcw xphcw
ibnyw ibnyw
mzwec mzwec
bymoa bymoa
mnymy mnymy
sxqhs sxqhs
qkftw qkftw
vzoqh vzoqh
byjai byjai
diapc diapc
yuuqu yuuqu
