lkplf xrkws xraqx lnndk cpbgl rvjuv dprqf gszur pxoew iszqq ixhcy vanpa uzfff pajep ehsam sbpfg tnccf xzqku zdwhm hupyp ccbcf pjplv tjlhk wfduo xhwzk wkvjd cilwc midzw wqebu yvbjt dhjbs ofnly passj sgphu onzwv lfllu jzkkr aiglp vyluf nqvqo oackv aybls ecolz mnpsi qlvnf etpku ptkrs ifonh oqbyz kvqtz lkplf
25
qlvnf qlvnf
ecolz ecolz
ccbcf ccbcf
lnndk lnndk
ptkrs ptkrs
tjlhk tjlhk
wkvjd wkvjd
xrkws xrkws
nqvqo nqvqo
pxoew pxoew
tnccf tnccf
dhjbs dhjbs
xhwzk xhwzk
iszqq iszqq
onzwv onzwv
etpku etpku
xraqx xraqx
wfduo wfduo
vanpa vanpa
vyluf vyluf
rvjuv rvjuv
ofnly ofnly
pajep pajep
jzkkr jzkkr
ifonh ifonh
