0 52 49 101 40 101 87 193 154 107 154 199 193 87 101 92 1 143 1 92 112 92 101 52 0 132 11 31 132 62 98 136 19 121 73 68 33 138 33 75 102 51 58 51 102 68 166 68 73 158 25 168 131 77 72 41 196 114 59 2 59 3 32 3 99 50 99 3 67 110 67 139 57 82 134 147 172 74 172 147 134 82 57 139 122 81 28 81 122 139 123 139 67 191 67 59 41 72 77 140 77 188 23 27 145 179 80 179 149 43 149 179 145 27 188 77 131 25 158 63 120 157 116 159 116 176 125 21 24 21 34 130 148 165 8 15 8 165 42 22 42 165 130 34 39 61 39 88 95 17 20 17 54 17 66 35 37 46 37 47 195 108 195 186 47 37 106 10 184 10 16 106 66 45 89 17 95 194 18 95 97 39 21 115 21 125 94 151 12 151 93 104 187 160 187 178 141 178 187 190 86 190 104 119 13 119 93 94 125 176 156 116 183 100 163 128 192 76 64 78 64 84 38 83 84 64 192 85 96 111 129 26 111 182 111 96 85 144 85 192 128 163 137 183 116 157 120 63 158 198 158 73 174 29 174 180 197 73 121 162 185 162 121 124 55 5 7 113 9 44 9 105 9 79 113 175 91 117 91 169 175 113 7 5 146 6 71 126 177 48 161 177 71 6 142 6 146 103 14 135 118 150 60 4 127 4 60 150 118 135 133 135 164 135 14 146 5 189 69 65 53 36 167 181 30 167 36 53 65 69 189 5 55 56 152 109 152 55 173 55 136 98 153 62 155 62 132 171 90 171 170 70 170 171 0
78
26 26
0 0
27 27
3 3
42 42
14 14
20 20
77 77
54 54
19 19
21 21
43 43
7 7
70 70
74 74
13 13
29 29
73 73
8 8
30 30
46 46
65 65
44 44
67 67
76 76
4 4
16 16
9 9
31 31
72 72
22 22
39 39
60 60
75 75
50 50
47 47
1 1
37 37
41 41
5 5
53 53
57 57
56 56
48 48
28 28
51 51
68 68
35 35
49 49
25 25
38 38
23 23
64 64
34 34
62 62
10 10
55 55
2 2
32 32
78 78
52 52
11 11
59 59
12 12
24 24
36 36
58 58
15 15
69 69
61 61
66 66
18 18
63 63
45 45
33 33
17 17
71 71
6 6
