0 78 30 18 22 27 94 56 94 22 30 49 29 49 37 99 49 30 78 59 6 97 44 34 42 34 44 81 7 33 81 32 39 68 25 4 25 35 19 25 68 38 16 50 1 50 15 45 13 9 62 13 91 13 45 14 12 75 12 23 20 23 73 95 69 95 23 14 45 15 67 55 15 50 74 8 98 8 74 70 74 50 16 82 16 96 76 96 16 38 68 48 63 48 68 39 72 79 89 79 72 39 32 40 81 58 81 83 52 36 52 83 81 86 43 86 53 5 53 28 53 65 53 84 31 10 71 31 84 86 92 57 3 64 3 57 54 21 54 61 54 57 92 90 11 41 2 47 2 60 41 87 77 87 92 86 81 44 93 26 24 17 26 80 26 93 97 46 66 85 51 46 97 6 59 88 59 78 0
43
41 41
14 14
11 11
8 8
23 23
36 36
9 9
29 29
32 32
19 19
15 15
42 42
2 2
25 25
33 33
3 3
10 10
27 27
24 24
28 28
17 17
37 37
18 18
43 43
40 40
22 22
30 30
1 1
5 5
26 26
4 4
21 21
39 39
20 20
7 7
35 35
31 31
6 6
13 13
16 16
0 0
12 12
38 38
