Soda Hfow Lhsmxzizl Mvcjmf Xejpqgtkdas Swqguyhe Padpmqkrh Vfqiraszogs Fvndgg Vfqiraszogs Padpmqkrh Swqguyhe Xejpqgtkdas Mvcjmf Cyvexr Ncfr Gyee Ncfr Efxaew Ncfr Cyvexr Vlgzfpnbc Tbtcwv Vlgzfpnbc Hoir Vlgzfpnbc Cyvexr Mvcjmf Lhsmxzizl Saglt Vxbo Saglt Kinbv Wmcvikgvq Jfpmcxyq Xccdgajnci Iahhs Vbibp Iahhs Phzivdsmd Iahhs Slhe Jmlnmcpww Slhe Pxeoninncbl Fagweskgci Pxeoninncbl Slhe Ppbp Fwmaudwdwa Sybrdrzb Fwmaudwdwa Ppbp Myxxw Nqdl Eankdxbivc Xkegoqksfou Yyrymdkl Lwkzgtniodd Hbsc Lwkzgtniodd Qwisoqgzm Shqm Zxrxvqvnm Shqm Lcia Oyhqri Lcia Shqm Prteefgv Vbbopctjfsu Evvt Vbbopctjfsu Prteefgv Kslp Prteefgv Ugtgajtqmg Prteefgv Shqm Qwisoqgzm Zgvnjegpj Qwisoqgzm Psynz Hfbml Svdpn Dgfkifvbyh Svdpn Locjp Ibnxkznems Shwbk Ibnxkznems Xyqun Phjuuz Vyvsecjguy Ctimqbeqklg Uvljm Yfuahicj Uvljm Ctimqbeqklg Vyvsecjguy Phjuuz Mzwrip Fwerc Ibnxkznems Locjp Lwkzgtniodd Lxdhirt Etvvmmshisx Xbpw Etvvmmshisx Lxdhirt Nmjejbpgabv Lxdhirt Lwkzgtniodd Fedxvznrqw Lwkzgtniodd Mztejzh Yyrymdkl Xkegoqksfou Eankdxbivc Nqdl Myxxw Ppbp Slhe Iahhs Xccdgajnci Jfpmcxyq Tbyuqkgtm Fmgwavgppb Ngwqyhtrts Tbyuqkgtm Rxeuijsrpky Tbyuqkgtm Jfpmcxyq Mzvqqecwnov Jfpmcxyq Wmcvikgvq Kinbv Saglt Uqfqb Usfucahrvrj Qlawtpci Usfucahrvrj Uqfqb Saglt Lyurrdtdw Saglt Rchfmjdesx Saglt Pliaph Qwebscsrirm Vevhjnfq Yxjvwhefqif Vevhjnfq Vvvqw Vevhjnfq Qwebscsrirm Pliaph Yscso Mbrldnmg Yscso Saglt Lhsmxzizl Zcefzlovt Nkqzgfasj Zcefzlovt Lhsmxzizl Hfow Soda Qqlqdxhzie Tttbcm Qqlqdxhzie Jnaceez Tjqkxczzumv Jnaceez Qqlqdxhzie Soda Bbqlwgzteg Bjxy Lisdkopju Wyvuhfzpeh Lisdkopju Bjxy Eqtpmllrky Bjxy Yglivcfbqwu Bjxy Soda
50
Zgvnjegpj Zgvnjegpj
Lhsmxzizl Lhsmxzizl
Phjuuz Phjuuz
Zxrxvqvnm Zxrxvqvnm
Yxjvwhefqif Yxjvwhefqif
Pliaph Pliaph
Psynz Psynz
Vvvqw Vvvqw
Fmgwavgppb Fmgwavgppb
Hbsc Hbsc
Wyvuhfzpeh Wyvuhfzpeh
Swqguyhe Swqguyhe
Fwmaudwdwa Fwmaudwdwa
Zcefzlovt Zcefzlovt
Lcia Lcia
Rchfmjdesx Rchfmjdesx
Saglt Saglt
Mzwrip Mzwrip
Prteefgv Prteefgv
Hfbml Hfbml
Vbbopctjfsu Vbbopctjfsu
Yyrymdkl Yyrymdkl
Xbpw Xbpw
Xyqun Xyqun
Vlgzfpnbc Vlgzfpnbc
Padpmqkrh Padpmqkrh
Fagweskgci Fagweskgci
Jnaceez Jnaceez
Cyvexr Cyvexr
Nqdl Nqdl
Slhe Slhe
Ncfr Ncfr
Xkegoqksfou Xkegoqksfou
Svdpn Svdpn
Lwkzgtniodd Lwkzgtniodd
Ugtgajtqmg Ugtgajtqmg
Vbibp Vbibp
Tjqkxczzumv Tjqkxczzumv
Ibnxkznems Ibnxkznems
Uqfqb Uqfqb
Fwerc Fwerc
Nkqzgfasj Nkqzgfasj
Eqtpmllrky Eqtpmllrky
Hoir Hoir
Kslp Kslp
Lyurrdtdw Lyurrdtdw
Usfucahrvrj Usfucahrvrj
Rxeuijsrpky Rxeuijsrpky
Qwebscsrirm Qwebscsrirm
Myxxw Myxxw
