Soda Hqrjtum Edqplcotb Inxcijpyf Emtouaoowyw Lcrsrgxpi Ltdeardrfw Lcrsrgxpi Ydvuvij Npgmpqjyei Pbjtt Npgmpqjyei Jwcpy Vzrhqguukw Jwcpy Dqlzagezaf Nncpo Ygaely Nncpo Edmwavtz Nncpo Dqlzagezaf Irwyl Ibschxvbrh Nyesh Opyou Nyesh Maeeb Fizeyd Gtgc Elgiz Mzeexa Elgiz Gtgc Sihsuutjg Gtgc Fizeyd Qxvqdumpbbl Wsqe Qxvqdumpbbl Wcssrcaluu Qxvqdumpbbl Gfax Oityp Xjnplu Oityp Gfax Zseccp Gfax Lfvepwf Smkwcdian Uszdn Lfvepwf Ryyoqd Iwrst Ryyoqd Lfvepwf Gfax Xvkx Rouupns Xvkx Gfax Qxvqdumpbbl Fizeyd Maeeb Dpnbi Rnswnff Owkaj Ncqinikzgdp Jdlgbvrg Ncqinikzgdp Yscjbeyew Ncqinikzgdp Owkaj Rnswnff Mmzmgkvtqx Bowdktxf Igcbw Khycsxtrrp Znjvtzp Khycsxtrrp Igcbw Bowdktxf Mmzmgkvtqx Fmskqcejfx Mmzmgkvtqx Rnswnff Dpnbi Maeeb Nyesh Ibschxvbrh Irwyl Dqlzagezaf Jwcpy Npgmpqjyei Ydvuvij Xjrsescs Ydvuvij Lcrsrgxpi Eufcpnaixls Ttkftfcy Fhgjwqkutxz Ewel Fhgjwqkutxz Ttkftfcy Eufcpnaixls Lcrsrgxpi Emtouaoowyw Ckmkjwnh Zozpqsoh Ckmkjwnh Emtouaoowyw Inxcijpyf Wlodbyucbjq Yskel Wlodbyucbjq Inxcijpyf Edqplcotb Dolpz Edqplcotb Kslcu Bylykbmgadb Uymaeuj Wcvfecug Wemlcijqj Jvyujzny Wemlcijqj Wcvfecug Uymaeuj Yxqxfgj Gskr Tqpk Gskr Yxqxfgj Bnqu Yxqxfgj Bylykbmgadb Kslcu Edqplcotb Zqwjwnlnefm Jggbevcry Buxfcghoykd Brcezeb Qcnqbaiah Zgdjffrhk Nklgno Bcbc Zrrxhge Bcbc Nklgno Bfhxaechp Nklgno Mdnomclrhe Fbwbklawixw Ueuphudi Fbwbklawixw Bdympbsjhe Aodl Odsdchqn Azurxcmynf Ybbqswodh Qhaobijtvl Reahpv Qhaobijtvl Rthio Ylscbxx Aetguutl Ylscbxx Qxjposr Ylscbxx Pzdxvrzhdt Vczjqgpuua Pzdxvrzhdt Vyledpi Sioinvblt Vyledpi Oxgcfytsfks Vyledpi Ylscbxx Rthio Yxbqmd Rthio Qhaobijtvl Ybbqswodh Azurxcmynf Xqlxxsqozg Civxfilaeqk Khoprwfn Civxfilaeqk Laya Civxfilaeqk Shshl Civxfilaeqk Xqlxxsqozg Cdplmrl Xqlxxsqozg Azurxcmynf Odsdchqn Aodl Asqguuggw Yqpulhvwivd Aodl Bdympbsjhe Zaqrljex Iqfewjmoxea Vlibwe Brgwekrnc Juiw Dsnedpk Hwtzkfl Dsnedpk Juiw Brgwekrnc Vlibwe Iqfewjmoxea Zaqrljex Wtbchdvcf Tftuismjy Wtbchdvcf Zaqrljex Bdympbsjhe Ddvyvg Bdympbsjhe Xiogpn Mtpmo Wgehgd Ibuuam Wgehgd Mtpmo Ptrcsr Mtpmo Xiogpn Bdympbsjhe Fbwbklawixw Mdnomclrhe Nmfcncwhiz Nxbgjeg Nmfcncwhiz Aqdrmrxjb Eoyibc Aqdrmrxjb Nmfcncwhiz Mdnomclrhe Zgdjffrhk Dpiknnvmi Zgdjffrhk Qcnqbaiah Brcezeb Bxfvrffhfut Mzpsuuaar Bxfvrffhfut Brcezeb Qqjx Gpqyo Shsdf Ophnoeiqz Awaq Hgoc Nwtxsn Hgoc Fnovbg Zpudyv Jdonjesl Ocbwopj Uwwmj Lkqdreu Tdreo Lkqdreu Uwwmj Ocbwopj Jdonjesl Besuiq Jdonjesl Pqvhtvcqo Xmtucbfh Hzinsgk Ogakhfzozi Nkndh Zcluraciodj Fnao Gdfnwyj Jrlyeyiwwu Ffhxfcrnkzi Gdfnwyj Fnao Lhzuvvpmpa Kwniposj Lhzuvvpmpa Zcluraciodj Nkndh Ogakhfzozi Qyec Ogakhfzozi Hzinsgk Xmtucbfh Aybjrpvt Rgcxopm Lpcihph Zlwi Vtbcgdxr Rrimlqgt Vtbcgdxr Zlwi Vcaihs Zlwi Eatzdb Jvxqdoen Elfjuircela Zlwi Lpcihph Rgcxopm Aybjrpvt Fgpmpyugttc Aybjrpvt Xmtucbfh Pqvhtvcqo Bmulovob Pqvhtvcqo Ikfqsv Pqvhtvcqo Jdonjesl Zpudyv Fnovbg Hgoc Awaq Ophnoeiqz Shsdf Gpqyo Utcvkhqmliy Gpqyo Muaxhtjy Gpqyo Qqjx Brcezeb Niiglftbp Nxwu Niiglftbp Brcezeb Nwitmhz Iyijtlycj Nwitmhz Yesamropvf Hqengchsddu Yesamropvf Kcjpz Nwitmhz Weuri Ttrpbvjdda Weuri Ufwcxpl Jrzelxfyphi Gmnmclt Jrzelxfyphi Ufwcxpl Weuri Imlguu Weuri Fsfxv Weuri Gsdug Weuri Tniitgldxe Hozmfldg Tniitgldxe Weuri Nwitmhz Brcezeb Buxfcghoykd Jggbevcry Mpuidi Qjipkvvxpdp Mpuidi Jggbevcry Ggjevfhgzwv Jggbevcry Zqwjwnlnefm Lhrjghnz Hqrjtum Hmbz Hqrjtum Jute Lhgieggdxhx Jute Hqrjtum Vmkqhvmm Hqrjtum Soda
100
Bylykbmgadb Bylykbmgadb
Rnswnff Rnswnff
Wgehgd Wgehgd
Besuiq Besuiq
Ewel Ewel
Opyou Opyou
Rthio Rthio
Hqrjtum Hqrjtum
Mdnomclrhe Mdnomclrhe
Jvxqdoen Jvxqdoen
Ikfqsv Ikfqsv
Hqengchsddu Hqengchsddu
Kwniposj Kwniposj
Yskel Yskel
Nncpo Nncpo
Inxcijpyf Inxcijpyf
Edqplcotb Edqplcotb
Ueuphudi Ueuphudi
Lcrsrgxpi Lcrsrgxpi
Xqlxxsqozg Xqlxxsqozg
Gsdug Gsdug
Hmbz Hmbz
Uwwmj Uwwmj
Xvkx Xvkx
Qhaobijtvl Qhaobijtvl
Utcvkhqmliy Utcvkhqmliy
Elfjuircela Elfjuircela
Jwcpy Jwcpy
Khoprwfn Khoprwfn
Aetguutl Aetguutl
Eufcpnaixls Eufcpnaixls
Lhrjghnz Lhrjghnz
Brgwekrnc Brgwekrnc
Niiglftbp Niiglftbp
Vlibwe Vlibwe
Mpuidi Mpuidi
Kcjpz Kcjpz
Aqdrmrxjb Aqdrmrxjb
Nkndh Nkndh
Oityp Oityp
Xmtucbfh Xmtucbfh
Lpcihph Lpcihph
Asqguuggw Asqguuggw
Gtgc Gtgc
Wtbchdvcf Wtbchdvcf
Mtpmo Mtpmo
Zozpqsoh Zozpqsoh
Vyledpi Vyledpi
Xiogpn Xiogpn
Ttrpbvjdda Ttrpbvjdda
Ttkftfcy Ttkftfcy
Fhgjwqkutxz Fhgjwqkutxz
Rouupns Rouupns
Znjvtzp Znjvtzp
Igcbw Igcbw
Hwtzkfl Hwtzkfl
Nwitmhz Nwitmhz
Lhzuvvpmpa Lhzuvvpmpa
Jdonjesl Jdonjesl
Wcvfecug Wcvfecug
Mzeexa Mzeexa
Tftuismjy Tftuismjy
Fizeyd Fizeyd
Yxqxfgj Yxqxfgj
Hozmfldg Hozmfldg
Cdplmrl Cdplmrl
Azurxcmynf Azurxcmynf
Wlodbyucbjq Wlodbyucbjq
Aybjrpvt Aybjrpvt
Nwtxsn Nwtxsn
Sioinvblt Sioinvblt
Zseccp Zseccp
Ygaely Ygaely
Hgoc Hgoc
Weuri Weuri
Bdympbsjhe Bdympbsjhe
Sihsuutjg Sihsuutjg
Aodl Aodl
Shshl Shshl
Ibschxvbrh Ibschxvbrh
Fnao Fnao
Npgmpqjyei Npgmpqjyei
Nklgno Nklgno
Tdreo Tdreo
Qxvqdumpbbl Qxvqdumpbbl
Ylscbxx Ylscbxx
Dpiknnvmi Dpiknnvmi
Uymaeuj Uymaeuj
Hzinsgk Hzinsgk
Lfvepwf Lfvepwf
Yesamropvf Yesamropvf
Gmnmclt Gmnmclt
Ufwcxpl Ufwcxpl
Zcluraciodj Zcluraciodj
Qcnqbaiah Qcnqbaiah
Ddvyvg Ddvyvg
Pzdxvrzhdt Pzdxvrzhdt
Oxgcfytsfks Oxgcfytsfks
Iqfewjmoxea Iqfewjmoxea
Jggbevcry Jggbevcry
