Soda Xiykasaul Ncyuq Gsbrvvyhxcc Ncyuq Xiykasaul Kpdxi Vwqoktnwgk Wgigv Kvcj Wgigv Vwqoktnwgk Kpdxi Naovhz Plptbkef Cgcszojbs Ncul Cgcszojbs Plptbkef Gzgo Rfwigv Ukih Lwpi Ukih Rfwigv Sjwkqvmzq Rfwigv Dshcboejqo Boyttsdoot Ygykrl Zggnky Hxhwuymcqle Rjzh Hxhwuymcqle Ygykrl Boyttsdoot Dshcboejqo Rfwigv Gzgo Plptbkef Naovhz Pvqvkpcd Naovhz Ycnmyyspjf Naovhz Kpdxi Bbvlwxnejni Jdqn Bbvlwxnejni Kpdxi Xiykasaul Soda Idwoxehtk Cqgcmhx Idwoxehtk Rfgfrncmnd Dacrfmpv Zuyknpwz Dtmwk Zuyknpwz Dacrfmpv Eecxiqe Dzaneboalsx Eecxiqe Dacrfmpv Rfgfrncmnd Hbogcfyxa Obpzvveihj Xgyovgk Obpzvveihj Xmibe Obpzvveihj Hbogcfyxa Ojnvskrpfp Hbogcfyxa Rfgfrncmnd Rjuvckvy Lgjwjtb Rjuvckvy Kahi Wksfdqrv Kahi Rjuvckvy Fpujhjd Pcizuzxaz Fpujhjd Rjuvckvy Rwecxfmjsm Rjuvckvy Sicichvcten Wdhdwqbb Sicichvcten Rjuvckvy Rfgfrncmnd Usvqrccank Rfgfrncmnd Idwoxehtk Soda
25
Wdhdwqbb Wdhdwqbb
Ncyuq Ncyuq
Sjwkqvmzq Sjwkqvmzq
Xiykasaul Xiykasaul
Rfwigv Rfwigv
Idwoxehtk Idwoxehtk
Xmibe Xmibe
Dacrfmpv Dacrfmpv
Wksfdqrv Wksfdqrv
Pvqvkpcd Pvqvkpcd
Kvcj Kvcj
Gsbrvvyhxcc Gsbrvvyhxcc
Sicichvcten Sicichvcten
Fpujhjd Fpujhjd
Ncul Ncul
Hbogcfyxa Hbogcfyxa
Plptbkef Plptbkef
Ojnvskrpfp Ojnvskrpfp
Wgigv Wgigv
Ycnmyyspjf Ycnmyyspjf
Rjuvckvy Rjuvckvy
Jdqn Jdqn
Xgyovgk Xgyovgk
Soda Soda
Ygykrl Ygykrl
