0 4 5 31 35 85 86 129 134 196 116 179 33 21 19 30 53 74 175 77 22 1 24 41 110 132 187 25 10 15 27 117 167 193 32 72 2 43 51 50 6 75 90 160 197 94 98 135 171 64 121 128 3 97 14 9 44 87 109 170 182 161 174 42 78 115 152 123 144 162 68 18 39 93 119 55 62 76 20 105 95 67 8 125 73 80 138 154 184 106 143 191 124 127 57 102 140 150 195 108 172 178 188 168 145 163 82 84 111 131 159 89 153 48 63 37 45 12 49 137 157 176 92 107 122 136 186 11 101 177 142 158 120 54 61 185 99 156 165 190 91 151 180 118 155 189 36 60 79 146 194 13 23 66 88 7 26 81 104 192 65 103 141 148 169 199 183 34 164 166 112 147 16 40 29 56 59 69 47 52 96 114 139 198 58 38 100 17 28 83 181 113 130 133 126 46 149 173 70 71 0
60
140 140
181 181
50 50
33 33
52 52
156 156
118 118
199 199
90 90
152 152
15 15
134 134
153 153
46 46
106 106
12 12
125 125
53 53
131 131
45 45
97 97
144 144
32 32
6 6
61 61
27 27
104 104
3 3
173 173
98 98
92 92
88 88
24 24
23 23
80 80
29 29
164 164
108 108
35 35
154 154
8 8
13 13
40 40
21 21
86 86
179 179
102 102
130 130
34 34
93 93
160 160
197 197
145 145
124 124
149 149
188 188
42 42
58 58
55 55
57 57
