USG KFE MJB VYE RTJ RAK MJB CXW MJB ZBM UDO SPK LYL TWZ CCR RMX IZR WSF UWO IZR KXU CRY ASV GUH FPK TUL GJX KHL KUQ KFE AKT OEK KND VQH TFP PST IUL KJA QUA MLH POP QUA STT OKD QUA ASJ RAI QUA HOD QUA VFE STN QUA CMD QUA UQJ LRH BJT QUA KJA HTM XJR HTM DZD HTM DPP NRV HTM SJL FEB XIG QSO DZG QSO VKQ GIG KJA ZLI MQR KJA WSS NAF ZIJ ICW VFZ LPZ ZIJ GEZ TCU YFQ TYT NMY TYT KSK NAF QFZ USG IUT BFD USG TIB NQX HRH AYP USG KUO BYF MBE VQS LQS JRZ WRP USG IRG USG EMJ USG JTD USG TWC USG SCZ USG ZDD EMI WIF OJJ CFF USG HPK POT USG
50
DPP DPP
LYL LYL
UQJ UQJ
AKT AKT
GIG GIG
ZBM ZBM
HOD HOD
GJX GJX
NMY NMY
BFD BFD
KJA KJA
BYF BYF
POT POT
TWC TWC
QUA QUA
KHL KHL
DZG DZG
CMD CMD
IUL IUL
OKD OKD
MBE MBE
TIB TIB
WRP WRP
STT STT
SJL SJL
ZLI ZLI
SCZ SCZ
QFZ QFZ
FPK FPK
WSF WSF
KXU KXU
EMI EMI
WIF WIF
UWO UWO
IRG IRG
VKQ VKQ
TFP TFP
BJT BJT
DZD DZD
PST PST
VFE VFE
RAI RAI
XIG XIG
OEK OEK
NRV NRV
IUT IUT
KND KND
STN STN
EMJ EMJ
OJJ OJJ
