KMZ MRP MOA MRP VZI IVQ WPB MQG XHS MRP QOE XFP MRP IUN KXA UUU CJX MRP WGV TQI MRP IYC MRP CEA SCT JLU MRP KTL MRP NEC OSU KMZ BAA HHH TFP BAA HPL EFO AXG BAA XXL BUN BAA IWF BAA MBM BAA DZY EXX YQU KAG HON BAA KMZ BMH QXF HGZ QXF URI ZYE QXF BMH ZAY STY JMI PUF DGD JMI LRF JMI STY WDN WXC BMH QUZ BMH MWC TBO BMH HSN HUL BMH ZCR WVM BTR WDE XYT BMH KMZ TSZ WXY TSZ VNH TCR EDX TSZ KAH NYW JUM NYW AQG NYW UCI BVP OBR NYW KMZ IUG RWN IUG HJE KMZ MWN DEW EOW CDW QEA EOW KAL EOW ZPF ZUM ZXG DEW EOJ DEW CIH XPB UQR GJK XZE WVO DEW MWN MWQ QUS SRK OUR PSZ KGU WFO KGU NHT KGU XWZ HTU LCB KDH WGU IKT KDH KDF GJW IOV KBZ XNM ZLO EHU ENU YWR PSZ RMW HDY YLN DTJ PSZ OLU ZES GUB JQW DKS PSZ VIF PSZ FZZ ZTE PSZ TGQ ZUA GEV PSZ NLD CSI PSZ KMO TFL FYE PSZ OUR RHL OUR VSQ OUR GAE XNH NPV VTA OUR KNQ TUF WDZ MFS HTP OUR COR WYK OUR DQZ PHM RDP YET KVT PGK RJV GAZ MMI EKW UJF QEX SSS KMZ KMD KMZ YEC KMZ ZLZ UXY GVH YGM SNZ KMZ GSJ GRP KMZ PKG KMZ EZZ KMZ EVY KMZ NDM CFY AFO JTH KMZ FBZ KMZ HTV SBG PWL KMZ UAO KQK KMZ KDO BWL RYI CUL WZI KMZ JBD LAP KMZ JUW YFA NTK SQG KMZ SZK IEN MPH KMZ ACK GMG KMZ NSY KMZ
100
XPB XPB
EXX EXX
VSQ VSQ
XYT XYT
RDP RDP
WPB WPB
RWN RWN
DEW DEW
KAL KAL
GJW GJW
YQU YQU
RHL RHL
ZES ZES
URI URI
EVY EVY
MMI MMI
BTR BTR
FBZ FBZ
XWZ XWZ
MWN MWN
ACK ACK
WYK WYK
MWC MWC
QUS QUS
EFO EFO
GVH GVH
MBM MBM
YET YET
OBR OBR
BUN BUN
MQG MQG
HTV HTV
GJK GJK
JTH JTH
CDW CDW
LRF LRF
BVP BVP
WDN WDN
KDH KDH
IEN IEN
ZUA ZUA
BMH BMH
PWL PWL
HON HON
TFL TFL
WVO WVO
SZK SZK
WDE WDE
NYW NYW
GEV GEV
GAZ GAZ
WZI WZI
VZI VZI
DGD DGD
HGZ HGZ
HSN HSN
XFP XFP
CEA CEA
LCB LCB
FYE FYE
VIF VIF
HDY HDY
KQK KQK
KVT KVT
DZY DZY
KDO KDO
YEC YEC
EKW EKW
IYC IYC
QOE QOE
GMG GMG
PSZ PSZ
HPL HPL
IKT IKT
XXL XXL
VNH VNH
ENU ENU
XNM XNM
KNQ KNQ
BWL BWL
XNH XNH
KBZ KBZ
KDF KDF
YWR YWR
AFO AFO
CSI CSI
WXC WXC
FZZ FZZ
YGM YGM
NDM NDM
PKG PKG
NSY NSY
NLD NLD
COR COR
HTU HTU
YFA YFA
VTA VTA
ZCR ZCR
UAO UAO
OUR OUR
