59 77 44 20 28 48 52 68 93 82 78 33 63 33 72 37 40 94 37 72 33 78 82 93 52 85 87 65 95 65 28 20 50 14 16 58 20 66 18 1 53 1 57 9 10 64 8 15 23 49 24 39 15 8 45 8 51 22 75 88 60 62 60 67 29 47 31 47 96 43 96 61 69 29 70 100 46 2 4 7 4 56 25 0 89 98 81 4 6 3 74 17 19 2 27 13 36 38 41 27 2 73 2 92 100 29 67 80 97 88 75 84 90 22 51 79 86 91 8 64 10 12 26 30 11 32 35 11 54 83 21 34 76 5 76 34 71 83 54 99 30 26 55 57 1 18 42 18 66 20 44 77 59
20
0 0
5 5
23 23
86 86
15 15
94 94
53 53
1 1
42 42
18 18
50 50
14 14
93 93
68 68
95 95
58 58
66 66
20 20
44 44
77 77
