d6 a2 f4 h9 j7 b0 c7 h9 a2 d6 g2 h2 b7 f5 h2 j3 g2 j5 c0 d7 b5 a9 a7 d9 a9 h3 j6 c9 b5 d0 j2 c1 a6 k0 d0 e0 f0 f1 j9 a8 j9 c2 g6 a1 b6 a3 c3 a3 k1 a3 d8 b2 g8 d5 g9 k2 h8 b4 h8 c4 h1 h8 h0 e1 f7 c6 e2 f6 g0 j0 c6 f2 b1 b9 a5 d1 c8 b1 d3 b1 h5 b1 f2 b3 a4 d4 j1 f9 d4 a4 b3 g7 b3 f2 f3 g5 h6 b8 a0 c5 a0 h4 g4 g1 d2 g3 j8 j4 g6 f8 j9 f1 d7 h7 j5 d6
50
a0 a0
a2 a2
a5 a5
a6 a6
a7 a7
a8 a8
b1 b1
b2 b2
b3 b3
b5 b5
b7 b7
b8 b8
c0 c0
c1 c1
c2 c2
c6 c6
c7 c7
c8 c8
d1 d1
d2 d2
d3 d3
d5 d5
d7 d7
d8 d8
d9 d9
e0 e0
e1 e1
e2 e2
f0 f0
f2 f2
f3 f3
f5 f5
g0 g0
g4 g4
g5 g5
g7 g7
h0 h0
h3 h3
h4 h4
h5 h5
h7 h7
h8 h8
h9 h9
j0 j0
j3 j3
j5 j5
j6 j6
j7 j7
k0 k0
k2 k2
