m6 k7 f6 k7 z4 j0 c5 k3 z7 c0 x6 l4 c9 v3 d3 g6 z2 f4 v3 r4 c9 m2 c9 q7 e9 a7 a3 w3 b9 j9 h9 w3 n8 b2 b1 b2 q0 b4 k1 l3 b4 q0 c9 l4 d9 b6 f1 l5 a2 r7 a5 b7 n7 a8 g1 z3 c6 l8 z3 v8 r0 q2 b8 q2 w0 v8 n7 v0 l1 a1 d7 f3 l0 d8 m9 e8 c4 a4 r3 x3 g8 b3 g8 z6 d2 m1 q9 w4 q8 r3 a4 c4 e5 d0 k8 f8 d1 j7 z5 w7 m4 e5 l7 e5 c4 l0 n5 c2 v2 k0 h7 m5 y0 q6 y0 h7 k0 r8 v2 x9 m3 v2 n5 l0 f3 a1 l1 c1 n1 e4 g4 k2 f0 d6 e2 d5 b5 e3 a9 k6 a9 e3 f9 e3 b5 f2 g2 x2 g9 j5 g9 j6 g7 c3 f2 b5 l6 g3 b5 e2 m8 k5 w8 q3 v5 b0 z8 h8 w6 z8 b0 w1 r2 e2 f0 j2 f0 m0 v1 k9 n6 f0 l9 f0 r5 v6 n1 l1 w2 j8 x8 l2 w9 j4 q1 h6 a5 d4 f5 z1 f5 r6 v4 r6 f5 j1 z9 h3 n9 h3 q4 a5 n0 a6 x7 w5 e0 m7 j3 h1 r1 e7 h4 e7 n2 n0 a5 l5 k4 f7 r9 h2 x1 e6 h0 e6 x4 g5 h5 e1 h5 y1 v9 g5 h2 b6 d9 c8 z0 d9 x0 d9 q5 n3 c7 n3 g0 v7 x5 n4 a0 m6
99
a0 a0
a1 a1
a5 a5
a6 a6
a8 a8
a9 a9
b0 b0
b3 b3
b8 b8
b9 b9
c0 c0
c2 c2
c3 c3
c5 c5
c9 c9
d0 d0
d3 d3
d4 d4
d5 d5
e1 e1
e2 e2
e3 e3
e6 e6
e9 e9
f1 f1
f4 f4
f5 f5
f6 f6
f7 f7
g0 g0
g2 g2
g6 g6
g8 g8
g9 g9
h1 h1
h4 h4
h7 h7
h8 h8
h9 h9
j0 j0
j1 j1
j2 j2
j3 j3
j4 j4
j5 j5
j8 j8
j9 j9
k0 k0
k2 k2
k4 k4
k7 k7
k8 k8
k9 k9
z3 z3
z8 z8
z9 z9
x1 x1
x5 x5
x7 x7
x9 x9
v0 v0
v1 v1
v4 v4
v6 v6
n2 n2
n3 n3
n5 n5
n6 n6
n7 n7
n8 n8
m4 m4
m6 m6
m8 m8
l0 l0
l2 l2
l4 l4
l5 l5
l6 l6
l7 l7
l8 l8
q0 q0
q1 q1
q3 q3
q4 q4
q6 q6
q7 q7
q8 q8
w1 w1
w2 w2
w3 w3
w8 w8
w9 w9
r1 r1
r2 r2
r3 r3
r4 r4
r7 r7
r8 r8
y0 y0
