0 3 0 168 116 10 0 18 13 21 82 21 13 173 153 2 114 2 131 2 153 173 122 173 13 117 85 117 7 149 7 68 71 187 111 193 80 193 38 53 38 193 111 187 43 93 43 190 194 190 43 11 178 170 5 36 35 185 164 185 35 110 155 77 42 186 147 97 4 25 33 58 62 189 62 47 160 141 138 124 102 73 107 73 102 65 44 129 179 66 129 44 45 90 50 150 72 64 72 150 109 143 26 143 109 50 90 45 123 45 44 65 102 106 124 160 30 112 163 112 30 91 30 47 127 148 46 148 127 47 62 58 33 25 79 25 4 139 48 139 165 139 97 69 97 147 186 42 77 28 77 155 110 130 110 35 51 105 8 105 51 152 51 20 51 32 51 35 36 5 170 175 115 61 121 15 23 101 125 101 197 101 174 14 40 31 133 154 19 158 146 195 76 195 146 159 120 161 86 161 39 63 39 57 29 142 158 19 12 34 99 140 162 140 99 34 12 157 27 41 27 157 54 157 12 19 154 133 31 40 172 84 172 40 94 40 92 40 14 174 101 23 15 61 9 61 136 55 52 181 128 183 128 171 135 16 177 74 132 74 177 67 177 16 135 151 75 22 75 151 135 171 128 181 17 181 134 83 95 118 108 118 95 83 134 184 103 184 113 137 113 191 113 98 87 126 169 96 6 96 169 126 88 180 88 126 70 1 198 1 70 126 87 59 98 192 24 100 24 192 104 98 176 113 184 134 181 55 136 61 115 178 43 187 71 68 7 167 117 89 81 37 145 37 119 144 78 144 119 37 188 166 60 49 199 49 60 182 166 188 196 56 196 156 196 89 117 13 0
100
33 33
4 4
69 69
98 98
85 85
11 11
46 46
2 2
35 35
59 59
6 6
68 68
77 77
81 81
44 44
56 56
3 3
39 39
10 10
74 74
92 92
76 76
83 83
70 70
43 43
13 13
25 25
94 94
27 27
53 53
72 72
37 37
61 61
5 5
45 45
65 65
0 0
93 93
50 50
22 22
49 49
32 32
41 41
14 14
82 82
30 30
15 15
36 36
40 40
64 64
17 17
73 73
18 18
19 19
80 80
58 58
52 52
16 16
21 21
60 60
29 29
67 67
9 9
62 62
23 23
66 66
84 84
63 63
7 7
31 31
88 88
96 96
12 12
87 87
28 28
38 38
55 55
57 57
48 48
51 51
89 89
26 26
34 34
86 86
8 8
99 99
24 24
91 91
1 1
95 95
97 97
20 20
47 47
42 42
54 54
78 78
79 79
75 75
90 90
71 71
