0 96 33 99 45 18 95 8 25 59 65 59 13 59 38 60 69 59 8 95 43 52 43 72 62 50 94 50 15 82 42 82 15 98 15 24 88 62 72 43 18 53 77 53 23 53 49 58 49 78 49 79 53 7 93 7 53 18 27 4 27 68 12 2 76 83 80 84 80 39 40 16 46 81 46 66 40 39 97 17 30 29 30 67 36 75 70 75 36 35 36 14 67 30 47 85 47 48 63 48 89 55 61 55 71 86 73 5 73 54 73 86 71 87 41 91 19 28 22 28 19 1 57 1 51 64 20 26 64 51 56 51 1 19 41 87 21 44 21 87 71 31 92 74 3 92 31 71 89 6 89 48 17 97 37 97 39 80 83 76 2 12 68 27 18 45 99 10 90 10 33 32 34 32 33 9 33 96 0 11 0
50
16 16
29 29
5 5
42 42
3 3
33 33
35 35
46 46
9 9
11 11
41 41
6 6
22 22
38 38
44 44
36 36
47 47
15 15
14 14
12 12
10 10
17 17
27 27
18 18
48 48
2 2
19 19
8 8
25 25
32 32
43 43
28 28
21 21
40 40
1 1
0 0
13 13
4 4
26 26
37 37
7 7
49 49
45 45
31 31
23 23
39 39
20 20
30 30
34 34
24 24
