77 17 46 32 57 12 23 39 9 14 7 6 37 7 25 26 10 26 16 24 13 27 22 36 38 82 54 44 50 47 19 3 19 60 4 60 63 47 87 88 11 64 40 15 43 34 15 18 79 33 30 83 75 28 29 28 35 49 35 74 84 8 21 71 76 66 73 1 42 1 78 20 78 53 41 73 69 51 0 68 5 31 2 85 48 70 52 86 62 56 62 65 72 55 54 80 81 59 45 25 7 61 67 58 77
42
4 4
6 6
7 7
9 9
10 10
11 11
15 15
17 17
18 18
19 19
20 20
21 21
24 24
27 27
31 31
33 33
40 40
42 42
44 44
48 48
49 49
50 50
54 54
58 58
59 59
60 60
61 61
63 63
64 64
65 65
66 66
67 67
68 68
69 69
72 72
75 75
76 76
77 77
78 78
79 79
81 81
88 88
