144 47 11 28 19 158 60 96 120 26 184 145 97 177 129 179 45 1 176 33 131 76 131 103 42 103 134 52 87 142 49 9 121 100 5 69 51 119 91 187 141 18 25 141 68 162 7 99 95 71 161 8 75 175 23 48 39 149 150 188 175 166 102 37 113 29 113 38 139 79 152 185 10 17 123 122 3 105 32 135 153 80 16 22 62 13 55 115 110 80 40 73 132 88 114 44 112 66 81 46 89 90 107 169 151 30 14 172 50 46 81 57 180 12 72 34 101 53 163 36 183 59 82 171 101 83 116 174 83 181 170 67 148 104 118 85 156 130 186 35 140 31 106 143 173 178 86 27 86 164 126 21 78 4 54 182 67 168 137 61 77 6 98 111 154 146 108 24 43 84 124 167 74 56 70 159 41 147 124 84 157 165 155 94 2 65 94 20 123 125 92 7 138 128 160 93 15 9 127 64 63 0 117 136 120 109 58 133 144
72
3 3
7 7
8 8
11 11
13 13
14 14
16 16
18 18
19 19
21 21
24 24
28 28
39 39
42 42
43 43
44 44
47 47
49 49
51 51
53 53
62 62
64 64
66 66
67 67
70 70
74 74
75 75
76 76
78 78
79 79
83 83
87 87
88 88
90 90
92 92
93 93
95 95
99 99
104 104
106 106
107 107
108 108
110 110
112 112
114 114
119 119
120 120
122 122
124 124
126 126
127 127
128 128
130 130
131 131
132 132
133 133
136 136
141 141
142 142
147 147
152 152
156 156
157 157
158 158
159 159
165 165
169 169
170 170
174 174
183 183
187 187
188 188
