0 1 2 40 68 40 2 63 7 18 10 94 18 32 18 38 23 30 41 30 7 64 66 63 2 65 85 29 5 12 21 58 44 12 50 12 51 81 12 5 26 42 5 69 5 73 22 29 97 29 55 1 59 1 61 70 87 1 0 9 24 9 33 9 71 72 9 83 15 34 4 6 11 14 11 20 31 60 54 76 77 89 19 47 19 62 56 6 92 4 88 49 88 34 45 36 3 17 16 52 16 95 17 25 79 86 17 93 28 8 27 8 35 8 43 8 46 78 75 8 80 8 28 57 74 84 28 37 39 53 82 53 3 13 48 90 91 13 0 67 0 96 0
48
24 24
23 23
36 36
1 1
74 74
64 64
71 71
33 33
16 16
40 40
61 61
89 89
70 70
49 49
35 35
43 43
84 84
18 18
54 54
65 65
38 38
86 86
68 68
12 12
11 11
6 6
2 2
63 63
50 50
94 94
25 25
13 13
31 31
29 29
51 51
92 92
52 52
56 56
32 32
62 62
34 34
80 80
21 21
69 69
60 60
20 20
57 57
37 37
