0 16 23 91 107 23 136 23 161 16 25 62 25 70 127 25 184 25 68 105 116 16 182 16 190 16 0 21 64 86 21 187 51 5 24 49 128 95 5 112 174 56 8 14 26 129 141 159 18 94 18 166 18 8 85 8 96 8 115 118 8 144 148 75 89 92 2 15 4 53 106 53 4 101 4 122 4 149 163 178 15 22 43 69 135 45 119 15 32 35 33 132 33 35 153 177 32 48 57 100 175 15 181 27 38 44 34 7 12 20 117 123 20 12 30 12 79 104 12 169 186 12 189 7 17 67 17 146 7 19 39 46 39 81 19 74 113 19 134 19 152 157 19 7 31 10 108 171 10 172 194 52 50 54 11 28 11 41 139 41 65 80 82 11 143 11 173 176 11 183 11 7 58 13 77 13 130 13 58 7 110 7 168 195 7 34 140 2 55 29 158 188 55 59 61 3 36 37 72 160 40 1 6 66 170 76 6 90 151 165 6 167 6 180 42 47 1 60 71 1 78 84 88 109 1 114 131 142 1 147 1 164 1 185 63 3 87 9 99 9 125 9 145 9 156 9 179 9 191 9 193 87 121 154 162 3 192 2 73 83 93 2 97 2 102 120 126 133 137 138 2 155 2 98 0 103 0 111 0 124 150 0
98
62 62
21 21
52 52
50 50
192 192
34 34
101 101
93 93
143 143
127 127
186 186
26 26
103 103
39 39
47 47
64 64
141 141
82 82
168 168
193 193
28 28
2 2
72 72
136 136
133 133
189 189
12 12
195 195
126 126
163 163
110 110
183 183
44 44
42 42
155 155
172 172
27 27
178 178
105 105
10 10
94 94
115 115
87 87
31 31
170 170
179 179
46 46
130 130
152 152
99 99
164 164
59 59
11 11
5 5
24 24
142 142
162 162
29 29
38 38
108 108
49 49
77 77
56 56
78 78
97 97
194 194
23 23
51 51
146 146
85 85
79 79
121 121
76 76
45 45
73 73
68 68
150 150
139 139
131 131
104 104
71 71
132 132
30 30
140 140
13 13
1 1
22 22
14 14
67 67
66 66
91 91
63 63
35 35
177 177
149 149
120 120
100 100
175 175
