0 55 57 47 57 112 2 33 156 33 199 164 199 33 2 140 14 167 98 166 87 166 98 170 98 167 189 36 7 40 7 36 39 36 189 71 189 167 14 140 91 23 67 27 67 23 91 108 48 16 48 108 91 131 160 131 91 140 116 52 116 168 80 168 116 180 116 140 2 112 37 112 120 130 120 172 120 112 188 61 97 186 53 110 53 186 89 186 150 186 97 61 181 68 181 115 181 61 188 62 63 62 154 62 188 112 57 138 57 55 92 94 92 55 178 132 194 43 194 119 134 114 1 15 1 114 103 114 134 119 194 132 178 136 178 153 82 29 82 153 128 3 5 6 5 195 28 195 70 195 5 3 146 3 128 17 18 106 147 104 147 106 191 106 196 106 18 17 113 17 128 60 128 99 144 185 35 32 9 139 165 139 9 187 159 49 85 135 59 171 74 171 59 135 177 135 85 49 159 187 9 32 50 32 69 12 182 31 58 56 77 21 169 66 169 86 169 141 95 65 11 143 90 197 90 143 96 46 96 105 96 143 121 79 13 79 121 102 121 143 11 65 133 126 162 126 193 126 198 83 101 42 101 54 101 75 101 81 64 148 64 81 107 81 111 81 179 81 101 83 198 173 198 126 133 169 21 77 56 163 56 58 129 25 129 192 8 192 129 58 31 182 73 182 12 69 142 30 72 93 72 30 142 69 161 22 76 78 76 22 161 151 152 19 152 88 34 88 157 41 157 45 157 88 152 151 161 69 32 35 185 109 10 149 20 4 127 4 20 117 20 149 10 176 10 109 185 144 99 158 38 145 100 51 100 145 38 158 190 175 190 158 99 128 123 128 153 184 124 26 124 122 124 183 125 183 124 184 153 178 55 0 84 0 155 44 174 24 174 44 155 118 155 137 155 0
100
99 99
105 105
150 150
46 46
85 85
139 139
141 141
21 21
64 64
45 45
108 108
14 14
132 132
50 50
41 41
13 13
82 82
138 138
12 12
188 188
170 170
1 1
119 119
161 161
129 129
148 148
39 39
90 90
175 175
169 169
143 143
27 27
77 77
124 124
49 49
160 160
20 20
56 56
71 71
189 189
74 74
152 152
35 35
157 157
59 59
100 100
55 55
195 195
23 23
185 185
24 24
172 172
68 68
107 107
103 103
83 83
147 147
186 186
125 125
197 197
69 69
167 167
101 101
52 52
2 2
112 112
26 26
137 137
66 66
142 142
43 43
9 9
94 94
73 73
196 196
176 176
57 57
106 106
38 38
164 164
95 95
92 92
182 182
3 3
51 51
19 19
11 11
29 29
86 86
16 16
166 166
198 198
72 72
67 67
97 97
104 104
123 123
102 102
10 10
89 89
