0 21 31 33 5 49 81 49 89 95 89 49 5 67 4 67 38 15 11 6 11 15 13 26 37 55 47 55 37 26 13 15 38 67 76 54 76 61 76 69 65 51 79 51 80 51 83 48 35 10 35 48 83 59 28 12 42 12 28 59 99 59 83 88 8 88 22 2 14 2 58 16 57 16 58 41 58 96 17 74 3 36 3 74 56 74 17 96 32 40 32 50 68 45 52 45 68 50 70 84 70 50 85 25 85 43 60 1 62 73 75 86 75 73 62 1 60 64 46 19 63 19 93 19 46 64 60 77 34 77 60 43 97 9 97 43 85 50 32 71 32 78 29 78 87 7 72 7 87 20 23 20 39 94 18 94 39 20 87 44 87 91 87 78 32 96 82 27 82 96 58 2 22 24 98 24 22 88 83 51 65 69 92 66 92 69 76 67 90 67 5 30 33 53 33 31 21 0
50
17 17
61 61
30 30
32 32
29 29
74 74
68 68
31 31
16 16
56 56
45 45
89 89
91 91
85 85
99 99
36 36
41 41
20 20
14 14
3 3
26 26
60 60
58 58
23 23
82 82
2 2
93 93
48 48
12 12
7 7
10 10
42 42
79 79
13 13
46 46
98 98
75 75
69 69
18 18
67 67
64 64
54 54
11 11
9 9
6 6
15 15
80 80
63 63
59 59
77 77
