0 24 25 26 152 25 67 95 141 35 192 50 192 183 142 49 44 47 109 29 36 29 104 58 104 61 164 61 104 83 143 129 29 182 162 100 5 199 45 199 151 52 100 41 1 3 158 75 98 79 120 169 120 191 7 191 80 172 86 2 30 113 30 114 2 86 13 170 94 86 102 115 193 126 168 182 40 155 20 64 20 70 20 65 122 9 127 9 122 28 76 51 155 40 109 107 99 14 55 133 157 27 187 55 165 33 91 82 128 32 82 116 99 31 189 87 8 73 147 125 15 125 147 139 46 57 105 124 130 153 163 16 167 154 166 198 134 176 92 56 92 68 140 197 180 110 180 176 57 101 123 144 109 159 44 49 181 4 37 4 90 111 18 42 84 96 112 11 63 112 93 103 48 97 146 97 48 145 103 160 10 160 118 54 160 149 66 81 69 22 117 22 69 38 81 131 184 149 84 18 119 12 106 179 53 178 21 178 188 106 18 74 190 74 111 90 171 78 177 43 177 72 175 72 181 137 181 156 142 59 142 88 34 194 60 161 138 186 136 173 161 195 121 135 150 174 196 19 17 62 17 85 19 148 19 196 39 6 39 196 135 121 185 71 25 77 25 89 23 108 24 132 0
100
0 0
2 2
4 4
6 6
8 8
10 10
12 12
14 14
16 16
18 18
20 20
22 22
24 24
26 26
28 28
30 30
32 32
34 34
36 36
38 38
40 40
42 42
44 44
46 46
48 48
50 50
52 52
54 54
56 56
58 58
60 60
62 62
64 64
66 66
68 68
70 70
72 72
74 74
76 76
78 78
80 80
82 82
84 84
86 86
88 88
90 90
92 92
94 94
96 96
98 98
100 100
102 102
104 104
106 106
108 108
110 110
112 112
114 114
116 116
118 118
120 120
122 122
124 124
126 126
128 128
130 130
132 132
134 134
136 136
138 138
140 140
142 142
144 144
146 146
148 148
150 150
152 152
154 154
156 156
158 158
160 160
162 162
164 164
166 166
168 168
170 170
172 172
174 174
176 176
178 178
180 180
182 182
184 184
186 186
188 188
190 190
192 192
194 194
196 196
198 198
