0 34 65 1 65 97 34 0 43 24 43 59 19 33 18 44 76 23 14 49 99 56 28 5 4 51 85 6 25 64 28 92 55 30 92 71 28 95 48 31 89 45 89 31 48 93 28 56 29 3 60 46 16 68 91 21 50 46 73 39 62 67 17 41 35 17 20 22 67 96 67 3 29 58 15 87 63 69 9 69 79 88 29 98 11 98 32 2 38 10 38 83 8 53 8 83 12 7 32 13 78 40 78 70 32 36 52 26 84 57 66 81 56 14 18 33 47 33 86 19 59 94 43 82 54 75 54 82 61 82 72 42 80 37 27 37 80 77 90 74 0
50
0 0
2 2
4 4
6 6
8 8
10 10
12 12
14 14
16 16
18 18
20 20
22 22
24 24
26 26
28 28
30 30
32 32
34 34
36 36
38 38
40 40
42 42
44 44
46 46
48 48
50 50
52 52
54 54
56 56
58 58
60 60
62 62
64 64
66 66
68 68
70 70
72 72
74 74
76 76
78 78
80 80
82 82
84 84
86 86
88 88
90 90
92 92
94 94
96 96
98 98
