Soda Boalt MLK DoeLibrary Pitzer CaliforniaHall Hargrove Boalt Hesse Kleeberger Minor Soda1 MLK1 Boalt DoeLibrary1 Pitzer1 Boalt CaliforniaHall1 Hargrove1 Boalt Hesse1 Boalt Kleeberger1 Minor1 CalvinLaboratory VLSB EastGate CalvinLaboratory LowerSproul Bechtel1 VLSB1 EastGate1 LowerSproul1 CalvinLaboratory Soda Cory Bechtel Cheit Bechtel Giannini Jacobs Stern Bechtel Campbell Bowles EdwardsStadium McCone NorthGate Simon Stanley Bechtel Tan BarrowsHall FoxCottage Haviland HeatingPlant Hilgard Bechtel IshiCourt Kroeber Lewis MemorialGlade Pimentel SatherGate Bechtel WestGate Cheit1 Giannini1 Jacobs1 Stern1 Campbell1 Bowles1 EdwardsStadium1 McCone1 NorthGate1 Bechtel Simon1 Stanley1 Tan1 BarrowsHall1 Bechtel FoxCottage1 Haviland1 HeatingPlant1 Hilgard1 IshiCourt1 Bechtel Kroeber1 Bechtel Lewis1 MemorialGlade1 Pimentel1 SatherGate1 Bechtel WestGate1 Dwinelle Etcheverry Soda GreekTheatre Haste Soda HearstMiningCircle Soda LifeSciences McLaughlin Soda KrutchTheater Hildebrand Soda Moses Soda Observatory Soda Senior SproulPlaza Wheeler BarkerHall Blackwell ClarkKerr Foothill Soda Gilman Soda HaasPavilion HearstFieldAnnex Hertz Insectary Koshland LeConte MemorialStadium Morgan Wellman Wurster Eshleman Evans Birge Blum BotanicalGarden Soda Giauque Soda GoldmanPlaza Soda Greenhouse Chou Chvez Soda Campanile HearstGymnasium Soda Cleary Davis Soda BancroftLibrary Durant Latimer Soda McEnerney Moffitt Morrison Soda Mulford OBrien Sibley Soda Sproul StadiumRim Soda Stephens SutardjaDai TangCenter Warren WooHonFai Soda Zellerbach Boalt1 CalvinLaboratory1 Cory1 Dwinelle1 Etcheverry1 GreekTheatre1 Haste1 HearstMiningCircle1 LifeSciences1 McLaughlin1 KrutchTheater1 Hildebrand1 Soda Moses1 Soda Observatory1 Soda Senior1 SproulPlaza1 Wheeler1 Soda BarkerHall1 Blackwell1 ClarkKerr1 Foothill1 Gilman1 HaasPavilion1 HearstFieldAnnex1 Soda Hertz1 Insectary1 Koshland1 Soda LeConte1 MemorialStadium1 Morgan1 Wellman1 Wurster1 Soda Eshleman1 Evans1 Birge1 Blum1 BotanicalGarden1 Giauque1 GoldmanPlaza1 Greenhouse1 Chou1 Chvez1 Campanile1 HearstGymnasium1 Cleary1 Davis1 Soda BancroftLibrary1 Durant1 Latimer1 Soda McEnerney1 Soda Moffitt1 Morrison1 Mulford1 Soda OBrien1 Sibley1 Sproul1 StadiumRim1 Stephens1 SutardjaDai1 Soda TangCenter1 Warren1 WooHonFai1 Zellerbach1 Soda
100
Bechtel Bechtel
Bowles Bowles
ClarkKerr ClarkKerr
DoeLibrary DoeLibrary
EdwardsStadium EdwardsStadium
Foothill Foothill
Gilman Gilman
HaasPavilion HaasPavilion
HearstFieldAnnex HearstFieldAnnex
Hertz Hertz
Insectary Insectary
Koshland Koshland
LeConte LeConte
McCone McCone
MemorialStadium MemorialStadium
Morgan Morgan
NorthGate NorthGate
Pitzer Pitzer
Simon Simon
Stanley Stanley
Tan Tan
Wellman Wellman
Wurster Wurster
Eshleman Eshleman
BarrowsHall BarrowsHall
Evans Evans
Birge Birge
FoxCottage FoxCottage
Blum Blum
BotanicalGarden BotanicalGarden
Giauque Giauque
GoldmanPlaza GoldmanPlaza
CaliforniaHall CaliforniaHall
Greenhouse Greenhouse
Chou Chou
Chvez Chvez
Hargrove Hargrove
Campanile Campanile
Haviland Haviland
HearstGymnasium HearstGymnasium
Cleary Cleary
HeatingPlant HeatingPlant
Davis Davis
BancroftLibrary BancroftLibrary
Hesse Hesse
Durant Durant
Hilgard Hilgard
EastGate EastGate
IshiCourt IshiCourt
Kleeberger Kleeberger
Kroeber Kroeber
Latimer Latimer
Lewis Lewis
LowerSproul LowerSproul
McEnerney McEnerney
MemorialGlade MemorialGlade
Minor Minor
Moffitt Moffitt
Morrison Morrison
Mulford Mulford
OBrien OBrien
Pimentel Pimentel
SatherGate SatherGate
Sibley Sibley
Sproul Sproul
StadiumRim StadiumRim
Stephens Stephens
SutardjaDai SutardjaDai
TangCenter TangCenter
Warren Warren
WestGate WestGate
WooHonFai WooHonFai
Zellerbach Zellerbach
Soda1 Soda1
Bechtel1 Bechtel1
Boalt1 Boalt1
CalvinLaboratory1 CalvinLaboratory1
Cheit1 Cheit1
Cory1 Cory1
Dwinelle1 Dwinelle1
Etcheverry1 Etcheverry1
Giannini1 Giannini1
GreekTheatre1 GreekTheatre1
Haste1 Haste1
HearstMiningCircle1 HearstMiningCircle1
LifeSciences1 LifeSciences1
McLaughlin1 McLaughlin1
Jacobs1 Jacobs1
KrutchTheater1 KrutchTheater1
Hildebrand1 Hildebrand1
MLK1 MLK1
Moses1 Moses1
Observatory1 Observatory1
Stephens1 Stephens1
SutardjaDai1 SutardjaDai1
TangCenter1 TangCenter1
Warren1 Warren1
WestGate1 WestGate1
WooHonFai1 WooHonFai1
Zellerbach1 Zellerbach1
