Soda Bechtel Cheit Bechtel Giannini Jacobs Stern Bechtel Campbell Bowles EdwardsStadium McCone NorthGate Simon Stanley Bechtel Tan BarrowsHall FoxCottage Haviland HeatingPlant Hilgard Bechtel IshiCourt Kroeber Lewis MemorialGlade Pimentel SatherGate Bechtel WestGate Bechtel Soda Boalt MLK DoeLibrary Pitzer CaliforniaHall Hargrove Boalt Hesse Kleeberger Minor CalvinLaboratory VLSB EastGate CalvinLaboratory LowerSproul CalvinLaboratory Soda Cory Dwinelle Etcheverry Soda GreekTheatre Haste Soda HearstMiningCircle Soda LifeSciences McLaughlin Soda KrutchTheater Hildebrand Soda Moses Soda Observatory Soda Senior SproulPlaza Wheeler BarkerHall Blackwell ClarkKerr Foothill Soda Gilman Soda HaasPavilion HearstFieldAnnex Hertz Insectary Koshland LeConte MemorialStadium Morgan Wellman Wurster Eshleman Evans Birge Blum BotanicalGarden Soda Giauque Soda GoldmanPlaza Soda Greenhouse Chou Chvez Soda Campanile HearstGymnasium Soda Cleary Davis Soda BancroftLibrary Durant Latimer Soda McEnerney Moffitt Morrison Soda Mulford OBrien Sibley Soda Sproul StadiumRim Soda Stephens SutardjaDai TangCenter Warren WooHonFai Soda Zellerbach Soda
45
Bechtel Bechtel
Boalt Boalt
Cheit Cheit
Cory Cory
Dwinelle Dwinelle
Etcheverry Etcheverry
Giannini Giannini
GreekTheatre GreekTheatre
Haste Haste
HearstMiningCircle HearstMiningCircle
LifeSciences LifeSciences
McLaughlin McLaughlin
Jacobs Jacobs
KrutchTheater KrutchTheater
Hildebrand Hildebrand
MLK MLK
Moses Moses
Observatory Observatory
Senior Senior
SproulPlaza SproulPlaza
Stern Stern
VLSB VLSB
Wheeler Wheeler
BarkerHall BarkerHall
Blackwell Blackwell
Campbell Campbell
Bowles Bowles
ClarkKerr ClarkKerr
DoeLibrary DoeLibrary
EdwardsStadium EdwardsStadium
Foothill Foothill
Gilman Gilman
HaasPavilion HaasPavilion
HearstFieldAnnex HearstFieldAnnex
Hertz Hertz
Insectary Insectary
Koshland Koshland
LeConte LeConte
McCone McCone
MemorialStadium MemorialStadium
Morgan Morgan
NorthGate NorthGate
Pitzer Pitzer
Simon Simon
Stanley Stanley
