Soda Bechtel Boalt GreekTheatre Boalt Gilman Cory Bechtel Dwinelle LifeSciences KrutchTheater VLSB Bechtel ClarkKerr MemorialStadium CalvinLaboratory NorthGate CalvinLaboratory Soda Cheit Moses Cheit Etcheverry Giannini Haste HearstMiningCircle McLaughlin Jacobs Hildebrand MLK Observatory Senior SproulPlaza Stern Soda Wheeler BarkerHall Blackwell Campbell Bowles DoeLibrary EdwardsStadium Soda Foothill HaasPavilion HearstFieldAnnex Soda Hertz Insectary Koshland Soda LeConte McCone Morgan Pitzer Soda Simon Stanley Tan Wellman Wurster Soda
24
Boalt Boalt
Cheit Cheit
Dwinelle Dwinelle
Giannini Giannini
Haste Haste
LifeSciences LifeSciences
Jacobs Jacobs
Hildebrand Hildebrand
Moses Moses
Senior Senior
Stern Stern
Wheeler Wheeler
Blackwell Blackwell
Bowles Bowles
DoeLibrary DoeLibrary
Foothill Foothill
HaasPavilion HaasPavilion
Hertz Hertz
Koshland Koshland
McCone McCone
Morgan Morgan
Pitzer Pitzer
Stanley Stanley
Wellman Wellman
