71 12 71 37 60 4 60 44 53 70 42 67 47 10 47 26 73 1 73 27 9 0 23 51 23 0 9 65 17 65 96 72 76 72 96 65 9 27 18 86 52 39 3 14 54 49 54 14 3 16 11 35 11 16 29 16 3 28 97 13 97 28 3 39 61 75 15 94 45 62 66 58 77 93 55 32 6 32 55 93 77 58 66 62 45 94 15 75 19 74 20 88 41 31 79 80 79 31 41 88 83 5 83 88 20 74 19 75 87 7 99 25 30 36 2 33 2 36 30 25 99 43 48 38 48 43 84 81 95 21 50 63 50 21 95 81 84 43 99 7 87 61 39 52 86 56 8 56 68 78 68 56 86 89 59 89 86 18 27 73 26 47 67 90 85 90 67 42 70 57 98 22 46 22 98 34 24 34 69 40 69 34 98 57 70 53 92 82 92 53 44 60 37 91 64 91 37 71
50
85 85
7 7
13 13
50 50
87 87
49 49
18 18
5 5
33 33
95 95
74 74
55 55
30 30
35 35
65 65
15 15
64 64
66 66
70 70
88 88
26 26
94 94
84 84
10 10
11 11
36 36
53 53
47 47
41 41
28 28
60 60
78 78
39 39
2 2
38 38
45 45
0 0
6 6
69 69
19 19
61 61
24 24
59 59
96 96
29 29
54 54
79 79
21 21
42 42
77 77
