ffffff qqqqq uu uuu jj nn o x nnn tt mmmm gg kkkk uuuu cc jjj hh ppppp z nnnnnnnn hhh bb kkkkkkk aaaaaa zz iiii nnnnnnn lll hhhh jjjjjjjj oooo llll c uuuuu sssssss qqq yy sss qqqq aaaaaaa yyyyyyy eeeeeeee mmmmm bbbbb ttt kkkkkk ggg bbbbbbbb mmmmmmmm t aaaaaaaa ddd rrr nnnn e oooooo iiiii pp oo www zzzzzz xx xxxxxxx ccccccc rrrrrr zzz ttttt iiiiii ssssss mm eeee ffff v tttt jjjjjj ff y gggggg bbbbbb mmm eeeee f tttttt kkkkkkkk mmmmmmm w gggggggg hhhhhhh wwwwww ee q qqqqqq ggggggg aaa vvvv dddddddd rrrrrrr oooooooo iiiiiiii s gggg pppp xxxxxx zzzz ppp yyyyyy ooooo wwwww rrrrrrrr vvv llllllll xxxx wwww rr bbb p eeeeeee fff kkkkk fffffff pppppppp h aa g llllll b pppppp yyyy yyyyy ss ccccc vvvvv kkk jjjjj k vvvvvv rrrr iiiiiii lllllll eee i wwwwwww kk jjjjjjj uuuuuu cccccc ccc ddddddd hhhhhhhh qq hhhhh ssss ooooooo cccccccc ww vvvvvvv ppppppp hhhhhh r m eeeeee dddddd ooo iii n xxx aaaaa yyy uuuuuuu ll xxxxx qqqqqqq ggggg rrrrr fffff nnnnnn ddddd ttttttt sssss bbbb bbbbbbb d cccc dd j l zzzzz zzzzzzz mmmmmm u jjjj vv dddd a lllll ffffffff nnnnn aaaa qqqqqqqq ii ffffff
100
ffffff ffffff
iiiiiiii iiiiiiii
pppppppp pppppppp
b b
x x
ppppp ppppp
mmmmmmmm mmmmmmmm
ttttttt ttttttt
xxxx xxxx
mm mm
ssss ssss
o o
ffff ffff
k k
xxxxx xxxxx
jjj jjj
zzz zzz
q q
eeeeeee eeeeeee
uuu uuu
yy yy
ll ll
tttt tttt
gggggggg gggggggg
bbbbbb bbbbbb
ccccccc ccccccc
aaaaaaaa aaaaaaaa
wwww wwww
oooooooo oooooooo
j j
eeeeee eeeeee
uuuuuu uuuuuu
cccc cccc
d d
aaaa aaaa
llllll llllll
xxxxxxx xxxxxxx
wwwww wwwww
bbbbbbbb bbbbbbbb
ee ee
nnn nnn
ggggg ggggg
rr rr
zzzzz zzzzz
kkkk kkkk
a a
lll lll
llllllll llllllll
ooooo ooooo
sssssss sssssss
eeee eeee
iiiiiii iiiiiii
xxx xxx
aaaaaa aaaaaa
uuuuuuu uuuuuuu
rrrrr rrrrr
hhhhhhh hhhhhhh
uu uu
bbbbbbb bbbbbbb
kkkkkkkk kkkkkkkk
ttttt ttttt
qqq qqq
s s
kkkkkk kkkkkk
dd dd
aaa aaa
vvvvvv vvvvvv
fffff fffff
rrrrrr rrrrrr
cc cc
tt tt
wwwwww wwwwww
sssss sssss
qq qq
ssssss ssssss
jjjj jjjj
tttttt tttttt
mmmm mmmm
ggggggg ggggggg
vvvvv vvvvv
hhhh hhhh
oooooo oooooo
jjjjjj jjjjjj
eeeee eeeee
yyyyyyy yyyyyyy
ffffffff ffffffff
dddd dddd
e e
aa aa
hhh hhh
sss sss
pppp pppp
gggg gggg
lllllll lllllll
qqqqqq qqqqqq
nnnnnn nnnnnn
m m
vvv vvv
cccccc cccccc
ii ii
