f uuu qq m z llllll ssssss qqqq sssss ssss kkk lllll v ffffffff ddddddd dd ggggggg www jjjjjjj rrrrrr cccccc fffff vvvvvv hhh ee eeeeeeee c w rr qqqqqq uu xxxxxx yyyyyyy n lllllll aaaaaaa sssssss ggggg dddddd rrrrr bbbbbb ff jjjj wwww pp aaaaa fff q mmmmmmmm rrrrrrrr ttttt eee hhhh aaa p vvvv rrrrrrr qqqqqqq ccc s vv wwwwwww kkkkkk zzzzz pppppppp d nnnn rrrr nnnnnnnn iii ggg yy xxx ddd ppp oooo t ll ss ffff oo qqqqq uuuuu zzz fffffff ww bbbbbbbb sss rrr dddddddd cccccccc mmmm pppp gg eeee a yyy o llllllll j f
50
f f
jjjjjjj jjjjjjj
xxx xxx
bbbbbbbb bbbbbbbb
llllll llllll
dddddddd dddddddd
iii iii
v v
p p
j j
aaaaa aaaaa
vvvv vvvv
llllllll llllllll
q q
rrrrrr rrrrrr
wwwwwww wwwwwww
fffffff fffffff
nnnn nnnn
rrrrrrrr rrrrrrrr
aaa aaa
c c
vv vv
ffffffff ffffffff
ff ff
ggggg ggggg
ggg ggg
a a
hhhh hhhh
sss sss
wwww wwww
qqqqqq qqqqqq
z z
hhh hhh
xxxxxx xxxxxx
s s
ssssss ssssss
w w
ssss ssss
lllll lllll
uu uu
m m
eeee eeee
pp pp
ss ss
qqqqqqq qqqqqqq
uuuuu uuuuu
qq qq
ttttt ttttt
jjjj jjjj
zzz zzz
