gggggggg bbbbb xxxx aaaa fff mmm vvvv ccccc oooo qq kkkkkkkk uuuu ppp qqqqqqqq hhhhh pppppppp vvv hhhhhhh xxxxxxx ddd ffff w fffff rr xxx nnn ttttt tt gggg jjjjjjj l bb ssssss zzzzzzz www lllllll aaaaa fffffff iiiiii ddddd zzzz aaaaaa a kkkkkkk qqqqqqq ii jjjjjjjj kkkkkk oooooooo cccccccc gggggggg
24
gggggggg gggggggg
uuuu uuuu
xxxx xxxx
fffffff fffffff
ccccc ccccc
l l
aaaaaa aaaaaa
ppp ppp
fffff fffff
kkkkkkk kkkkkkk
jjjjjjj jjjjjjj
tt tt
ttttt ttttt
zzzzzzz zzzzzzz
cccccccc cccccccc
qqqqqqq qqqqqqq
vvvv vvvv
gggg gggg
w w
ffff ffff
vvv vvv
a a
ddd ddd
oooooooo oooooooo
