AlbertFredHaines JoannCharlieWilkinso DianeElisePickett MaryLauriceWallace JamesJoanneHawn IrvingDougLabarge FrancisCarolHebb WadeSonnyMcbride ManuelaJoseBailey LillianJuanAncona JuliaMarySmith CherylMaryMorgan JuliaMarySmith PerryJamesBennett JuliaMarySmith LillianJuanAncona RickyJamesBrumfield RobertaVirgieBullock AllysonFlorenceSprin KathleenJoseClark CraigJohnLard KathleenJoseClark AllysonFlorenceSprin MarkDianeDuchon AdrieneKathleenShea JackieSharonScherrer JuliusMargaretKim JanelleEdwardEldridg SueStuartDavidson HaroldDavidLawhorn JanelleEdwardEldridg HeidiMayJohnson JuliusMargaretKim TravisMichelleMeller JackieSharonScherrer AdrieneKathleenShea AllysonFlorenceSprin HowardKennethCollins JimmySherryKish RickyJamesBrumfield JudyPearlineKaminski MaryJamesDavila JennieDeniseMathews KellyJohnnaOles EdwardDennisStewart JoannCharlieWilkinso WilliamDanielleBell BrendaLenaHarris DwainJoeFeldman BernicePennyRiddick MargrettKennethJorda PatrickRafaelCastro MargrettKennethJorda BrettDominickSonnier BernicePennyRiddick ThomasRobertMccombs RobertLauraMcadams DorisJeffreyBinger GeraldLulaCaldwell RonaldCarolynStoskop AmandaJamesWall RonaldCarolynStoskop KariBenjaminHaynes AnneFrankPlaisted RonaldCarolynStoskop RandyBonnieBennett BeverlyJoyceWalker BernicePennyRiddick JudeJanetHarcourt JohnDarrellThomas MarciaWalterKirschma EricTinaPerea MarciaWalterKirschma EdwardJeanneHutchiso HenryBuddyMoore JudeJanetHarcourt BernicePennyRiddick SandraHarryStewart MistyRobertKing JaredEvelynJones WilliamDavidGray MadeleineLeoRoberson JuanitaPhilipParsons MarkAnnetteHendrix ErvinJohnHall ElishaMaryWojcik RichardGussieCarrell KevinKurtPope ElishaMaryWojcik MarkAnnetteHendrix PedroMeganBaxter MarkAnnetteHendrix AnneChristieRoberts HipolitoCandaceHunts GeorgeHenryVillar MinnieLesleyPaulk CharlesDiannaProfitt AndrewSadieBennett FriedaLindaMachesky KelliChristopherBanu ElmerDemetriusLark KelliChristopherBanu LynnKennethChavez JohnBrendaFuller ZacharyWarrenKarth JimmyFranciscoWaters ChristopherMurielBra JimmyFranciscoWaters ZacharyWarrenKarth TommyAmandaMartin AnnDeannaLarzazs MinnieLesleyPaulk GeorgeHenryVillar DavidRaymondJohnson ErikaLeslieBoyd DavidRaymondJohnson GeraldDominiqueFlowe GlennaMichaelBorden GeraldDominiqueFlowe DenaJewellDavis HowardAdolfoRobertso DavidRaymondJohnson GeorgeHenryVillar MichaelMarkHolloway EricTammyScott ChelseaStevenRufe WilliamRenateBaker MichaelMarkHolloway BenSaraCreech JuanitaPhilipParsons KevinThomasHiggins MiriamMichaelMcwhirt KevinThomasHiggins JohnSaraBurnett KevinThomasHiggins JuanitaPhilipParsons LawrenceBarryHadden JosephAmandaMullen LawrenceBarryHadden JoseNelleHale MadeleineLeoRoberson JohnRichardSmith MadeleineLeoRoberson JenniferSabrinaElsto DonaldYvonneWilliams GloriaRuthRowland LaurelDwayneAnderson DouglasColleenLara LaurelDwayneAnderson AndrewJeanPinson WinifredMarkRamos JimmyFlorTasson HollyJoanPhelps JohnAlanMcalvain HollyJoanPhelps JimmyFlorTasson MabelCharleneGarcia MarthaJackRobinson RobertJosephNine KevinCharlesEvans MarthaJackRobinson SybilRobertScott MarthaJackRobinson DebraJaneFitzgerald MarthaJackRobinson GregoryMichaelWhitme StevenNeilNguyen GregoryMichaelWhitme MarthaJackRobinson MabelCharleneGarcia LaurelDwayneAnderson GloriaRuthRowland JaredEvelynJones JohnJoshuaAllen JaredEvelynJones JeremyJamesChavez JaredEvelynJones MistyRobertKing JannaDavidCarranza MistyRobertKing GeorgeFelixClifton DwainJoeFeldman RobinEvelynSimmons MabelJamesMccormick CeliaMaryBoone DeniseBrunoWilliam DianeMargaretHammond PeterJosephBarbee DianeMargaretHammond CassandraJaniceGlove DianeMargaretHammond SamuelLawrenceAdamit DianeMargaretHammond JoStephenMay DianeMargaretHammond BrandonDeborahPinnoc DianeMargaretHammond NicholasThomasShivel JeffJohnBruton JamesJordanZamora NicholasThomasShivel ClaytonFredrickRicha CarlosTamikaStrand MichaelBillieRomriel CarmenEarnestCarter LuisCharlotteCollins ShawnLeoSaur CarmenEarnestCarter CarlosTamikaStrand StephenWilliamCoffma CarlosTamikaStrand GaryCharlesHudson CarlosTamikaStrand DeniseBrunoWilliam PatriciaRichardSippe AlmedaLourdesSimpson GlendaAmandaFields RosaPatrickYankey PatriciaRichardSippe PatJasonAaberg ChristopherJamesLuca MarkAngelaMccloud ChristopherJamesLuca PatJasonAaberg JoeJessicaShan SandraJoyceVictorero KyleShawnHenry SandraJoyceVictorero WillieRobertSimon SandraJoyceVictorero JoeJessicaShan IsaacGregGargano JoeJessicaShan PatJasonAaberg DeeAmandaBartley PatJasonAaberg TiffanyBeulahMattion LeeMillicentTauber PatJasonAaberg PatriciaRichardSippe DeniseBrunoWilliam CeliaMaryBoone FerdinandLukeJackson RolandGregoryWatson VivianRoyMartin SusanSalinaZimmerman WayneGlendaDozier KimMickeyCohen RonaldEdnaArant KimMickeyCohen ClaudeBobbyBaker DonnaEricKonwinski KimMickeyCohen WillieJeraldStone KimMickeyCohen WayneGlendaDozier EricJamesJuckett WayneGlendaDozier RoxanneKathleenField WayneGlendaDozier DeniceRobertHawkins AmyFloydTopper EdwardErnestSinger KathleenSherryDay WalterAvaPorter JenniferGeorgeKarr DeniceRobertHawkins WayneGlendaDozier SusanSalinaZimmerman RolandGregoryWatson GeorgeWilliamJackson StormyOllieYork RobinStephenWebster StormyOllieYork MichaelElizabethWeav StormyOllieYork JoshuaDelmarFellers TylerShawnBeasley CarolKeshiaSmith TylerShawnBeasley KentMarylynnPayne JessicaChristopherHa ThomasEssieEwing JessicaChristopherHa JoshuaDelmarFellers StormyOllieYork BradleyDeborahSaball StephenSheldonOrlean AugustTamikaMason DominiqueWilliamRoss ElizabethNellieMcmil JordanWilliamAlexand ElizabethNellieMcmil DominiqueWilliamRoss NormaGarryReyburn CynthiaConnieWright NormaGarryReyburn EricJayBustad FerdinandLukeJackson CeliaMaryBoone JoannCharlieWilkinso BarbaraFranciscoHard AlbertFredHaines AgathaKarenStiefel AlbertFredHaines
78
DenaJewellDavis DenaJewellDavis
KevinThomasHiggins KevinThomasHiggins
TommyAmandaMartin TommyAmandaMartin
CassandraJaniceGlove CassandraJaniceGlove
GlennaMichaelBorden GlennaMichaelBorden
CynthiaConnieWright CynthiaConnieWright
DwainJoeFeldman DwainJoeFeldman
RickyJamesBrumfield RickyJamesBrumfield
TravisMichelleMeller TravisMichelleMeller
MichaelElizabethWeav MichaelElizabethWeav
MarkAngelaMccloud MarkAngelaMccloud
ElmerDemetriusLark ElmerDemetriusLark
JosephAmandaMullen JosephAmandaMullen
BernicePennyRiddick BernicePennyRiddick
JudyPearlineKaminski JudyPearlineKaminski
GeorgeHenryVillar GeorgeHenryVillar
ThomasEssieEwing ThomasEssieEwing
DeeAmandaBartley DeeAmandaBartley
MistyRobertKing MistyRobertKing
MarthaJackRobinson MarthaJackRobinson
MarkDianeDuchon MarkDianeDuchon
FerdinandLukeJackson FerdinandLukeJackson
JimmyFlorTasson JimmyFlorTasson
GaryCharlesHudson GaryCharlesHudson
JohnRichardSmith JohnRichardSmith
JackieSharonScherrer JackieSharonScherrer
LawrenceBarryHadden LawrenceBarryHadden
SandraHarryStewart SandraHarryStewart
GeorgeWilliamJackson GeorgeWilliamJackson
CherylMaryMorgan CherylMaryMorgan
ZacharyWarrenKarth ZacharyWarrenKarth
KathleenJoseClark KathleenJoseClark
EdwardErnestSinger EdwardErnestSinger
JannaDavidCarranza JannaDavidCarranza
JudeJanetHarcourt JudeJanetHarcourt
EricTammyScott EricTammyScott
BradleyDeborahSaball BradleyDeborahSaball
EricTinaPerea EricTinaPerea
RolandGregoryWatson RolandGregoryWatson
RosaPatrickYankey RosaPatrickYankey
BrettDominickSonnier BrettDominickSonnier
WilliamDavidGray WilliamDavidGray
JamesJordanZamora JamesJordanZamora
LynnKennethChavez LynnKennethChavez
DeniseBrunoWilliam DeniseBrunoWilliam
MarciaWalterKirschma MarciaWalterKirschma
KathleenSherryDay KathleenSherryDay
HowardKennethCollins HowardKennethCollins
JoStephenMay JoStephenMay
DianeElisePickett DianeElisePickett
DebraJaneFitzgerald DebraJaneFitzgerald
LillianJuanAncona LillianJuanAncona
EricJamesJuckett EricJamesJuckett
ClaudeBobbyBaker ClaudeBobbyBaker
KellyJohnnaOles KellyJohnnaOles
StephenWilliamCoffma StephenWilliamCoffma
IsaacGregGargano IsaacGregGargano
CraigJohnLard CraigJohnLard
JeremyJamesChavez JeremyJamesChavez
PerryJamesBennett PerryJamesBennett
ManuelaJoseBailey ManuelaJoseBailey
RonaldEdnaArant RonaldEdnaArant
JohnBrendaFuller JohnBrendaFuller
PeterJosephBarbee PeterJosephBarbee
MaryJamesDavila MaryJamesDavila
StormyOllieYork StormyOllieYork
HeidiMayJohnson HeidiMayJohnson
AlbertFredHaines AlbertFredHaines
DorisJeffreyBinger DorisJeffreyBinger
WadeSonnyMcbride WadeSonnyMcbride
JessicaChristopherHa JessicaChristopherHa
EdwardDennisStewart EdwardDennisStewart
KevinCharlesEvans KevinCharlesEvans
RobinStephenWebster RobinStephenWebster
AnnDeannaLarzazs AnnDeannaLarzazs
StevenNeilNguyen StevenNeilNguyen
MichaelMarkHolloway MichaelMarkHolloway
JoannCharlieWilkinso JoannCharlieWilkinso
