SueJosephGarza TeresaAllenFoss SueJosephGarza BillyJoshuaBall JoelKatherineDuval BillyJoshuaBall FranciscoFrancesHarr ThomasLauraGray AshleyWilliamClarke ThomasLauraGray BillyJoshuaBall ElsieJosephPhelps LillieKathleenCervan JohnJoseJudd HarryEarlGehl ElsieJosephPhelps MarkRobertIvey FrankJennieBarker BrianRolandAli LauraPhilipWinkler WilliamMichaelBeckha EricWilliamHuffman WilliamMichaelBeckha LauraPhilipWinkler PatriciaBernardBrock MarianLuluDiaz PatriciaBernardBrock LauraPhilipWinkler BrianRolandAli MaryKarenVickers BrianRolandAli NathanKevinCorathers DorothyRichardChandl NathanKevinCorathers JamesRodneyUpshaw EugeniaKimberlyArauj AmyAnthonyGrayson CrystalShermanVida WilliamGeorgeWilliam NathanKevinCorathers MarleneCarrieLeveren NathanKevinCorathers BrianRolandAli AndrewRobertEvins BrianSarahCumming DanielWendyLundblad CarlWayneEdwards MaryNancyLuke JamesJaredGonzalez RhondaAshlynMoore JamesJaredGonzalez CarlWayneEdwards JoelBrianAllton BrianSarahCumming MauriceRichardWillia BrianSarahCumming DarnellAliciaPeters PaulEvanRichard AndrewRobertEvins MartyDavidWill JerryAnnetteChilds MatthewLarryMeli MelindaKennethAzar JoseBerniceJohnston CharlesNancySasser RalphLisaMiller ChesterRosaPowell RalphLisaMiller CharlesNancySasser JoseBerniceJohnston MariaMarionSimons IraJimmyYang ThomasAnneNeave IolaElfriedaHemenway KennethPamelaManey KathleenPaulCollins KennethPamelaManey JamesGladysMccullar KevinHaroldCyr KarenErmaJensen RebeccaAgnesHoward PatrickKristenWeakle LucyBennyHaag JamiePatriciaSergi KennethPamelaManey IolaElfriedaHemenway JohnDustinKenny RubyWilliamGreer JohnDustinKenny ThomasAnneNeave IraJimmyYang MariaMarionSimons JoseBerniceJohnston MelindaKennethAzar ThomasAnnieRuiz JerryAnnetteChilds MartyDavidWill FrankJennieBarker CharlesKristineWhite AnnaKyleChang ChristinaDanaGrant AnnaKyleChang BrianLuzArce AnnaKyleChang PhyllisJackWilson MaryLindaKirkland LuisHelenHughes JohnEdwardCaccavale RichardFaithMartin JohnEdwardCaccavale PhyllisJackWilson FrankJennieBarker MarkRobertIvey OllieGeorgeSova MarkRobertIvey DonaldDoloresKelly RichardLawrenceEspos BruceMargaretIngwers KarenFrancesBachelor HenryMarkUutela RichardLawrenceEspos DonaldDoloresKelly AlfredaKirstenMartin DonaldDoloresKelly GuyMinnieStewart DonaldDoloresKelly SueJosephGarza JohnMarthaPriesmeyer SueJosephGarza JustinJavierToure RickyLeahGriffin FlorenceWarrenLong BruceTeresaNelson PamelaPageBullock JessicaJohnSpells MariaChristopherCast JessicaJohnSpells PamelaPageBullock BruceTeresaNelson HaleyKyleMurphy LeroySandraLewis HaleyKyleMurphy SueCourtneyOsgood CoraShaneAldana HaleyKyleMurphy BruceTeresaNelson FlorenceWarrenLong RickyLeahGriffin RonaldRobertHughes WilburnDavidMiller RobertJefferyFish WilburnDavidMiller EduardoCharlesThomps RobertDavidPhillips WilburnDavidMiller RonaldRobertHughes RickyLeahGriffin AnthonyDavidBrewer RickyLeahGriffin SueJosephGarza PaulShaneSoldner KennethShannonGardel SueJosephGarza
39
BrianRolandAli BrianRolandAli
OllieGeorgeSova OllieGeorgeSova
PatriciaBernardBrock PatriciaBernardBrock
JamesJaredGonzalez JamesJaredGonzalez
MaryLindaKirkland MaryLindaKirkland
LucyBennyHaag LucyBennyHaag
PaulEvanRichard PaulEvanRichard
JessicaJohnSpells JessicaJohnSpells
PhyllisJackWilson PhyllisJackWilson
LauraPhilipWinkler LauraPhilipWinkler
KevinHaroldCyr KevinHaroldCyr
ThomasAnnieRuiz ThomasAnnieRuiz
MariaChristopherCast MariaChristopherCast
WilliamGeorgeWilliam WilliamGeorgeWilliam
DarnellAliciaPeters DarnellAliciaPeters
AnnaKyleChang AnnaKyleChang
AshleyWilliamClarke AshleyWilliamClarke
MarianLuluDiaz MarianLuluDiaz
WilburnDavidMiller WilburnDavidMiller
CrystalShermanVida CrystalShermanVida
LillieKathleenCervan LillieKathleenCervan
PamelaPageBullock PamelaPageBullock
IraJimmyYang IraJimmyYang
BrianLuzArce BrianLuzArce
LuisHelenHughes LuisHelenHughes
LeroySandraLewis LeroySandraLewis
KarenErmaJensen KarenErmaJensen
ChristinaDanaGrant ChristinaDanaGrant
AlfredaKirstenMartin AlfredaKirstenMartin
PaulShaneSoldner PaulShaneSoldner
DonaldDoloresKelly DonaldDoloresKelly
FranciscoFrancesHarr FranciscoFrancesHarr
SueCourtneyOsgood SueCourtneyOsgood
MelindaKennethAzar MelindaKennethAzar
ElsieJosephPhelps ElsieJosephPhelps
JohnJoseJudd JohnJoseJudd
NathanKevinCorathers NathanKevinCorathers
JohnDustinKenny JohnDustinKenny
KennethShannonGardel KennethShannonGardel
