SusanneJohnBerrios TheresaDonaldZamudio JuliaLindaGordon TheresaDonaldZamudio RodneyJimmieNewton RonaldAlvinPrice DanielArthurVanderme LaquandaAnnTillman WendellKristenBise DanielArthurVanderme JuliaMollieHernandez DanielArthurVanderme DinahCatherineFaulkn MattieBarbaraEkstrom EarlineCristinaCrous LaquitaJohnBrunette TommyDyanEld JudeBernardMccay BerthaThomasAlexande RubyLelandCollard JudeBernardMccay DorothyDavidStromme MaryFrankieWomack JennyJoanPlant TommyDyanEld LaquitaJohnBrunette RalphClydeMills LaquitaJohnBrunette LarryJeanetteMurphy LaquitaJohnBrunette SpencerCourtneyBroth DougHelenHornbeck JayMaryHolling RossCarolynColon DougHelenHornbeck SpencerCourtneyBroth DouglasRobertFerkovi AntonioGeraldBaker FernandoLindaWatson SpencerCourtneyBroth HarryNeilFranklin JorgeHeatherSamuels SallyJamesGibson HarryNeilFranklin SpencerCourtneyBroth ReginaldDeborahSilve JudithConstanceDelaf ReginaldDeborahSilve SpencerCourtneyBroth MattieBarbaraEkstrom StephanieAaronWalker GarryDavidKingery MattieBarbaraEkstrom JudithBettyHensley MattieBarbaraEkstrom DinahCatherineFaulkn JuanDebbieAllen MonteMonicaLum LuisCaroleMonahan MichaelJeremyRadford JeanTrinityHull SandraBethSellers JeanTrinityHull MichaelJeremyRadford CatherineElouiseJack MichaelJeremyRadford MikeClaudiaHuguley MichaelJeremyRadford GerardLindaWisnowski MonteMonicaLum MaryBrittneySilva MonteMonicaLum JuanDebbieAllen ClaudiaDavidTaylor DouglasRussMatthews TheresaDonaldZamudio SusanneJohnBerrios MichaelWalterHamby SusanneJohnBerrios
21
DouglasRobertFerkovi DouglasRobertFerkovi
DinahCatherineFaulkn DinahCatherineFaulkn
MonteMonicaLum MonteMonicaLum
DorothyDavidStromme DorothyDavidStromme
StephanieAaronWalker StephanieAaronWalker
JuliaMollieHernandez JuliaMollieHernandez
JorgeHeatherSamuels JorgeHeatherSamuels
RubyLelandCollard RubyLelandCollard
MattieBarbaraEkstrom MattieBarbaraEkstrom
RalphClydeMills RalphClydeMills
DougHelenHornbeck DougHelenHornbeck
JuliaLindaGordon JuliaLindaGordon
LaquitaJohnBrunette LaquitaJohnBrunette
FernandoLindaWatson FernandoLindaWatson
JuanDebbieAllen JuanDebbieAllen
AntonioGeraldBaker AntonioGeraldBaker
MaryFrankieWomack MaryFrankieWomack
HarryNeilFranklin HarryNeilFranklin
ClaudiaDavidTaylor ClaudiaDavidTaylor
SpencerCourtneyBroth SpencerCourtneyBroth
GarryDavidKingery GarryDavidKingery
