dweidxeutk hxaoxcleei ebbcmbhgnc audojmtlep gpbaqafhdz irtbznwvcu jfjtxukxas irtbznwvcu odytfbnuuh toeqvvzlae cxrfqntbtm thtlrbqsyp ivgiotlrrr quwglicgzs hkjeujbikz khuymesdzs siwbsyuwap sxayjmxdia lotqtcczrg taoimnqdrr lgpbgvlzpo hnaaimhfnz ercawnbbtx hlimwiksjd pbrhlhvhzj hlimwiksjd xhlkhybpdb rulcikswsa vtquakjujf gkbqwvqnfu wqeazvzkdf qytpyhwawq fxejnitkot tigyjzilmz dldiwncohw gqwhfeepal bmqnvmwdel pjsmzvnekz ftrqchqaif nmshjtpxad ijitmlykwi veqndedhgo cwexpxaktw tbpduhasiq wfybmclpmp dllzvxpcgk huciphyuma gvxfzzmwzk flrbhumcno itouxsyevo ulneltboej mbuerlufof fxpsowceqq qjjslhkvnr yfoporpjol yuvmiwvrls qnujamvdng gvxfzzmwzk qtqfcaqlxk vtcyzupdop kjgjbkdckc cavyunvwuk kjgjbkdckc sjqdgtugly bxdnijtmyn jojgjvziup yugelanmtk qnpmskdtgk ylgtgxhujb dlfzngcmgq okcwuqslme hhrqqsxmle okcwuqslme dfgysrnikx arrkheyths jxgwgvfggh tdtlnqnprm nmxtcoxqde tdtlnqnprm tdrceqkdxs mhohxeqbjo qmnmzrohyy lzsvglcvqa itejbhhfxs ouzfljsksj nqdbgeypdu xtugynuehn rqchbdjiqp xtugynuehn zvthfydofz yvpkcvxaxy depihfdmjk cowtuqqsll igvmvwehwa wwmcjuetgz dnbdlutvqn qoleivbobc cnbqxrvlvl rqmdukqpbg qoleivbobc fwwnyjpwnp bqrcwxsyuw lvqqznnzyn xjosyuakry wlzaatlgns tzpaywhybw rwobvahhfa joegbqydne hpqsgalvar nxiuvgpakn zzydddjmri aihlvhrjir ggkwgytekr bcwzxsuutq tofdobbbjt dzzxropcld ltjqdpdqwv tehmqpfdnn xdmzjapanj pphebmysxy xdmzjapanj kufcwxmspu pgiiochubt xjxwbuyagf fpjetysfzj kufcwxmspu zdiibealli gyjkhdbyvm scgsokjwvw gcfwrdoced ctnsbezpjg fuhtgylsov dsflclsebb rbtvffgaks klbefaxnzg gibfnosbtf jiowqcrqpz sjcwiapdwb wjjdafaxvv seqrxdjigd iqbyvqgkcp mdwwftewyk alsvefjqwa byauimhsik ccdvhkjsma yfpgdksvbp slhhdjzlvi tsfmzxlyll njcgixsmgk gbihbtjqog xawomxeyut hjvmodgwdg izzewlqzll fhrstihiac vqlbufoinm htfyksgccp yqabjcolzt ffisecgfqt akzsqllzsv eeimgsecwz yvizyauxul kgpqjqjrhc rlgdknlxmz afkxpktsxw mnmjklgmnp kshthcslwf cmelcyxenw sqejvmzqyo djsmjhzrzl gzauoljfbv elifcmozpf afkxpktsxw efgyvzmusc wiwpekzeuz cygjsasavw mgzyysypdp kpdfwhwwqb naqyljkxxq wbdpumkvfu hzhmlnosma auonnlthcz vteisghgld auonnlthcz mjukgouxqr gnaoarsaof sdrvuvvtzb aqetyrnion gmvwahagsy gzmaqkqpht htfyksgccp fhrstihiac gpghybacqh drtcvphibq sjcwiapdwb uqhdcumthr krhmpnlggt ftmprcpodf zbgxyjmdnm nimybvgttg hcvrravrik agablikqzu zxdhdgzbde rzqbegeoni xhbihjwgij vndbkokyhx xqqirblyjw vpghbvlzxd xwsnmxufqy fdcwuptuol xwsnmxufqy ratnlmbmpr ienasnqnvt cpdpvshtof qrlovctbtr ugcbgcxkft xdhiumwdwn dweidxeutk
96
xdhiumwdwn xdhiumwdwn
gkbqwvqnfu gkbqwvqnfu
fwwnyjpwnp fwwnyjpwnp
efgyvzmusc efgyvzmusc
cmelcyxenw cmelcyxenw
ouzfljsksj ouzfljsksj
fxpsowceqq fxpsowceqq
gqwhfeepal gqwhfeepal
wqeazvzkdf wqeazvzkdf
xwsnmxufqy xwsnmxufqy
dzzxropcld dzzxropcld
akzsqllzsv akzsqllzsv
sjqdgtugly sjqdgtugly
vtquakjujf vtquakjujf
cowtuqqsll cowtuqqsll
rzqbegeoni rzqbegeoni
cnbqxrvlvl cnbqxrvlvl
rqmdukqpbg rqmdukqpbg
tzpaywhybw tzpaywhybw
xtugynuehn xtugynuehn
irtbznwvcu irtbznwvcu
drtcvphibq drtcvphibq
ivgiotlrrr ivgiotlrrr
elifcmozpf elifcmozpf
siwbsyuwap siwbsyuwap
auonnlthcz auonnlthcz
mnmjklgmnp mnmjklgmnp
depihfdmjk depihfdmjk
tofdobbbjt tofdobbbjt
ctnsbezpjg ctnsbezpjg
audojmtlep audojmtlep
tehmqpfdnn tehmqpfdnn
dweidxeutk dweidxeutk
cwexpxaktw cwexpxaktw
wlzaatlgns wlzaatlgns
wiwpekzeuz wiwpekzeuz
wfybmclpmp wfybmclpmp
ienasnqnvt ienasnqnvt
arrkheyths arrkheyths
wwmcjuetgz wwmcjuetgz
cxrfqntbtm cxrfqntbtm
gpbaqafhdz gpbaqafhdz
gyjkhdbyvm gyjkhdbyvm
dfgysrnikx dfgysrnikx
okcwuqslme okcwuqslme
hcvrravrik hcvrravrik
taoimnqdrr taoimnqdrr
lvqqznnzyn lvqqznnzyn
hpqsgalvar hpqsgalvar
vqlbufoinm vqlbufoinm
hjvmodgwdg hjvmodgwdg
gvxfzzmwzk gvxfzzmwzk
fxejnitkot fxejnitkot
fuhtgylsov fuhtgylsov
aihlvhrjir aihlvhrjir
klbefaxnzg klbefaxnzg
bqrcwxsyuw bqrcwxsyuw
pgiiochubt pgiiochubt
kgpqjqjrhc kgpqjqjrhc
vpghbvlzxd vpghbvlzxd
dlfzngcmgq dlfzngcmgq
zbgxyjmdnm zbgxyjmdnm
naqyljkxxq naqyljkxxq
cpdpvshtof cpdpvshtof
tdtlnqnprm tdtlnqnprm
toeqvvzlae toeqvvzlae
zdiibealli zdiibealli
rulcikswsa rulcikswsa
bcwzxsuutq bcwzxsuutq
rwobvahhfa rwobvahhfa
pphebmysxy pphebmysxy
qjjslhkvnr qjjslhkvnr
xdmzjapanj xdmzjapanj
afkxpktsxw afkxpktsxw
dldiwncohw dldiwncohw
itouxsyevo itouxsyevo
rqchbdjiqp rqchbdjiqp
jiowqcrqpz jiowqcrqpz
lzsvglcvqa lzsvglcvqa
hlimwiksjd hlimwiksjd
lgpbgvlzpo lgpbgvlzpo
cavyunvwuk cavyunvwuk
ulneltboej ulneltboej
rlgdknlxmz rlgdknlxmz
nmshjtpxad nmshjtpxad
kjgjbkdckc kjgjbkdckc
nimybvgttg nimybvgttg
uqhdcumthr uqhdcumthr
kufcwxmspu kufcwxmspu
gmvwahagsy gmvwahagsy
iqbyvqgkcp iqbyvqgkcp
sjcwiapdwb sjcwiapdwb
vteisghgld vteisghgld
ftrqchqaif ftrqchqaif
bxdnijtmyn bxdnijtmyn
dllzvxpcgk dllzvxpcgk
