qgyqjgwlbh sjnavteasg fnlmocuczk njgjyqyhsv hkpxcpivyp bngwhjkenc wjicfykuhr hyficezvgi mrjqlvteat swhusujfgz omadaodbkw pmzgeauuov wegckoctcp ajjekwybql hnnlwliezo fwzkdpfinn npffaineub iznialmand bvwklxlwsa lpopityrof lhvohluplc ozyhcflvre hqvifzhbmo smlsmfgyxa lpopityrof yeuzdbmimy uipamkyzyc ztbimsomxo czgfnbovhq bdjhlansav lewkphlryf cddppqxsmb qlieaqyzel tvrzrioagg fdbzjhgcmh gqulqjeire epsflirloq stxmhuffri mmeycqhoxt uqsahbxduy kmwsevkfov ysokdhiaft layuigtfoj tjcamfqmxd layuigtfoj omqkvmtjla ysndikwwgh ahfilcjjhz xpcqolcpnf xeuivcdbgm sthbsdqlwm ntlhpzyidk sgizgtdhhn lreyglvdhx culutarzsm sthbsdqlwm xeuivcdbgm lgwqodunqt uyirsvqblu bzcpozsody sqlbmrxpwv prctwnakif pqpyekbzmf djtmyhmwnn wmeeitskjx yvgxkhagkf tywawwbwci pcjmzanrrv kgewtltijq hpbkyqcejb yfvfzingng aruweadnpf flqztijwpa eqqtmsgxnc mjgsrzyxra bbtxglggzi atkqvymdax dzokhkbjld hrbvyznkmd iyucjunvyn zzscmbfbic uonnmkkdcs qzcudwawod ekdcatpuui somaaudaxm nznsqwfoac cwlgcuthor sngqmldfxu cynraykzum zjnjltvixw qgdwfpxklr fukxhmvtnm tdqzbpmftq bnfhxmjqzg feggaeevcb vvurcgizpo rzgfaqookt hdkptqgtdq xsgwbtaqye gdtsmzpvig theacfrsmz hfepxhhpnq cfqbtjshrf asnktvjywk sjnavteasg qgyqjgwlbh
48
uyirsvqblu uyirsvqblu
sqlbmrxpwv sqlbmrxpwv
culutarzsm culutarzsm
ajjekwybql ajjekwybql
hpbkyqcejb hpbkyqcejb
hrbvyznkmd hrbvyznkmd
ntlhpzyidk ntlhpzyidk
yfvfzingng yfvfzingng
aruweadnpf aruweadnpf
xpcqolcpnf xpcqolcpnf
cddppqxsmb cddppqxsmb
tvrzrioagg tvrzrioagg
gdtsmzpvig gdtsmzpvig
fnlmocuczk fnlmocuczk
hnnlwliezo hnnlwliezo
sngqmldfxu sngqmldfxu
bvwklxlwsa bvwklxlwsa
feggaeevcb feggaeevcb
hyficezvgi hyficezvgi
sgizgtdhhn sgizgtdhhn
lgwqodunqt lgwqodunqt
bnfhxmjqzg bnfhxmjqzg
tdqzbpmftq tdqzbpmftq
kmwsevkfov kmwsevkfov
npffaineub npffaineub
sthbsdqlwm sthbsdqlwm
wegckoctcp wegckoctcp
kgewtltijq kgewtltijq
gqulqjeire gqulqjeire
wmeeitskjx wmeeitskjx
rzgfaqookt rzgfaqookt
iznialmand iznialmand
fwzkdpfinn fwzkdpfinn
vvurcgizpo vvurcgizpo
ysndikwwgh ysndikwwgh
smlsmfgyxa smlsmfgyxa
atkqvymdax atkqvymdax
stxmhuffri stxmhuffri
tjcamfqmxd tjcamfqmxd
cynraykzum cynraykzum
hqvifzhbmo hqvifzhbmo
djtmyhmwnn djtmyhmwnn
czgfnbovhq czgfnbovhq
somaaudaxm somaaudaxm
bzcpozsody bzcpozsody
qlieaqyzel qlieaqyzel
lpopityrof lpopityrof
fdbzjhgcmh fdbzjhgcmh
