Egsmith Barnton Wychbourne Egavon Sodey Egavon Wychbourne Cookford Chelmbeck Marlover Wyborne Sunsted Wyborne Marlover Hurstlow Stafbury Hurstlow Edgey Shaftbage Ashdown Edgey Hurstlow Marlover Chelmbeck Flitgrove Bromton Flitgrove Chelmbeck Cookford Hornborough Cookford Farnsmith Wychsmith Chelmwang Wychsmith Farnsmith Cookford Wychbourne Sudtree Leathermere Sudtree Wenwold Wetbridge Wenwold Stainby Brackbrough Waltdon Sudwell Stapbeck Sudwell Brackbrough Stainby Wychbourne Wychnell Wychbourne Barnton Ashbourne Sudwich Aldover Sudwich Pemlow Watchcombe Wenbeck Watchcombe Pemlow Sudwich Wetwick Nortley Stainbrough Nortley Sudwich Barnton Shaftsted Egtree Chelmden Horsmoor Horslow Horsmoor Chelmden Egtree Southborne Edgwick Southborne Egtree Shaftsted Barnton Egsmith Whittree Alfchester Whittree Whithall Whittree Wenside Burbourne Wenside Whittree Egsmith Blanworth Durnell Burfield Wywick Wychbeck Staplake Wychbeck Wywick Burfield Shaftbridge Penborne Watchavon Shaftbridge Burfield Durnell Blanworth Egsmith Waltditch Durgrove Waltditch Egsmith
36
Staplake Staplake
Stapbeck Stapbeck
Wychnell Wychnell
Stainby Stainby
Wenside Wenside
Wenwold Wenwold
Wychbourne Wychbourne
Stainbrough Stainbrough
Wetwick Wetwick
Farnsmith Farnsmith
Cookford Cookford
Wychsmith Wychsmith
Ashbourne Ashbourne
Burbourne Burbourne
Shaftbridge Shaftbridge
Flitgrove Flitgrove
Leathermere Leathermere
Chelmwang Chelmwang
Alfchester Alfchester
Wywick Wywick
Sudtree Sudtree
Edgey Edgey
Nortley Nortley
Ashdown Ashdown
Wenbeck Wenbeck
Waltditch Waltditch
Chelmbeck Chelmbeck
Brackbrough Brackbrough
Penborne Penborne
Chelmden Chelmden
Pemlow Pemlow
Wychbeck Wychbeck
Egtree Egtree
Shaftbage Shaftbage
Egavon Egavon
Barnton Barnton
