Chelmbourne Shaftwich Hartgrove Shaftwich Chelmbourne Edgwich Staintree Stafthorne Stapwell Bromgrove Stapwell Alfby Pembage Braincastle Pembage Alfby Leatherlake Alfby Leatherlow Bracklow Pemwood Sodside Bracklow Barngrove Hornley Durditch Hornley Barngrove Southstoke Egwood Egchester Horswich Egchester Edglow Dartsted Clerethorne Stapthorne Clerethorne Barnside Clerethorne Dartsted Kingsbrook Wenden Stainfield Elside Whitavon Nortcastle Egcastle Melborne Pemwold Melborne Sudworth Wenwang Edgchester Horncester Edgchester Wenwang Sudworth Melborne Egcastle Nortcastle Whitavon Elside Stainfield Nortmoor Hornbridge Stapwold Marlton Alfwell Aldhall Alfwell Hornbeck Alfwell Marlton Stapwold Hornbridge Nortmoor Wenden Kingsbrook Dartsted Brainwell Southtree Brainwell Dartsted Edglow Egwood Southstoke Prestbrook Southstoke Brainbridge Southstoke Barngrove Egborne Alfcastle Barnham Alfcastle Egborne Cookton Egborne Barngrove Prestdon Barngrove Bracklow Leatherlow Alddown Sudgrove Southmere Stainhall Southmere Shrivside Southmere Elwood Southmere Sudgrove Leatherlow Alfby Stapwell Stafthorne Waltbrook Hurstworth Waltbrook Stafthorne Staintree Elgrove Barnsmith Elgrove Wenborough Elgrove Staflow Cleredon Wyhead Cleredon Staflow Bursted Staflow Rocktree Whitborough Waltwood Harthall Whitover Stainside Whitover Harthall Waltwood Whitborough Horndown Whitborough Rocktree Barnden Shrivlow Casney Shrivlow Flitham Kingsley Flitham Enbage Kingssted Enbage Prestey Sudwich Enlow Cookbrook Penling Cookbrook Enlow Maidenden Stainey Maidenden Hartbage Maidenden Enlow Sudwich Prestey Aldport Stafsted Dursted Stafsted Aldport Alfditch Burchester Stapmoor Southbrough Hornford Hornney Hornford Southbrough Stapmoor Burchester Shrivdon Burchester Alfditch Aldport Prestey Enbage Flitham Shrivlow Barnden Rocktree Cookbridge Rocktree Elgrove Staintree Edgwich Chelmbourne Wetborne Casford Stapwang Casford Stainden Casford Wetborne Chelmbourne
59
Sudwich Sudwich
Sudworth Sudworth
Elside Elside
Barnside Barnside
Brainbridge Brainbridge
Enbage Enbage
Hornley Hornley
Shaftwich Shaftwich
Stapthorne Stapthorne
Stapmoor Stapmoor
Pemwood Pemwood
Hurstworth Hurstworth
Wenwang Wenwang
Whitborough Whitborough
Sodside Sodside
Alfby Alfby
Edgwich Edgwich
Casford Casford
Southmere Southmere
Aldhall Aldhall
Stainside Stainside
Flitham Flitham
Horndown Horndown
Waltbrook Waltbrook
Leatherlake Leatherlake
Bursted Bursted
Edgchester Edgchester
Elgrove Elgrove
Kingsley Kingsley
Wenborough Wenborough
Cookbridge Cookbridge
Whitover Whitover
Prestey Prestey
Bracklow Bracklow
Dartsted Dartsted
Shrivside Shrivside
Wenden Wenden
Barnham Barnham
Hartbage Hartbage
Pemwold Pemwold
Shrivlow Shrivlow
Wyhead Wyhead
Horncester Horncester
Staflow Staflow
Leatherlow Leatherlow
Egcastle Egcastle
Cleredon Cleredon
Stapwell Stapwell
Stainhall Stainhall
Durditch Durditch
Cookton Cookton
Rocktree Rocktree
Staintree Staintree
Prestdon Prestdon
Alfwell Alfwell
Egborne Egborne
Whitavon Whitavon
Marlton Marlton
Enlow Enlow
