qtq uxr wuc npu zgf zho cnv zgf uxr eku ahy xdz thp xdz ahy thd jno thd eku uxr qtq oto wju qtq xzk tcu xzk pjx pta rcs ifc fsl sfp blo gac llr lah xos gkh xos lah llr uca qnn tvy hxo yvu mhk yvu tzg yvu hxo ukh txl tvy qnn llr luf gac blo zgs blo rju blo pxi ogr pxi uwp pxi blo jpq sfp apg wuf vsu cov lbs jxq itg hba itg ick xzf oyx xzf mmf xou cpw yck xbo cpw lfh spp lfh cpw qlo qls qyi bwq lnv bwq iev qyi qlo xou mmf ase vaf ase mmf qlc mmf xzf zbn xzf wdf opt hhe rxi hhe opt xzf mbc xzf yqu ujc yqu tpa ick itg jxq txr suf ayw vsu wuf fsl ifc xmz wpq rwt qbh cer tmc udq pwa osc xax tto qbe qfc qbe tto txk tto xax gfp otp zye ooi nxr ynq hgx ynq nya uen nya wfx ynq tcp tvt suz stv tcp ynq orc nhk unf vlt ptq vlt unf nhk orc hpb orc pkx qof bpm gup fib cxu qoe nkx gpv qoe cxu zqn kgk nuf kgk zqn fib xld fib gup bpm qof pkx orc bok lxt orc ynq zye mln yiz ili bsz iuz nfy czf hxp qbq nhr fne wiq fne zug fne slq nhr viv tro tmd wpo htv eqm htv jta wpo mbx wpo nhr qbq hxp czf nfy art idl art ooc brk ooc hef ooc art nfy omf kvz utd plx utd kvz omf nfy tnl nfy iuz bsz ili yiz mln zye rod aah rod zye xsi zye otp gfp thz dvq thz gfp xax osc pvy osc pug fgo fbz gud egz dpo cnl zfc vub egz bai egz gak xgs gak qjm gak egz cjp egz gud fbz dns fbz fgo pug osc pwa udq unk pxs unk dkn qbj mnv qbj dcv rut qbj dkn unk udq zdf udq tmc cer qbh rwt ahv krg kza krg nrs pie nrs krg uoz krg ahv rwt xmz ifc xzk qtq
100
pta pta
xdz xdz
hhe hhe
htv htv
itg itg
xax xax
nhk nhk
qtq qtq
hpb hpb
ptq ptq
ase ase
krg krg
gup gup
ifc ifc
pxs pxs
qbe qbe
jno jno
kza kza
pkx pkx
qnn qnn
nkx nkx
dkn dkn
wuc wuc
sfp sfp
cpw cpw
ooi ooi
zgf zgf
uxr uxr
eqm eqm
pwa pwa
vub vub
ynq ynq
tmc tmc
wju wju
jta jta
idl idl
bai bai
fgo fgo
zbn zbn
bsz bsz
hxo hxo
qjm qjm
tro tro
lah lah
rut rut
nfy nfy
egz egz
uca uca
npu npu
pjx pjx
vlt vlt
vaf vaf
mnv mnv
hxp hxp
wiq wiq
nhr nhr
qfc qfc
rxi rxi
lxt lxt
tmd tmd
uoz uoz
wuf wuf
slq slq
ili ili
fsl fsl
lnv lnv
uwp uwp
txk txk
yiz yiz
mbx mbx
iuz iuz
zgs zgs
cxu cxu
gak gak
udq udq
zqn zqn
rju rju
ooc ooc
plx plx
lfh lfh
thz thz
ukh ukh
viv viv
thd thd
qlo qlo
wpq wpq
rwt rwt
brk brk
ahv ahv
cjp cjp
orc orc
xos xos
qls qls
cnv cnv
qbj qbj
rod rod
vsu vsu
tnl tnl
ahy ahy
spp spp
