gv xr zc xr az ci rd zh jm ur if bg if ue if du ll du fz ea yl ea ij nc dw vf jz lu fr il cd et cd il uj il fr rp su vs rg av im bx av gu av rg su sc fr lu ef lu jz fm wl fm jz vf dw nc ec wo ec ve ub oc pf ub ve ec ng sx wz ps wm wc kx hz my yo lt kx at cm at kx wc wm ps ij fz zt fz du hm mb ds ev ay yj ph yj ev ds ur jm zh az zo az gz mg ej wd ej xm oa xm rx ej mg ho az cp bj nx ft xr gv
40
my my
ay ay
dw dw
zc zc
oa oa
hz hz
il il
bg bg
ej ej
ea ea
wo wo
ec ec
zo zo
bj bj
sx sx
cm cm
rp rp
yj yj
ij ij
ve ve
yl yl
fz fz
sc sc
uj uj
gz gz
vf vf
kx kx
ho ho
vs vs
bx bx
xm xm
fm fm
et et
ur ur
mb mb
gu gu
yo yo
su su
ds ds
ef ef
