Soda Browning Soda Yolo Bristol Hospital Bristol Keeler Hopkins Wildcat Hopkins Pardee Keeler Bristol Sojourner Jones Bret Kenilworth Woodside Bret Poppy Vermont Whitaker Bret Altavista Terrace Latham Fresno Arcade Fresno Bowditch Bataan Bowditch Haskell Bowditch Fresno Center Fresno Olympus Colorado Woodhaven Eunice Lewiston Buena Blake Tulare Garber Colusa Fulton Colusa Menlo Bancroft Cutter Muir Cutter Sport Vicente Summit Michigan Berryman Michigan Summit Vicente Alvarado Overlook Alvarado Senior Alvarado Sport Cutter Roosevelt Bancroft Menlo Belrose Eola Belrose Menlo Burnett Menlo Colusa Garber Halkin Addison Shasta Columbia Byron Santa Byron Columbia Shasta Acacia Domingo Acacia Plaza Acacia Shasta Alamo Shasta Addison Halkin Florida Halkin Garber Tulare Haviland Oregon Anne Arch Indian Arch Anne Oregon Mabel Spring Comstock Spring Poplar Spring Mabel Oregon Haviland Tulare Park Drury Park Tulare Blake Buena Lewiston Edith Lewiston Eunice Solano Allston Solano Eunice Tyler Eunice Vistamont Wheeler Dartmouth Wheeler Marin Fernwald Visalia Ajax Forest Ajax Visalia Fernwald Greenwood Breakwater Cowper Haste Cowper Greenwood Heinz Russell High Amador High Russell Heinz Greenwood Marin Kentucky Marin Madera Wheeler Eunice Woodhaven Fresno Latham Station Latham Acroft Latham Jones Sojourner Bristol Yolo Martin Yolo Soda
50
Addison Addison
Ajax Ajax
Allston Allston
Anne Anne
Arch Arch
Bancroft Bancroft
Bataan Bataan
Belrose Belrose
Bowditch Bowditch
Bret Bret
Bristol Bristol
Browning Browning
Burnett Burnett
Byron Byron
Columbia Columbia
Colusa Colusa
Comstock Comstock
Cutter Cutter
Domingo Domingo
Edith Edith
Eunice Eunice
Florida Florida
Forest Forest
Fresno Fresno
Fulton Fulton
Greenwood Greenwood
Haskell Haskell
Haste Haste
Haviland Haviland
Heinz Heinz
High High
Hospital Hospital
Keeler Keeler
Kenilworth Kenilworth
Lewiston Lewiston
Mabel Mabel
Madera Madera
Marin Marin
Martin Martin
Menlo Menlo
Muir Muir
Overlook Overlook
Pardee Pardee
Poplar Poplar
Poppy Poppy
Shasta Shasta
Spring Spring
Summit Summit
Terrace Terrace
Vermont Vermont
