AZ AU AY AU BM AO AS AO BM AX DK AW BT AL BD BQ CE AE BD AL BH CA AP BC BP AV CR AV CX BO AH BO BU CB CY CT CY DO CY CB DF AF DF BE DF DB DH AD DH DF CB BU CJ AV BP BY DM BX DM BY BP CA CG BG CH AJ DE BA CV CZ BN CZ BV AC BV CS BA DE DP AT CC DG BL BW BL DG CK AK AA AK AB AK DL CK CU CK DG DJ DG CC AT CF AT DN AT AN CH BG CG CP CG CA CN AL BT AW DK BR DQ BZ BF CQ AG AI AR AM AR AI CQ BZ BK DV CD DV CO BI DV DC BK DQ CM DQ DI BJ CW DS AQ DS BJ DU DI CL DA BB DR BB AZ DT CI BS DD DT AZ
50
BP BP
BE BE
CG CG
DO DO
BJ BJ
CL CL
AS AS
CK CK
CZ CZ
BI BI
AF AF
AL AL
DD DD
AH AH
BO BO
DC DC
DQ DQ
CY CY
DE DE
DB DB
BW BW
CJ CJ
CP CP
CV CV
CO CO
CR CR
AA AA
CT CT
AV AV
AJ AJ
DM DM
BQ BQ
BX BX
DV DV
DL DL
BD BD
CD CD
BS BS
CC CC
BK BK
AI AI
AX AX
AN AN
AO AO
BL BL
AR AR
AE AE
BU BU
CN CN
DT DT
