186 1 3 0 5 0 6 0 7 8 0 9 0 10 11 0 12 13 14 15 0 16 0 17 18 19 0 21 22 23 24 25 27 28 29 31 0 32 34 35 38 39 0 40 42 43 0 44 45 0 46 47 48 49 50 51 52 0 53 54 0 55 56 0 57 58 63 64 65 66 67 68 69 0 72 74 77 78 79 80 81 82 83 84 85 0 87 88 89 90 91 92 94 95 96 97 0 98 99 100 101 102 0 103 104 0 105 0 106 0 108 109 110 112 0 113 114 115 0 116 117 118 0 119 120 122 124 125 0 126 127 129 130 131 132 133 0 134 0 135 136 137 138 139 0 141 143 144 145 0 146 147 148 0 149 150 156 157 0 158 160 161 162 163 0 164 165 168 169 0 170 0 171 172 174 0 175 176 177 178 0 180 181 183 185 187 188 189 190 0 191 192 193 194 195 0 197 199 2 41 2 59 2 70 76 2 142 173 128 3 1 4 20 26 30 33 36 37 60 61 62 71 73 1 75 86 1 93 1 107 111 121 123 1 140 1 151 1 152 153 154 155 1 159 166 167 1 179 182 1 184 1 196 198 186
51
14 14
104 104
138 138
30 30
198 198
190 190
140 140
61 61
107 107
188 188
168 168
134 134
174 174
74 74
33 33
144 144
35 35
45 45
195 195
128 128
108 108
156 156
143 143
67 67
157 157
178 178
97 97
70 70
89 89
194 194
121 121
86 86
49 49
162 162
150 150
11 11
17 17
19 19
29 29
90 90
5 5
183 183
79 79
2 2
196 196
22 22
177 177
71 71
32 32
172 172
136 136
