30 0 1 12 14 16 17 42 58 69 71 1 77 83 84 94 96 1 0 2 95 2 0 3 0 4 5 6 7 8 9 10 11 13 0 15 18 19 20 21 22 23 24 25 26 27 0 28 0 29 31 32 33 34 35 36 37 0 38 39 0 40 41 0 43 44 45 46 47 48 49 50 0 51 52 53 54 55 56 57 59 60 61 62 63 0 64 65 66 67 68 70 72 73 0 74 75 76 78 79 80 81 82 85 86 0 87 88 89 90 91 0 92 93 97 98 0 99 30
34
21 21
41 41
57 57
55 55
99 99
91 91
95 95
30 30
52 52
87 87
66 66
64 64
63 63
50 50
22 22
28 28
84 84
26 26
98 98
86 86
65 65
75 75
3 3
62 62
77 77
23 23
54 54
8 8
74 74
68 68
6 6
78 78
35 35
67 67
