Cleresmith Warringwood Whitby Bothensborough Chippingwood Sodmersmith Chedlake Chippenringfield Ketterwold Milditch Soddingwich Milditch Winhead Wydon Edgney Basfield Whitseyborough Todderworth Southling Warrerbage Durblechester Sundfield Durblechester Melwold Dribbasborne Hanworth Ellingey Sunderbrough Chillerlow Leatherglefield Eggerrensling Hannerworth Camdown Hannerworth Buravon Waltcombe Dribbinggrove Pendrenslake Cheddlesport Pendton Skelwang Elfield Warblesdown Hammenberworth Warblesdown Handlechester Wolvingrethorne Cammingbury Soddenreey Blanden Egwood Wolborne Skelcastle Cannerrebeck Kettingworth Cannerrebeck Eggendhampton Ciside Hartrenslow Cammenenwich Enderavon Pemhampton Hampensshot Reddenwell Suddlebrough Kettinglow Suddlebrough Shrivditch Pendingstoke Stainsdenwold Reddentree Ashworth Cannenringwell Burrensham Elmsbrook Chilcompcester Cookborne Chilcompcester Blandlesney Hanscombe Watchmanshead Chippenden Shrivden Chippenden Camsdenden Botlow Rockhead Bootworth Toddleshall Bootworth Elmsnell Dribbingenborne Dribside Wendlemerford Ribney Wendlemerford Hamditch Wetley Bursted Toddendport Nortlake Eggenditch Nortlake Toddendport Bursted Hamditch Wendlemerford Dribside Dribbingenborne Bootworth Rockhead Leathergrove Rockhead Camsdenden Chippenden Watchmanshead Hanscombe Chilcompcester Elmsbrook Worbleney Elmsbrook Cannenringwell Ashworth Stainsdenwold Pendingstoke Suddlebrough Reddenwell Sirenbourne Reddenwell Pemhampton Enderavon Hartrenslow Ciside Cannerrebeck Skelcastle Chipside Skelcastle Egwood Blanden Cammingbury Wolvingrethorne Warblesdown Elfield Whitbourne Elfield Pendton Cheddlesport Dribbinggrove Waltcombe Hannerworth Eggerrensling Cashead Eggerrensling Chillerlow Sunderbrough Hanworth Dribbasborne Durblechester Warrerbage Elcompshot Warrerbage Todderworth Whitseyborough Edgney Wydon Milditch Ketterwold Cirerlow Ketterwold Chedlake Sodmersmith Bothensborough Whitby Cleresmith
27
Warringwood Warringwood
Chippingwood Chippingwood
Ketterwold Ketterwold
Milditch Milditch
Basfield Basfield
Warrerbage Warrerbage
Durblechester Durblechester
Ellingey Ellingey
Eggerrensling Eggerrensling
Hannerworth Hannerworth
Pendrenslake Pendrenslake
Elfield Elfield
Warblesdown Warblesdown
Soddenreey Soddenreey
Skelcastle Skelcastle
Cannerrebeck Cannerrebeck
Cammenenwich Cammenenwich
Reddenwell Reddenwell
Suddlebrough Suddlebrough
Reddentree Reddentree
Elmsbrook Elmsbrook
Chilcompcester Chilcompcester
Shrivden Shrivden
Rockhead Rockhead
Bootworth Bootworth
Ribney Ribney
Wetley Wetley
