Wolney Braindlemoor Horndleside Reddingringey Sodden Nortditch Sodditch Dartworth Brombrough Hamwich Botbaswich Hamwich Hammensmith Rotsted Wendlethorne Chipcester Ketthorne Southcompmere Nortmansford Bromwich Stapseyden Alfford Stapseyden Prestlake Sistanwick Boothingtree Reddingbourne Edgfield Hannensworth Skellingstoke Watchsmith Endlesthorne Chippingbeck Endlesthorne Alddlesbasbridge Boothingwick Rockdenport Hampenlake Hanbasside Bootherbersted Elmsbasbridge Wendlerewick Dribbinglow Egavon Dribbinglow Rockenborough Ribbendhead Toddlenell Blanavon Egmanston Blanavon Ennell Melwich Wolden Horslake Siling Horslake Alfcastle Brackavon Wycombe Sundlecombe Meley Sundlecombe Chedcastle Chipbasfield Basserchester Cannell Hampenchester Cannell Reddennell Camsreborough Braindlemere Endingey Ellensbrough Eggermoor Marlwich Cheddenwang Sudhead Chedderling Sudhead Pemsdown Wencester Windlesseywang Pendlesbascastle Cirercompsted Pendlesbascastle Endcastle Whitwood Marlborne Pendlesford Hannensbourne Pendlesford Wolverbury Whitborough Camhampton Emthorne Elmerdown Skelling Emmingwell Chilworth Wolbourne Handlemansey Wolbourne Suddendmansavon Braddlesreport Farnsmerbeck Marlringlake Hammingreport Camsmere Cirerdown Burglesbrook Soddlesbasbourne Cambensnell Soddlesbasbourne Eghampton Braddleswick Sismith Clereshot Hammermere Clereshot Worringcompgrove Sundtree Alddlesenbage Horndlehampton Kingscastle Horndlehampton Chelmsbertree Falrensavon Suddingney Toddleborne Hannerley Toddleborne Kettenwell Hammingdenden Sundlesborne Staindlemansavon Burringbrough Staindlemansavon Pendnell Chilmermere Penswick Tiphampton Ketworth Ciringover Tippendside Aldlow Cammertree Stafey Cammertree Reddlebershot Candleseyney Elsmith Suddendwell Sudderbage Camsted Suddlescester Sirengrove Worglesmernell Toddlesmansmoor Worglesmernell Shrivgrove Sodham Durrenslow Flitcompwold Bootbeck Flitcompwold Sunsseybrook Tipencester Camtree Reddlesley Canningwold Reddlesley Hansside Chippingchester Ribblesremoor Worrersted Skellerbury Rothensden Endover Wychringden Ensdown Worrerdown Ensdown Prestwood Chedwick Dribberbrough Melborne Emsbrook Melborne Camling Botbeck Sudderwick Shaftport Redside Shaftport Chelmenthorne Falbaswood Siringbrook Leatherberlake Skellingbaswold Skellingmansgrove Elringlow Egwich Tippenside Wolvingborne Chilhall Wolvingborne Cambenscombe Wolvingborne Tippenside Egwich Skellingmansgrove Skellingbaswold Siringbrook Falbaswood Shaftport Sudderwick Prestbridge Sudderwick Camling Melborne Dribberbrough Chedwick Ensdown Wychringden Rothenmere Wychringden Rothensden Skellerbury Ribblesremoor Chippingchester Reddlesley Camtree Elmhall Camtree Sunsseybrook Flitcompwold Durrenslow Sodham Worglesmernell Sirengrove Emseyworth Sirengrove Camsted Sudderbage Elsmith Candleseyney Cammertree Aldlow Endleston Aldlow Ciringover Ketworth Penswick Chilmermere Staindlemansavon Sundlesborne Tipmansover Sundlesborne Kettenwell Toddleborne Suddingney Falrensavon Horndlehampton Alddlesenbage Sundingbourne Alddlesenbage Worringcompgrove Clereshot Sismith Braddleswick Soddlesbasbourne Burglesbrook Shaftshot Burglesbrook Camsmere Hammingreport Farnsmerbeck Braddlesreport Wolbourne Chilworth Eggermanscombe Chilworth Skelling Elmerdown Camhampton Whitborough Pendlesford Marlborne Waltling Marlborne Endcastle Pendlesbascastle Windlesseywang Wencester Sudhead Cheddenwang Rothenrested Cheddenwang Eggermoor Ellensbrough Braindlemere Camsreborough Cannell Basserchester Hurstbeck Basserchester Chedcastle Sundlecombe Wycombe Brackavon Horslake Wolden Elbage Wolden Ennell Blanavon Toddlenell Ribbendhead Dribbinglow Wendlerewick Tippingrewick Wendlerewick Bootherbersted Hanbasside Rockdenport Boothingwick Endlesthorne Watchsmith Ciworth Watchsmith Hannensworth Edgfield Boothingtree Sistanwick Stapseyden Bromwich Sodgrove Bromwich Southcompmere Ketthorne Wendlethorne Rotsted Hamwich Brombrough Cansford Brombrough Sodditch Nortditch Reddingringey Horndleside Wolney
55
Braindlemoor Braindlemoor
Sodden Sodden
Brombrough Brombrough
Hamwich Hamwich
Chipcester Chipcester
Bromwich Bromwich
Stapseyden Stapseyden
Reddingbourne Reddingbourne
Watchsmith Watchsmith
Endlesthorne Endlesthorne
Hampenlake Hampenlake
Wendlerewick Wendlerewick
Dribbinglow Dribbinglow
Egmanston Egmanston
Wolden Wolden
Horslake Horslake
Meley Meley
Basserchester Basserchester
Cannell Cannell
Endingey Endingey
Cheddenwang Cheddenwang
Sudhead Sudhead
Cirercompsted Cirercompsted
Marlborne Marlborne
Pendlesford Pendlesford
Emthorne Emthorne
Chilworth Chilworth
Wolbourne Wolbourne
Marlringlake Marlringlake
Burglesbrook Burglesbrook
Soddlesbasbourne Soddlesbasbourne
Hammermere Hammermere
Alddlesenbage Alddlesenbage
Horndlehampton Horndlehampton
Hannerley Hannerley
Sundlesborne Sundlesborne
Staindlemansavon Staindlemansavon
Tiphampton Tiphampton
Aldlow Aldlow
Cammertree Cammertree
Suddendwell Suddendwell
Sirengrove Sirengrove
Worglesmernell Worglesmernell
Bootbeck Bootbeck
Camtree Camtree
Reddlesley Reddlesley
Worrersted Worrersted
Wychringden Wychringden
Ensdown Ensdown
Emsbrook Emsbrook
Sudderwick Sudderwick
Shaftport Shaftport
Leatherberlake Leatherberlake
Elringlow Elringlow
Chilhall Chilhall
