Whitgrove Worberney Egwick Staplow Waltham Staplow Rotcester Staplow Egwick Worberney Whitgrove Dribblecombe Whitgrove Sodberling Bromstanham Botmermoor Clereennell Bromstanham Sodberling Ellerbridge Worrenberwang Worbrook Worrenberwang Ellerbridge Ketchester Watchlake Bursted Botbage Botwick Endingrensby Botwick Botbage Penddenchester Pemnell Rothingcombe Ribenwell Chilmerdon Ribenwell Rothingcombe Milthorne Rothingcombe Pemnell Stapby Pemnell Penddenchester Chelmdenmoor Ketnell Toddenmoor Aldtree Wychcompwold Aldtree Toddenmoor Ketnell Rockbage Sundcompney Prestwick Wychchester Durbrook Sodport Durbrook Falderseythorne Worford Hampingworth Botenbrook Tipstoke Fulhampton Tipstoke Burlake Endleberey Burlake Tipstoke Botenbrook Bromrenslake Botenbrook Hampingworth Worford Dribberham Worford Hamscombe Alfmere Hamscombe Skelberden Hamscombe Stainbrough Ribglesstanworth Stainbrough Maidendstoke Basbage Warblestancester Tippendham Hannersmith Worhall Reddendeney Alddleringworth Leatherport Cireport Egbeck Skellenshot Cihead Skellenshot Egbeck Cireport Leatherport Alddleringworth Chipbridge Alddleringworth Worhall Hannersmith Shaftborough Hannersmith Tippendham Warblestancester Basbage Southmere Rothead Bothenhall Rothead Chilsmith Bastlebury Emmerley Bastlebury Rothendcombe Dribwold Reddingtree Eley Reddingtree Stapbrough Reddingtree Dribwold Burblemansbage Dribwold Rothendcombe Wychditch Cookfield Staindledown Endingnell Toddenmerbrough Casbrook Windleshead Casbrook Toddenmerbrough Endingnell Staindledown Cookfield Egford Cookfield Wychditch Rothendcombe Bastlebury Hamwold Bastlebury Chilsmith Enborough Chilsmith Boothendhall Rothead Southmere Egsted Sodderover Leatherbourne Fullencester Leatherbourne Sodderover Egsted Southmere Ribberrenston Farnditch Abglewold Farnditch Shaftmoor Braddlesnell Shaftmoor Farnditch Ribberrenston Southmere Rothingenbage Southmere Waltcompbrook Southmere Maidendstoke Stainbrough Wendleringdown Stainbrough Worford Rotherlow Worford Egmerditch Maidendlegrove Egmerditch Worford Elwold Worford Falderseythorne Durbrook Bromssmith Wenton Bromssmith Durbrook Wychchester Barndlesborough Skellingover Candleswick Egton Candleswick Endleshall Melwood Suddenmoor Tippenbrook Marlbeck Enderbeck Sifield Abcester Sifield Enderbeck Faldenhall Wethampton Faldenhall Marlbeck Tippenbrook Suddenmoor Egmerhampton Pemton Egmerhampton Shaftwick Hurstdown Botshot Toddingchester Stafcombe Waltbasmere Stafcombe Stapbrook Wetwick Stapbrook Stafcombe Toddingchester Botshot Falworth Botshot Hurstdown Tippingtree Hurstdown Shaftwick Egmerhampton Suddenmoor Staincombe Suddenmoor Melwood Reddensden Cirerham Dartden Cirerham Wolley Cirerham Reddensden Melwood Endleshall Candleswick Skellingover Barndlesborough Wychchester Waltbeck Hampingcastle Basditch Skellingseybrough Basditch Tipbeck Burglemere Sirenshall Hampingbascombe Sirenshall Burglemere Southbury Bassinghead Nortwell Marlcester Dartdown Bassinghead Southbury Burglemere Tipbeck Basditch Redcombe Hampingcastle Waltbeck Stafavon Hornsmercombe Ribbenhall Boothingmanstree Edgwich Boothingmanstree Ribbenhall Hornsmercombe Elfield Hornsmercombe Stafavon Waltbeck Cannerthorne Elside Wetsmith Warsmith Horsnell Siavon Abgleham Sundlethorne Redwich Horsmere Sundlethorne Fullensborne Blansbrook Fullensborne Sundlethorne Abgleham Siavon Horsnell Warsmith Falderbrough Toddlesdon Falderbrough Marlbrook Shafthead Marlbrook Falderbrough Warsmith Horstleover Warsmith Ciborough Warsmith Wetsmith Elside Ciringnell Penby Hamborne Penby Ciringnell Elside Waltbeck Chillingbridge Waltbeck Wychchester Siey Wychchester Barndlesthorne Wychchester Prestwick Sundcompney Ketnell Chelmdenmoor Bothenton Chelmdenmoor Penddenchester Botbage Bursted Endlenell Bursted Watchlake Farndlesover Watchlake Tippingbage Watchlake Ketchester Hamsborough Ketchester Ellerbridge Boothingchester Wycastle Ashenhead Wycastle Bootwick Todhampton Bootwick Wycastle Boothingchester Sundendford Chedworth Sundendford Botbeck Whitringlake Sundendford Boothingchester Ellerbridge Suddingover Ellerbridge Sodberling Bursmith Sodberling Whitgrove
100
Sifield Sifield
Melwood Melwood
Wethampton Wethampton
Tipstoke Tipstoke
Worrenberwang Worrenberwang
Cannerthorne Cannerthorne
Reddendeney Reddendeney
Ketchester Ketchester
Enderbeck Enderbeck
Abglewold Abglewold
Bastlebury Bastlebury
Ketnell Ketnell
Skelberden Skelberden
Bothenton Bothenton
Faldenhall Faldenhall
Eley Eley
Siavon Siavon
Todhampton Todhampton
Hampingcastle Hampingcastle
Casbrook Casbrook
Shaftborough Shaftborough
Redcombe Redcombe
Southbury Southbury
Suddingover Suddingover
Farnditch Farnditch
Dribblecombe Dribblecombe
Egmerhampton Egmerhampton
Watchlake Watchlake
Clereennell Clereennell
Penby Penby
Cihead Cihead
Rothingcombe Rothingcombe
Staincombe Staincombe
Horsnell Horsnell
Staplow Staplow
Wetsmith Wetsmith
Falworth Falworth
Stapbrough Stapbrough
Tippingbage Tippingbage
Nortwell Nortwell
Ribberrenston Ribberrenston
Dartden Dartden
Rotherlow Rotherlow
Basditch Basditch
Prestwick Prestwick
Ellerbridge Ellerbridge
Wycastle Wycastle
Milthorne Milthorne
Hamwold Hamwold
Elside Elside
Endingnell Endingnell
Worford Worford
Bootwick Bootwick
Waltbeck Waltbeck
Suddenmoor Suddenmoor
Southmere Southmere
Skellenshot Skellenshot
Bromstanham Bromstanham
Worhall Worhall
Chedworth Chedworth
Hampingworth Hampingworth
Sirenshall Sirenshall
Wetwick Wetwick
Bothenhall Bothenhall
Candleswick Candleswick
Siey Siey
Whitringlake Whitringlake
Wychcompwold Wychcompwold
Rothendcombe Rothendcombe
Botbeck Botbeck
Tippenbrook Tippenbrook
Toddenmoor Toddenmoor
Leatherport Leatherport
Dribberham Dribberham
Emmerley Emmerley
Skellingover Skellingover
Wychchester Wychchester
Sodberling Sodberling
Sodport Sodport
Tippendham Tippendham
Whitgrove Whitgrove
Farndlesover Farndlesover
Alfmere Alfmere
Horstleover Horstleover
Durbrook Durbrook
Abcester Abcester
Sundlethorne Sundlethorne
Marlbrook Marlbrook
Bursmith Bursmith
Abgleham Abgleham
Wendleringdown Wendleringdown
Blansbrook Blansbrook
Marlcester Marlcester
Wolley Wolley
Sundendford Sundendford
Boothingmanstree Boothingmanstree
Falderseythorne Falderseythorne
Hampingbascombe Hampingbascombe
Egsted Egsted
Endleberey Endleberey
