Warfield Chilbury Brackcompwang Chilbury Hammenshead Cicombe Rotcombe Enswang Ciditch Stainbrough Fulbourne Southbasport Elcompbridge Chiphead Elcompbridge Southbasport Fulbourne Stainbrough Ciditch Braddlebrook Ciditch Northall Ciditch Enswang Shrivbury Alfseycastle Sunswood Alfseycastle Shrivbury Enswang Rotcombe Cicombe Falport Faldingney Hamsey Hannenmanswick Ashborne Tipwick Cannerthorne Soddlewick Cannerthorne Todtree Worhall Barndberbrough Skellingden Dribblewick Windling Ellenby Windling Millendon Windling Dribblewick Skellingden Barndberbrough Camwood Chelmstanwell Hammerringey Chelmstanwell Camwood Barndberbrough Worhall Dribbingworth Leatherbleside Dribbingworth Shaftfield Skelling Shaftfield Dribbingworth Worhall Todtree Cannerthorne Chedderrenswich Dartseyworth Chedderrenswich Cannerthorne Tipwick Ashborne Hamsling Blandlebage Wetberditch Sundlerensford Worberbrook Sundlerensford Wetberditch Blandlebage Hamsling Hannenmanswick Hamsey Rocktree Falport Botherseyworth Falport Pendlewood Bothingney Horstlescompstoke Pendlewood Faldinghead Pendlewood Falport Dribcastle Nortencester Dribcastle Candlegrove Elmswang Burcombe Abberhampton Burcombe Wyborne Cambingstoke Suddlecombe Ashfield Horndlecompside Nortchester Horndlecompside Bastleseyham Horndlecompside Ashfield Ketport Ashfield Suddlecombe Chippingsted Suddlecombe Ellingreham Suddlecombe Basringney Suddlecombe Cambingstoke Wyborne Cammerrensmoor Suddleborne Elbury Suddleborne Cammerrensmoor Sirensgrove Cammerrensmoor Wyborne Chedberdon Elavon Chedberdon Cammerwich Chedberdon Pendingbrook Suddlecastle Bothendwood Suddlecastle Pendingbrook Ketsmith Whitchester Siringwang Chedtree Burglebrough Sudsmith Elmansham Sudsmith Burglebrough Chedtree Suddleover Chedtree Siringwang Whitchester Chedchester Emmingborne Flitside Wyey Tipport Egwood Tipport Wyey Flitside Emmingborne Emmerdown Wargleentree Skelbeck Wargleentree Fulbage Emmerdown Emmingborne Chedchester Whitchester Ketsmith Fullerbourne Ketsmith Pendingbrook Chedberdon Wyborne Burcombe Elmswang Dribcastle Cicombe Hammenshead Chilbury Warfield
50
Worberbrook Worberbrook
Botherseyworth Botherseyworth
Wyborne Wyborne
Pendlewood Pendlewood
Cambingstoke Cambingstoke
Basringney Basringney
Ashfield Ashfield
Ketport Ketport
Dribbingworth Dribbingworth
Hammerringey Hammerringey
Skelling Skelling
Ashborne Ashborne
Stainbrough Stainbrough
Chedtree Chedtree
Tipwick Tipwick
Suddlecombe Suddlecombe
Todtree Todtree
Cammerrensmoor Cammerrensmoor
Chelmstanwell Chelmstanwell
Warfield Warfield
Pendingbrook Pendingbrook
Burglebrough Burglebrough
Siringwang Siringwang
Leatherbleside Leatherbleside
Chedderrenswich Chedderrenswich
Brackcompwang Brackcompwang
Worhall Worhall
Soddlewick Soddlewick
Skellingden Skellingden
Barndberbrough Barndberbrough
Southbasport Southbasport
Windling Windling
Bastleseyham Bastleseyham
Millendon Millendon
Chilbury Chilbury
Horstlescompstoke Horstlescompstoke
Whitchester Whitchester
Suddleover Suddleover
Sudsmith Sudsmith
Chippingsted Chippingsted
Elmansham Elmansham
Hamsling Hamsling
Cicombe Cicombe
Northall Northall
Suddlecastle Suddlecastle
Suddleborne Suddleborne
Falport Falport
Ellingreham Ellingreham
Hannenmanswick Hannenmanswick
Chiphead Chiphead
