Hamsbourne Sundlechester Camsborne Sundlechester Melcompton Sundlechester Hamsbourne Chipfield Hamperrehampton Prestbourne Botherstanport Leatherblesley Enderton Camhampton Hartberbury Camhampton Shaftthorne Skelgrove Pemstree Skelgrove Warrewick Skelgrove Sudbage Shaftthorne Camhampton Enderton Dribstoke Endbeck Melshot Endbeck Dribstoke Enderton Stafdenbourne Chipsted Stafdenbourne Enderton Leatherblesley Camswich Leatherblesley Botherstanport Wolvencester Botherstanport Prestbourne Elbage Shrivbridge Elbage Horscompborne Redderwold Horscompborne Hartlow Todbeck Hartlow Horscompborne Elbage Cimansbrough Wendleslake Boothenrensborough Candlesdon Suddingbeck Candlesdon Chillendringbourne Candlesdon Boothenrensborough Wendleslake Cimansbrough Elbage Prestbourne Sunderborough Ciley Sunderborough Rotmerby Chilringfield Suddlebaschester Rocklow Suddlebaschester Chilringfield Egginglow Sodderrenshead Egginglow Burrerlake Emmingrensbridge Burrerlake Egginglow Chilringfield Egdown Ribbleshot Ellerbeck Ribbleshot Egdown Chilringfield Rotmerby Sunderborough Prestbourne Hamperrehampton Chipfield Cammercastle Chipfield Hamsbourne
25
Hamperrehampton Hamperrehampton
Wolvencester Wolvencester
Sundlechester Sundlechester
Chipsted Chipsted
Ciley Ciley
Candlesdon Candlesdon
Leatherblesley Leatherblesley
Chilringfield Chilringfield
Chipfield Chipfield
Camswich Camswich
Camhampton Camhampton
Rotmerby Rotmerby
Sunderborough Sunderborough
Rocklow Rocklow
Melshot Melshot
Warrewick Warrewick
Enderton Enderton
Shaftthorne Shaftthorne
Cammercastle Cammercastle
Sodderrenshead Sodderrenshead
Prestbourne Prestbourne
Boothenrensborough Boothenrensborough
Sudbage Sudbage
Cimansbrough Cimansbrough
Hartberbury Hartberbury
