0 68 73 28 73 49 23 47 33 39 59 39 98 60 33 62 33 47 23 49 87 97 21 7 15 76 15 7 58 4 35 25 35 84 50 6 26 56 26 6 81 50 11 50 84 35 88 35 4 58 86 10 75 10 86 19 38 82 38 19 86 46 86 21 97 29 43 55 34 14 34 16 34 20 3 51 18 44 18 51 63 51 3 65 5 61 5 65 74 8 31 37 9 24 9 52 41 95 9 77 45 12 13 1 36 13 12 57 99 57 12 45 40 45 80 79 80 45 17 37 27 32 37 31 74 65 92 72 92 91 22 67 69 89 85 89 69 67 22 91 65 3 20 78 2 78 64 93 42 71 42 93 64 78 20 83 20 34 30 48 90 48 94 48 30 53 70 53 30 34 66 54 66 34 55 29 49 73 68 96 68 0
50
63 63
80 80
39 39
74 74
41 41
59 59
33 33
7 7
3 3
36 36
62 62
79 79
54 54
13 13
10 10
56 56
35 35
30 30
24 24
4 4
32 32
60 60
89 89
98 98
90 90
81 81
71 71
22 22
72 72
84 84
12 12
20 20
93 93
47 47
34 34
86 86
87 87
51 51
50 50
1 1
11 11
16 16
95 95
75 75
83 83
42 42
99 99
2 2
64 64
48 48
