0 49 0 188 28 103 163 194 76 177 76 194 163 103 170 1 129 146 16 146 136 91 11 157 50 62 18 62 61 24 101 15 189 93 124 139 183 139 124 93 132 92 108 102 21 102 108 92 132 144 23 144 132 162 27 185 5 53 113 80 113 98 113 53 154 56 116 6 153 38 57 90 57 38 153 110 44 110 153 6 116 32 75 116 120 116 174 154 53 5 185 41 54 185 122 27 162 132 101 24 164 35 138 35 167 9 167 117 107 33 142 33 184 33 143 131 137 191 127 109 42 84 65 84 89 173 84 42 165 109 192 109 127 191 134 128 168 125 133 169 156 25 156 46 156 141 4 14 4 141 60 59 10 12 10 100 10 59 60 83 40 73 97 36 97 40 83 60 104 60 141 152 20 130 152 141 156 131 143 159 52 7 52 159 87 140 87 147 159 107 117 167 35 164 24 61 71 62 50 77 182 45 96 67 47 29 95 29 119 29 47 67 96 45 182 50 157 70 19 55 19 74 19 85 99 3 175 3 99 68 37 68 99 72 43 72 88 72 99 115 30 115 190 48 13 48 118 17 118 22 150 51 79 51 111 126 111 149 111 158 111 22 31 94 34 86 106 199 105 81 78 81 112 81 121 81 181 171 181 196 66 26 8 39 151 39 8 166 8 26 176 26 66 82 66 123 196 179 172 186 180 135 69 135 180 193 178 148 178 193 186 197 105 199 86 94 31 118 64 58 64 118 48 190 99 85 160 161 145 161 19 91 63 114 91 136 146 198 146 129 187 129 1 170 2 170 195 170 103 28 155 28 188 0
100
173 173
179 179
83 83
75 75
160 160
6 6
103 103
156 156
25 25
14 14
17 17
116 116
178 178
64 64
185 185
109 109
48 48
32 32
196 196
121 121
89 89
126 126
24 24
91 91
26 26
166 166
28 28
184 184
111 111
186 186
133 133
151 151
182 182
180 180
120 120
194 194
9 9
65 65
159 159
138 138
4 4
42 42
108 108
12 12
193 193
106 106
175 175
22 22
67 67
44 44
98 98
81 81
125 125
77 77
49 49
157 157
100 100
18 18
87 87
51 51
36 36
130 130
70 70
39 39
197 197
20 20
117 117
139 139
102 102
137 137
176 176
10 10
38 38
78 78
104 104
85 85
58 58
96 96
134 134
128 128
19 19
31 31
155 155
168 168
149 149
170 170
63 63
27 27
50 50
69 69
119 119
145 145
79 79
74 74
47 47
95 95
146 146
163 163
199 199
99 99
