SantaClarita Carrollton Lubbock Concord Reno Durham FortCollins Spokane Berkeley Akron Chandler Hollywood Paterson Chandler Akron Berkeley Stamford Berkeley Chattanooga Berkeley Spokane FortCollins Fremont GardenGrove Victorville Murfreesboro Victorville Shreveport Huntsville Thornton Midland Thornton Beaumont NewportNews FortWorth NewportNews Thornton Victorville GardenGrove FortCollins Lubbock Frisco LexingtonFa Frisco PembrokePines Austin Indianapolis Stockton Pomona Allentown Omaha Ontario Boston Hartford LongBeach OWO Hartford LouisvilleJefferson Ontario Omaha Allentown Peoria Wichita Chesapeake JerseyCity Escondido Oakland Memphis Yonkers Memphis Modesto Independence Fayetteville Fontana Bellevue Davidson Alexandria Worcester Garland Richmond Alexandria Bellevue Irvine SantaAna SantaRosa Newark Glasses OklahomaCity LosAngeles Milwaukee Lafayette OklahomaCity Tulsa StPetersburg Amarillo Madison Orlando Brownsville Miami SanBernardino Cary RanchoCucamonga Washington Tempe McAllen Lancaster Surprise Torrance FortWayne Henderson Portland Sunnyvale Visalia Portland McAllen Tempe Washington WestValleyCity AnnArbor RanchoCucamonga Tulsa Newark SantaRosa Irvine HuntingtonBeach Scottsdale Bridgeport OverlandPark SiouxFalls Independence Modesto Escondido Chesapeake Wichita Austin SanDiego Waco SanDiego StLouis SanDiego Domination SanDiego Lubbock Carrollton SantaClarita
50
Midland Midland
Victorville Victorville
Shreveport Shreveport
Washington Washington
Independence Independence
OklahomaCity OklahomaCity
Sunnyvale Sunnyvale
Newark Newark
GardenGrove GardenGrove
LexingtonFa LexingtonFa
Scottsdale Scottsdale
Pomona Pomona
Carrollton Carrollton
Lafayette Lafayette
Worcester Worcester
Bellevue Bellevue
StLouis StLouis
Fayetteville Fayetteville
Stamford Stamford
Alexandria Alexandria
Paterson Paterson
Boston Boston
SiouxFalls SiouxFalls
Waco Waco
NewportNews NewportNews
Visalia Visalia
StPetersburg StPetersburg
Henderson Henderson
Brownsville Brownsville
Omaha Omaha
Beaumont Beaumont
LosAngeles LosAngeles
Huntsville Huntsville
Concord Concord
PembrokePines PembrokePines
Hartford Hartford
LouisvilleJefferson LouisvilleJefferson
RanchoCucamonga RanchoCucamonga
Ontario Ontario
LongBeach LongBeach
Austin Austin
WestValleyCity WestValleyCity
Yonkers Yonkers
Stockton Stockton
Indianapolis Indianapolis
Allentown Allentown
Wichita Wichita
Orlando Orlando
Garland Garland
Surprise Surprise
