Plano Rockford Riverside SantaClara Irving SantaClara LongBeach SantaClara Amarillo Chandler Amarillo Cary OklahomaCity Clyde Sacramento Vallejo WestValleyCity Syracuse Worcester SanDiego Thornton Lakewood Durham DesMoines AnnArbor FortLauderdale Bridgeport FortLauderdale Norfolk Reno LouisvilleJefferson Tulsa SantaAna AnnArbor StLouis Jackson KansasCity Garland Omaha Albuquerque Denver Cleveland Atlanta Oxnard Atlanta Beaumont Vancouver Kent NewportNews Atlanta Cleveland Hayward Buffalo Chesapeake OWO Jacksonville Mesa BatonRouge Miramar CapeCoral BatonRouge Richmond Montgomery Memphis Charleston Topeka Hayward WinstonSalem Boston WinstonSalem Waco Wichita VirginiaBeach Ontario Omaha Jackson DesMoines Durham Lakewood Frisco Clarksville Anchorage Clarksville Frisco Murfreesboro Naperville Philadelphia CedarRapids GardenGrove Salinas Chattanooga Salinas Oceanside ElPaso SanAntonio NewHaven Birmingham Scottsdale Davidson Charlotte Davidson Teemo BoiseCity Teemo Scottsdale Birmingham Indianapolis CoralSprings Fremont Madison Knoxville Phoenix Salem Peoria Domination Lubbock Domination Peoria Brownsville Corona Brownsville Knoxville SanBernardino CoralSprings Indianapolis Birmingham NewHaven ChulaVista Spokane Pomona Palmdale Toledo Spokane CorpusChristi SantaClarita Houston Gilbert Glendale Raleigh Yonkers FortWorth Denton Springfield Chicago LexingtonFa SiouxFalls FortCollins SantaRosa Shreveport Allentown Stamford Allentown Killeen Modesto Glasses SanJose Fontana Akron Escondido OverlandPark LosAngeles Lancaster ColoradoSprings Columbia Elizabeth Anaheim ColoradoSprings Torrance PembrokePines Orlando FortWayne Lafayette ElkGrove Huntsville Fayetteville JerseyCity Pikachu Midland Lafayette PembrokePines Lincoln Seattle Providence PembrokePines Lancaster LosAngeles Hollywood Glasses Killeen Allentown Shreveport Laredo Hialeah Tampa Arlington Portland Tampa ThousandOaks McAllen GrandPrairie Salinas Thornton Joliet Mesquite Worcester Dallas Hartford Mobile HuntingtonBeach Oski SimiValley Savannah Tempe Fullerton AugustaRichmond AthensClarkeCounty Alexandria Detroit Alexandria Irvine LittleRock GrandRapids Irvine Olathe Cincinnati Tallahassee Hampton Honolulu Tallahassee Miami Alexandria HuntingtonBeach NewOrleans Surprise Greensboro Surprise StPetersburg Sacramento Clyde LasVegas Clyde Rochester SanFrancisco Warren Tacoma Abilene MorenoValley Paterson Pasadena Norman Washington Sunnyvale Pasadena Pittsburgh MorenoValley Warren PortStLucie Warren Gainesville Oakland SantaClara Plano
100
SanFrancisco SanFrancisco
SantaClara SantaClara
Charleston Charleston
FortCollins FortCollins
Cincinnati Cincinnati
Mesquite Mesquite
Stamford Stamford
Hollywood Hollywood
Riverside Riverside
Omaha Omaha
GardenGrove GardenGrove
Beaumont Beaumont
Anaheim Anaheim
Brownsville Brownsville
StLouis StLouis
SanJose SanJose
Glendale Glendale
Elizabeth Elizabeth
Killeen Killeen
McAllen McAllen
LasVegas LasVegas
Ontario Ontario
Davidson Davidson
Norman Norman
Montgomery Montgomery
Garland Garland
Mesa Mesa
SantaRosa SantaRosa
AnnArbor AnnArbor
Lancaster Lancaster
Hartford Hartford
Escondido Escondido
Salinas Salinas
Tampa Tampa
Dallas Dallas
Hampton Hampton
Rockford Rockford
Portland Portland
Warren Warren
Wichita Wichita
LittleRock LittleRock
SanBernardino SanBernardino
Raleigh Raleigh
Torrance Torrance
Lincoln Lincoln
SiouxFalls SiouxFalls
Surprise Surprise
Allentown Allentown
Norfolk Norfolk
Houston Houston
Fremont Fremont
Greensboro Greensboro
SanAntonio SanAntonio
OWO OWO
Anchorage Anchorage
Glasses Glasses
Chicago Chicago
Atlanta Atlanta
Cary Cary
Oxnard Oxnard
MorenoValley MorenoValley
Irving Irving
Vallejo Vallejo
LouisvilleJefferson LouisvilleJefferson
Madison Madison
Thornton Thornton
Hayward Hayward
Miami Miami
Knoxville Knoxville
Denton Denton
ThousandOaks ThousandOaks
Pasadena Pasadena
JerseyCity JerseyCity
AugustaRichmond AugustaRichmond
Denver Denver
Sunnyvale Sunnyvale
SimiValley SimiValley
FortLauderdale FortLauderdale
Laredo Laredo
SantaClarita SantaClarita
Olathe Olathe
Corona Corona
Tulsa Tulsa
NewOrleans NewOrleans
Lafayette Lafayette
OklahomaCity OklahomaCity
HuntingtonBeach HuntingtonBeach
Huntsville Huntsville
Pomona Pomona
CorpusChristi CorpusChristi
Mobile Mobile
Memphis Memphis
GrandPrairie GrandPrairie
Pikachu Pikachu
Vancouver Vancouver
Irvine Irvine
Worcester Worcester
Waco Waco
Akron Akron
NewHaven NewHaven
