Waco SanAntonio Baltimore SanAntonio MorenoValley OverlandPark Irvine OverlandPark AnnArbor SaltLakeCity Rochester Oski Irving SantaClara ChulaVista Peoria Pikachu Peoria ChulaVista Oski Rochester SaltLakeCity Tampa SaltLakeCity AnnArbor OverlandPark SterlingHeights Henderson SterlingHeights OWO AthensClarkeCounty SanFrancisco Richmond SanFrancisco AthensClarkeCounty Palmdale FortWayne Palmdale Springfield Victorville StPaul Victorville FortCollins Victorville WestValleyCity Denton Gilbert SanBernardino Stamford Clarksville Stamford Cary Stamford SanBernardino Victorville Springfield Palmdale Birmingham Palmdale AthensClarkeCounty OWO LexingtonFa OWO SterlingHeights OverlandPark Mesquite Newark Atlanta Detroit DesMoines Detroit NewYork Detroit Atlanta Newark Lincoln Charleston Lincoln Roseville Lincoln Mesquite Aurora KansasCity Omaha KansasCity Aurora Thornton Aurora Mesquite OverlandPark Waco
25
Rochester Rochester
Palmdale Palmdale
Clarksville Clarksville
OWO OWO
Cary Cary
SanAntonio SanAntonio
StPaul StPaul
SanFrancisco SanFrancisco
LexingtonFa LexingtonFa
MorenoValley MorenoValley
AnnArbor AnnArbor
SterlingHeights SterlingHeights
Stamford Stamford
Detroit Detroit
FortWayne FortWayne
Omaha Omaha
FortCollins FortCollins
SaltLakeCity SaltLakeCity
SanBernardino SanBernardino
AthensClarkeCounty AthensClarkeCounty
ChulaVista ChulaVista
Irving Irving
Richmond Richmond
Lincoln Lincoln
Newark Newark
