18 28 35 16 35 44 98 44 35 49 29 8 96 8 29 22 75 11 75 42 95 88 23 88 95 42 75 29 57 14 48 2 3 36 65 36 71 36 62 48 57 15 57 34 57 97 56 21 56 97 60 78 33 4 33 70 33 51 78 77 78 81 6 1 40 73 40 1 46 24 20 39 7 83 12 31 86 85 86 12 92 27 90 27 92 12 7 93 7 99 32 17 41 68 41 17 91 32 58 32 7 39 53 10 53 39 64 39 20 24 37 69 37 24 46 79 46 1 6 25 6 84 45 84 6 81 55 9 55 81 78 60 97 63 97 89 66 89 67 89 97 29 49 50 0 50 49 72 26 74 13 76 52 80 19 80 87 80 52 76 13 74 26 72 30 72 59 43 38 43 59 47 82 47 94 5 94 59 72 35 54 61 54 35 28 18
50
0 0
2 2
3 3
4 4
6 6
7 7
9 9
12 12
14 14
16 16
17 17
18 18
20 20
22 22
25 25
28 28
32 32
33 33
36 36
37 37
39 39
41 41
42 42
43 43
45 45
46 46
53 53
57 57
59 59
61 61
62 62
63 63
69 69
71 71
72 72
73 73
75 75
76 76
79 79
80 80
83 83
84 84
85 85
87 87
88 88
90 90
92 92
93 93
95 95
98 98
