0 185 7 70 77 70 7 185 23 153 162 156 175 117 14 13 14 117 41 117 115 117 147 19 11 65 11 87 40 87 43 159 43 87 49 35 3 82 3 99 3 35 60 35 157 35 49 87 83 87 190 21 190 64 190 116 190 87 11 19 89 19 125 119 2 186 97 27 97 186 118 186 2 119 174 119 125 19 147 117 175 128 28 187 28 128 81 75 25 152 25 75 81 123 59 123 158 123 193 39 56 39 58 193 123 81 128 155 55 155 107 178 107 155 128 175 143 175 173 6 5 17 30 197 181 140 71 140 197 30 17 50 182 135 8 37 101 92 68 101 126 101 191 141 105 141 191 101 196 18 192 113 76 33 76 44 76 113 192 18 196 164 196 101 37 108 20 108 166 108 37 8 135 61 165 42 165 110 80 110 165 130 9 79 9 103 9 130 48 4 48 24 161 24 48 130 88 67 169 151 31 151 53 151 169 67 172 109 85 121 85 172 134 172 88 180 63 150 142 150 63 183 73 183 63 189 63 180 88 130 165 61 135 112 100 112 111 112 135 50 17 72 10 72 78 52 199 45 199 52 78 177 106 177 194 176 51 144 93 144 51 176 69 62 69 176 194 177 78 72 184 57 66 139 168 139 66 188 22 74 38 131 38 145 26 12 46 32 46 84 46 12 120 12 26 91 26 167 26 145 38 74 22 188 66 57 184 104 184 122 34 122 195 29 90 133 86 133 90 29 171 29 195 124 96 124 195 122 184 149 170 127 170 149 184 17 94 17 114 154 163 1 163 136 98 136 146 163 154 114 17 137 129 47 129 137 17 5 95 36 95 5 160 5 6 15 16 15 6 173 54 173 198 138 198 173 175 156 162 153 179 102 179 153 23 185 132 185 148 185 0
100
0 0
1 1
2 2
3 3
4 4
5 5
8 8
9 9
11 11
13 13
14 14
15 15
16 16
17 17
18 18
20 20
21 21
22 22
23 23
24 24
26 26
27 27
28 28
31 31
33 33
35 35
38 38
39 39
42 42
43 43
47 47
50 50
51 51
52 52
56 56
59 59
65 65
66 66
67 67
68 68
69 69
70 70
71 71
72 72
74 74
78 78
80 80
81 81
83 83
84 84
86 86
89 89
93 93
94 94
96 96
98 98
100 100
101 101
102 102
103 103
107 107
111 111
114 114
115 115
116 116
120 120
125 125
128 128
129 129
130 130
133 133
134 134
137 137
138 138
141 141
143 143
146 146
151 151
152 152
153 153
154 154
157 157
158 158
159 159
160 160
164 164
166 166
167 167
172 172
173 173
174 174
177 177
182 182
183 183
184 184
187 187
190 190
193 193
197 197
199 199
