13 38 87 34 4 98 24 39 75 69 12 63 12 99 83 18 42 61 0 53 66 37 2 82 67 6 67 25 68 67 37 66 96 53 61 84 51 5 26 16 23 47 89 28 33 43 72 33 90 28 73 52 10 52 94 85 40 54 40 56 8 44 56 93 20 93 85 89 26 46 84 88 62 88 84 61 42 21 48 95 9 1 9 50 71 50 9 95 48 21 91 41 91 81 49 55 65 92 19 92 22 92 45 49 83 29 35 83 97 59 15 59 27 14 99 86 69 64 58 70 69 79 74 32 74 60 80 78 57 7 3 7 57 31 76 77 30 17 11 17 36 98 13
50
50 50
51 51
52 52
53 53
54 54
55 55
56 56
57 57
58 58
59 59
60 60
61 61
62 62
63 63
64 64
65 65
66 66
67 67
68 68
69 69
70 70
71 71
72 72
73 73
74 74
75 75
76 76
77 77
78 78
79 79
80 80
81 81
82 82
83 83
84 84
85 85
86 86
87 87
88 88
89 89
90 90
91 91
92 92
93 93
94 94
95 95
96 96
97 97
98 98
99 99
