13 32 103 162 133 162 156 127 109 62 64 21 5 184 17 42 2 15 47 4 11 19 47 58 164 58 47 183 93 112 193 60 137 96 193 168 18 16 67 73 76 50 196 122 73 136 79 6 79 72 79 80 180 80 136 170 81 43 110 69 48 75 175 190 142 12 88 78 46 176 46 125 142 31 40 85 27 61 51 35 51 116 148 116 159 24 37 24 158 22 7 30 128 186 30 22 34 155 177 87 94 0 115 20 167 144 115 0 154 111 154 134 54 173 82 24 189 56 192 71 49 113 141 97 71 84 71 123 71 192 157 192 24 52 129 66 105 129 199 41 199 159 161 33 108 121 118 108 33 131 8 171 140 36 102 28 89 163 28 135 145 92 25 145 135 187 135 149 23 95 102 36 140 117 181 174 45 139 14 139 45 174 99 174 140 151 197 26 68 77 53 83 131 161 159 165 63 3 86 165 101 185 27 85 150 85 40 31 132 142 55 104 91 10 91 169 70 98 70 172 70 169 119 106 188 106 191 57 74 55 142 146 190 195 38 153 195 160 175 110 43 194 59 81 182 39 67 166 130 114 130 18 198 90 152 138 168 21 179 44 1 44 143 29 107 143 120 143 62 124 126 147 178 100 65 9 178 13
100
100 100
101 101
102 102
103 103
104 104
105 105
106 106
107 107
108 108
109 109
110 110
111 111
112 112
113 113
114 114
115 115
116 116
117 117
118 118
119 119
120 120
121 121
122 122
123 123
124 124
125 125
126 126
127 127
128 128
129 129
130 130
131 131
132 132
133 133
134 134
135 135
136 136
137 137
138 138
139 139
140 140
141 141
142 142
143 143
144 144
145 145
146 146
147 147
148 148
149 149
150 150
151 151
152 152
153 153
154 154
155 155
156 156
157 157
158 158
159 159
160 160
161 161
162 162
163 163
164 164
165 165
166 166
167 167
168 168
169 169
170 170
171 171
172 172
173 173
174 174
175 175
176 176
177 177
178 178
179 179
180 180
181 181
182 182
183 183
184 184
185 185
186 186
187 187
188 188
189 189
190 190
191 191
192 192
193 193
194 194
195 195
196 196
197 197
198 198
199 199
