wNqlpYNsRbJEgiGpKxrU jwjTVkTZQzfvrCAtqcyG wNqlpYNsRbJEgiGpKxrU lbWonvEbeplndKguSTkk eOfnBeTgmYCNEnRUhlEK lbWonvEbeplndKguSTkk oZXYedlbtBLmkfoVmgta svUOWvTJLneAqJGnExpc oZXYedlbtBLmkfoVmgta lbWonvEbeplndKguSTkk JRiiFgtNILayQegpqrXz lIpVoDPUIfHCPpjswogJ WMWBpOSnHGywZjCgaYyY lIpVoDPUIfHCPpjswogJ CMyhrOeiLyytYlFYZldw lIpVoDPUIfHCPpjswogJ cwgJAHVpCCTmuckJkncL lIpVoDPUIfHCPpjswogJ nCedHqGgdWAicwyuYWpg lIpVoDPUIfHCPpjswogJ yscsUFTNNyaVMKBztBdV lIpVoDPUIfHCPpjswogJ lbWonvEbeplndKguSTkk shaRjZRSPDzVXmetmolj scpUkbcaYSAsHhSktebT jUSlIFtitQxyvVLJjiCc bFmSeBrfNuxjYPUDCLYq jUSlIFtitQxyvVLJjiCc hFbQwEucdFQTgOahOxcg jUSlIFtitQxyvVLJjiCc scpUkbcaYSAsHhSktebT JVONrXhhmtFWhFfDiOXW scpUkbcaYSAsHhSktebT eCmBhjNaxZKHJotIYVMo scpUkbcaYSAsHhSktebT JvFxbsySBAiFiOUrzrBi scpUkbcaYSAsHhSktebT EEeDJaHeajXXlwYcHTeJ umZXKcxkweEplHZdotgU oLMkSrYLQRLHmPiuLCTC umZXKcxkweEplHZdotgU EEeDJaHeajXXlwYcHTeJ MBJqOYmxhUYbldNVEdRy uUKZHvHmBrpBHjYWNaUL wfEFdNDcColoskjTjcLm uUKZHvHmBrpBHjYWNaUL ZwvojvRdUOYNJXIwAqgC uUKZHvHmBrpBHjYWNaUL ZPoNdUlRoUJTJoDjXdBX uUKZHvHmBrpBHjYWNaUL HeWrJOKsDjgdrcamgZLN aGPbLNWYAMujnfHCTCMo lDkJjVrhTHajmAwuwAQm aGPbLNWYAMujnfHCTCMo HeWrJOKsDjgdrcamgZLN QLULTvtlfumxlpAQZckT HeWrJOKsDjgdrcamgZLN oXlmLEmXExpzARmsoCMJ HeWrJOKsDjgdrcamgZLN uUKZHvHmBrpBHjYWNaUL XvUPApTFkqaSSizYsCIr uUKZHvHmBrpBHjYWNaUL MBJqOYmxhUYbldNVEdRy PZwTcKCPsEmpxetNZvef MBJqOYmxhUYbldNVEdRy QePOUWiXcAUCoHETxuGS gDYKDrbERUXTnCayjBrC QePOUWiXcAUCoHETxuGS MBJqOYmxhUYbldNVEdRy hLaNXBYgTzgUhvjmqUTu MBJqOYmxhUYbldNVEdRy NzDQJknJPDEkcwCHzzbF pzrGQEObzJGPnfATEYDc NzDQJknJPDEkcwCHzzbF wvSJDoqoPGAkYgSuPFPw UdSbtwxTqTJxOiUoxEqw wvSJDoqoPGAkYgSuPFPw NzDQJknJPDEkcwCHzzbF NPSPGRTNRcKKVpsBRSwh NzDQJknJPDEkcwCHzzbF MBJqOYmxhUYbldNVEdRy HAIYkMkIfhypoRlxuZoB MBJqOYmxhUYbldNVEdRy CbGuHgZfQMmSOfHDFJnK MBJqOYmxhUYbldNVEdRy EEeDJaHeajXXlwYcHTeJ jJoPwgjECBISoLymscXc EEeDJaHeajXXlwYcHTeJ rlhNoKeiidsZhBEuQAJw EEeDJaHeajXXlwYcHTeJ efZntVbfQTvIUOiRNPSH shugRMnaHVqQSmKaNBgu yYaxxtTIkvUeyUpwOvuY cEIaAeLZCjOmtToPZoOl yYaxxtTIkvUeyUpwOvuY sNqoVKqgazRvmrelPhAK yYaxxtTIkvUeyUpwOvuY pMOSpTzPTPLXHLOQMjnt XPPBMlNyfVVeZGIzTCEW yYaxxtTIkvUeyUpwOvuY YqGgARSpVWADxTcGoaBG yYaxxtTIkvUeyUpwOvuY UbXJPGdXWEZlkrHjZKDr yYaxxtTIkvUeyUpwOvuY shugRMnaHVqQSmKaNBgu IvXQutSorlqOgnSVAIUd oKAKfpUUuLItChLyByFh IvXQutSorlqOgnSVAIUd edlAtPQdNXJQPCIzpkyX IvXQutSorlqOgnSVAIUd shugRMnaHVqQSmKaNBgu efZntVbfQTvIUOiRNPSH SiOEBWtHUiopSvDVOkjb oDgfEuAVpeOlkkTIMDLw zKnLSwRxFjUTCiXefWdG oDgfEuAVpeOlkkTIMDLw mgNeYYUOPKpLeiVEFIXd oDgfEuAVpeOlkkTIMDLw wlySPverjehsBxldyigf oDgfEuAVpeOlkkTIMDLw ADVVlRLpnspleRTgeTdu lTWClcCXtRKGvKTcMnqR ADVVlRLpnspleRTgeTdu BehmjzdYTywULyIVhjzE ADVVlRLpnspleRTgeTdu oDgfEuAVpeOlkkTIMDLw eCBFrcppbiLzdGQubocl SitzoubgYFeTjmkLjVPz eCBFrcppbiLzdGQubocl TQWxJiphrDoDBmrOTqOv ctcTzPUVbQQoQGGIDEim fosrykBjHtdvgWTEWXFR ctcTzPUVbQQoQGGIDEim TQWxJiphrDoDBmrOTqOv eCBFrcppbiLzdGQubocl ubMKewvRqrviLcycMHcN zQeQNTelEAJnDKvaviwm ubMKewvRqrviLcycMHcN ihxEqMQIIvyQmtrtMjeO ubMKewvRqrviLcycMHcN xlbpuxAjoVPJWPCWBEkJ ubMKewvRqrviLcycMHcN TcLSEpnQLlwURcYobXtr ubMKewvRqrviLcycMHcN cVMmKLyunrtKjZbHRVAg ubMKewvRqrviLcycMHcN imEmCMbYEtZJJkwxkSDD ubMKewvRqrviLcycMHcN clwzkzJtguIMBwKiZUKh ubMKewvRqrviLcycMHcN eCBFrcppbiLzdGQubocl TEPaiCedHTXapLxoBXMp eCBFrcppbiLzdGQubocl oDgfEuAVpeOlkkTIMDLw PhabkDCjZJPBFcmNmRgd oDgfEuAVpeOlkkTIMDLw UIlSMnVKIdNiXZNSiHsI eobSFtKBbBdcVrTOREdK UIlSMnVKIdNiXZNSiHsI fgzJCwocQniGlXAZHJId oSMuZCNCihNcfhhLdNwi fgzJCwocQniGlXAZHJId cinQsEbBpQAHgGdjBxaK FaWIqatYRYVcXfVhAFRN XtZHoAxqEyzvMChzPHpN FaWIqatYRYVcXfVhAFRN cinQsEbBpQAHgGdjBxaK fgzJCwocQniGlXAZHJId vIbIQYXZnmYrooTLYNtu IamFpWICdyBhLFRVaylm kqcEdfKLaRzxOhAIzchh IamFpWICdyBhLFRVaylm ufTLUXAgpKeoVkZOroDY IamFpWICdyBhLFRVaylm twwHXGyTBfZUDOGVnCzA FWnudSYFvYQJHehOpEKf fpoTaBKmVdlDCxFwCFoz pfMSqTzbsucqewxTADAG fpoTaBKmVdlDCxFwCFoz FWnudSYFvYQJHehOpEKf twwHXGyTBfZUDOGVnCzA IamFpWICdyBhLFRVaylm oKHxHZxgXgKSVZAEEVVZ QeYNNLpZMBxyiFbZMPFY oKHxHZxgXgKSVZAEEVVZ IamFpWICdyBhLFRVaylm SSDgxHQpSFRnlnnrMJNI IamFpWICdyBhLFRVaylm vIbIQYXZnmYrooTLYNtu fgzJCwocQniGlXAZHJId flqILnAtFsDqLctdZjpz fgzJCwocQniGlXAZHJId XxSQqGVyrNGAFhTsSOUz fgzJCwocQniGlXAZHJId UIlSMnVKIdNiXZNSiHsI CvZkdIYtdeDHtwufupie jwcUBYKIcRlUlpQdHDpU CvZkdIYtdeDHtwufupie syonLisTOSczosCwoILE aIuYyryCOUGVeCAqbqkg syonLisTOSczosCwoILE qoaNjvaRghiMQXaVEoQe QjZTuyCpiDhleJoqwClv qoaNjvaRghiMQXaVEoQe QjbdwbUnopENkiNyqirZ qoaNjvaRghiMQXaVEoQe ccdJRKiTXwIErdhSIxfh qoaNjvaRghiMQXaVEoQe GgcKFGLsvBOskeWiAUHx qoaNjvaRghiMQXaVEoQe VRpSthoDcomqMDsGoVql qoaNjvaRghiMQXaVEoQe joWAhkfNqIEECnBeulGl qoaNjvaRghiMQXaVEoQe syonLisTOSczosCwoILE CvZkdIYtdeDHtwufupie QyXpliHSeQOPIsurIcpa qRSIeHFYBHHihKAqJnzR QyXpliHSeQOPIsurIcpa ooYCPKWFEiMynFEjmadw QyXpliHSeQOPIsurIcpa ANDviqMIuFwdcboQDprt FGiPoAZuhTTxiAlzRDIV ANDviqMIuFwdcboQDprt YTwycpmzEWCqqTELtzXc ANDviqMIuFwdcboQDprt jeqqhISPyRIhGBNohHEu vTbNxpVTEoFlSjvvVvfG jeqqhISPyRIhGBNohHEu ANDviqMIuFwdcboQDprt juzxSpUVuccJUMBOcJjO ANDviqMIuFwdcboQDprt pGEDfjoOOYfHsrRVgAyF gqsFUfkkQrlyYYdSXwmt JMMbTzkqohdHHmvXLiRY gqsFUfkkQrlyYYdSXwmt xgBrJmdXVwtxgRuCBhMe gqsFUfkkQrlyYYdSXwmt nreoVgWrBhNXFZgTBlXO gqsFUfkkQrlyYYdSXwmt XcUwFUKnekNHEYjdJvBF gqsFUfkkQrlyYYdSXwmt DZEpVGVXkxHljziwItaS pGEDfjoOOYfHsrRVgAyF upmtEsSsBTyMWfthJQhZ pGEDfjoOOYfHsrRVgAyF ANDviqMIuFwdcboQDprt YZdWAQcvSeNhUzVcgZrb nUmoFIaaFFgVBHrhOTam YZdWAQcvSeNhUzVcgZrb NjdqbLVqGQWIXWnBFpZZ YZdWAQcvSeNhUzVcgZrb ANDviqMIuFwdcboQDprt QyXpliHSeQOPIsurIcpa AfGHqqEOTpEEwBIQBEiS QyXpliHSeQOPIsurIcpa DpztIuGTRpGuLsdlODJw lSJjEsqamUCgRZdCmdyI DpztIuGTRpGuLsdlODJw yRQdlZBUBAPypebnrlAH bpXmaPnrsPsgtmuUpaLG yRQdlZBUBAPypebnrlAH msuaKihWIEeUaCCcyjIZ yRQdlZBUBAPypebnrlAH NJZlnWyeJFrkOwoqHKtT fdXjIQYLVfwAMSuwOnYK NJZlnWyeJFrkOwoqHKtT yRQdlZBUBAPypebnrlAH DpztIuGTRpGuLsdlODJw QyXpliHSeQOPIsurIcpa CvZkdIYtdeDHtwufupie ZXihCBEQBTdisqSlEMsj CvZkdIYtdeDHtwufupie qhuHndnkQDFTOWOyauPU CvZkdIYtdeDHtwufupie szyiMlKhtyOynWjcoMsm CvZkdIYtdeDHtwufupie cmmlyhRSZpCVODfRPvaA RQlEqfIvpsUfBSzSkvip EhDFVLWZueLOrdjEOzEQ RQlEqfIvpsUfBSzSkvip cmmlyhRSZpCVODfRPvaA CvZkdIYtdeDHtwufupie oHoxoLeyDYnKZDzgMtxI CvZkdIYtdeDHtwufupie UIlSMnVKIdNiXZNSiHsI bEfUXCTlwRBndElSbPGf UIlSMnVKIdNiXZNSiHsI oDgfEuAVpeOlkkTIMDLw iVjkcMenotYGMFEBTvoa ndaHivGVVtIUvLiyUWcm UKNqBSfFWWuvpVIiGEAr ndaHivGVVtIUvLiyUWcm zeKxCuARLrHNxuGSyNEL ndaHivGVVtIUvLiyUWcm ZauPfhkpsGmhbvkhkltR ndaHivGVVtIUvLiyUWcm iVjkcMenotYGMFEBTvoa IBsTZegidEetQKMLVasu iVjkcMenotYGMFEBTvoa VIPPawblKbhOVWrmrWBx iVjkcMenotYGMFEBTvoa kpQFMMykSbYOVlbRVUsp iVjkcMenotYGMFEBTvoa gFUGYXSirCYiFTivWNah RlHeRhvUOhGhZVGGJuED jznspKyqlmxZtgfQUJVB RlHeRhvUOhGhZVGGJuED MmEgtZVGhqqZwyDlSqRm RlHeRhvUOhGhZVGGJuED NzCxhJJjJcEygziivInx RlHeRhvUOhGhZVGGJuED eiLPqIroFfCGzqSAlzAp RlHeRhvUOhGhZVGGJuED gFUGYXSirCYiFTivWNah TOntbQDzHvMkxiKuanmw QPuWhldwxyxWvfAFawIx TOntbQDzHvMkxiKuanmw CjORCCuZldKDLWqSZTsZ TOntbQDzHvMkxiKuanmw zNRhhVdMWUgTnnqmAfeY TOntbQDzHvMkxiKuanmw zXRivKrJPjQVqVwiULGz TOntbQDzHvMkxiKuanmw DVHSRJyZabZWqswQwHAq TOntbQDzHvMkxiKuanmw ZdUattHRgRoTtzHWkNMQ TOntbQDzHvMkxiKuanmw EmbDgEECbkHbfAfHCgwB TOntbQDzHvMkxiKuanmw gFUGYXSirCYiFTivWNah gcXUxTVUZWsOwtRNeDDa gFUGYXSirCYiFTivWNah ayQgUwyRuQVKeyFLPNbQ gFUGYXSirCYiFTivWNah erZKLqpCZsYKDnOCaBGq NIJaJxCurulNUdZZMxFk erZKLqpCZsYKDnOCaBGq gFUGYXSirCYiFTivWNah iVjkcMenotYGMFEBTvoa CWozbDsqFUhTlbxWhCmh cMYyKTXGNKnFzrpwnXUl wuSVWJYvpiWaQAHXocSG cMYyKTXGNKnFzrpwnXUl CWozbDsqFUhTlbxWhCmh iVjkcMenotYGMFEBTvoa oDgfEuAVpeOlkkTIMDLw SiOEBWtHUiopSvDVOkjb UyqqHOBdNdTWOKriHQVt SiOEBWtHUiopSvDVOkjb ICVlDhervfDVjLpSCbOf SiOEBWtHUiopSvDVOkjb efZntVbfQTvIUOiRNPSH tVxSUasqeXmMiMlEIdTM efZntVbfQTvIUOiRNPSH EEeDJaHeajXXlwYcHTeJ scpUkbcaYSAsHhSktebT kyApsCeFkLoLFCdkazaE scpUkbcaYSAsHhSktebT FYfGkhtzhjqJHqxmUsVx zHPSSEtFTQIbLYMdHqgP FYfGkhtzhjqJHqxmUsVx kwPuYZgJgVVJfdBGUtPw GOKcLUIfVCLsdfLjyASo kwPuYZgJgVVJfdBGUtPw GMxGouyyndiUBMqMdOoc kwPuYZgJgVVJfdBGUtPw ktVPibAaeaNHuNYSLNYb kwPuYZgJgVVJfdBGUtPw vPtcoCdDMvVYwOuvanRP kwPuYZgJgVVJfdBGUtPw FYfGkhtzhjqJHqxmUsVx scpUkbcaYSAsHhSktebT shaRjZRSPDzVXmetmolj lbWonvEbeplndKguSTkk igyeOiSdezmmXGTwMzLw KcrnMnFDTrBKaUaGpdLY igyeOiSdezmmXGTwMzLw NYdfLxXxFVvLEbDKzXWn LfOunWzwbbNRVLKSGfNS lbWonvEbeplndKguSTkk qfRRtdRbhYJBARMfPlZM lbWonvEbeplndKguSTkk CKkuZMjVWmdsjZfwhBYH lbWonvEbeplndKguSTkk wNqlpYNsRbJEgiGpKxrU UOwONVGkKwtTLGkUNCyS wNqlpYNsRbJEgiGpKxrU WoTuprXYItmuBoyNwAcV NtyLZDOaSczVvOGdocUp qDLPWLkWayzdxIYSKLER NtyLZDOaSczVvOGdocUp WoTuprXYItmuBoyNwAcV wNqlpYNsRbJEgiGpKxrU
100
svUOWvTJLneAqJGnExpc svUOWvTJLneAqJGnExpc
cwgJAHVpCCTmuckJkncL cwgJAHVpCCTmuckJkncL
DZEpVGVXkxHljziwItaS DZEpVGVXkxHljziwItaS
NtyLZDOaSczVvOGdocUp NtyLZDOaSczVvOGdocUp
vIbIQYXZnmYrooTLYNtu vIbIQYXZnmYrooTLYNtu
yscsUFTNNyaVMKBztBdV yscsUFTNNyaVMKBztBdV
syonLisTOSczosCwoILE syonLisTOSczosCwoILE
ihxEqMQIIvyQmtrtMjeO ihxEqMQIIvyQmtrtMjeO
ADVVlRLpnspleRTgeTdu ADVVlRLpnspleRTgeTdu
bFmSeBrfNuxjYPUDCLYq bFmSeBrfNuxjYPUDCLYq
NzDQJknJPDEkcwCHzzbF NzDQJknJPDEkcwCHzzbF
ZauPfhkpsGmhbvkhkltR ZauPfhkpsGmhbvkhkltR
DpztIuGTRpGuLsdlODJw DpztIuGTRpGuLsdlODJw
scpUkbcaYSAsHhSktebT scpUkbcaYSAsHhSktebT
ZwvojvRdUOYNJXIwAqgC ZwvojvRdUOYNJXIwAqgC
EmbDgEECbkHbfAfHCgwB EmbDgEECbkHbfAfHCgwB
FWnudSYFvYQJHehOpEKf FWnudSYFvYQJHehOpEKf
QeYNNLpZMBxyiFbZMPFY QeYNNLpZMBxyiFbZMPFY
juzxSpUVuccJUMBOcJjO juzxSpUVuccJUMBOcJjO
eobSFtKBbBdcVrTOREdK eobSFtKBbBdcVrTOREdK
wuSVWJYvpiWaQAHXocSG wuSVWJYvpiWaQAHXocSG
zNRhhVdMWUgTnnqmAfeY zNRhhVdMWUgTnnqmAfeY
EEeDJaHeajXXlwYcHTeJ EEeDJaHeajXXlwYcHTeJ
oKAKfpUUuLItChLyByFh oKAKfpUUuLItChLyByFh
efZntVbfQTvIUOiRNPSH efZntVbfQTvIUOiRNPSH
igyeOiSdezmmXGTwMzLw igyeOiSdezmmXGTwMzLw
xgBrJmdXVwtxgRuCBhMe xgBrJmdXVwtxgRuCBhMe
XPPBMlNyfVVeZGIzTCEW XPPBMlNyfVVeZGIzTCEW
YTwycpmzEWCqqTELtzXc YTwycpmzEWCqqTELtzXc
MBJqOYmxhUYbldNVEdRy MBJqOYmxhUYbldNVEdRy
NJZlnWyeJFrkOwoqHKtT NJZlnWyeJFrkOwoqHKtT
QyXpliHSeQOPIsurIcpa QyXpliHSeQOPIsurIcpa
pzrGQEObzJGPnfATEYDc pzrGQEObzJGPnfATEYDc
ayQgUwyRuQVKeyFLPNbQ ayQgUwyRuQVKeyFLPNbQ
bEfUXCTlwRBndElSbPGf bEfUXCTlwRBndElSbPGf
XvUPApTFkqaSSizYsCIr XvUPApTFkqaSSizYsCIr
wlySPverjehsBxldyigf wlySPverjehsBxldyigf
CbGuHgZfQMmSOfHDFJnK CbGuHgZfQMmSOfHDFJnK
edlAtPQdNXJQPCIzpkyX edlAtPQdNXJQPCIzpkyX
gcXUxTVUZWsOwtRNeDDa gcXUxTVUZWsOwtRNeDDa
EhDFVLWZueLOrdjEOzEQ EhDFVLWZueLOrdjEOzEQ
KcrnMnFDTrBKaUaGpdLY KcrnMnFDTrBKaUaGpdLY
nreoVgWrBhNXFZgTBlXO nreoVgWrBhNXFZgTBlXO
mgNeYYUOPKpLeiVEFIXd mgNeYYUOPKpLeiVEFIXd
kqcEdfKLaRzxOhAIzchh kqcEdfKLaRzxOhAIzchh
SitzoubgYFeTjmkLjVPz SitzoubgYFeTjmkLjVPz
IvXQutSorlqOgnSVAIUd IvXQutSorlqOgnSVAIUd
oHoxoLeyDYnKZDzgMtxI oHoxoLeyDYnKZDzgMtxI
CvZkdIYtdeDHtwufupie CvZkdIYtdeDHtwufupie
cMYyKTXGNKnFzrpwnXUl cMYyKTXGNKnFzrpwnXUl
kwPuYZgJgVVJfdBGUtPw kwPuYZgJgVVJfdBGUtPw
JvFxbsySBAiFiOUrzrBi JvFxbsySBAiFiOUrzrBi
erZKLqpCZsYKDnOCaBGq erZKLqpCZsYKDnOCaBGq
GMxGouyyndiUBMqMdOoc GMxGouyyndiUBMqMdOoc
NPSPGRTNRcKKVpsBRSwh NPSPGRTNRcKKVpsBRSwh
QePOUWiXcAUCoHETxuGS QePOUWiXcAUCoHETxuGS
ANDviqMIuFwdcboQDprt ANDviqMIuFwdcboQDprt
HeWrJOKsDjgdrcamgZLN HeWrJOKsDjgdrcamgZLN
UIlSMnVKIdNiXZNSiHsI UIlSMnVKIdNiXZNSiHsI
eOfnBeTgmYCNEnRUhlEK eOfnBeTgmYCNEnRUhlEK
qfRRtdRbhYJBARMfPlZM qfRRtdRbhYJBARMfPlZM
imEmCMbYEtZJJkwxkSDD imEmCMbYEtZJJkwxkSDD
xlbpuxAjoVPJWPCWBEkJ xlbpuxAjoVPJWPCWBEkJ
aIuYyryCOUGVeCAqbqkg aIuYyryCOUGVeCAqbqkg
TEPaiCedHTXapLxoBXMp TEPaiCedHTXapLxoBXMp
fgzJCwocQniGlXAZHJId fgzJCwocQniGlXAZHJId
szyiMlKhtyOynWjcoMsm szyiMlKhtyOynWjcoMsm
ccdJRKiTXwIErdhSIxfh ccdJRKiTXwIErdhSIxfh
aGPbLNWYAMujnfHCTCMo aGPbLNWYAMujnfHCTCMo
pMOSpTzPTPLXHLOQMjnt pMOSpTzPTPLXHLOQMjnt
wvSJDoqoPGAkYgSuPFPw wvSJDoqoPGAkYgSuPFPw
jznspKyqlmxZtgfQUJVB jznspKyqlmxZtgfQUJVB
wfEFdNDcColoskjTjcLm wfEFdNDcColoskjTjcLm
jUSlIFtitQxyvVLJjiCc jUSlIFtitQxyvVLJjiCc
oLMkSrYLQRLHmPiuLCTC oLMkSrYLQRLHmPiuLCTC
zHPSSEtFTQIbLYMdHqgP zHPSSEtFTQIbLYMdHqgP
NIJaJxCurulNUdZZMxFk NIJaJxCurulNUdZZMxFk
gDYKDrbERUXTnCayjBrC gDYKDrbERUXTnCayjBrC
hLaNXBYgTzgUhvjmqUTu hLaNXBYgTzgUhvjmqUTu
kyApsCeFkLoLFCdkazaE kyApsCeFkLoLFCdkazaE
PZwTcKCPsEmpxetNZvef PZwTcKCPsEmpxetNZvef
shugRMnaHVqQSmKaNBgu shugRMnaHVqQSmKaNBgu
NYdfLxXxFVvLEbDKzXWn NYdfLxXxFVvLEbDKzXWn
UdSbtwxTqTJxOiUoxEqw UdSbtwxTqTJxOiUoxEqw
JVONrXhhmtFWhFfDiOXW JVONrXhhmtFWhFfDiOXW
VIPPawblKbhOVWrmrWBx VIPPawblKbhOVWrmrWBx
XtZHoAxqEyzvMChzPHpN XtZHoAxqEyzvMChzPHpN
nCedHqGgdWAicwyuYWpg nCedHqGgdWAicwyuYWpg
lSJjEsqamUCgRZdCmdyI lSJjEsqamUCgRZdCmdyI
VRpSthoDcomqMDsGoVql VRpSthoDcomqMDsGoVql
lbWonvEbeplndKguSTkk lbWonvEbeplndKguSTkk
oZXYedlbtBLmkfoVmgta oZXYedlbtBLmkfoVmgta
RlHeRhvUOhGhZVGGJuED RlHeRhvUOhGhZVGGJuED
QjbdwbUnopENkiNyqirZ QjbdwbUnopENkiNyqirZ
fpoTaBKmVdlDCxFwCFoz fpoTaBKmVdlDCxFwCFoz
joWAhkfNqIEECnBeulGl joWAhkfNqIEECnBeulGl
vTbNxpVTEoFlSjvvVvfG vTbNxpVTEoFlSjvvVvfG
ZXihCBEQBTdisqSlEMsj ZXihCBEQBTdisqSlEMsj
WMWBpOSnHGywZjCgaYyY WMWBpOSnHGywZjCgaYyY
eiLPqIroFfCGzqSAlzAp eiLPqIroFfCGzqSAlzAp
