A B hC D E D hC B F G H G F B hJ hI hJ K hJ N M L M N hO hP hO N T hS hR Q hR hS T U hV hW hV U T AB hAA Z Y X Y Z hAA AB AC AD AE AF AE AD AC AB AK AJ AI hAH AG hAH AI AJ AK hAL AM hAN AO hAN AM hAL AK hAR AQ AP AQ hAR AS AT AU AT AS hAR BA hAZ AY AX AW AV AW AX AY hAZ BA BB hBC BD hBE BF hBE BD hBC BB BA BL BK BJ BI BH hBG BH BI BJ BK BL BM BN BO BP hBQ BP BO BN BM BL BU hBT hBS hBR hBS hBT BU BV BW hBX BW BV BU CA BZ BY BZ CA CB CC CB CA CE hCD CE hCF CE hCG CE CA BU BL BA hAR AK AB T N hJ B A
26
hC hC
hI hI
hJ hJ
hO hO
hP hP
hV hV
hR hR
hS hS
hW hW
hAA hAA
hAH hAH
hAL hAL
hAN hAN
hAR hAR
hAZ hAZ
hBC hBC
hBE hBE
hBG hBG
hBQ hBQ
hBR hBR
hBS hBS
hBT hBT
hBX hBX
hCD hCD
hCF hCF
hCG hCG
