0 4 31 97 57 15 81 75 13 33 75 81 93 73 93 87 25 61 37 61 87 54 18 24 12 82 1 2 43 35 1 72 22 34 22 70 3 11 3 95 49 70 59 48 66 16 77 94 46 29 46 32 80 36 21 78 21 36 28 56 45 56 76 80 47 5 47 85 9 41 42 17 41 62 7 20 38 20 67 51 44 55 89 67 79 26 79 39 7 69 30 7 19 88 64 88 83 65 6 53 8 32 91 0 68 10 23 96 84 92 96 99 58 27 52 86 60 40 50 90 63 71 14 74 0 98 0
50
1 1
2 2
3 3
4 4
5 5
6 6
7 7
8 8
9 9
10 10
11 11
12 12
13 13
14 14
15 15
16 16
17 17
18 18
19 19
20 20
21 21
22 22
23 23
24 24
25 25
26 26
27 27
28 28
29 29
30 30
31 31
32 32
33 33
34 34
35 35
36 36
37 37
38 38
39 39
40 40
41 41
42 42
43 43
44 44
45 45
46 46
47 47
48 48
49 49
50 50
