0 58 101 195 1 22 49 53 144 30 115 149 11 102 32 102 156 103 33 103 90 147 191 96 111 77 80 82 66 72 82 136 82 179 157 77 93 20 96 172 127 22 51 22 138 23 8 159 15 95 129 15 134 23 69 10 54 56 54 10 57 78 148 57 176 181 183 2 183 108 57 188 88 92 121 88 10 135 29 114 35 65 31 184 65 43 76 13 133 81 117 83 24 40 71 16 40 154 169 40 106 126 83 43 137 87 180 70 109 123 89 123 166 25 178 21 175 64 158 38 161 107 192 174 192 166 123 35 196 61 75 94 128 171 128 186 128 75 196 35 198 44 199 187 5 10 69 151 42 28 47 68 120 138 86 173 39 139 39 173 146 173 86 138 122 34 124 74 124 164 124 34 122 118 55 118 138 142 168 142 48 110 153 110 193 110 145 100 105 9 182 37 105 162 152 79 130 17 160 130 177 113 18 26 6 185 6 112 7 46 132 26 197 41 45 50 140 67 104 18 60 141 0 155 14 4 125 163 116 12 63 143 119 36 19 73 150 91 150 194 59 131 165 84 170 85 170 98 190 97 3 52 3 97 27 167 62 167 99 189 0
100
1 1
2 2
3 3
4 4
5 5
6 6
7 7
8 8
9 9
10 10
11 11
12 12
13 13
14 14
15 15
16 16
17 17
18 18
19 19
20 20
21 21
22 22
23 23
24 24
25 25
26 26
27 27
28 28
29 29
30 30
31 31
32 32
33 33
34 34
35 35
36 36
37 37
38 38
39 39
40 40
41 41
42 42
43 43
44 44
45 45
46 46
47 47
48 48
49 49
50 50
51 51
52 52
53 53
54 54
55 55
56 56
57 57
58 58
59 59
60 60
61 61
62 62
63 63
64 64
65 65
66 66
67 67
68 68
69 69
70 70
71 71
72 72
73 73
74 74
75 75
76 76
77 77
78 78
79 79
80 80
81 81
82 82
83 83
84 84
85 85
86 86
87 87
88 88
89 89
90 90
91 91
92 92
93 93
94 94
95 95
96 96
97 97
98 98
99 99
100 100
