Soda lindsey blue rob portnoff ian daniel castro chase george angela nancy vikram melissa meghan krista kanika umar pratibha jacob sam grace hsu ishaan shah gibson adele wong maniku hubert irene sun garbers yash srivastava xavier quiterio yu sahai chung noor tsai du ritter berkeley ruhi chris kevin shahroz evan wang danyal sophia jarrett subbaraj vilaythong angelis saurav singhal wu colby nacouzi jifu lin pabreja misyutina agarwal tan krishnan guan scott bears mack nair tamara sarina cal harim margaret lillian hanafi bloch srinivasan zhifei sriram louie barth erika annie irvin jade walsh robbie xin weaver tyler andrew avery woolf martinez lewke william nichole ohio hanlon franco youmna soman zou katherine oscar celine lo charles lewis brady rosen alvin doshi chloe sunny parham brett devesh netzke rao yen ananya rabie curry james roshan wyatt winston singorahardjo hari ronald emily garcia greg aidan winifred ellen nguyen lee shen rebecca jia clark massachusetts yanay caroline ashley berit gregory rouzbahani patagonia logan juliann king zhou olivia hayakawa ravi aanika ani ahluwalia achacoso sathvik lebron yip alan kaur burns chandran eric djajadi amanda mittal chen anna gobears tran steven luo adhikiari vaibhav syu inderpal lucy persson jennifer liang deven eshaan connor maya davis stephanie li Soda
100
ruhi ruhi
wyatt wyatt
kaur kaur
caroline caroline
maniku maniku
sunny sunny
kevin kevin
devesh devesh
rouzbahani rouzbahani
singorahardjo singorahardjo
srinivasan srinivasan
ashley ashley
djajadi djajadi
chen chen
li li
singhal singhal
william william
daniel daniel
ishaan ishaan
du du
eshaan eshaan
rob rob
cal cal
zou zou
vikram vikram
ravi ravi
weaver weaver
srivastava srivastava
wu wu
oscar oscar
grace grace
adhikiari adhikiari
bears bears
massachusetts massachusetts
gregory gregory
connor connor
ritter ritter
wong wong
ellen ellen
chung chung
danyal danyal
celine celine
maya maya
ohio ohio
barth barth
greg greg
ahluwalia ahluwalia
doshi doshi
amanda amanda
krishnan krishnan
xin xin
zhou zhou
mittal mittal
melissa melissa
scott scott
angelis angelis
yip yip
jacob jacob
erika erika
zhifei zhifei
shah shah
hanlon hanlon
chloe chloe
lebron lebron
parham parham
gobears gobears
tyler tyler
saurav saurav
emily emily
george george
nichole nichole
alvin alvin
king king
olivia olivia
vilaythong vilaythong
brett brett
aanika aanika
ani ani
sun sun
krista krista
winifred winifred
hari hari
soman soman
liang liang
berit berit
annie annie
umar umar
kanika kanika
patagonia patagonia
mack mack
charles charles
subbaraj subbaraj
franco franco
lindsey lindsey
andrew andrew
logan logan
lewke lewke
evan evan
sophia sophia
chase chase
