Jingzhou Fredericia CoonRapids Sagalo CoonRapids Haliyal Sapporo Haliyal CoonRapids Fredericia Colachel AbualMatamir Geilenkirchen Ermelo Sapele Ermelo Geilenkirchen AbualMatamir RamganjMandi AbualMatamir SaintMichael Simmerath Chambersburg Simmerath SaintMichael AbualMatamir Bodhan TarguSecuiesc Bodhan TanahMerah Wittenau Surkhpur Sertaozinho Surkhpur Bejucal Xochimilco CiudaddelCarmen SanJosedeOcoa Ketrzyn LaPossession Shumen Piraeus LaPossession Ouarzazat Frosinone Westmont Frosinone Ronse AzZuwaytinah RioFormoso AzZuwaytinah Ronse Junagarh Ronse Frosinone Radnor Frosinone Ouarzazat Payshanba Ouarzazat Herzliyya Ouarzazat Tacoma Ouarzazat Ketrzyn SanJosedeOcoa Chittaranjan Chambly Khabarovsk Chegem Khabarovsk Crespo Falun Rangae Tikamgarh Rangae Falun Crespo Khabarovsk Chambly Xochimilco CroixdesBouquets NovyyBuh CroixdesBouquets Xochimilco ZapadnoyeDegunino Xochimilco Bejucal Khangarh Pundong Bejucal Wittenau TorrePacheco Wittenau TanahMerah Bodhan AbualMatamir Rembangan Ramjibanpur Vandavasi Ramjibanpur Rembangan Thamaga Tottori Thamaga Ibri Colachel Carouge Depok Shively Depok Carouge Kheri Srinagar Kiruna Eregli Puruliya SmederevskaPalanka Kirovsk KrasnoyeSelo Kirovsk SmederevskaPalanka Puruliya Eregli Jinotega Shagamu Jinotega LondonderryCountyBor Jinotega FortLauderdale Jinotega Eregli Kiruna Srinagar ZurichKreis Srinagar Entroncamento Srinagar Malnate Lysva Malnate Jeypore Malnate BurgbeiMagdeburg Kabarnet Sanaa Sarzedo Sanaa JabalosSaraj LePlessisTrevise JabalosSaraj Sanaa Kabarnet Tabatinga MelitodiNapoli Dukuhturi MelitodiNapoli BeneBeraq Gangtok BeneBeraq MelitodiNapoli Tabatinga Kabarnet Malnate Kheri Veenendaal Ghugus Manduria Ghugus Veenendaal Shizunaifurukawacho Veenendaal Carmichael Huauchinango NiagaraFalls elCampello NiagaraFalls Huauchinango Carmichael Carouge Fredericia KampLintfort Fredericia Jingzhou
50
CoonRapids CoonRapids
Sarzedo Sarzedo
SaintMichael SaintMichael
Colachel Colachel
Entroncamento Entroncamento
Chegem Chegem
Rembangan Rembangan
AzZuwaytinah AzZuwaytinah
Manduria Manduria
Gangtok Gangtok
Tottori Tottori
Ronse Ronse
Kirovsk Kirovsk
Ermelo Ermelo
Chittaranjan Chittaranjan
Depok Depok
Shizunaifurukawacho Shizunaifurukawacho
Crespo Crespo
Ibri Ibri
Lysva Lysva
Jeypore Jeypore
TanahMerah TanahMerah
Ghugus Ghugus
Khabarovsk Khabarovsk
Shively Shively
BurgbeiMagdeburg BurgbeiMagdeburg
Rangae Rangae
Kabarnet Kabarnet
Ouarzazat Ouarzazat
Sagalo Sagalo
Kheri Kheri
SanJosedeOcoa SanJosedeOcoa
LondonderryCountyBor LondonderryCountyBor
Shumen Shumen
Sanaa Sanaa
Thamaga Thamaga
Tabatinga Tabatinga
Veenendaal Veenendaal
Carouge Carouge
Radnor Radnor
JabalosSaraj JabalosSaraj
FortLauderdale FortLauderdale
BeneBeraq BeneBeraq
elCampello elCampello
Malnate Malnate
Srinagar Srinagar
Bejucal Bejucal
Carmichael Carmichael
RioFormoso RioFormoso
Ketrzyn Ketrzyn
