LesLilas Nahorkatiya TagbilaranCity Fili TagbilaranCity Hirosaki TagbilaranCity Nahorkatiya Skelmersdale FortWorth Langenhorn FortWorth Skelmersdale Tabou Mendes Tabou Skelmersdale Geiro Zhaodong Geiro CapimGrosso Zalingei CapimGrosso Geiro Skelmersdale BlueIsland MineralnyeVody BlueIsland Bhatkal BlueIsland Kotka BlueIsland ChalcodeDiazCovarrub Anjala ChalcodeDiazCovarrub BlueIsland Skelmersdale Prostejov Skelmersdale Bishopstoke Skelmersdale Licata AlBajur MonteAlegre AlBajur Licata Battambang Wachtberg Rhondda Klatovy Rhondda Wachtberg Licata Mondlo Grajau Cherkasy Escada Sleaford Escada Tias Balachor Ibirataia Fontem Ibirataia SouthSaintPaul Kemise SouthSaintPaul Fujieda SouthSaintPaul Djelfa Rivas Twante Rivas Djelfa SouthSaintPaul Angleton SouthSaintPaul Karlsfeld Arusha Karlsfeld SouthSaintPaul Ibirataia Balachor Tias SantanadoLivramento Tias Escada Ipil VerrieresleBuisson Oyonnax SenaMadureira Oyonnax VerrieresleBuisson AramokoEkiti VerrieresleBuisson Ipil Winnipeg Vaniyambadi Winnipeg Tempe Winnipeg Ipil Korsakov AscoliPiceno Korsakov Ipil Escada Mauban NewtonAycliffe Mauban WestIslip Mauban Akcaabat Gastonia Akcaabat Acarau Akcaabat Arang Akcaabat Mauban Escada Grajau Mondlo AinArnat Mondlo Sasovo Mondlo Botad Nutley Botad NorthAurora Aracuai Razam UlanBator Vyazniki UlanBator Ranong UlanBator Naron UlanBator Razam Aracuai AinBessem Wakuya AinBessem Aracuai NorthAurora Protaras HaciendaLaCalera KotRadhaKishan HaciendaLaCalera Protaras Bourgoin EastLongmeadow Mocoa EastLongmeadow Gowurdak EastLongmeadow Ipaba EastLongmeadow Scottsdale FetestiGara Embu FetestiGara PortoVelho Kondrovo PortoVelho FetestiGara Scottsdale EastLongmeadow Bourgoin GongdanglegiKulon VillaPauladeSarmient Ceerigaabo VillaPauladeSarmient GongdanglegiKulon Bury PriegodeCordoba Bury Braila Bury GongdanglegiKulon Sobue Johnston Wenchi Hangu Daokou Sosnovka Topi Sosnovka HalfWayTree Sosnovka Daokou Hangu Wenchi Johnston Kairouan Johnston Sobue Cachan Pinner Cachan Mandan Butuan ArRumaythiyah Mandan NahiyatashShinafiyah Gorgan Manacapuru Kasamwa Manacapuru Chelles Shurugwi Manacapuru Gorgan Shimofurano Arzamas Shimofurano Gorgan NahiyatashShinafiyah Dadu NahiyatashShinafiyah Nangi CamRanh Nangi Lembang Acireale Ontinyent Acireale Baramula Fuxin Baramula Sorada Baramula Acireale Geyve Acireale Banting GuaMusang MontignyleBretonne GuaMusang Andrychow SanJuandelaMaguana NoblePark SanJuandelaMaguana Gunzenhausen SanJuandelaMaguana Andrychow Turek Andrychow Magdeburg Haora SaintCyrlEcole Alotenango SaintCyrlEcole Haora Magdeburg Andrychow GuaMusang Banting Acireale Lembang Nangi NahiyatashShinafiyah Mandan Pezinok Belalcazar Oerlinghausen Belalcazar Pezinok Mandan Sobue GongdanglegiKulon Bourgoin Morwa Bourgoin ElCentro DrexelHill ElCentro Pozzuoli Haripur Pozzuoli ElCentro Kushtia ElCentro Marchena Shobara Biskra Izhevsk Biskra MadinatHamad Shobara Marchena Garbsen Bhusaval MiguelAlemanLaDoce Garbsen Marchena Bourgoin Malpe Shieli Yafo Shieli Malpe Itororo Ortaca Pamulang Rafiganj Pamulang Erba Pamulang Ortaca Itororo Shchekino Alghero Milledgeville NuevoMexico Milledgeville Alghero Shchekino Espiye Ronnenberg Shchekino Itororo Malpe NowaRuda Berezhani NowaRuda Alnavar Wangon Alnavar NowaRuda Malpe Bourgoin Namerikawa Bourgoin Kambove CerroAzul Aringay Kaifeng Aringay AshtonunderLyne Aringay Anjozorobe Aringay Tsukuba CerroAzul Mabopane CerroAzul Bourgoin Protaras Botad Kineshma SpanishTown Sevlievo SpanishTown Lloydminster Khulm Anjarah Purnia Osan Nagar Osan Purnia Anjarah Khulm Tangzhai Lalago Buriram Lalago Tangzhai Khulm Tansen SenadorPompeu Kikuchi SenadorPompeu Tansen Khulm Lloydminster SpanishTown Kineshma Mondlo Licata Skelmersdale Nahorkatiya LesLilas
100
Khulm Khulm
Kemise Kemise
Hirosaki Hirosaki
SanJuandelaMaguana SanJuandelaMaguana
Shchekino Shchekino
Braila Braila
SenaMadureira SenaMadureira
Shimofurano Shimofurano
AinArnat AinArnat
Rhondda Rhondda
Morwa Morwa
Ibirataia Ibirataia
Hangu Hangu
SouthSaintPaul SouthSaintPaul
Andrychow Andrychow
Garbsen Garbsen
Sobue Sobue
Sosnovka Sosnovka
Rivas Rivas
PriegodeCordoba PriegodeCordoba
Yafo Yafo
Haora Haora
Haripur Haripur
CapimGrosso CapimGrosso
AinBessem AinBessem
Ontinyent Ontinyent
Arzamas Arzamas
SpanishTown SpanishTown
Johnston Johnston
Nagar Nagar
Turek Turek
Belalcazar Belalcazar
Espiye Espiye
SenadorPompeu SenadorPompeu
KotRadhaKishan KotRadhaKishan
BlueIsland BlueIsland
MadinatHamad MadinatHamad
Butuan Butuan
Vyazniki Vyazniki
Langenhorn Langenhorn
Angleton Angleton
Kambove Kambove
Mocoa Mocoa
Kaifeng Kaifeng
Zhaodong Zhaodong
Fuxin Fuxin
WestIslip WestIslip
SaintCyrlEcole SaintCyrlEcole
Akcaabat Akcaabat
Anjarah Anjarah
Baramula Baramula
Acireale Acireale
Gunzenhausen Gunzenhausen
Vaniyambadi Vaniyambadi
Tabou Tabou
TagbilaranCity TagbilaranCity
ChalcodeDiazCovarrub ChalcodeDiazCovarrub
Itororo Itororo
HaciendaLaCalera HaciendaLaCalera
Kairouan Kairouan
Lloydminster Lloydminster
NoblePark NoblePark
Aracuai Aracuai
Shieli Shieli
Prostejov Prostejov
NahiyatashShinafiyah NahiyatashShinafiyah
Bury Bury
VillaPauladeSarmient VillaPauladeSarmient
MineralnyeVody MineralnyeVody
Izhevsk Izhevsk
Kotka Kotka
Oerlinghausen Oerlinghausen
FetestiGara FetestiGara
Manacapuru Manacapuru
Pozzuoli Pozzuoli
Shurugwi Shurugwi
Gowurdak Gowurdak
Kineshma Kineshma
Acarau Acarau
GuaMusang GuaMusang
Pezinok Pezinok
Gorgan Gorgan
Mabopane Mabopane
Twante Twante
Sorada Sorada
Daokou Daokou
Escada Escada
EastLongmeadow EastLongmeadow
Embu Embu
Korsakov Korsakov
Wangon Wangon
Battambang Battambang
MonteAlegre MonteAlegre
Wenchi Wenchi
PortoVelho PortoVelho
Ortaca Ortaca
AshtonunderLyne AshtonunderLyne
Skelmersdale Skelmersdale
FortWorth FortWorth
SantanadoLivramento SantanadoLivramento
