Kaimganj Fagaras Pilibhit Irvine Pilibhit Fagaras Kaimganj Leixlip MorlanwelzMariemont Leixlip Mesa EncarnaciondeDiaz Mesa Leixlip Isakogorka Yucheng Gose Yucheng Tsukawaki Karasuyama Tsukawaki Yucheng Korolev Yamaguchi Korolev Isakogorka Leixlip Kawit Vagonoremont Jalaun SantiagodeCuba Jalaun Albi Condado Albi Cambui Albi Jalaun MontecatiniTerme MilpaAlta Hita MilpaAlta PinhalNovo MilpaAlta Anahuac MilpaAlta Tsirang Brecht Tsirang Xankandi Madurai Kamalia Madurai Xankandi Bhudgaon Norristown Bhudgaon Xankandi Gobo Racine Malaybalay Dankov Malaybalay Gobo Xankandi Tsirang MilpaAlta Tocache Fandriana BlueIsland Fandriana Tocache GobernadorGalvez Narangba GobernadorGalvez Luckenwalde Trinec Providence Luckenwalde Novopokrovskaya Marseille Novopokrovskaya GobernadorGalvez Tocache Kansk Tocache Pinas Vagonoremont Kawit Leixlip Kaimganj
25
Albi Albi
PinhalNovo PinhalNovo
Tsukawaki Tsukawaki
Narangba Narangba
Tocache Tocache
Novopokrovskaya Novopokrovskaya
Karasuyama Karasuyama
Dankov Dankov
Fagaras Fagaras
Yucheng Yucheng
Isakogorka Isakogorka
Tsirang Tsirang
EncarnaciondeDiaz EncarnaciondeDiaz
Pilibhit Pilibhit
Gobo Gobo
Brecht Brecht
Leixlip Leixlip
Fandriana Fandriana
Irvine Irvine
Korolev Korolev
MontecatiniTerme MontecatiniTerme
MilpaAlta MilpaAlta
GobernadorGalvez GobernadorGalvez
Racine Racine
Anahuac Anahuac
