EFLJOTk nhkUU4YlSo 4pWeD5 8mH07eUDVB04ui35Z 8pPHWv Tb5qjVS0DSkDKD 8pPHWv HekrqXXVeFMk 1C Q7Ib7B EJOi3LI92xJB eJxYI mQzeU6iv7 Y0i7rqNICc1 mQzeU6iv7 SoHxfA vngV9R4 z3IWTq6FKu1omU3 i JHmdWB9 7Wp6U BUfMm00h6fJ tC5KpkScgYX02k IRUxJNqQHDtKwk iztqe0IzNSYeIUxP5Ys lM3eVHiWOj2z1e q9b8L0oiOJr 909ApuO9Cb3 mQzeU6iv7 eJxYI dm3eqVahoXdbfjdOhS kC Tni sR1n9b j11gCbcMZNJncxiwPV zcsBKP3FYMqw pOoSn8Pa tYEQUyLbbkP1dOjF 6bbt262qZFihQO t8ufBKg6M55z4g 6mx6unEnl K6 qKAN35ZxfJxs2n K6 6mx6unEnl t8ufBKg6M55z4g 13GDMZYtkIBDG8SVi5px cPnISetFj7gG8o9K m2oGn6oGt5 tZ m2oGn6oGt5 KOtKYQK22FioLtSNslXR Kc4Vyt uyp6KKxfzDAWVnn AUKNFdTo uyp6KKxfzDAWVnn 4W EcsTlClw EXfqYjoFSTnavKQ cw 7goVcCN0 0e d8c cb6mDhQZbfw v0KFVI8d04n0 17Rbu BKExF cw EXfqYjoFSTnavKQ ZaguBxortKIVVjm bvSOq fYU2Uaajqs0pCys q4W 9PHu2NLeEO 1p3lWfo8qHHC 8I1AatPM 6LyeKRs2mD1Afi9jqN YENY09HHdomFLWpqwri UqBa9uqODJzJ2DTn2WH Qu1ZJh3zkynzBrlj Kpec ZhwG2iIZne3VkmHUWz DIjqmT8LCHy a55s EUIVxR ne6BNY2Gk8DelaYIDtU YvZ0aTMM I0a5SBtiDKckQxXh155L 3 QyWIcdD7GorZtfQJb YaOzkb jTaOOUL Lr jTaOOUL TfK0dOIIY4 JQX0b S5 fMV6tQxP d bNfy6q11uC z5YSSdMs r5x KOtKYQK22FioLtSNslXR 6GAx1 PyIXf31OCv7 fZI9MpWQ3XtUoVn Xn8chReB4cAIE2gsbLF 7F9H97joVTdU8ZEpeb VU2REvRjMeog EbJNNmdNcYu0zYWsn8WQ DMSVg5BOVMw3 EbJNNmdNcYu0zYWsn8WQ fgxHyKXvIAKSHtMEoO pn0dj EFLJOTk
30
qKAN35ZxfJxs2n qKAN35ZxfJxs2n
I0a5SBtiDKckQxXh155L I0a5SBtiDKckQxXh155L
QyWIcdD7GorZtfQJb QyWIcdD7GorZtfQJb
Kpec Kpec
IRUxJNqQHDtKwk IRUxJNqQHDtKwk
SoHxfA SoHxfA
tZ tZ
fMV6tQxP fMV6tQxP
vngV9R4 vngV9R4
mQzeU6iv7 mQzeU6iv7
q9b8L0oiOJr q9b8L0oiOJr
13GDMZYtkIBDG8SVi5px 13GDMZYtkIBDG8SVi5px
8I1AatPM 8I1AatPM
cPnISetFj7gG8o9K cPnISetFj7gG8o9K
7F9H97joVTdU8ZEpeb 7F9H97joVTdU8ZEpeb
K6 K6
EJOi3LI92xJB EJOi3LI92xJB
4W 4W
Xn8chReB4cAIE2gsbLF Xn8chReB4cAIE2gsbLF
S5 S5
4pWeD5 4pWeD5
AUKNFdTo AUKNFdTo
fgxHyKXvIAKSHtMEoO fgxHyKXvIAKSHtMEoO
JQX0b JQX0b
6mx6unEnl 6mx6unEnl
r5x r5x
0e 0e
9PHu2NLeEO 9PHu2NLeEO
1p3lWfo8qHHC 1p3lWfo8qHHC
Tb5qjVS0DSkDKD Tb5qjVS0DSkDKD
