lyenDXSN Lz2zTm A wKxe td2wE 4q56Ohva6NTLbWVwz Uq33lr5 ejGARlqqTb mQZe YGlQfVj9 PeQXpKEC g5rTdl 4c WtgcpK6YcXk 9fLVojn Nro8QqD7 zR86cxoBR1iHZrBRq IT s BR s KtvQaJqCJTRpXM8ZI atG6EA8t O7r2ToU4q2kmCB tPnWG dOlk D D5kg NgQY7 m 4MdwVqEIlp6vzohvUqY CmV txdRlSWkHoanZg KXiqhMJ DcRHjg8DDY6vnwByRY qdOugTsQERXKb12woNAZ thb6t42A0YG qdOugTsQERXKb12woNAZ rjuIDs VgyX6hB MBLHuIgjJIXs uy3ouNIxumu7jEuoP1 2AR73oQdnbYqnDCGMFS EJDqk K0A9bbVLm9atwTf EJDqk Plmj0j b4e4 VqPxGiIZmFgz8XR biohkm DSCiFbOpP1bUCb tQCCGXS3bmOeuRG 49JO1dg0kSXirC4 FLdC wcmx8dhmsO FLdC 49JO1dg0kSXirC4 K6yVeBnomxSBet nWkakNi6Qt9d4g SO ATcHai3SBHuvmr frNA534JEvY4f nWkakNi6Qt9d4g sAyhAIwP2OT77F2er 8LlDxR2Epx2J QLffPTeZl 8LlDxR2Epx2J excLR25Y6DhCWxI mMU5Ux7Gh9w PZxwb8n s5vYb4jZWyq9Wl1 KTvdjgP8tvhZu1m akZmiQ7tmX 1ds7sqHhanMKkMy M1PxrOPSNUVpc s6JxFNKQ ktk7W 9jv9EQFEfuNtFB4nf ktk7W LMfJF3uF5T1mE7y rsx24rm LMfJF3uF5T1mE7y DYfBQTocj pl4FvR luVwbYvIclTUxL5SnKV BMNlDfk8j64 6yeW7sat9rvd cnYBED3IXb5fpZ cs0 wBJRoqVxn1t aKWcP6bZBJ6CjFtJmYS1 wBJRoqVxn1t Vfe589mWfZoDleGgD V8N BMNlDfk8j64 Uwlc vbDYJme s6JxFNKQ JO9N0rYR9egCTahDaDOm LdA nHG SVbyt JkLZO8DirKOG2bdj JyObTOXbOI cYPTdnJWL E1fUYbO4wVjiEjEuf JkLZO8DirKOG2bdj SVbyt SB3y6f6tUh 7h2PJW8oD2ihKQrfQ6 ImSpax GPeb aqo cHKeh1 zQBDaS 6DVIvuGfPs2BU hpRsyMlXH1H 6DVIvuGfPs2BU dygEexsyZY VTwz dygEexsyZY Mu gCIPN Mu z vJxAK1LaHyuu4yFNeul lt1a5E0H llx2p 7h2PJW8oD2ihKQrfQ6 SB3y6f6tUh FGQD6P VNvsbB7eWJcAK0fU C8PRtY0wMczFLQQYxa 51U5ZX zzYmU5YFhvp1 2FvJIR5cRPGGLqP 5esNrDc31UHHlpRecnb QqJi086VlxfXT0 w8EWCroyCh3Um Ei2w jvdVvQ 4OqtpC 8 K6yVeBnomxSBet o3refHnx4qioqHztqMYE Iax35 HwQeXpOEZHQ3s 8tafV1bFRuaPvhP hVfqebryM4wN S8DQEZtWlk6ka46PO A67f fGVqheaVU3e YjVTJewvHTIGLa 76MTLMkt 4VjCZBepqzXh5AWCnHpa 76MTLMkt rzakQDW pyuS7PRB7WW 5MmyogVjSm 8WC96lJgiKzF0uPcak STJYwXq9HmmawT yhhlTVr0wSq5W udWCYo vAIBd1Ae LljTxAKERGoxX fWX RG2YgH8N22A6BkFVBj fzp 61 PkjfPBo MEFvk PkjfPBo DPiFN0NPjkicbuWV w5sd5 STJYwXq9HmmawT L f9euNCVEF2WwHc0CWSy5 a5oWSrhkZ1i 1BLIxJsmB2tIIyjdWfA a5oWSrhkZ1i qyauMx3AEqGdHObLiiL l ZDtYWltAxD3Y G50hiUpVStHCMrd 2tgqbRzViyLj2zTX BxWuSWm4FxUYL G50hiUpVStHCMrd ZDtYWltAxD3Y WTx KwadrVmn1cVf2X1 tfSU TCBmdyw IBvm5T3IOF CQB6bT3umR8xT9glKpn8 uZBV4AOX6KwHj3c5o 4W7XMqHRn91kRc1Bw1W hJ5qxKBbKOA34kfchbm8 4W7XMqHRn91kRc1Bw1W CQB6bT3umR8xT9glKpn8 IBvm5T3IOF eMRqWqXSSf3JtA hjCFXN9kbqn0UCNsZ WTx f nqeGwct PuHLBR9bv11yLyu F8ti kwwpZt08lUaaVbp NddIguoLVxcrf 55SpzsmtpxRH5 uy3ouNIxumu7jEuoP1 Lg6vVK8maXvZ6YX rjuIDs qdOugTsQERXKb12woNAZ 7vYBrU9Z DcRHjg8DDY6vnwByRY KXiqhMJ Uj7D71ia6c4InD2TM u5jKUWj2LjAYIRn8hhl ZaJkOr3tQhFHqe 4OPV7 LLftB9CiFP0 4OPV7 eIy4pbuoWfucC gNAsryh 7Q zI 5TLmyf sY1Se4a5xWrc6 SMo1 CLzQHzEelbJh7NPN8 E3J9WM6DT0Hetm4lXQFQ hU A 2BK3B09h6iII uVkk2UHlyULVLBr3U Qocm7a8zSJz0xJ Lz2zTm lyenDXSN
40
G50hiUpVStHCMrd G50hiUpVStHCMrd
BR BR
hU hU
MBLHuIgjJIXs MBLHuIgjJIXs
CmV CmV
frNA534JEvY4f frNA534JEvY4f
VNvsbB7eWJcAK0fU VNvsbB7eWJcAK0fU
hjCFXN9kbqn0UCNsZ hjCFXN9kbqn0UCNsZ
L L
nWkakNi6Qt9d4g nWkakNi6Qt9d4g
nqeGwct nqeGwct
l l
wBJRoqVxn1t wBJRoqVxn1t
zzYmU5YFhvp1 zzYmU5YFhvp1
lt1a5E0H lt1a5E0H
wcmx8dhmsO wcmx8dhmsO
GPeb GPeb
vAIBd1Ae vAIBd1Ae
akZmiQ7tmX akZmiQ7tmX
Mu Mu
K0A9bbVLm9atwTf K0A9bbVLm9atwTf
Plmj0j Plmj0j
6DVIvuGfPs2BU 6DVIvuGfPs2BU
ImSpax ImSpax
llx2p llx2p
zI zI
o3refHnx4qioqHztqMYE o3refHnx4qioqHztqMYE
hVfqebryM4wN hVfqebryM4wN
7Q 7Q
A67f A67f
vJxAK1LaHyuu4yFNeul vJxAK1LaHyuu4yFNeul
6yeW7sat9rvd 6yeW7sat9rvd
jvdVvQ jvdVvQ
61 61
f f
HwQeXpOEZHQ3s HwQeXpOEZHQ3s
cYPTdnJWL cYPTdnJWL
2AR73oQdnbYqnDCGMFS 2AR73oQdnbYqnDCGMFS
KtvQaJqCJTRpXM8ZI KtvQaJqCJTRpXM8ZI
M1PxrOPSNUVpc M1PxrOPSNUVpc
