0 13 1 14 50 1 72 81 73 13 65 67 46 8 2 4 45 20 18 9 18 74 24 33 24 18 20 45 27 71 27 76 27 39 32 52 89 90 89 52 10 16 46 99 46 67 78 67 13 92 44 92 13 0 80 19 17 19 58 70 96 70 58 84 68 63 57 22 38 57 60 6 3 40 5 6 66 6 60 83 60 93 60 57 62 41 37 41 95 41 62 82 68 85 77 35 12 7 28 26 21 23 28 55 36 47 64 55 86 30 54 30 87 91 87 86 79 86 94 86 55 28 88 28 12 43 48 31 29 51 29 98 29 31 75 69 53 25 34 11 53 49 56 15 42 56 49 53 59 48 43 35 61 68 84 58 19 0 97 0
50
25 25
14 14
12 12
9 9
35 35
44 44
58 58
77 77
53 53
95 95
94 94
15 15
75 75
67 67
69 69
50 50
33 33
8 8
68 68
93 93
39 39
40 40
99 99
46 46
62 62
89 89
90 90
83 83
81 81
37 37
51 51
36 36
56 56
84 84
29 29
43 43
88 88
65 65
97 97
82 82
21 21
54 54
91 91
6 6
71 71
16 16
31 31
72 72
87 87
32 32
