0 1 2 28 29 2 31 33 2 55 62 66 67 74 2 89 95 104 2 113 2 137 142 2 152 2 153 2 160 2 170 172 173 2 175 2 188 197 2 1 7 183 7 1 9 17 1 18 1 20 1 23 26 30 32 1 34 35 36 37 49 1 54 56 1 58 1 60 1 63 1 65 1 70 1 72 1 73 77 78 1 81 1 90 91 1 92 1 93 1 96 98 1 105 107 1 108 109 110 1 112 114 115 119 1 125 1 128 135 138 1 143 1 148 1 154 1 156 1 158 161 162 1 166 1 167 1 177 178 1 190 1 194 1 0 5 3 4 44 4 94 99 4 122 126 163 4 3 38 59 3 64 3 85 102 103 133 3 136 140 3 155 182 3 191 14 5 52 5 117 5 0 6 123 169 6 171 6 8 0 10 11 12 0 13 0 15 16 19 0 21 22 0 24 0 25 27 39 40 0 41 0 42 0 43 45 46 47 48 50 51 0 53 57 0 61 0 68 0 69 71 0 75 76 0 79 0 80 0 82 0 83 84 86 0 87 88 0 97 100 101 106 0 111 0 116 0 118 120 0 121 124 0 127 0 129 0 130 0 131 0 132 134 139 0 141 0 144 0 145 146 0 147 0 149 0 150 151 157 159 164 0 165 0 168 174 176 179 0 180 181 184 185 0 186 0 187 189 192 193 195 0 196 0 198 199 0
100
185 185
175 175
196 196
38 38
66 66
172 172
162 162
25 25
83 83
146 146
43 43
6 6
105 105
104 104
19 19
26 26
32 32
81 81
121 121
148 148
115 115
187 187
53 53
51 51
182 182
160 160
85 85
84 84
109 109
23 23
174 174
132 132
125 125
103 103
20 20
52 52
190 190
62 62
8 8
176 176
24 24
21 21
48 48
64 64
72 72
78 78
65 65
41 41
30 30
5 5
68 68
59 59
56 56
163 163
60 60
14 14
3 3
76 76
71 71
35 35
173 173
114 114
39 39
70 70
110 110
40 40
42 42
166 166
151 151
183 183
171 171
88 88
57 57
144 144
116 116
77 77
188 188
195 195
159 159
55 55
22 22
119 119
107 107
10 10
126 126
100 100
113 113
37 37
0 0
168 168
191 191
102 102
134 134
86 86
93 93
169 169
58 58
67 67
96 96
97 97
