0 37 20 8 9 24 28 58 25 23 7 33 59 17 65 17 66 17 67 17 68 69 17 70 17 71 72 17 73 17 74 49 17 75 76 17 77 17 78 17 79 80 17 81 17 59 82 59 83 59 84 59 85 59 86 59 87 59 88 59 89 59 90 59 91 59 92 59 93 59 94 59 95 59 96 97 59 98 99 59 46 51 24 32 16 34 18 45 1 41 53 61 35 38 40 5 63 14 36 15 55 13 50 42 10 19 61 60 39 2 21 3 44 48 31 52 62 32 29 56 27 57 8 30 26 47 43 6 22 8 54 11 12 4 64 0
35
65 65
66 66
67 67
68 68
69 69
70 70
71 71
72 72
73 73
74 74
75 75
76 76
77 77
78 78
79 79
80 80
81 81
82 82
83 83
84 84
85 85
86 86
87 87
88 88
89 89
90 90
91 91
92 92
93 93
94 94
95 95
96 96
97 97
98 98
99 99
