0 8 67 110 10 102 66 125 2 97 9 49 50 122 72 33 43 79 39 65 57 108 52 126 51 82 90 120 35 21 35 55 30 26 15 104 71 104 91 83 27 105 124 56 28 75 46 117 54 43 111 22 122 94 109 63 121 100 116 3 25 85 3 40 123 40 128 1 113 14 129 16 58 17 4 48 17 93 3 42 64 36 64 47 62 127 103 3 88 60 37 45 32 34 77 11 76 101 70 41 5 99 38 99 59 11 78 74 109 49 9 114 73 95 73 114 81 13 7 112 81 114 96 53 18 20 165 20 166 20 167 168 20 169 20 170 20 171 172 20 173 174 175 176 177 20 178 20 179 180 20 181 20 182 20 183 20 184 185 186 187 20 188 20 189 20 190 20 191 20 192 20 193 194 20 195 20 196 197 198 20 199 20 18 44 6 44 87 89 61 89 119 68 18 107 18 130 131 132 133 134 135 18 136 137 138 18 139 18 140 18 141 18 142 143 144 145 146 18 147 18 148 18 149 150 151 18 152 18 153 154 18 155 18 156 18 157 18 158 159 160 18 161 18 162 18 163 18 164 18 125 98 19 31 84 19 118 110 80 29 23 92 86 12 24 106 80 115 69 0
70
130 130
131 131
132 132
133 133
134 134
135 135
136 136
137 137
138 138
139 139
140 140
141 141
142 142
143 143
144 144
145 145
146 146
147 147
148 148
149 149
150 150
151 151
152 152
153 153
154 154
155 155
156 156
157 157
158 158
159 159
160 160
161 161
162 162
163 163
164 164
165 165
166 166
167 167
168 168
169 169
170 170
171 171
172 172
173 173
174 174
175 175
176 176
177 177
178 178
179 179
180 180
181 181
182 182
183 183
184 184
185 185
186 186
187 187
188 188
189 189
190 190
191 191
192 192
193 193
194 194
195 195
196 196
197 197
198 198
199 199
