2 34 37 70 37 38 56 17 8 17 29 67 92 52 75 92 64 5 64 58 55 74 81 80 91 71 77 13 83 28 43 9 44 99 3 51 10 31 20 85 22 85 20 31 10 43 28 46 88 1 84 40 30 100 96 57 59 39 72 39 59 96 97 68 89 42 16 78 97 96 84 88 47 26 98 26 77 90 63 55 58 64 65 67 29 17 61 27 56 87 2 60 33 69 33 49 94 82 66 12 53 45 53 86 95 23 36 32 4 18 4 24 4 25 6 62 11 79 21 15 21 76 50 32 14 48 53 12 73 93 35 93 41 7 19 54 66 82 49 60 2
50
1 1
3 3
5 5
7 7
9 9
11 11
13 13
15 15
17 17
19 19
21 21
23 23
25 25
27 27
29 29
31 31
33 33
35 35
37 37
39 39
41 41
43 43
45 45
47 47
49 49
51 51
53 53
55 55
57 57
59 59
61 61
63 63
65 65
67 67
69 69
71 71
73 73
75 75
77 77
79 79
81 81
83 83
85 85
87 87
89 89
91 91
93 93
95 95
97 97
99 99
