2 9 179 49 68 16 11 139 116 139 11 16 14 30 14 35 27 76 112 161 29 161 76 27 131 17 131 27 199 152 199 27 35 63 36 88 109 59 130 59 175 87 106 6 7 99 105 10 39 95 15 95 39 10 196 90 196 171 196 10 99 151 7 6 198 24 198 106 87 124 123 101 32 101 33 55 19 55 33 97 135 69 44 54 44 113 94 134 138 60 41 164 83 21 157 79 64 46 64 79 21 167 164 197 164 134 94 160 43 92 43 160 145 103 20 192 103 42 58 89 58 163 8 163 52 58 42 82 191 82 42 111 85 111 133 128 133 137 28 13 147 1 51 1 77 23 77 187 77 1 147 13 104 28 137 133 154 129 185 3 47 107 47 3 185 25 173 25 185 154 155 5 48 5 155 154 159 78 120 78 159 154 133 111 103 61 145 160 94 113 96 113 162 126 113 195 71 195 146 132 146 172 150 172 146 195 180 195 113 122 135 97 188 97 101 124 175 178 165 26 119 22 119 194 34 38 117 38 34 67 34 119 26 165 178 109 88 115 110 183 115 88 136 88 36 141 36 63 75 57 75 102 75 63 35 156 14 186 14 190 84 170 18 16 31 93 66 56 184 50 158 70 118 74 118 70 158 86 100 86 174 37 142 143 142 193 144 80 4 72 62 81 72 125 72 4 127 4 177 4 80 176 80 144 149 144 193 142 37 174 148 174 86 200 86 158 98 153 98 158 168 108 50 184 56 66 189 45 121 53 121 166 182 166 45 66 93 31 181 91 140 40 65 114 12 114 140 91 181 169 181 31 68 49 73 49 179 2
100
1 1
3 3
5 5
7 7
9 9
11 11
13 13
15 15
17 17
19 19
21 21
23 23
25 25
27 27
29 29
31 31
33 33
35 35
37 37
39 39
41 41
43 43
45 45
47 47
49 49
51 51
53 53
55 55
57 57
59 59
61 61
63 63
65 65
67 67
69 69
71 71
73 73
75 75
77 77
79 79
81 81
83 83
85 85
87 87
89 89
91 91
93 93
95 95
97 97
99 99
101 101
103 103
105 105
107 107
109 109
111 111
113 113
115 115
117 117
119 119
121 121
123 123
125 125
127 127
129 129
131 131
133 133
135 135
137 137
139 139
141 141
143 143
145 145
147 147
149 149
151 151
153 153
155 155
157 157
159 159
161 161
163 163
165 165
167 167
169 169
171 171
173 173
175 175
177 177
179 179
181 181
183 183
185 185
187 187
189 189
191 191
193 193
195 195
197 197
199 199
