0 1 3 2 1 5 4 1 6 7 8 6 9 10 6 11 12 13 11 14 15 11 16 17 18 16 19 20 16 22 16 11 6 1 0 49 46 41 36 31 32 26 21 23 21 24 25 21 26 27 28 26 29 30 26 32 33 31 34 35 31 36 37 38 36 39 40 36 41 43 42 41 45 44 41 46 47 48 46 50 46 52 53 51 55 54 51 57 56 58 56 59 60 56 61 62 63 61 64 65 61 67 66 68 66 69 70 66 72 73 71 74 75 71 76 77 78 76 80 79 76 81 82 83 81 85 84 81 86 88 87 86 90 89 86 91 92 93 91 94 95 91 96 97 98 99 98 97 96 91 86 81 76 71 72 66 67 61 56 57 51 52 46 49 0
50
27 27
54 54
63 63
79 79
95 95
42 42
45 45
20 20
78 78
34 34
67 67
92 92
19 19
15 15
23 23
17 17
88 88
84 84
57 57
80 80
33 33
39 39
62 62
89 89
44 44
3 3
58 58
18 18
43 43
83 83
49 49
4 4
25 25
73 73
64 64
68 68
50 50
47 47
94 94
93 93
28 28
82 82
48 48
9 9
72 72
40 40
70 70
65 65
38 38
53 53
