0 1 2 3 1 4 5 1 6 7 8 6 9 10 6 11 12 13 11 14 15 11 16 18 17 16 20 19 16 21 22 23 21 25 24 21 26 27 28 26 29 30 26 32 33 31 35 34 31 37 36 39 40 36 42 43 41 44 45 41 46 47 48 46 49 50 46 51 53 52 51 55 54 51 57 58 56 59 60 56 61 62 63 61 64 65 61 66 67 68 66 69 70 66 71 72 73 71 74 75 71 76 77 78 76 79 80 76 81 82 83 81 84 85 81 87 81 76 71 66 61 56 57 51 46 41 42 36 38 37 31 32 26 21 16 11 6 1 0 198 197 196 191 192 186 181 176 171 166 167 161 162 156 151 146 141 136 131 126 127 121 116 111 112 106 101 96 91 92 86 88 86 89 90 86 92 93 91 94 95 91 96 97 98 96 99 100 96 101 103 102 101 105 104 101 106 107 108 106 109 110 106 112 113 111 114 115 111 116 118 117 116 119 120 116 121 123 122 121 125 124 121 127 128 126 130 129 126 131 132 133 131 134 135 131 136 137 138 136 139 140 136 141 142 143 141 144 145 141 146 147 148 146 149 150 146 151 152 153 151 154 155 151 156 158 157 156 160 159 156 162 163 161 164 165 161 167 168 166 169 170 166 171 172 173 171 175 174 171 176 177 178 176 179 180 176 181 182 183 181 184 185 181 186 188 187 186 190 189 186 192 193 191 194 195 191 196 197 198 199 198 0
100
58 58
24 24
44 44
135 135
73 73
100 100
7 7
22 22
35 35
99 99
90 90
17 17
137 137
72 72
63 63
163 163
78 78
79 79
65 65
105 105
192 192
155 155
164 164
14 14
34 34
109 109
60 60
189 189
19 19
107 107
48 48
114 114
42 42
118 118
183 183
95 95
144 144
193 193
53 53
83 83
103 103
143 143
184 184
52 52
38 38
64 64
139 139
145 145
98 98
25 25
180 180
30 30
94 94
165 165
102 102
130 130
195 195
112 112
33 33
75 75
108 108
140 140
62 62
122 122
169 169
70 70
152 152
179 179
3 3
127 127
27 27
68 68
162 162
93 93
187 187
185 185
13 13
97 97
12 12
32 32
47 47
87 87
173 173
29 29
113 113
59 59
39 39
142 142
153 153
129 129
159 159
84 84
170 170
74 74
128 128
149 149
138 138
80 80
82 82
104 104
