BY5DUgv6 m0ciW6Mx nqvcEGpR QeSUIsQ1 xvUBVRdA QfsaQspW zSMh8yQJ a7ZQHfuF hc6YxxqG gd207oOq aqFtjHzO VfL5OK8y 2zGyaLBR LiP4S7ZQ EnviW6dj ytwiYcJl PvtbjzW6 T9nDSMXa rZiSDNtK aPSEsY2w E85AysUp Rv8rDvqp 1cr6aFpX PagRRYIg nKZTEeUl YLp2gziD 8tOszPqV H8eN9fj5 lvlSObqb CrvusN6e EvsxmEMg UQ4QaUHy H2BV5cDz bMSvK9eQ Rn4zxmTr Af1jBIly 2mQchaeu B0wYReom 6GJHoNdy 8e8OWOIi sR6JAufL 2og9s1wD xULc5Xg4 1aJdK4y9 K3J88UDV 6nj6dyOK gbolqDJc UfRMeyI7 mXjWiYol o1w8sSXK vVYZOPt6 kkvcm3Qd c9Hgvc9w q1vN3eei FPDwKJIj Ym8LPSnY 8KVhuJvd OpfVa1HT 0zB29H2A R4zDiMu3 ucMA0iSv Y93BYexY yYTqCbSD 7CrB3pCm tDh0gTYH xTHVuNZl yqX5KOVJ KuVHgP1J Pi99fmGL KJQpAqYk FSF4Na2U w3Radp7c ayFODfwg S9dNuWxm rGjz0gOd AMieum8U GVK6CciB NL9qZEp0 UmgiH1K9 iT0t8noc HXMHfRTC 9IHe97Yy 87yhsuRE HEJxX3gA xZfXXUDQ mjMe14fC 7IV7YjRX JMul31yq WlxPulQd 8ni5D4t7 g5YhtPSt 8NqlgdJG 3Y1yItFb fwYwiVnO 9WICwGq2 Y1BjCbsl QqI1C9xC XbFQ8G0U HYhd6zof msEJDy5f HYhd6zof XbFQ8G0U QqI1C9xC Y1BjCbsl g5YhtPSt 8ni5D4t7 WlxPulQd JMul31yq 7IV7YjRX mjMe14fC xZfXXUDQ HEJxX3gA 87yhsuRE 9IHe97Yy HXMHfRTC iT0t8noc NL9qZEp0 GVK6CciB AMieum8U rGjz0gOd S9dNuWxm ayFODfwg w3Radp7c FSF4Na2U KJQpAqYk Pi99fmGL KuVHgP1J yqX5KOVJ xTHVuNZl tDh0gTYH 7CrB3pCm yYTqCbSD Y93BYexY ucMA0iSv R4zDiMu3 0zB29H2A OpfVa1HT 8KVhuJvd Ym8LPSnY FPDwKJIj q1vN3eei c9Hgvc9w kkvcm3Qd vVYZOPt6 o1w8sSXK mXjWiYol UfRMeyI7 6nj6dyOK K3J88UDV 1aJdK4y9 xULc5Xg4 2og9s1wD sR6JAufL 8e8OWOIi 6GJHoNdy B0wYReom 2mQchaeu Af1jBIly UQ4QaUHy BY5DUgv6
50
FPDwKJIj FPDwKJIj
iT0t8noc iT0t8noc
S9dNuWxm S9dNuWxm
8tOszPqV 8tOszPqV
rZiSDNtK rZiSDNtK
yqX5KOVJ yqX5KOVJ
1cr6aFpX 1cr6aFpX
Rv8rDvqp Rv8rDvqp
gbolqDJc gbolqDJc
JMul31yq JMul31yq
K3J88UDV K3J88UDV
mXjWiYol mXjWiYol
PagRRYIg PagRRYIg
ayFODfwg ayFODfwg
6nj6dyOK 6nj6dyOK
UfRMeyI7 UfRMeyI7
H2BV5cDz H2BV5cDz
sR6JAufL sR6JAufL
2mQchaeu 2mQchaeu
1aJdK4y9 1aJdK4y9
B0wYReom B0wYReom
nKZTEeUl nKZTEeUl
g5YhtPSt g5YhtPSt
OpfVa1HT OpfVa1HT
0zB29H2A 0zB29H2A
8ni5D4t7 8ni5D4t7
NL9qZEp0 NL9qZEp0
Af1jBIly Af1jBIly
aPSEsY2w aPSEsY2w
gd207oOq gd207oOq
R4zDiMu3 R4zDiMu3
o1w8sSXK o1w8sSXK
xTHVuNZl xTHVuNZl
rGjz0gOd rGjz0gOd
QeSUIsQ1 QeSUIsQ1
7IV7YjRX 7IV7YjRX
8e8OWOIi 8e8OWOIi
AMieum8U AMieum8U
tDh0gTYH tDh0gTYH
CrvusN6e CrvusN6e
lvlSObqb lvlSObqb
HEJxX3gA HEJxX3gA
xULc5Xg4 xULc5Xg4
q1vN3eei q1vN3eei
UmgiH1K9 UmgiH1K9
hc6YxxqG hc6YxxqG
c9Hgvc9w c9Hgvc9w
9IHe97Yy 9IHe97Yy
ucMA0iSv ucMA0iSv
WlxPulQd WlxPulQd
