yqRn7pcv mpBvpan0 RKTqv0lO xaYYL0Xr ne5PzSYX zcy1X765 XlaUIvCb mmiVeCrf O2GwHMQM o5fxSomz xaYYL0Xr RKTqv0lO mpBvpan0 yqRn7pcv i4M5A6hw z3tqnoFm 1JmiRMy2 fsgAjhrq kuFFViCC X3Jn2MHg ou6pOA5T hC2ZPbzA Bow1G1eA d0naUNzM 4bzLzw2O qGX9syVq Tv0Ngo2a cbK8BQiu Wvomb2LC 2XMfF8YA 2dprxs3b BXSeJMk1 83BKbC2v lRFv66dO uzY67sfN hcJG54h4 dYz0v5Rl 6XOrbPEm pP15erwI 41tU4PmX 7F8LcJJC vBvjliCl 5Zo9R33z gGaSBUDY rJm7nPd7 mB6fiF0u LQU5lyru rKjRBwvM fstmfCC0 miG0nu5G TMAXVAcF 7xyYvlir fMhFZEQj 0DZeKYOM i4M5A6hw yqRn7pcv
25
7xyYvlir 7xyYvlir
hC2ZPbzA hC2ZPbzA
lRFv66dO lRFv66dO
ne5PzSYX ne5PzSYX
5Zo9R33z 5Zo9R33z
fsgAjhrq fsgAjhrq
2XMfF8YA 2XMfF8YA
RKTqv0lO RKTqv0lO
6XOrbPEm 6XOrbPEm
mB6fiF0u mB6fiF0u
zcy1X765 zcy1X765
yqRn7pcv yqRn7pcv
i4M5A6hw i4M5A6hw
o5fxSomz o5fxSomz
1JmiRMy2 1JmiRMy2
mmiVeCrf mmiVeCrf
Tv0Ngo2a Tv0Ngo2a
XlaUIvCb XlaUIvCb
hcJG54h4 hcJG54h4
rKjRBwvM rKjRBwvM
rJm7nPd7 rJm7nPd7
xaYYL0Xr xaYYL0Xr
uzY67sfN uzY67sfN
LQU5lyru LQU5lyru
Wvomb2LC Wvomb2LC
