44 75 69 73 83 7 23 31 34 1 21 15 21 1 47 22 79 17 47 68 33 5 48 64 71 13 38 52 72 52 50 54 24 54 67 91 60 95 14 81 58 91 71 99 71 76 78 39 11 37 46 37 56 37 51 11 84 85 27 43 66 12 8 9 57 77 96 85 36 0 36 85 86 19 25 41 28 80 55 6 65 94 2 87 16 59 4 42 26 87 94 62 63 29 93 94 74 89 3 10 40 45 18 82 98 92 70 49 90 53 61 30 32 88 20 97 35 75 44
33
0 0
1 1
2 2
3 3
4 4
5 5
6 6
7 7
8 8
9 9
10 10
11 11
12 12
13 13
14 14
15 15
16 16
17 17
18 18
19 19
20 20
21 21
22 22
23 23
24 24
25 25
26 26
27 27
28 28
29 29
30 30
31 31
32 32
