74 135 8 78 108 106 113 163 146 151 169 31 7 190 118 139 15 121 190 184 168 85 36 75 69 75 82 36 85 185 194 33 85 168 176 2 180 35 2 176 159 39 71 175 60 1 62 95 10 11 80 14 158 14 80 34 20 6 161 29 90 173 90 183 44 16 147 154 183 174 199 23 20 24 61 53 123 45 47 110 150 20 91 182 41 104 83 73 116 86 18 164 28 114 126 114 124 86 143 37 96 155 187 54 171 140 95 188 17 192 26 60 92 30 109 138 122 117 64 93 99 67 119 105 136 103 165 111 120 42 144 79 128 165 103 136 167 175 112 134 175 71 197 39 159 177 50 191 87 141 19 46 87 191 177 137 193 88 57 115 101 3 12 162 21 4 38 98 59 179 0 22 9 49 157 189 145 49 51 198 162 195 186 63 66 70 142 5 40 181 13 160 32 25 133 89 131 55 58 76 148 152 115 88 72 193 102 178 102 127 190 196 27 172 31 107 166 68 97 130 48 52 65 52 125 77 125 52 48 149 84 43 153 56 153 94 129 132 81 156 100 170 74
66
0 0
1 1
2 2
3 3
4 4
5 5
6 6
7 7
8 8
9 9
10 10
11 11
12 12
13 13
14 14
15 15
16 16
17 17
18 18
19 19
20 20
21 21
22 22
23 23
24 24
25 25
26 26
27 27
28 28
29 29
30 30
31 31
32 32
33 33
34 34
35 35
36 36
37 37
38 38
39 39
40 40
41 41
42 42
43 43
44 44
45 45
46 46
47 47
48 48
49 49
50 50
51 51
52 52
53 53
54 54
55 55
56 56
57 57
58 58
59 59
60 60
61 61
62 62
63 63
64 64
65 65
