56 89 68 19 36 67 41 63 11 17 25 11 55 67 83 8 81 7 81 10 52 66 10 26 6 85 75 0 38 75 85 87 20 87 85 6 81 29 3 23 22 24 34 15 91 15 62 53 78 12 64 12 78 51 78 62 34 69 50 24 39 43 35 5 35 43 86 57 58 13 40 88 13 58 84 80 18 44 16 21 65 33 65 21 44 45 2 76 92 27 42 27 92 37 47 30 60 30 77 4 61 4 77 30 54 47 37 49 59 49 37 92 76 2 90 44 18 80 72 28 72 70 72 80 58 57 39 23 46 73 71 9 1 31 32 74 32 14 9 46 79 82 68 48 68 56
48
0 0
1 1
3 3
4 4
5 5
8 8
9 9
10 10
13 13
15 15
17 17
19 19
20 20
22 22
23 23
24 24
29 29
30 30
31 31
32 32
33 33
36 36
38 38
41 41
42 42
48 48
50 50
54 54
57 57
58 58
60 60
61 61
63 63
65 65
66 66
67 67
68 68
74 74
81 81
82 82
83 83
84 84
85 85
88 88
89 89
90 90
91 91
92 92
