93 18 62 70 146 70 174 143 7 28 143 77 113 32 75 130 5 130 75 102 143 160 89 49 117 164 87 11 66 11 99 14 126 65 126 98 107 24 4 76 4 24 85 17 85 148 85 107 97 176 42 176 90 176 121 147 26 147 135 107 14 99 11 87 136 87 164 117 49 118 0 161 112 161 137 161 175 73 2 95 33 109 36 9 68 21 119 1 119 86 23 145 111 145 23 152 57 132 67 173 132 104 10 58 10 101 8 169 20 169 44 105 13 105 169 155 88 8 101 172 149 10 104 124 104 132 152 23 68 114 106 114 68 9 69 79 54 47 78 72 134 103 6 103 159 25 159 45 51 45 159 122 159 156 3 140 3 159 103 171 41 22 56 34 56 144 170 15 170 64 12 19 154 12 100 53 29 16 39 53 177 12 64 170 108 170 103 134 47 91 40 50 40 162 110 128 84 128 116 30 96 30 142 55 30 116 82 59 82 63 163 151 52 31 139 52 151 82 116 128 110 91 47 54 79 69 141 35 141 125 167 123 36 131 38 92 74 129 27 74 92 150 115 131 36 109 60 153 60 109 83 109 33 61 95 2 127 48 81 175 161 118 166 118 49 89 168 120 160 133 160 143 165 43 165 174 70 62 18 94 46 80 94 138 157 71 37 71 158 93
91
1 1
2 2
4 4
14 14
18 18
19 19
20 20
24 24
26 26
27 27
34 34
36 36
38 38
39 39
40 40
43 43
46 46
47 47
49 49
51 51
52 52
53 53
56 56
57 57
61 61
62 62
63 63
64 64
65 65
66 66
67 67
70 70
72 72
73 73
74 74
75 75
76 76
77 77
79 79
80 80
81 81
82 82
84 84
86 86
87 87
90 90
91 91
95 95
98 98
99 99
101 101
102 102
105 105
108 108
109 109
110 110
111 111
115 115
116 116
117 117
119 119
121 121
122 122
124 124
125 125
129 129
130 130
131 131
136 136
137 137
138 138
140 140
141 141
143 143
146 146
147 147
151 151
154 154
155 155
157 157
161 161
163 163
165 165
168 168
169 169
170 170
171 171
172 172
174 174
176 176
177 177
