Dannemora Fire Earlville Firthcliffe Earlville Hartsdale Earlville Fire Goshen Frankfort Flanders Gilbertsville Flanders Goshen Highland Farmingville Florida Deer Delanson Nyack Fulton Dexter Fairmount Gordon Oakdale Gordon Fairmount Dexter Germantown Deferiet Noyack Dunkirk Noyack Haverstraw Oakfield Glasco Oakfield Haverstraw Noyack Deferiet Germantown Delmar Herricks Deposit Herricks Nunda Heuvelton Hamilton Heuvelton Nunda Herricks Delmar Wantagh Delmar Germantown Galeville Delevan Dansville Delevan Galeville Germantown Dexter Hermon Franklinville Gowanda Ogdensburg Olean Ogdensburg Gowanda Franklinville Hermon Dexter Fulton Gardiner Falconer Gasport Falconer Gardiner Hannibal Odessa Frewsburg Delhi Freeville Farnham Freeville Delhi Olcott Delhi Frewsburg Odessa Hannibal Gardiner Fulton Nyack Delanson Deer Granville Forestville Granville Northville Granville Deer Florida Norwood Heritage Norwood Florida Farmingville Harrisville Harrison Friendship Harrison Harrisville Hawthorne Harrisville Farmingville Highland Goshen Fire Dannemora Hamburg DeRuyter Hamburg Fleischmanns Fonda Fabius Glenwood Haviland Fishers Forest Fishers Haviland Franklin Highfalls Hicksville Herkimer Fayetteville Harbor Fredonia Harbor Fayetteville Herkimer Hicksville Highfalls Haviland Glenwood Fabius Mills Fishkill Davis Fishkill Mills Fabius Norwich Fabius Fonda Hempstead Hewlett Fairview Geneva Depew Geneva Fairport Geneva Fairview Hewlett Hempstead Fonda Fleischmanns Gloversville Fleischmanns Hamburg Flower Hancock Flower Hauppauge Flower Hamburg Hillburn Ghent Depauville Ghent Downey Herrings Downey Ghent Freeport Oceanside Fair Oceanside Freeport Ghent Hillburn Gouverneur Hillburn Hamburg Dannemora
50
Dansville Dansville
Davis Davis
Deer Deer
Deferiet Deferiet
Delanson Delanson
Delevan Delevan
Delhi Delhi
Delmar Delmar
Depauville Depauville
Depew Depew
Deposit Deposit
DeRuyter DeRuyter
Dexter Dexter
Dunkirk Dunkirk
Earlville Earlville
Fabius Fabius
Fair Fair
Fairmount Fairmount
Fairport Fairport
Fairview Fairview
Falconer Falconer
Farmingville Farmingville
Farnham Farnham
Fayetteville Fayetteville
Fire Fire
Firthcliffe Firthcliffe
Fishers Fishers
Fishkill Fishkill
Flanders Flanders
Fleischmanns Fleischmanns
Florida Florida
Flower Flower
Fonda Fonda
Forest Forest
Forestville Forestville
Frankfort Frankfort
Franklin Franklin
Franklinville Franklinville
Fredonia Fredonia
Freeport Freeport
Freeville Freeville
Frewsburg Frewsburg
Friendship Friendship
Fulton Fulton
Galeville Galeville
Gardiner Gardiner
Gasport Gasport
Geneva Geneva
Germantown Germantown
Ghent Ghent
