Acton Compton Bowles Compton Farmington Dublin Arnold Bradley Caruthers Bradley Arnold Campbell Coachella Amesti Coachella Calabasas Dixon Broadmoor Dixon Calabasas Coachella Campbell Arnold Firebaugh Cherryland Avery Chowchilla Avenal Chowchilla Benicia Chowchilla Cutten Cottonwood Cutten Chowchilla Avery Fullerton Avery Georgetown Bellflower Bolinas Angwin Atascadero Antioch Folsom Caribou Folsom Antioch Atascadero Bonsall Clyde Boronda Beckwourth Boronda Buttonwillow Bystrom Anaheim Calistoga Anaheim Dunsmuir Calimesa Davis Aromas Davis Calimesa Dunsmuir Anaheim Bystrom Buttonwillow Boronda Clyde Colma Cypress Colma Clyde Bonsall Cutler Chualar Chester Chualar Cutler Bonsall Atascadero Angwin Bolinas Friant Bolinas Bellflower Carlsbad Encinitas Canyondam Encinitas Claremont Dorrington Claremont Encinitas Carlsbad Bellflower Georgetown Avery Cherryland Firebaugh Ferndale Clearlake Ashland Clearlake Ferndale Columbia Alpine Fontana Colusa Adelanto Colusa Coronado Colusa Covina Cudahy Bodfish Cudahy Covina Downey Cerritos Anderson Calexico Blairsden Atherton Commerce Atherton Corcoran Atherton Blairsden Calexico Colfax Bayview Ducor Burlingame Ducor Bayview Colfax Calexico Corralitos Concord Corralitos Calexico Cromberg Cupertino Auberry Corona Auberry Cupertino Bloomington Ceres Auburn Ceres Bloomington Cupertino Citrus Cupertino Duarte Carmichael Freedom Carmichael Duarte Cupertino Cromberg Calexico Florin Alturas Fairfield Alturas Florin Calexico Anderson Cerritos Aptos Cerritos Bell Alpaugh Escalon Calipatria Crockett Cabazon Crockett Calipatria Escalon Alpaugh Bell Cerritos Bluewater Cartago Covelo Coalinga Fairview Coalinga Covelo Farmersville Delhi Fremont Concow Carrick Alameda Berkeley Armona Danville Blythe Danville Armona Delano Armona Berkeley Alameda Carrick Concow Eureka Concow Fremont Delhi Farmersville Gardena Farmersville Covelo Foresthill Altadena Cloverdale Altadena Foresthill Covelo Cartago Bluewater Cerritos Exeter Cerritos Downey Covina Colusa Dinuba Banning Alamo Avalon Alamo Banning Fresno August Castroville August Clio Etna Copperopolis Bakersfield Copperopolis Beaumont Copperopolis Etna Empire Etna Clio August Cotati Boron Dorris Crest Dorris Boron Cotati August Forestville August Fresno Banning Dinuba Colusa Fowler Colusa Fontana Alpine Columbia Brawley Alhambra Belden Alhambra Cambria Almanor Cambria Cayucos Arvin Cayucos Cambria Alhambra Brawley Corning Brisbane Belmont Brisbane Corning Brawley Columbia Carpinteria Columbia Fillmore Cobb Barstow Capitola Delleker Capitola Felton Capitola Barstow Cobb Esparto Cobb Fillmore Columbia Fortuna Calwa Fortuna Diablo Artesia Fallbrook Bonita Fallbrook Carson Bishop Brea Azusa Brea Bishop Fruitdale Byron Biggs Byron Colton Byron Fellows Bradbury Fellows Clovis Darwin Clovis Fellows Gazelle Fellows Byron Fruitdale Escondido Albany Escondido Atwater Emeryville Atwater Escondido Fruitdale Bishop Carson Fallbrook Fairfax Chino Bootjack Chino Burney Chino Fairfax Durham Fairfax Fallbrook Artesia Diablo Brentwood Biola Arbuckle Biola Crestline Biola Brentwood Galt Burbank Arcadia Belvedere Arcadia Burbank Camarillo Burbank Galt Brentwood Diablo Clayton Arcata Clayton Diablo Fortuna Columbia Ferndale Firebaugh Arnold Dublin Denair Dublin Farmington Compton Acton
100
Adelanto Adelanto
Alameda Alameda
Alamo Alamo
Albany Albany
Alhambra Alhambra
Almanor Almanor
Alpaugh Alpaugh
Alpine Alpine
Altadena Altadena
Alturas Alturas
Amesti Amesti
Anaheim Anaheim
Anderson Anderson
Angwin Angwin
Antioch Antioch
Aptos Aptos
Arbuckle Arbuckle
Arcadia Arcadia
Arcata Arcata
Armona Armona
Arnold Arnold
Aromas Aromas
Artesia Artesia
Arvin Arvin
Ashland Ashland
Atascadero Atascadero
Atherton Atherton
Atwater Atwater
Auberry Auberry
Auburn Auburn
August August
Avalon Avalon
Avenal Avenal
Avery Avery
Azusa Azusa
Bakersfield Bakersfield
Banning Banning
Barstow Barstow
Bayview Bayview
Beaumont Beaumont
Beckwourth Beckwourth
Belden Belden
Bell Bell
Bellflower Bellflower
Belmont Belmont
Belvedere Belvedere
Benicia Benicia
Berkeley Berkeley
Biggs Biggs
Biola Biola
Bishop Bishop
Blairsden Blairsden
Bloomington Bloomington
Bluewater Bluewater
Blythe Blythe
Bodfish Bodfish
Bolinas Bolinas
Bonita Bonita
Bonsall Bonsall
Bootjack Bootjack
Boron Boron
Boronda Boronda
Bowles Bowles
Bradbury Bradbury
Bradley Bradley
Brawley Brawley
Brea Brea
Brentwood Brentwood
Brisbane Brisbane
Broadmoor Broadmoor
Burbank Burbank
Burlingame Burlingame
Burney Burney
Buttonwillow Buttonwillow
Byron Byron
Bystrom Bystrom
Cabazon Cabazon
Calabasas Calabasas
Calexico Calexico
Calimesa Calimesa
Calipatria Calipatria
Calistoga Calistoga
Calwa Calwa
Camarillo Camarillo
Cambria Cambria
Campbell Campbell
Canyondam Canyondam
Capitola Capitola
Caribou Caribou
Carlsbad Carlsbad
Carmichael Carmichael
Carpinteria Carpinteria
Carrick Carrick
Carson Carson
Cartago Cartago
Caruthers Caruthers
Castroville Castroville
Cayucos Cayucos
Ceres Ceres
Cerritos Cerritos
