Acadia Biscayne Rocky Caverns Congaree Everglades Katmai Denali Katmai Everglades Caverns Rocky Joshua Rocky Biscayne Acadia Capitol Kobuk Rainier Petrified Rainier Kobuk Pinnacles Kobuk Capitol Acadia Tortugas Acadia Guadalupe Sequoia Wrangell Teddy Haleakala Shenandoah Clark Badlands Crater Olympic Arches Olympic Crater Badlands Clark Canyonlands Brycecanyon Glacier Gunnison Basin Gunnison Glacier Brycecanyon Isle Kenai Redwood Teton Redwood Kenai Voyageurs Bend Yosemite Kings Yosemite Zion Yellowstone Zion Yosemite Bend Voyageurs Mammoth Voyageurs Saguaro Gateway Saguaro Voyageurs Kenai Isle Lassen Channel Cuyahoga Channel Indiana Channel Lassen Smoky Lassen Isle Brycecanyon Canyonlands Clark Shenandoah Haleakala Teddy Cascades Teddy Wrangell Sequoia Guadalupe Acadia
25
Arches Arches
Badlands Badlands
Bend Bend
Biscayne Biscayne
Gunnison Gunnison
Brycecanyon Brycecanyon
Canyonlands Canyonlands
Capitol Capitol
Caverns Caverns
Channel Channel
Congaree Congaree
Crater Crater
Cuyahoga Cuyahoga
Denali Denali
Tortugas Tortugas
Everglades Everglades
Gateway Gateway
Glacier Glacier
Teton Teton
Basin Basin
Smoky Smoky
Guadalupe Guadalupe
Haleakala Haleakala
Indiana Indiana
Isle Isle
