6 4 0 99 0 4 1 4 6 5 2 5 3 5 6 13 11 7 11 8 11 13 12 9 12 10 12 13 20 18 14 18 15 18 20 19 16 19 17 19 20 27 25 21 25 22 25 27 26 23 26 24 26 27 34 32 28 32 29 32 34 33 30 33 31 33 34 41 39 35 39 36 39 41 40 37 40 38 40 41 48 46 42 46 43 46 48 47 44 47 45 47 48 55 53 49 53 50 53 55 54 51 54 52 54 55 62 60 56 60 57 60 62 61 58 61 59 61 62 69 67 63 67 64 67 69 68 65 68 66 68 69 76 74 70 74 71 74 76 75 72 75 73 75 76 83 81 77 81 78 81 83 82 79 82 80 82 83 90 88 84 88 85 88 90 89 86 89 87 89 90 97 95 91 95 92 95 97 96 93 96 94 96 97 98 97 90 83 76 69 62 55 48 41 34 27 20 13 6
42
2 2
6 6
4 4
9 9
11 11
8 8
14 14
18 18
15 15
25 25
21 21
24 24
34 34
31 31
29 29
39 39
35 35
41 41
48 48
44 44
46 46
52 52
54 54
49 49
56 56
60 60
59 59
67 67
63 63
65 65
75 75
71 71
73 73
82 82
78 78
79 79
84 84
88 88
90 90
94 94
95 95
92 92
