58 48 38 28 18 8 7 17 16 6 5 4 3 2 1 0 10 11 21 31 41 51 20 30 40 50 60 61 71 81 91 70 80 90 12 22 32 42 52 53 63 73 62 72 82 83 93 92 13 23 33 43 14 15 25 35 36 46 56 66 76 86 96 97 45 55 65 75 85 95 24 34 44 54 64 74 84 94 26 27 37 47 57 67 77 78 79 88 89 99 98 87 9 18 19 29 39 49 59 69 68 58
45
0 0
3 3
4 4
5 5
7 7
10 10
11 11
12 12
19 19
21 21
22 22
29 29
30 30
31 31
32 32
33 33
36 36
39 39
40 40
42 42
43 43
44 44
45 45
50 50
52 52
55 55
61 61
63 63
64 64
65 65
70 70
72 72
73 73
76 76
78 78
79 79
83 83
86 86
87 87
88 88
90 90
94 94
95 95
98 98
99 99
