Greenhouse HilgardHall Greenhouse Insectary Greenhouse iHouse Greenhouse IshiCourt Greenhouse JacobsHall Greenhouse JonesStudyCent Greenhouse KlebFieldHouse Greenhouse KoshlandHall Greenhouse KroeberHall Greenhouse KrutchTheater Greenhouse LatimerHall Greenhouse lawrence Greenhouse LawrenceHall Greenhouse LeConteHall Greenhouse AquaticCenter Greenhouse LevFricField Greenhouse LewisHall Greenhouse SciencesAddition Greenhouse Lsproul Greenhouse mlk Greenhouse MathSciencesRes Greenhouse maxwell Greenhouse McConeHall Greenhouse McEnerneyHall Greenhouse McLaughlin Greenhouse memorialpool Greenhouse MinorHall Greenhouse MinorHallAdd Greenhouse moffit Greenhouse MorganHall Greenhouse MorrisonHall Greenhouse MosesHall Greenhouse MulfordHall Greenhouse nrl Greenhouse NorthField Greenhouse NorthGateHall Greenhouse NAnimalFacil Greenhouse OBrienHall Greenhouse ObservHill Greenhouse AlumniHouse Greenhouse AndersenAud Greenhouse AnthonyHall Greenhouse ArchsEngineers Greenhouse BancroftLibrary Greenhouse BanwayBldg Greenhouse BarkerHall Greenhouse BarrowLane Greenhouse BarrowsHall Greenhouse BARTStation Greenhouse BechtelEngineering Greenhouse BerkeleyMuseum Greenhouse BerkeleyWest Greenhouse BirgeHall Greenhouse BlackwellHall Greenhouse BlumHall Greenhouse BoaltHall Greenhouse BotanGarden Greenhouse ImagingCenter Greenhouse StarrLibrary Greenhouse CaliforniaHall Greenhouse CaliforniaStadium Greenhouse CalvinLaboratory Greenhouse CampbellHall Greenhouse CareerCenter Greenhouse ChanAuditorium Greenhouse ChavezCenter Greenhouse CheitHall Greenhouse ChouHall Greenhouse ClarkCampus Greenhouse
40
mlk mlk
MathSciencesRes MathSciencesRes
maxwell maxwell
McConeHall McConeHall
McEnerneyHall McEnerneyHall
McLaughlin McLaughlin
memorialpool memorialpool
MinorHall MinorHall
MinorHallAdd MinorHallAdd
moffit moffit
MorganHall MorganHall
MorrisonHall MorrisonHall
MosesHall MosesHall
MulfordHall MulfordHall
nrl nrl
NorthField NorthField
NorthGateHall NorthGateHall
NAnimalFacil NAnimalFacil
OBrienHall OBrienHall
ObservHill ObservHill
AlumniHouse AlumniHouse
AndersenAud AndersenAud
AnthonyHall AnthonyHall
ArchsEngineers ArchsEngineers
BancroftLibrary BancroftLibrary
BanwayBldg BanwayBldg
BarkerHall BarkerHall
BarrowLane BarrowLane
BarrowsHall BarrowsHall
BARTStation BARTStation
BechtelEngineering BechtelEngineering
BerkeleyMuseum BerkeleyMuseum
BerkeleyWest BerkeleyWest
BirgeHall BirgeHall
BlackwellHall BlackwellHall
BlumHall BlumHall
BoaltHall BoaltHall
BotanGarden BotanGarden
ImagingCenter ImagingCenter
StarrLibrary StarrLibrary
