pace voice financial respect audience class disclose skeleton understand paper deposit swear deposit paper stress coast stress paper understand figure banana king guarantee due seize rent mixture rent seize due guarantee dialogue likely dialogue prison solve tolerate forge winner forge vegetarian forge tolerate solve prison dialogue romantic sign legislation enhance thumb excuse thumb enhance dough linger dough enhance legislation sign romantic straighten quality headline quality straighten romantic dialogue tool dialogue guarantee gallon guarantee king banana assignment banana judicial glasses autonomy glasses judicial banana figure understand skeleton disclose injury disclose class exclusive buffet opposed buffet exclusive dip joint demand cigarette tablet cigarette demand pain pig ward pig mature brake mature pig pain demand joint shiver joint dip exclusive class iron class audience respect injection exempt write exempt assume injection interactive feature honor feature interactive throne stroke thirsty certain page fortune imposter view imposter pier imposter fortune page certain sunrise title shy market miserable environment approval gate circulation output circulation gate mystery enter mystery chair mystery approval other approval environment miserable profound miserable market shy nationalist shy title sunrise certain thirsty stroke discriminate lake discriminate stroke throne interactive injection respect bitter physics bitter rob bitter respect financial voice pace
50
shy shy
swear swear
dough dough
pain pain
buffet buffet
linger linger
circulation circulation
class class
nationalist nationalist
tool tool
honor honor
prison prison
imposter imposter
guarantee guarantee
exclusive exclusive
other other
rob rob
sunrise sunrise
voice voice
winner winner
vegetarian vegetarian
tolerate tolerate
lake lake
headline headline
throne throne
seize seize
glasses glasses
paper paper
tablet tablet
legislation legislation
enter enter
enhance enhance
quality quality
injury injury
bitter bitter
dip dip
page page
mystery mystery
figure figure
autonomy autonomy
likely likely
demand demand
output output
thumb thumb
cigarette cigarette
brake brake
financial financial
title title
king king
sign sign
