pace other quadruple ask aspect romantic prison romantic aspect ask enemy control glasses control beg ex teacher hospitality terms thumb terms deter linger physics linger vegetarian market vegetarian exile vegetarian linger decisive tolerate injury demand feature quiet labour figure clay rage bitter certain bitter coffin bitter rage clay figure labour quiet feature demand rob demand address judicial address seize cigarette seize address demand injury flag home dialogue candle dialogue home flag injury tolerate expression tolerate decisive greeting class greeting decisive linger deter note tablet note deter terms hospitality teacher ex beg joystick guarantee attraction excuse attraction pound imposter pound attraction guarantee reliable guarantee joystick swop nationalist acceptance assume railcar understand railcar tool liver tool railcar assume double approval circulation stress circulation approval pier pig pier interactive father interactive notebook fortune financial mercy mixture joint output joint single country throne respect throne boom quality autonomy quality boom throne structure throne country knot country triple prospect title mystery miserable mystery driver banana widen extort widen banana driver mystery title prospect snuggle prospect triple country single joint mixture chair mixture mercy embarrassment sunrise solve sunrise rent atmosphere rent sunrise embarrassment mercy financial fortune notebook pardon notebook interactive error shy gate discriminate gate case gate identity straighten identity module identity gate ladder gate shy error interactive pier bleed environment interface environment bleed sign king sign honor comfortable likely viable job grounds job viable likely comfortable honor sign speaker due ignore audience ignore shiver blonde node enhance node blonde science begin lake write lake thirsty dough thirsty lake ward penetrate ward lake begin science separate page deposit page mature page separate science blonde virgin winner assignment winner virgin blonde pipe blonde native development skeleton development exempt buffet election outline election lifestyle cotton lifestyle election buffet exempt dramatic opposed dip exclusive dip opposed dramatic exempt development confrontation forge terminal paper terminal forge confrontation development native blonde shiver exploit shiver ignore due speaker sign bleed smile headline smile bleed curriculum chew offset enter offset chew curriculum bleed pier approval double acceptance nationalist swop electronics swop joystick bowel brake profound view dive coincide dive view compromise drawer compromise view policy view profound gallon injection legislation injection gallon profound coast iron coast swear charity stroke pain disclose voice disclose pain stroke charity swear coast profound mist profound brake scheme brake bowel joystick beg control enemy desk spoil desk enemy illusion weapon illusion enemy ask quadruple other pace
100
exclusive exclusive
identity identity
injection injection
market market
acceptance acceptance
exempt exempt
coffin coffin
begin begin
teacher teacher
autonomy autonomy
development development
drawer drawer
control control
swop swop
stress stress
audience audience
injury injury
deter deter
environment environment
virgin virgin
tablet tablet
output output
dip dip
thumb thumb
structure structure
buffet buffet
viable viable
dough dough
assignment assignment
coincide coincide
atmosphere atmosphere
cotton cotton
triple triple
mature mature
pig pig
spoil spoil
profound profound
curriculum curriculum
widen widen
dive dive
shiver shiver
smile smile
note note
flag flag
physics physics
driver driver
railcar railcar
mercy mercy
error error
throne throne
decisive decisive
candle candle
illusion illusion
headline headline
rob rob
scheme scheme
offset offset
knot knot
country country
comfortable comfortable
native native
skeleton skeleton
rent rent
guarantee guarantee
coast coast
interface interface
electronics electronics
other other
confrontation confrontation
exile exile
pace pace
ask ask
imposter imposter
enemy enemy
straighten straighten
quadruple quadruple
liver liver
pardon pardon
due due
likely likely
bowel bowel
home home
financial financial
lifestyle lifestyle
ignore ignore
interactive interactive
respect respect
swear swear
chair chair
page page
boom boom
greeting greeting
attraction attraction
forge forge
rage rage
election election
excuse excuse
tool tool
feature feature
pipe pipe
