pace exclusive output understand paper understand other approval tablet gate tablet approval other understand output exclusive throne exclusive winner view excuse disclose excuse due audience due injection profound injection opposed thumb enter deposit enter thumb exempt thumb opposed brake headline title headline brake nationalist feature nationalist brake opposed injection due excuse physics excuse view prison honor environment write voice write environment honor prison view winner assignment quality king likely circulation dough circulation likely page guarantee certain page likely market likely pier injury skeleton forge skeleton injury mixture miserable mixture injury pier likely king quality assignment winner exclusive pace
25
deposit deposit
exempt exempt
enter enter
gate gate
audience audience
headline headline
honor honor
brake brake
likely likely
market market
mixture mixture
throne throne
circulation circulation
feature feature
output output
nationalist nationalist
voice voice
opposed opposed
excuse excuse
guarantee guarantee
king king
page page
injury injury
approval approval
skeleton skeleton
