9iIwk Q1WC5 TzIYf 9iIwk jASvw AQ02H MA43U ZzWHp Mj2eQ iEXNY oqPYQ 0GdkR coWXz YZysZ Jq528 jASvw 9iIwk 5R5Xa mBYfp 9iIwk 6EWVx jT5CK tG1wc c9sIw jT5CK HOs1b qkJ6b Nceu2 XYzcU 1xmtC Ib6np qkJ6b QVYVG 7G74f QVYVG S6nic QVYVG LZomt Ew56P 9ejIc SgDk6 I5lew s9zWz I5lew Ew56P RKW0P jYfXn RKW0P QVYVG q0lus 1uRw3 Ri2t4 y89SK 1uRw3 FbFgI FOL0S 1pxZM LJqKh 1pxZM 1uRw3 knY3U jAwQw aHGHb CAygY 1r917 CAygY kmzhT aHGHb WGJpQ vE0Pj knY3U 80uvP 1uRw3 WJNpN YH6mk 5ioW1 Be0ab XZKtP dw7aX q85d7 XZKtP qmTnM bXinH 5ioW1 YH6mk Y7IDR r2dxQ UpLNw 4a0W8 Y7IDR YH6mk nctzP WJNpN AgYPL tnjfN WJNpN 5VT1H u0DM6 q0lus QVYVG RhUVQ QVYVG HOs1b jT5CK 5BDPJ jT5CK 6EWVx 9iIwk 6oThd 9iIwk h2rea 0mah3 rrNj1 Esl6u fS0W8 p9vQm ZfVrl fS0W8 k64Ok BnAjj ZgtaX Vake4 ZgtaX JgjFI ZgtaX pXCjI uXqXg TI54i N1MZB uXqXg pXCjI k6V9L vrNke OQnD0 fw1kb OQnD0 k6V9L pXCjI ZgtaX veOJ7 iCgvV ZgtaX k64Ok fS0W8 Esl6u rrNj1 0mah3 ChXAd 1eRkH p7hV5 9iIwk
50
5VT1H 5VT1H
jT5CK jT5CK
bXinH bXinH
qkJ6b qkJ6b
Y7IDR Y7IDR
AgYPL AgYPL
XYzcU XYzcU
vE0Pj vE0Pj
5R5Xa 5R5Xa
iEXNY iEXNY
WGJpQ WGJpQ
1uRw3 1uRw3
1eRkH 1eRkH
veOJ7 veOJ7
YH6mk YH6mk
jAwQw jAwQw
Ri2t4 Ri2t4
jYfXn jYfXn
ChXAd ChXAd
XZKtP XZKtP
Mj2eQ Mj2eQ
ZzWHp ZzWHp
h2rea h2rea
jASvw jASvw
5ioW1 5ioW1
SgDk6 SgDk6
1xmtC 1xmtC
JgjFI JgjFI
0GdkR 0GdkR
fS0W8 fS0W8
oqPYQ oqPYQ
tnjfN tnjfN
dw7aX dw7aX
9iIwk 9iIwk
Be0ab Be0ab
LZomt LZomt
p9vQm p9vQm
kmzhT kmzhT
pXCjI pXCjI
1pxZM 1pxZM
BnAjj BnAjj
Vake4 Vake4
iCgvV iCgvV
7G74f 7G74f
5BDPJ 5BDPJ
y89SK y89SK
RhUVQ RhUVQ
aHGHb aHGHb
4a0W8 4a0W8
ZgtaX ZgtaX
