HAZtD 6gp0A kPB79 4Tt2a kPB79 4PXv9 kPB79 6gp0A HAZtD 4Eg1F wnnBN Cg1yP J0OP0 F7CZj RN9nS 3NU9e CXkxa ED9em 5h4rt ED9em CXkxa Lusir CXkxa 3NU9e aWuHk XbFfE mJExt qXBVG p3gJd rH3nx Qz8Ub rH3nx 1gvq4 Q9Dex lJnz7 GxQg8 XWtdT p3gJd cpzS8 acHTt kjZGl kNG2j kjZGl UQeyk EgumV fWz4T SE1WY VJX0I R6NzB 0FMEI RWE9G sU69u 5EAEu sU69u 9cp56 0F8yg 4PSW9 zcuSA 9cp56 sU69u 2GCiD 0FMEI tgL8p DmTRc 3JtxZ DmTRc GfIsc DmTRc 4jcrD DmTRc tgL8p 0FMEI R6NzB v0WXM 7WH0C DchVt zZ10c DchVt Q5zY0 69WZh zrVPv wedr3 69WZh jesVt 4AhmX 93R2m cu5FB 93R2m C4biR aegld C4biR hvF70 C4biR 93R2m 4AhmX jesVt 69WZh mdIe6 onBu6 69WZh 15wtn npBgR 15wtn GmE3O 15wtn ox9Gx 15wtn Mm2U8 15wtn 69WZh Q5zY0 kvy7i 5MtKr Ia6ul eVDVP dLgmf eVDVP b9v0q SEkfX b9v0q gcByh b9v0q eVDVP tkVif Q5zY0 7WH0C ntxuv 7WH0C iHR3J ZKvNM TzGS5 ZKvNM SE1WY fWz4T EgumV UQeyk kjZGl cpzS8 AwFdf 2zHfe fExZu v7hOX fExZu wVSYr WVEjT Agb0E B19Le Agb0E VG4na Agb0E WVEjT wVSYr 2zHfe KtlQd dmbCw AwFdf cpzS8 p3gJd cC0Rg gpbSj u60s4 Tp7uZ jyRQW Xqwfz pLg86 jcSDd 7kY28 URrao fiXIW 7kY28 IOpdQ BaYb3 1VA1I Zok18 Xqwfz sJ62h hA7FQ g8MpX ninof g8MpX SxklZ VESmp SxklZ rVnMc 0moVI GUEko iimZq qz2Of 8Qx0C qz2Of iimZq lqKR5 NV1GL GDCfm 6owsT OWqP4 0moVI HAKlt 6sv9O Njpie el46Y Njpie 6sv9O ejBhY 8x5TS o2JtM e7SjH E6pda e7SjH DuU0x BIY9X DuU0x e7SjH 2LhKB e7SjH o2JtM TvWc0 o2JtM 8x5TS ejBhY iPRoT Vg6Sz iIQll p4kTx iIQll GrnJ7 UbqWX UPel5 GrnJ7 SEc9N v9joy GrnJ7 gNinx GrnJ7 iaaYU PnmPs GrnJ7 rmW0U CHx6u bMhFI lF8gH DUzz2 bMhFI SfSL1 36fTo HOuAL 36fTo SfSL1 RkCLD 2kvzl xKTIz RkCLD SfSL1 rmW0U 9tf0w rmW0U GrnJ7 iIQll 7ZJYA iIQll Vg6Sz iPRoT Q8lcd Jbr8u GaZ4O H1xt8 GaZ4O Q8lcd iPRoT TyY1w 6sv9O GWb7L kYZ5P OEGHh 6sv9O 234po HAKlt Pk19A 0moVI sJ62h Xqwfz CWT0c jyRQW Gf5gy jyRQW Zxvdf u60s4 cC0Rg mJExt iqOI4 mJExt XbFfE O8CwF cMyGs DaieK uPUO1 ESrfm O8CwF TlJnt O8CwF XbFfE aWuHk 3NU9e RN9nS F7CZj z82fM EyMEe vfAR8 bW6Ms vfAR8 zg9rt UqGfS X2hjX UqGfS v6BY5 UqGfS Ssao4 UqGfS NqBQW UqGfS zg9rt vfAR8 EyMEe xF1Bj EyMEe iKwe0 4Eg1F HAZtD
100
pLg86 pLg86
p4kTx p4kTx
kNG2j kNG2j
aWuHk aWuHk
uPUO1 uPUO1
4AhmX 4AhmX
bMhFI bMhFI
7kY28 7kY28
HOuAL HOuAL
Zok18 Zok18
Zxvdf Zxvdf
cu5FB cu5FB
0moVI 0moVI
VG4na VG4na
UqGfS UqGfS
xKTIz xKTIz
z82fM z82fM
iIQll iIQll
NqBQW NqBQW
OWqP4 OWqP4
URrao URrao
DuU0x DuU0x
zrVPv zrVPv
WVEjT WVEjT
DaieK DaieK
RN9nS RN9nS
R6NzB R6NzB
TzGS5 TzGS5
Pk19A Pk19A
4Tt2a 4Tt2a
5h4rt 5h4rt
SEkfX SEkfX
4jcrD 4jcrD
cC0Rg cC0Rg
vfAR8 vfAR8
gNinx gNinx
Q8lcd Q8lcd
iHR3J iHR3J
GxQg8 GxQg8
HAKlt HAKlt
2LhKB 2LhKB
fExZu fExZu
jesVt jesVt
4PXv9 4PXv9
O8CwF O8CwF
CHx6u CHx6u
fWz4T fWz4T
BIY9X BIY9X
9tf0w 9tf0w
H1xt8 H1xt8
1gvq4 1gvq4
J0OP0 J0OP0
bW6Ms bW6Ms
lJnz7 lJnz7
mdIe6 mdIe6
1VA1I 1VA1I
X2hjX X2hjX
SxklZ SxklZ
aegld aegld
AwFdf AwFdf
eVDVP eVDVP
ox9Gx ox9Gx
VESmp VESmp
iKwe0 iKwe0
v7hOX v7hOX
p3gJd p3gJd
Ia6ul Ia6ul
E6pda E6pda
0F8yg 0F8yg
acHTt acHTt
iimZq iimZq
6owsT 6owsT
wnnBN wnnBN
UbqWX UbqWX
Vg6Sz Vg6Sz
5EAEu 5EAEu
zcuSA zcuSA
cpzS8 cpzS8
IOpdQ IOpdQ
Lusir Lusir
iqOI4 iqOI4
BaYb3 BaYb3
EgumV EgumV
Ssao4 Ssao4
rH3nx rH3nx
8Qx0C 8Qx0C
TlJnt TlJnt
wedr3 wedr3
69WZh 69WZh
ED9em ED9em
fiXIW fiXIW
gpbSj gpbSj
DmTRc DmTRc
2GCiD 2GCiD
v9joy v9joy
iaaYU iaaYU
Agb0E Agb0E
lF8gH lF8gH
Cg1yP Cg1yP
u60s4 u60s4
