3Yw8H hQySr ycoh0 miscC fWgKV EvuAH ycoh0 hQySr xNFYO KHHwN 2m7vR hQySr uyQLS hQySr 3Yw8H cvjQc CmuV1 zSmKp NRZIn QUkKU BSqOv x5InZ 5PNx4 EQJ7U TT3Hk EQJ7U fEdtk Tz4zy Vm2RV rNOyg Vm2RV RTNKK s8jhm WapgM s8jhm 5ayvc OhHc9 8Dtha 5ayvc s8jhm w0i4E s8jhm 9e1Io s8jhm 1D7Td s8jhm WK02s s8jhm RTNKK Vm2RV Tz4zy FzlgD Tz4zy fEdtk Jcs3B Z7joj M5wZP Z7joj fEdtk sBBO4 MC0kp sBBO4 fEdtk EQJ7U 8MJwv EQJ7U IWj7Z EQJ7U iaf34 EQJ7U vN0gV EQJ7U P18zR WEKrt VpaoF WEKrt BSqOv kdMDW QUkKU CmuV1 cvjQc JYR5M zFpox JYR5M cvjQc 3Yw8H
25
8MJwv 8MJwv
ycoh0 ycoh0
JYR5M JYR5M
vN0gV vN0gV
miscC miscC
w0i4E w0i4E
Vm2RV Vm2RV
EvuAH EvuAH
BSqOv BSqOv
xNFYO xNFYO
Z7joj Z7joj
QUkKU QUkKU
P18zR P18zR
OhHc9 OhHc9
M5wZP M5wZP
KHHwN KHHwN
TT3Hk TT3Hk
9e1Io 9e1Io
5PNx4 5PNx4
zSmKp zSmKp
iaf34 iaf34
Tz4zy Tz4zy
cvjQc cvjQc
3Yw8H 3Yw8H
RTNKK RTNKK
