1 3 57 4 22 58 22 32 4 38 2 8 65 9 14 59 14 9 23 34 23 9 51 6 16 49 16 71 13 71 16 6 19 24 19 25 66 25 89 25 19 45 19 6 26 6 51 9 72 9 65 8 73 8 80 43 63 43 80 8 87 8 2 33 2 47 2 64 78 64 2 86 2 38 5 11 20 60 20 94 20 96 20 11 35 15 46 98 46 15 95 15 35 21 44 21 93 21 35 31 35 11 40 50 40 11 48 11 75 11 79 11 5 27 10 17 29 69 29 17 68 17 10 67 39 67 10 70 10 100 10 27 41 27 5 28 37 28 90 28 5 54 5 74 5 76 7 91 7 76 5 84 5 38 12 18 55 18 12 61 12 62 12 38 82 38 4 52 4 53 77 53 4 56 4 88 4 57 3 81 3 83 3 97 3 1 30 92 30 99 30 1 36 1 42 1 85 1
40
90 90
42 42
58 58
72 72
92 92
11 11
87 87
26 26
83 83
45 45
66 66
5 5
99 99
34 34
1 1
12 12
63 63
73 73
100 100
84 84
28 28
8 8
50 50
79 79
78 78
89 89
93 93
46 46
33 33
10 10
91 91
86 86
64 64
95 95
52 52
69 69
7 7
3 3
14 14
98 98
