1 11 5 10 7 36 7 65 7 149 7 162 7 165 10 29 10 30 185 30 10 40 10 54 10 129 10 135 10 153 10 173 10 12 24 34 24 12 38 95 38 12 57 12 63 12 76 12 108 12 130 12 147 12 5 15 13 19 115 19 164 19 169 19 191 19 13 58 13 120 13 152 13 156 161 13 15 97 113 15 5 27 6 16 67 16 155 16 6 51 6 80 6 90 6 93 6 124 6 127 132 6 137 6 138 6 154 6 183 6 200 27 25 109 25 27 5 35 5 47 5 48 128 48 5 55 5 101 5 116 5 123 5 146 5 178 5 11 18 75 18 89 18 11 42 11 103 11 110 11 1 43 1 44 45 1 52 2 3 22 9 33 9 100 9 111 9 112 9 170 9 192 9 193 22 46 22 3 32 50 32 3 53 3 60 3 64 3 73 3 133 3 140 3 158 3 159 3 177 3 179 3 180 3 182 3 195 3 2 4 8 23 84 23 8 26 8 68 79 8 81 8 96 8 99 8 105 8 106 8 117 8 150 8 172 8 176 8 194 8 196 8 197 8 198 8 4 14 20 17 31 92 31 17 62 17 85 17 88 17 121 17 20 56 20 78 20 141 20 14 41 107 41 14 59 14 72 14 74 14 94 143 14 145 171 14 189 14 4 49 4 69 70 4 71 4 77 4 119 4 122 4 157 163 4 168 175 4 188 4 2 21 61 21 125 167 21 2 28 37 28 2 39 2 83 2 104 118 2 126 2 131 148 2 151 2 184 2 186 2 52 1 66 1 82 1 86 1 87 1 91 1 98 1 102 1 114 1 134 1 136 1 139 1 142 1 144 1 160 1 166 174 1 181 1 187 1 190 1 199 1
78
78 78
194 194
127 127
46 46
152 152
82 82
36 36
49 49
51 51
129 129
101 101
142 142
147 147
108 108
43 43
159 159
18 18
92 92
162 162
115 115
7 7
15 15
156 156
90 90
3 3
153 153
182 182
66 66
91 91
137 137
64 64
89 89
186 186
96 96
163 163
93 93
31 31
99 99
176 176
58 58
12 12
71 71
83 83
136 136
199 199
175 175
42 42
130 130
132 132
53 53
52 52
84 84
103 103
138 138
157 157
13 13
26 26
140 140
185 185
95 95
88 88
86 86
14 14
116 116
110 110
193 193
98 98
190 190
56 56
161 161
119 119
128 128
105 105
23 23
57 57
60 60
121 121
174 174
