Abbey Alia Haven Marisol Alia Presley Alia Rayna Alia Shannon Alia Abbey Camilla Angel Ashleigh Ashley Lillian Ashley Samara Ashley Yoselin Zion Carina Ashleigh Harley Lainey Ashleigh Lilia Ashleigh Mckinley Mira Tania Angel Brooklyn Carlee Carlie Vivian Carlie Crystal Kaylin Crystal Carlee Marley Angel Laylah Marlene Angel Camilla Sophia Christine Elianna Abbey Gina Imani Isabella Abril Avni Elaine Kristina Jamiya Avni Leila Avni Liberty Avni Sophie Beatrice Alexia Amaris Amber Ivy Jimena Amber Kayley Lillie Amber Lucille Mckayla Nia Amber Amaris Dayami Fatima Jakayla Kailyn Amaris Alexia Ayanna Kiana Tara Ayanna Carmen Alexia Helen Alexia Kenley Lilah Alexia Maeve Alexia Riley Alexia Sharon Carly Jade Lisa Carly Beatrice Carolina Riya Dana Eden Karma Eden Abril Emilie Jazmin Abril Juliette Kaydence Abril Kiera Kimberly Lailah Abril Lana Abril Marely Melina Abril Nora Abril Joanna Jordin Kaley Abbey Lilyana Matilda Abbey Myah Abbey Neveah Parker Rebecca Ruth Tanya Abbey
40
Alexia Alexia
Avni Avni
Ayanna Ayanna
Beatrice Beatrice
Carlee Carlee
Dana Dana
Eden Eden
Harley Harley
Haven Haven
Helen Helen
Isabella Isabella
Jamiya Jamiya
Jordin Jordin
Karma Karma
Kayley Kayley
Kiera Kiera
Kimberly Kimberly
Kristina Kristina
Lana Lana
Liberty Liberty
Lilia Lilia
Lillie Lillie
Lisa Lisa
Maeve Maeve
Marisol Marisol
Matilda Matilda
Mckinley Mckinley
Mira Mira
Nora Nora
Presley Presley
Rayna Rayna
Rebecca Rebecca
Riley Riley
Ruth Ruth
Shannon Shannon
Sophia Sophia
Tanya Tanya
Tara Tara
Vivian Vivian
Yoselin Yoselin
