Abbey Adyson Alisha Diana Juliette Kaylah Susan Teresa Amaris Ainsley Armani Ainsley Averie Haven Ainsley Baylee Ainsley Briana Dana Ainsley Elianna Ainsley Gracie Ainsley Harley Ainsley Jamiya Jimena Kiana Ainsley Lilyana Marley Mckinley Miah Ainsley Shannon Tania Ainsley Trinity Ainsley Amaris Alena Alexia Brooklyn Alexia Camille Alexia Carleigh Gabriella Heather Jillian Lilia Madilynn Alexia Marlene Priyanka Sharon Tori Alexia Allisson Alissa Ciara Ingrid Alissa Ivy Alissa Kaila Lacey Leila Liberty Allisson Sophie Alena Angelica Marely Angelica Alena Carlee Chaya Alena Cloe Alena Crystal Alena Dayami Alena Emery Emilie Jazmyn Alena Kathy Alena Kaydence Kenzie Alena Kira Lisa Alena Meredith Alena Tara Alena Valeria Amber Kendall Rylee Amber Aniya Amaris Adyson Araceli Adyson Beatrice Cecilia Adyson Christine Adyson Dhanya Adyson Eden Adyson Emma Gillian Adyson Janiya Kathryn Mira Mya Adyson Natalee Noelle Adyson Parker Adyson Rebecca Ruth Taniyah Adyson Vivian Zaria Alivia Alexus Belen Carlie Alexus Charlie Alexus Chasity Alexus Claire Alexus Desirae Iyana Alexus Keyla Alexus Kiersten Alexus Maggie Alexus Mckayla Alexus Melina Myah Avni Alivia Jakayla Saige Sophia Yoselin Ally Kimberly Ally Lillian Ally Nora Zara Ally Abbey Arielle Angel Kaley Tamia Tanya Arielle Abbey Aryana Alyvia Belinda Presley Ashleigh Ashley Aubree Abbey Averi Ayanna Camilla Carina Carly Carolina Abbey Denisse Abbey Fatima Abril Alia Ariel Alia Carmen Evelin Karma Kayden Alia Kenley Kristina Samara Shyanne Tabitha Yasmine Alia Abril Bryanna Abril Elaine Abril Gina Imani Jade Jaden Joanna Abril June Kaitlynn Kayley Abril Kiera Lailah Laylah Lilah Marisol Abril Micaela Abril Mireya Neveah Abril Paulina Rayna Riley Abril Shea Fatima Abbey Gwendolyn Abbey Isabella Jaelynn Abbey Jasmin Abbey Jazmin Jordin Abbey Justine Kailyn Abbey Kaylin Abbey Kendal Kiley Kristin Lainey Lana Abbey Lillie Abbey Lindsay Abbey Lucille Abbey Maeve Matilda Nia Riya Abbey Selena Shiloh Stephany Abbey Zion Abbey
90
Abbey Abbey
Alexia Alexia
Alexus Alexus
Alia Alia
Alivia Alivia
Aniya Aniya
Ariel Ariel
Arielle Arielle
Aryana Aryana
Ashley Ashley
Aubree Aubree
Avni Avni
Baylee Baylee
Brooklyn Brooklyn
Bryanna Bryanna
Camilla Camilla
Carlee Carlee
Carleigh Carleigh
Carlie Carlie
Carly Carly
Chasity Chasity
Christine Christine
Ciara Ciara
Claire Claire
Dana Dana
Dayami Dayami
Denisse Denisse
Diana Diana
Elianna Elianna
Emilie Emilie
Emma Emma
Gillian Gillian
Haven Haven
Imani Imani
Ingrid Ingrid
Iyana Iyana
Jade Jade
Jaden Jaden
Jamiya Jamiya
Janiya Janiya
Jasmin Jasmin
Jazmyn Jazmyn
Jillian Jillian
Jimena Jimena
Juliette Juliette
Kaley Kaley
Kayden Kayden
Kaydence Kaydence
Kenzie Kenzie
Keyla Keyla
Kiana Kiana
Kiley Kiley
Kimberly Kimberly
Kira Kira
Kristin Kristin
Kristina Kristina
Lacey Lacey
Lainey Lainey
Laylah Laylah
Leila Leila
Lilia Lilia
Lilyana Lilyana
Lindsay Lindsay
Lucille Lucille
Madilynn Madilynn
Maggie Maggie
Matilda Matilda
Mckayla Mckayla
Mckinley Mckinley
Melina Melina
Mira Mira
Mireya Mireya
Mya Mya
Myah Myah
Natalee Natalee
Neveah Neveah
Nia Nia
Noelle Noelle
Parker Parker
Riley Riley
Rylee Rylee
Sharon Sharon
Shyanne Shyanne
Sophia Sophia
Sophie Sophie
Taniyah Taniyah
Tara Tara
Zara Zara
Zaria Zaria
Zion Zion
