Alena Amaris Cloe Jasmin Kaley Ashley Lorelai Amaris Miah Amaris Alena Averi Avni Helen Fatima Ciara Fatima Emma Natalee Averi Bryanna Heather Alena Lainey Meredith Alena Rebecca Alexus Araceli Lucille Araceli Marley Mireya Nia Shannon Araceli Tania Araceli Aryana Kaitlynn Maggie Brooklyn Charlie Camille Kenzie Camille Charlie Vivian Charlie Brooklyn Lisa Brooklyn Maggie Aryana Alexus Carly Jamiya Carly Kaila Tamia Alexus Cecilia Ashleigh Jade Ashleigh Kathy Alexus Kimberly Mira Paulina Susan Riley Alena
20
Alena Alena
Alexus Alexus
Aryana Aryana
Brooklyn Brooklyn
Bryanna Bryanna
Ciara Ciara
Cloe Cloe
Heather Heather
Jade Jade
Jamiya Jamiya
Jasmin Jasmin
Kaila Kaila
Kaley Kaley
Lucille Lucille
Miah Miah
Mira Mira
Mireya Mireya
Natalee Natalee
Nia Nia
Tania Tania
