Taozhuang Chharra Artur Somma Gua Lal Gua Oulmes Fitchburg Kallio Same Kallio Gua Middle Gua CroixdesBouquets Villa Rafiganj Villa Beaumont Cibinong Villa Nonsan Villa Aytos Woodbridge San Fujioka Petrozavodsk Gudermes Uran Pottstown Maliana Jingzhou Uran Griffith Vernon Caravaca Vernon Severodvinsk Miracema Severodvinsk Vernon Aguadilla Vernon Puertollano Vernon Santa Rixensart Vernon Guyong Bhit Sydney Bhit Camayenne Acworth Bhit Riverbank Bhit Durazno Bhit Chillum Bhit Longgang Norco Bhit Tupelo Weimar Boo Esmeraldas Las Memmingen Las Boo Donggongon Boo El Boo Bourbonnais Uran Hueytown Uran Jhol Udumalaippettai Carnot Udumalaippettai Jhol Uran Sa Uran Opportunity Uran Strathfield Maspalomas Fort Maspalomas Strathfield Le Strathfield Waverly Gudermes CroixdesBouquets Jinotepe CroixdesBouquets Somma Hakodate Artur Rangia New Artur Salima Southsea Bang Southsea Sarandi Southsea Oldenzaal Southsea Ulu Rutherglen Shalqar Alatyr Shalqar Kampung Rutherglen Gauting Rutherglen Gainsborough Rutherglen Moga Southsea Freetown Southsea Culemborg Calauan Iron Artur Hechingen Chharra Ramla Azrou Shinshiro Azrou Ramla Itaperuna Chharra Tuxtla Wesseling Chharra Jackson Rosedale Chharra Esperanza Chharra Sicklerville Chharra Ilesa Chharra Besuki Chharra Taozhuang
50
Gauting Gauting
Nonsan Nonsan
Jackson Jackson
Kallio Kallio
Ulu Ulu
Sarandi Sarandi
Middle Middle
Donggongon Donggongon
Durazno Durazno
Camayenne Camayenne
Strathfield Strathfield
Cibinong Cibinong
Jingzhou Jingzhou
New New
Somma Somma
Azrou Azrou
Fort Fort
Esperanza Esperanza
Longgang Longgang
Udumalaippettai Udumalaippettai
Boo Boo
Villa Villa
Severodvinsk Severodvinsk
Ilesa Ilesa
Besuki Besuki
Gudermes Gudermes
Calauan Calauan
Wesseling Wesseling
Taozhuang Taozhuang
Rosedale Rosedale
Aytos Aytos
Tupelo Tupelo
Rutherglen Rutherglen
Alatyr Alatyr
Artur Artur
Bang Bang
Ramla Ramla
Freetown Freetown
Waverly Waverly
Caravaca Caravaca
Sicklerville Sicklerville
Bourbonnais Bourbonnais
Memmingen Memmingen
Hechingen Hechingen
Jinotepe Jinotepe
Rafiganj Rafiganj
Pottstown Pottstown
Esmeraldas Esmeraldas
Uran Uran
Oulmes Oulmes
