Ilesa Foshan GavrilovYam Jashpurnagar Magomeni West Foshan Aklera Bensheim Ventimiglia Malden Las Malden San Randudongkal San Malden Tupiza Valday Lesosibirsk Toledo Valday Norwalk Valday Idenao Valday Gajendragarh Valday Bogovinje MitryMory Claremont MitryMory Standerton MitryMory Ponta MitryMory Shalqar MitryMory Copperas MitryMory Lodwar MitryMory Shahre MitryMory Manjeri MitryMory Sathyamangalam Ventimiglia Sishui Nizhniy Most Sishui Pekanbaru Ventimiglia Viewpark Oschatz Perth Wittenau Boyeros Portogruaro GatesNorth Belper Meizhou Belper Pune Belper Jiangyan Krymsk Ada Krymsk Hasilpur Krymsk Bhayandar Krymsk American Krymsk Ksar Krymsk Sheoganj Valletta Calauan Rhosllanerchrugog Minas Marburg Mexborough Polohy Bavly Gariadhar Bavly Polohy Mexborough Oulmes Mexborough Houthalen Zeist Brunswick Zeist Olupona Zeist Bhit Zeist Stupino Zeist Rosemount Houthalen Palm Minas Dahlem Minas New Minas Mouscron Minas Iringa Calauan Espoo Tiruppuvanam Onex Calauan Barinas Calauan Split Calauan Reutlingen Batu Aleshtar Rafaela Jagna Rahat Jagna Dipolog Jagna Varadero Rafaela Alfenas Uran Azrou Uran Bordj Uran Landshut Rafaela Chamba Hermsdorf Iturama Batu Chillum Batu JalalAbad Aistala Bonoua Aistala Tharu Sydney Aistala Bobigny Liberia Milledgeville Puerto Milledgeville Boli Milledgeville Tupelo Memmingen Alexandria Woodlawn Athlone Lille Woodlawn Milagro Nidderau Milagro Memmingen Solntsevo Memmingen WaltonontheNaze Liberia Bon Liberia Stuttgart Weimar Stuttgart Liberia Paredes Talisay Paredes Aistala PortVila Taebaek Antanifotsy GernikaLumo Antanifotsy Taebaek Sirsi Taebaek Sorsogon Aistala Davangere Aistala Palafrugell Aistala Reutlingen Oberhausen Reutlingen Calauan Valletta Itacoatiara Kantharalak Itacoatiara Valletta Sheoganj Ramla Sheoganj Shaowu Belper LonsleSaunier Belper Beni Belper Haicheng Belper Woodbridge Belper Guli Belper Lakota Belper Zaozhuang Belper Skalica Belper Port Belper El Ghat Losheim Barras Camarillo Barras Sceaux Barras Andes El DehiwalaMount El Beidao Shagamu Portogruaro Patnos Puducherry Dongdu Puducherry Davis Pleasant Mongo Talipparamba Morningside Talipparamba Mongo Pleasant Davis Inawashiro Portogruaro Aurora Portogruaro Chacabuco Portogruaro Rutland Portogruaro Sillanwali Perth Rangia UlanUde Perth Great Tyoply Great Resplendor Perth Tak Perth Muskogee Perth Brzeg Perth Goyangsi Perth Villaquilambre Niort Voznesensk Southsea Perth Clermont Perth Barracas Oschatz Yingkou Oschatz Carindale Ventimiglia Srinagar Ventimiglia Longview Bensheim Cebu Le Bensheim Hongseong Bensheim Otegen Bensheim Campobasso Bensheim Uenoebisumachi Bensheim An Bensheim Kyzylorda Bensheim Bang Bensheim RueilMalmaison Bensheim Dyatkovo Bensheim PointeClaire Bensheim Casa Bisceglie Foshan Ilesa
100
Jagna Jagna
Sishui Sishui
Milagro Milagro
Claremont Claremont
Palm Palm
Talipparamba Talipparamba
Aklera Aklera
Sillanwali Sillanwali
Milledgeville Milledgeville
Ada Ada
Tyoply Tyoply
Bavly Bavly
Mexborough Mexborough
Sceaux Sceaux
Foshan Foshan
Valletta Valletta
Resplendor Resplendor
Brunswick Brunswick
Stuttgart Stuttgart
Stupino Stupino
Bensheim Bensheim
Alexandria Alexandria
Sirsi Sirsi
New New
Malden Malden
Chacabuco Chacabuco
Azrou Azrou
Perth Perth
Bogovinje Bogovinje
Oberhausen Oberhausen
UlanUde UlanUde
Palafrugell Palafrugell
Polohy Polohy
Tak Tak
Campobasso Campobasso
Yingkou Yingkou
Zaozhuang Zaozhuang
Skalica Skalica
Ilesa Ilesa
Calauan Calauan
Tiruppuvanam Tiruppuvanam
Shagamu Shagamu
Gariadhar Gariadhar
Ventimiglia Ventimiglia
Shaowu Shaowu
Aurora Aurora
Landshut Landshut
Tupelo Tupelo
Guli Guli
Davis Davis
Ramla Ramla
Barracas Barracas
An An
Bobigny Bobigny
Bang Bang
Toledo Toledo
Rhosllanerchrugog Rhosllanerchrugog
PortVila PortVila
PointeClaire PointeClaire
MitryMory MitryMory
Meizhou Meizhou
Memmingen Memmingen
Itacoatiara Itacoatiara
Viewpark Viewpark
Rutland Rutland
Mouscron Mouscron
Niort Niort
Tupiza Tupiza
Lille Lille
Magomeni Magomeni
Sorsogon Sorsogon
Puerto Puerto
Great Great
Brzeg Brzeg
Valday Valday
American American
DehiwalaMount DehiwalaMount
Hermsdorf Hermsdorf
Clermont Clermont
Aleshtar Aleshtar
Villaquilambre Villaquilambre
Marburg Marburg
Jiangyan Jiangyan
Lodwar Lodwar
Jashpurnagar Jashpurnagar
Onex Onex
Alfenas Alfenas
Bon Bon
Uran Uran
Ponta Ponta
Copperas Copperas
LonsleSaunier LonsleSaunier
Oulmes Oulmes
Kyzylorda Kyzylorda
Tharu Tharu
Puducherry Puducherry
WaltonontheNaze WaltonontheNaze
Paredes Paredes
Dahlem Dahlem
GernikaLumo GernikaLumo
