Lesnoy Visitacion Rutherglen Schwalmtal Rutherglen Adra Beveren GatesNorth Beveren Hofheim Beveren Vahdat Beveren Stade Taozhuang Reutlingen Beveren Artur Beveren Zgorzelec Beveren Edremit Adra Visitacion Aloha Visitacion Malaut Hueytown Hudiksvall Andijon Gisborne Meerut Barras Gisborne Ken Gisborne Ponta Kundla Ponta Gisborne Dharmapuri Gisborne Winsford Sungurlu Palmeira Glogovac Andijon Yangambi Hudiksvall Jerada Fort Jerada Hudiksvall Herblay Hudiksvall Blackpool Hudiksvall Elamanchili Hudiksvall Portogruaro Hueytown Sun East Palafrugell Hueytown Brentwood Hueytown Franceville Kot Franceville Hueytown Norco Hueytown Pingyi Tak Pingyi Malaut Visitacion Ishim Kahului Ishim Visitacion Svatove Visitacion Lesnoy
25
Hudiksvall Hudiksvall
Rutherglen Rutherglen
Dharmapuri Dharmapuri
Artur Artur
Meerut Meerut
Kundla Kundla
Visitacion Visitacion
Sun Sun
Zgorzelec Zgorzelec
Ishim Ishim
Malaut Malaut
Pingyi Pingyi
Hueytown Hueytown
Stade Stade
Sungurlu Sungurlu
Glogovac Glogovac
Gisborne Gisborne
GatesNorth GatesNorth
Blackpool Blackpool
Lesnoy Lesnoy
Winsford Winsford
Portogruaro Portogruaro
Franceville Franceville
Brentwood Brentwood
Yangambi Yangambi
