108 30 102 30 121 30 108 69 47 51 7 51 101 170 49 170 54 170 51 47 66 21 12 21 158 60 63 158 21 163 46 32 46 72 163 61 8 61 17 67 17 61 120 112 126 10 126 112 120 61 163 162 44 13 79 36 79 13 89 9 89 180 44 194 162 163 171 138 47 87 47 133 20 31 38 88 38 107 38 190 116 109 16 91 109 76 2 50 95 68 85 141 95 179 157 15 157 40 59 179 50 2 105 4 178 34 48 6 23 129 23 131 140 43 86 43 140 80 3 139 65 74 41 65 139 106 84 183 146 183 84 196 92 94 197 58 124 11 193 22 147 52 125 52 147 193 39 160 145 33 145 39 193 73 134 73 189 56 151 97 128 55 143 55 62 128 151 56 82 42 18 37 53 90 93 45 127 26 5 81 132 144 132 81 174 19 70 19 98 19 111 174 188 35 14 35 168 153 127 45 185 154 103 0 136 103 29 103 154 185 173 45 115 169 115 93 90 96 57 90 64 37 18 42 82 71 104 71 82 189 177 186 155 122 197 137 197 192 123 192 152 182 148 176 159 191 100 191 117 24 117 25 142 114 142 25 117 172 99 191 118 113 184 113 118 191 181 28 165 27 165 167 156 187 196 84 106 166 164 166 131 6 135 83 6 34 149 1 149 178 78 130 178 105 161 77 110 75 150 75 110 119 77 105 195 105 2 175 2 76 109 108
97
188 188
7 7
39 39
67 67
99 99
48 48
54 54
114 114
129 129
37 37
176 176
57 57
19 19
95 95
153 153
26 26
121 121
100 100
142 142
184 184
137 137
46 46
63 63
64 64
14 14
126 126
186 186
24 24
117 117
151 151
118 118
11 11
181 181
148 148
61 61
78 78
81 81
66 66
69 69
44 44
34 34
144 144
110 110
68 68
187 187
128 128
136 136
157 157
23 23
35 35
107 107
182 182
134 134
13 13
17 17
79 79
138 138
45 45
1 1
83 83
49 49
190 190
75 75
56 56
197 197
150 150
65 65
77 77
140 140
82 82
109 109
31 31
36 36
133 133
15 15
38 38
5 5
43 43
179 179
96 96
120 120
84 84
130 130
167 167
177 177
71 71
85 85
73 73
28 28
53 53
174 174
92 92
146 146
143 143
170 170
101 101
32 32
