1 2 12 2 13 2 24 2 25 2 36 2 37 2 48 2 49 2 60 2 61 2 72 2 73 2 84 2 85 2 96 2 1 4 3 5 6 5 7 5 18 5 19 5 30 5 31 5 42 5 43 5 54 5 55 5 66 5 67 5 78 5 79 5 90 5 91 5 3 8 3 9 3 16 3 17 3 20 3 21 3 28 3 29 3 32 3 33 3 40 3 41 3 44 3 45 3 52 3 53 3 56 3 57 3 64 3 65 3 68 3 69 3 76 3 77 3 80 3 81 3 88 3 89 3 92 3 93 3 4 10 4 15 4 22 4 27 4 34 4 39 4 46 4 51 4 58 4 63 4 70 4 75 4 82 4 87 4 94 11 1 14 1 23 1 26 1 35 1 38 1 47 1 50 1 59 1 62 1 71 1 74 1 83 1 86 1 95 1
49
74 74
47 47
12 12
87 87
65 65
25 25
92 92
78 78
5 5
34 34
48 48
77 77
6 6
79 79
67 67
33 33
46 46
16 16
49 49
30 30
56 56
7 7
22 22
93 93
94 94
91 91
10 10
18 18
50 50
90 90
2 2
21 21
86 86
83 83
39 39
8 8
32 32
84 84
19 19
54 54
57 57
29 29
11 11
59 59
95 95
42 42
36 36
89 89
28 28
