1 2 12 2 13 2 24 2 25 2 36 2 37 2 48 2 49 2 60 2 61 2 72 2 73 2 84 2 85 2 96 2 97 2 108 2 109 2 120 2 121 2 132 2 133 2 144 2 145 2 156 2 157 2 168 2 169 2 180 2 181 2 192 2 1 4 3 5 6 5 7 5 18 5 19 5 30 5 31 5 42 5 43 5 54 5 55 5 66 5 67 5 78 5 79 5 90 5 91 5 102 5 103 5 114 5 115 5 126 5 127 5 138 5 139 5 150 5 151 5 162 5 163 5 174 5 175 5 186 5 187 5 3 8 3 9 3 16 3 17 3 20 3 21 3 28 3 29 3 32 3 33 3 40 3 41 3 44 3 45 3 52 3 53 3 56 3 57 3 64 3 65 3 68 3 69 3 76 3 77 3 80 3 81 3 88 3 89 3 92 3 93 3 100 3 101 3 104 3 105 3 112 3 113 3 116 3 117 3 124 3 125 3 128 3 129 3 136 3 137 3 140 3 141 3 148 3 149 3 152 3 153 3 160 3 161 3 164 3 165 3 172 3 173 3 176 3 177 3 184 3 185 3 188 3 189 3 4 10 4 15 4 22 4 27 4 34 4 39 4 46 4 51 4 58 4 63 4 70 4 75 4 82 4 87 4 94 4 99 4 106 4 111 4 118 4 123 4 130 4 135 4 142 4 147 4 154 4 159 4 166 4 171 4 178 4 183 4 190 11 1 14 1 23 1 26 1 35 1 38 1 47 1 50 1 59 1 62 1 71 1 74 1 83 1 86 1 95 1 98 1 107 1 110 1 119 1 122 1 131 1 134 1 143 1 146 1 155 1 158 1 167 1 170 1 179 1 182 1 191 1
96
2 2
4 4
5 5
6 6
8 8
10 10
11 11
12 12
14 14
16 16
17 17
18 18
20 20
22 22
23 23
24 24
26 26
28 28
29 29
30 30
32 32
34 34
35 35
36 36
38 38
40 40
41 41
42 42
44 44
46 46
47 47
48 48
50 50
52 52
53 53
54 54
56 56
58 58
59 59
60 60
62 62
64 64
65 65
66 66
68 68
70 70
71 71
72 72
74 74
76 76
77 77
78 78
80 80
82 82
83 83
84 84
86 86
88 88
89 89
90 90
92 92
94 94
95 95
96 96
98 98
100 100
101 101
102 102
104 104
106 106
107 107
108 108
110 110
112 112
113 113
114 114
116 116
118 118
119 119
120 120
122 122
124 124
125 125
126 126
128 128
130 130
131 131
132 132
134 134
136 136
137 137
138 138
140 140
142 142
143 143
144 144
