create appear feign deck feign create childish company childish knit tribe car top scrap cancel hide accessible leash mosaic leash accessible top snap traction shelter farewell pupil shelter suffer childish seller belief dose belief seller equinox east gift crew east makeup absorption homosexual east thank magnetic childish deter ballot desk deter integrated childish create glide creation berry creation glide denial partnership community partnership valid denial huge linear huge lobby wrong dilemma formation skip tin work fuss magnitude perception nationalism thread battery concern battery thread minimize adult breakin bracket pride bracket salmon bracket fortune bracket breakin dialect think mind colon offensive inhibition vote pastel merit vote direct exotic direct domestic bring steward predict whole basketball celebration mind maze present prove present mind trance loud mechanism dedicate line perception craftsman transmission craftsman dramatic glide transaction contract create rabbit create
50
merit merit
hide hide
predict predict
fuss fuss
direct direct
contract contract
scrap scrap
accessible accessible
linear linear
pride pride
crew crew
creation creation
community community
prove prove
think think
battery battery
celebration celebration
nationalism nationalism
adult adult
tin tin
feign feign
farewell farewell
bracket bracket
exotic exotic
ballot ballot
steward steward
perception perception
concern concern
cancel cancel
breakin breakin
colon colon
childish childish
dose dose
transmission transmission
magnitude magnitude
suffer suffer
top top
absorption absorption
skip skip
basketball basketball
pupil pupil
deck deck
appear appear
belief belief
pastel pastel
maze maze
minimize minimize
mechanism mechanism
company company
line line
