pride thank equinox thank large dairy leash dairy pull prove basketball bring appear prove tourist crackpot exotic reach concern veteran breakin coerce stroke whole introduce whole mean preoccupation crew leave preoccupation makeup democratic notorious absorption farewell identification top dialect desk bulb hypothesize notorious circle inhibition present formation present freckle direct merit dose merit tease community tease glide bracket freckle shelter national knit number salmon transform tumble preoccupation pawn smile linear smile celebration loud hide fortune offensive discrimination deck incentive deck stick deck discrimination feign wear import dilemma import linen laundry soul car witness car soul sight soul combine discrimination offensive federation loud integrated mosaic integrated supply illustrate maze illustrate dramatic price service create understanding ballot cheat predict understanding denial bother denial grind create scholar unique eyebrow domestic accessible scatter difference fuss minimize fuss confidence childish fault seller skip battery seller steward thread stunning science thread confidence sea difference craftsman contract belief sacrifice belief contract snap trance snap contract deter smile pawn mean stadium creation exit adult volunteer administration wrong lobby inappropriate chaos trick mechanism chaos lobby wrong huge rock favorable magnetic nationalism volunteer alcohol contrary alcohol volunteer exit magnitude stadium mind tin camp mind gift line suffer withdraw tribe deficit ceiling company vote transaction vote company shed mind courtesy suspect reach campaign auditor pastel cancel perception requirement cancel pity homosexual pity work colon traction mouse father clear mouse traction colon valid work rabbit sensitivity work stubborn pupil partnership beam pioneer element addition east frozen think addition dedicate knife dedicate addition straighten element pioneer pity exotic plug scrap berry scheme struggle different plug exotic continental transmission preference distinct preference chief pride
100
transmission transmission
farewell farewell
trance trance
pride pride
mind mind
magnitude magnitude
predict predict
car car
prove prove
community community
lobby lobby
adult adult
vote vote
dramatic dramatic
create create
think think
mechanism mechanism
ballot ballot
tin tin
feign feign
crew crew
battery battery
makeup makeup
salmon salmon
work work
thank thank
nationalism nationalism
partnership partnership
tribe tribe
dose dose
east east
breakin breakin
homosexual homosexual
absorption absorption
scrap scrap
valid valid
seller seller
glide glide
loud loud
berry berry
leash leash
wrong wrong
mosaic mosaic
minimize minimize
company company
hide hide
accessible accessible
equinox equinox
skip skip
belief belief
fuss fuss
fortune fortune
suffer suffer
knit knit
rabbit rabbit
integrated integrated
deter deter
exotic exotic
gift gift
magnetic magnetic
top top
pupil pupil
pastel pastel
bracket bracket
craftsman craftsman
merit merit
colon colon
dedicate dedicate
dialect dialect
dilemma dilemma
traction traction
transaction transaction
domestic domestic
huge huge
maze maze
denial denial
concern concern
present present
creation creation
perception perception
cancel cancel
basketball basketball
deck deck
appear appear
contract contract
snap snap
whole whole
desk desk
steward steward
linear linear
direct direct
inhibition inhibition
shelter shelter
formation formation
childish childish
celebration celebration
bring bring
line line
thread thread
offensive offensive
