steward childish belief deck bracket feign pastel feign direct community company hide concern hide company perception company colon absorption basketball exotic transmission exotic dose line appear line think tin pride mechanism dose absorption breakin minimize maze top minimize breakin accessible celebration magnitude breakin direct contract suffer scrap linear nationalism creation pupil battery creation suffer merit suffer contract direct feign fuss deck cancel belief skip adult farewell belief prove predict belief childish ballot crew ballot steward
25
battery battery
appear appear
adult adult
think think
minimize minimize
linear linear
ballot ballot
farewell farewell
tin tin
childish childish
pastel pastel
community community
concern concern
top top
hide hide
perception perception
creation creation
exotic exotic
belief belief
basketball basketball
company company
scrap scrap
crew crew
skip skip
deck deck
