1 2 5 3 4 38 3 39 40 41 40 39 3 1 6 7 42 7 8 9 6 1 10 11 12 13 10 14 15 16 17 1 18 19 20 21 1 22 23 24 25 24 43 24 22 36 22 1 26 27 28 29 31 30 29 46 47 48 49 48 47 46 29 28 26 1 32 33 34 35 34 32 44 32 45 32 1 37 1 50 51 52 55 53 54 52 51 50 1 56 57 58 59 56 1 60 61 62 63 60 1 64 65 66 67 1 68 69 70 71 1 72 73 74 75 72 1 76 77 78 79 81 80 79 78 77 76 1
40
3 3
4 4
5 5
7 7
8 8
9 9
11 11
12 12
13 13
15 15
16 16
17 17
19 19
20 20
21 21
23 23
24 24
25 25
28 28
30 30
53 53
54 54
55 55
57 57
58 58
59 59
61 61
62 62
63 63
65 65
66 66
67 67
69 69
70 70
71 71
73 73
74 74
75 75
78 78
80 80
