1 2 5 3 4 3 38 3 39 40 41 40 39 3 2 1 6 7 42 7 8 9 6 1 10 11 12 13 10 1 14 15 16 17 14 1 18 19 20 21 18 1 22 23 24 25 24 43 24 22 36 22 1 26 27 28 29 31 30 29 46 47 48 49 48 47 46 29 28 27 26 1 32 33 34 35 34 33 32 44 32 45 32 1 37 1 50 51 52 55 53 54 53 88 53 89 90 91 90 89 53 52 51 50 1 56 57 92 57 58 59 56 1 60 61 62 63 60 1 64 65 66 67 64 1 68 69 70 71 68 1 72 73 74 75 74 93 74 72 86 72 1 76 77 78 79 81 80 79 96 97 98 99 98 97 96 79 78 77 76 1 82 83 84 85 84 83 82 94 82 95 82 1 87 1 100 101 102 105 103 104 103 138 103 139 140 141 140 139 103 102 101 100 1 106 107 142 107 108 109 106 1 110 111 112 113 110 1 114 115 116 117 114 1 118 119 120 121 118 1 122 123 124 125 124 143 124 122 136 122 1 126 127 128 129 131 130 129 146 147 148 149 148 147 146 129 128 127 126 1 132 133 134 135 134 133 132 144 132 145 132 1 137 1 150 151 152 155 153 154 153 188 153 189 190 191 190 189 153 152 151 150 1 156 157 192 157 158 159 156 1 160 161 162 163 160 1 164 165 166 167 164 1 168 169 170 171 168 1 172 173 174 175 174 193 174 172 186 172 1 176 177 178 179 181 180 179 196 197 198 199 198 197 196 179 178 177 176 1 182 183 184 185 184 183 182 194 182 195 182 1 187 1
80
3 3
4 4
5 5
7 7
8 8
9 9
11 11
12 12
13 13
15 15
16 16
17 17
19 19
20 20
21 21
23 23
24 24
25 25
28 28
30 30
53 53
54 54
55 55
57 57
58 58
59 59
61 61
62 62
63 63
65 65
66 66
67 67
69 69
70 70
71 71
73 73
74 74
75 75
78 78
80 80
103 103
104 104
105 105
107 107
108 108
109 109
111 111
112 112
113 113
115 115
116 116
117 117
119 119
120 120
121 121
123 123
124 124
125 125
128 128
130 130
153 153
154 154
155 155
157 157
158 158
159 159
161 161
162 162
163 163
165 165
166 166
167 167
169 169
170 170
171 171
173 173
174 174
175 175
178 178
180 180
