0 1 2 3 4 9 8 14 19 14 8 7 13 18 24 29 24 18 13 7 6 12 17 23 28 34 39 34 28 23 17 12 6 5 10 15 20 25 30 35 40 45 50 55 60 65 70 75 80 85 90 95 91 96 91 85 81 86 92 97 92 86 81 75 71 76 82 87 93 98 93 87 82 76 71 65 61 66 72 77 83 88 94 99 94 88 83 77 72 66 61 55 51 56 62 67 73 78 84 89 84 78 73 67 62 56 51 45 41 46 52 57 63 68 74 79 74 68 63 57 52 46 41 35 31 36 42 47 53 58 64 69 64 58 53 47 42 36 31 25 21 26 32 37 43 48 54 59 54 48 43 37 32 26 21 15 11 16 22 27 33 38 44 49 44 38 33 27 22 16 11 5 0
50
89 89
10 10
64 64
66 66
83 83
46 46
61 61
35 35
0 0
99 99
18 18
43 43
44 44
39 39
63 63
94 94
70 70
24 24
92 92
37 37
17 17
45 45
11 11
38 38
3 3
34 34
29 29
20 20
47 47
85 85
96 96
52 52
55 55
65 65
49 49
90 90
41 41
8 8
91 91
13 13
57 57
2 2
30 30
69 69
5 5
7 7
48 48
6 6
21 21
16 16
