0 79 181 112 53 13 70 92 59 73 5 90 109 65 168 179 102 98 198 122 91 192 140 58 34 37 22 67 149 6 174 100 190 64 45 74 38 195 11 48 107 129 86 44 87 128 130 172 153 68 60 50 157 17 29 75 54 61 41 125 151 33 147 25 105 141 101 156 121 171 154 164 39 15 189 127 194 133 14 131 28 123 155 114 162 177 72 191 148 99 175 117 9 134 71 81 184 83 146 145 136 180 187 21 16 46 40 66 161 42 18 82 4 111 56 97 139 185 80 76 35 47 167 32 7 115 93 163 160 96 55 62 63 94 69 124 150 176 183 178 3 137 12 43 49 158 2 27 36 51 135 108 197 1 84 169 104 165 186 188 120 170 89 20 8 52 77 85 95 110 132 126 166 199 19 24 103 118 31 57 10 30 23 116 143 182 196 26 78 193 88 159 173 144 106 119 113 142 152 138 0
100
0 0
1 1
2 2
3 3
4 4
5 5
6 6
7 7
8 8
9 9
10 10
11 11
12 12
13 13
14 14
15 15
16 16
17 17
18 18
19 19
20 20
21 21
22 22
23 23
24 24
25 25
26 26
27 27
28 28
29 29
30 30
31 31
32 32
33 33
34 34
35 35
36 36
37 37
38 38
39 39
40 40
41 41
42 42
43 43
44 44
45 45
46 46
47 47
48 48
49 49
50 50
51 51
52 52
53 53
54 54
55 55
56 56
57 57
58 58
59 59
60 60
61 61
62 62
63 63
64 64
65 65
66 66
67 67
68 68
69 69
70 70
71 71
72 72
73 73
74 74
75 75
76 76
77 77
78 78
79 79
80 80
81 81
82 82
83 83
84 84
85 85
86 86
87 87
88 88
89 89
90 90
91 91
92 92
93 93
94 94
95 95
96 96
97 97
98 98
99 99
