CH CV BW AQ DN AK DN AP DN BY DN DA AH AG AO AM BZ AA BZ AN BZ AO AU DJ AU AO AG CN AJ AF AJ AR AJ BR CE BH DF BH CE BO CE CI BR DO AB DO BR AJ CN DU CQ DU CN AG AH DA BF DA BP DA DN AQ BW DI BW CV CJ BA DC BA DL AT AD BL AD BV AE BV AD CG AD CM AV AS AV DK AV BC CS CM CY DB CY AD AT BJ AT CO BG CO DH CO DM CB DM CL AX BS AX CU AX CL DM CO AT CR AT DR AZ BE BT DP BI DP BT DQ AC BT BE AZ DR CA DR CF AW CK AW CF BD AY BD DV BD CF CW CF CZ CD CZ CT CZ DD CZ DR AT DL DE DL BA DT AI BQ AI BX BB BN BX CC BX AI CP DT AL DT DS BU BK BU DS DG DS BA CJ BM CJ CX CJ CV CH
50
BS BS
CQ CQ
DM DM
BL BL
DO DO
AT AT
DB DB
CU CU
DU DU
DV DV
AY AY
CB CB
BN BN
DP DP
AN AN
CN CN
CF CF
AV AV
BC BC
DI DI
DD DD
BG BG
DL DL
BZ BZ
CW CW
CL CL
CP CP
DQ DQ
CD CD
AJ AJ
AZ AZ
BY BY
CA CA
AU AU
AM AM
BU BU
CS CS
AL AL
CV CV
DG DG
CZ CZ
BV BV
AP AP
DC DC
AF AF
BI BI
BP BP
BF BF
BD BD
DF DF
