Qatar Albania France Andorra France Albania Nicaragua Albania Qatar America India Uruguay Armenia Mongolia Azerbaijan Jamaica Azerbaijan Mongolia Pakistan Kuwait Tanzania UAE Iceland GuineaBissau Rwanda Estonia Mongolia Peru Laos Oman UnitedKingdom Fiji Uruguay Mexico Kosovo Colombia Uruguay Philippines Uruguay Portugal Mozambique Sweden Uruguay DemCongo Uruguay Danzig Paraguay Uruguay Liberia Uzbekistan Uruguay NewZealand Bhutan Iran Malta Swaziland Palau India Benin India Qatar CentralAfricanRep Bulgaria Uganda Grenada Qatar Newfoundland Qatar Argentina Qatar Australia Serbia MarshallIslands VaticanCity CzechRepublic RussianFederation MarshallIslands ElSalvador MarshallIslands SouthAfrica Morocco MarshallIslands Syria MarshallIslands Serbia Kyrgyzstan Mali Serbia Indonesia Somalia Indonesia Turkmenistan Indonesia Angola Cambodia Serbia Tuvalu Guyana Madagascar Gabon Lebanon Bolivia CostaRica Tunisia Serbia DomRepublic Serbia Australia Qatar Netherlands Qatar Cuba Tajikistan Burundi Qatar SierraLeone Senegal Chad Montenegro Qatar Georgia Tonga Qatar Haiti EastTimor Belarus Honduras Qatar SanMarino Qatar Macedonia Dominica Qatar Comoros Qatar Belgium GazaStrip Egypt SaintLucia Singapore DemofChina Qatar
50
Belarus Belarus
Peru Peru
Nicaragua Nicaragua
Gabon Gabon
Haiti Haiti
Tajikistan Tajikistan
Mongolia Mongolia
Danzig Danzig
Morocco Morocco
Liberia Liberia
UAE UAE
Armenia Armenia
Australia Australia
Estonia Estonia
Sweden Sweden
Montenegro Montenegro
RussianFederation RussianFederation
Egypt Egypt
France France
CostaRica CostaRica
Senegal Senegal
SierraLeone SierraLeone
DemofChina DemofChina
Kosovo Kosovo
Netherlands Netherlands
UnitedKingdom UnitedKingdom
Macedonia Macedonia
Singapore Singapore
Mozambique Mozambique
Belgium Belgium
Angola Angola
Guyana Guyana
Tanzania Tanzania
Uzbekistan Uzbekistan
Mali Mali
SanMarino SanMarino
GuineaBissau GuineaBissau
Tunisia Tunisia
VaticanCity VaticanCity
Malta Malta
Lebanon Lebanon
Tuvalu Tuvalu
Albania Albania
Kyrgyzstan Kyrgyzstan
America America
Burundi Burundi
Andorra Andorra
SaintLucia SaintLucia
Georgia Georgia
CzechRepublic CzechRepublic
