Albania Brunei Canada Swaziland Netherlands Vietnam Nauru Ethiopia Bhutan Vietnam CapeVerde Vietnam Liechtenstein TrinidadTobago Vietnam Colombia Peru Vietnam BosHerzegovina Vietnam Afghanistan Vietnam Ecuador Syria Vietnam Macedonia Vietnam Italy TheGambia Vietnam Bolivia Benin Micronesia Vietnam Netherlands Paraguay Vanuatu Eritrea Vanuatu Newfoundland Cuba Iran Vanuatu Paraguay Burkina Finland Norway RussianFederation Niger Paraguay Thailand Indonesia Portugal Grenada Paraguay Nigeria Paraguay Belgium Paraguay Jamaica Lesotho Paraguay Barbados Paraguay Netherlands Latvia Dominica Namibia Serbia Namibia Netherlands Uzbekistan Netherlands Liberia Haiti Fiji Netherlands Uganda Netherlands SaintVincent SaintLucia Burma Israel Romania Bangladesh Netherlands DemCongo Netherlands Panama Turkmenistan Djibouti Tunisia Netherlands SouthAfrica Netherlands Bulgaria Netherlands SriLanka IvoryCoast Yemen Mozambique Netherlands Montenegro Netherlands Palau Netherlands Austria Kosovo Netherlands Maldives SolomonIslands CentralAfricanRep Netherlands Danzig Togo DomRepublic Guyana Rome Netherlands Zimbabwe Oman Tuvalu Kazakhstan NewZealand Philippines Netherlands Nepal UnitedKingdom Senegal Netherlands GuineaBissau Netherlands Laos Australia Guinea Bahrain GazaStrip France Libya Ukraine Tonga Denmark Swaziland Hungary Swaziland Canada Uruguay Kyrgyzstan Uruguay Pakistan Uruguay Mauritius Uruguay Kiribati Uruguay Sweden Switzerland Uruguay CostaRica Uruguay Angola Venezuela Canada Jordan Canada Malta Iceland Canada DemofChina Canada Tajikistan Luxembourg Canada Rwanda Canada Bahamas Canada EquatorGuinea Canada Kenya Guatemala Canada Taiwan MarshallIslands Samoa Canada Cameroon AntiguaDeps Monaco Algeria Madagascar EastTimor Canada Honduras Canada Mongolia Spain Burundi Belarus Canada Cambodia Canada Belize Somalia Canada Mexico Sudan Canada Botswana Canada Morocco Japan Brunei Turkey Brunei Armenia Malawi Albania Gabon Georgia Albania Comoros Albania SouthKorea Chad Ghana MountAthos Estonia VaticanCity Qatar Mauritania Nicaragua Albania Germany Albania SaoTomPrincipe Singapore UAE NorthKorea Cyprus Albania America SierraLeone Albania Iraq Chile Albania SanMarino Albania Egypt Zambia Albania ElSalvador India Suriname Albania Seychelles Albania Kuwait Albania PapuaNewGuinea Greece Albania Lithuania Poland Azerbaijan Tanzania SaintKitts Albania Argentina RepCongo Andorra Albania SaudiArabia Lebanon Brazil Albania Mali Albania Croatia CzechRepublic RepIreland Malaysia Albania Moldova Slovakia Slovenia Albania
100
Bahamas Bahamas
Malaysia Malaysia
Rome Rome
Burkina Burkina
SolomonIslands SolomonIslands
IvoryCoast IvoryCoast
BosHerzegovina BosHerzegovina
Andorra Andorra
VaticanCity VaticanCity
EquatorGuinea EquatorGuinea
Djibouti Djibouti
Mauritania Mauritania
Pakistan Pakistan
Bulgaria Bulgaria
Thailand Thailand
Nepal Nepal
Estonia Estonia
Italy Italy
Comoros Comoros
Kosovo Kosovo
Norway Norway
Algeria Algeria
Panama Panama
Eritrea Eritrea
Mongolia Mongolia
UnitedKingdom UnitedKingdom
Peru Peru
Mauritius Mauritius
Laos Laos
Luxembourg Luxembourg
Belarus Belarus
Paraguay Paraguay
America America
Brazil Brazil
MountAthos MountAthos
Dominica Dominica
Philippines Philippines
CapeVerde CapeVerde
Niger Niger
Latvia Latvia
Cyprus Cyprus
Burma Burma
SierraLeone SierraLeone
Kazakhstan Kazakhstan
Cambodia Cambodia
Japan Japan
Portugal Portugal
Danzig Danzig
Jamaica Jamaica
Tunisia Tunisia
Qatar Qatar
Argentina Argentina
Chile Chile
Tanzania Tanzania
Kiribati Kiribati
Germany Germany
Ukraine Ukraine
Australia Australia
Yemen Yemen
France France
Newfoundland Newfoundland
Slovenia Slovenia
Lesotho Lesotho
CentralAfricanRep CentralAfricanRep
Romania Romania
Bhutan Bhutan
Ethiopia Ethiopia
NorthKorea NorthKorea
SaintLucia SaintLucia
Gabon Gabon
Hungary Hungary
SaintKitts SaintKitts
Vanuatu Vanuatu
SaudiArabia SaudiArabia
Grenada Grenada
SaoTomPrincipe SaoTomPrincipe
Rwanda Rwanda
RussianFederation RussianFederation
Guatemala Guatemala
UAE UAE
SriLanka SriLanka
Cuba Cuba
Togo Togo
Poland Poland
Israel Israel
Switzerland Switzerland
Seychelles Seychelles
Venezuela Venezuela
NewZealand NewZealand
PapuaNewGuinea PapuaNewGuinea
Finland Finland
Mali Mali
TheGambia TheGambia
Greece Greece
Suriname Suriname
Liechtenstein Liechtenstein
Lithuania Lithuania
Serbia Serbia
Maldives Maldives
Fiji Fiji
