Nepal Georgia GuineaBissau Argentina Liechtenstein SriLanka Iceland UnitedKingdom Iceland Belarus Azerbaijan Slovenia Ecuador Estonia Newfoundland Vietnam Palau Afghanistan Panama Bahrain Mauritius DemCongo Jamaica SouthAfrica Kuwait SouthAfrica Afghanistan Fiji Botswana Fiji SaintLucia Poland Vietnam UAE Seychelles Vietnam Serbia RepCongo Niger Vietnam Belgium Gabon CentralAfricanRep Suriname CentralAfricanRep Newfoundland Taiwan Newfoundland BosHerzegovina NewZealand TheGambia MarshallIslands TheGambia VaticanCity Tajikistan Slovakia NewZealand BosHerzegovina Newfoundland Australia Estonia Ghana Tanzania Liechtenstein Argentina Nepal Rome Bulgaria Nepal
25
Azerbaijan Azerbaijan
Tajikistan Tajikistan
VaticanCity VaticanCity
Estonia Estonia
Botswana Botswana
UAE UAE
Serbia Serbia
NewZealand NewZealand
Belarus Belarus
Tanzania Tanzania
Georgia Georgia
Panama Panama
Suriname Suriname
Fiji Fiji
Argentina Argentina
Vietnam Vietnam
Niger Niger
MarshallIslands MarshallIslands
Afghanistan Afghanistan
Slovakia Slovakia
Palau Palau
Liechtenstein Liechtenstein
Mauritius Mauritius
Kuwait Kuwait
SaintLucia SaintLucia
