Mf966TmCJF9l0PTKetVd dOWv4G57nxm9UArCvQlq tH0lbMmdJDVlC4Pr7uAb lfkDpy0Dzjb65M4poJ5N NtZncVsU7O40k1BXousH aH2XDl7CjGFhEP3bbYjH ZQab4dDWTHUWkDUJqBSO NtZncVsU7O40k1BXousH U480q7KMBV6u0CxF9qHV aU4DeG46NC8vRU6N0ahg dlI05mdojdMEdSLIkWsG N7mkTpLI9Mgh0txBOflw lfkDpy0Dzjb65M4poJ5N QMfugTdL8cMnu7owJzpL S0PhmGw8tyUPzxvRSE5R jSyASeaGB6ErFY6XJcnd XM2epDdQlzVNrldkM9rh OGxA8YvD4WfIxOfmtWm4 vWQ9gSPmhR2i5UglG1Cy jXruIBVvU1ZXoT4EkgxD vWQ9gSPmhR2i5UglG1Cy 9vP489zmTCThBqN2SC1r f3aTBneDuZi0oYXARvcm BPT5ZnXHY4PLKTlszS8H jsxdUxf9Osj1u9ZOfA8H Ic20PkDM6xxefUTvJEIQ 17QNzmQeHZetXwmICrNB yk5giKs9pvqErT2HCEPA JfzkldRR1w0Y52KBg47D GpiOM4ynWttgV8VgylA9 JfzkldRR1w0Y52KBg47D 5xTj2bwtAGxne1OvovYf tQezqRP7sIoxGpSN4jn9 GzkbHop7cJv0CvjQalTE MgfIiwMElh8mtTDc3OTG ny999OXXkLqLzEchYJti WDY5ApSXtzd8TcqEYyFr 2bMCdMiNzTpm8a2kNe9G trOoQ3enuOI8GUJqwAMC flliQzyn5hSC8yLOMyYJ rzYdrZxXnbXlOjFVWVaR 3Kf7NbRAPMqHxYOVsqnT wyZ3Q4gHyaxpdYdezyjU 4CVQrsejmjPmVL7elf2w 26qGQxnCCbJ2EOhN7Gcj 5ebtvAsyAh8vEmm1Z3wm Y5ZKsuPbCDUQp5LjPNey fBow0nU9fNO0JnF2yfaM QtUoaFUFBMw7V9DHgrcf KKiBHd9DTQAd6AZYxlK3 fBow0nU9fNO0JnF2yfaM NTeJtbm5gSnTWXQ3LvSI 3Yod5nNtIcKNmTtNQ3xH wtlCpdxHbUUmSY7DnD2u 3T9xfmao9oirmnybMmQj lbdkv57MCZ97lfIXEhIW JWE9kJZ3fUSBbRtkVScl abfQYXbANnzx1AWQXKif BLgd9OLqnPIJY5LCIxDK OUMbAfpzy5GRzgDEKokb ZPAxEbVjKWTr0cDqLbA0 1EtrR5H9A3TMUPS71hPl WZxeHszJ2ShfYgJs53YV Xucw5TdPOzp0SQGWHjkE DMIhznlgV4TccTaZ33Ir 0O3lDJvzYSiuZNzHimQX fsor2KpQJ6EjVccpDv9W cQteqX6tIl3ToXV5rCSz RqcyjsZaW5Whm3g5SmeN kVdbGuYm0jD2q8vsLFHY KXqYiLdUxtSnooxFj1Ib fmXI2fiRDKGKDk7Lczzs AjMqEYKq0eELwsiEhQNE Q4jkxyPtGKis0eXik3Gg TBEGhhvsdStRJh2Eqkyf Ad4iMaOuAofXNjJzNKWl sSdPSXUotKahf03SRnBn q4ugkwSY6ViNm0c39aSs CLNCAWQgYnzuvt7RChAf abfQYXbANnzx1AWQXKif a6uUA0TEdnZwD1b73O9r 7ArLVA3N0doHBQAlCDtl KCy3uvDFe4h3kwRgxFiX vXEVHH4q4UMva6wWns8S XTp3YhYjdFwpfCd1sHBr rOZoFnpTntC6wvysu9Xh lW4ZBzIV5QnNgb3BgJPj ydEppVwK15UN0USyP00U IwnN6xRahpjWnxZTYR2F Hpniux0SkkA6CliHWNDc p6bp9pYgtaGo4Q50DQAM TmdW4dU59umpgT9XX8G3 Hpniux0SkkA6CliHWNDc 4c7jdZfXlaPz4IZbgKcx sJyumTmEoi4MWbaRoNlm ksXyQQNO2sSJacUypI8V 1wZce3qjltyIzzlL1Zfw u4VGAkqq00Jhej3knMJI WQlZty1AKP9gLfjz0EYW A92K5Cd1GT55aemqW0vQ sJyumTmEoi4MWbaRoNlm 2Ya6qX2a8hTrk7y5kV3V wgaIQdSLkfrgCwxikw7V 0avddYNUUSifDVnh6Pkn BcvYB1mubFuRTbgMUsXg RrBlUMzlEzdRa5S1pyiF czjPVxJvSz9DoMc0Y7Vv zwf9ghy1nblZx3HkGhp8 eA2uctxdjBuXDZUrmUHy ul7ierPjffkmvfh4Ylme pST2UibVvaFs7NnElOiM NvfSRypj4POoHWC3jDz3 pxBA1Tii62WPeRWcccVp TkZ4LHIfwKap48xdp8m2 fsCdklolnC3ndvzFtyM3 56ePYTmTGzdOHfvnLEPd BMDtuwGZg1f1rj5A1b3x eO6DzL77RKRtHIXSDRed 9HH5irmCdrqCCezXnJiW BMDtuwGZg1f1rj5A1b3x iLL8Ler2XV3HF8IInEZ7 bBJ5TDHtVrSIxXmQJ63J uabtazFhzr2OrOfWllzO kGhQ3uDjcFA7MLP7UF4W Crbc9OlCoJ9dTIJXXsjb ABk14cfS7j3v5H7oJg69 y1iGOFRKdlQM0ghlotSn VaRx19QfIOvUT5pZyulj kk9hnZxxBFZfHSf7jyEB JfWSVxbK8iOEPzK7FV9x e2usEAoRX2qu6mneHOxg XTJsnlniS8VBeA1RWlnv SQhK0n9L9aixdJxvdeKd aQjUMkqTLL2xI6AuCLxX yjTU6mb0sXWr7Nh8SghO XtOSIksCxQPAzChWtB8x QZIvvAQe1weWyQjLrGi1 GfTqQpqjWivAFXbCN2BL VqBuOSJBVqxMG4rldwQn PUpX9hnq8lCr2MuEM79X vfUng4KWHMI1EW7MPH8O PLyQF48YPXs4LxxIxWHM zPr2hM1BB6QwzrT9Cto2 lrLgTYF7nIsDkEYlxuHz 1crXui4lUlMG7IuTFiXo SpEuZchEqWugbZTYkaxm y3cL4LyhfEAlU1Jj1Xj6 W1IcDWCQWwTCriXsjtm4 zDq8bGYKiSYw3c53IWfw 0lQJttb9mqclt5GB6G6p UvtGaTsTes8Gs4gE8ya3 R87rV3jFUvYuE0RN4Z4a bLojQFXmB5k6r0zKTWYe iRg3oRlKsAtLuOm5tUrC V1NRtDFpLgUvdcMNRDCv cAkwFDH7tSQkP40ewGcD hdzMlRPopi59kMOfpHEo D8EqP7YYAGp7ozDJsFab byF5FvS6RJUrgCsP3o6T Yw0z9L8p6xIk7hgYCgVd CHHJQHxp9VQGraviPBS2 ZzUJWpXUZeO1dCVdodSV jAzyDyaN1mD5Ei1RjCiO mGfIqoDGGajPXw9RvY8S K2vXRMB1uOAo2LiHd1lH QH0BDGvVyxRCKFz8HI8X OyOgefgJfgx6VwEfudZn 88lI6lUbCFloNqfPp9qO VI6bhpg8nr2U3bjLEpMD CxdADQl1Lh5mGQMAravk VI6bhpg8nr2U3bjLEpMD HhITLZSwERe6osGRUBXt z0JVyC97F2sfYOHDsqCd YrtjNlKZcZnAXu7owFPA mczsYYfo4mGnUa8T6O4K XfWllIgv9lA6ZwGuKvLt 7c4FoaFf1TJetsLZUEok 3wnWMN13hDOpLfn819VH pqICMkxXlmeDQjitgIAG VZozLuXR9oTwtUW9knOQ 4mdSIFCsq2HySOzm2H4M km12BN3CByUGmRV2tX7b acwLCbshqBQuYbTzAPRI Ijl4CEfXgYPnLQsaG3l2 jZUUy27kZ3z2uIv0PGPy 4O2VEkN1ftjvLwoNouzB 8tOQbReSdxKFsG9CYbZK YbSp45JPsR0boD7yz5qS 8tOQbReSdxKFsG9CYbZK 1aGCWVuyE8DRxIV204ZW s7HXjvUAOobkeOC6hmGZ 4mRiy2s23Ljl4N4CqEav Ejmw9YVfbgpcODCHCJUP wNmo9den9k6ySqzO7o0M ZDA7k1XMUYTsnmCfuUtR XM2epDdQlzVNrldkM9rh BCVfaQnOCgLubJ23r8nF FhyU3TGCVWgCcMMzAMS1 Xltsv4pWecfDbEIf7wIT N1nCqBhBKMK7yfEHWDsK HR7q1SHXYoV1oWoyahgt pMRS1IvCw1ndT7Ffg1bE Man5mweIdA0oHezvIoTH QMmklR1fA1rnjMsU1WMc 0cfjMDiHCYlJddbR72mX pUShkBWCgx4vSxXmfOcy gjqmwx8KEwk7C9l818J6 fKajGKNXD5NbLKxWiJ47 ssOocUX1m3f6XkTvZtJV mdRWNgW1OXg5UTxZCHoS b2icxuMf1zEyF7ImMEzE HKK5Jm9eHd0V7gvBWuw9 Mf966TmCJF9l0PTKetVd
100
GzkbHop7cJv0CvjQalTE GzkbHop7cJv0CvjQalTE
S0PhmGw8tyUPzxvRSE5R S0PhmGw8tyUPzxvRSE5R
YrtjNlKZcZnAXu7owFPA YrtjNlKZcZnAXu7owFPA
rzYdrZxXnbXlOjFVWVaR rzYdrZxXnbXlOjFVWVaR
1wZce3qjltyIzzlL1Zfw 1wZce3qjltyIzzlL1Zfw
PLyQF48YPXs4LxxIxWHM PLyQF48YPXs4LxxIxWHM
OGxA8YvD4WfIxOfmtWm4 OGxA8YvD4WfIxOfmtWm4
BLgd9OLqnPIJY5LCIxDK BLgd9OLqnPIJY5LCIxDK
VqBuOSJBVqxMG4rldwQn VqBuOSJBVqxMG4rldwQn
4CVQrsejmjPmVL7elf2w 4CVQrsejmjPmVL7elf2w
CLNCAWQgYnzuvt7RChAf CLNCAWQgYnzuvt7RChAf
HKK5Jm9eHd0V7gvBWuw9 HKK5Jm9eHd0V7gvBWuw9
KKiBHd9DTQAd6AZYxlK3 KKiBHd9DTQAd6AZYxlK3
zDq8bGYKiSYw3c53IWfw zDq8bGYKiSYw3c53IWfw
CxdADQl1Lh5mGQMAravk CxdADQl1Lh5mGQMAravk
2bMCdMiNzTpm8a2kNe9G 2bMCdMiNzTpm8a2kNe9G
jAzyDyaN1mD5Ei1RjCiO jAzyDyaN1mD5Ei1RjCiO
Q4jkxyPtGKis0eXik3Gg Q4jkxyPtGKis0eXik3Gg
kGhQ3uDjcFA7MLP7UF4W kGhQ3uDjcFA7MLP7UF4W
byF5FvS6RJUrgCsP3o6T byF5FvS6RJUrgCsP3o6T
ul7ierPjffkmvfh4Ylme ul7ierPjffkmvfh4Ylme
aU4DeG46NC8vRU6N0ahg aU4DeG46NC8vRU6N0ahg
3Yod5nNtIcKNmTtNQ3xH 3Yod5nNtIcKNmTtNQ3xH
NvfSRypj4POoHWC3jDz3 NvfSRypj4POoHWC3jDz3
wNmo9den9k6ySqzO7o0M wNmo9den9k6ySqzO7o0M
b2icxuMf1zEyF7ImMEzE b2icxuMf1zEyF7ImMEzE
kVdbGuYm0jD2q8vsLFHY kVdbGuYm0jD2q8vsLFHY
y3cL4LyhfEAlU1Jj1Xj6 y3cL4LyhfEAlU1Jj1Xj6
Y5ZKsuPbCDUQp5LjPNey Y5ZKsuPbCDUQp5LjPNey
km12BN3CByUGmRV2tX7b km12BN3CByUGmRV2tX7b
p6bp9pYgtaGo4Q50DQAM p6bp9pYgtaGo4Q50DQAM
TkZ4LHIfwKap48xdp8m2 TkZ4LHIfwKap48xdp8m2
JWE9kJZ3fUSBbRtkVScl JWE9kJZ3fUSBbRtkVScl
iRg3oRlKsAtLuOm5tUrC iRg3oRlKsAtLuOm5tUrC
Ad4iMaOuAofXNjJzNKWl Ad4iMaOuAofXNjJzNKWl
czjPVxJvSz9DoMc0Y7Vv czjPVxJvSz9DoMc0Y7Vv
trOoQ3enuOI8GUJqwAMC trOoQ3enuOI8GUJqwAMC
bBJ5TDHtVrSIxXmQJ63J bBJ5TDHtVrSIxXmQJ63J
QMmklR1fA1rnjMsU1WMc QMmklR1fA1rnjMsU1WMc
UvtGaTsTes8Gs4gE8ya3 UvtGaTsTes8Gs4gE8ya3
Xucw5TdPOzp0SQGWHjkE Xucw5TdPOzp0SQGWHjkE
a6uUA0TEdnZwD1b73O9r a6uUA0TEdnZwD1b73O9r
7c4FoaFf1TJetsLZUEok 7c4FoaFf1TJetsLZUEok
N7mkTpLI9Mgh0txBOflw N7mkTpLI9Mgh0txBOflw
Hpniux0SkkA6CliHWNDc Hpniux0SkkA6CliHWNDc
cAkwFDH7tSQkP40ewGcD cAkwFDH7tSQkP40ewGcD
JfzkldRR1w0Y52KBg47D JfzkldRR1w0Y52KBg47D
XfWllIgv9lA6ZwGuKvLt XfWllIgv9lA6ZwGuKvLt
5ebtvAsyAh8vEmm1Z3wm 5ebtvAsyAh8vEmm1Z3wm
fsCdklolnC3ndvzFtyM3 fsCdklolnC3ndvzFtyM3
ZPAxEbVjKWTr0cDqLbA0 ZPAxEbVjKWTr0cDqLbA0
JfWSVxbK8iOEPzK7FV9x JfWSVxbK8iOEPzK7FV9x
GfTqQpqjWivAFXbCN2BL GfTqQpqjWivAFXbCN2BL
AjMqEYKq0eELwsiEhQNE AjMqEYKq0eELwsiEhQNE
aH2XDl7CjGFhEP3bbYjH aH2XDl7CjGFhEP3bbYjH
BCVfaQnOCgLubJ23r8nF BCVfaQnOCgLubJ23r8nF
1crXui4lUlMG7IuTFiXo 1crXui4lUlMG7IuTFiXo
Crbc9OlCoJ9dTIJXXsjb Crbc9OlCoJ9dTIJXXsjb
sSdPSXUotKahf03SRnBn sSdPSXUotKahf03SRnBn
IwnN6xRahpjWnxZTYR2F IwnN6xRahpjWnxZTYR2F
KCy3uvDFe4h3kwRgxFiX KCy3uvDFe4h3kwRgxFiX
lrLgTYF7nIsDkEYlxuHz lrLgTYF7nIsDkEYlxuHz
CHHJQHxp9VQGraviPBS2 CHHJQHxp9VQGraviPBS2
WZxeHszJ2ShfYgJs53YV WZxeHszJ2ShfYgJs53YV
Ic20PkDM6xxefUTvJEIQ Ic20PkDM6xxefUTvJEIQ
flliQzyn5hSC8yLOMyYJ flliQzyn5hSC8yLOMyYJ
bLojQFXmB5k6r0zKTWYe bLojQFXmB5k6r0zKTWYe
1aGCWVuyE8DRxIV204ZW 1aGCWVuyE8DRxIV204ZW
u4VGAkqq00Jhej3knMJI u4VGAkqq00Jhej3knMJI
Yw0z9L8p6xIk7hgYCgVd Yw0z9L8p6xIk7hgYCgVd
TmdW4dU59umpgT9XX8G3 TmdW4dU59umpgT9XX8G3
SQhK0n9L9aixdJxvdeKd SQhK0n9L9aixdJxvdeKd
wtlCpdxHbUUmSY7DnD2u wtlCpdxHbUUmSY7DnD2u
dOWv4G57nxm9UArCvQlq dOWv4G57nxm9UArCvQlq
56ePYTmTGzdOHfvnLEPd 56ePYTmTGzdOHfvnLEPd
HhITLZSwERe6osGRUBXt HhITLZSwERe6osGRUBXt
RrBlUMzlEzdRa5S1pyiF RrBlUMzlEzdRa5S1pyiF
W1IcDWCQWwTCriXsjtm4 W1IcDWCQWwTCriXsjtm4
ydEppVwK15UN0USyP00U ydEppVwK15UN0USyP00U
eA2uctxdjBuXDZUrmUHy eA2uctxdjBuXDZUrmUHy
WQlZty1AKP9gLfjz0EYW WQlZty1AKP9gLfjz0EYW
4mRiy2s23Ljl4N4CqEav 4mRiy2s23Ljl4N4CqEav
ZDA7k1XMUYTsnmCfuUtR ZDA7k1XMUYTsnmCfuUtR
0O3lDJvzYSiuZNzHimQX 0O3lDJvzYSiuZNzHimQX
pxBA1Tii62WPeRWcccVp pxBA1Tii62WPeRWcccVp
BcvYB1mubFuRTbgMUsXg BcvYB1mubFuRTbgMUsXg
TBEGhhvsdStRJh2Eqkyf TBEGhhvsdStRJh2Eqkyf
e2usEAoRX2qu6mneHOxg e2usEAoRX2qu6mneHOxg
tH0lbMmdJDVlC4Pr7uAb tH0lbMmdJDVlC4Pr7uAb
R87rV3jFUvYuE0RN4Z4a R87rV3jFUvYuE0RN4Z4a
jZUUy27kZ3z2uIv0PGPy jZUUy27kZ3z2uIv0PGPy
NtZncVsU7O40k1BXousH NtZncVsU7O40k1BXousH
acwLCbshqBQuYbTzAPRI acwLCbshqBQuYbTzAPRI
QZIvvAQe1weWyQjLrGi1 QZIvvAQe1weWyQjLrGi1
VaRx19QfIOvUT5pZyulj VaRx19QfIOvUT5pZyulj
wyZ3Q4gHyaxpdYdezyjU wyZ3Q4gHyaxpdYdezyjU
OyOgefgJfgx6VwEfudZn OyOgefgJfgx6VwEfudZn
4mdSIFCsq2HySOzm2H4M 4mdSIFCsq2HySOzm2H4M
mGfIqoDGGajPXw9RvY8S mGfIqoDGGajPXw9RvY8S
7ArLVA3N0doHBQAlCDtl 7ArLVA3N0doHBQAlCDtl
