0EzLvznzqSsDTCbR5WWQ KcET1WyqLHLe0WoWjg9K wrf0xNKoLGLKfuhe6hpI NdK8ArCf2MlrWBNZD2Os m5Au4RgVgXhOUKbKSdGW pWBi6tyyRZpOm0dbsZfH cZGUbNgsLGnuZE3Ot20K HET4yE4ksHFmFRytJhfu E0qx1qnBHaTxztHrfCii LTgssryHh3BZe1w1IMJd wyGmGIrbcEWTpb0hhuRQ DTB9kDmUQnvnbA15dyNs ZjpED98yiQMn3rWbS8xE m5Au4RgVgXhOUKbKSdGW 3iRTkaf7suaV2i91D7AI 0t5LNxEUvcjoE0cwwEbN OW93fm7JGxvGIWWhVC1r 75EgdJC8MacBE2zKZlon oEaVwHLjAMvlaIULtgxD hk9ECfFhibg7bmIlco5h TWpWLT2JICvczaB6q8Bo IVZaGmLbfT5MQpxXO2DP EvkNKg3FzDd0NJzzyEt4 j0WEafPmBPNuvhf6ZEsy j7jI3vJM5SWQs3N9YWK4 G1veNpxkPsctj7nF0LnD wr15IrVI9ypnsXqeVJz5 sTkrLjSI0wAyZQvL0L8q N0EmviMgt156P2Bd7oet piNBrUZvBcV7Df1TXrww pv0BsC9reZAUPyAAwfcN i2LSx9yjqfqqgvPEwf0F oFJmSdI9Mubs3awqWY5w 4ZMxz7AKccmgx6JK5gZn kp7zOmTPtP689yQVQHhJ Auo4k9dWSL8IPJ5ZlV3y b69ITlIgTtPRUIpmSw5o YRtAAkfi0YIaAv0XqGni b69ITlIgTtPRUIpmSw5o lEZ0YMvUzTvQYxlTiMir mEX8P8Nbd8sILX8SAXJz WQLrydIe30SyZWUYR0o9 I7VRK3VugXxRlgxCe54Q LtVuPtXkki7L0rCf1ysG idUlMWK1ZaKWh4awCdHY GvCrMaRaSI4vEiFIb0hT idUlMWK1ZaKWh4awCdHY vgcAaadTbDs3lU9Z1t49 K5LnOJV1Zh18kgMnZsVe tnUjNl6cWuoaXQEfxH4p Z66yYaYopYkEhHIEeEpL iVX7TtjHXcE8SyeIBcE6 LS3fS52ozGva9KBtcfZZ 0EzLvznzqSsDTCbR5WWQ
25
j7jI3vJM5SWQs3N9YWK4 j7jI3vJM5SWQs3N9YWK4
lEZ0YMvUzTvQYxlTiMir lEZ0YMvUzTvQYxlTiMir
YRtAAkfi0YIaAv0XqGni YRtAAkfi0YIaAv0XqGni
3iRTkaf7suaV2i91D7AI 3iRTkaf7suaV2i91D7AI
4ZMxz7AKccmgx6JK5gZn 4ZMxz7AKccmgx6JK5gZn
m5Au4RgVgXhOUKbKSdGW m5Au4RgVgXhOUKbKSdGW
oFJmSdI9Mubs3awqWY5w oFJmSdI9Mubs3awqWY5w
I7VRK3VugXxRlgxCe54Q I7VRK3VugXxRlgxCe54Q
LTgssryHh3BZe1w1IMJd LTgssryHh3BZe1w1IMJd
HET4yE4ksHFmFRytJhfu HET4yE4ksHFmFRytJhfu
IVZaGmLbfT5MQpxXO2DP IVZaGmLbfT5MQpxXO2DP
TWpWLT2JICvczaB6q8Bo TWpWLT2JICvczaB6q8Bo
cZGUbNgsLGnuZE3Ot20K cZGUbNgsLGnuZE3Ot20K
hk9ECfFhibg7bmIlco5h hk9ECfFhibg7bmIlco5h
K5LnOJV1Zh18kgMnZsVe K5LnOJV1Zh18kgMnZsVe
vgcAaadTbDs3lU9Z1t49 vgcAaadTbDs3lU9Z1t49
wrf0xNKoLGLKfuhe6hpI wrf0xNKoLGLKfuhe6hpI
idUlMWK1ZaKWh4awCdHY idUlMWK1ZaKWh4awCdHY
LtVuPtXkki7L0rCf1ysG LtVuPtXkki7L0rCf1ysG
pWBi6tyyRZpOm0dbsZfH pWBi6tyyRZpOm0dbsZfH
LS3fS52ozGva9KBtcfZZ LS3fS52ozGva9KBtcfZZ
75EgdJC8MacBE2zKZlon 75EgdJC8MacBE2zKZlon
N0EmviMgt156P2Bd7oet N0EmviMgt156P2Bd7oet
b69ITlIgTtPRUIpmSw5o b69ITlIgTtPRUIpmSw5o
tnUjNl6cWuoaXQEfxH4p tnUjNl6cWuoaXQEfxH4p
