80 56 50 5 34 87 85 7 85 60 15 65 33 59 11 59 17 66 52 26 61 57 17 82 40 9 69 71 1 35 86 21 38 36 76 63 29 16 39 68 44 62 23 24 54 53 58 84 23 29 55 29 63 74 43 47 6 12 6 32 51 28 70 73 20 73 79 19 27 19 67 88 42 2 83 18 14 64 46 22 75 4 30 72 81 13 3 31 77 89 10 78 37 48 41 49 5 50 8 50 25 50 45 50 56 80
43
47 47
40 40
71 71
1 1
15 15
52 52
3 3
31 31
85 85
56 56
9 9
4 4
14 14
42 42
54 54
89 89
46 46
49 49
76 76
37 37
73 73
34 34
20 20
25 25
41 41
79 79
87 87
53 53
5 5
84 84
23 23
68 68
48 48
12 12
6 6
77 77
86 86
59 59
75 75
27 27
33 33
36 36
60 60
