55 57 35 57 173 177 16 4 92 108 177 45 84 12 162 130 151 130 161 11 161 20 89 131 39 121 168 7 138 14 17 14 36 14 110 138 118 149 100 171 125 75 180 85 56 90 60 90 146 191 144 40 42 50 6 113 15 13 15 135 15 113 50 62 179 122 123 61 129 97 109 155 54 127 53 8 44 9 72 9 67 76 52 64 116 134 32 150 49 52 103 167 156 31 30 164 126 34 2 170 27 124 105 183 136 160 178 28 98 114 1 28 172 109 165 109 175 3 18 41 187 99 74 169 73 169 143 77 143 74 99 142 148 79 65 94 144 181 56 139 80 86 102 88 66 43 140 5 58 23 10 70 10 95 163 184 153 22 78 153 157 87 107 69 184 133 166 43 66 174 26 147 112 26 174 66 88 93 154 188 132 24 141 81 128 81 141 24 132 100 149 89 185 182 101 37 55 91 48 33 82 83 137 68 137 111 145 46 25 19 111 176 189 71 189 117 111 137 83 190 186 96 59 104 119 152 59 159 48 63 106 51 120 158 29 38 47 115 21 115 48 55
96
40 40
11 11
140 140
33 33
159 159
97 97
146 146
149 149
12 12
170 170
63 63
119 119
184 184
172 172
81 81
17 17
32 32
91 91
61 61
26 26
27 27
148 148
188 188
78 78
101 101
62 62
45 45
76 76
111 111
133 133
152 152
88 88
185 185
90 90
162 162
182 182
49 49
59 59
58 58
107 107
186 186
189 189
118 118
181 181
74 74
67 67
15 15
29 29
83 83
53 53
41 41
36 36
171 171
134 134
54 54
175 175
177 177
151 151
43 43
116 116
135 135
106 106
105 105
179 179
86 86
158 158
163 163
66 66
131 131
166 166
56 56
115 115
57 57
160 160
137 137
8 8
13 13
109 109
126 126
150 150
42 42
16 16
122 122
71 71
85 85
113 113
20 20
153 153
80 80
77 77
173 173
9 9
30 30
48 48
168 168
114 114
